x	rho	u	p	e
0.00025	1.33327	111.795	149996	281255
0.00075	1.33327	111.795	149996	281255
0.00125	1.33327	111.795	149996	281255
0.00175	1.33327	111.795	149996	281255
0.00225	1.33327	111.795	149996	281255
0.00275	1.33327	111.795	149996	281255
0.00325	1.33327	111.795	149996	281255
0.00375	1.33327	111.795	149996	281255
0.00425	1.33327	111.795	149996	281255
0.00475	1.33327	111.795	149996	281255
0.00525	1.33327	111.795	149996	281255
0.00575	1.33327	111.795	149996	281255
0.00625	1.33327	111.795	149996	281255
0.00675	1.33327	111.795	149996	281255
0.00725	1.33327	111.795	149996	281255
0.00775	1.33327	111.795	149996	281255
0.00825	1.33327	111.795	149996	281255
0.00875	1.33327	111.795	149996	281255
0.00925	1.33327	111.795	149996	281255
0.00975	1.33327	111.795	149996	281255
0.01025	1.33327	111.795	149996	281255
0.01075	1.33327	111.795	149996	281255
0.01125	1.33327	111.795	149996	281255
0.01175	1.33327	111.795	149996	281255
0.01225	1.33327	111.795	149996	281255
0.01275	1.33327	111.795	149996	281255
0.01325	1.33327	111.795	149996	281255
0.01375	1.33327	111.795	149996	281255
0.01425	1.33327	111.795	149996	281255
0.01475	1.33327	111.795	149996	281255
0.01525	1.33327	111.795	149996	281255
0.01575	1.33327	111.795	149996	281255
0.01625	1.33327	111.795	149996	281255
0.01675	1.33327	111.795	149996	281255
0.01725	1.33327	111.795	149996	281255
0.01775	1.33327	111.795	149996	281255
0.01825	1.33327	111.795	149996	281255
0.01875	1.33327	111.795	149996	281255
0.01925	1.33327	111.795	149996	281255
0.01975	1.33327	111.795	149996	281255
0.02025	1.33327	111.795	149996	281255
0.02075	1.33327	111.795	149996	281255
0.02125	1.33327	111.795	149996	281255
0.02175	1.33327	111.795	149996	281255
0.02225	1.33327	111.795	149996	281255
0.02275	1.33327	111.795	149996	281255
0.02325	1.33327	111.795	149996	281255
0.02375	1.33327	111.795	149996	281255
0.02425	1.33327	111.795	149996	281255
0.02475	1.33327	111.795	149996	281255
0.02525	1.33327	111.795	149996	281255
0.02575	1.33327	111.795	149996	281255
0.02625	1.33327	111.795	149996	281255
0.02675	1.33327	111.795	149996	281255
0.02725	1.33327	111.795	149996	281255
0.02775	1.33327	111.795	149996	281255
0.02825	1.33327	111.795	149996	281255
0.02875	1.33327	111.795	149996	281255
0.02925	1.33327	111.795	149996	281255
0.02975	1.33327	111.795	149996	281255
0.03025	1.33327	111.795	149996	281255
0.03075	1.33327	111.795	149996	281255
0.03125	1.33327	111.795	149996	281255
0.03175	1.33327	111.795	149996	281255
0.03225	1.33327	111.795	149996	281255
0.03275	1.33327	111.795	149996	281255
0.03325	1.33327	111.795	149996	281255
0.03375	1.33327	111.795	149996	281255
0.03425	1.33327	111.795	149996	281255
0.03475	1.33327	111.795	149996	281255
0.03525	1.33327	111.795	149996	281255
0.03575	1.33327	111.795	149996	281255
0.03625	1.33327	111.795	149996	281255
0.03675	1.33327	111.795	149996	281255
0.03725	1.33327	111.795	149996	281255
0.03775	1.33327	111.795	149996	281255
0.03825	1.33327	111.795	149996	281255
0.03875	1.33327	111.795	149996	281255
0.03925	1.33327	111.795	149996	281255
0.03975	1.33327	111.795	149996	281255
0.04025	1.33327	111.795	149996	281255
0.04075	1.33327	111.795	149996	281255
0.04125	1.33327	111.795	149996	281255
0.04175	1.33327	111.795	149996	281255
0.04225	1.33327	111.795	149996	281255
0.04275	1.33327	111.795	149996	281255
0.04325	1.33327	111.795	149996	281255
0.04375	1.33327	111.795	149996	281255
0.04425	1.33327	111.795	149996	281255
0.04475	1.33327	111.795	149996	281255
0.04525	1.33327	111.795	149996	281255
0.04575	1.33327	111.795	149996	281255
0.04625	1.33327	111.795	149996	281255
0.04675	1.33327	111.795	149996	281255
0.04725	1.33327	111.795	149996	281255
0.04775	1.33327	111.795	149996	281255
0.04825	1.33327	111.795	149996	281255
0.04875	1.33327	111.795	149996	281255
0.04925	1.33327	111.795	149996	281255
0.04975	1.33327	111.795	149996	281255
0.05025	1.33327	111.795	149996	281255
0.05075	1.33327	111.795	149996	281255
0.05125	1.33327	111.795	149996	281255
0.05175	1.33327	111.795	149996	281255
0.05225	1.33327	111.795	149996	281255
0.05275	1.33327	111.795	149996	281255
0.05325	1.33327	111.795	149996	281255
0.05375	1.33327	111.795	149996	281255
0.05425	1.33327	111.795	149996	281255
0.05475	1.33327	111.795	149996	281255
0.05525	1.33327	111.795	149996	281255
0.05575	1.33327	111.795	149996	281255
0.05625	1.33327	111.795	149996	281255
0.05675	1.33327	111.795	149996	281255
0.05725	1.33327	111.795	149996	281255
0.05775	1.33327	111.795	149996	281255
0.05825	1.33327	111.795	149996	281255
0.05875	1.33327	111.795	149996	281255
0.05925	1.33327	111.795	149996	281255
0.05975	1.33327	111.795	149996	281255
0.06025	1.33327	111.795	149996	281255
0.06075	1.33327	111.795	149996	281255
0.06125	1.33327	111.795	149996	281255
0.06175	1.33327	111.795	149996	281255
0.06225	1.33327	111.795	149996	281255
0.06275	1.33327	111.795	149996	281255
0.06325	1.33327	111.795	149996	281255
0.06375	1.33327	111.795	149996	281255
0.06425	1.33327	111.795	149996	281255
0.06475	1.33327	111.795	149996	281255
0.06525	1.33327	111.795	149996	281255
0.06575	1.33327	111.795	149996	281255
0.06625	1.33327	111.795	149996	281255
0.06675	1.33327	111.795	149996	281255
0.06725	1.33327	111.795	149996	281255
0.06775	1.33327	111.795	149996	281255
0.06825	1.33327	111.795	149996	281255
0.06875	1.33327	111.795	149996	281255
0.06925	1.33327	111.795	149996	281255
0.06975	1.33327	111.795	149996	281255
0.07025	1.33327	111.795	149996	281255
0.07075	1.33327	111.795	149996	281255
0.07125	1.33327	111.795	149996	281255
0.07175	1.33327	111.795	149996	281255
0.07225	1.33327	111.795	149996	281255
0.07275	1.33327	111.795	149996	281255
0.07325	1.33327	111.795	149996	281255
0.07375	1.33327	111.795	149996	281255
0.07425	1.33327	111.795	149996	281255
0.07475	1.33327	111.795	149996	281255
0.07525	1.33327	111.795	149996	281255
0.07575	1.33327	111.795	149996	281255
0.07625	1.33327	111.795	149996	281255
0.07675	1.33327	111.795	149996	281255
0.07725	1.33327	111.795	149996	281255
0.07775	1.33327	111.795	149996	281255
0.07825	1.33327	111.795	149996	281255
0.07875	1.33327	111.795	149996	281255
0.07925	1.33327	111.795	149996	281255
0.07975	1.33327	111.795	149996	281255
0.08025	1.33327	111.795	149996	281255
0.08075	1.33327	111.795	149996	281255
0.08125	1.33327	111.795	149996	281255
0.08175	1.33327	111.795	149996	281255
0.08225	1.33327	111.795	149996	281255
0.08275	1.33327	111.795	149996	281255
0.08325	1.33327	111.795	149996	281255
0.08375	1.33327	111.795	149996	281255
0.08425	1.33327	111.795	149996	281255
0.08475	1.33327	111.795	149996	281255
0.08525	1.33327	111.795	149996	281255
0.08575	1.33327	111.795	149996	281255
0.08625	1.33327	111.795	149996	281255
0.08675	1.33327	111.795	149996	281255
0.08725	1.33327	111.795	149996	281255
0.08775	1.33327	111.795	149996	281255
0.08825	1.33327	111.795	149996	281255
0.08875	1.33327	111.795	149996	281255
0.08925	1.33327	111.795	149996	281255
0.08975	1.33327	111.795	149996	281255
0.09025	1.33327	111.795	149996	281255
0.09075	1.33327	111.795	149996	281255
0.09125	1.33327	111.795	149996	281255
0.09175	1.33327	111.795	149996	281255
0.09225	1.33327	111.795	149996	281255
0.09275	1.33327	111.795	149996	281255
0.09325	1.33327	111.795	149996	281255
0.09375	1.33327	111.795	149996	281255
0.09425	1.33327	111.795	149996	281255
0.09475	1.33327	111.795	149996	281255
0.09525	1.33327	111.795	149996	281255
0.09575	1.33327	111.795	149996	281255
0.09625	1.33327	111.795	149996	281255
0.09675	1.33327	111.795	149996	281255
0.09725	1.33327	111.795	149996	281255
0.09775	1.33327	111.795	149996	281255
0.09825	1.33327	111.795	149996	281255
0.09875	1.33327	111.795	149996	281255
0.09925	1.33327	111.795	149996	281255
0.09975	1.33327	111.795	149996	281255
0.10025	1.33327	111.795	149996	281255
0.10075	1.33327	111.795	149996	281255
0.10125	1.33327	111.795	149996	281255
0.10175	1.33327	111.795	149996	281255
0.10225	1.33327	111.795	149996	281255
0.10275	1.33327	111.795	149996	281255
0.10325	1.33327	111.795	149996	281255
0.10375	1.33327	111.795	149996	281255
0.10425	1.33327	111.795	149996	281255
0.10475	1.33327	111.795	149996	281255
0.10525	1.33327	111.795	149996	281255
0.10575	1.33327	111.795	149996	281255
0.10625	1.33327	111.795	149996	281255
0.10675	1.33327	111.795	149996	281255
0.10725	1.33327	111.795	149996	281255
0.10775	1.33327	111.795	149996	281255
0.10825	1.33327	111.795	149996	281255
0.10875	1.33327	111.795	149996	281255
0.10925	1.33327	111.795	149996	281255
0.10975	1.33327	111.795	149996	281255
0.11025	1.33327	111.795	149996	281255
0.11075	1.33327	111.795	149996	281255
0.11125	1.33327	111.795	149996	281255
0.11175	1.33327	111.795	149996	281255
0.11225	1.33327	111.795	149996	281255
0.11275	1.33327	111.795	149996	281255
0.11325	1.33327	111.795	149996	281255
0.11375	1.33327	111.795	149996	281255
0.11425	1.33327	111.795	149996	281255
0.11475	1.33327	111.795	149996	281255
0.11525	1.33327	111.795	149996	281255
0.11575	1.33327	111.795	149996	281255
0.11625	1.33327	111.795	149996	281255
0.11675	1.33327	111.795	149996	281255
0.11725	1.33327	111.795	149996	281255
0.11775	1.33327	111.795	149996	281255
0.11825	1.33327	111.795	149996	281255
0.11875	1.33327	111.795	149996	281255
0.11925	1.33327	111.795	149996	281255
0.11975	1.33327	111.795	149996	281255
0.12025	1.33327	111.795	149996	281255
0.12075	1.33327	111.795	149996	281255
0.12125	1.33327	111.795	149996	281255
0.12175	1.33327	111.795	149996	281255
0.12225	1.33327	111.795	149996	281255
0.12275	1.33327	111.795	149996	281255
0.12325	1.33327	111.795	149996	281255
0.12375	1.33327	111.795	149996	281255
0.12425	1.33327	111.795	149996	281255
0.12475	1.33327	111.795	149996	281255
0.12525	1.33327	111.795	149996	281255
0.12575	1.33327	111.795	149996	281255
0.12625	1.33327	111.795	149996	281255
0.12675	1.33327	111.795	149996	281255
0.12725	1.33327	111.795	149996	281255
0.12775	1.33327	111.795	149996	281255
0.12825	1.33327	111.795	149996	281255
0.12875	1.33327	111.795	149996	281255
0.12925	1.33327	111.795	149996	281255
0.12975	1.33327	111.795	149996	281255
0.13025	1.33327	111.795	149996	281255
0.13075	1.33327	111.795	149996	281255
0.13125	1.33327	111.795	149996	281255
0.13175	1.33327	111.795	149996	281255
0.13225	1.33327	111.795	149996	281255
0.13275	1.33327	111.795	149996	281255
0.13325	1.33327	111.795	149996	281255
0.13375	1.33327	111.795	149996	281255
0.13425	1.33327	111.795	149996	281255
0.13475	1.33327	111.795	149996	281255
0.13525	1.33327	111.795	149996	281255
0.13575	1.33327	111.795	149996	281255
0.13625	1.33327	111.795	149996	281255
0.13675	1.33327	111.795	149996	281255
0.13725	1.33327	111.795	149996	281255
0.13775	1.33327	111.795	149996	281255
0.13825	1.33327	111.795	149996	281255
0.13875	1.33327	111.795	149996	281255
0.13925	1.33327	111.795	149996	281255
0.13975	1.33327	111.795	149996	281255
0.14025	1.33327	111.795	149996	281255
0.14075	1.33327	111.795	149996	281255
0.14125	1.33327	111.795	149996	281255
0.14175	1.33327	111.795	149996	281255
0.14225	1.33327	111.795	149996	281255
0.14275	1.33327	111.795	149996	281255
0.14325	1.33327	111.795	149996	281255
0.14375	1.33327	111.795	149996	281255
0.14425	1.33327	111.795	149996	281255
0.14475	1.33327	111.795	149996	281255
0.14525	1.33327	111.795	149996	281255
0.14575	1.33327	111.795	149996	281255
0.14625	1.33327	111.795	149996	281255
0.14675	1.33327	111.795	149996	281255
0.14725	1.33327	111.795	149996	281255
0.14775	1.33327	111.795	149996	281255
0.14825	1.33327	111.795	149996	281255
0.14875	1.33327	111.795	149996	281255
0.14925	1.33327	111.795	149996	281255
0.14975	1.33327	111.795	149996	281255
0.15025	1.33327	111.795	149996	281255
0.15075	1.33327	111.795	149996	281255
0.15125	1.33327	111.795	149996	281255
0.15175	1.33327	111.795	149996	281255
0.15225	1.33327	111.795	149996	281255
0.15275	1.33327	111.795	149996	281255
0.15325	1.33327	111.795	149996	281255
0.15375	1.33327	111.795	149996	281255
0.15425	1.33327	111.795	149996	281255
0.15475	1.33327	111.795	149996	281255
0.15525	1.33327	111.795	149996	281255
0.15575	1.33327	111.795	149996	281255
0.15625	1.33327	111.795	149996	281255
0.15675	1.33327	111.795	149996	281255
0.15725	1.33327	111.795	149996	281255
0.15775	1.33327	111.795	149996	281255
0.15825	1.33327	111.795	149996	281255
0.15875	1.33327	111.795	149996	281255
0.15925	1.33327	111.795	149996	281255
0.15975	1.33327	111.795	149996	281255
0.16025	1.33327	111.795	149996	281255
0.16075	1.33327	111.795	149996	281255
0.16125	1.33327	111.795	149996	281255
0.16175	1.33327	111.795	149996	281255
0.16225	1.33327	111.795	149996	281255
0.16275	1.33327	111.795	149996	281255
0.16325	1.33327	111.795	149996	281255
0.16375	1.33327	111.795	149996	281255
0.16425	1.33327	111.795	149996	281255
0.16475	1.33327	111.795	149996	281255
0.16525	1.33327	111.795	149996	281255
0.16575	1.33327	111.795	149996	281255
0.16625	1.33327	111.795	149996	281255
0.16675	1.33327	111.795	149996	281255
0.16725	1.33327	111.795	149996	281255
0.16775	1.33327	111.795	149996	281255
0.16825	1.33327	111.795	149996	281255
0.16875	1.33327	111.795	149996	281255
0.16925	1.33327	111.795	149996	281255
0.16975	1.33327	111.795	149996	281255
0.17025	1.33327	111.795	149996	281255
0.17075	1.33327	111.795	149996	281255
0.17125	1.33327	111.795	149996	281255
0.17175	1.33327	111.795	149996	281255
0.17225	1.33327	111.795	149996	281255
0.17275	1.33327	111.795	149996	281256
0.17325	1.33327	111.795	149996	281256
0.17375	1.33326	111.795	149996	281257
0.17425	1.33326	111.795	149996	281258
0.17475	1.33325	111.795	149996	281259
0.17525	1.33324	111.795	149996	281261
0.17575	1.33323	111.795	149996	281263
0.17625	1.33322	111.795	149996	281266
0.17675	1.3332	111.795	149996	281270
0.17725	1.33317	111.795	149996	281276
0.17775	1.33314	111.795	149996	281283
0.17825	1.33309	111.795	149996	281292
0.17875	1.33304	111.795	149996	281304
0.17925	1.33297	111.795	149996	281319
0.17975	1.33288	111.795	149996	281338
0.18025	1.33277	111.795	149996	281360
0.18075	1.33264	111.795	149996	281388
0.18125	1.33249	111.795	149996	281420
0.18175	1.33231	111.795	149996	281457
0.18225	1.33214	111.795	149996	281493
0.18275	1.33202	111.795	149996	281519
0.18325	1.33193	111.795	149996	281537
0.18375	1.33189	111.795	149996	281547
0.18425	1.33186	111.795	149996	281552
0.18475	1.33186	111.795	149996	281553
0.18525	1.33186	111.795	149996	281553
0.18575	1.33187	111.795	149996	281552
0.18625	1.33188	111.795	149996	281548
0.18675	1.33192	111.795	149996	281540
0.18725	1.33197	111.795	149996	281529
0.18775	1.33205	111.795	149996	281512
0.18825	1.33216	111.795	149996	281490
0.18875	1.33229	111.795	149996	281462
0.18925	1.33245	111.795	149996	281429
0.18975	1.33261	111.795	149996	281393
0.19025	1.33275	111.795	149996	281364
0.19075	1.33286	111.795	149996	281341
0.19125	1.33295	111.795	149996	281323
0.19175	1.33302	111.795	149996	281308
0.19225	1.33307	111.795	149996	281297
0.19275	1.33311	111.795	149996	281288
0.19325	1.33314	111.795	149996	281281
0.19375	1.33317	111.795	149996	281276
0.19425	1.33319	111.795	149996	281272
0.19475	1.33321	111.795	149996	281268
0.19525	1.33322	111.795	149996	281265
0.19575	1.33323	111.795	149996	281263
0.19625	1.33324	111.795	149996	281261
0.19675	1.33325	111.795	149996	281259
0.19725	1.33326	111.795	149996	281258
0.19775	1.33326	111.795	149996	281256
0.19825	1.33327	111.795	149996	281255
0.19875	1.33327	111.795	149996	281254
0.19925	1.33328	111.795	149996	281254
0.19975	1.33328	111.795	149996	281253
0.20025	1.33328	111.795	149996	281252
0.20075	1.33328	111.795	149996	281252
0.20125	1.33329	111.795	149996	281251
0.20175	1.33329	111.795	149996	281251
0.20225	1.33329	111.795	149996	281251
0.20275	1.33329	111.795	149996	281250
0.20325	1.33329	111.795	149996	281250
0.20375	1.33329	111.795	149996	281250
0.20425	1.3333	111.795	149996	281250
0.20475	1.3333	111.795	149996	281249
0.20525	1.3333	111.795	149996	281249
0.20575	1.3333	111.795	149996	281249
0.20625	1.3333	111.795	149996	281249
0.20675	1.3333	111.795	149996	281249
0.20725	1.3333	111.795	149996	281249
0.20775	1.3333	111.795	149996	281249
0.20825	1.3333	111.795	149996	281248
0.20875	1.3333	111.795	149996	281248
0.20925	1.3333	111.795	149996	281248
0.20975	1.3333	111.795	149996	281248
0.21025	1.3333	111.795	149996	281248
0.21075	1.3333	111.795	149996	281248
0.21125	1.3333	111.795	149996	281248
0.21175	1.3333	111.795	149996	281248
0.21225	1.3333	111.795	149996	281248
0.21275	1.3333	111.795	149996	281248
0.21325	1.3333	111.795	149996	281248
0.21375	1.3333	111.795	149996	281248
0.21425	1.3333	111.795	149996	281248
0.21475	1.3333	111.795	149996	281248
0.21525	1.3333	111.795	149996	281248
0.21575	1.3333	111.795	149996	281248
0.21625	1.3333	111.795	149996	281248
0.21675	1.3333	111.795	149996	281248
0.21725	1.3333	111.795	149996	281248
0.21775	1.3333	111.795	149996	281248
0.21825	1.3333	111.795	149996	281248
0.21875	1.33331	111.795	149996	281248
0.21925	1.33331	111.795	149996	281248
0.21975	1.33331	111.795	149996	281248
0.22025	1.33331	111.795	149996	281248
0.22075	1.33331	111.795	149996	281248
0.22125	1.33331	111.795	149996	281248
0.22175	1.33331	111.795	149996	281248
0.22225	1.33331	111.795	149996	281248
0.22275	1.33331	111.795	149996	281248
0.22325	1.33331	111.795	149996	281248
0.22375	1.33331	111.795	149996	281248
0.22425	1.33331	111.795	149996	281248
0.22475	1.33331	111.795	149996	281248
0.22525	1.33331	111.795	149996	281248
0.22575	1.33331	111.795	149996	281248
0.22625	1.33331	111.795	149996	281248
0.22675	1.33331	111.795	149996	281248
0.22725	1.33331	111.795	149996	281248
0.22775	1.33331	111.795	149996	281248
0.22825	1.33331	111.795	149996	281248
0.22875	1.33331	111.795	149996	281248
0.22925	1.33331	111.795	149996	281248
0.22975	1.33331	111.795	149996	281248
0.23025	1.33331	111.795	149996	281248
0.23075	1.33331	111.795	149996	281248
0.23125	1.33331	111.795	149996	281248
0.23175	1.33331	111.795	149996	281248
0.23225	1.33331	111.795	149996	281248
0.23275	1.33331	111.795	149996	281248
0.23325	1.33331	111.795	149996	281247
0.23375	1.33331	111.795	149996	281247
0.23425	1.33331	111.795	149996	281247
0.23475	1.33331	111.795	149996	281247
0.23525	1.33331	111.795	149996	281247
0.23575	1.33331	111.795	149996	281247
0.23625	1.33331	111.795	149996	281247
0.23675	1.33331	111.795	149996	281247
0.23725	1.33331	111.795	149996	281247
0.23775	1.33331	111.795	149996	281247
0.23825	1.33331	111.795	149996	281248
0.23875	1.33331	111.795	149996	281248
0.23925	1.33331	111.795	149996	281248
0.23975	1.33331	111.795	149996	281248
0.24025	1.33331	111.795	149996	281248
0.24075	1.33331	111.795	149996	281248
0.24125	1.33331	111.795	149996	281248
0.24175	1.33331	111.795	149996	281248
0.24225	1.33331	111.795	149996	281247
0.24275	1.33331	111.795	149996	281247
0.24325	1.33331	111.795	149996	281247
0.24375	1.33331	111.795	149996	281247
0.24425	1.33331	111.795	149996	281247
0.24475	1.33331	111.795	149996	281247
0.24525	1.33331	111.795	149996	281247
0.24575	1.33331	111.795	149996	281247
0.24625	1.33331	111.795	149996	281247
0.24675	1.33331	111.795	149996	281247
0.24725	1.33331	111.795	149996	281247
0.24775	1.33331	111.795	149996	281247
0.24825	1.33331	111.795	149996	281247
0.24875	1.33331	111.795	149996	281247
0.24925	1.33331	111.795	149996	281247
0.24975	1.33331	111.795	149996	281247
0.25025	1.33331	111.795	149996	281247
0.25075	1.33331	111.795	149996	281248
0.25125	1.33331	111.795	149996	281248
0.25175	1.33331	111.795	149996	281248
0.25225	1.33331	111.795	149996	281248
0.25275	1.33331	111.795	149996	281248
0.25325	1.33331	111.795	149996	281248
0.25375	1.33331	111.795	149996	281248
0.25425	1.33331	111.795	149996	281248
0.25475	1.33331	111.795	149996	281248
0.25525	1.33331	111.795	149996	281248
0.25575	1.33331	111.795	149996	281247
0.25625	1.33331	111.795	149996	281247
0.25675	1.33331	111.795	149996	281247
0.25725	1.33331	111.795	149996	281247
0.25775	1.33331	111.795	149996	281247
0.25825	1.33331	111.795	149996	281247
0.25875	1.33331	111.795	149996	281247
0.25925	1.33331	111.795	149996	281247
0.25975	1.33331	111.795	149996	281247
0.26025	1.33331	111.795	149996	281247
0.26075	1.33331	111.795	149996	281247
0.26125	1.33331	111.795	149996	281247
0.26175	1.33331	111.795	149996	281247
0.26225	1.33331	111.795	149996	281247
0.26275	1.33331	111.795	149996	281248
0.26325	1.33331	111.795	149996	281248
0.26375	1.33331	111.795	149996	281248
0.26425	1.33331	111.795	149996	281248
0.26475	1.33331	111.795	149996	281248
0.26525	1.33331	111.795	149996	281248
0.26575	1.33331	111.795	149996	281248
0.26625	1.33331	111.795	149996	281248
0.26675	1.33331	111.795	149996	281248
0.26725	1.33331	111.795	149996	281248
0.26775	1.33331	111.795	149996	281248
0.26825	1.33331	111.795	149996	281247
0.26875	1.33331	111.795	149996	281247
0.26925	1.33331	111.795	149996	281247
0.26975	1.33331	111.795	149996	281247
0.27025	1.33331	111.795	149996	281247
0.27075	1.33331	111.795	149996	281247
0.27125	1.33331	111.795	149996	281247
0.27175	1.33331	111.795	149996	281247
0.27225	1.33331	111.795	149996	281247
0.27275	1.33331	111.795	149996	281247
0.27325	1.33331	111.795	149996	281247
0.27375	1.33331	111.795	149996	281247
0.27425	1.33331	111.795	149996	281247
0.27475	1.33331	111.795	149996	281247
0.27525	1.33331	111.795	149996	281247
0.27575	1.33331	111.795	149996	281247
0.27625	1.33331	111.795	149996	281247
0.27675	1.33331	111.795	149996	281248
0.27725	1.33331	111.795	149996	281248
0.27775	1.33331	111.795	149996	281248
0.27825	1.33331	111.795	149996	281247
0.27875	1.33331	111.795	149996	281247
0.27925	1.33331	111.795	149996	281247
0.27975	1.33331	111.795	149996	281247
0.28025	1.33331	111.795	149996	281247
0.28075	1.33331	111.795	149996	281248
0.28125	1.33331	111.795	149996	281248
0.28175	1.33331	111.795	149996	281248
0.28225	1.33331	111.795	149996	281248
0.28275	1.33331	111.795	149996	281247
0.28325	1.33331	111.795	149996	281247
0.28375	1.33331	111.795	149996	281247
0.28425	1.33331	111.795	149996	281247
0.28475	1.33331	111.795	149996	281247
0.28525	1.33331	111.795	149996	281247
0.28575	1.33331	111.795	149996	281247
0.28625	1.33331	111.795	149996	281247
0.28675	1.33331	111.795	149996	281247
0.28725	1.33331	111.795	149996	281247
0.28775	1.33331	111.795	149996	281247
0.28825	1.33331	111.795	149996	281247
0.28875	1.33331	111.795	149996	281247
0.28925	1.33331	111.795	149996	281247
0.28975	1.33331	111.795	149996	281247
0.29025	1.33331	111.795	149996	281247
0.29075	1.33331	111.795	149996	281247
0.29125	1.33331	111.795	149996	281247
0.29175	1.33331	111.795	149996	281248
0.29225	1.33331	111.795	149996	281248
0.29275	1.33331	111.795	149996	281248
0.29325	1.33331	111.795	149996	281248
0.29375	1.33331	111.795	149996	281248
0.29425	1.33331	111.795	149996	281248
0.29475	1.33331	111.795	149996	281248
0.29525	1.33331	111.795	149996	281247
0.29575	1.33331	111.795	149996	281247
0.29625	1.33331	111.795	149996	281247
0.29675	1.33331	111.795	149996	281247
0.29725	1.33331	111.795	149996	281247
0.29775	1.33331	111.795	149996	281247
0.29825	1.33331	111.795	149996	281247
0.29875	1.33331	111.795	149996	281247
0.29925	1.33331	111.795	149996	281247
0.29975	1.33331	111.795	149996	281247
0.30025	1.33331	111.795	149996	281247
0.30075	1.33331	111.795	149996	281247
0.30125	1.33331	111.795	149996	281247
0.30175	1.33331	111.795	149996	281247
0.30225	1.33331	111.795	149996	281247
0.30275	1.33331	111.795	149996	281247
0.30325	1.33331	111.795	149996	281247
0.30375	1.33331	111.795	149996	281248
0.30425	1.33331	111.795	149996	281248
0.30475	1.33331	111.795	149996	281248
0.30525	1.33331	111.795	149996	281248
0.30575	1.33331	111.795	149996	281248
0.30625	1.33331	111.795	149996	281248
0.30675	1.33331	111.795	149996	281248
0.30725	1.33331	111.795	149996	281247
0.30775	1.33331	111.795	149996	281247
0.30825	1.33331	111.795	149996	281247
0.30875	1.33331	111.795	149996	281247
0.30925	1.33331	111.795	149996	281247
0.30975	1.33331	111.795	149996	281247
0.31025	1.33331	111.795	149996	281247
0.31075	1.33331	111.795	149996	281247
0.31125	1.33331	111.795	149996	281247
0.31175	1.33331	111.795	149996	281247
0.31225	1.33331	111.795	149996	281247
0.31275	1.33331	111.795	149996	281247
0.31325	1.33331	111.795	149996	281247
0.31375	1.33331	111.795	149996	281247
0.31425	1.33331	111.795	149996	281247
0.31475	1.33331	111.795	149996	281247
0.31525	1.33331	111.795	149996	281248
0.31575	1.33331	111.795	149996	281248
0.31625	1.33331	111.795	149996	281248
0.31675	1.33331	111.795	149996	281248
0.31725	1.33331	111.795	149996	281248
0.31775	1.33331	111.795	149996	281248
0.31825	1.33331	111.795	149996	281248
0.31875	1.33331	111.795	149996	281248
0.31925	1.33331	111.795	149996	281248
0.31975	1.33331	111.795	149996	281248
0.32025	1.33331	111.795	149996	281247
0.32075	1.33331	111.795	149996	281247
0.32125	1.33331	111.795	149996	281247
0.32175	1.33331	111.795	149996	281247
0.32225	1.33331	111.795	149996	281247
0.32275	1.33331	111.795	149996	281247
0.32325	1.33331	111.795	149996	281247
0.32375	1.33331	111.795	149996	281247
0.32425	1.33331	111.795	149996	281247
0.32475	1.33331	111.795	149996	281247
0.32525	1.33331	111.795	149996	281247
0.32575	1.33331	111.795	149996	281247
0.32625	1.33331	111.795	149996	281247
0.32675	1.33331	111.795	149996	281247
0.32725	1.33331	111.795	149996	281247
0.32775	1.33331	111.795	149996	281247
0.32825	1.33331	111.795	149996	281248
0.32875	1.33331	111.795	149996	281248
0.32925	1.33331	111.795	149996	281248
0.32975	1.33331	111.795	149996	281248
0.33025	1.33331	111.795	149996	281248
0.33075	1.33331	111.795	149996	281248
0.33125	1.33331	111.795	149996	281248
0.33175	1.33331	111.795	149996	281248
0.33225	1.33331	111.795	149996	281248
0.33275	1.33331	111.795	149996	281247
0.33325	1.33331	111.795	149996	281247
0.33375	1.33331	111.795	149996	281247
0.33425	1.33331	111.795	149996	281247
0.33475	1.33331	111.795	149996	281247
0.33525	1.33331	111.795	149996	281247
0.33575	1.33331	111.795	149996	281247
0.33625	1.33331	111.795	149996	281247
0.33675	1.33331	111.795	149996	281247
0.33725	1.33331	111.795	149996	281247
0.33775	1.33331	111.795	149996	281247
0.33825	1.33331	111.795	149996	281247
0.33875	1.33331	111.795	149996	281247
0.33925	1.33331	111.795	149996	281247
0.33975	1.33331	111.795	149996	281247
0.34025	1.33331	111.795	149996	281247
0.34075	1.33331	111.795	149996	281248
0.34125	1.33331	111.795	149996	281248
0.34175	1.33331	111.795	149996	281248
0.34225	1.33331	111.795	149996	281248
0.34275	1.33331	111.795	149996	281248
0.34325	1.33331	111.795	149996	281248
0.34375	1.33331	111.795	149996	281247
0.34425	1.33331	111.795	149996	281247
0.34475	1.33331	111.795	149996	281247
0.34525	1.33331	111.795	149996	281248
0.34575	1.33331	111.795	149996	281248
0.34625	1.33331	111.795	149996	281248
0.34675	1.33331	111.795	149996	281248
0.34725	1.33331	111.795	149996	281248
0.34775	1.33331	111.795	149996	281248
0.34825	1.33331	111.795	149996	281247
0.34875	1.33331	111.795	149996	281247
0.34925	1.33331	111.795	149996	281247
0.34975	1.33331	111.795	149996	281247
0.35025	1.33331	111.795	149996	281247
0.35075	1.33331	111.795	149996	281247
0.35125	1.33331	111.795	149996	281247
0.35175	1.33331	111.795	149996	281247
0.35225	1.33331	111.795	149996	281247
0.35275	1.33331	111.795	149996	281247
0.35325	1.33331	111.795	149996	281248
0.35375	1.33331	111.795	149996	281247
0.35425	1.33331	111.795	149996	281247
0.35475	1.33331	111.795	149996	281247
0.35525	1.33331	111.795	149996	281247
0.35575	1.33331	111.795	149996	281247
0.35625	1.33331	111.795	149996	281247
0.35675	1.33331	111.795	149996	281247
0.35725	1.33331	111.795	149996	281247
0.35775	1.33331	111.795	149996	281247
0.35825	1.33331	111.795	149996	281247
0.35875	1.33331	111.795	149996	281248
0.35925	1.33331	111.795	149996	281247
0.35975	1.33331	111.795	149996	281247
0.36025	1.33331	111.795	149996	281247
0.36075	1.33331	111.795	149996	281247
0.36125	1.33331	111.795	149996	281247
0.36175	1.33331	111.795	149996	281247
0.36225	1.33331	111.795	149996	281247
0.36275	1.33331	111.795	149996	281247
0.36325	1.33331	111.795	149996	281247
0.36375	1.33331	111.795	149996	281247
0.36425	1.33331	111.795	149996	281247
0.36475	1.33331	111.795	149996	281247
0.36525	1.33331	111.795	149996	281247
0.36575	1.33331	111.795	149996	281247
0.36625	1.33331	111.795	149996	281247
0.36675	1.33331	111.795	149996	281247
0.36725	1.33331	111.795	149996	281247
0.36775	1.33331	111.795	149996	281247
0.36825	1.33331	111.795	149996	281247
0.36875	1.33331	111.795	149996	281248
0.36925	1.33331	111.795	149996	281248
0.36975	1.33331	111.795	149996	281248
0.37025	1.33331	111.795	149996	281248
0.37075	1.33331	111.795	149996	281248
0.37125	1.33331	111.795	149996	281248
0.37175	1.33331	111.795	149996	281248
0.37225	1.33331	111.795	149996	281247
0.37275	1.33331	111.795	149996	281247
0.37325	1.33331	111.795	149996	281247
0.37375	1.33331	111.795	149996	281247
0.37425	1.33331	111.795	149996	281247
0.37475	1.33331	111.795	149996	281247
0.37525	1.33331	111.795	149996	281247
0.37575	1.33331	111.795	149996	281247
0.37625	1.33331	111.795	149996	281247
0.37675	1.33331	111.795	149996	281247
0.37725	1.33331	111.795	149996	281247
0.37775	1.33331	111.795	149996	281247
0.37825	1.33331	111.795	149996	281247
0.37875	1.33331	111.795	149996	281247
0.37925	1.33331	111.795	149996	281247
0.37975	1.33331	111.795	149996	281247
0.38025	1.33331	111.795	149996	281248
0.38075	1.33331	111.795	149996	281248
0.38125	1.33331	111.795	149996	281248
0.38175	1.33331	111.795	149996	281248
0.38225	1.33331	111.795	149996	281248
0.38275	1.33331	111.795	149996	281248
0.38325	1.33331	111.795	149996	281248
0.38375	1.33331	111.795	149996	281248
0.38425	1.33331	111.795	149996	281248
0.38475	1.33331	111.795	149996	281247
0.38525	1.33331	111.795	149996	281247
0.38575	1.33331	111.795	149996	281247
0.38625	1.33331	111.795	149996	281247
0.38675	1.33331	111.795	149996	281247
0.38725	1.33331	111.795	149996	281247
0.38775	1.33331	111.795	149996	281247
0.38825	1.33331	111.795	149996	281247
0.38875	1.33331	111.795	149996	281247
0.38925	1.33331	111.795	149996	281247
0.38975	1.33331	111.795	149996	281247
0.39025	1.33331	111.795	149996	281247
0.39075	1.33331	111.795	149996	281247
0.39125	1.33331	111.795	149996	281247
0.39175	1.33331	111.795	149996	281247
0.39225	1.33331	111.795	149996	281247
0.39275	1.33331	111.795	149996	281248
0.39325	1.33331	111.795	149996	281248
0.39375	1.33331	111.795	149996	281248
0.39425	1.33331	111.795	149996	281248
0.39475	1.33331	111.795	149996	281248
0.39525	1.33331	111.795	149996	281248
0.39575	1.33331	111.795	149996	281248
0.39625	1.33331	111.795	149996	281248
0.39675	1.33331	111.795	149996	281248
0.39725	1.33331	111.795	149996	281247
0.39775	1.33331	111.795	149996	281247
0.39825	1.33331	111.795	149996	281247
0.39875	1.33331	111.795	149996	281247
0.39925	1.33331	111.795	149996	281247
0.39975	1.33331	111.795	149996	281247
0.40025	1.33331	111.795	149996	281248
0.40075	1.33331	111.795	149996	281247
0.40125	1.33331	111.795	149996	281247
0.40175	1.33331	111.795	149996	281247
0.40225	1.33331	111.795	149996	281247
0.40275	1.33331	111.795	149996	281247
0.40325	1.33331	111.795	149996	281247
0.40375	1.33331	111.795	149996	281247
0.40425	1.33331	111.795	149996	281247
0.40475	1.33331	111.795	149996	281247
0.40525	1.33331	111.795	149996	281248
0.40575	1.33331	111.795	149996	281248
0.40625	1.33331	111.795	149996	281248
0.40675	1.33331	111.795	149996	281248
0.40725	1.33331	111.795	149996	281248
0.40775	1.33331	111.795	149996	281248
0.40825	1.33331	111.795	149996	281247
0.40875	1.33331	111.795	149996	281247
0.40925	1.33331	111.795	149996	281247
0.40975	1.33331	111.795	149996	281247
0.41025	1.33331	111.795	149996	281247
0.41075	1.33331	111.795	149996	281248
0.41125	1.33331	111.795	149996	281248
0.41175	1.33331	111.795	149996	281248
0.41225	1.33331	111.795	149996	281248
0.41275	1.33331	111.795	149996	281248
0.41325	1.33331	111.795	149996	281248
0.41375	1.33331	111.795	149996	281247
0.41425	1.33331	111.795	149996	281247
0.41475	1.33331	111.795	149996	281247
0.41525	1.33331	111.795	149996	281247
0.41575	1.33331	111.795	149996	281247
0.41625	1.33331	111.795	149996	281247
0.41675	1.33331	111.795	149996	281247
0.41725	1.33331	111.795	149996	281247
0.41775	1.33331	111.795	149996	281247
0.41825	1.33331	111.795	149996	281247
0.41875	1.33331	111.795	149996	281247
0.41925	1.33331	111.795	149996	281247
0.41975	1.33331	111.795	149996	281247
0.42025	1.33331	111.795	149996	281247
0.42075	1.33331	111.795	149996	281247
0.42125	1.33331	111.795	149996	281247
0.42175	1.33331	111.795	149996	281247
0.42225	1.33331	111.795	149996	281247
0.42275	1.33331	111.795	149996	281248
0.42325	1.33331	111.795	149996	281248
0.42375	1.33331	111.795	149996	281248
0.42425	1.33331	111.795	149996	281248
0.42475	1.33331	111.795	149996	281247
0.42525	1.33331	111.795	149996	281247
0.42575	1.33331	111.795	149996	281247
0.42625	1.33331	111.795	149996	281247
0.42675	1.33331	111.795	149996	281247
0.42725	1.33331	111.795	149996	281247
0.42775	1.33331	111.795	149996	281247
0.42825	1.33331	111.795	149996	281247
0.42875	1.33331	111.795	149996	281247
0.42925	1.33331	111.795	149996	281247
0.42975	1.33331	111.795	149996	281248
0.43025	1.33331	111.795	149996	281248
0.43075	1.33331	111.795	149996	281247
0.43125	1.33331	111.795	149996	281247
0.43175	1.33331	111.795	149996	281247
0.43225	1.33331	111.795	149996	281247
0.43275	1.33331	111.795	149995	281247
0.43325	1.3333	111.795	149995	281247
0.43375	1.3333	111.795	149995	281247
0.43425	1.3333	111.796	149995	281247
0.43475	1.3333	111.797	149994	281247
0.43525	1.33329	111.799	149994	281246
0.43575	1.33328	111.802	149992	281246
0.43625	1.33326	111.807	149989	281244
0.43675	1.33324	111.816	149984	281242
0.43725	1.33319	111.831	149977	281237
0.43775	1.33311	111.854	149964	281231
0.43825	1.33298	111.892	149944	281220
0.43875	1.33279	111.949	149914	281204
0.43925	1.3325	112.036	149868	281179
0.43975	1.33207	112.163	149801	281143
0.44025	1.33146	112.345	149705	281092
0.44075	1.33061	112.598	149571	281020
0.44125	1.32947	112.939	149391	280923
0.44175	1.32796	113.388	149155	280796
0.44225	1.32604	113.961	148853	280634
0.44275	1.32367	114.672	148479	280433
0.44325	1.32079	115.533	148029	280189
0.44375	1.31742	116.546	147499	279902
0.44425	1.31354	117.712	146893	279573
0.44475	1.3092	119.022	146213	279203
0.44525	1.30442	120.468	145466	278795
0.44575	1.29925	122.035	144660	278353
0.44625	1.29374	123.711	143802	277880
0.44675	1.28794	125.483	142901	277382
0.44725	1.28188	127.34	141960	276859
0.44775	1.2756	129.275	140987	276315
0.44825	1.2693	131.224	140012	275767
0.44875	1.26309	133.15	139054	275227
0.44925	1.25698	135.052	138113	274694
0.44975	1.25097	136.93	137191	274168
0.45025	1.24508	138.78	136286	273650
0.45075	1.2393	140.599	135402	273142
0.45125	1.23366	142.382	134540	272644
0.45175	1.22818	144.122	133704	272159
0.45225	1.22287	145.811	132896	271688
0.45275	1.21778	147.439	132121	271235
0.45325	1.21292	148.995	131385	270802
0.45375	1.20835	150.465	130692	270393
0.45425	1.2041	151.837	130048	270012
0.45475	1.2002	153.098	129459	269662
0.45525	1.19668	154.236	128929	269346
0.45575	1.19358	155.244	128461	269066
0.45625	1.1909	156.116	128058	268825
0.45675	1.18864	156.852	127718	268621
0.45725	1.18679	157.458	127439	268453
0.45775	1.18531	157.943	127216	268319
0.45825	1.18415	158.32	127043	268214
0.45875	1.18328	158.605	126912	268136
0.45925	1.18265	158.814	126816	268078
0.45975	1.18219	158.962	126748	268037
0.46025	1.18188	159.065	126702	268008
0.46075	1.18167	159.133	126670	267989
0.46125	1.18153	159.178	126649	267977
0.46175	1.18145	159.207	126636	267969
0.46225	1.18139	159.224	126628	267964
0.46275	1.18136	159.235	126623	267961
0.46325	1.18134	159.241	126621	267960
0.46375	1.18133	159.245	126619	267959
0.46425	1.18132	159.247	126618	267958
0.46475	1.18132	159.248	126617	267958
0.46525	1.18132	159.249	126617	267957
0.46575	1.18132	159.249	126617	267957
0.46625	1.18131	159.25	126617	267957
0.46675	1.18131	159.25	126617	267957
0.46725	1.18131	159.25	126617	267957
0.46775	1.18131	159.25	126617	267957
0.46825	1.18131	159.25	126617	267957
0.46875	1.18131	159.25	126617	267957
0.46925	1.18131	159.25	126617	267957
0.46975	1.18131	159.25	126617	267957
0.47025	1.18131	159.25	126617	267957
0.47075	1.18131	159.25	126617	267957
0.47125	1.18131	159.25	126617	267957
0.47175	1.18131	159.25	126617	267957
0.47225	1.18131	159.25	126617	267957
0.47275	1.18131	159.25	126616	267957
0.47325	1.18131	159.25	126616	267957
0.47375	1.18131	159.251	126616	267957
0.47425	1.18131	159.251	126616	267957
0.47475	1.18131	159.251	126616	267957
0.47525	1.18131	159.251	126616	267957
0.47575	1.18131	159.251	126616	267957
0.47625	1.18131	159.251	126616	267957
0.47675	1.18131	159.251	126616	267957
0.47725	1.18131	159.251	126616	267957
0.47775	1.18131	159.251	126616	267957
0.47825	1.18131	159.251	126616	267957
0.47875	1.18131	159.251	126616	267957
0.47925	1.18131	159.251	126616	267957
0.47975	1.18131	159.251	126616	267958
0.48025	1.18131	159.251	126616	267958
0.48075	1.18131	159.251	126616	267958
0.48125	1.18131	159.251	126616	267958
0.48175	1.18131	159.252	126616	267958
0.48225	1.1813	159.252	126616	267957
0.48275	1.1813	159.252	126616	267957
0.48325	1.1813	159.252	126616	267957
0.48375	1.1813	159.252	126615	267957
0.48425	1.1813	159.253	126615	267957
0.48475	1.1813	159.253	126615	267957
0.48525	1.1813	159.253	126615	267957
0.48575	1.1813	159.253	126615	267957
0.48625	1.1813	159.253	126615	267958
0.48675	1.1813	159.252	126615	267958
0.48725	1.1813	159.252	126615	267958
0.48775	1.1813	159.252	126615	267958
0.48825	1.1813	159.253	126615	267958
0.48875	1.1813	159.253	126615	267958
0.48925	1.1813	159.253	126615	267958
0.48975	1.1813	159.253	126615	267958
0.49025	1.1813	159.253	126615	267958
0.49075	1.1813	159.253	126615	267958
0.49125	1.1813	159.254	126615	267958
0.49175	1.1813	159.254	126615	267958
0.49225	1.1813	159.254	126615	267958
0.49275	1.1813	159.254	126615	267958
0.49325	1.18129	159.254	126615	267958
0.49375	1.18129	159.253	126615	267958
0.49425	1.18129	159.253	126615	267958
0.49475	1.18129	159.253	126615	267958
0.49525	1.18129	159.253	126615	267958
0.49575	1.18129	159.253	126615	267958
0.49625	1.18129	159.253	126615	267958
0.49675	1.18129	159.254	126615	267958
0.49725	1.18129	159.254	126615	267958
0.49775	1.18129	159.254	126615	267958
0.49825	1.18129	159.254	126615	267958
0.49875	1.18129	159.254	126615	267958
0.49925	1.18129	159.254	126615	267959
0.49975	1.18129	159.254	126615	267959
0.50025	1.18129	159.254	126615	267959
0.50075	1.18129	159.254	126615	267959
0.50125	1.18129	159.254	126615	267959
0.50175	1.18129	159.254	126615	267959
0.50225	1.18129	159.254	126615	267959
0.50275	1.18129	159.254	126615	267959
0.50325	1.18129	159.254	126615	267959
0.50375	1.18129	159.254	126615	267959
0.50425	1.18129	159.254	126615	267959
0.50475	1.18129	159.254	126615	267959
0.50525	1.18129	159.254	126615	267960
0.50575	1.18128	159.254	126615	267960
0.50625	1.18128	159.254	126615	267960
0.50675	1.18128	159.254	126615	267960
0.50725	1.18128	159.254	126615	267960
0.50775	1.18128	159.254	126615	267961
0.50825	1.18128	159.254	126615	267961
0.50875	1.18128	159.254	126615	267961
0.50925	1.18128	159.254	126615	267961
0.50975	1.18128	159.254	126615	267961
0.51025	1.18128	159.254	126615	267961
0.51075	1.18128	159.254	126615	267961
0.51125	1.18128	159.254	126615	267961
0.51175	1.18128	159.254	126615	267962
0.51225	1.18127	159.254	126615	267962
0.51275	1.18127	159.254	126615	267962
0.51325	1.18127	159.254	126615	267962
0.51375	1.18127	159.254	126615	267963
0.51425	1.18127	159.254	126615	267963
0.51475	1.18127	159.254	126615	267963
0.51525	1.18127	159.254	126615	267964
0.51575	1.18126	159.254	126614	267964
0.51625	1.18126	159.254	126614	267964
0.51675	1.18126	159.254	126614	267964
0.51725	1.18126	159.254	126614	267965
0.51775	1.18126	159.254	126614	267965
0.51825	1.18126	159.254	126615	267965
0.51875	1.18126	159.254	126615	267966
0.51925	1.18125	159.254	126615	267966
0.51975	1.18125	159.254	126615	267967
0.52025	1.18125	159.254	126615	267968
0.52075	1.18125	159.254	126615	267968
0.52125	1.18124	159.254	126615	267969
0.52175	1.18124	159.254	126615	267970
0.52225	1.18124	159.254	126615	267970
0.52275	1.18123	159.254	126615	267971
0.52325	1.18123	159.254	126615	267972
0.52375	1.18123	159.254	126615	267973
0.52425	1.18122	159.254	126615	267974
0.52475	1.18121	159.254	126614	267976
0.52525	1.1812	159.254	126614	267978
0.52575	1.18119	159.254	126615	267982
0.52625	1.18116	159.254	126615	267987
0.52675	1.18113	159.254	126615	267995
0.52725	1.18108	159.254	126615	268005
0.52775	1.18102	159.254	126615	268019
0.52825	1.18094	159.254	126615	268038
0.52875	1.18085	159.254	126615	268059
0.52925	1.18079	159.254	126614	268072
0.52975	1.18076	159.254	126614	268078
0.53025	1.18075	159.254	126614	268079
0.53075	1.18075	159.254	126614	268079
0.53125	0.158826	159.254	126614	1.18984e+06
0.53175	0.158826	159.255	126614	1.18984e+06
0.53225	0.158826	159.255	126614	1.18984e+06
0.53275	0.158826	159.255	126614	1.18984e+06
0.53325	0.158826	159.255	126614	1.18984e+06
0.53375	0.158825	159.255	126614	1.18984e+06
0.53425	0.158825	159.254	126614	1.18984e+06
0.53475	0.158825	159.254	126614	1.18985e+06
0.53525	0.158824	159.254	126614	1.18985e+06
0.53575	0.158823	159.255	126614	1.18985e+06
0.53625	0.158823	159.255	126614	1.18986e+06
0.53675	0.158822	159.255	126614	1.18986e+06
0.53725	0.158822	159.255	126614	1.18987e+06
0.53775	0.158821	159.254	126614	1.18987e+06
0.53825	0.158821	159.254	126615	1.18988e+06
0.53875	0.15882	159.253	126615	1.18988e+06
0.53925	0.158819	159.253	126615	1.18989e+06
0.53975	0.158818	159.253	126615	1.18989e+06
0.54025	0.158818	159.254	126615	1.1899e+06
0.54075	0.158817	159.254	126614	1.1899e+06
0.54125	0.158816	159.254	126614	1.18991e+06
0.54175	0.158816	159.254	126614	1.18991e+06
0.54225	0.158815	159.254	126614	1.18992e+06
0.54275	0.158815	159.254	126615	1.18992e+06
0.54325	0.158814	159.254	126615	1.18992e+06
0.54375	0.158814	159.254	126615	1.18993e+06
0.54425	0.158813	159.254	126615	1.18993e+06
0.54475	0.158812	159.254	126614	1.18994e+06
0.54525	0.158812	159.255	126614	1.18994e+06
0.54575	0.158811	159.255	126614	1.18995e+06
0.54625	0.158811	159.255	126614	1.18995e+06
0.54675	0.15881	159.254	126614	1.18995e+06
0.54725	0.15881	159.254	126615	1.18996e+06
0.54775	0.158809	159.254	126615	1.18996e+06
0.54825	0.158809	159.254	126615	1.18997e+06
0.54875	0.158808	159.254	126615	1.18997e+06
0.54925	0.158807	159.254	126614	1.18997e+06
0.54975	0.158807	159.254	126614	1.18998e+06
0.55025	0.158806	159.255	126614	1.18998e+06
0.55075	0.158806	159.255	126614	1.18999e+06
0.55125	0.158805	159.254	126614	1.18999e+06
0.55175	0.158805	159.254	126615	1.19e+06
0.55225	0.158804	159.254	126615	1.19e+06
0.55275	0.158804	159.253	126615	1.19e+06
0.55325	0.158803	159.254	126615	1.19001e+06
0.55375	0.158802	159.254	126614	1.19001e+06
0.55425	0.158802	159.254	126614	1.19002e+06
0.55475	0.158801	159.255	126614	1.19002e+06
0.55525	0.1588	159.255	126614	1.19003e+06
0.55575	0.1588	159.254	126614	1.19003e+06
0.55625	0.158799	159.254	126615	1.19004e+06
0.55675	0.158799	159.253	126615	1.19004e+06
0.55725	0.158798	159.253	126615	1.19005e+06
0.55775	0.158797	159.254	126615	1.19005e+06
0.55825	0.158797	159.254	126614	1.19006e+06
0.55875	0.158796	159.254	126614	1.19006e+06
0.55925	0.158795	159.255	126614	1.19007e+06
0.55975	0.158795	159.254	126614	1.19007e+06
0.56025	0.158794	159.254	126614	1.19008e+06
0.56075	0.158793	159.254	126615	1.19008e+06
0.56125	0.158793	159.253	126615	1.19009e+06
0.56175	0.158792	159.253	126615	1.19009e+06
0.56225	0.158791	159.254	126615	1.1901e+06
0.56275	0.158791	159.254	126614	1.1901e+06
0.56325	0.15879	159.254	126614	1.19011e+06
0.56375	0.158789	159.255	126614	1.19011e+06
0.56425	0.158788	159.255	126614	1.19012e+06
0.56475	0.158788	159.254	126614	1.19012e+06
0.56525	0.158787	159.254	126615	1.19013e+06
0.56575	0.158787	159.253	126615	1.19013e+06
0.56625	0.158786	159.253	126615	1.19014e+06
0.56675	0.158785	159.254	126615	1.19014e+06
0.56725	0.158785	159.254	126614	1.19014e+06
0.56775	0.158784	159.255	126614	1.19015e+06
0.56825	0.158783	159.255	126614	1.19016e+06
0.56875	0.158782	159.255	126614	1.19016e+06
0.56925	0.158782	159.254	126615	1.19017e+06
0.56975	0.158781	159.254	126615	1.19017e+06
0.57025	0.158781	159.253	126615	1.19018e+06
0.57075	0.15878	159.253	126615	1.19018e+06
0.57125	0.158779	159.253	126614	1.19018e+06
0.57175	0.158779	159.254	126614	1.19019e+06
0.57225	0.158778	159.254	126614	1.19019e+06
0.57275	0.158778	159.254	126614	1.1902e+06
0.57325	0.158777	159.254	126614	1.1902e+06
0.57375	0.158777	159.254	126614	1.1902e+06
0.57425	0.158776	159.254	126614	1.19021e+06
0.57475	0.158776	159.254	126614	1.19021e+06
0.57525	0.158775	159.254	126614	1.19021e+06
0.57575	0.158775	159.254	126614	1.19022e+06
0.57625	0.158774	159.254	126614	1.19022e+06
0.57675	0.158774	159.255	126614	1.19023e+06
0.57725	0.158773	159.255	126614	1.19023e+06
0.57775	0.158773	159.255	126614	1.19023e+06
0.57825	0.158773	159.254	126614	1.19023e+06
0.57875	0.158772	159.254	126614	1.19024e+06
0.57925	0.158772	159.254	126614	1.19024e+06
0.57975	0.158772	159.254	126614	1.19024e+06
0.58025	0.158771	159.254	126614	1.19024e+06
0.58075	0.158771	159.255	126614	1.19025e+06
0.58125	0.158771	159.255	126614	1.19025e+06
0.58175	0.15877	159.255	126614	1.19025e+06
0.58225	0.15877	159.254	126614	1.19025e+06
0.58275	0.15877	159.254	126615	1.19025e+06
0.58325	0.15877	159.253	126615	1.19026e+06
0.58375	0.15877	159.253	126615	1.19026e+06
0.58425	0.15877	159.253	126615	1.19026e+06
0.58475	0.158769	159.253	126615	1.19026e+06
0.58525	0.158769	159.254	126614	1.19026e+06
0.58575	0.158769	159.255	126614	1.19026e+06
0.58625	0.158769	159.255	126614	1.19026e+06
0.58675	0.158769	159.254	126614	1.19027e+06
0.58725	0.158768	159.254	126615	1.19027e+06
0.58775	0.158768	159.253	126615	1.19027e+06
0.58825	0.158768	159.253	126615	1.19027e+06
0.58875	0.158768	159.253	126615	1.19027e+06
0.58925	0.158767	159.254	126614	1.19027e+06
0.58975	0.158767	159.254	126614	1.19028e+06
0.59025	0.158767	159.255	126614	1.19028e+06
0.59075	0.158767	159.255	126614	1.19028e+06
0.59125	0.158767	159.254	126614	1.19028e+06
0.59175	0.158767	159.254	126614	1.19028e+06
0.59225	0.158767	159.253	126615	1.19028e+06
0.59275	0.158767	159.253	126615	1.19028e+06
0.59325	0.158766	159.253	126615	1.19028e+06
0.59375	0.158766	159.254	126614	1.19028e+06
0.59425	0.158766	159.254	126614	1.19028e+06
0.59475	0.158766	159.255	126614	1.19028e+06
0.59525	0.158766	159.255	126614	1.19028e+06
0.59575	0.158766	159.254	126614	1.19029e+06
0.59625	0.158766	159.254	126614	1.19029e+06
0.59675	0.158766	159.253	126615	1.19029e+06
0.59725	0.158766	159.253	126615	1.19029e+06
0.59775	0.158766	159.253	126615	1.19029e+06
0.59825	0.158765	159.254	126614	1.19029e+06
0.59875	0.158765	159.254	126614	1.19029e+06
0.59925	0.158765	159.255	126614	1.19029e+06
0.59975	0.158765	159.255	126614	1.19029e+06
0.60025	0.158765	159.254	126614	1.19029e+06
0.60075	0.158765	159.254	126614	1.19029e+06
0.60125	0.158765	159.253	126615	1.19029e+06
0.60175	0.158765	159.253	126615	1.19029e+06
0.60225	0.158765	159.253	126615	1.19029e+06
0.60275	0.158765	159.254	126614	1.19029e+06
0.60325	0.158765	159.255	126614	1.19029e+06
0.60375	0.158764	159.255	126614	1.1903e+06
0.60425	0.158764	159.255	126614	1.1903e+06
0.60475	0.158764	159.255	126614	1.1903e+06
0.60525	0.158764	159.254	126615	1.1903e+06
0.60575	0.158764	159.253	126615	1.1903e+06
0.60625	0.158764	159.253	126615	1.1903e+06
0.60675	0.158764	159.253	126615	1.1903e+06
0.60725	0.158764	159.254	126615	1.1903e+06
0.60775	0.158764	159.255	126614	1.1903e+06
0.60825	0.158764	159.255	126614	1.1903e+06
0.60875	0.158764	159.255	126614	1.1903e+06
0.60925	0.158764	159.255	126614	1.1903e+06
0.60975	0.158764	159.254	126615	1.1903e+06
0.61025	0.158764	159.253	126615	1.1903e+06
0.61075	0.158764	159.252	126615	1.1903e+06
0.61125	0.158764	159.253	126615	1.1903e+06
0.61175	0.158764	159.253	126614	1.1903e+06
0.61225	0.158763	159.254	126614	1.1903e+06
0.61275	0.158763	159.254	126614	1.1903e+06
0.61325	0.158763	159.254	126614	1.1903e+06
0.61375	0.158763	159.254	126614	1.1903e+06
0.61425	0.158763	159.253	126614	1.1903e+06
0.61475	0.158764	159.252	126615	1.1903e+06
0.61525	0.158764	159.252	126615	1.1903e+06
0.61575	0.158764	159.253	126615	1.1903e+06
0.61625	0.158763	159.254	126614	1.1903e+06
0.61675	0.158763	159.255	126614	1.1903e+06
0.61725	0.158763	159.255	126614	1.1903e+06
0.61775	0.158763	159.255	126614	1.1903e+06
0.61825	0.158763	159.255	126614	1.1903e+06
0.61875	0.158763	159.254	126614	1.1903e+06
0.61925	0.158763	159.253	126614	1.1903e+06
0.61975	0.158763	159.253	126614	1.1903e+06
0.62025	0.158763	159.254	126614	1.1903e+06
0.62075	0.158763	159.255	126614	1.1903e+06
0.62125	0.158763	159.255	126614	1.1903e+06
0.62175	0.158763	159.256	126614	1.1903e+06
0.62225	0.158763	159.255	126614	1.19031e+06
0.62275	0.158763	159.254	126614	1.19031e+06
0.62325	0.158763	159.253	126615	1.19031e+06
0.62375	0.158763	159.253	126615	1.19031e+06
0.62425	0.158763	159.253	126615	1.19031e+06
0.62475	0.158763	159.254	126614	1.19031e+06
0.62525	0.158763	159.255	126614	1.19031e+06
0.62575	0.158763	159.256	126614	1.19031e+06
0.62625	0.158763	159.256	126614	1.19031e+06
0.62675	0.158763	159.255	126614	1.19031e+06
0.62725	0.158763	159.254	126615	1.19031e+06
0.62775	0.158763	159.252	126615	1.19031e+06
0.62825	0.158763	159.252	126615	1.19031e+06
0.62875	0.158763	159.252	126615	1.19031e+06
0.62925	0.158763	159.253	126615	1.19031e+06
0.62975	0.158763	159.255	126614	1.19031e+06
0.63025	0.158763	159.256	126614	1.19031e+06
0.63075	0.158763	159.256	126614	1.19031e+06
0.63125	0.158763	159.255	126614	1.19031e+06
0.63175	0.158763	159.254	126614	1.19031e+06
0.63225	0.158763	159.252	126615	1.19031e+06
0.63275	0.158763	159.252	126615	1.19031e+06
0.63325	0.158763	159.252	126615	1.19031e+06
0.63375	0.158763	159.253	126615	1.19031e+06
0.63425	0.158763	159.255	126614	1.19031e+06
0.63475	0.158763	159.256	126614	1.19031e+06
0.63525	0.158763	159.256	126614	1.19031e+06
0.63575	0.158763	159.255	126614	1.19031e+06
0.63625	0.158763	159.254	126614	1.19031e+06
0.63675	0.158763	159.252	126615	1.19031e+06
0.63725	0.158763	159.251	126615	1.19031e+06
0.63775	0.158763	159.251	126615	1.19031e+06
0.63825	0.158763	159.253	126615	1.19031e+06
0.63875	0.158763	159.255	126614	1.19031e+06
0.63925	0.158763	159.256	126614	1.19031e+06
0.63975	0.158763	159.256	126614	1.1903e+06
0.64025	0.158763	159.256	126614	1.1903e+06
0.64075	0.158763	159.254	126614	1.19031e+06
0.64125	0.158763	159.252	126615	1.19031e+06
0.64175	0.158763	159.251	126615	1.19031e+06
0.64225	0.158763	159.251	126615	1.19031e+06
0.64275	0.158763	159.252	126615	1.19031e+06
0.64325	0.158763	159.255	126614	1.19031e+06
0.64375	0.158763	159.256	126614	1.19031e+06
0.64425	0.158762	159.256	126614	1.19031e+06
0.64475	0.158763	159.256	126614	1.19031e+06
0.64525	0.158763	159.254	126614	1.19031e+06
0.64575	0.158763	159.251	126615	1.19031e+06
0.64625	0.158763	159.251	126615	1.19031e+06
0.64675	0.158763	159.251	126615	1.19031e+06
0.64725	0.158763	159.253	126615	1.19031e+06
0.64775	0.158763	159.256	126614	1.19031e+06
0.64825	0.158762	159.257	126614	1.19031e+06
0.64875	0.158762	159.257	126614	1.19031e+06
0.64925	0.158763	159.256	126614	1.19031e+06
0.64975	0.158763	159.254	126614	1.19031e+06
0.65025	0.158763	159.251	126615	1.19031e+06
0.65075	0.158763	159.251	126615	1.19031e+06
0.65125	0.158763	159.251	126615	1.19031e+06
0.65175	0.158763	159.253	126615	1.19031e+06
0.65225	0.158763	159.256	126614	1.19031e+06
0.65275	0.158762	159.257	126614	1.19031e+06
0.65325	0.158762	159.257	126614	1.19031e+06
0.65375	0.158763	159.256	126614	1.19031e+06
0.65425	0.158763	159.253	126614	1.19031e+06
0.65475	0.158763	159.251	126615	1.19031e+06
0.65525	0.158763	159.25	126615	1.19031e+06
0.65575	0.158763	159.25	126615	1.19031e+06
0.65625	0.158763	159.252	126615	1.19031e+06
0.65675	0.158763	159.256	126614	1.19031e+06
0.65725	0.158762	159.257	126614	1.19031e+06
0.65775	0.158762	159.257	126614	1.19031e+06
0.65825	0.158763	159.256	126614	1.19031e+06
0.65875	0.158763	159.253	126615	1.19031e+06
0.65925	0.158763	159.25	126615	1.19031e+06
0.65975	0.158764	159.25	126615	1.19031e+06
0.66025	0.158764	159.251	126615	1.19031e+06
0.66075	0.158763	159.253	126615	1.19031e+06
0.66125	0.158763	159.256	126614	1.1903e+06
0.66175	0.158763	159.258	126614	1.1903e+06
0.66225	0.158763	159.258	126614	1.1903e+06
0.66275	0.158763	159.257	126614	1.1903e+06
0.66325	0.158763	159.254	126615	1.19031e+06
0.66375	0.158764	159.252	126615	1.19031e+06
0.66425	0.158764	159.252	126615	1.19031e+06
0.66475	0.158763	159.253	126615	1.19031e+06
0.66525	0.158763	159.256	126614	1.19031e+06
0.66575	0.158762	159.259	126614	1.19031e+06
0.66625	0.158762	159.26	126614	1.19031e+06
0.66675	0.158762	159.259	126614	1.19031e+06
0.66725	0.158763	159.256	126614	1.19031e+06
0.66775	0.158763	159.251	126615	1.19031e+06
0.66825	0.158764	159.249	126615	1.19031e+06
0.66875	0.158764	159.249	126615	1.19031e+06
0.66925	0.158763	159.251	126615	1.19031e+06
0.66975	0.158763	159.255	126614	1.19031e+06
0.67025	0.158762	159.259	126614	1.19031e+06
0.67075	0.158762	159.26	126613	1.1903e+06
0.67125	0.158762	159.259	126614	1.1903e+06
0.67175	0.158763	159.256	126614	1.19031e+06
0.67225	0.158763	159.25	126615	1.19031e+06
0.67275	0.158764	159.248	126616	1.19031e+06
0.67325	0.158764	159.248	126616	1.19031e+06
0.67375	0.158764	159.25	126615	1.19031e+06
0.67425	0.158763	159.255	126614	1.19031e+06
0.67475	0.158762	159.26	126614	1.1903e+06
0.67525	0.158762	159.261	126613	1.1903e+06
0.67575	0.158762	159.26	126613	1.1903e+06
0.67625	0.158763	159.256	126614	1.19031e+06
0.67675	0.158764	159.25	126615	1.19031e+06
0.67725	0.158764	159.247	126616	1.19031e+06
0.67775	0.158764	159.247	126616	1.19031e+06
0.67825	0.158764	159.249	126615	1.19031e+06
0.67875	0.158763	159.255	126614	1.19031e+06
0.67925	0.158762	159.26	126613	1.1903e+06
0.67975	0.158762	159.261	126613	1.1903e+06
0.68025	0.158762	159.26	126613	1.1903e+06
0.68075	0.158763	159.256	126614	1.1903e+06
0.68125	0.158764	159.249	126615	1.19031e+06
0.68175	0.158764	159.246	126616	1.19031e+06
0.68225	0.158764	159.246	126616	1.19031e+06
0.68275	0.158764	159.249	126615	1.19031e+06
0.68325	0.158763	159.255	126614	1.1903e+06
0.68375	0.158762	159.261	126613	1.1903e+06
0.68425	0.158762	159.262	126613	1.1903e+06
0.68475	0.158762	159.261	126613	1.1903e+06
0.68525	0.158763	159.257	126614	1.1903e+06
0.68575	0.158764	159.249	126615	1.19031e+06
0.68625	0.158764	159.246	126616	1.19031e+06
0.68675	0.158764	159.246	126616	1.19031e+06
0.68725	0.158764	159.249	126616	1.19031e+06
0.68775	0.158763	159.256	126614	1.19031e+06
0.68825	0.158762	159.263	126613	1.1903e+06
0.68875	0.158762	159.264	126613	1.1903e+06
0.68925	0.158762	159.263	126613	1.1903e+06
0.68975	0.158763	159.257	126614	1.19031e+06
0.69025	0.158764	159.249	126616	1.19031e+06
0.69075	0.158764	159.245	126616	1.19032e+06
0.69125	0.158764	159.245	126616	1.19032e+06
0.69175	0.158764	159.248	126616	1.19031e+06
0.69225	0.158763	159.257	126614	1.19031e+06
0.69275	0.158762	159.263	126613	1.1903e+06
0.69325	0.158762	159.265	126613	1.1903e+06
0.69375	0.158762	159.263	126613	1.1903e+06
0.69425	0.158763	159.257	126614	1.19031e+06
0.69475	0.158764	159.247	126616	1.19031e+06
0.69525	0.158764	159.243	126616	1.19032e+06
0.69575	0.158764	159.243	126616	1.19032e+06
0.69625	0.158764	159.247	126616	1.19031e+06
0.69675	0.158763	159.256	126614	1.19031e+06
0.69725	0.158762	159.264	126613	1.1903e+06
0.69775	0.158761	159.266	126612	1.1903e+06
0.69825	0.158762	159.264	126613	1.1903e+06
0.69875	0.158763	159.257	126614	1.19031e+06
0.69925	0.158764	159.246	126616	1.19031e+06
0.69975	0.158765	159.242	126617	1.19032e+06
0.70025	0.158765	159.242	126617	1.19032e+06
0.70075	0.158764	159.247	126616	1.19031e+06
0.70125	0.158763	159.257	126614	1.1903e+06
0.70175	0.158762	159.266	126612	1.1903e+06
0.70225	0.158761	159.267	126612	1.1903e+06
0.70275	0.158762	159.265	126612	1.1903e+06
0.70325	0.158763	159.256	126614	1.1903e+06
0.70375	0.158765	159.245	126616	1.19031e+06
0.70425	0.158765	159.24	126617	1.19031e+06
0.70475	0.158765	159.24	126617	1.19031e+06
0.70525	0.158764	159.245	126616	1.19031e+06
0.70575	0.158763	159.257	126614	1.1903e+06
0.70625	0.158761	159.266	126612	1.1903e+06
0.70675	0.158761	159.268	126612	1.1903e+06
0.70725	0.158761	159.265	126612	1.1903e+06
0.70775	0.158763	159.255	126614	1.19031e+06
0.70825	0.158764	159.243	126616	1.19032e+06
0.70875	0.158764	159.239	126617	1.19032e+06
0.70925	0.158765	159.241	126617	1.19032e+06
0.70975	0.158764	159.249	126615	1.19031e+06
0.71025	0.158761	159.265	126612	1.1903e+06
0.71075	0.15876	159.271	126611	1.1903e+06
0.71125	0.15876	159.271	126611	1.1903e+06
0.71175	0.158762	159.264	126612	1.1903e+06
0.71225	0.158764	159.247	126616	1.19031e+06
0.71275	0.158765	159.237	126617	1.19032e+06
0.71325	0.158765	159.235	126618	1.19032e+06
0.71375	0.158766	159.238	126617	1.19032e+06
0.71425	0.158764	159.249	126615	1.19031e+06
0.71475	0.158761	159.268	126612	1.1903e+06
0.71525	0.15876	159.276	126610	1.1903e+06
0.71575	0.15876	159.275	126611	1.19029e+06
0.71625	0.158762	159.265	126612	1.1903e+06
0.71675	0.158764	159.245	126616	1.19032e+06
0.71725	0.158765	159.234	126618	1.19033e+06
0.71775	0.158766	159.232	126618	1.19032e+06
0.71825	0.158766	159.236	126618	1.19031e+06
0.71875	0.158764	159.248	126615	1.19031e+06
0.71925	0.15876	159.268	126612	1.1903e+06
0.71975	0.158759	159.278	126610	1.19029e+06
0.72025	0.15876	159.277	126610	1.19028e+06
0.72075	0.158762	159.266	126612	1.19029e+06
0.72125	0.158763	159.243	126616	1.19032e+06
0.72175	0.158765	159.231	126618	1.19033e+06
0.72225	0.158767	159.229	126618	1.19031e+06
0.72275	0.158766	159.233	126618	1.19031e+06
0.72325	0.158763	159.246	126615	1.19031e+06
0.72375	0.15876	159.268	126611	1.1903e+06
0.72425	0.15876	159.281	126609	1.19028e+06
0.72475	0.158761	159.281	126609	1.19027e+06
0.72525	0.15876	159.268	126612	1.1903e+06
0.72575	0.158764	159.242	126617	1.19032e+06
0.72625	0.158767	159.23	126619	1.19032e+06
0.72675	0.158769	159.23	126619	1.19031e+06
0.72725	0.158766	159.236	126618	1.19032e+06
0.72775	0.158762	159.248	126616	1.19033e+06
0.72825	0.158761	159.27	126612	1.1903e+06
0.72875	0.158761	159.288	126609	1.19027e+06
0.72925	0.15876	159.289	126608	1.19027e+06
0.72975	0.158757	159.269	126612	1.19032e+06
0.73025	0.158762	159.238	126617	1.19034e+06
0.73075	0.158769	159.223	126620	1.19031e+06
0.73125	0.15877	159.224	126619	1.1903e+06
0.73175	0.158764	159.231	126617	1.19033e+06
0.73225	0.158757	159.244	126615	1.19035e+06
0.73275	0.158762	159.259	126612	1.19029e+06
0.73325	0.158763	159.284	126608	1.19024e+06
0.73375	0.158757	159.299	126605	1.19026e+06
0.73425	0.158754	159.266	126611	1.19034e+06
0.73475	0.158756	159.211	126613	1.19034e+06
0.73525	0.15875	158.989	126584	1.19012e+06
0.73575	0.158533	157.537	126303	1.1891e+06
0.73625	0.156981	146.169	124261	1.18145e+06
0.73675	0.149517	91.6517	114580	1.14379e+06
0.73725	0.140854	23.6609	103618	1.09798e+06
0.73775	0.138398	3.97742	100604	1.08495e+06
0.73825	0.137975	0.599596	100091	1.08273e+06
0.73875	0.137911	0.0888291	100013	1.08239e+06
0.73925	0.137902	0.013131	100002	1.08234e+06
0.73975	0.1379	0.00194053	100000	1.08233e+06
0.74025	0.1379	0.000286715	100000	1.08233e+06
0.74075	0.1379	4.23619e-05	100000	1.08233e+06
0.74125	0.1379	6.26352e-06	100000	1.08233e+06
0.74175	0.1379	9.28975e-07	100000	1.08233e+06
0.74225	0.1379	1.39438e-07	100000	1.08233e+06
0.74275	0.1379	2.19029e-08	100000	1.08233e+06
0.74325	0.1379	4.00881e-09	100000	1.08233e+06
0.74375	0.1379	1.05208e-09	100000	1.08233e+06
0.74425	0.1379	4.29454e-10	100000	1.08233e+06
0.74475	0.1379	2.2688e-10	100000	1.08233e+06
0.74525	0.1379	1.31339e-10	100000	1.08233e+06
0.74575	0.1379	7.78461e-11	100000	1.08233e+06
0.74625	0.1379	4.66884e-11	100000	1.08233e+06
0.74675	0.1379	2.8303e-11	100000	1.08233e+06
0.74725	0.1379	1.71545e-11	100000	1.08233e+06
0.74775	0.1379	1.05317e-11	100000	1.08233e+06
0.74825	0.1379	6.80499e-12	100000	1.08233e+06
0.74875	0.1379	4.79521e-12	100000	1.08233e+06
0.74925	0.1379	3.35203e-12	100000	1.08233e+06
0.74975	0.1379	2.52393e-12	100000	1.08233e+06
0.75025	0.1379	2.02113e-12	100000	1.08233e+06
0.75075	0.1379	1.57062e-12	100000	1.08233e+06
0.75125	0.1379	1.35404e-12	100000	1.08233e+06
0.75175	0.1379	1.20659e-12	100000	1.08233e+06
0.75225	0.1379	1.19035e-12	100000	1.08233e+06
0.75275	0.1379	1.08824e-12	100000	1.08233e+06
0.75325	0.1379	1.34537e-12	100000	1.08233e+06
0.75375	0.1379	1.31657e-12	100000	1.08233e+06
0.75425	0.1379	1.186e-12	100000	1.08233e+06
0.75475	0.1379	1.01685e-12	100000	1.08233e+06
0.75525	0.1379	8.46863e-13	100000	1.08233e+06
0.75575	0.1379	1.0957e-12	100000	1.08233e+06
0.75625	0.1379	1.10223e-12	100000	1.08233e+06
0.75675	0.1379	9.58535e-13	100000	1.08233e+06
0.75725	0.1379	9.20986e-13	100000	1.08233e+06
0.75775	0.1379	7.94914e-13	100000	1.08233e+06
0.75825	0.1379	8.28615e-13	100000	1.08233e+06
0.75875	0.1379	9.12099e-13	100000	1.08233e+06
0.75925	0.1379	9.13749e-13	100000	1.08233e+06
0.75975	0.1379	6.44124e-13	100000	1.08233e+06
0.76025	0.1379	5.12921e-13	100000	1.08233e+06
0.76075	0.1379	6.19774e-13	100000	1.08233e+06
0.76125	0.1379	6.81576e-13	100000	1.08233e+06
0.76175	0.1379	4.9218e-13	100000	1.08233e+06
0.76225	0.1379	3.08573e-13	100000	1.08233e+06
0.76275	0.1379	8.79247e-14	100000	1.08233e+06
0.76325	0.1379	1.17625e-13	100000	1.08233e+06
0.76375	0.1379	2.18083e-13	100000	1.08233e+06
0.76425	0.1379	3.09646e-13	100000	1.08233e+06
0.76475	0.1379	6.08177e-13	100000	1.08233e+06
0.76525	0.1379	3.61529e-13	100000	1.08233e+06
0.76575	0.1379	-9.13755e-15	100000	1.08233e+06
0.76625	0.1379	-2.19893e-13	100000	1.08233e+06
0.76675	0.1379	2.63256e-15	100000	1.08233e+06
0.76725	0.1379	1.51703e-13	100000	1.08233e+06
0.76775	0.1379	1.17042e-13	100000	1.08233e+06
0.76825	0.1379	2.15444e-14	100000	1.08233e+06
0.76875	0.1379	-3.91785e-14	100000	1.08233e+06
0.76925	0.1379	1.40683e-13	100000	1.08233e+06
0.76975	0.1379	6.53008e-14	100000	1.08233e+06
0.77025	0.1379	1.56656e-14	100000	1.08233e+06
0.77075	0.1379	2.89995e-13	100000	1.08233e+06
0.77125	0.1379	3.70816e-13	100000	1.08233e+06
0.77175	0.1379	3.81641e-13	100000	1.08233e+06
0.77225	0.1379	3.06031e-13	100000	1.08233e+06
0.77275	0.1379	3.54479e-13	100000	1.08233e+06
0.77325	0.1379	3.33416e-13	100000	1.08233e+06
0.77375	0.1379	3.53582e-13	100000	1.08233e+06
0.77425	0.1379	5.90276e-14	100000	1.08233e+06
0.77475	0.1379	-4.32829e-14	100000	1.08233e+06
0.77525	0.1379	1.44029e-13	100000	1.08233e+06
0.77575	0.1379	2.56489e-13	100000	1.08233e+06
0.77625	0.1379	1.598e-13	100000	1.08233e+06
0.77675	0.1379	3.76967e-13	100000	1.08233e+06
0.77725	0.1379	3.93408e-13	100000	1.08233e+06
0.77775	0.1379	3.0861e-13	100000	1.08233e+06
0.77825	0.1379	1.75427e-13	100000	1.08233e+06
0.77875	0.1379	1.93419e-13	100000	1.08233e+06
0.77925	0.1379	2.96502e-13	100000	1.08233e+06
0.77975	0.1379	1.79344e-13	100000	1.08233e+06
0.78025	0.1379	2.03319e-13	100000	1.08233e+06
0.78075	0.1379	1.13895e-13	100000	1.08233e+06
0.78125	0.1379	5.94035e-14	100000	1.08233e+06
0.78175	0.1379	1.63655e-13	100000	1.08233e+06
0.78225	0.1379	4.57907e-13	100000	1.08233e+06
0.78275	0.1379	3.35886e-13	100000	1.08233e+06
0.78325	0.1379	1.60331e-13	100000	1.08233e+06
0.78375	0.1379	-1.53152e-14	100000	1.08233e+06
0.78425	0.1379	-1.40773e-14	100000	1.08233e+06
0.78475	0.1379	2.77548e-13	100000	1.08233e+06
0.78525	0.1379	2.84021e-13	100000	1.08233e+06
0.78575	0.1379	6.03652e-14	100000	1.08233e+06
0.78625	0.1379	9.97179e-14	100000	1.08233e+06
0.78675	0.1379	2.14167e-13	100000	1.08233e+06
0.78725	0.1379	3.06739e-13	100000	1.08233e+06
0.78775	0.1379	2.50724e-13	100000	1.08233e+06
0.78825	0.1379	1.84865e-13	100000	1.08233e+06
0.78875	0.1379	4.06307e-13	100000	1.08233e+06
0.78925	0.1379	5.88909e-13	100000	1.08233e+06
0.78975	0.1379	5.82896e-13	100000	1.08233e+06
0.79025	0.1379	4.94039e-13	100000	1.08233e+06
0.79075	0.1379	3.19968e-13	100000	1.08233e+06
0.79125	0.1379	2.04549e-13	100000	1.08233e+06
0.79175	0.1379	5.23448e-13	100000	1.08233e+06
0.79225	0.1379	2.8252e-13	100000	1.08233e+06
0.79275	0.1379	8.44052e-14	100000	1.08233e+06
0.79325	0.1379	7.03258e-14	100000	1.08233e+06
0.79375	0.1379	6.53945e-14	100000	1.08233e+06
0.79425	0.1379	1.16054e-13	100000	1.08233e+06
0.79475	0.1379	1.89348e-13	100000	1.08233e+06
0.79525	0.1379	2.40608e-13	100000	1.08233e+06
0.79575	0.1379	4.17116e-13	100000	1.08233e+06
0.79625	0.1379	3.20108e-13	100000	1.08233e+06
0.79675	0.1379	2.90281e-13	100000	1.08233e+06
0.79725	0.1379	2.835e-13	100000	1.08233e+06
0.79775	0.1379	2.17964e-13	100000	1.08233e+06
0.79825	0.1379	1.89018e-13	100000	1.08233e+06
0.79875	0.1379	1.92883e-13	100000	1.08233e+06
0.79925	0.1379	2.3969e-13	100000	1.08233e+06
0.79975	0.1379	3.94854e-13	100000	1.08233e+06
0.80025	0.1379	4.53719e-13	100000	1.08233e+06
0.80075	0.1379	4.38823e-13	100000	1.08233e+06
0.80125	0.1379	4.15379e-13	100000	1.08233e+06
0.80175	0.1379	4.85123e-13	100000	1.08233e+06
0.80225	0.1379	3.88356e-13	100000	1.08233e+06
0.80275	0.1379	4.22885e-13	100000	1.08233e+06
0.80325	0.1379	3.95956e-13	100000	1.08233e+06
0.80375	0.1379	2.33124e-13	100000	1.08233e+06
0.80425	0.1379	3.49977e-13	100000	1.08233e+06
0.80475	0.1379	4.25939e-13	100000	1.08233e+06
0.80525	0.1379	2.81116e-13	100000	1.08233e+06
0.80575	0.1379	2.25169e-13	100000	1.08233e+06
0.80625	0.1379	1.48631e-13	100000	1.08233e+06
0.80675	0.1379	5.87851e-14	100000	1.08233e+06
0.80725	0.1379	-1.62047e-14	100000	1.08233e+06
0.80775	0.1379	-3.85183e-13	100000	1.08233e+06
0.80825	0.1379	-4.95275e-13	100000	1.08233e+06
0.80875	0.1379	-2.95571e-13	100000	1.08233e+06
0.80925	0.1379	-2.22708e-13	100000	1.08233e+06
0.80975	0.1379	-1.40288e-13	100000	1.08233e+06
0.81025	0.1379	1.46697e-13	100000	1.08233e+06
0.81075	0.1379	7.19986e-14	100000	1.08233e+06
0.81125	0.1379	-2.98956e-14	100000	1.08233e+06
0.81175	0.1379	1.95504e-13	100000	1.08233e+06
0.81225	0.1379	5.7659e-13	100000	1.08233e+06
0.81275	0.1379	5.85331e-13	100000	1.08233e+06
0.81325	0.1379	5.54464e-13	100000	1.08233e+06
0.81375	0.1379	6.478e-13	100000	1.08233e+06
0.81425	0.1379	4.19823e-13	100000	1.08233e+06
0.81475	0.1379	2.8207e-13	100000	1.08233e+06
0.81525	0.1379	3.31281e-13	100000	1.08233e+06
0.81575	0.1379	1.91012e-13	100000	1.08233e+06
0.81625	0.1379	2.1974e-13	100000	1.08233e+06
0.81675	0.1379	1.38954e-13	100000	1.08233e+06
0.81725	0.1379	3.31904e-14	100000	1.08233e+06
0.81775	0.1379	3.14472e-13	100000	1.08233e+06
0.81825	0.1379	3.35415e-13	100000	1.08233e+06
0.81875	0.1379	4.78311e-13	100000	1.08233e+06
0.81925	0.1379	4.16641e-13	100000	1.08233e+06
0.81975	0.1379	2.97179e-13	100000	1.08233e+06
0.82025	0.1379	2.08699e-13	100000	1.08233e+06
0.82075	0.1379	3.42439e-13	100000	1.08233e+06
0.82125	0.1379	2.75426e-13	100000	1.08233e+06
0.82175	0.1379	1.32069e-13	100000	1.08233e+06
0.82225	0.1379	1.80101e-13	100000	1.08233e+06
0.82275	0.1379	1.49727e-13	100000	1.08233e+06
0.82325	0.1379	1.32668e-13	100000	1.08233e+06
0.82375	0.1379	4.45939e-14	100000	1.08233e+06
0.82425	0.1379	4.94045e-15	100000	1.08233e+06
0.82475	0.1379	-1.57063e-14	100000	1.08233e+06
0.82525	0.1379	3.89408e-14	100000	1.08233e+06
0.82575	0.1379	-2.52605e-14	100000	1.08233e+06
0.82625	0.1379	-2.12154e-13	100000	1.08233e+06
0.82675	0.1379	2.18366e-13	100000	1.08233e+06
0.82725	0.1379	7.07113e-13	100000	1.08233e+06
0.82775	0.1379	5.91813e-13	100000	1.08233e+06
0.82825	0.1379	3.67927e-13	100000	1.08233e+06
0.82875	0.1379	2.94301e-13	100000	1.08233e+06
0.82925	0.1379	4.56862e-13	100000	1.08233e+06
0.82975	0.1379	5.67151e-13	100000	1.08233e+06
0.83025	0.1379	5.10783e-13	100000	1.08233e+06
0.83075	0.1379	4.73324e-13	100000	1.08233e+06
0.83125	0.1379	5.14952e-13	100000	1.08233e+06
0.83175	0.1379	5.20179e-13	100000	1.08233e+06
0.83225	0.1379	6.23412e-13	100000	1.08233e+06
0.83275	0.1379	8.6402e-13	100000	1.08233e+06
0.83325	0.1379	8.33111e-13	100000	1.08233e+06
0.83375	0.1379	6.69801e-13	100000	1.08233e+06
0.83425	0.1379	4.30646e-13	100000	1.08233e+06
0.83475	0.1379	3.9015e-13	100000	1.08233e+06
0.83525	0.1379	5.7167e-13	100000	1.08233e+06
0.83575	0.1379	4.66325e-13	100000	1.08233e+06
0.83625	0.1379	5.32976e-13	100000	1.08233e+06
0.83675	0.1379	5.05801e-13	100000	1.08233e+06
0.83725	0.1379	2.67263e-13	100000	1.08233e+06
0.83775	0.1379	3.72254e-13	100000	1.08233e+06
0.83825	0.1379	5.27718e-13	100000	1.08233e+06
0.83875	0.1379	3.5953e-13	100000	1.08233e+06
0.83925	0.1379	4.90892e-13	100000	1.08233e+06
0.83975	0.1379	5.47608e-13	100000	1.08233e+06
0.84025	0.1379	6.71799e-13	100000	1.08233e+06
0.84075	0.1379	8.01549e-13	100000	1.08233e+06
0.84125	0.1379	8.1766e-13	100000	1.08233e+06
0.84175	0.1379	8.74603e-13	100000	1.08233e+06
0.84225	0.1379	9.6267e-13	100000	1.08233e+06
0.84275	0.1379	1.05991e-12	100000	1.08233e+06
0.84325	0.1379	9.80997e-13	100000	1.08233e+06
0.84375	0.1379	1.01069e-12	100000	1.08233e+06
0.84425	0.1379	1.04656e-12	100000	1.08233e+06
0.84475	0.1379	9.95985e-13	100000	1.08233e+06
0.84525	0.1379	9.69318e-13	100000	1.08233e+06
0.84575	0.1379	7.58001e-13	100000	1.08233e+06
0.84625	0.1379	7.95289e-13	100000	1.08233e+06
0.84675	0.1379	8.53543e-13	100000	1.08233e+06
0.84725	0.1379	1.12534e-12	100000	1.08233e+06
0.84775	0.1379	1.33926e-12	100000	1.08233e+06
0.84825	0.1379	9.93028e-13	100000	1.08233e+06
0.84875	0.1379	8.25895e-13	100000	1.08233e+06
0.84925	0.1379	5.48905e-13	100000	1.08233e+06
0.84975	0.1379	5.02276e-13	100000	1.08233e+06
0.85025	0.1379	5.93587e-13	100000	1.08233e+06
0.85075	0.1379	6.34471e-13	100000	1.08233e+06
0.85125	0.1379	6.12111e-13	100000	1.08233e+06
0.85175	0.1379	6.2575e-13	100000	1.08233e+06
0.85225	0.1379	6.85032e-13	100000	1.08233e+06
0.85275	0.1379	5.09438e-13	100000	1.08233e+06
0.85325	0.1379	7.6098e-13	100000	1.08233e+06
0.85375	0.1379	1.03904e-12	100000	1.08233e+06
0.85425	0.1379	1.15388e-12	100000	1.08233e+06
0.85475	0.1379	1.30213e-12	100000	1.08233e+06
0.85525	0.1379	1.12914e-12	100000	1.08233e+06
0.85575	0.1379	9.94272e-13	100000	1.08233e+06
0.85625	0.1379	9.43102e-13	100000	1.08233e+06
0.85675	0.1379	1.06328e-12	100000	1.08233e+06
0.85725	0.1379	8.01914e-13	100000	1.08233e+06
0.85775	0.1379	5.43155e-13	100000	1.08233e+06
0.85825	0.1379	6.52747e-13	100000	1.08233e+06
0.85875	0.1379	6.96108e-13	100000	1.08233e+06
0.85925	0.1379	5.29216e-13	100000	1.08233e+06
0.85975	0.1379	6.45196e-13	100000	1.08233e+06
0.86025	0.1379	6.34753e-13	100000	1.08233e+06
0.86075	0.1379	8.67548e-13	100000	1.08233e+06
0.86125	0.1379	9.11448e-13	100000	1.08233e+06
0.86175	0.1379	6.46649e-13	100000	1.08233e+06
0.86225	0.1379	8.70615e-13	100000	1.08233e+06
0.86275	0.1379	1.18429e-12	100000	1.08233e+06
0.86325	0.1379	1.08562e-12	100000	1.08233e+06
0.86375	0.1379	9.75156e-13	100000	1.08233e+06
0.86425	0.1379	1.07434e-12	100000	1.08233e+06
0.86475	0.1379	1.1228e-12	100000	1.08233e+06
0.86525	0.1379	1.23776e-12	100000	1.08233e+06
0.86575	0.1379	1.14031e-12	100000	1.08233e+06
0.86625	0.1379	1.23008e-12	100000	1.08233e+06
0.86675	0.1379	9.70483e-13	100000	1.08233e+06
0.86725	0.1379	6.72298e-13	100000	1.08233e+06
0.86775	0.1379	6.89213e-13	100000	1.08233e+06
0.86825	0.1379	6.86954e-13	100000	1.08233e+06
0.86875	0.1379	6.35676e-13	100000	1.08233e+06
0.86925	0.1379	6.88507e-13	100000	1.08233e+06
0.86975	0.1379	8.59225e-13	100000	1.08233e+06
0.87025	0.1379	8.11437e-13	100000	1.08233e+06
0.87075	0.1379	7.59469e-13	100000	1.08233e+06
0.87125	0.1379	7.97846e-13	100000	1.08233e+06
0.87175	0.1379	7.86915e-13	100000	1.08233e+06
0.87225	0.1379	9.2755e-13	100000	1.08233e+06
0.87275	0.1379	1.00491e-12	100000	1.08233e+06
0.87325	0.1379	1.05109e-12	100000	1.08233e+06
0.87375	0.1379	1.00763e-12	100000	1.08233e+06
0.87425	0.1379	1.1871e-12	100000	1.08233e+06
0.87475	0.1379	1.31759e-12	100000	1.08233e+06
0.87525	0.1379	1.20588e-12	100000	1.08233e+06
0.87575	0.1379	1.38308e-12	100000	1.08233e+06
0.87625	0.1379	8.94638e-13	100000	1.08233e+06
0.87675	0.1379	6.5521e-13	100000	1.08233e+06
0.87725	0.1379	8.54087e-13	100000	1.08233e+06
0.87775	0.1379	8.14209e-13	100000	1.08233e+06
0.87825	0.1379	9.66614e-13	100000	1.08233e+06
0.87875	0.1379	8.98133e-13	100000	1.08233e+06
0.87925	0.1379	7.12074e-13	100000	1.08233e+06
0.87975	0.1379	7.75926e-13	100000	1.08233e+06
0.88025	0.1379	6.96065e-13	100000	1.08233e+06
0.88075	0.1379	7.22962e-13	100000	1.08233e+06
0.88125	0.1379	6.43135e-13	100000	1.08233e+06
0.88175	0.1379	5.6203e-13	100000	1.08233e+06
0.88225	0.1379	6.85302e-13	100000	1.08233e+06
0.88275	0.1379	6.03761e-13	100000	1.08233e+06
0.88325	0.1379	6.37001e-13	100000	1.08233e+06
0.88375	0.1379	7.9873e-13	100000	1.08233e+06
0.88425	0.1379	7.65806e-13	100000	1.08233e+06
0.88475	0.1379	7.58009e-13	100000	1.08233e+06
0.88525	0.1379	8.49756e-13	100000	1.08233e+06
0.88575	0.1379	9.45505e-13	100000	1.08233e+06
0.88625	0.1379	1.07005e-12	100000	1.08233e+06
0.88675	0.1379	9.68767e-13	100000	1.08233e+06
0.88725	0.1379	9.94457e-13	100000	1.08233e+06
0.88775	0.1379	1.09942e-12	100000	1.08233e+06
0.88825	0.1379	1.23013e-12	100000	1.08233e+06
0.88875	0.1379	1.15367e-12	100000	1.08233e+06
0.88925	0.1379	1.11598e-12	100000	1.08233e+06
0.88975	0.1379	1.35529e-12	100000	1.08233e+06
0.89025	0.1379	1.07265e-12	100000	1.08233e+06
0.89075	0.1379	8.30159e-13	100000	1.08233e+06
0.89125	0.1379	6.86412e-13	100000	1.08233e+06
0.89175	0.1379	8.23699e-13	100000	1.08233e+06
0.89225	0.1379	9.10344e-13	100000	1.08233e+06
0.89275	0.1379	1.03393e-12	100000	1.08233e+06
0.89325	0.1379	1.22873e-12	100000	1.08233e+06
0.89375	0.1379	1.09386e-12	100000	1.08233e+06
0.89425	0.1379	1.11775e-12	100000	1.08233e+06
0.89475	0.1379	1.25963e-12	100000	1.08233e+06
0.89525	0.1379	1.26776e-12	100000	1.08233e+06
0.89575	0.1379	1.33156e-12	100000	1.08233e+06
0.89625	0.1379	1.24755e-12	100000	1.08233e+06
0.89675	0.1379	1.04673e-12	100000	1.08233e+06
0.89725	0.1379	9.72939e-13	100000	1.08233e+06
0.89775	0.1379	9.08192e-13	100000	1.08233e+06
0.89825	0.1379	7.51852e-13	100000	1.08233e+06
0.89875	0.1379	8.56003e-13	100000	1.08233e+06
0.89925	0.1379	1.0499e-12	100000	1.08233e+06
0.89975	0.1379	8.27973e-13	100000	1.08233e+06
0.90025	0.1379	8.13403e-13	100000	1.08233e+06
0.90075	0.1379	8.5689e-13	100000	1.08233e+06
0.90125	0.1379	9.19499e-13	100000	1.08233e+06
0.90175	0.1379	9.19947e-13	100000	1.08233e+06
0.90225	0.1379	1.02005e-12	100000	1.08233e+06
0.90275	0.1379	7.28716e-13	100000	1.08233e+06
0.90325	0.1379	5.63126e-13	100000	1.08233e+06
0.90375	0.1379	4.91472e-13	100000	1.08233e+06
0.90425	0.1379	5.11818e-13	100000	1.08233e+06
0.90475	0.1379	4.9685e-13	100000	1.08233e+06
0.90525	0.1379	6.60671e-13	100000	1.08233e+06
0.90575	0.1379	6.5213e-13	100000	1.08233e+06
0.90625	0.1379	6.66039e-13	100000	1.08233e+06
0.90675	0.1379	6.83206e-13	100000	1.08233e+06
0.90725	0.1379	6.40558e-13	100000	1.08233e+06
0.90775	0.1379	4.24621e-13	100000	1.08233e+06
0.90825	0.1379	4.7323e-13	100000	1.08233e+06
0.90875	0.1379	6.17809e-13	100000	1.08233e+06
0.90925	0.1379	6.96703e-13	100000	1.08233e+06
0.90975	0.1379	7.68596e-13	100000	1.08233e+06
0.91025	0.1379	7.79218e-13	100000	1.08233e+06
0.91075	0.1379	6.61029e-13	100000	1.08233e+06
0.91125	0.1379	5.18162e-13	100000	1.08233e+06
0.91175	0.1379	3.94372e-13	100000	1.08233e+06
0.91225	0.1379	4.82911e-13	100000	1.08233e+06
0.91275	0.1379	9.68575e-13	100000	1.08233e+06
0.91325	0.1379	1.17906e-12	100000	1.08233e+06
0.91375	0.1379	1.04329e-12	100000	1.08233e+06
0.91425	0.1379	1.10545e-12	100000	1.08233e+06
0.91475	0.1379	9.32191e-13	100000	1.08233e+06
0.91525	0.1379	8.58589e-13	100000	1.08233e+06
0.91575	0.1379	9.30905e-13	100000	1.08233e+06
0.91625	0.1379	1.12622e-12	100000	1.08233e+06
0.91675	0.1379	1.33819e-12	100000	1.08233e+06
0.91725	0.1379	1.20206e-12	100000	1.08233e+06
0.91775	0.1379	9.89957e-13	100000	1.08233e+06
0.91825	0.1379	8.74533e-13	100000	1.08233e+06
0.91875	0.1379	6.71836e-13	100000	1.08233e+06
0.91925	0.1379	5.30207e-13	100000	1.08233e+06
0.91975	0.1379	3.80613e-13	100000	1.08233e+06
0.92025	0.1379	3.3319e-13	100000	1.08233e+06
0.92075	0.1379	5.44312e-13	100000	1.08233e+06
0.92125	0.1379	5.14889e-13	100000	1.08233e+06
0.92175	0.1379	5.67256e-13	100000	1.08233e+06
0.92225	0.1379	8.34677e-13	100000	1.08233e+06
0.92275	0.1379	9.0407e-13	100000	1.08233e+06
0.92325	0.1379	7.96395e-13	100000	1.08233e+06
0.92375	0.1379	7.01143e-13	100000	1.08233e+06
0.92425	0.1379	7.26163e-13	100000	1.08233e+06
0.92475	0.1379	6.63433e-13	100000	1.08233e+06
0.92525	0.1379	8.66013e-13	100000	1.08233e+06
0.92575	0.1379	8.71214e-13	100000	1.08233e+06
0.92625	0.1379	6.38948e-13	100000	1.08233e+06
0.92675	0.1379	7.34373e-13	100000	1.08233e+06
0.92725	0.1379	1.06765e-12	100000	1.08233e+06
0.92775	0.1379	8.25879e-13	100000	1.08233e+06
0.92825	0.1379	8.60572e-13	100000	1.08233e+06
0.92875	0.1379	9.58321e-13	100000	1.08233e+06
0.92925	0.1379	9.3289e-13	100000	1.08233e+06
0.92975	0.1379	1.04896e-12	100000	1.08233e+06
0.93025	0.1379	1.13018e-12	100000	1.08233e+06
0.93075	0.1379	1.27279e-12	100000	1.08233e+06
0.93125	0.1379	1.21173e-12	100000	1.08233e+06
0.93175	0.1379	1.17145e-12	100000	1.08233e+06
0.93225	0.1379	1.267e-12	100000	1.08233e+06
0.93275	0.1379	1.57498e-12	100000	1.08233e+06
0.93325	0.1379	1.60325e-12	100000	1.08233e+06
0.93375	0.1379	1.50112e-12	100000	1.08233e+06
0.93425	0.1379	1.32054e-12	100000	1.08233e+06
0.93475	0.1379	1.16256e-12	100000	1.08233e+06
0.93525	0.1379	1.27952e-12	100000	1.08233e+06
0.93575	0.1379	1.61246e-12	100000	1.08233e+06
0.93625	0.1379	1.24947e-12	100000	1.08233e+06
0.93675	0.1379	1.28021e-12	100000	1.08233e+06
0.93725	0.1379	1.45499e-12	100000	1.08233e+06
0.93775	0.1379	1.29907e-12	100000	1.08233e+06
0.93825	0.1379	1.38145e-12	100000	1.08233e+06
0.93875	0.1379	1.47709e-12	100000	1.08233e+06
0.93925	0.1379	1.58226e-12	100000	1.08233e+06
0.93975	0.1379	1.75233e-12	100000	1.08233e+06
0.94025	0.1379	1.79752e-12	100000	1.08233e+06
0.94075	0.1379	1.43698e-12	100000	1.08233e+06
0.94125	0.1379	1.40728e-12	100000	1.08233e+06
0.94175	0.1379	1.63493e-12	100000	1.08233e+06
0.94225	0.1379	1.79387e-12	100000	1.08233e+06
0.94275	0.1379	1.78472e-12	100000	1.08233e+06
0.94325	0.1379	1.62674e-12	100000	1.08233e+06
0.94375	0.1379	1.41996e-12	100000	1.08233e+06
0.94425	0.1379	1.52886e-12	100000	1.08233e+06
0.94475	0.1379	1.20216e-12	100000	1.08233e+06
0.94525	0.1379	1.01863e-12	100000	1.08233e+06
0.94575	0.1379	1.09826e-12	100000	1.08233e+06
0.94625	0.1379	1.33485e-12	100000	1.08233e+06
0.94675	0.1379	1.30392e-12	100000	1.08233e+06
0.94725	0.1379	1.55836e-12	100000	1.08233e+06
0.94775	0.1379	1.34029e-12	100000	1.08233e+06
0.94825	0.1379	1.34516e-12	100000	1.08233e+06
0.94875	0.1379	1.45883e-12	100000	1.08233e+06
0.94925	0.1379	1.25101e-12	100000	1.08233e+06
0.94975	0.1379	1.09911e-12	100000	1.08233e+06
0.95025	0.1379	9.2788e-13	100000	1.08233e+06
0.95075	0.1379	6.584e-13	100000	1.08233e+06
0.95125	0.1379	7.16463e-13	100000	1.08233e+06
0.95175	0.1379	9.18082e-13	100000	1.08233e+06
0.95225	0.1379	8.09172e-13	100000	1.08233e+06
0.95275	0.1379	7.15366e-13	100000	1.08233e+06
0.95325	0.1379	6.42411e-13	100000	1.08233e+06
0.95375	0.1379	7.0085e-13	100000	1.08233e+06
0.95425	0.1379	7.60007e-13	100000	1.08233e+06
0.95475	0.1379	8.02435e-13	100000	1.08233e+06
0.95525	0.1379	1.05563e-12	100000	1.08233e+06
0.95575	0.1379	1.40022e-12	100000	1.08233e+06
0.95625	0.1379	1.17406e-12	100000	1.08233e+06
0.95675	0.1379	8.79105e-13	100000	1.08233e+06
0.95725	0.1379	7.01567e-13	100000	1.08233e+06
0.95775	0.1379	6.39866e-13	100000	1.08233e+06
0.95825	0.1379	5.98425e-13	100000	1.08233e+06
0.95875	0.1379	1.03807e-12	100000	1.08233e+06
0.95925	0.1379	1.18374e-12	100000	1.08233e+06
0.95975	0.1379	9.19662e-13	100000	1.08233e+06
0.96025	0.1379	1.05981e-12	100000	1.08233e+06
0.96075	0.1379	1.21168e-12	100000	1.08233e+06
0.96125	0.1379	1.32215e-12	100000	1.08233e+06
0.96175	0.1379	1.41461e-12	100000	1.08233e+06
0.96225	0.1379	1.51267e-12	100000	1.08233e+06
0.96275	0.1379	1.40557e-12	100000	1.08233e+06
0.96325	0.1379	1.37238e-12	100000	1.08233e+06
0.96375	0.1379	1.3175e-12	100000	1.08233e+06
0.96425	0.1379	1.19571e-12	100000	1.08233e+06
0.96475	0.1379	1.16494e-12	100000	1.08233e+06
0.96525	0.1379	1.10929e-12	100000	1.08233e+06
0.96575	0.1379	1.30804e-12	100000	1.08233e+06
0.96625	0.1379	1.43118e-12	100000	1.08233e+06
0.96675	0.1379	1.27118e-12	100000	1.08233e+06
0.96725	0.1379	1.11666e-12	100000	1.08233e+06
0.96775	0.1379	1.06303e-12	100000	1.08233e+06
0.96825	0.1379	9.17323e-13	100000	1.08233e+06
0.96875	0.1379	9.37594e-13	100000	1.08233e+06
0.96925	0.1379	1.08262e-12	100000	1.08233e+06
0.96975	0.1379	7.90947e-13	100000	1.08233e+06
0.97025	0.1379	6.85039e-13	100000	1.08233e+06
0.97075	0.1379	7.80014e-13	100000	1.08233e+06
0.97125	0.1379	9.06657e-13	100000	1.08233e+06
0.97175	0.1379	1.25281e-12	100000	1.08233e+06
0.97225	0.1379	1.35113e-12	100000	1.08233e+06
0.97275	0.1379	1.12313e-12	100000	1.08233e+06
0.97325	0.1379	9.72442e-13	100000	1.08233e+06
0.97375	0.1379	9.3015e-13	100000	1.08233e+06
0.97425	0.1379	1.07734e-12	100000	1.08233e+06
0.97475	0.1379	9.00952e-13	100000	1.08233e+06
0.97525	0.1379	7.61892e-13	100000	1.08233e+06
0.97575	0.1379	8.73126e-13	100000	1.08233e+06
0.97625	0.1379	1.05263e-12	100000	1.08233e+06
0.97675	0.1379	9.48996e-13	100000	1.08233e+06
0.97725	0.1379	1.03867e-12	100000	1.08233e+06
0.97775	0.1379	9.65665e-13	100000	1.08233e+06
0.97825	0.1379	8.16942e-13	100000	1.08233e+06
0.97875	0.1379	5.19001e-13	100000	1.08233e+06
0.97925	0.1379	4.27451e-13	100000	1.08233e+06
0.97975	0.1379	4.86444e-13	100000	1.08233e+06
0.98025	0.1379	3.46581e-13	100000	1.08233e+06
0.98075	0.1379	4.92001e-13	100000	1.08233e+06
0.98125	0.1379	4.4351e-13	100000	1.08233e+06
0.98175	0.1379	3.83424e-13	100000	1.08233e+06
0.98225	0.1379	3.38609e-13	100000	1.08233e+06
0.98275	0.1379	4.47239e-13	100000	1.08233e+06
0.98325	0.1379	8.14714e-13	100000	1.08233e+06
0.98375	0.1379	1.0554e-12	100000	1.08233e+06
0.98425	0.1379	1.05139e-12	100000	1.08233e+06
0.98475	0.1379	1.01761e-12	100000	1.08233e+06
0.98525	0.1379	1.02038e-12	100000	1.08233e+06
0.98575	0.1379	9.81222e-13	100000	1.08233e+06
0.98625	0.1379	9.73854e-13	100000	1.08233e+06
0.98675	0.1379	1.04628e-12	100000	1.08233e+06
0.98725	0.1379	1.01246e-12	100000	1.08233e+06
0.98775	0.1379	1.01331e-12	100000	1.08233e+06
0.98825	0.1379	1.03688e-12	100000	1.08233e+06
0.98875	0.1379	8.1702e-13	100000	1.08233e+06
0.98925	0.1379	6.87759e-13	100000	1.08233e+06
0.98975	0.1379	8.3944e-13	100000	1.08233e+06
0.99025	0.1379	8.85444e-13	100000	1.08233e+06
0.99075	0.1379	9.29099e-13	100000	1.08233e+06
0.99125	0.1379	7.33532e-13	100000	1.08233e+06
0.99175	0.1379	6.85776e-13	100000	1.08233e+06
0.99225	0.1379	7.45018e-13	100000	1.08233e+06
0.99275	0.1379	8.16086e-13	100000	1.08233e+06
0.99325	0.1379	7.51082e-13	100000	1.08233e+06
0.99375	0.1379	5.06097e-13	100000	1.08233e+06
0.99425	0.1379	4.19131e-13	100000	1.08233e+06
0.99475	0.1379	6.73233e-13	100000	1.08233e+06
0.99525	0.1379	9.66006e-13	100000	1.08233e+06
0.99575	0.1379	8.03463e-13	100000	1.08233e+06
0.99625	0.1379	7.2447e-13	100000	1.08233e+06
0.99675	0.1379	7.26133e-13	100000	1.08233e+06
0.99725	0.1379	9.56716e-13	100000	1.08233e+06
0.99775	0.1379	1.08069e-12	100000	1.08233e+06
0.99825	0.1379	1.07654e-12	100000	1.08233e+06
0.99875	0.1379	9.15192e-13	100000	1.08233e+06
0.99925	0.1379	7.4401e-13	100000	1.08233e+06
0.99975	0.1379	7.99309e-13	100000	1.08233e+06
