x	rho	u	p	e
0.0025	1.33327	111.797	149995	281254
0.0075	1.33327	111.797	149995	281254
0.0125	1.33327	111.797	149995	281254
0.0175	1.33327	111.797	149995	281254
0.0225	1.33327	111.797	149995	281254
0.0275	1.33327	111.797	149995	281254
0.0325	1.33327	111.796	149995	281254
0.0375	1.33327	111.796	149995	281254
0.0425	1.33327	111.796	149995	281254
0.0475	1.33327	111.796	149995	281254
0.0525	1.33327	111.796	149995	281254
0.0575	1.33327	111.796	149995	281254
0.0625	1.33327	111.796	149995	281254
0.0675	1.33327	111.796	149995	281254
0.0725	1.33327	111.796	149995	281254
0.0775	1.33327	111.796	149995	281254
0.0825	1.33327	111.796	149995	281254
0.0875	1.33327	111.796	149995	281254
0.0925	1.33327	111.796	149995	281254
0.0975	1.33327	111.796	149995	281254
0.1025	1.33327	111.796	149995	281254
0.1075	1.33327	111.796	149995	281254
0.1125	1.33327	111.796	149995	281254
0.1175	1.33327	111.796	149995	281254
0.1225	1.33327	111.795	149995	281255
0.1275	1.33327	111.795	149995	281255
0.1325	1.33327	111.795	149995	281255
0.1375	1.33326	111.795	149995	281256
0.1425	1.33325	111.796	149995	281259
0.1475	1.33322	111.796	149995	281266
0.1525	1.33315	111.795	149995	281280
0.1575	1.33301	111.795	149995	281309
0.1625	1.33277	111.795	149995	281360
0.1675	1.33236	111.795	149995	281446
0.1725	1.33174	111.795	149995	281577
0.1775	1.33098	111.795	149995	281738
0.1825	1.33056	111.795	149995	281828
0.1875	1.33044	111.795	149995	281853
0.1925	1.33045	111.795	149995	281850
0.1975	1.33058	111.795	149995	281823
0.2025	1.33089	111.795	149995	281757
0.2075	1.3314	111.795	149995	281649
0.2125	1.33199	111.795	149995	281526
0.2175	1.33237	111.795	149995	281444
0.2225	1.33261	111.795	149995	281393
0.2275	1.33277	111.795	149995	281361
0.2325	1.33287	111.795	149995	281339
0.2375	1.33295	111.795	149996	281323
0.2425	1.33301	111.795	149996	281310
0.2475	1.33306	111.795	149996	281300
0.2525	1.33309	111.795	149996	281292
0.2575	1.33312	111.795	149995	281286
0.2625	1.33315	111.795	149995	281281
0.2675	1.33316	111.795	149995	281277
0.2725	1.33318	111.795	149995	281273
0.2775	1.3332	111.795	149996	281271
0.2825	1.33321	111.795	149996	281268
0.2875	1.33322	111.795	149995	281265
0.2925	1.33323	111.795	149995	281263
0.2975	1.33324	111.795	149995	281261
0.3025	1.33325	111.795	149995	281259
0.3075	1.33326	111.795	149996	281258
0.3125	1.33326	111.795	149996	281257
0.3175	1.33327	111.795	149996	281256
0.3225	1.33327	111.795	149995	281255
0.3275	1.33327	111.795	149995	281254
0.3325	1.33327	111.795	149995	281254
0.3375	1.33328	111.795	149996	281253
0.3425	1.33328	111.795	149995	281253
0.3475	1.33328	111.795	149995	281252
0.3525	1.33329	111.795	149995	281251
0.3575	1.33329	111.795	149995	281251
0.3625	1.33329	111.795	149996	281250
0.3675	1.3333	111.794	149996	281250
0.3725	1.3333	111.794	149996	281250
0.3775	1.3333	111.794	149996	281250
0.3825	1.3333	111.795	149996	281250
0.3875	1.33329	111.797	149994	281249
0.3925	1.33327	111.803	149991	281247
0.3975	1.33321	111.82	149982	281242
0.4025	1.33305	111.868	149957	281228
0.4075	1.33261	112.001	149886	281190
0.4125	1.33148	112.338	149708	281095
0.4175	1.32892	113.102	149305	280878
0.4225	1.32371	114.658	148487	280438
0.4275	1.3142	117.508	146998	279633
0.4325	1.29862	122.213	144567	278308
0.4375	1.27546	129.286	140976	276324
0.4425	1.24906	137.503	136908	274021
0.4475	1.22707	144.452	133543	272076
0.4525	1.2101	149.873	130969	270574
0.4575	1.19805	153.768	129144	269487
0.4625	1.19011	156.324	127960	268800
0.4675	1.18569	157.84	127262	268328
0.4725	1.18279	158.648	126890	268201
0.4775	1.18204	159.029	126713	267996
0.4825	1.18149	159.187	126643	267974
0.4875	1.18106	159.243	126623	268027
0.4925	1.18107	159.247	126612	268003
0.4975	1.1813	159.236	126615	267957
0.5025	1.18135	159.238	126619	267953
0.5075	1.18114	159.246	126619	268000
0.5125	1.18073	159.252	126618	268093
0.5175	1.18048	159.247	126615	268143
0.5225	1.18041	159.242	126614	268156
0.5275	1.18041	159.241	126614	268157
0.5325	1.18041	159.24	126614	268157
0.5375	0.158827	159.24	126614	1.18983e+06
0.5425	0.158827	159.24	126614	1.18983e+06
0.5475	0.158827	159.24	126615	1.18983e+06
0.5525	0.158827	159.241	126616	1.18984e+06
0.5575	0.158827	159.245	126616	1.18985e+06
0.5625	0.158827	159.25	126617	1.18985e+06
0.5675	0.158827	159.256	126617	1.18986e+06
0.5725	0.158826	159.26	126617	1.18986e+06
0.5775	0.158826	159.262	126617	1.18986e+06
0.5825	0.158825	159.261	126617	1.18987e+06
0.5875	0.158824	159.256	126617	1.18987e+06
0.5925	0.158824	159.247	126616	1.18987e+06
0.5975	0.158822	159.235	126615	1.18987e+06
0.6025	0.158821	159.224	126613	1.18986e+06
0.6075	0.158819	159.217	126611	1.18986e+06
0.6125	0.158816	159.212	126609	1.18986e+06
0.6175	0.158814	159.209	126608	1.18986e+06
0.6225	0.158812	159.207	126607	1.18987e+06
0.6275	0.158812	159.207	126607	1.18987e+06
0.6325	0.158813	159.21	126609	1.18988e+06
0.6375	0.158815	159.223	126612	1.1899e+06
0.6425	0.158817	159.245	126617	1.18993e+06
0.6475	0.15882	159.271	126622	1.18995e+06
0.6525	0.158823	159.301	126626	1.18996e+06
0.6575	0.158825	159.329	126629	1.18998e+06
0.6625	0.158825	159.345	126631	1.19e+06
0.6675	0.158824	159.348	126631	1.19001e+06
0.6725	0.158824	159.336	126631	1.19001e+06
0.6775	0.158821	159.302	126628	1.19e+06
0.6825	0.158812	159.244	126618	1.18997e+06
0.6875	0.158797	159.145	126599	1.18991e+06
0.6925	0.158771	158.962	126564	1.18978e+06
0.6975	0.158726	158.643	126505	1.18955e+06
0.7025	0.158662	158.196	126421	1.18925e+06
0.7075	0.158588	157.682	126325	1.1889e+06
0.7125	0.158512	157.118	126223	1.1885e+06
0.7175	0.158422	156.442	126102	1.18804e+06
0.7225	0.158297	155.532	125939	1.18745e+06
0.7275	0.15809	154.048	125668	1.18644e+06
0.7325	0.157754	151.566	125218	1.1847e+06
0.7375	0.157258	147.981	124562	1.18221e+06
0.7425	0.156629	143.364	123737	1.1791e+06
0.7475	0.15573	136.878	122555	1.17458e+06
0.7525	0.153721	121.838	119923	1.16438e+06
0.7575	0.14795	78.7776	112500	1.13492e+06
0.7625	0.141924	31.9391	104932	1.10351e+06
0.7675	0.139493	12.6821	101938	1.09071e+06
0.7725	0.138628	5.80083	100883	1.08616e+06
0.7775	0.138277	3.00239	100456	1.08431e+06
0.7825	0.138108	1.66077	100252	1.08343e+06
0.7875	0.138019	0.94903	100144	1.08296e+06
0.7925	0.137969	0.551405	100084	1.0827e+06
0.7975	0.137941	0.323282	100049	1.08255e+06
0.8025	0.137924	0.190511	100029	1.08246e+06
0.8075	0.137914	0.112606	100017	1.08241e+06
0.8125	0.137908	0.0666798	100010	1.08238e+06
0.8175	0.137905	0.0395285	100006	1.08236e+06
0.8225	0.137903	0.0234487	100004	1.08235e+06
0.8275	0.137902	0.0139149	100002	1.08234e+06
0.8325	0.137901	0.0082581	100001	1.08234e+06
0.8375	0.137901	0.00490032	100001	1.08234e+06
0.8425	0.1379	0.00290694	100000	1.08233e+06
0.8475	0.1379	0.00172369	100000	1.08233e+06
0.8525	0.1379	0.00102154	100000	1.08233e+06
0.8575	0.1379	0.000605076	100000	1.08233e+06
0.8625	0.1379	0.00035818	100000	1.08233e+06
0.8675	0.1379	0.00021189	100000	1.08233e+06
0.8725	0.1379	0.000125261	100000	1.08233e+06
0.8775	0.1379	7.39913e-05	100000	1.08233e+06
0.8825	0.1379	4.36686e-05	100000	1.08233e+06
0.8875	0.1379	2.57478e-05	100000	1.08233e+06
0.8925	0.1379	1.51651e-05	100000	1.08233e+06
0.8975	0.1379	8.92146e-06	100000	1.08233e+06
0.9025	0.1379	5.24158e-06	100000	1.08233e+06
0.9075	0.1379	3.07516e-06	100000	1.08233e+06
0.9125	0.1379	1.80135e-06	100000	1.08233e+06
0.9175	0.1379	1.0534e-06	100000	1.08233e+06
0.9225	0.1379	6.14885e-07	100000	1.08233e+06
0.9275	0.1379	3.58208e-07	100000	1.08233e+06
0.9325	0.1379	2.08235e-07	100000	1.08233e+06
0.9375	0.1379	1.20777e-07	100000	1.08233e+06
0.9425	0.1379	6.98809e-08	100000	1.08233e+06
0.9475	0.1379	4.0328e-08	100000	1.08233e+06
0.9525	0.1379	2.32095e-08	100000	1.08233e+06
0.9575	0.1379	1.33189e-08	100000	1.08233e+06
0.9625	0.1379	7.61958e-09	100000	1.08233e+06
0.9675	0.1379	4.3451e-09	100000	1.08233e+06
0.9725	0.1379	2.46942e-09	100000	1.08233e+06
0.9775	0.1379	1.39838e-09	100000	1.08233e+06
0.9825	0.1379	7.89121e-10	100000	1.08233e+06
0.9875	0.1379	4.44319e-10	100000	1.08233e+06
0.9925	0.1379	2.35569e-10	100000	1.08233e+06
0.9975	0.1379	2.2229e-10	100000	1.08233e+06
