x	rho	u	p	e
0.00025	1.33327	111.795	149996	281255
0.00075	1.33327	111.795	149996	281255
0.00125	1.33327	111.795	149996	281255
0.00175	1.33327	111.795	149996	281255
0.00225	1.33327	111.795	149996	281255
0.00275	1.33327	111.795	149996	281255
0.00325	1.33327	111.795	149996	281255
0.00375	1.33327	111.795	149996	281255
0.00425	1.33327	111.795	149996	281255
0.00475	1.33327	111.795	149996	281255
0.00525	1.33327	111.795	149996	281255
0.00575	1.33327	111.795	149996	281255
0.00625	1.33327	111.795	149996	281255
0.00675	1.33327	111.795	149996	281255
0.00725	1.33327	111.795	149996	281255
0.00775	1.33327	111.795	149996	281255
0.00825	1.33327	111.795	149996	281255
0.00875	1.33327	111.795	149996	281255
0.00925	1.33327	111.795	149996	281255
0.00975	1.33327	111.795	149996	281255
0.01025	1.33327	111.795	149996	281255
0.01075	1.33327	111.795	149996	281255
0.01125	1.33327	111.795	149996	281255
0.01175	1.33327	111.795	149996	281255
0.01225	1.33327	111.795	149996	281255
0.01275	1.33327	111.795	149996	281255
0.01325	1.33327	111.795	149996	281255
0.01375	1.33327	111.795	149996	281255
0.01425	1.33327	111.795	149996	281255
0.01475	1.33327	111.795	149996	281255
0.01525	1.33327	111.795	149996	281255
0.01575	1.33327	111.795	149996	281255
0.01625	1.33327	111.795	149996	281255
0.01675	1.33327	111.795	149996	281255
0.01725	1.33327	111.795	149996	281255
0.01775	1.33327	111.795	149996	281255
0.01825	1.33327	111.795	149996	281255
0.01875	1.33327	111.795	149996	281255
0.01925	1.33327	111.795	149996	281255
0.01975	1.33327	111.795	149996	281255
0.02025	1.33327	111.795	149996	281255
0.02075	1.33327	111.795	149996	281255
0.02125	1.33327	111.795	149996	281255
0.02175	1.33327	111.795	149996	281255
0.02225	1.33327	111.795	149996	281255
0.02275	1.33327	111.795	149996	281255
0.02325	1.33327	111.795	149996	281255
0.02375	1.33327	111.795	149996	281255
0.02425	1.33327	111.795	149996	281255
0.02475	1.33327	111.795	149996	281255
0.02525	1.33327	111.795	149996	281255
0.02575	1.33327	111.795	149996	281255
0.02625	1.33327	111.795	149996	281255
0.02675	1.33327	111.795	149996	281255
0.02725	1.33327	111.795	149996	281255
0.02775	1.33327	111.795	149996	281255
0.02825	1.33327	111.795	149996	281255
0.02875	1.33327	111.795	149996	281255
0.02925	1.33327	111.795	149996	281255
0.02975	1.33327	111.795	149996	281255
0.03025	1.33327	111.795	149996	281255
0.03075	1.33327	111.795	149996	281255
0.03125	1.33327	111.795	149996	281255
0.03175	1.33327	111.795	149996	281255
0.03225	1.33327	111.795	149996	281255
0.03275	1.33327	111.795	149996	281255
0.03325	1.33327	111.795	149996	281255
0.03375	1.33327	111.795	149996	281255
0.03425	1.33327	111.795	149996	281255
0.03475	1.33327	111.795	149996	281255
0.03525	1.33327	111.795	149996	281255
0.03575	1.33327	111.795	149996	281255
0.03625	1.33327	111.795	149996	281255
0.03675	1.33327	111.795	149996	281255
0.03725	1.33327	111.795	149996	281255
0.03775	1.33327	111.795	149996	281255
0.03825	1.33327	111.795	149996	281255
0.03875	1.33327	111.795	149996	281255
0.03925	1.33327	111.795	149996	281255
0.03975	1.33327	111.795	149996	281255
0.04025	1.33327	111.795	149996	281255
0.04075	1.33327	111.795	149996	281255
0.04125	1.33327	111.795	149996	281255
0.04175	1.33327	111.795	149996	281255
0.04225	1.33327	111.795	149996	281255
0.04275	1.33327	111.795	149996	281255
0.04325	1.33327	111.795	149996	281255
0.04375	1.33327	111.795	149996	281255
0.04425	1.33327	111.795	149996	281255
0.04475	1.33327	111.795	149996	281255
0.04525	1.33327	111.795	149996	281255
0.04575	1.33327	111.795	149996	281255
0.04625	1.33327	111.795	149996	281255
0.04675	1.33327	111.795	149996	281255
0.04725	1.33327	111.795	149996	281255
0.04775	1.33327	111.795	149996	281255
0.04825	1.33327	111.795	149996	281255
0.04875	1.33327	111.795	149996	281255
0.04925	1.33327	111.795	149996	281255
0.04975	1.33327	111.795	149996	281255
0.05025	1.33327	111.795	149996	281255
0.05075	1.33327	111.795	149996	281255
0.05125	1.33327	111.795	149996	281255
0.05175	1.33327	111.795	149996	281255
0.05225	1.33327	111.795	149996	281255
0.05275	1.33327	111.795	149996	281255
0.05325	1.33327	111.795	149996	281255
0.05375	1.33327	111.795	149996	281255
0.05425	1.33327	111.795	149996	281255
0.05475	1.33327	111.795	149996	281255
0.05525	1.33327	111.795	149996	281255
0.05575	1.33327	111.795	149996	281255
0.05625	1.33327	111.795	149996	281255
0.05675	1.33327	111.795	149996	281255
0.05725	1.33327	111.795	149996	281255
0.05775	1.33327	111.795	149996	281255
0.05825	1.33327	111.795	149996	281255
0.05875	1.33327	111.795	149996	281255
0.05925	1.33327	111.795	149996	281255
0.05975	1.33327	111.795	149996	281255
0.06025	1.33327	111.795	149996	281255
0.06075	1.33327	111.795	149996	281255
0.06125	1.33327	111.795	149996	281255
0.06175	1.33327	111.795	149996	281255
0.06225	1.33327	111.795	149996	281255
0.06275	1.33327	111.795	149996	281255
0.06325	1.33327	111.795	149996	281255
0.06375	1.33327	111.795	149996	281255
0.06425	1.33327	111.795	149996	281255
0.06475	1.33327	111.795	149996	281255
0.06525	1.33327	111.795	149996	281255
0.06575	1.33327	111.795	149996	281255
0.06625	1.33327	111.795	149996	281255
0.06675	1.33327	111.795	149996	281255
0.06725	1.33327	111.795	149996	281255
0.06775	1.33327	111.795	149996	281255
0.06825	1.33327	111.795	149996	281255
0.06875	1.33327	111.795	149996	281255
0.06925	1.33327	111.795	149996	281255
0.06975	1.33327	111.795	149996	281255
0.07025	1.33327	111.795	149996	281255
0.07075	1.33327	111.795	149996	281255
0.07125	1.33327	111.795	149996	281255
0.07175	1.33327	111.795	149996	281255
0.07225	1.33327	111.795	149996	281255
0.07275	1.33327	111.795	149996	281255
0.07325	1.33327	111.795	149996	281255
0.07375	1.33327	111.795	149996	281255
0.07425	1.33327	111.795	149996	281255
0.07475	1.33327	111.795	149996	281255
0.07525	1.33327	111.795	149996	281255
0.07575	1.33327	111.795	149996	281255
0.07625	1.33327	111.795	149996	281255
0.07675	1.33327	111.795	149996	281255
0.07725	1.33327	111.795	149996	281255
0.07775	1.33327	111.795	149996	281255
0.07825	1.33327	111.795	149996	281255
0.07875	1.33327	111.795	149996	281255
0.07925	1.33327	111.795	149996	281255
0.07975	1.33327	111.795	149996	281255
0.08025	1.33327	111.795	149996	281255
0.08075	1.33327	111.795	149996	281255
0.08125	1.33327	111.795	149996	281255
0.08175	1.33327	111.795	149996	281255
0.08225	1.33327	111.795	149996	281255
0.08275	1.33327	111.795	149996	281255
0.08325	1.33327	111.795	149996	281255
0.08375	1.33327	111.795	149996	281255
0.08425	1.33327	111.795	149996	281255
0.08475	1.33327	111.795	149996	281255
0.08525	1.33327	111.795	149996	281255
0.08575	1.33327	111.795	149996	281255
0.08625	1.33327	111.795	149996	281255
0.08675	1.33327	111.795	149996	281255
0.08725	1.33327	111.795	149996	281255
0.08775	1.33327	111.795	149996	281255
0.08825	1.33327	111.795	149996	281255
0.08875	1.33327	111.795	149996	281255
0.08925	1.33327	111.795	149996	281255
0.08975	1.33327	111.795	149996	281255
0.09025	1.33327	111.795	149996	281255
0.09075	1.33327	111.795	149996	281255
0.09125	1.33327	111.795	149996	281255
0.09175	1.33327	111.795	149996	281255
0.09225	1.33327	111.795	149996	281255
0.09275	1.33327	111.795	149996	281255
0.09325	1.33327	111.795	149996	281255
0.09375	1.33327	111.795	149996	281255
0.09425	1.33327	111.795	149996	281255
0.09475	1.33327	111.795	149996	281255
0.09525	1.33327	111.795	149996	281255
0.09575	1.33327	111.795	149996	281255
0.09625	1.33327	111.795	149996	281255
0.09675	1.33327	111.795	149996	281255
0.09725	1.33327	111.795	149996	281255
0.09775	1.33327	111.795	149996	281255
0.09825	1.33327	111.795	149996	281255
0.09875	1.33327	111.795	149996	281255
0.09925	1.33327	111.795	149996	281255
0.09975	1.33327	111.795	149996	281255
0.10025	1.33327	111.795	149996	281255
0.10075	1.33327	111.795	149996	281255
0.10125	1.33327	111.795	149996	281255
0.10175	1.33327	111.795	149996	281255
0.10225	1.33327	111.795	149996	281255
0.10275	1.33327	111.795	149996	281255
0.10325	1.33327	111.795	149996	281255
0.10375	1.33327	111.795	149996	281255
0.10425	1.33327	111.795	149996	281255
0.10475	1.33327	111.795	149996	281255
0.10525	1.33327	111.795	149996	281255
0.10575	1.33327	111.795	149996	281255
0.10625	1.33327	111.795	149996	281255
0.10675	1.33327	111.795	149996	281255
0.10725	1.33327	111.795	149996	281255
0.10775	1.33327	111.795	149996	281255
0.10825	1.33327	111.795	149996	281255
0.10875	1.33327	111.795	149996	281255
0.10925	1.33327	111.795	149996	281255
0.10975	1.33327	111.795	149996	281255
0.11025	1.33327	111.795	149996	281255
0.11075	1.33327	111.795	149996	281255
0.11125	1.33327	111.795	149996	281255
0.11175	1.33327	111.795	149996	281255
0.11225	1.33327	111.795	149996	281255
0.11275	1.33327	111.795	149996	281255
0.11325	1.33327	111.795	149996	281255
0.11375	1.33327	111.795	149996	281255
0.11425	1.33327	111.795	149996	281255
0.11475	1.33327	111.795	149996	281255
0.11525	1.33327	111.795	149996	281255
0.11575	1.33327	111.795	149996	281255
0.11625	1.33327	111.795	149996	281255
0.11675	1.33327	111.795	149996	281255
0.11725	1.33327	111.795	149996	281255
0.11775	1.33327	111.795	149996	281255
0.11825	1.33327	111.795	149996	281255
0.11875	1.33327	111.795	149996	281255
0.11925	1.33327	111.795	149996	281255
0.11975	1.33327	111.795	149996	281255
0.12025	1.33327	111.795	149996	281255
0.12075	1.33327	111.795	149996	281255
0.12125	1.33327	111.795	149996	281255
0.12175	1.33327	111.795	149996	281255
0.12225	1.33327	111.795	149996	281255
0.12275	1.33327	111.795	149996	281255
0.12325	1.33327	111.795	149996	281255
0.12375	1.33327	111.795	149996	281255
0.12425	1.33327	111.795	149996	281255
0.12475	1.33327	111.795	149996	281255
0.12525	1.33327	111.795	149996	281255
0.12575	1.33327	111.795	149996	281255
0.12625	1.33327	111.795	149996	281255
0.12675	1.33327	111.795	149996	281255
0.12725	1.33327	111.795	149996	281255
0.12775	1.33327	111.795	149996	281255
0.12825	1.33327	111.795	149996	281255
0.12875	1.33327	111.795	149996	281255
0.12925	1.33327	111.795	149996	281255
0.12975	1.33327	111.795	149996	281255
0.13025	1.33327	111.795	149996	281255
0.13075	1.33327	111.795	149996	281255
0.13125	1.33327	111.795	149996	281255
0.13175	1.33327	111.795	149996	281255
0.13225	1.33327	111.795	149996	281255
0.13275	1.33327	111.795	149996	281255
0.13325	1.33327	111.795	149996	281255
0.13375	1.33327	111.795	149996	281255
0.13425	1.33327	111.795	149996	281255
0.13475	1.33327	111.795	149996	281255
0.13525	1.33327	111.795	149996	281255
0.13575	1.33327	111.795	149996	281255
0.13625	1.33327	111.795	149996	281255
0.13675	1.33327	111.795	149996	281255
0.13725	1.33327	111.795	149996	281255
0.13775	1.33327	111.795	149996	281255
0.13825	1.33327	111.795	149996	281255
0.13875	1.33327	111.795	149996	281255
0.13925	1.33327	111.795	149996	281255
0.13975	1.33327	111.795	149996	281255
0.14025	1.33327	111.795	149996	281255
0.14075	1.33327	111.795	149996	281255
0.14125	1.33327	111.795	149996	281255
0.14175	1.33327	111.795	149996	281255
0.14225	1.33327	111.795	149996	281255
0.14275	1.33327	111.795	149996	281255
0.14325	1.33327	111.795	149996	281255
0.14375	1.33327	111.795	149996	281255
0.14425	1.33327	111.795	149996	281255
0.14475	1.33327	111.795	149996	281255
0.14525	1.33327	111.795	149996	281255
0.14575	1.33327	111.795	149996	281255
0.14625	1.33327	111.795	149996	281255
0.14675	1.33327	111.795	149996	281255
0.14725	1.33327	111.795	149996	281255
0.14775	1.33327	111.795	149996	281255
0.14825	1.33327	111.795	149996	281255
0.14875	1.33327	111.795	149996	281255
0.14925	1.33327	111.795	149996	281255
0.14975	1.33327	111.795	149996	281255
0.15025	1.33327	111.795	149996	281255
0.15075	1.33327	111.795	149996	281255
0.15125	1.33327	111.795	149996	281255
0.15175	1.33327	111.795	149996	281255
0.15225	1.33327	111.795	149996	281255
0.15275	1.33327	111.795	149996	281255
0.15325	1.33327	111.795	149996	281255
0.15375	1.33327	111.795	149996	281255
0.15425	1.33327	111.795	149996	281255
0.15475	1.33327	111.795	149996	281255
0.15525	1.33327	111.795	149996	281255
0.15575	1.33327	111.795	149996	281255
0.15625	1.33327	111.795	149996	281255
0.15675	1.33327	111.795	149996	281255
0.15725	1.33327	111.795	149996	281255
0.15775	1.33327	111.795	149996	281255
0.15825	1.33327	111.795	149996	281255
0.15875	1.33327	111.795	149996	281255
0.15925	1.33327	111.795	149996	281255
0.15975	1.33327	111.795	149996	281255
0.16025	1.33327	111.795	149996	281255
0.16075	1.33327	111.795	149996	281255
0.16125	1.33327	111.795	149996	281255
0.16175	1.33327	111.795	149996	281255
0.16225	1.33327	111.795	149996	281255
0.16275	1.33327	111.795	149996	281255
0.16325	1.33327	111.795	149996	281255
0.16375	1.33327	111.795	149996	281255
0.16425	1.33327	111.795	149996	281255
0.16475	1.33327	111.795	149996	281255
0.16525	1.33327	111.795	149996	281255
0.16575	1.33327	111.795	149996	281255
0.16625	1.33327	111.795	149996	281255
0.16675	1.33327	111.795	149996	281255
0.16725	1.33327	111.795	149996	281255
0.16775	1.33327	111.795	149996	281255
0.16825	1.33327	111.795	149996	281255
0.16875	1.33327	111.795	149996	281255
0.16925	1.33327	111.795	149996	281255
0.16975	1.33327	111.795	149996	281255
0.17025	1.33327	111.795	149996	281255
0.17075	1.33327	111.795	149996	281255
0.17125	1.33327	111.795	149996	281255
0.17175	1.33327	111.795	149996	281255
0.17225	1.33327	111.795	149996	281255
0.17275	1.33327	111.795	149996	281255
0.17325	1.33327	111.795	149996	281255
0.17375	1.33327	111.795	149996	281255
0.17425	1.33327	111.795	149996	281255
0.17475	1.33327	111.795	149996	281255
0.17525	1.33327	111.795	149996	281255
0.17575	1.33327	111.795	149996	281255
0.17625	1.33327	111.795	149996	281255
0.17675	1.33327	111.795	149996	281255
0.17725	1.33327	111.795	149996	281255
0.17775	1.33327	111.795	149996	281255
0.17825	1.33327	111.795	149996	281255
0.17875	1.33327	111.795	149996	281255
0.17925	1.33327	111.795	149996	281255
0.17975	1.33327	111.795	149996	281255
0.18025	1.33327	111.795	149996	281255
0.18075	1.33327	111.795	149996	281255
0.18125	1.33327	111.795	149996	281255
0.18175	1.33327	111.795	149996	281255
0.18225	1.33327	111.795	149996	281255
0.18275	1.33327	111.795	149996	281255
0.18325	1.33327	111.795	149996	281255
0.18375	1.33327	111.795	149996	281255
0.18425	1.33327	111.795	149996	281255
0.18475	1.33327	111.795	149996	281255
0.18525	1.33327	111.795	149996	281255
0.18575	1.33327	111.795	149996	281255
0.18625	1.33327	111.795	149996	281255
0.18675	1.33327	111.795	149996	281255
0.18725	1.33327	111.795	149996	281255
0.18775	1.33327	111.795	149996	281255
0.18825	1.33327	111.795	149996	281255
0.18875	1.33327	111.795	149996	281255
0.18925	1.33327	111.795	149996	281255
0.18975	1.33327	111.795	149996	281255
0.19025	1.33327	111.795	149996	281255
0.19075	1.33327	111.795	149996	281255
0.19125	1.33327	111.795	149996	281255
0.19175	1.33327	111.795	149996	281255
0.19225	1.33327	111.795	149996	281255
0.19275	1.33327	111.795	149996	281255
0.19325	1.33327	111.795	149996	281255
0.19375	1.33327	111.795	149996	281255
0.19425	1.33327	111.795	149996	281255
0.19475	1.33327	111.795	149996	281256
0.19525	1.33326	111.795	149996	281256
0.19575	1.33326	111.795	149996	281257
0.19625	1.33326	111.795	149996	281258
0.19675	1.33325	111.795	149996	281259
0.19725	1.33324	111.795	149996	281261
0.19775	1.33323	111.795	149996	281263
0.19825	1.33322	111.795	149996	281266
0.19875	1.3332	111.795	149996	281270
0.19925	1.33317	111.795	149996	281276
0.19975	1.33314	111.795	149996	281282
0.20025	1.3331	111.795	149996	281291
0.20075	1.33305	111.795	149996	281301
0.20125	1.33299	111.795	149996	281314
0.20175	1.33291	111.795	149996	281331
0.20225	1.33282	111.795	149996	281350
0.20275	1.33271	111.795	149996	281374
0.20325	1.33258	111.795	149996	281401
0.20375	1.33242	111.795	149996	281433
0.20425	1.33226	111.795	149996	281468
0.20475	1.33213	111.795	149996	281496
0.20525	1.33204	111.795	149996	281515
0.20575	1.33198	111.795	149996	281528
0.20625	1.33194	111.795	149996	281535
0.20675	1.33193	111.795	149996	281538
0.20725	1.33193	111.795	149996	281539
0.20775	1.33193	111.795	149996	281539
0.20825	1.33193	111.795	149996	281537
0.20875	1.33195	111.795	149995	281533
0.20925	1.33198	111.795	149995	281526
0.20975	1.33203	111.795	149995	281516
0.21025	1.3321	111.796	149995	281501
0.21075	1.3322	111.796	149995	281481
0.21125	1.33231	111.797	149995	281456
0.21175	1.33244	111.798	149994	281427
0.21225	1.33259	111.799	149993	281393
0.21275	1.33272	111.801	149992	281364
0.21325	1.33282	111.805	149990	281340
0.21375	1.33289	111.809	149988	281320
0.21425	1.33294	111.815	149985	281304
0.21475	1.33297	111.823	149980	281290
0.21525	1.33297	111.834	149975	281279
0.21575	1.33296	111.849	149967	281268
0.21625	1.33292	111.869	149956	281256
0.21675	1.33285	111.896	149942	281244
0.21725	1.33275	111.931	149924	281230
0.21775	1.33261	111.976	149900	281214
0.21825	1.33243	112.033	149870	281195
0.21875	1.3322	112.105	149832	281173
0.21925	1.33191	112.194	149785	281146
0.21975	1.33155	112.303	149727	281113
0.22025	1.33111	112.436	149657	281075
0.22075	1.33059	112.593	149574	281029
0.22125	1.32997	112.779	149476	280975
0.22175	1.32925	112.995	149362	280913
0.22225	1.32842	113.243	149231	280843
0.22275	1.32749	113.523	149083	280763
0.22325	1.32644	113.837	148918	280673
0.22375	1.32528	114.184	148736	280575
0.22425	1.32402	114.563	148537	280467
0.22475	1.32265	114.973	148322	280350
0.22525	1.32118	115.412	148092	280226
0.22575	1.31963	115.879	147848	280093
0.22625	1.31799	116.371	147591	279954
0.22675	1.31628	116.885	147323	279809
0.22725	1.31451	117.419	147045	279657
0.22775	1.31268	117.97	146758	279501
0.22825	1.3108	118.537	146464	279341
0.22875	1.30888	119.118	146163	279177
0.22925	1.30692	119.71	145857	279010
0.22975	1.30493	120.312	145546	278839
0.23025	1.30291	120.924	145231	278667
0.23075	1.30087	121.542	144913	278492
0.23125	1.29882	122.167	144592	278316
0.23175	1.29674	122.799	144269	278138
0.23225	1.29465	123.435	143944	277958
0.23275	1.29255	124.077	143616	277777
0.23325	1.29043	124.723	143287	277595
0.23375	1.2883	125.373	142957	277412
0.23425	1.28616	126.028	142624	277228
0.23475	1.28402	126.686	142291	277043
0.23525	1.28187	127.345	141959	276857
0.23575	1.27973	128.003	141627	276672
0.23625	1.2776	128.661	141295	276487
0.23675	1.27546	129.319	140965	276302
0.23725	1.27333	129.976	140636	276118
0.23775	1.27121	130.633	140307	275933
0.23825	1.26909	131.289	139980	275749
0.23875	1.26697	131.944	139653	275565
0.23925	1.26486	132.599	139327	275381
0.23975	1.26275	133.253	139003	275198
0.24025	1.26065	133.907	138679	275014
0.24075	1.25856	134.56	138357	274832
0.24125	1.25647	135.212	138035	274649
0.24175	1.25438	135.863	137715	274467
0.24225	1.25231	136.513	137395	274284
0.24275	1.25023	137.162	137077	274103
0.24325	1.24816	137.811	136759	273921
0.24375	1.2461	138.458	136443	273740
0.24425	1.24405	139.104	136128	273559
0.24475	1.242	139.75	135814	273379
0.24525	1.23995	140.394	135502	273199
0.24575	1.23792	141.037	135190	273019
0.24625	1.23589	141.678	134880	272840
0.24675	1.23386	142.318	134571	272662
0.24725	1.23185	142.957	134263	272483
0.24775	1.22984	143.594	133957	272306
0.24825	1.22784	144.229	133653	272129
0.24875	1.22586	144.862	133350	271952
0.24925	1.22388	145.492	133048	271776
0.24975	1.22191	146.12	132749	271602
0.25025	1.21995	146.745	132451	271427
0.25075	1.21801	147.367	132156	271254
0.25125	1.21608	147.985	131863	271082
0.25175	1.21416	148.598	131572	270912
0.25225	1.21227	149.207	131285	270742
0.25275	1.21039	149.81	131000	270575
0.25325	1.20854	150.406	130720	270409
0.25375	1.20671	150.995	130443	270245
0.25425	1.20491	151.574	130171	270084
0.25475	1.20315	152.144	129905	269926
0.25525	1.20143	152.701	129644	269771
0.25575	1.19975	153.245	129390	269620
0.25625	1.19811	153.774	129144	269474
0.25675	1.19654	154.285	128906	269332
0.25725	1.19502	154.777	128678	269195
0.25775	1.19358	155.247	128460	269065
0.25825	1.19221	155.693	128253	268941
0.25875	1.19091	156.114	128059	268825
0.25925	1.18971	156.507	127877	268716
0.25975	1.18859	156.872	127709	268615
0.26025	1.18756	157.206	127555	268522
0.26075	1.18663	157.51	127415	268438
0.26125	1.1858	157.783	127290	268362
0.26175	1.18506	158.026	127178	268295
0.26225	1.18441	158.238	127080	268236
0.26275	1.18384	158.423	126996	268185
0.26325	1.18336	158.581	126923	268141
0.26375	1.18295	158.715	126862	268104
0.26425	1.18261	158.826	126811	268073
0.26475	1.18233	158.918	126769	268048
0.26525	1.1821	158.993	126734	268027
0.26575	1.18192	159.053	126707	268011
0.26625	1.18177	159.101	126685	267997
0.26675	1.18166	159.138	126668	267987
0.26725	1.18157	159.167	126655	267979
0.26775	1.1815	159.189	126645	267973
0.26825	1.18145	159.206	126637	267968
0.26875	1.18142	159.218	126631	267965
0.26925	1.18139	159.227	126627	267963
0.26975	1.18137	159.234	126624	267961
0.27025	1.18135	159.239	126622	267959
0.27075	1.18134	159.242	126620	267958
0.27125	1.18133	159.245	126619	267958
0.27175	1.18133	159.247	126618	267957
0.27225	1.18133	159.248	126618	267957
0.27275	1.18132	159.249	126617	267957
0.27325	1.18132	159.249	126617	267956
0.27375	1.18132	159.25	126617	267956
0.27425	1.18132	159.25	126617	267956
0.27475	1.18132	159.25	126617	267956
0.27525	1.18132	159.251	126616	267956
0.27575	1.18132	159.251	126616	267956
0.27625	1.18132	159.251	126616	267956
0.27675	1.18132	159.251	126616	267956
0.27725	1.18132	159.251	126616	267956
0.27775	1.18132	159.251	126616	267956
0.27825	1.18132	159.251	126616	267956
0.27875	1.18132	159.251	126616	267956
0.27925	1.18131	159.251	126616	267956
0.27975	1.18131	159.251	126616	267956
0.28025	1.18131	159.251	126616	267956
0.28075	1.18131	159.251	126616	267956
0.28125	1.18131	159.251	126616	267956
0.28175	1.18131	159.251	126616	267956
0.28225	1.18131	159.251	126616	267956
0.28275	1.18131	159.251	126616	267956
0.28325	1.18131	159.252	126616	267956
0.28375	1.18131	159.252	126616	267956
0.28425	1.18131	159.252	126616	267956
0.28475	1.18131	159.252	126616	267956
0.28525	1.18131	159.252	126616	267956
0.28575	1.18131	159.252	126616	267956
0.28625	1.18131	159.252	126616	267956
0.28675	1.18131	159.252	126616	267956
0.28725	1.18131	159.252	126616	267956
0.28775	1.18131	159.252	126616	267956
0.28825	1.18131	159.252	126616	267956
0.28875	1.18131	159.253	126616	267956
0.28925	1.18131	159.253	126616	267956
0.28975	1.18131	159.253	126615	267956
0.29025	1.18131	159.253	126615	267956
0.29075	1.18131	159.253	126615	267955
0.29125	1.18131	159.253	126615	267955
0.29175	1.18131	159.253	126615	267955
0.29225	1.18131	159.253	126615	267955
0.29275	1.18131	159.253	126615	267955
0.29325	1.18131	159.253	126615	267955
0.29375	1.18131	159.253	126615	267955
0.29425	1.18131	159.253	126615	267955
0.29475	1.18131	159.253	126615	267955
0.29525	1.18131	159.254	126615	267955
0.29575	1.18131	159.254	126615	267955
0.29625	1.18131	159.254	126615	267955
0.29675	1.18131	159.254	126615	267955
0.29725	1.18131	159.254	126615	267955
0.29775	1.18131	159.254	126615	267955
0.29825	1.18131	159.254	126615	267955
0.29875	1.18131	159.254	126615	267955
0.29925	1.18131	159.254	126615	267955
0.29975	1.18131	159.254	126615	267955
0.30025	1.18131	159.254	126615	267955
0.30075	1.18131	159.254	126615	267955
0.30125	1.18131	159.254	126615	267955
0.30175	1.18131	159.254	126615	267955
0.30225	1.18131	159.254	126615	267955
0.30275	1.18131	159.254	126615	267955
0.30325	1.18131	159.254	126615	267955
0.30375	1.18131	159.254	126615	267955
0.30425	1.18131	159.254	126615	267955
0.30475	1.18131	159.254	126615	267955
0.30525	1.18131	159.254	126615	267955
0.30575	1.18131	159.254	126615	267955
0.30625	1.18131	159.254	126615	267955
0.30675	1.18131	159.254	126615	267955
0.30725	1.18131	159.254	126615	267955
0.30775	1.18131	159.254	126615	267955
0.30825	1.18131	159.254	126615	267955
0.30875	1.18131	159.254	126615	267955
0.30925	1.18131	159.254	126615	267955
0.30975	1.18131	159.254	126615	267955
0.31025	1.18131	159.254	126615	267955
0.31075	1.18131	159.254	126615	267955
0.31125	1.18131	159.254	126615	267955
0.31175	1.18131	159.254	126615	267955
0.31225	1.18131	159.254	126615	267955
0.31275	1.18131	159.254	126615	267955
0.31325	1.18131	159.254	126615	267955
0.31375	1.18131	159.254	126615	267955
0.31425	1.18131	159.254	126615	267955
0.31475	1.18131	159.254	126615	267955
0.31525	1.18131	159.254	126615	267955
0.31575	1.18131	159.254	126615	267955
0.31625	1.18131	159.254	126615	267955
0.31675	1.18131	159.254	126615	267955
0.31725	1.18131	159.254	126615	267955
0.31775	1.18131	159.254	126615	267955
0.31825	1.18131	159.254	126615	267955
0.31875	1.18131	159.254	126615	267955
0.31925	1.18131	159.254	126615	267955
0.31975	1.18131	159.254	126615	267955
0.32025	1.18131	159.254	126615	267955
0.32075	1.18131	159.254	126615	267955
0.32125	1.18131	159.254	126615	267955
0.32175	1.18131	159.254	126615	267955
0.32225	1.18131	159.254	126615	267955
0.32275	1.1813	159.255	126615	267955
0.32325	1.1813	159.255	126615	267955
0.32375	1.1813	159.255	126615	267955
0.32425	1.1813	159.255	126615	267955
0.32475	1.1813	159.255	126615	267955
0.32525	1.1813	159.255	126615	267955
0.32575	1.1813	159.255	126615	267955
0.32625	1.1813	159.255	126615	267955
0.32675	1.1813	159.255	126615	267955
0.32725	1.1813	159.255	126615	267955
0.32775	1.1813	159.255	126615	267955
0.32825	1.1813	159.255	126615	267955
0.32875	1.1813	159.255	126615	267955
0.32925	1.1813	159.255	126615	267955
0.32975	1.1813	159.254	126615	267955
0.33025	1.1813	159.254	126615	267955
0.33075	1.1813	159.254	126615	267955
0.33125	1.1813	159.254	126615	267955
0.33175	1.1813	159.254	126615	267955
0.33225	1.1813	159.254	126615	267955
0.33275	1.1813	159.254	126615	267955
0.33325	1.1813	159.254	126615	267955
0.33375	1.1813	159.254	126615	267955
0.33425	1.1813	159.254	126615	267955
0.33475	1.1813	159.254	126615	267955
0.33525	1.1813	159.255	126615	267955
0.33575	1.1813	159.255	126615	267955
0.33625	1.1813	159.255	126615	267955
0.33675	1.1813	159.255	126615	267955
0.33725	1.1813	159.255	126615	267955
0.33775	1.1813	159.255	126615	267955
0.33825	1.1813	159.255	126615	267955
0.33875	1.1813	159.255	126615	267955
0.33925	1.1813	159.255	126615	267955
0.33975	1.1813	159.255	126615	267955
0.34025	1.1813	159.255	126615	267955
0.34075	1.1813	159.255	126615	267955
0.34125	1.1813	159.255	126615	267955
0.34175	1.1813	159.255	126615	267955
0.34225	1.1813	159.255	126615	267955
0.34275	1.1813	159.255	126615	267955
0.34325	1.1813	159.255	126615	267955
0.34375	1.1813	159.255	126615	267955
0.34425	1.1813	159.255	126615	267955
0.34475	1.1813	159.255	126615	267955
0.34525	1.1813	159.255	126615	267955
0.34575	1.1813	159.255	126615	267955
0.34625	1.1813	159.255	126615	267955
0.34675	1.1813	159.255	126615	267955
0.34725	1.1813	159.255	126615	267955
0.34775	1.1813	159.255	126615	267955
0.34825	1.1813	159.255	126615	267955
0.34875	1.1813	159.255	126615	267955
0.34925	1.1813	159.255	126615	267955
0.34975	1.1813	159.255	126615	267955
0.35025	1.1813	159.255	126615	267955
0.35075	1.1813	159.255	126615	267955
0.35125	1.1813	159.255	126615	267955
0.35175	1.1813	159.255	126615	267955
0.35225	1.1813	159.255	126615	267955
0.35275	1.1813	159.255	126615	267955
0.35325	1.1813	159.255	126615	267955
0.35375	1.1813	159.255	126615	267955
0.35425	1.1813	159.255	126615	267955
0.35475	1.1813	159.255	126615	267955
0.35525	1.1813	159.255	126615	267955
0.35575	1.1813	159.255	126615	267955
0.35625	1.1813	159.255	126615	267955
0.35675	1.1813	159.255	126615	267955
0.35725	1.1813	159.255	126615	267955
0.35775	1.1813	159.255	126615	267955
0.35825	1.1813	159.255	126615	267955
0.35875	1.1813	159.255	126615	267955
0.35925	1.1813	159.255	126615	267955
0.35975	1.1813	159.255	126615	267955
0.36025	1.1813	159.255	126615	267955
0.36075	1.1813	159.255	126615	267955
0.36125	1.1813	159.255	126615	267955
0.36175	1.1813	159.255	126615	267955
0.36225	1.1813	159.255	126615	267955
0.36275	1.1813	159.255	126615	267955
0.36325	1.1813	159.255	126615	267955
0.36375	1.1813	159.255	126615	267955
0.36425	1.1813	159.254	126615	267955
0.36475	1.1813	159.254	126615	267955
0.36525	1.18131	159.254	126615	267955
0.36575	1.18131	159.254	126615	267955
0.36625	1.18131	159.252	126616	267956
0.36675	1.18132	159.249	126617	267957
0.36725	1.18134	159.242	126620	267959
0.36775	1.18139	159.226	126628	267963
0.36825	1.18151	159.188	126645	267974
0.36875	1.18177	159.1	126685	267998
0.36925	1.18238	158.9	126777	268053
0.36975	1.18378	158.444	126986	268180
0.37025	1.18692	157.416	127458	268464
0.37075	1.19383	155.158	128500	269091
0.37125	1.20831	150.461	130690	270399
0.37175	1.23528	141.814	134804	272820
0.37225	1.26443	132.697	139276	275373
0.37275	1.28289	126.993	142131	276973
0.37325	1.2932	123.839	143733	277863
0.37375	1.29862	122.193	144575	278326
0.37425	1.30135	121.36	145003	278563
0.37475	1.30272	120.944	145217	278680
0.37525	1.30339	120.739	145322	278738
0.37575	1.30373	120.638	145375	278766
0.37625	1.3039	120.588	145400	278779
0.37675	1.30398	120.563	145413	278787
0.37725	1.30402	120.55	145419	278790
0.37775	1.30403	120.544	145422	278793
0.37825	1.30405	120.541	145424	278794
0.37875	1.30405	120.539	145425	278794
0.37925	1.30406	120.539	145425	278793
0.37975	1.30406	120.538	145426	278794
0.38025	1.30406	120.537	145426	278794
0.38075	1.30406	120.537	145426	278795
0.38125	1.30406	120.537	145426	278795
0.38175	1.30406	120.537	145427	278795
0.38225	1.30407	120.536	145427	278794
0.38275	1.30407	120.536	145427	278794
0.38325	1.30407	120.536	145427	278795
0.38375	1.30406	120.535	145427	278795
0.38425	1.30406	120.535	145427	278795
0.38475	1.30407	120.535	145427	278795
0.38525	1.30407	120.535	145427	278795
0.38575	1.30407	120.535	145427	278795
0.38625	1.30407	120.535	145427	278795
0.38675	1.30407	120.535	145427	278795
0.38725	1.30407	120.535	145427	278796
0.38775	1.30407	120.535	145428	278795
0.38825	1.30407	120.535	145427	278795
0.38875	1.30407	120.534	145427	278795
0.38925	1.30407	120.534	145427	278795
0.38975	1.30407	120.534	145427	278795
0.39025	1.30407	120.534	145427	278795
0.39075	1.30407	120.534	145428	278795
0.39125	1.30407	120.534	145428	278795
0.39175	1.30407	120.534	145428	278795
0.39225	1.30407	120.534	145428	278796
0.39275	1.30407	120.534	145428	278796
0.39325	1.30407	120.534	145428	278796
0.39375	1.30407	120.534	145428	278796
0.39425	1.30407	120.534	145428	278796
0.39475	1.30407	120.533	145428	278796
0.39525	1.30407	120.533	145428	278796
0.39575	1.30407	120.533	145428	278796
0.39625	1.30407	120.533	145428	278796
0.39675	1.30407	120.533	145428	278796
0.39725	1.30407	120.533	145428	278796
0.39775	1.30407	120.533	145428	278796
0.39825	1.30407	120.534	145428	278796
0.39875	1.30407	120.534	145428	278796
0.39925	1.30407	120.533	145428	278796
0.39975	1.30407	120.533	145428	278796
0.40025	1.30407	120.533	145428	278796
0.40075	1.30407	120.533	145428	278796
0.40125	1.30407	120.533	145428	278796
0.40175	1.30407	120.533	145428	278796
0.40225	1.30407	120.533	145428	278796
0.40275	1.30407	120.533	145428	278796
0.40325	1.30407	120.533	145428	278796
0.40375	1.30407	120.533	145428	278796
0.40425	1.30407	120.533	145428	278796
0.40475	1.30407	120.533	145428	278796
0.40525	1.30407	120.533	145428	278796
0.40575	1.30407	120.533	145428	278796
0.40625	1.30407	120.533	145428	278796
0.40675	1.30407	120.533	145428	278796
0.40725	1.30407	120.533	145428	278796
0.40775	1.30407	120.533	145428	278796
0.40825	1.30407	120.533	145428	278796
0.40875	1.30407	120.533	145428	278796
0.40925	1.30407	120.533	145428	278796
0.40975	1.30407	120.533	145428	278796
0.41025	1.30407	120.533	145428	278796
0.41075	1.30407	120.533	145428	278796
0.41125	1.30407	120.533	145428	278796
0.41175	1.30407	120.533	145428	278796
0.41225	1.30407	120.533	145428	278796
0.41275	1.30407	120.533	145428	278796
0.41325	1.30407	120.533	145428	278796
0.41375	1.30407	120.533	145428	278796
0.41425	1.30407	120.533	145428	278796
0.41475	1.30407	120.533	145428	278796
0.41525	1.30407	120.533	145428	278796
0.41575	1.30407	120.533	145428	278796
0.41625	1.30407	120.532	145428	278796
0.41675	1.30407	120.532	145428	278796
0.41725	1.30407	120.532	145428	278796
0.41775	1.30407	120.533	145428	278796
0.41825	1.30407	120.533	145428	278797
0.41875	1.30407	120.533	145428	278797
0.41925	1.30407	120.533	145428	278797
0.41975	1.30407	120.533	145428	278797
0.42025	1.30407	120.533	145428	278797
0.42075	1.30407	120.533	145428	278797
0.42125	1.30407	120.533	145428	278797
0.42175	1.30407	120.533	145428	278797
0.42225	1.30407	120.533	145428	278797
0.42275	1.30407	120.532	145428	278797
0.42325	1.30407	120.532	145428	278797
0.42375	1.30407	120.533	145428	278797
0.42425	1.30407	120.533	145428	278797
0.42475	1.30407	120.533	145429	278797
0.42525	1.30407	120.532	145429	278797
0.42575	1.30407	120.532	145429	278797
0.42625	1.30407	120.532	145428	278797
0.42675	1.30407	120.532	145428	278797
0.42725	1.30407	120.532	145428	278797
0.42775	1.30407	120.532	145428	278797
0.42825	1.30407	120.532	145428	278797
0.42875	1.30407	120.532	145428	278797
0.42925	1.30407	120.532	145428	278797
0.42975	1.30407	120.532	145428	278797
0.43025	1.30407	120.533	145428	278797
0.43075	1.30407	120.532	145429	278797
0.43125	1.30407	120.532	145429	278797
0.43175	1.30407	120.532	145429	278797
0.43225	1.30407	120.532	145429	278797
0.43275	1.30407	120.532	145429	278797
0.43325	1.30407	120.532	145429	278797
0.43375	1.30407	120.532	145428	278797
0.43425	1.30407	120.532	145428	278797
0.43475	1.30407	120.532	145428	278797
0.43525	1.30407	120.532	145428	278797
0.43575	1.30407	120.532	145429	278798
0.43625	1.30407	120.532	145429	278798
0.43675	1.30407	120.532	145429	278798
0.43725	1.30407	120.532	145429	278798
0.43775	1.30407	120.532	145429	278798
0.43825	1.30407	120.532	145429	278798
0.43875	1.30407	120.532	145429	278798
0.43925	1.30407	120.532	145429	278798
0.43975	1.30407	120.532	145429	278798
0.44025	1.30407	120.532	145429	278798
0.44075	1.30407	120.532	145429	278798
0.44125	1.30407	120.532	145429	278798
0.44175	1.30407	120.532	145429	278798
0.44225	1.30407	120.532	145429	278798
0.44275	1.30407	120.532	145429	278798
0.44325	1.30407	120.532	145429	278798
0.44375	1.30407	120.532	145429	278798
0.44425	1.30407	120.532	145429	278798
0.44475	1.30406	120.532	145429	278799
0.44525	1.30406	120.532	145429	278799
0.44575	1.30406	120.532	145429	278799
0.44625	1.30406	120.532	145429	278799
0.44675	1.30406	120.532	145429	278799
0.44725	1.30406	120.532	145429	278799
0.44775	1.30406	120.532	145429	278799
0.44825	1.30406	120.532	145429	278799
0.44875	1.30406	120.532	145429	278799
0.44925	1.30406	120.532	145429	278799
0.44975	1.30406	120.532	145429	278799
0.45025	1.30406	120.532	145429	278800
0.45075	1.30406	120.532	145429	278800
0.45125	1.30406	120.532	145429	278800
0.45175	1.30406	120.532	145429	278800
0.45225	1.30406	120.532	145429	278800
0.45275	1.30406	120.532	145429	278800
0.45325	1.30406	120.532	145429	278800
0.45375	1.30406	120.532	145429	278800
0.45425	1.30406	120.532	145429	278801
0.45475	1.30406	120.532	145429	278801
0.45525	1.30406	120.532	145429	278801
0.45575	1.30406	120.532	145429	278801
0.45625	1.30406	120.532	145429	278801
0.45675	1.30406	120.532	145429	278801
0.45725	1.30405	120.532	145429	278801
0.45775	1.30405	120.532	145429	278802
0.45825	1.30405	120.532	145429	278802
0.45875	1.30405	120.532	145429	278802
0.45925	1.30405	120.531	145429	278802
0.45975	1.30405	120.531	145429	278802
0.46025	1.30405	120.531	145429	278802
0.46075	1.30405	120.531	145429	278803
0.46125	1.30405	120.531	145429	278803
0.46175	1.30405	120.531	145429	278803
0.46225	1.30405	120.531	145429	278803
0.46275	1.30405	120.531	145429	278804
0.46325	1.30404	120.531	145429	278804
0.46375	1.30404	120.531	145429	278804
0.46425	1.30404	120.531	145429	278805
0.46475	1.30404	120.531	145429	278805
0.46525	1.30404	120.531	145429	278805
0.46575	1.30404	120.531	145429	278805
0.46625	1.30404	120.531	145429	278806
0.46675	1.30403	120.531	145429	278806
0.46725	1.30403	120.531	145429	278807
0.46775	1.30404	120.53	145430	278807
0.46825	1.30404	120.527	145431	278809
0.46875	1.30407	120.519	145436	278811
0.46925	1.30413	120.499	145446	278817
0.46975	1.30429	120.451	145471	278831
0.47025	1.30464	120.343	145526	278862
0.47075	1.30539	120.114	145644	278927
0.47125	1.30688	119.663	145877	279055
0.47175	1.3096	118.839	146303	279289
0.47225	1.31413	117.474	147012	279676
0.47275	1.3192	115.948	147807	280108
0.47325	1.32283	114.856	148378	280417
0.47375	1.32514	114.166	148741	280614
0.47425	1.32646	113.77	148949	280727
0.47475	1.32715	113.562	149058	280787
0.47525	1.32748	113.462	149111	280816
0.47575	1.32762	113.418	149134	280830
0.47625	1.32767	113.4	149143	280836
0.47675	1.32769	113.393	149147	280839
0.47725	1.32769	113.391	149148	280842
0.47775	1.32768	113.39	149149	280844
0.47825	1.32768	113.389	149149	280846
0.47875	1.32767	113.388	149149	280849
0.47925	1.32766	113.387	149150	280852
0.47975	1.32764	113.387	149150	280855
0.48025	1.32763	113.386	149151	280859
0.48075	1.32761	113.386	149151	280864
0.48125	1.32758	113.386	149151	280870
0.48175	1.32755	113.385	149151	280877
0.48225	1.32751	113.385	149151	280885
0.48275	1.32747	113.385	149151	280895
0.48325	1.32741	113.384	149152	280906
0.48375	1.32737	113.384	149152	280915
0.48425	1.32735	113.384	149152	280920
0.48475	1.32734	113.384	149152	280923
0.48525	1.32733	113.383	149152	280924
0.48575	1.32733	113.383	149152	280924
0.48625	0.175188	113.383	149152	1.27072e+06
0.48675	0.175188	113.383	149152	1.27072e+06
0.48725	0.175188	113.383	149152	1.27072e+06
0.48775	0.175188	113.383	149152	1.27072e+06
0.48825	0.175188	113.383	149152	1.27072e+06
0.48875	0.175188	113.383	149152	1.27072e+06
0.48925	0.175188	113.383	149152	1.27072e+06
0.48975	0.175187	113.382	149152	1.27073e+06
0.49025	0.175186	113.382	149152	1.27073e+06
0.49075	0.175186	113.382	149152	1.27074e+06
0.49125	0.175184	113.382	149152	1.27075e+06
0.49175	0.175183	113.382	149152	1.27075e+06
0.49225	0.175182	113.382	149152	1.27076e+06
0.49275	0.175181	113.382	149152	1.27077e+06
0.49325	0.175179	113.382	149152	1.27078e+06
0.49375	0.175178	113.381	149152	1.27079e+06
0.49425	0.175177	113.381	149152	1.2708e+06
0.49475	0.175176	113.381	149152	1.27081e+06
0.49525	0.175175	113.381	149152	1.27081e+06
0.49575	0.175175	113.381	149152	1.27082e+06
0.49625	0.175174	113.38	149152	1.27082e+06
0.49675	0.175173	113.38	149152	1.27083e+06
0.49725	0.175172	113.38	149152	1.27084e+06
0.49775	0.175171	113.38	149152	1.27084e+06
0.49825	0.17517	113.379	149152	1.27085e+06
0.49875	0.17517	113.379	149152	1.27085e+06
0.49925	0.175169	113.379	149152	1.27086e+06
0.49975	0.175168	113.379	149152	1.27086e+06
0.50025	0.175167	113.378	149152	1.27087e+06
0.50075	0.175167	113.378	149152	1.27087e+06
0.50125	0.175166	113.378	149152	1.27088e+06
0.50175	0.175165	113.378	149152	1.27088e+06
0.50225	0.175165	113.378	149152	1.27089e+06
0.50275	0.175164	113.379	149152	1.27089e+06
0.50325	0.175163	113.379	149152	1.2709e+06
0.50375	0.175163	113.379	149152	1.2709e+06
0.50425	0.175162	113.379	149152	1.27091e+06
0.50475	0.175162	113.379	149152	1.27091e+06
0.50525	0.175161	113.379	149152	1.27092e+06
0.50575	0.17516	113.378	149152	1.27092e+06
0.50625	0.17516	113.378	149152	1.27092e+06
0.50675	0.175159	113.377	149152	1.27093e+06
0.50725	0.175158	113.375	149151	1.27093e+06
0.50775	0.175158	113.374	149151	1.27093e+06
0.50825	0.175157	113.373	149151	1.27094e+06
0.50875	0.175156	113.373	149151	1.27094e+06
0.50925	0.175156	113.373	149151	1.27095e+06
0.50975	0.175155	113.373	149151	1.27095e+06
0.51025	0.175155	113.373	149151	1.27095e+06
0.51075	0.175154	113.374	149151	1.27096e+06
0.51125	0.175154	113.375	149152	1.27096e+06
0.51175	0.175153	113.377	149152	1.27097e+06
0.51225	0.175153	113.378	149152	1.27098e+06
0.51275	0.175153	113.38	149153	1.27098e+06
0.51325	0.175152	113.38	149153	1.27099e+06
0.51375	0.175151	113.38	149153	1.27099e+06
0.51425	0.175151	113.38	149153	1.271e+06
0.51475	0.17515	113.378	149152	1.271e+06
0.51525	0.175148	113.374	149152	1.27101e+06
0.51575	0.175147	113.37	149151	1.27101e+06
0.51625	0.175145	113.364	149149	1.27101e+06
0.51675	0.175143	113.359	149148	1.27101e+06
0.51725	0.175142	113.355	149148	1.27102e+06
0.51775	0.175141	113.353	149147	1.27102e+06
0.51825	0.17514	113.353	149147	1.27103e+06
0.51875	0.175139	113.354	149147	1.27104e+06
0.51925	0.175139	113.358	149148	1.27104e+06
0.51975	0.175139	113.367	149150	1.27106e+06
0.52025	0.175139	113.373	149151	1.27107e+06
0.52075	0.175139	113.376	149152	1.27108e+06
0.52125	0.175138	113.375	149152	1.27108e+06
0.52175	0.175136	113.369	149150	1.27108e+06
0.52225	0.175133	113.351	149147	1.27108e+06
0.52275	0.175127	113.316	149139	1.27106e+06
0.52325	0.175118	113.26	149128	1.27102e+06
0.52375	0.175106	113.182	149111	1.27097e+06
0.52425	0.175089	113.072	149088	1.27089e+06
0.52475	0.175064	112.906	149054	1.27078e+06
0.52525	0.175026	112.646	148999	1.2706e+06
0.52575	0.174966	112.242	148915	1.27031e+06
0.52625	0.174876	111.631	148788	1.26988e+06
0.52675	0.174743	110.73	148600	1.26924e+06
0.52725	0.174604	109.785	148403	1.26857e+06
0.52775	0.174503	109.098	148261	1.26808e+06
0.52825	0.174437	108.649	148167	1.26776e+06
0.52875	0.174397	108.377	148111	1.26757e+06
0.52925	0.174373	108.219	148078	1.26746e+06
0.52975	0.174359	108.126	148059	1.2674e+06
0.53025	0.174351	108.068	148047	1.26736e+06
0.53075	0.174345	108.029	148039	1.26734e+06
0.53125	0.17434	108.002	148033	1.26732e+06
0.53175	0.174337	107.982	148029	1.26731e+06
0.53225	0.174335	107.969	148026	1.2673e+06
0.53275	0.174333	107.961	148025	1.2673e+06
0.53325	0.174333	107.957	148024	1.2673e+06
0.53375	0.174332	107.954	148023	1.26729e+06
0.53425	0.174332	107.953	148023	1.2673e+06
0.53475	0.174331	107.952	148023	1.2673e+06
0.53525	0.174331	107.952	148023	1.2673e+06
0.53575	0.174331	107.952	148023	1.2673e+06
0.53625	0.174331	107.952	148023	1.2673e+06
0.53675	0.174331	107.951	148023	1.2673e+06
0.53725	0.174331	107.951	148023	1.2673e+06
0.53775	0.174331	107.951	148023	1.2673e+06
0.53825	0.17433	107.951	148023	1.2673e+06
0.53875	0.17433	107.951	148023	1.2673e+06
0.53925	0.17433	107.951	148023	1.2673e+06
0.53975	0.17433	107.951	148023	1.2673e+06
0.54025	0.17433	107.951	148023	1.2673e+06
0.54075	0.17433	107.951	148023	1.26731e+06
0.54125	0.17433	107.951	148023	1.26731e+06
0.54175	0.17433	107.951	148023	1.26731e+06
0.54225	0.17433	107.951	148023	1.26731e+06
0.54275	0.174329	107.951	148023	1.26731e+06
0.54325	0.174329	107.951	148023	1.26731e+06
0.54375	0.174329	107.951	148023	1.26731e+06
0.54425	0.174329	107.951	148023	1.26731e+06
0.54475	0.174329	107.95	148023	1.26731e+06
0.54525	0.174329	107.95	148023	1.26731e+06
0.54575	0.174329	107.95	148023	1.26732e+06
0.54625	0.174328	107.95	148023	1.26732e+06
0.54675	0.174328	107.95	148023	1.26732e+06
0.54725	0.174328	107.95	148023	1.26732e+06
0.54775	0.174328	107.95	148023	1.26732e+06
0.54825	0.174328	107.95	148023	1.26732e+06
0.54875	0.174328	107.95	148023	1.26732e+06
0.54925	0.174328	107.95	148023	1.26732e+06
0.54975	0.174328	107.95	148023	1.26732e+06
0.55025	0.174328	107.95	148023	1.26732e+06
0.55075	0.174328	107.95	148023	1.26732e+06
0.55125	0.174328	107.95	148023	1.26732e+06
0.55175	0.174328	107.95	148023	1.26732e+06
0.55225	0.174328	107.95	148023	1.26732e+06
0.55275	0.174328	107.95	148023	1.26732e+06
0.55325	0.174327	107.95	148023	1.26732e+06
0.55375	0.174327	107.95	148023	1.26732e+06
0.55425	0.174327	107.95	148023	1.26732e+06
0.55475	0.174327	107.95	148023	1.26733e+06
0.55525	0.174327	107.95	148023	1.26733e+06
0.55575	0.174327	107.95	148023	1.26733e+06
0.55625	0.174327	107.95	148023	1.26733e+06
0.55675	0.174327	107.95	148023	1.26733e+06
0.55725	0.174327	107.95	148023	1.26733e+06
0.55775	0.174327	107.95	148023	1.26733e+06
0.55825	0.174327	107.95	148023	1.26733e+06
0.55875	0.174326	107.95	148023	1.26733e+06
0.55925	0.174326	107.95	148023	1.26733e+06
0.55975	0.174326	107.95	148023	1.26733e+06
0.56025	0.174326	107.95	148023	1.26733e+06
0.56075	0.174326	107.95	148023	1.26733e+06
0.56125	0.174326	107.95	148023	1.26733e+06
0.56175	0.174326	107.95	148023	1.26733e+06
0.56225	0.174326	107.95	148023	1.26733e+06
0.56275	0.174326	107.95	148023	1.26733e+06
0.56325	0.174326	107.95	148023	1.26733e+06
0.56375	0.174326	107.95	148023	1.26733e+06
0.56425	0.174326	107.95	148023	1.26733e+06
0.56475	0.174326	107.95	148023	1.26733e+06
0.56525	0.174326	107.95	148023	1.26733e+06
0.56575	0.174326	107.95	148023	1.26733e+06
0.56625	0.174326	107.95	148023	1.26733e+06
0.56675	0.174326	107.95	148023	1.26733e+06
0.56725	0.174326	107.95	148023	1.26733e+06
0.56775	0.174326	107.95	148023	1.26734e+06
0.56825	0.174326	107.95	148023	1.26734e+06
0.56875	0.174326	107.95	148023	1.26734e+06
0.56925	0.174326	107.95	148023	1.26734e+06
0.56975	0.174326	107.95	148023	1.26734e+06
0.57025	0.174326	107.95	148023	1.26733e+06
0.57075	0.174326	107.95	148023	1.26733e+06
0.57125	0.174326	107.95	148023	1.26733e+06
0.57175	0.174326	107.95	148023	1.26733e+06
0.57225	0.174326	107.95	148023	1.26733e+06
0.57275	0.174326	107.95	148023	1.26733e+06
0.57325	0.174326	107.95	148023	1.26734e+06
0.57375	0.174326	107.95	148023	1.26734e+06
0.57425	0.174326	107.95	148023	1.26734e+06
0.57475	0.174326	107.95	148023	1.26734e+06
0.57525	0.174326	107.95	148023	1.26734e+06
0.57575	0.174326	107.949	148023	1.26734e+06
0.57625	0.174326	107.949	148023	1.26734e+06
0.57675	0.174326	107.949	148023	1.26734e+06
0.57725	0.174325	107.949	148023	1.26734e+06
0.57775	0.174325	107.949	148023	1.26734e+06
0.57825	0.174325	107.949	148023	1.26734e+06
0.57875	0.174325	107.949	148023	1.26734e+06
0.57925	0.174325	107.949	148023	1.26734e+06
0.57975	0.174325	107.949	148023	1.26734e+06
0.58025	0.174325	107.949	148023	1.26734e+06
0.58075	0.174325	107.949	148023	1.26734e+06
0.58125	0.174325	107.949	148023	1.26734e+06
0.58175	0.174325	107.949	148023	1.26734e+06
0.58225	0.174325	107.949	148023	1.26734e+06
0.58275	0.174325	107.949	148023	1.26734e+06
0.58325	0.174325	107.949	148023	1.26734e+06
0.58375	0.174325	107.949	148023	1.26734e+06
0.58425	0.174325	107.949	148023	1.26734e+06
0.58475	0.174325	107.948	148023	1.26734e+06
0.58525	0.174325	107.948	148023	1.26734e+06
0.58575	0.174325	107.948	148023	1.26734e+06
0.58625	0.174325	107.948	148023	1.26734e+06
0.58675	0.174325	107.948	148023	1.26734e+06
0.58725	0.174325	107.948	148023	1.26734e+06
0.58775	0.174325	107.948	148023	1.26734e+06
0.58825	0.174325	107.948	148023	1.26734e+06
0.58875	0.174325	107.948	148023	1.26734e+06
0.58925	0.174326	107.948	148023	1.26734e+06
0.58975	0.174326	107.948	148023	1.26734e+06
0.59025	0.174326	107.948	148023	1.26734e+06
0.59075	0.174326	107.948	148023	1.26734e+06
0.59125	0.174326	107.948	148023	1.26734e+06
0.59175	0.174326	107.948	148023	1.26734e+06
0.59225	0.174326	107.948	148023	1.26734e+06
0.59275	0.174326	107.948	148023	1.26734e+06
0.59325	0.174326	107.948	148023	1.26734e+06
0.59375	0.174326	107.948	148023	1.26734e+06
0.59425	0.174326	107.948	148023	1.26734e+06
0.59475	0.174325	107.948	148023	1.26734e+06
0.59525	0.174325	107.948	148023	1.26734e+06
0.59575	0.174325	107.948	148023	1.26734e+06
0.59625	0.174325	107.948	148023	1.26734e+06
0.59675	0.174325	107.948	148023	1.26734e+06
0.59725	0.174325	107.948	148023	1.26734e+06
0.59775	0.174325	107.948	148023	1.26734e+06
0.59825	0.174325	107.948	148022	1.26734e+06
0.59875	0.174325	107.948	148022	1.26734e+06
0.59925	0.174325	107.948	148022	1.26734e+06
0.59975	0.174325	107.948	148022	1.26734e+06
0.60025	0.174325	107.948	148022	1.26734e+06
0.60075	0.174325	107.948	148022	1.26734e+06
0.60125	0.174325	107.948	148022	1.26734e+06
0.60175	0.174325	107.948	148022	1.26734e+06
0.60225	0.174325	107.948	148022	1.26734e+06
0.60275	0.174325	107.948	148022	1.26734e+06
0.60325	0.174325	107.948	148022	1.26734e+06
0.60375	0.174325	107.948	148022	1.26734e+06
0.60425	0.174325	107.948	148022	1.26734e+06
0.60475	0.174325	107.948	148022	1.26734e+06
0.60525	0.174325	107.948	148022	1.26734e+06
0.60575	0.174325	107.948	148022	1.26734e+06
0.60625	0.174325	107.948	148022	1.26734e+06
0.60675	0.174325	107.948	148022	1.26734e+06
0.60725	0.174325	107.948	148022	1.26734e+06
0.60775	0.174325	107.948	148022	1.26734e+06
0.60825	0.174325	107.948	148022	1.26734e+06
0.60875	0.174325	107.948	148022	1.26734e+06
0.60925	0.174325	107.948	148022	1.26734e+06
0.60975	0.174325	107.948	148022	1.26734e+06
0.61025	0.174325	107.948	148022	1.26734e+06
0.61075	0.174325	107.948	148022	1.26734e+06
0.61125	0.174325	107.948	148022	1.26734e+06
0.61175	0.174325	107.948	148022	1.26734e+06
0.61225	0.174325	107.948	148022	1.26734e+06
0.61275	0.174325	107.948	148022	1.26734e+06
0.61325	0.174325	107.948	148022	1.26734e+06
0.61375	0.174325	107.948	148022	1.26734e+06
0.61425	0.174325	107.948	148022	1.26734e+06
0.61475	0.174325	107.948	148022	1.26734e+06
0.61525	0.174324	107.948	148022	1.26734e+06
0.61575	0.174324	107.948	148022	1.26734e+06
0.61625	0.174324	107.947	148022	1.26734e+06
0.61675	0.174324	107.947	148022	1.26734e+06
0.61725	0.174324	107.947	148022	1.26735e+06
0.61775	0.174324	107.947	148022	1.26735e+06
0.61825	0.174324	107.947	148022	1.26735e+06
0.61875	0.174324	107.947	148022	1.26735e+06
0.61925	0.174324	107.947	148022	1.26735e+06
0.61975	0.174324	107.947	148022	1.26735e+06
0.62025	0.174324	107.947	148022	1.26735e+06
0.62075	0.174324	107.947	148022	1.26735e+06
0.62125	0.174324	107.947	148022	1.26735e+06
0.62175	0.174324	107.947	148023	1.26735e+06
0.62225	0.174324	107.947	148023	1.26735e+06
0.62275	0.174324	107.947	148023	1.26735e+06
0.62325	0.174324	107.947	148023	1.26735e+06
0.62375	0.174324	107.947	148023	1.26735e+06
0.62425	0.174324	107.947	148023	1.26735e+06
0.62475	0.174324	107.947	148023	1.26735e+06
0.62525	0.174324	107.947	148023	1.26735e+06
0.62575	0.174324	107.947	148023	1.26735e+06
0.62625	0.174323	107.947	148023	1.26735e+06
0.62675	0.174323	107.947	148023	1.26735e+06
0.62725	0.174323	107.947	148023	1.26735e+06
0.62775	0.174323	107.947	148023	1.26735e+06
0.62825	0.174323	107.947	148023	1.26735e+06
0.62875	0.174323	107.947	148023	1.26735e+06
0.62925	0.174323	107.947	148022	1.26735e+06
0.62975	0.174323	107.947	148022	1.26735e+06
0.63025	0.174323	107.947	148022	1.26735e+06
0.63075	0.174323	107.947	148022	1.26735e+06
0.63125	0.174323	107.947	148022	1.26735e+06
0.63175	0.174323	107.947	148022	1.26736e+06
0.63225	0.174323	107.947	148022	1.26736e+06
0.63275	0.174323	107.947	148022	1.26736e+06
0.63325	0.174322	107.947	148022	1.26736e+06
0.63375	0.174322	107.947	148022	1.26736e+06
0.63425	0.174322	107.947	148022	1.26736e+06
0.63475	0.174322	107.947	148022	1.26736e+06
0.63525	0.174322	107.947	148022	1.26736e+06
0.63575	0.174322	107.947	148022	1.26736e+06
0.63625	0.174322	107.947	148022	1.26736e+06
0.63675	0.174322	107.947	148022	1.26736e+06
0.63725	0.174322	107.947	148022	1.26736e+06
0.63775	0.174322	107.947	148022	1.26736e+06
0.63825	0.174322	107.947	148022	1.26736e+06
0.63875	0.174322	107.947	148022	1.26736e+06
0.63925	0.174322	107.947	148022	1.26736e+06
0.63975	0.174322	107.947	148022	1.26736e+06
0.64025	0.174322	107.947	148022	1.26736e+06
0.64075	0.174322	107.947	148022	1.26736e+06
0.64125	0.174322	107.947	148022	1.26736e+06
0.64175	0.174322	107.947	148022	1.26736e+06
0.64225	0.174323	107.947	148022	1.26736e+06
0.64275	0.174323	107.947	148022	1.26736e+06
0.64325	0.174323	107.947	148022	1.26736e+06
0.64375	0.174323	107.947	148022	1.26736e+06
0.64425	1.32041	107.947	148022	280258
0.64475	1.32041	107.947	148022	280258
0.64525	1.32042	107.947	148022	280257
0.64575	1.32044	107.947	148022	280252
0.64625	1.32049	107.947	148022	280241
0.64675	1.32058	107.947	148022	280222
0.64725	1.32071	107.947	148022	280195
0.64775	1.32088	107.947	148022	280159
0.64825	1.32108	107.947	148022	280117
0.64875	1.32124	107.947	148022	280082
0.64925	1.32136	107.947	148022	280056
0.64975	1.32145	107.947	148022	280037
0.65025	1.32152	107.947	148022	280023
0.65075	1.32157	107.947	148022	280012
0.65125	1.32161	107.947	148022	280003
0.65175	1.32165	107.947	148022	279996
0.65225	1.32167	107.947	148022	279990
0.65275	1.3217	107.947	148022	279985
0.65325	1.32172	107.947	148022	279981
0.65375	1.32173	107.947	148022	279978
0.65425	1.32175	107.947	148022	279975
0.65475	1.32176	107.947	148022	279972
0.65525	1.32177	107.947	148022	279970
0.65575	1.32178	107.947	148022	279968
0.65625	1.32179	107.947	148022	279966
0.65675	1.3218	107.947	148022	279964
0.65725	1.3218	107.947	148022	279963
0.65775	1.32181	107.947	148022	279962
0.65825	1.32181	107.947	148022	279960
0.65875	1.32182	107.947	148022	279959
0.65925	1.32182	107.947	148022	279959
0.65975	1.32183	107.947	148022	279958
0.66025	1.32183	107.947	148022	279957
0.66075	1.32183	107.946	148022	279956
0.66125	1.32184	107.946	148022	279955
0.66175	1.32184	107.946	148022	279955
0.66225	1.32184	107.946	148022	279954
0.66275	1.32185	107.946	148022	279954
0.66325	1.32185	107.946	148022	279953
0.66375	1.32185	107.946	148022	279953
0.66425	1.32185	107.946	148022	279952
0.66475	1.32185	107.946	148022	279952
0.66525	1.32185	107.946	148022	279952
0.66575	1.32186	107.946	148022	279952
0.66625	1.32186	107.946	148022	279951
0.66675	1.32186	107.946	148022	279951
0.66725	1.32186	107.946	148022	279951
0.66775	1.32186	107.946	148022	279951
0.66825	1.32186	107.947	148022	279950
0.66875	1.32186	107.946	148022	279950
0.66925	1.32186	107.946	148022	279950
0.66975	1.32186	107.946	148022	279950
0.67025	1.32186	107.946	148022	279950
0.67075	1.32186	107.946	148022	279949
0.67125	1.32186	107.946	148022	279949
0.67175	1.32186	107.946	148022	279949
0.67225	1.32187	107.946	148022	279949
0.67275	1.32187	107.946	148022	279949
0.67325	1.32187	107.946	148022	279949
0.67375	1.32187	107.946	148022	279949
0.67425	1.32187	107.946	148022	279949
0.67475	1.32187	107.946	148022	279949
0.67525	1.32187	107.946	148022	279948
0.67575	1.32187	107.946	148022	279948
0.67625	1.32187	107.946	148022	279948
0.67675	1.32187	107.946	148022	279948
0.67725	1.32187	107.946	148022	279948
0.67775	1.32187	107.946	148022	279948
0.67825	1.32187	107.946	148022	279948
0.67875	1.32187	107.946	148022	279948
0.67925	1.32187	107.946	148022	279948
0.67975	1.32187	107.946	148022	279948
0.68025	1.32187	107.946	148022	279948
0.68075	1.32187	107.946	148022	279948
0.68125	1.32187	107.946	148022	279948
0.68175	1.32187	107.946	148022	279948
0.68225	1.32187	107.946	148022	279947
0.68275	1.32187	107.946	148022	279947
0.68325	1.32187	107.945	148022	279947
0.68375	1.32187	107.945	148022	279947
0.68425	1.32187	107.945	148021	279947
0.68475	1.32187	107.945	148021	279947
0.68525	1.32187	107.945	148021	279947
0.68575	1.32187	107.945	148021	279947
0.68625	1.32187	107.945	148021	279947
0.68675	1.32187	107.945	148021	279947
0.68725	1.32187	107.945	148021	279947
0.68775	1.32187	107.945	148021	279947
0.68825	1.32187	107.944	148021	279947
0.68875	1.32187	107.944	148021	279947
0.68925	1.32187	107.944	148021	279947
0.68975	1.32187	107.944	148021	279947
0.69025	1.32187	107.944	148021	279947
0.69075	1.32187	107.944	148021	279947
0.69125	1.32187	107.944	148021	279947
0.69175	1.32187	107.944	148021	279947
0.69225	1.32187	107.944	148021	279947
0.69275	1.32187	107.944	148021	279946
0.69325	1.32187	107.944	148021	279946
0.69375	1.32187	107.944	148021	279946
0.69425	1.32187	107.944	148021	279946
0.69475	1.32187	107.943	148021	279946
0.69525	1.32187	107.943	148020	279946
0.69575	1.32186	107.943	148020	279946
0.69625	1.32186	107.943	148020	279946
0.69675	1.32186	107.943	148020	279946
0.69725	1.32186	107.942	148020	279946
0.69775	1.32186	107.942	148020	279946
0.69825	1.32186	107.942	148020	279946
0.69875	1.32186	107.941	148020	279946
0.69925	1.32186	107.941	148019	279946
0.69975	1.32186	107.94	148019	279945
0.70025	1.32186	107.94	148019	279945
0.70075	1.32185	107.939	148018	279945
0.70125	1.32185	107.938	148018	279945
0.70175	1.32184	107.935	148017	279944
0.70225	1.32183	107.932	148015	279943
0.70275	1.32181	107.926	148012	279941
0.70325	1.32178	107.916	148007	279939
0.70375	1.32172	107.9	147998	279934
0.70425	1.32163	107.873	147984	279926
0.70475	1.32148	107.829	147961	279914
0.70525	1.32125	107.758	147923	279894
0.70575	1.32087	107.644	147864	279861
0.70625	1.32027	107.465	147770	279811
0.70675	1.31935	107.188	147626	279733
0.70725	1.31794	106.766	147406	279613
0.70775	1.31584	106.135	147077	279435
0.70825	1.31277	105.211	146597	279174
0.70875	1.30841	103.895	145915	278802
0.70925	1.30241	102.081	144980	278290
0.70975	1.29454	99.6882	143753	277615
0.71025	1.28627	97.1625	142469	276904
0.71075	1.28005	95.254	141506	276367
0.71125	1.27567	93.9061	140828	275988
0.71175	1.2727	92.9888	140369	275731
0.71225	1.27074	92.3828	140066	275561
0.71275	1.26947	91.9914	139871	275451
0.71325	1.26867	91.7435	139748	275381
0.71375	1.26818	91.5891	139671	275338
0.71425	1.26787	91.4944	139624	275312
0.71475	1.26769	91.4372	139595	275296
0.71525	1.26757	91.403	139578	275286
0.71575	1.26751	91.3829	139568	275280
0.71625	1.26747	91.3713	139562	275277
0.71675	1.26745	91.3646	139559	275275
0.71725	1.26744	91.3608	139557	275274
0.71775	1.26743	91.3587	139556	275273
0.71825	1.26743	91.3575	139555	275273
0.71875	1.26742	91.3568	139555	275273
0.71925	1.26742	91.3565	139555	275273
0.71975	1.26742	91.3563	139555	275273
0.72025	1.26742	91.3561	139555	275273
0.72075	1.26742	91.3561	139555	275273
0.72125	1.26742	91.356	139555	275273
0.72175	1.26742	91.356	139555	275273
0.72225	1.26742	91.3559	139555	275273
0.72275	1.26742	91.3559	139554	275273
0.72325	1.26742	91.3558	139554	275273
0.72375	1.26742	91.3557	139554	275273
0.72425	1.26742	91.3557	139554	275273
0.72475	1.26742	91.3556	139554	275273
0.72525	1.26742	91.3555	139554	275273
0.72575	1.26742	91.3554	139554	275273
0.72625	1.26742	91.3553	139554	275273
0.72675	1.26742	91.3552	139554	275273
0.72725	1.26742	91.3551	139554	275273
0.72775	1.26742	91.3551	139554	275272
0.72825	1.26742	91.355	139554	275272
0.72875	1.26742	91.355	139554	275272
0.72925	1.26742	91.3549	139554	275272
0.72975	1.26742	91.3548	139554	275272
0.73025	1.26742	91.3548	139554	275272
0.73075	1.26742	91.3547	139554	275272
0.73125	1.26742	91.3547	139554	275272
0.73175	1.26742	91.3546	139554	275272
0.73225	1.26742	91.3546	139554	275272
0.73275	1.26742	91.3546	139554	275272
0.73325	1.26742	91.3545	139554	275272
0.73375	1.26742	91.3545	139554	275272
0.73425	1.26742	91.3545	139554	275272
0.73475	1.26742	91.3545	139554	275272
0.73525	1.26742	91.3545	139554	275272
0.73575	1.26742	91.3545	139554	275272
0.73625	1.26742	91.3545	139554	275272
0.73675	1.26742	91.3544	139554	275272
0.73725	1.26742	91.3544	139554	275272
0.73775	1.26742	91.3543	139554	275272
0.73825	1.26742	91.3542	139554	275272
0.73875	1.26742	91.3541	139554	275272
0.73925	1.26742	91.354	139554	275272
0.73975	1.26742	91.3539	139554	275272
0.74025	1.26742	91.3538	139554	275272
0.74075	1.26742	91.3538	139554	275272
0.74125	1.26742	91.3538	139554	275272
0.74175	1.26742	91.3538	139554	275272
0.74225	1.26742	91.3538	139554	275272
0.74275	1.26742	91.3538	139554	275272
0.74325	1.26742	91.3538	139554	275272
0.74375	1.26741	91.3539	139554	275272
0.74425	1.26741	91.3539	139554	275272
0.74475	1.26741	91.3538	139554	275272
0.74525	1.26741	91.3538	139554	275272
0.74575	1.26742	91.3538	139554	275272
0.74625	1.26742	91.3538	139554	275272
0.74675	1.26742	91.3538	139554	275272
0.74725	1.26742	91.3539	139554	275272
0.74775	1.26742	91.3539	139554	275272
0.74825	1.26742	91.3539	139554	275272
0.74875	1.26741	91.3539	139554	275272
0.74925	1.26741	91.3539	139554	275272
0.74975	1.26741	91.3539	139554	275272
0.75025	1.26741	91.3539	139554	275272
0.75075	1.26741	91.3539	139554	275272
0.75125	1.26741	91.3539	139554	275272
0.75175	1.26741	91.3539	139554	275272
0.75225	1.26741	91.3539	139554	275272
0.75275	1.26742	91.3538	139554	275272
0.75325	1.26742	91.3537	139554	275272
0.75375	1.26742	91.3536	139554	275272
0.75425	1.26742	91.3535	139554	275272
0.75475	1.26742	91.3535	139554	275272
0.75525	1.26742	91.3535	139554	275272
0.75575	1.26742	91.3535	139554	275272
0.75625	1.26741	91.3535	139554	275272
0.75675	1.26741	91.3536	139554	275272
0.75725	1.26741	91.3536	139554	275272
0.75775	1.26741	91.3536	139554	275272
0.75825	1.26741	91.3537	139554	275272
0.75875	1.26741	91.3537	139554	275272
0.75925	1.26742	91.3537	139554	275272
0.75975	1.26742	91.3537	139553	275272
0.76025	1.26742	91.3537	139553	275272
0.76075	1.26741	91.3537	139553	275272
0.76125	1.26741	91.3537	139553	275272
0.76175	1.26741	91.3537	139553	275272
0.76225	1.26741	91.3538	139553	275272
0.76275	1.26741	91.3538	139553	275272
0.76325	1.26741	91.3538	139553	275272
0.76375	1.26741	91.3538	139553	275272
0.76425	1.26741	91.3538	139553	275272
0.76475	1.26741	91.3538	139553	275272
0.76525	1.26742	91.3538	139553	275272
0.76575	1.26742	91.3537	139554	275272
0.76625	1.26742	91.3536	139554	275272
0.76675	1.26742	91.3535	139554	275272
0.76725	1.26742	91.3535	139554	275272
0.76775	1.26742	91.3535	139554	275272
0.76825	1.26741	91.3535	139554	275272
0.76875	1.26741	91.3536	139554	275272
0.76925	1.26741	91.3536	139554	275272
0.76975	1.26741	91.3536	139554	275272
0.77025	1.26741	91.3536	139554	275272
0.77075	1.26741	91.3536	139554	275272
0.77125	1.26742	91.3537	139554	275272
0.77175	1.26742	91.3537	139554	275272
0.77225	1.26742	91.3537	139554	275272
0.77275	1.26742	91.3537	139554	275272
0.77325	1.26742	91.3537	139554	275272
0.77375	1.26742	91.3537	139554	275272
0.77425	1.26741	91.3538	139554	275272
0.77475	1.26741	91.3538	139554	275272
0.77525	1.26741	91.3538	139554	275272
0.77575	1.26741	91.3538	139554	275272
0.77625	1.26741	91.3539	139554	275272
0.77675	1.26741	91.354	139554	275272
0.77725	1.26741	91.3541	139554	275272
0.77775	1.26742	91.354	139554	275272
0.77825	1.26742	91.3539	139554	275272
0.77875	1.26742	91.3539	139554	275272
0.77925	1.26742	91.3541	139554	275272
0.77975	1.26742	91.3542	139554	275272
0.78025	1.26741	91.3542	139554	275272
0.78075	1.26742	91.354	139554	275272
0.78125	1.26742	91.3539	139554	275272
0.78175	1.26741	91.3541	139554	275272
0.78225	1.26741	91.3544	139554	275272
0.78275	1.26741	91.3544	139554	275272
0.78325	1.26742	91.3537	139554	275272
0.78375	1.26742	91.3531	139554	275272
0.78425	1.26742	91.3532	139554	275272
0.78475	1.26742	91.354	139554	275272
0.78525	1.26742	91.3544	139554	275272
0.78575	1.26742	91.3543	139554	275272
0.78625	1.26742	91.3541	139554	275272
0.78675	1.26742	91.3544	139554	275272
0.78725	1.26742	91.3549	139554	275272
0.78775	1.26742	91.3545	139554	275272
0.78825	1.26742	91.3537	139554	275273
0.78875	1.26742	91.3539	139554	275273
0.78925	1.26741	91.3559	139553	275272
0.78975	1.26741	91.3561	139553	275272
0.79025	1.26742	91.353	139554	275272
0.79075	1.26742	91.3494	139555	275273
0.79125	1.2674	91.3497	139551	275271
0.79175	1.26736	91.3465	139545	275267
0.79225	1.26731	91.3228	139537	275263
0.79275	1.26716	91.2644	139514	275250
0.79325	1.26673	91.1336	139447	275212
0.79375	1.2656	90.8033	139274	275115
0.79425	1.26283	89.9417	138847	274872
0.79475	1.25588	87.7575	137778	274266
0.79525	1.23876	82.3818	135156	272763
0.79575	1.19936	69.7822	129157	269221
0.79625	1.12282	44.3635	117731	262131
0.79675	1.0514	19.0092	107303	255144
0.79725	1.01883	7.01891	102651	251885
0.79775	1.00651	2.43222	100913	250651
0.79825	1.0022	0.822679	100308	250220
0.79875	1.00074	0.27596	100103	250074
0.79925	1.00025	0.0923107	100035	250025
0.79975	1.00008	0.0308502	100012	250008
0.80025	1.00003	0.0103071	100004	250003
0.80075	1.00001	0.0034433	100001	250001
0.80125	1	0.00115028	100000	250000
0.80175	1	0.000384268	100000	250000
0.80225	1	0.000128371	100000	250000
0.80275	1	4.28845e-05	100000	250000
0.80325	1	1.43265e-05	100000	250000
0.80375	1	4.78608e-06	100000	250000
0.80425	1	1.59891e-06	100000	250000
0.80475	1	5.34157e-07	100000	250000
0.80525	1	1.78449e-07	100000	250000
0.80575	1	5.96158e-08	100000	250000
0.80625	1	1.99161e-08	100000	250000
0.80675	1	6.65334e-09	100000	250000
0.80725	1	2.22249e-09	100000	250000
0.80775	1	7.42287e-10	100000	250000
0.80825	1	2.47774e-10	100000	250000
0.80875	1	8.25745e-11	100000	250000
0.80925	1	2.73814e-11	100000	250000
0.80975	1	8.9409e-12	100000	250000
0.81025	1	2.75553e-12	100000	250000
0.81075	1	7.66696e-13	100000	250000
0.81125	1	1.27113e-13	100000	250000
0.81175	1	-1.19925e-13	100000	250000
0.81225	1	-2.30183e-13	100000	250000
0.81275	1	-2.81905e-13	100000	250000
0.81325	1	-2.75223e-13	100000	250000
0.81375	1	-2.7192e-13	100000	250000
0.81425	1	-3.03526e-13	100000	250000
0.81475	1	-3.02951e-13	100000	250000
0.81525	1	-3.095e-13	100000	250000
0.81575	1	-3.07774e-13	100000	250000
0.81625	1	-2.94786e-13	100000	250000
0.81675	1	-2.93626e-13	100000	250000
0.81725	1	-2.74776e-13	100000	250000
0.81775	1	-2.81039e-13	100000	250000
0.81825	1	-3.02402e-13	100000	250000
0.81875	1	-3.22326e-13	100000	250000
0.81925	1	-3.92413e-13	100000	250000
0.81975	1	-3.53965e-13	100000	250000
0.82025	1	-3.62323e-13	100000	250000
0.82075	1	-3.62258e-13	100000	250000
0.82125	1	-3.62197e-13	100000	250000
0.82175	1	-3.60617e-13	100000	250000
0.82225	1	-4.32508e-13	100000	250000
0.82275	1	-4.62611e-13	100000	250000
0.82325	1	-4.60919e-13	100000	250000
0.82375	1	-4.50682e-13	100000	250000
0.82425	1	-4.32489e-13	100000	250000
0.82475	1	-4.52424e-13	100000	250000
0.82525	1	-4.82511e-13	100000	250000
0.82575	1	-4.72621e-13	100000	250000
0.82625	1	-4.72728e-13	100000	250000
0.82675	1	-5.1109e-13	100000	250000
0.82725	1	-5.04359e-13	100000	250000
0.82775	1	-5.51249e-13	100000	250000
0.82825	1	-5.71367e-13	100000	250000
0.82875	1	-5.8155e-13	100000	250000
0.82925	1	-5.7311e-13	100000	250000
0.82975	1	-5.52967e-13	100000	250000
0.83025	1	-5.42924e-13	100000	250000
0.83075	1	-5.32969e-13	100000	250000
0.83125	1	-5.63102e-13	100000	250000
0.83175	1	-5.73112e-13	100000	250000
0.83225	1	-5.63088e-13	100000	250000
0.83275	1	-5.22902e-13	100000	250000
0.83325	1	-5.33055e-13	100000	250000
0.83375	1	-5.43086e-13	100000	250000
0.83425	1	-5.5311e-13	100000	250000
0.83475	1	-5.63153e-13	100000	250000
0.83525	1	-5.81454e-13	100000	250000
0.83575	1	-5.52842e-13	100000	250000
0.83625	1	-5.91263e-13	100000	250000
0.83675	1	-6.0263e-13	100000	250000
0.83725	1	-6.32348e-13	100000	250000
0.83775	1	-6.2134e-13	100000	250000
0.83825	1	-5.98422e-13	100000	250000
0.83875	1	-5.94672e-13	100000	250000
0.83925	1	-6.22644e-13	100000	250000
0.83975	1	-6.11838e-13	100000	250000
0.84025	1	-6.01276e-13	100000	250000
0.84075	1	-6.02516e-13	100000	250000
0.84125	1	-6.39333e-13	100000	250000
0.84175	1	-6.42449e-13	100000	250000
0.84225	1	-6.19038e-13	100000	250000
0.84275	1	-6.22275e-13	100000	250000
0.84325	1	-6.30806e-13	100000	250000
0.84375	1	-5.9084e-13	100000	250000
0.84425	1	-5.70902e-13	100000	250000
0.84475	1	-5.61015e-13	100000	250000
0.84525	1	-5.00826e-13	100000	250000
0.84575	1	-4.90829e-13	100000	250000
0.84625	1	-5.10918e-13	100000	250000
0.84675	1	-5.10511e-13	100000	250000
0.84725	1	-5.09365e-13	100000	250000
0.84775	1	-5.47728e-13	100000	250000
0.84825	1	-5.16345e-13	100000	250000
0.84875	1	-5.45883e-13	100000	250000
0.84925	1	-5.85949e-13	100000	250000
0.84975	1	-5.66468e-13	100000	250000
0.85025	1	-5.38012e-13	100000	250000
0.85075	1	-5.69427e-13	100000	250000
0.85125	1	-5.70584e-13	100000	250000
0.85175	1	-5.76742e-13	100000	250000
0.85225	1	-5.83533e-13	100000	250000
0.85275	1	-5.79356e-13	100000	250000
0.85325	1	-5.82368e-13	100000	250000
0.85375	1	-5.50177e-13	100000	250000
0.85425	1	-5.39824e-13	100000	250000
0.85475	1	-5.3976e-13	100000	250000
0.85525	1	-5.59711e-13	100000	250000
0.85575	1	-5.59597e-13	100000	250000
0.85625	1	-5.59592e-13	100000	250000
0.85675	1	-5.39576e-13	100000	250000
0.85725	1	-5.2941e-13	100000	250000
0.85775	1	-5.19414e-13	100000	250000
0.85825	1	-5.0943e-13	100000	250000
0.85875	1	-5.09385e-13	100000	250000
0.85925	1	-4.79267e-13	100000	250000
0.85975	1	-4.32458e-13	100000	250000
0.86025	1	-3.89062e-13	100000	250000
0.86075	1	-3.38798e-13	100000	250000
0.86125	1	-3.28772e-13	100000	250000
0.86175	1	-3.69086e-13	100000	250000
0.86225	1	-3.99291e-13	100000	250000
0.86275	1	-3.79255e-13	100000	250000
0.86325	1	-3.39037e-13	100000	250000
0.86375	1	-3.3904e-13	100000	250000
0.86425	1	-3.18965e-13	100000	250000
0.86475	1	-3.08904e-13	100000	250000
0.86525	1	-3.18974e-13	100000	250000
0.86575	1	-2.88953e-13	100000	250000
0.86625	1	-2.97272e-13	100000	250000
0.86675	1	-2.90547e-13	100000	250000
0.86725	1	-2.97249e-13	100000	250000
0.86775	1	-2.78793e-13	100000	250000
0.86825	1	-2.78726e-13	100000	250000
0.86875	1	-2.88771e-13	100000	250000
0.86925	1	-2.97325e-13	100000	250000
0.86975	1	-2.89081e-13	100000	250000
0.87025	1	-2.80697e-13	100000	250000
0.87075	1	-2.87368e-13	100000	250000
0.87125	1	-3.0895e-13	100000	250000
0.87175	1	-2.90653e-13	100000	250000
0.87225	1	-2.99056e-13	100000	250000
0.87275	1	-2.89118e-13	100000	250000
0.87325	1	-3.10872e-13	100000	250000
0.87375	1	-2.79051e-13	100000	250000
0.87425	1	-2.80652e-13	100000	250000
0.87475	1	-2.7745e-13	100000	250000
0.87525	1	-2.30655e-13	100000	250000
0.87575	1	-2.39012e-13	100000	250000
0.87625	1	-2.30545e-13	100000	250000
0.87675	1	-2.38939e-13	100000	250000
0.87725	1	-2.67383e-13	100000	250000
0.87775	1	-2.28849e-13	100000	250000
0.87825	1	-1.88711e-13	100000	250000
0.87875	1	-2.18896e-13	100000	250000
0.87925	1	-2.28945e-13	100000	250000
0.87975	1	-2.10683e-13	100000	250000
0.88025	1	-2.29188e-13	100000	250000
0.88075	1	-2.4924e-13	100000	250000
0.88125	1	-2.97612e-13	100000	250000
0.88175	1	-3.00818e-13	100000	250000
0.88225	1	-2.99114e-13	100000	250000
0.88275	1	-3.30756e-13	100000	250000
0.88325	1	-3.40778e-13	100000	250000
0.88375	1	-3.19114e-13	100000	250000
0.88425	1	-2.99107e-13	100000	250000
0.88475	1	-3.19076e-13	100000	250000
0.88525	1	-3.49189e-13	100000	250000
0.88575	1	-2.9897e-13	100000	250000
0.88625	1	-2.89109e-13	100000	250000
0.88675	1	-3.19282e-13	100000	250000
0.88725	1	-3.4934e-13	100000	250000
0.88775	1	-3.29439e-13	100000	250000
0.88825	1	-3.19458e-13	100000	250000
0.88875	1	-3.19339e-13	100000	250000
0.88925	1	-3.57795e-13	100000	250000
0.88975	1	-3.99445e-13	100000	250000
0.89025	1	-4.07775e-13	100000	250000
0.89075	1	-4.4953e-13	100000	250000
0.89125	1	-4.59564e-13	100000	250000
0.89175	1	-4.29536e-13	100000	250000
0.89225	1	-4.29616e-13	100000	250000
0.89275	1	-4.39559e-13	100000	250000
0.89325	1	-3.99392e-13	100000	250000
0.89375	1	-3.89283e-13	100000	250000
0.89425	1	-3.79105e-13	100000	250000
0.89475	1	-4.09199e-13	100000	250000
0.89525	1	-4.19267e-13	100000	250000
0.89575	1	-4.19205e-13	100000	250000
0.89625	1	-4.09196e-13	100000	250000
0.89675	1	-4.39267e-13	100000	250000
0.89725	1	-4.29281e-13	100000	250000
0.89775	1	-4.2937e-13	100000	250000
0.89825	1	-4.29351e-13	100000	250000
0.89875	1	-4.09317e-13	100000	250000
0.89925	1	-4.39353e-13	100000	250000
0.89975	1	-4.39338e-13	100000	250000
0.90025	1	-4.3938e-13	100000	250000
0.90075	1	-4.29329e-13	100000	250000
0.90125	1	-4.19368e-13	100000	250000
0.90175	1	-4.0954e-13	100000	250000
0.90225	1	-3.99622e-13	100000	250000
0.90275	1	-4.29844e-13	100000	250000
0.90325	1	-4.29817e-13	100000	250000
0.90375	1	-3.99771e-13	100000	250000
0.90425	1	-4.19878e-13	100000	250000
0.90475	1	-4.19732e-13	100000	250000
0.90525	1	-4.19621e-13	100000	250000
0.90575	1	-3.89447e-13	100000	250000
0.90625	1	-4.09453e-13	100000	250000
0.90675	1	-4.09378e-13	100000	250000
0.90725	1	-3.91051e-13	100000	250000
0.90775	1	-3.89521e-13	100000	250000
0.90825	1	-3.49508e-13	100000	250000
0.90875	1	-3.19436e-13	100000	250000
0.90925	1	-2.79417e-13	100000	250000
0.90975	1	-2.7948e-13	100000	250000
0.91025	1	-2.79625e-13	100000	250000
0.91075	1	-2.89602e-13	100000	250000
0.91125	1	-2.69319e-13	100000	250000
0.91175	1	-2.69319e-13	100000	250000
0.91225	1	-2.67817e-13	100000	250000
0.91275	1	-2.6942e-13	100000	250000
0.91325	1	-2.5937e-13	100000	250000
0.91375	1	-2.49393e-13	100000	250000
0.91425	1	-2.79514e-13	100000	250000
0.91475	1	-2.89409e-13	100000	250000
0.91525	1	-3.31203e-13	100000	250000
0.91575	1	-3.39709e-13	100000	250000
0.91625	1	-3.49613e-13	100000	250000
0.91675	1	-3.69619e-13	100000	250000
0.91725	1	-3.77932e-13	100000	250000
0.91775	1	-3.71248e-13	100000	250000
0.91825	1	-3.99696e-13	100000	250000
0.91875	1	-4.09749e-13	100000	250000
0.91925	1	-3.79741e-13	100000	250000
0.91975	1	-3.79734e-13	100000	250000
0.92025	1	-3.6976e-13	100000	250000
0.92075	1	-3.69764e-13	100000	250000
0.92125	1	-3.79686e-13	100000	250000
0.92175	1	-3.89653e-13	100000	250000
0.92225	1	-4.08054e-13	100000	250000
0.92275	1	-4.49796e-13	100000	250000
0.92325	1	-4.59909e-13	100000	250000
0.92375	1	-4.19868e-13	100000	250000
0.92425	1	-3.99828e-13	100000	250000
0.92475	1	-3.59637e-13	100000	250000
0.92525	1	-3.59627e-13	100000	250000
0.92575	1	-3.6961e-13	100000	250000
0.92625	1	-3.69531e-13	100000	250000
0.92675	1	-3.39571e-13	100000	250000
0.92725	1	-3.59621e-13	100000	250000
0.92775	1	-4.19715e-13	100000	250000
0.92825	1	-4.09711e-13	100000	250000
0.92875	1	-4.29783e-13	100000	250000
0.92925	1	-4.69936e-13	100000	250000
0.92975	1	-4.59992e-13	100000	250000
0.93025	1	-4.49965e-13	100000	250000
0.93075	1	-4.49844e-13	100000	250000
0.93125	1	-4.49815e-13	100000	250000
0.93175	1	-4.79958e-13	100000	250000
0.93225	1	-4.8e-13	100000	250000
0.93275	1	-4.70066e-13	100000	250000
0.93325	1	-4.80113e-13	100000	250000
0.93375	1	-5.10117e-13	100000	250000
0.93425	1	-5.21796e-13	100000	250000
0.93475	1	-5.40339e-13	100000	250000
0.93525	1	-5.40508e-13	100000	250000
0.93575	1	-5.50717e-13	100000	250000
0.93625	1	-5.50797e-13	100000	250000
0.93675	1	-5.59178e-13	100000	250000
0.93725	1	-5.60801e-13	100000	250000
0.93775	1	-5.7083e-13	100000	250000
0.93825	1	-5.22349e-13	100000	250000
0.93875	1	-5.00638e-13	100000	250000
0.93925	1	-5.20662e-13	100000	250000
0.93975	1	-5.20675e-13	100000	250000
0.94025	1	-5.10681e-13	100000	250000
0.94075	1	-4.80583e-13	100000	250000
0.94125	1	-5.00653e-13	100000	250000
0.94175	1	-4.80614e-13	100000	250000
0.94225	1	-4.4054e-13	100000	250000
0.94275	1	-4.82314e-13	100000	250000
0.94325	1	-4.90712e-13	100000	250000
0.94375	1	-4.72305e-13	100000	250000
0.94425	1	-4.60599e-13	100000	250000
0.94475	1	-4.40532e-13	100000	250000
0.94525	1	-4.40486e-13	100000	250000
0.94575	1	-3.98715e-13	100000	250000
0.94625	1	-3.80323e-13	100000	250000
0.94675	1	-3.70296e-13	100000	250000
0.94725	1	-3.80307e-13	100000	250000
0.94775	1	-3.70279e-13	100000	250000
0.94825	1	-3.70312e-13	100000	250000
0.94875	1	-3.60256e-13	100000	250000
0.94925	1	-3.60214e-13	100000	250000
0.94975	1	-3.40136e-13	100000	250000
0.95025	1	-3.50157e-13	100000	250000
0.95075	1	-3.50167e-13	100000	250000
0.95125	1	-3.58563e-13	100000	250000
0.95175	1	-3.61847e-13	100000	250000
0.95225	1	-3.68579e-13	100000	250000
0.95275	1	-3.60215e-13	100000	250000
0.95325	1	-3.50193e-13	100000	250000
0.95375	1	-3.6022e-13	100000	250000
0.95425	1	-3.80249e-13	100000	250000
0.95475	1	-4.00297e-13	100000	250000
0.95525	1	-3.80261e-13	100000	250000
0.95575	1	-3.70247e-13	100000	250000
0.95625	1	-3.70263e-13	100000	250000
0.95675	1	-3.70276e-13	100000	250000
0.95725	1	-3.40208e-13	100000	250000
0.95775	1	-3.3857e-13	100000	250000
0.95825	1	-3.71925e-13	100000	250000
0.95875	1	-3.8031e-13	100000	250000
0.95925	1	-3.68643e-13	100000	250000
0.95975	1	-4.10425e-13	100000	250000
0.96025	1	-4.2047e-13	100000	250000
0.96075	1	-4.00431e-13	100000	250000
0.96125	1	-3.80363e-13	100000	250000
0.96175	1	-3.80373e-13	100000	250000
0.96225	1	-4.00439e-13	100000	250000
0.96275	1	-4.00426e-13	100000	250000
0.96325	1	-4.30551e-13	100000	250000
0.96375	1	-4.50635e-13	100000	250000
0.96425	1	-4.70665e-13	100000	250000
0.96475	1	-4.99093e-13	100000	250000
0.96525	1	-4.92364e-13	100000	250000
0.96575	1	-4.89094e-13	100000	250000
0.96625	1	-4.80704e-13	100000	250000
0.96675	1	-4.70677e-13	100000	250000
0.96725	1	-4.6067e-13	100000	250000
0.96775	1	-4.60683e-13	100000	250000
0.96825	1	-4.50627e-13	100000	250000
0.96875	1	-4.60685e-13	100000	250000
0.96925	1	-4.62311e-13	100000	250000
0.96975	1	-4.37296e-13	100000	250000
0.97025	1	-4.70664e-13	100000	250000
0.97075	1	-4.60647e-13	100000	250000
0.97125	1	-4.40576e-13	100000	250000
0.97175	1	-3.83696e-13	100000	250000
0.97225	1	-4.00466e-13	100000	250000
0.97275	1	-3.80426e-13	100000	250000
0.97325	1	-4.02111e-13	100000	250000
0.97375	1	-4.60655e-13	100000	250000
0.97425	1	-4.59014e-13	100000	250000
0.97475	1	-4.50657e-13	100000	250000
0.97525	1	-4.74023e-13	100000	250000
0.97575	1	-5.10847e-13	100000	250000
0.97625	1	-5.12515e-13	100000	250000
0.97675	1	-4.90831e-13	100000	250000
0.97725	1	-4.62402e-13	100000	250000
0.97775	1	-4.30702e-13	100000	250000
0.97825	1	-4.40707e-13	100000	250000
0.97875	1	-4.30689e-13	100000	250000
0.97925	1	-4.30694e-13	100000	250000
0.97975	1	-4.20677e-13	100000	250000
0.98025	1	-4.40754e-13	100000	250000
0.98075	1	-4.3072e-13	100000	250000
0.98125	1	-4.10636e-13	100000	250000
0.98175	1	-4.32329e-13	100000	250000
0.98225	1	-4.39082e-13	100000	250000
0.98275	1	-4.02253e-13	100000	250000
0.98325	1	-4.20659e-13	100000	250000
0.98375	1	-4.40705e-13	100000	250000
0.98425	1	-4.22314e-13	100000	250000
0.98475	1	-4.2067e-13	100000	250000
0.98525	1	-4.30687e-13	100000	250000
0.98575	1	-4.00601e-13	100000	250000
0.98625	1	-4.20636e-13	100000	250000
0.98675	1	-4.20641e-13	100000	250000
0.98725	1	-4.30696e-13	100000	250000
0.98775	1	-4.10669e-13	100000	250000
0.98825	1	-3.9067e-13	100000	250000
0.98875	1	-3.50614e-13	100000	250000
0.98925	1	-3.48992e-13	100000	250000
0.98975	1	-3.5064e-13	100000	250000
0.99025	1	-3.70687e-13	100000	250000
0.99075	1	-4.00759e-13	100000	250000
0.99125	1	-3.70673e-13	100000	250000
0.99175	1	-3.80727e-13	100000	250000
0.99225	1	-3.80741e-13	100000	250000
0.99275	1	-3.6068e-13	100000	250000
0.99325	1	-3.40638e-13	100000	250000
0.99375	1	-3.00532e-13	100000	250000
0.99425	1	-2.90509e-13	100000	250000
0.99475	1	-3.32234e-13	100000	250000
0.99525	1	-3.48982e-13	100000	250000
0.99575	1	-3.42246e-13	100000	250000
0.99625	1	-3.40609e-13	100000	250000
0.99675	1	-3.20553e-13	100000	250000
0.99725	1	-3.20561e-13	100000	250000
0.99775	1	-3.20566e-13	100000	250000
0.99825	1	-3.30579e-13	100000	250000
0.99875	1	-3.60641e-13	100000	250000
0.99925	1	-3.7067e-13	100000	250000
0.99975	1	-3.7067e-13	100000	250000
