x	rho	u	p	e
0.00025	1.33327	111.795	149996	281255
0.00075	1.33327	111.795	149996	281255
0.00125	1.33327	111.795	149996	281255
0.00175	1.33327	111.795	149996	281255
0.00225	1.33327	111.795	149996	281255
0.00275	1.33327	111.795	149996	281255
0.00325	1.33327	111.795	149996	281255
0.00375	1.33327	111.795	149996	281255
0.00425	1.33327	111.795	149996	281255
0.00475	1.33327	111.795	149996	281255
0.00525	1.33327	111.795	149996	281255
0.00575	1.33327	111.795	149996	281255
0.00625	1.33327	111.795	149996	281255
0.00675	1.33327	111.795	149996	281255
0.00725	1.33327	111.795	149996	281255
0.00775	1.33327	111.795	149996	281255
0.00825	1.33327	111.795	149996	281255
0.00875	1.33327	111.795	149996	281255
0.00925	1.33327	111.795	149996	281255
0.00975	1.33327	111.795	149996	281255
0.01025	1.33327	111.795	149996	281255
0.01075	1.33327	111.795	149996	281255
0.01125	1.33327	111.795	149996	281255
0.01175	1.33327	111.795	149996	281255
0.01225	1.33327	111.795	149996	281255
0.01275	1.33327	111.795	149996	281255
0.01325	1.33327	111.795	149996	281255
0.01375	1.33327	111.795	149996	281255
0.01425	1.33327	111.795	149996	281255
0.01475	1.33327	111.795	149996	281255
0.01525	1.33327	111.795	149996	281255
0.01575	1.33327	111.795	149996	281255
0.01625	1.33327	111.795	149996	281255
0.01675	1.33327	111.795	149996	281255
0.01725	1.33327	111.795	149996	281255
0.01775	1.33327	111.795	149996	281255
0.01825	1.33327	111.795	149996	281255
0.01875	1.33327	111.795	149996	281255
0.01925	1.33327	111.795	149996	281255
0.01975	1.33327	111.795	149996	281255
0.02025	1.33327	111.795	149996	281255
0.02075	1.33327	111.795	149996	281255
0.02125	1.33327	111.795	149996	281255
0.02175	1.33327	111.795	149996	281255
0.02225	1.33327	111.795	149996	281255
0.02275	1.33327	111.795	149996	281255
0.02325	1.33327	111.795	149996	281255
0.02375	1.33327	111.795	149996	281255
0.02425	1.33327	111.795	149996	281255
0.02475	1.33327	111.795	149996	281255
0.02525	1.33327	111.795	149996	281255
0.02575	1.33327	111.795	149996	281255
0.02625	1.33327	111.795	149996	281255
0.02675	1.33327	111.795	149996	281255
0.02725	1.33327	111.795	149996	281255
0.02775	1.33327	111.795	149996	281255
0.02825	1.33327	111.795	149996	281255
0.02875	1.33327	111.795	149996	281255
0.02925	1.33327	111.795	149996	281255
0.02975	1.33327	111.795	149996	281255
0.03025	1.33327	111.795	149996	281255
0.03075	1.33327	111.795	149996	281255
0.03125	1.33327	111.795	149996	281255
0.03175	1.33327	111.795	149996	281255
0.03225	1.33327	111.795	149996	281255
0.03275	1.33327	111.795	149996	281255
0.03325	1.33327	111.795	149996	281255
0.03375	1.33327	111.795	149996	281255
0.03425	1.33327	111.795	149996	281255
0.03475	1.33327	111.795	149996	281255
0.03525	1.33327	111.795	149996	281255
0.03575	1.33327	111.795	149996	281255
0.03625	1.33327	111.795	149996	281255
0.03675	1.33327	111.795	149996	281255
0.03725	1.33327	111.795	149996	281255
0.03775	1.33327	111.795	149996	281255
0.03825	1.33327	111.795	149996	281255
0.03875	1.33327	111.795	149996	281255
0.03925	1.33327	111.795	149996	281255
0.03975	1.33327	111.795	149996	281255
0.04025	1.33327	111.795	149996	281255
0.04075	1.33327	111.795	149996	281255
0.04125	1.33327	111.795	149996	281255
0.04175	1.33327	111.795	149996	281255
0.04225	1.33327	111.795	149996	281255
0.04275	1.33327	111.795	149996	281255
0.04325	1.33327	111.795	149996	281255
0.04375	1.33327	111.795	149996	281255
0.04425	1.33327	111.795	149996	281255
0.04475	1.33327	111.795	149996	281255
0.04525	1.33327	111.795	149996	281255
0.04575	1.33327	111.795	149996	281255
0.04625	1.33327	111.795	149996	281255
0.04675	1.33327	111.795	149996	281255
0.04725	1.33327	111.795	149996	281255
0.04775	1.33327	111.795	149996	281255
0.04825	1.33327	111.795	149996	281255
0.04875	1.33327	111.795	149996	281255
0.04925	1.33327	111.795	149996	281255
0.04975	1.33327	111.795	149996	281255
0.05025	1.33327	111.795	149996	281255
0.05075	1.33327	111.795	149996	281255
0.05125	1.33327	111.795	149996	281255
0.05175	1.33327	111.795	149996	281255
0.05225	1.33327	111.795	149996	281255
0.05275	1.33327	111.795	149996	281255
0.05325	1.33327	111.795	149996	281255
0.05375	1.33327	111.795	149996	281255
0.05425	1.33327	111.795	149996	281255
0.05475	1.33327	111.795	149996	281255
0.05525	1.33327	111.795	149996	281255
0.05575	1.33327	111.795	149996	281255
0.05625	1.33327	111.795	149996	281255
0.05675	1.33327	111.795	149996	281255
0.05725	1.33327	111.795	149996	281255
0.05775	1.33327	111.795	149996	281255
0.05825	1.33327	111.795	149996	281255
0.05875	1.33327	111.795	149996	281255
0.05925	1.33327	111.795	149996	281255
0.05975	1.33327	111.795	149996	281255
0.06025	1.33327	111.795	149996	281255
0.06075	1.33327	111.795	149996	281255
0.06125	1.33327	111.795	149996	281255
0.06175	1.33327	111.795	149996	281255
0.06225	1.33327	111.795	149996	281255
0.06275	1.33327	111.795	149996	281255
0.06325	1.33327	111.795	149996	281255
0.06375	1.33327	111.795	149996	281255
0.06425	1.33327	111.795	149996	281255
0.06475	1.33327	111.795	149996	281255
0.06525	1.33327	111.795	149996	281255
0.06575	1.33327	111.795	149996	281255
0.06625	1.33327	111.795	149996	281255
0.06675	1.33327	111.795	149996	281255
0.06725	1.33327	111.795	149996	281255
0.06775	1.33327	111.795	149996	281255
0.06825	1.33327	111.795	149996	281255
0.06875	1.33327	111.795	149996	281255
0.06925	1.33327	111.795	149996	281255
0.06975	1.33327	111.795	149996	281255
0.07025	1.33327	111.795	149996	281255
0.07075	1.33327	111.795	149996	281255
0.07125	1.33327	111.795	149996	281255
0.07175	1.33327	111.795	149996	281255
0.07225	1.33327	111.795	149996	281255
0.07275	1.33327	111.795	149996	281255
0.07325	1.33327	111.795	149996	281255
0.07375	1.33327	111.795	149996	281255
0.07425	1.33327	111.795	149996	281255
0.07475	1.33327	111.795	149996	281255
0.07525	1.33327	111.795	149996	281255
0.07575	1.33327	111.795	149996	281255
0.07625	1.33327	111.795	149996	281255
0.07675	1.33327	111.795	149996	281255
0.07725	1.33327	111.795	149996	281255
0.07775	1.33327	111.795	149996	281255
0.07825	1.33327	111.795	149996	281255
0.07875	1.33327	111.795	149996	281255
0.07925	1.33327	111.795	149996	281255
0.07975	1.33327	111.795	149996	281255
0.08025	1.33327	111.795	149996	281255
0.08075	1.33327	111.795	149996	281255
0.08125	1.33327	111.795	149996	281255
0.08175	1.33327	111.795	149996	281255
0.08225	1.33327	111.795	149996	281255
0.08275	1.33327	111.795	149996	281255
0.08325	1.33327	111.795	149996	281255
0.08375	1.33327	111.795	149996	281255
0.08425	1.33327	111.795	149996	281255
0.08475	1.33327	111.795	149996	281255
0.08525	1.33327	111.795	149996	281255
0.08575	1.33327	111.795	149996	281255
0.08625	1.33327	111.795	149996	281255
0.08675	1.33327	111.795	149996	281255
0.08725	1.33327	111.795	149996	281255
0.08775	1.33327	111.795	149996	281255
0.08825	1.33327	111.795	149996	281255
0.08875	1.33327	111.795	149996	281255
0.08925	1.33327	111.795	149996	281255
0.08975	1.33327	111.795	149996	281255
0.09025	1.33327	111.795	149996	281255
0.09075	1.33327	111.795	149996	281255
0.09125	1.33327	111.795	149996	281255
0.09175	1.33327	111.795	149996	281255
0.09225	1.33327	111.795	149996	281255
0.09275	1.33327	111.795	149996	281255
0.09325	1.33327	111.795	149996	281255
0.09375	1.33327	111.795	149996	281255
0.09425	1.33327	111.795	149996	281255
0.09475	1.33327	111.795	149996	281255
0.09525	1.33327	111.795	149996	281255
0.09575	1.33327	111.795	149996	281255
0.09625	1.33327	111.795	149996	281255
0.09675	1.33327	111.795	149996	281255
0.09725	1.33327	111.795	149996	281255
0.09775	1.33327	111.795	149996	281255
0.09825	1.33327	111.795	149996	281255
0.09875	1.33327	111.795	149996	281255
0.09925	1.33327	111.795	149996	281255
0.09975	1.33327	111.795	149996	281255
0.10025	1.33327	111.795	149996	281255
0.10075	1.33327	111.795	149996	281255
0.10125	1.33327	111.795	149996	281255
0.10175	1.33327	111.795	149996	281255
0.10225	1.33327	111.795	149996	281255
0.10275	1.33327	111.795	149996	281255
0.10325	1.33327	111.795	149996	281255
0.10375	1.33327	111.795	149996	281255
0.10425	1.33327	111.795	149996	281255
0.10475	1.33327	111.795	149996	281255
0.10525	1.33327	111.795	149996	281255
0.10575	1.33327	111.795	149996	281255
0.10625	1.33327	111.795	149996	281255
0.10675	1.33327	111.795	149996	281255
0.10725	1.33327	111.795	149996	281255
0.10775	1.33327	111.795	149996	281255
0.10825	1.33327	111.795	149996	281255
0.10875	1.33327	111.795	149996	281255
0.10925	1.33327	111.795	149996	281255
0.10975	1.33327	111.795	149996	281255
0.11025	1.33327	111.795	149996	281255
0.11075	1.33327	111.795	149996	281255
0.11125	1.33327	111.795	149996	281255
0.11175	1.33327	111.795	149996	281255
0.11225	1.33327	111.795	149996	281255
0.11275	1.33327	111.795	149996	281255
0.11325	1.33327	111.795	149996	281255
0.11375	1.33327	111.795	149996	281255
0.11425	1.33327	111.795	149996	281255
0.11475	1.33327	111.795	149996	281255
0.11525	1.33327	111.795	149996	281255
0.11575	1.33327	111.795	149996	281255
0.11625	1.33327	111.795	149996	281255
0.11675	1.33327	111.795	149996	281255
0.11725	1.33327	111.795	149996	281255
0.11775	1.33327	111.795	149996	281255
0.11825	1.33327	111.795	149996	281255
0.11875	1.33327	111.795	149996	281255
0.11925	1.33327	111.795	149996	281255
0.11975	1.33327	111.795	149996	281255
0.12025	1.33327	111.795	149996	281255
0.12075	1.33327	111.795	149996	281255
0.12125	1.33327	111.795	149996	281255
0.12175	1.33327	111.795	149996	281255
0.12225	1.33327	111.795	149996	281255
0.12275	1.33327	111.795	149996	281255
0.12325	1.33327	111.795	149996	281255
0.12375	1.33327	111.795	149996	281255
0.12425	1.33327	111.795	149996	281255
0.12475	1.33327	111.795	149996	281255
0.12525	1.33327	111.795	149996	281255
0.12575	1.33327	111.795	149996	281255
0.12625	1.33327	111.795	149996	281255
0.12675	1.33327	111.795	149996	281255
0.12725	1.33327	111.795	149996	281255
0.12775	1.33327	111.795	149996	281255
0.12825	1.33327	111.795	149996	281255
0.12875	1.33327	111.795	149996	281255
0.12925	1.33327	111.795	149996	281255
0.12975	1.33327	111.795	149996	281255
0.13025	1.33327	111.795	149996	281255
0.13075	1.33327	111.795	149996	281255
0.13125	1.33327	111.795	149996	281255
0.13175	1.33327	111.795	149996	281255
0.13225	1.33327	111.795	149996	281255
0.13275	1.33327	111.795	149996	281255
0.13325	1.33327	111.795	149996	281255
0.13375	1.33327	111.795	149996	281255
0.13425	1.33327	111.795	149996	281255
0.13475	1.33327	111.795	149996	281255
0.13525	1.33327	111.795	149996	281255
0.13575	1.33327	111.795	149996	281255
0.13625	1.33327	111.795	149996	281255
0.13675	1.33327	111.795	149996	281255
0.13725	1.33327	111.795	149996	281255
0.13775	1.33327	111.795	149996	281255
0.13825	1.33327	111.795	149996	281255
0.13875	1.33327	111.795	149996	281255
0.13925	1.33327	111.795	149996	281255
0.13975	1.33327	111.795	149996	281255
0.14025	1.33327	111.795	149996	281255
0.14075	1.33327	111.795	149996	281255
0.14125	1.33327	111.795	149996	281255
0.14175	1.33327	111.795	149996	281255
0.14225	1.33327	111.795	149996	281255
0.14275	1.33327	111.795	149996	281255
0.14325	1.33327	111.795	149996	281255
0.14375	1.33327	111.795	149996	281255
0.14425	1.33327	111.795	149996	281255
0.14475	1.33327	111.795	149996	281255
0.14525	1.33327	111.795	149996	281255
0.14575	1.33327	111.795	149996	281255
0.14625	1.33327	111.795	149996	281255
0.14675	1.33327	111.795	149996	281255
0.14725	1.33327	111.795	149996	281255
0.14775	1.33327	111.795	149996	281255
0.14825	1.33327	111.795	149996	281255
0.14875	1.33327	111.795	149996	281255
0.14925	1.33327	111.795	149996	281255
0.14975	1.33327	111.795	149996	281255
0.15025	1.33327	111.795	149996	281255
0.15075	1.33327	111.795	149996	281255
0.15125	1.33327	111.795	149996	281255
0.15175	1.33327	111.795	149996	281255
0.15225	1.33327	111.795	149996	281255
0.15275	1.33327	111.795	149996	281255
0.15325	1.33327	111.795	149996	281255
0.15375	1.33327	111.795	149996	281255
0.15425	1.33327	111.795	149996	281255
0.15475	1.33327	111.795	149996	281255
0.15525	1.33327	111.795	149996	281255
0.15575	1.33327	111.795	149996	281255
0.15625	1.33327	111.795	149996	281255
0.15675	1.33327	111.795	149996	281255
0.15725	1.33327	111.795	149996	281255
0.15775	1.33327	111.795	149996	281255
0.15825	1.33327	111.795	149996	281255
0.15875	1.33327	111.795	149996	281255
0.15925	1.33327	111.795	149996	281255
0.15975	1.33327	111.795	149996	281255
0.16025	1.33327	111.795	149996	281255
0.16075	1.33327	111.795	149996	281255
0.16125	1.33327	111.795	149996	281255
0.16175	1.33327	111.795	149996	281255
0.16225	1.33327	111.795	149996	281255
0.16275	1.33327	111.795	149996	281255
0.16325	1.33327	111.795	149996	281255
0.16375	1.33327	111.795	149996	281255
0.16425	1.33327	111.795	149996	281255
0.16475	1.33327	111.795	149996	281255
0.16525	1.33327	111.795	149996	281255
0.16575	1.33327	111.795	149996	281255
0.16625	1.33327	111.795	149996	281255
0.16675	1.33327	111.795	149996	281255
0.16725	1.33327	111.795	149996	281255
0.16775	1.33327	111.795	149996	281255
0.16825	1.33327	111.795	149996	281255
0.16875	1.33327	111.795	149996	281255
0.16925	1.33327	111.795	149996	281255
0.16975	1.33327	111.795	149996	281255
0.17025	1.33327	111.795	149996	281255
0.17075	1.33327	111.795	149996	281255
0.17125	1.33327	111.795	149996	281255
0.17175	1.33327	111.795	149996	281255
0.17225	1.33327	111.795	149996	281255
0.17275	1.33327	111.795	149996	281255
0.17325	1.33327	111.795	149996	281255
0.17375	1.33327	111.795	149996	281255
0.17425	1.33327	111.795	149996	281255
0.17475	1.33327	111.795	149996	281255
0.17525	1.33327	111.795	149996	281255
0.17575	1.33327	111.795	149996	281255
0.17625	1.33327	111.795	149996	281255
0.17675	1.33327	111.795	149996	281255
0.17725	1.33327	111.795	149996	281255
0.17775	1.33327	111.795	149996	281255
0.17825	1.33327	111.795	149996	281255
0.17875	1.33327	111.795	149996	281255
0.17925	1.33327	111.795	149996	281255
0.17975	1.33327	111.795	149996	281255
0.18025	1.33327	111.795	149996	281255
0.18075	1.33327	111.795	149996	281255
0.18125	1.33327	111.795	149996	281255
0.18175	1.33327	111.795	149996	281255
0.18225	1.33327	111.795	149996	281255
0.18275	1.33327	111.795	149996	281255
0.18325	1.33327	111.795	149996	281255
0.18375	1.33327	111.795	149996	281255
0.18425	1.33327	111.795	149996	281255
0.18475	1.33327	111.795	149996	281255
0.18525	1.33327	111.795	149996	281255
0.18575	1.33327	111.795	149996	281255
0.18625	1.33327	111.795	149996	281255
0.18675	1.33327	111.795	149996	281255
0.18725	1.33327	111.795	149996	281255
0.18775	1.33327	111.795	149996	281255
0.18825	1.33327	111.795	149996	281255
0.18875	1.33327	111.795	149996	281255
0.18925	1.33327	111.795	149996	281255
0.18975	1.33327	111.795	149996	281255
0.19025	1.33327	111.795	149996	281255
0.19075	1.33327	111.795	149996	281255
0.19125	1.33327	111.795	149996	281255
0.19175	1.33327	111.795	149996	281255
0.19225	1.33327	111.795	149996	281255
0.19275	1.33327	111.795	149996	281255
0.19325	1.33327	111.795	149996	281255
0.19375	1.33327	111.795	149996	281255
0.19425	1.33327	111.795	149996	281255
0.19475	1.33327	111.795	149996	281256
0.19525	1.33326	111.795	149996	281256
0.19575	1.33326	111.795	149996	281257
0.19625	1.33326	111.795	149996	281258
0.19675	1.33325	111.795	149996	281259
0.19725	1.33324	111.795	149996	281261
0.19775	1.33323	111.795	149996	281263
0.19825	1.33322	111.795	149996	281266
0.19875	1.3332	111.795	149996	281270
0.19925	1.33317	111.795	149996	281276
0.19975	1.33314	111.795	149996	281282
0.20025	1.3331	111.795	149996	281291
0.20075	1.33305	111.795	149996	281301
0.20125	1.33299	111.795	149996	281314
0.20175	1.33291	111.795	149996	281331
0.20225	1.33282	111.795	149996	281350
0.20275	1.33271	111.795	149996	281374
0.20325	1.33258	111.795	149996	281401
0.20375	1.33242	111.795	149996	281433
0.20425	1.33226	111.795	149996	281468
0.20475	1.33213	111.795	149996	281496
0.20525	1.33204	111.795	149996	281515
0.20575	1.33198	111.795	149996	281528
0.20625	1.33194	111.795	149996	281535
0.20675	1.33193	111.795	149996	281538
0.20725	1.33192	111.795	149996	281539
0.20775	1.33193	111.795	149995	281539
0.20825	1.33193	111.795	149995	281537
0.20875	1.33195	111.795	149995	281533
0.20925	1.33198	111.796	149995	281526
0.20975	1.33203	111.796	149995	281516
0.21025	1.3321	111.797	149995	281500
0.21075	1.33219	111.798	149994	281480
0.21125	1.3323	111.799	149993	281455
0.21175	1.33243	111.801	149992	281426
0.21225	1.33258	111.804	149991	281392
0.21275	1.3327	111.808	149988	281362
0.21325	1.33279	111.814	149985	281337
0.21375	1.33285	111.822	149981	281317
0.21425	1.33288	111.833	149975	281299
0.21475	1.33289	111.847	149968	281284
0.21525	1.33287	111.866	149958	281270
0.21575	1.33281	111.892	149945	281255
0.21625	1.33273	111.925	149927	281240
0.21675	1.33261	111.968	149904	281223
0.21725	1.33244	112.023	149875	281204
0.21775	1.33222	112.092	149839	281181
0.21825	1.33195	112.178	149793	281154
0.21875	1.3316	112.284	149737	281122
0.21925	1.33118	112.412	149670	281084
0.21975	1.33067	112.565	149589	281039
0.22025	1.33008	112.745	149494	280987
0.22075	1.32938	112.955	149383	280926
0.22125	1.32857	113.197	149255	280857
0.22175	1.32766	113.471	149111	280779
0.22225	1.32663	113.778	148950	280691
0.22275	1.3255	114.118	148771	280594
0.22325	1.32425	114.49	148575	280488
0.22375	1.32291	114.894	148364	280374
0.22425	1.32147	115.326	148137	280251
0.22475	1.31993	115.787	147896	280120
0.22525	1.31832	116.272	147642	279983
0.22575	1.31663	116.781	147377	279839
0.22625	1.31487	117.309	147102	279689
0.22675	1.31306	117.856	146818	279534
0.22725	1.31119	118.418	146526	279375
0.22775	1.30929	118.994	146227	279212
0.22825	1.30734	119.582	145923	279046
0.22875	1.30536	120.18	145614	278877
0.22925	1.30336	120.787	145301	278705
0.22975	1.30133	121.402	144985	278532
0.23025	1.29929	122.024	144666	278356
0.23075	1.29722	122.652	144344	278179
0.23125	1.29514	123.285	144020	278001
0.23175	1.29305	123.923	143695	277821
0.23225	1.29095	124.565	143367	277640
0.23275	1.28883	125.213	143038	277458
0.23325	1.2867	125.864	142707	277274
0.23375	1.28456	126.519	142376	277090
0.23425	1.28243	127.175	142044	276905
0.23475	1.28029	127.831	141713	276721
0.23525	1.27816	128.486	141383	276536
0.23575	1.27604	129.142	141054	276352
0.23625	1.27391	129.796	140726	276168
0.23675	1.27179	130.451	140398	275984
0.23725	1.26968	131.105	140072	275801
0.23775	1.26757	131.758	139746	275617
0.23825	1.26547	132.41	139421	275434
0.23875	1.26337	133.062	139098	275251
0.23925	1.26128	133.713	138775	275069
0.23975	1.25919	134.363	138454	274887
0.24025	1.25711	135.013	138133	274705
0.24075	1.25503	135.662	137813	274523
0.24125	1.25296	136.309	137495	274341
0.24175	1.25089	136.956	137178	274160
0.24225	1.24883	137.602	136861	273980
0.24275	1.24677	138.248	136546	273799
0.24325	1.24472	138.892	136232	273619
0.24375	1.24268	139.535	135919	273439
0.24425	1.24064	140.176	135607	273260
0.24475	1.23861	140.817	135296	273081
0.24525	1.23659	141.456	134987	272902
0.24575	1.23457	142.094	134679	272724
0.24625	1.23256	142.731	134372	272547
0.24675	1.23056	143.366	134067	272369
0.24725	1.22857	143.999	133763	272193
0.24775	1.22658	144.63	133461	272017
0.24825	1.22461	145.258	133160	271842
0.24875	1.22264	145.885	132861	271667
0.24925	1.22069	146.508	132564	271493
0.24975	1.21875	147.129	132269	271321
0.25025	1.21682	147.746	131976	271149
0.25075	1.21491	148.358	131686	270978
0.25125	1.21301	148.966	131398	270809
0.25175	1.21114	149.569	131114	270642
0.25225	1.20928	150.166	130833	270476
0.25275	1.20745	150.755	130556	270312
0.25325	1.20565	151.336	130283	270151
0.25375	1.20388	151.907	130015	269992
0.25425	1.20215	152.468	129753	269836
0.25475	1.20046	153.015	129497	269684
0.25525	1.19881	153.549	129249	269536
0.25575	1.19721	154.066	129008	269393
0.25625	1.19568	154.564	128777	269254
0.25675	1.19421	155.042	128555	269122
0.25725	1.19281	155.498	128344	268995
0.25775	1.19148	155.929	128144	268876
0.25825	1.19024	156.334	127957	268764
0.25875	1.18909	156.71	127784	268659
0.25925	1.18802	157.057	127624	268563
0.25975	1.18705	157.374	127478	268476
0.26025	1.18617	157.661	127346	268396
0.26075	1.18539	157.916	127228	268325
0.26125	1.1847	158.142	127124	268263
0.26175	1.1841	158.339	127034	268208
0.26225	1.18358	158.509	126956	268161
0.26275	1.18314	158.654	126890	268121
0.26325	1.18277	158.775	126834	268088
0.26375	1.18246	158.876	126788	268060
0.26425	1.18221	158.959	126750	268037
0.26475	1.182	159.025	126720	268018
0.26525	1.18184	159.079	126695	268004
0.26575	1.18171	159.121	126676	267992
0.26625	1.18161	159.153	126661	267983
0.26675	1.18154	159.179	126649	267976
0.26725	1.18148	159.198	126641	267971
0.26775	1.18143	159.212	126634	267967
0.26825	1.1814	159.223	126629	267964
0.26875	1.18138	159.231	126626	267962
0.26925	1.18136	159.236	126623	267960
0.26975	1.18135	159.241	126621	267959
0.27025	1.18134	159.244	126620	267958
0.27075	1.18133	159.246	126619	267957
0.27125	1.18133	159.247	126618	267957
0.27175	1.18132	159.248	126618	267957
0.27225	1.18132	159.249	126617	267957
0.27275	1.18132	159.249	126617	267956
0.27325	1.18132	159.25	126617	267956
0.27375	1.18132	159.25	126617	267956
0.27425	1.18132	159.25	126617	267956
0.27475	1.18132	159.25	126617	267956
0.27525	1.18132	159.251	126617	267956
0.27575	1.18132	159.251	126616	267956
0.27625	1.18132	159.251	126616	267956
0.27675	1.18132	159.251	126616	267956
0.27725	1.18132	159.251	126616	267956
0.27775	1.18132	159.251	126616	267956
0.27825	1.18132	159.251	126616	267956
0.27875	1.18131	159.251	126616	267956
0.27925	1.18131	159.251	126616	267956
0.27975	1.18131	159.252	126616	267956
0.28025	1.18131	159.252	126616	267956
0.28075	1.18131	159.252	126616	267956
0.28125	1.18131	159.252	126616	267956
0.28175	1.18131	159.252	126616	267956
0.28225	1.18131	159.252	126616	267956
0.28275	1.18131	159.252	126616	267956
0.28325	1.18131	159.252	126616	267956
0.28375	1.18131	159.252	126616	267956
0.28425	1.18131	159.252	126616	267956
0.28475	1.18131	159.252	126616	267956
0.28525	1.18131	159.252	126616	267956
0.28575	1.18131	159.252	126616	267956
0.28625	1.18131	159.252	126616	267956
0.28675	1.18131	159.252	126616	267956
0.28725	1.18131	159.253	126616	267956
0.28775	1.18131	159.253	126616	267956
0.28825	1.18131	159.253	126616	267956
0.28875	1.18131	159.253	126615	267956
0.28925	1.18131	159.253	126615	267956
0.28975	1.18131	159.253	126615	267955
0.29025	1.18131	159.253	126615	267955
0.29075	1.18131	159.253	126615	267955
0.29125	1.18131	159.253	126615	267955
0.29175	1.18131	159.253	126615	267955
0.29225	1.18131	159.253	126615	267955
0.29275	1.18131	159.253	126615	267955
0.29325	1.18131	159.253	126615	267955
0.29375	1.18131	159.253	126615	267955
0.29425	1.18131	159.253	126615	267955
0.29475	1.18131	159.253	126615	267955
0.29525	1.18131	159.254	126615	267955
0.29575	1.18131	159.254	126615	267955
0.29625	1.18131	159.254	126615	267955
0.29675	1.18131	159.254	126615	267955
0.29725	1.18131	159.254	126615	267955
0.29775	1.18131	159.254	126615	267955
0.29825	1.18131	159.254	126615	267955
0.29875	1.18131	159.254	126615	267955
0.29925	1.18131	159.254	126615	267955
0.29975	1.18131	159.254	126615	267955
0.30025	1.18131	159.254	126615	267955
0.30075	1.18131	159.254	126615	267955
0.30125	1.18131	159.254	126615	267955
0.30175	1.18131	159.254	126615	267955
0.30225	1.18131	159.254	126615	267955
0.30275	1.18131	159.254	126615	267955
0.30325	1.18131	159.254	126615	267955
0.30375	1.18131	159.254	126615	267955
0.30425	1.18131	159.254	126615	267955
0.30475	1.18131	159.254	126615	267955
0.30525	1.18131	159.254	126615	267955
0.30575	1.18131	159.254	126615	267955
0.30625	1.18131	159.254	126615	267955
0.30675	1.18131	159.254	126615	267955
0.30725	1.18131	159.254	126615	267955
0.30775	1.18131	159.254	126615	267955
0.30825	1.18131	159.254	126615	267955
0.30875	1.18131	159.254	126615	267955
0.30925	1.18131	159.254	126615	267955
0.30975	1.18131	159.254	126615	267955
0.31025	1.18131	159.254	126615	267955
0.31075	1.18131	159.254	126615	267955
0.31125	1.18131	159.254	126615	267955
0.31175	1.18131	159.254	126615	267955
0.31225	1.18131	159.254	126615	267955
0.31275	1.18131	159.254	126615	267955
0.31325	1.18131	159.254	126615	267955
0.31375	1.18131	159.254	126615	267955
0.31425	1.18131	159.254	126615	267955
0.31475	1.18131	159.254	126615	267955
0.31525	1.18131	159.254	126615	267955
0.31575	1.18131	159.254	126615	267955
0.31625	1.18131	159.254	126615	267955
0.31675	1.18131	159.254	126615	267955
0.31725	1.18131	159.254	126615	267955
0.31775	1.18131	159.254	126615	267955
0.31825	1.18131	159.254	126615	267955
0.31875	1.18131	159.254	126615	267955
0.31925	1.18131	159.254	126615	267955
0.31975	1.18131	159.254	126615	267955
0.32025	1.18131	159.254	126615	267955
0.32075	1.18131	159.254	126615	267955
0.32125	1.18131	159.254	126615	267955
0.32175	1.18131	159.254	126615	267955
0.32225	1.18131	159.254	126615	267955
0.32275	1.18131	159.254	126615	267955
0.32325	1.18131	159.254	126615	267955
0.32375	1.1813	159.255	126615	267955
0.32425	1.1813	159.255	126615	267955
0.32475	1.1813	159.255	126615	267955
0.32525	1.1813	159.255	126615	267955
0.32575	1.1813	159.255	126615	267955
0.32625	1.1813	159.255	126615	267955
0.32675	1.1813	159.255	126615	267955
0.32725	1.1813	159.255	126615	267955
0.32775	1.1813	159.255	126615	267955
0.32825	1.1813	159.255	126615	267955
0.32875	1.1813	159.255	126615	267955
0.32925	1.1813	159.255	126615	267955
0.32975	1.1813	159.255	126615	267955
0.33025	1.1813	159.255	126615	267955
0.33075	1.1813	159.255	126615	267955
0.33125	1.1813	159.255	126615	267955
0.33175	1.1813	159.255	126615	267955
0.33225	1.1813	159.255	126615	267955
0.33275	1.1813	159.254	126615	267955
0.33325	1.1813	159.254	126615	267955
0.33375	1.1813	159.254	126615	267955
0.33425	1.1813	159.255	126615	267955
0.33475	1.1813	159.255	126615	267955
0.33525	1.1813	159.255	126615	267955
0.33575	1.1813	159.255	126615	267955
0.33625	1.1813	159.255	126615	267955
0.33675	1.1813	159.255	126615	267955
0.33725	1.1813	159.255	126615	267955
0.33775	1.1813	159.255	126615	267955
0.33825	1.1813	159.255	126615	267955
0.33875	1.1813	159.255	126615	267955
0.33925	1.1813	159.255	126615	267955
0.33975	1.1813	159.255	126615	267955
0.34025	1.1813	159.255	126615	267955
0.34075	1.1813	159.255	126615	267955
0.34125	1.1813	159.255	126615	267955
0.34175	1.1813	159.255	126615	267955
0.34225	1.1813	159.255	126615	267955
0.34275	1.1813	159.255	126615	267955
0.34325	1.1813	159.255	126615	267955
0.34375	1.1813	159.255	126615	267955
0.34425	1.1813	159.255	126615	267955
0.34475	1.1813	159.255	126615	267955
0.34525	1.1813	159.255	126615	267955
0.34575	1.1813	159.255	126615	267955
0.34625	1.1813	159.255	126615	267955
0.34675	1.1813	159.255	126615	267955
0.34725	1.1813	159.255	126615	267955
0.34775	1.1813	159.255	126615	267955
0.34825	1.1813	159.255	126615	267955
0.34875	1.1813	159.255	126615	267955
0.34925	1.1813	159.255	126615	267955
0.34975	1.1813	159.255	126615	267955
0.35025	1.1813	159.255	126615	267955
0.35075	1.1813	159.255	126615	267955
0.35125	1.1813	159.255	126615	267955
0.35175	1.1813	159.255	126615	267955
0.35225	1.1813	159.255	126615	267955
0.35275	1.1813	159.255	126615	267955
0.35325	1.1813	159.255	126615	267955
0.35375	1.1813	159.255	126615	267955
0.35425	1.1813	159.255	126615	267955
0.35475	1.1813	159.255	126615	267955
0.35525	1.1813	159.255	126615	267955
0.35575	1.1813	159.255	126615	267955
0.35625	1.1813	159.255	126615	267955
0.35675	1.1813	159.255	126615	267955
0.35725	1.1813	159.255	126615	267955
0.35775	1.1813	159.255	126615	267955
0.35825	1.1813	159.255	126615	267955
0.35875	1.1813	159.255	126615	267955
0.35925	1.1813	159.255	126615	267955
0.35975	1.1813	159.255	126615	267955
0.36025	1.1813	159.255	126615	267955
0.36075	1.1813	159.255	126615	267955
0.36125	1.1813	159.255	126615	267955
0.36175	1.1813	159.255	126615	267955
0.36225	1.1813	159.255	126615	267955
0.36275	1.1813	159.254	126615	267955
0.36325	1.1813	159.254	126615	267955
0.36375	1.18131	159.254	126615	267955
0.36425	1.18131	159.253	126615	267956
0.36475	1.18131	159.252	126616	267956
0.36525	1.18132	159.248	126618	267957
0.36575	1.18135	159.24	126621	267959
0.36625	1.18141	159.22	126630	267965
0.36675	1.18155	159.175	126651	267977
0.36725	1.18186	159.072	126698	268006
0.36775	1.18258	158.836	126806	268071
0.36825	1.18422	158.299	127052	268220
0.36875	1.18791	157.093	127607	268554
0.36925	1.19597	154.464	128822	269284
0.36975	1.21252	149.101	131330	270779
0.37025	1.24176	139.762	135797	273396
0.37075	1.26896	131.303	139972	275761
0.37125	1.28549	126.198	142534	277197
0.37175	1.29458	123.418	143948	277983
0.37225	1.29931	121.979	144685	278389
0.37275	1.3017	121.252	145058	278593
0.37325	1.3029	120.89	145244	278694
0.37375	1.30349	120.712	145336	278744
0.37425	1.30377	120.624	145381	278770
0.37475	1.30392	120.581	145404	278782
0.37525	1.30398	120.56	145415	278789
0.37575	1.30402	120.549	145420	278791
0.37625	1.30404	120.543	145423	278792
0.37675	1.30406	120.541	145424	278793
0.37725	1.30406	120.539	145425	278794
0.37775	1.30406	120.539	145426	278795
0.37825	1.30406	120.538	145426	278795
0.37875	1.30406	120.537	145426	278795
0.37925	1.30406	120.537	145426	278794
0.37975	1.30406	120.536	145426	278794
0.38025	1.30406	120.536	145426	278794
0.38075	1.30406	120.536	145427	278795
0.38125	1.30406	120.536	145427	278795
0.38175	1.30407	120.536	145427	278795
0.38225	1.30407	120.536	145427	278795
0.38275	1.30407	120.536	145427	278795
0.38325	1.30407	120.536	145427	278795
0.38375	1.30407	120.535	145427	278795
0.38425	1.30407	120.535	145427	278795
0.38475	1.30407	120.534	145427	278795
0.38525	1.30407	120.534	145427	278795
0.38575	1.30407	120.534	145427	278795
0.38625	1.30407	120.534	145427	278795
0.38675	1.30407	120.534	145427	278795
0.38725	1.30407	120.534	145428	278796
0.38775	1.30407	120.534	145428	278796
0.38825	1.30407	120.534	145428	278795
0.38875	1.30407	120.534	145428	278795
0.38925	1.30407	120.534	145428	278795
0.38975	1.30407	120.534	145428	278796
0.39025	1.30407	120.534	145428	278796
0.39075	1.30407	120.534	145428	278796
0.39125	1.30407	120.533	145428	278795
0.39175	1.30407	120.533	145428	278795
0.39225	1.30407	120.533	145428	278795
0.39275	1.30407	120.533	145428	278796
0.39325	1.30407	120.534	145428	278796
0.39375	1.30407	120.534	145428	278796
0.39425	1.30407	120.534	145428	278796
0.39475	1.30407	120.534	145428	278796
0.39525	1.30407	120.534	145428	278796
0.39575	1.30407	120.533	145428	278796
0.39625	1.30407	120.533	145428	278796
0.39675	1.30407	120.533	145428	278796
0.39725	1.30407	120.533	145428	278796
0.39775	1.30407	120.533	145428	278796
0.39825	1.30407	120.533	145428	278796
0.39875	1.30407	120.533	145428	278796
0.39925	1.30407	120.533	145428	278796
0.39975	1.30407	120.533	145428	278796
0.40025	1.30407	120.533	145428	278796
0.40075	1.30407	120.533	145428	278796
0.40125	1.30407	120.533	145428	278796
0.40175	1.30407	120.533	145428	278796
0.40225	1.30407	120.533	145428	278796
0.40275	1.30407	120.533	145428	278796
0.40325	1.30407	120.533	145428	278796
0.40375	1.30407	120.533	145428	278796
0.40425	1.30407	120.533	145428	278796
0.40475	1.30407	120.533	145428	278796
0.40525	1.30407	120.533	145428	278796
0.40575	1.30407	120.533	145428	278796
0.40625	1.30407	120.533	145428	278796
0.40675	1.30407	120.533	145428	278796
0.40725	1.30407	120.533	145428	278796
0.40775	1.30407	120.533	145428	278796
0.40825	1.30407	120.533	145428	278796
0.40875	1.30407	120.533	145428	278796
0.40925	1.30407	120.533	145428	278796
0.40975	1.30407	120.533	145428	278796
0.41025	1.30407	120.533	145428	278796
0.41075	1.30407	120.533	145428	278796
0.41125	1.30407	120.533	145428	278796
0.41175	1.30407	120.533	145428	278796
0.41225	1.30407	120.533	145428	278796
0.41275	1.30407	120.533	145428	278796
0.41325	1.30407	120.533	145428	278796
0.41375	1.30407	120.533	145428	278796
0.41425	1.30407	120.533	145428	278796
0.41475	1.30407	120.533	145428	278796
0.41525	1.30407	120.533	145428	278796
0.41575	1.30407	120.533	145428	278796
0.41625	1.30407	120.533	145428	278796
0.41675	1.30407	120.532	145428	278796
0.41725	1.30407	120.532	145428	278796
0.41775	1.30407	120.532	145428	278796
0.41825	1.30407	120.532	145428	278796
0.41875	1.30407	120.532	145428	278797
0.41925	1.30407	120.533	145428	278797
0.41975	1.30407	120.533	145428	278797
0.42025	1.30407	120.533	145428	278797
0.42075	1.30407	120.533	145428	278797
0.42125	1.30407	120.533	145428	278797
0.42175	1.30407	120.533	145428	278797
0.42225	1.30407	120.533	145428	278797
0.42275	1.30407	120.533	145428	278797
0.42325	1.30407	120.532	145428	278797
0.42375	1.30407	120.532	145428	278797
0.42425	1.30407	120.532	145428	278797
0.42475	1.30407	120.532	145428	278797
0.42525	1.30407	120.532	145429	278797
0.42575	1.30407	120.532	145429	278797
0.42625	1.30407	120.532	145429	278797
0.42675	1.30407	120.532	145429	278797
0.42725	1.30407	120.532	145429	278797
0.42775	1.30407	120.532	145429	278797
0.42825	1.30407	120.532	145428	278797
0.42875	1.30407	120.532	145428	278797
0.42925	1.30407	120.532	145428	278797
0.42975	1.30407	120.532	145428	278797
0.43025	1.30407	120.532	145428	278797
0.43075	1.30407	120.532	145428	278797
0.43125	1.30407	120.532	145429	278797
0.43175	1.30407	120.532	145429	278797
0.43225	1.30407	120.532	145429	278797
0.43275	1.30407	120.532	145429	278797
0.43325	1.30407	120.532	145429	278797
0.43375	1.30407	120.532	145429	278797
0.43425	1.30407	120.532	145429	278797
0.43475	1.30407	120.532	145429	278797
0.43525	1.30407	120.532	145429	278798
0.43575	1.30407	120.532	145428	278798
0.43625	1.30407	120.532	145428	278798
0.43675	1.30407	120.532	145428	278798
0.43725	1.30407	120.532	145429	278798
0.43775	1.30407	120.532	145429	278798
0.43825	1.30407	120.532	145429	278798
0.43875	1.30407	120.532	145429	278798
0.43925	1.30407	120.532	145429	278798
0.43975	1.30407	120.532	145429	278798
0.44025	1.30407	120.532	145429	278798
0.44075	1.30407	120.532	145429	278798
0.44125	1.30407	120.532	145429	278798
0.44175	1.30407	120.532	145429	278798
0.44225	1.30407	120.532	145429	278798
0.44275	1.30407	120.532	145429	278798
0.44325	1.30407	120.532	145429	278798
0.44375	1.30407	120.532	145429	278798
0.44425	1.30407	120.532	145429	278798
0.44475	1.30407	120.532	145429	278799
0.44525	1.30407	120.532	145429	278799
0.44575	1.30407	120.532	145429	278799
0.44625	1.30406	120.532	145429	278799
0.44675	1.30406	120.532	145429	278799
0.44725	1.30406	120.532	145429	278799
0.44775	1.30406	120.532	145429	278799
0.44825	1.30406	120.532	145429	278799
0.44875	1.30406	120.532	145429	278799
0.44925	1.30406	120.532	145429	278799
0.44975	1.30406	120.532	145429	278799
0.45025	1.30406	120.532	145429	278800
0.45075	1.30406	120.532	145429	278800
0.45125	1.30406	120.532	145429	278800
0.45175	1.30406	120.532	145429	278800
0.45225	1.30406	120.532	145429	278800
0.45275	1.30406	120.532	145429	278800
0.45325	1.30406	120.532	145429	278800
0.45375	1.30406	120.532	145429	278800
0.45425	1.30406	120.532	145429	278801
0.45475	1.30406	120.531	145429	278801
0.45525	1.30406	120.531	145429	278801
0.45575	1.30406	120.531	145429	278801
0.45625	1.30406	120.531	145429	278801
0.45675	1.30406	120.531	145429	278801
0.45725	1.30405	120.531	145429	278801
0.45775	1.30405	120.531	145429	278802
0.45825	1.30405	120.531	145429	278802
0.45875	1.30405	120.531	145429	278802
0.45925	1.30405	120.531	145429	278802
0.45975	1.30405	120.531	145429	278802
0.46025	1.30405	120.531	145429	278803
0.46075	1.30405	120.531	145429	278803
0.46125	1.30405	120.531	145429	278803
0.46175	1.30405	120.531	145429	278803
0.46225	1.30405	120.531	145429	278803
0.46275	1.30405	120.531	145429	278804
0.46325	1.30404	120.531	145429	278804
0.46375	1.30404	120.531	145429	278804
0.46425	1.30404	120.53	145430	278805
0.46475	1.30405	120.529	145430	278805
0.46525	1.30406	120.526	145432	278807
0.46575	1.30408	120.518	145436	278809
0.46625	1.30414	120.499	145445	278815
0.46675	1.30428	120.456	145468	278827
0.46725	1.3046	120.361	145517	278854
0.46775	1.30524	120.165	145618	278910
0.46825	1.3065	119.784	145814	279018
0.46875	1.30877	119.095	146171	279213
0.46925	1.3126	117.94	146769	279540
0.46975	1.31763	116.423	147559	279970
0.47025	1.32163	115.224	148186	280310
0.47075	1.3243	114.422	148606	280537
0.47125	1.32594	113.932	148864	280677
0.47175	1.32685	113.656	149009	280755
0.47225	1.32733	113.513	149084	280797
0.47275	1.32756	113.444	149120	280817
0.47325	1.32766	113.412	149137	280827
0.47375	1.3277	113.399	149144	280831
0.47425	1.32772	113.393	149147	280834
0.47475	1.32772	113.391	149148	280835
0.47525	1.32772	113.389	149149	280837
0.47575	1.32772	113.388	149150	280838
0.47625	1.32771	113.388	149150	280840
0.47675	1.32771	113.387	149150	280842
0.47725	1.3277	113.386	149151	280844
0.47775	1.32769	113.386	149151	280846
0.47825	1.32768	113.386	149151	280848
0.47875	1.32767	113.385	149151	280851
0.47925	1.32765	113.385	149151	280855
0.47975	1.32763	113.385	149151	280859
0.48025	1.32761	113.385	149152	280865
0.48075	1.32758	113.384	149152	280872
0.48125	1.32754	113.384	149152	280881
0.48175	1.32749	113.384	149152	280891
0.48225	1.32742	113.384	149152	280905
0.48275	1.32735	113.383	149152	280921
0.48325	1.32726	113.383	149152	280940
0.48375	1.32718	113.383	149152	280957
0.48425	1.32713	113.383	149152	280967
0.48475	1.32711	113.383	149152	280973
0.48525	1.3271	113.383	149152	280974
0.48575	1.3271	113.383	149152	280975
0.48625	0.175187	113.383	149152	1.27073e+06
0.48675	0.175187	113.383	149152	1.27073e+06
0.48725	0.175187	113.382	149152	1.27073e+06
0.48775	0.175187	113.382	149152	1.27073e+06
0.48825	0.175187	113.382	149152	1.27073e+06
0.48875	0.175187	113.382	149152	1.27073e+06
0.48925	0.175188	113.382	149152	1.27073e+06
0.48975	0.175188	113.382	149152	1.27073e+06
0.49025	0.175188	113.382	149153	1.27073e+06
0.49075	0.175187	113.382	149153	1.27073e+06
0.49125	0.175187	113.381	149153	1.27073e+06
0.49175	0.175187	113.381	149153	1.27073e+06
0.49225	0.175186	113.381	149153	1.27074e+06
0.49275	0.175186	113.381	149153	1.27074e+06
0.49325	0.175185	113.381	149153	1.27075e+06
0.49375	0.175184	113.381	149153	1.27075e+06
0.49425	0.175183	113.381	149153	1.27076e+06
0.49475	0.175182	113.381	149153	1.27077e+06
0.49525	0.175181	113.381	149153	1.27077e+06
0.49575	0.17518	113.381	149153	1.27078e+06
0.49625	0.175179	113.381	149153	1.27079e+06
0.49675	0.175178	113.381	149153	1.27079e+06
0.49725	0.175177	113.38	149153	1.2708e+06
0.49775	0.175177	113.38	149152	1.27081e+06
0.49825	0.175176	113.38	149152	1.27081e+06
0.49875	0.175175	113.38	149152	1.27082e+06
0.49925	0.175174	113.38	149152	1.27083e+06
0.49975	0.175173	113.38	149152	1.27083e+06
0.50025	0.175172	113.38	149152	1.27084e+06
0.50075	0.175171	113.38	149152	1.27085e+06
0.50125	0.17517	113.38	149152	1.27085e+06
0.50175	0.17517	113.38	149152	1.27086e+06
0.50225	0.175169	113.38	149152	1.27086e+06
0.50275	0.175168	113.38	149152	1.27087e+06
0.50325	0.175167	113.379	149152	1.27088e+06
0.50375	0.175166	113.379	149152	1.27088e+06
0.50425	0.175166	113.379	149152	1.27089e+06
0.50475	0.175165	113.379	149152	1.27089e+06
0.50525	0.175164	113.379	149152	1.2709e+06
0.50575	0.175163	113.379	149152	1.2709e+06
0.50625	0.175162	113.378	149152	1.27091e+06
0.50675	0.175162	113.378	149152	1.27091e+06
0.50725	0.175161	113.378	149152	1.27092e+06
0.50775	0.17516	113.378	149152	1.27092e+06
0.50825	0.175159	113.378	149152	1.27093e+06
0.50875	0.175159	113.378	149152	1.27094e+06
0.50925	0.175158	113.377	149152	1.27094e+06
0.50975	0.175157	113.377	149152	1.27095e+06
0.51025	0.175156	113.377	149152	1.27095e+06
0.51075	0.175156	113.377	149152	1.27096e+06
0.51125	0.175155	113.377	149152	1.27096e+06
0.51175	0.175154	113.377	149152	1.27097e+06
0.51225	0.175153	113.377	149152	1.27097e+06
0.51275	0.175153	113.377	149152	1.27098e+06
0.51325	0.175152	113.377	149152	1.27098e+06
0.51375	0.175151	113.377	149152	1.27099e+06
0.51425	0.17515	113.376	149152	1.27099e+06
0.51475	0.17515	113.376	149152	1.271e+06
0.51525	0.175149	113.376	149152	1.271e+06
0.51575	0.175148	113.376	149152	1.27101e+06
0.51625	0.175147	113.376	149152	1.27101e+06
0.51675	0.175147	113.375	149152	1.27102e+06
0.51725	0.175146	113.375	149152	1.27102e+06
0.51775	0.175145	113.375	149152	1.27103e+06
0.51825	0.175144	113.375	149152	1.27103e+06
0.51875	0.175143	113.374	149152	1.27104e+06
0.51925	0.175143	113.374	149151	1.27104e+06
0.51975	0.175142	113.374	149151	1.27105e+06
0.52025	0.175141	113.373	149151	1.27105e+06
0.52075	0.175141	113.373	149151	1.27106e+06
0.52125	0.17514	113.373	149151	1.27106e+06
0.52175	0.175139	113.373	149151	1.27107e+06
0.52225	0.175138	113.372	149151	1.27107e+06
0.52275	0.175138	113.372	149151	1.27108e+06
0.52325	0.175137	113.372	149151	1.27108e+06
0.52375	0.175136	113.371	149151	1.27109e+06
0.52425	0.175136	113.371	149151	1.27109e+06
0.52475	0.175135	113.37	149151	1.2711e+06
0.52525	0.175134	113.37	149151	1.2711e+06
0.52575	0.175134	113.369	149151	1.2711e+06
0.52625	0.175133	113.369	149151	1.27111e+06
0.52675	0.175133	113.368	149151	1.27111e+06
0.52725	0.175132	113.368	149151	1.27111e+06
0.52775	0.175132	113.367	149151	1.27112e+06
0.52825	0.175131	113.366	149150	1.27112e+06
0.52875	0.17513	113.364	149150	1.27112e+06
0.52925	0.175129	113.36	149149	1.27112e+06
0.52975	0.175128	113.355	149148	1.27112e+06
0.53025	0.175127	113.346	149146	1.27112e+06
0.53075	0.175124	113.334	149144	1.27111e+06
0.53125	0.175121	113.314	149139	1.2711e+06
0.53175	0.175116	113.282	149133	1.27108e+06
0.53225	0.175107	113.225	149121	1.27104e+06
0.53275	0.175092	113.126	149100	1.27097e+06
0.53325	0.175067	112.953	149064	1.27085e+06
0.53375	0.175024	112.663	149003	1.27065e+06
0.53425	0.174956	112.203	148907	1.27032e+06
0.53475	0.174857	111.53	148767	1.26984e+06
0.53525	0.174744	110.76	148607	1.26929e+06
0.53575	0.174648	110.106	148471	1.26883e+06
0.53625	0.174568	109.566	148358	1.26844e+06
0.53675	0.174504	109.128	148267	1.26813e+06
0.53725	0.174453	108.781	148195	1.26789e+06
0.53775	0.174414	108.514	148140	1.2677e+06
0.53825	0.174385	108.316	148099	1.26756e+06
0.53875	0.174364	108.177	148070	1.26746e+06
0.53925	0.17435	108.085	148051	1.2674e+06
0.53975	0.174342	108.028	148039	1.26736e+06
0.54025	0.174337	107.994	148032	1.26733e+06
0.54075	0.174334	107.975	148028	1.26732e+06
0.54125	0.174332	107.965	148026	1.26731e+06
0.54175	0.174331	107.959	148024	1.26731e+06
0.54225	0.174331	107.956	148024	1.26731e+06
0.54275	0.17433	107.954	148023	1.26731e+06
0.54325	0.17433	107.952	148023	1.26731e+06
0.54375	0.17433	107.952	148023	1.26731e+06
0.54425	0.174329	107.951	148023	1.26731e+06
0.54475	0.174329	107.951	148023	1.26731e+06
0.54525	0.174329	107.951	148023	1.26731e+06
0.54575	0.174329	107.951	148023	1.26732e+06
0.54625	0.174329	107.951	148023	1.26732e+06
0.54675	0.174328	107.951	148023	1.26732e+06
0.54725	0.174328	107.951	148023	1.26732e+06
0.54775	0.174328	107.951	148023	1.26732e+06
0.54825	0.174328	107.951	148023	1.26732e+06
0.54875	0.174328	107.951	148023	1.26732e+06
0.54925	0.174328	107.951	148023	1.26732e+06
0.54975	0.174328	107.951	148023	1.26732e+06
0.55025	0.174328	107.951	148023	1.26732e+06
0.55075	0.174328	107.951	148023	1.26732e+06
0.55125	0.174328	107.951	148023	1.26732e+06
0.55175	0.174327	107.951	148023	1.26732e+06
0.55225	0.174327	107.951	148023	1.26732e+06
0.55275	0.174327	107.951	148023	1.26733e+06
0.55325	0.174327	107.951	148023	1.26733e+06
0.55375	0.174327	107.951	148023	1.26733e+06
0.55425	0.174327	107.951	148023	1.26733e+06
0.55475	0.174327	107.951	148023	1.26733e+06
0.55525	0.174327	107.951	148023	1.26733e+06
0.55575	0.174327	107.951	148023	1.26733e+06
0.55625	0.174327	107.951	148023	1.26733e+06
0.55675	0.174327	107.951	148023	1.26733e+06
0.55725	0.174327	107.951	148023	1.26733e+06
0.55775	0.174327	107.951	148023	1.26733e+06
0.55825	0.174327	107.95	148023	1.26733e+06
0.55875	0.174327	107.95	148023	1.26733e+06
0.55925	0.174327	107.95	148023	1.26733e+06
0.55975	0.174327	107.95	148023	1.26733e+06
0.56025	0.174326	107.95	148023	1.26733e+06
0.56075	0.174326	107.95	148023	1.26733e+06
0.56125	0.174326	107.95	148023	1.26733e+06
0.56175	0.174326	107.95	148023	1.26733e+06
0.56225	0.174326	107.95	148023	1.26733e+06
0.56275	0.174326	107.95	148023	1.26733e+06
0.56325	0.174326	107.95	148023	1.26733e+06
0.56375	0.174326	107.95	148023	1.26734e+06
0.56425	0.174326	107.95	148023	1.26734e+06
0.56475	0.174326	107.95	148023	1.26734e+06
0.56525	0.174326	107.95	148023	1.26734e+06
0.56575	0.174326	107.95	148023	1.26734e+06
0.56625	0.174326	107.95	148023	1.26734e+06
0.56675	0.174326	107.95	148023	1.26734e+06
0.56725	0.174326	107.95	148023	1.26734e+06
0.56775	0.174326	107.95	148023	1.26734e+06
0.56825	0.174326	107.949	148023	1.26734e+06
0.56875	0.174326	107.949	148023	1.26734e+06
0.56925	0.174326	107.949	148023	1.26734e+06
0.56975	0.174326	107.949	148023	1.26734e+06
0.57025	0.174326	107.949	148023	1.26734e+06
0.57075	0.174326	107.949	148023	1.26734e+06
0.57125	0.174326	107.949	148023	1.26734e+06
0.57175	0.174326	107.949	148023	1.26734e+06
0.57225	0.174326	107.949	148023	1.26734e+06
0.57275	0.174326	107.949	148023	1.26734e+06
0.57325	0.174326	107.949	148023	1.26734e+06
0.57375	0.174326	107.949	148023	1.26734e+06
0.57425	0.174326	107.949	148023	1.26734e+06
0.57475	0.174326	107.949	148023	1.26734e+06
0.57525	0.174326	107.949	148023	1.26734e+06
0.57575	0.174326	107.949	148023	1.26734e+06
0.57625	0.174326	107.949	148023	1.26734e+06
0.57675	0.174326	107.949	148023	1.26734e+06
0.57725	0.174326	107.949	148023	1.26734e+06
0.57775	0.174326	107.949	148023	1.26734e+06
0.57825	0.174326	107.949	148023	1.26734e+06
0.57875	0.174326	107.949	148023	1.26734e+06
0.57925	0.174326	107.949	148023	1.26734e+06
0.57975	0.174325	107.949	148023	1.26734e+06
0.58025	0.174325	107.949	148023	1.26734e+06
0.58075	0.174325	107.949	148023	1.26734e+06
0.58125	0.174325	107.949	148023	1.26734e+06
0.58175	0.174325	107.949	148023	1.26734e+06
0.58225	0.174325	107.949	148023	1.26734e+06
0.58275	0.174325	107.949	148023	1.26734e+06
0.58325	0.174325	107.949	148023	1.26734e+06
0.58375	0.174325	107.949	148023	1.26734e+06
0.58425	0.174325	107.949	148023	1.26734e+06
0.58475	0.174325	107.949	148023	1.26734e+06
0.58525	0.174325	107.949	148023	1.26734e+06
0.58575	0.174325	107.949	148023	1.26734e+06
0.58625	0.174325	107.949	148023	1.26734e+06
0.58675	0.174325	107.949	148023	1.26734e+06
0.58725	0.174325	107.949	148023	1.26734e+06
0.58775	0.174325	107.949	148023	1.26734e+06
0.58825	0.174325	107.949	148023	1.26734e+06
0.58875	0.174325	107.949	148023	1.26734e+06
0.58925	0.174325	107.949	148023	1.26734e+06
0.58975	0.174325	107.949	148023	1.26734e+06
0.59025	0.174325	107.949	148023	1.26734e+06
0.59075	0.174325	107.949	148023	1.26734e+06
0.59125	0.174325	107.949	148023	1.26734e+06
0.59175	0.174325	107.949	148023	1.26734e+06
0.59225	0.174325	107.949	148023	1.26734e+06
0.59275	0.174325	107.949	148023	1.26734e+06
0.59325	0.174325	107.949	148023	1.26734e+06
0.59375	0.174325	107.949	148023	1.26734e+06
0.59425	0.174325	107.949	148023	1.26734e+06
0.59475	0.174325	107.949	148023	1.26734e+06
0.59525	0.174325	107.949	148023	1.26734e+06
0.59575	0.174325	107.949	148023	1.26734e+06
0.59625	0.174325	107.949	148023	1.26734e+06
0.59675	0.174325	107.949	148023	1.26734e+06
0.59725	0.174325	107.949	148023	1.26734e+06
0.59775	0.174325	107.949	148023	1.26734e+06
0.59825	0.174325	107.949	148023	1.26734e+06
0.59875	0.174325	107.949	148023	1.26734e+06
0.59925	0.174325	107.949	148023	1.26734e+06
0.59975	0.174325	107.949	148023	1.26734e+06
0.60025	0.174325	107.949	148023	1.26734e+06
0.60075	0.174325	107.948	148023	1.26734e+06
0.60125	0.174325	107.948	148023	1.26734e+06
0.60175	0.174325	107.948	148023	1.26734e+06
0.60225	0.174325	107.948	148023	1.26734e+06
0.60275	0.174325	107.948	148023	1.26734e+06
0.60325	0.174325	107.948	148023	1.26734e+06
0.60375	0.174325	107.948	148023	1.26734e+06
0.60425	0.174325	107.948	148023	1.26734e+06
0.60475	0.174325	107.948	148023	1.26734e+06
0.60525	0.174325	107.948	148023	1.26734e+06
0.60575	0.174325	107.948	148023	1.26734e+06
0.60625	0.174325	107.948	148023	1.26734e+06
0.60675	0.174325	107.948	148022	1.26734e+06
0.60725	0.174325	107.948	148022	1.26734e+06
0.60775	0.174325	107.948	148022	1.26734e+06
0.60825	0.174325	107.948	148022	1.26734e+06
0.60875	0.174325	107.948	148022	1.26734e+06
0.60925	0.174325	107.948	148022	1.26734e+06
0.60975	0.174325	107.948	148022	1.26734e+06
0.61025	0.174325	107.948	148022	1.26734e+06
0.61075	0.174325	107.948	148023	1.26734e+06
0.61125	0.174325	107.948	148023	1.26734e+06
0.61175	0.174325	107.948	148023	1.26734e+06
0.61225	0.174325	107.948	148023	1.26734e+06
0.61275	0.174325	107.948	148023	1.26734e+06
0.61325	0.174325	107.948	148023	1.26734e+06
0.61375	0.174325	107.948	148023	1.26734e+06
0.61425	0.174325	107.948	148023	1.26734e+06
0.61475	0.174325	107.948	148023	1.26734e+06
0.61525	0.174325	107.948	148023	1.26734e+06
0.61575	0.174325	107.948	148023	1.26734e+06
0.61625	0.174325	107.948	148023	1.26734e+06
0.61675	0.174325	107.948	148023	1.26734e+06
0.61725	0.174325	107.948	148023	1.26734e+06
0.61775	0.174325	107.948	148023	1.26734e+06
0.61825	0.174325	107.948	148023	1.26734e+06
0.61875	0.174325	107.948	148023	1.26734e+06
0.61925	0.174325	107.948	148023	1.26734e+06
0.61975	0.174325	107.948	148023	1.26734e+06
0.62025	0.174324	107.947	148023	1.26734e+06
0.62075	0.174324	107.947	148023	1.26734e+06
0.62125	0.174324	107.947	148023	1.26734e+06
0.62175	0.174324	107.947	148023	1.26734e+06
0.62225	0.174324	107.947	148022	1.26734e+06
0.62275	0.174324	107.947	148022	1.26735e+06
0.62325	0.174324	107.947	148022	1.26735e+06
0.62375	0.174324	107.947	148022	1.26735e+06
0.62425	0.174324	107.947	148022	1.26735e+06
0.62475	0.174324	107.947	148022	1.26735e+06
0.62525	0.174324	107.947	148022	1.26735e+06
0.62575	0.174324	107.947	148022	1.26735e+06
0.62625	0.174324	107.947	148022	1.26735e+06
0.62675	0.174324	107.947	148022	1.26735e+06
0.62725	0.174324	107.948	148022	1.26735e+06
0.62775	0.174324	107.948	148022	1.26735e+06
0.62825	0.174324	107.948	148022	1.26735e+06
0.62875	0.174324	107.948	148022	1.26735e+06
0.62925	0.174324	107.948	148022	1.26735e+06
0.62975	0.174324	107.948	148022	1.26735e+06
0.63025	0.174324	107.948	148022	1.26735e+06
0.63075	0.174324	107.948	148022	1.26735e+06
0.63125	0.174324	107.948	148022	1.26735e+06
0.63175	0.174324	107.948	148022	1.26735e+06
0.63225	0.174324	107.948	148022	1.26735e+06
0.63275	0.174324	107.948	148022	1.26735e+06
0.63325	0.174323	107.947	148022	1.26735e+06
0.63375	0.174323	107.947	148022	1.26735e+06
0.63425	0.174323	107.947	148022	1.26735e+06
0.63475	0.174323	107.947	148022	1.26735e+06
0.63525	0.174323	107.947	148022	1.26735e+06
0.63575	0.174323	107.947	148022	1.26736e+06
0.63625	0.174323	107.947	148022	1.26736e+06
0.63675	0.174322	107.947	148022	1.26736e+06
0.63725	0.174322	107.947	148022	1.26736e+06
0.63775	0.174322	107.947	148022	1.26736e+06
0.63825	0.174321	107.947	148022	1.26737e+06
0.63875	0.174321	107.947	148022	1.26737e+06
0.63925	0.17432	107.947	148022	1.26738e+06
0.63975	0.174319	107.947	148022	1.26738e+06
0.64025	0.174318	107.947	148022	1.26739e+06
0.64075	0.174317	107.947	148022	1.2674e+06
0.64125	0.174316	107.947	148022	1.26741e+06
0.64175	0.174314	107.947	148022	1.26742e+06
0.64225	0.174313	107.947	148022	1.26743e+06
0.64275	0.174312	107.947	148022	1.26743e+06
0.64325	0.174312	107.947	148022	1.26743e+06
0.64375	0.174312	107.947	148022	1.26743e+06
0.64425	0.174312	107.947	148022	1.26743e+06
0.64475	1.32015	107.947	148022	280313
0.64525	1.32015	107.947	148022	280313
0.64575	1.32017	107.947	148022	280310
0.64625	1.32021	107.947	148023	280301
0.64675	1.3203	107.947	148023	280283
0.64725	1.32043	107.947	148023	280254
0.64775	1.32062	107.947	148023	280213
0.64825	1.32086	107.947	148023	280163
0.64875	1.32108	107.947	148023	280115
0.64925	1.32125	107.947	148022	280080
0.64975	1.32137	107.947	148022	280054
0.65025	1.32146	107.947	148022	280035
0.65075	1.32153	107.947	148022	280021
0.65125	1.32158	107.947	148022	280010
0.65175	1.32162	107.947	148022	280002
0.65225	1.32165	107.947	148022	279995
0.65275	1.32168	107.947	148022	279989
0.65325	1.3217	107.947	148022	279984
0.65375	1.32172	107.947	148022	279980
0.65425	1.32174	107.947	148022	279977
0.65475	1.32175	107.947	148022	279974
0.65525	1.32176	107.947	148022	279972
0.65575	1.32177	107.947	148022	279969
0.65625	1.32178	107.947	148022	279967
0.65675	1.32179	107.947	148022	279966
0.65725	1.3218	107.947	148022	279964
0.65775	1.3218	107.947	148022	279963
0.65825	1.32181	107.947	148022	279961
0.65875	1.32182	107.947	148022	279960
0.65925	1.32182	107.947	148022	279959
0.65975	1.32183	107.947	148022	279958
0.66025	1.32183	107.947	148022	279957
0.66075	1.32183	107.947	148022	279957
0.66125	1.32184	107.947	148022	279956
0.66175	1.32184	107.947	148022	279955
0.66225	1.32184	107.947	148022	279955
0.66275	1.32184	107.947	148022	279954
0.66325	1.32185	107.946	148022	279954
0.66375	1.32185	107.947	148022	279953
0.66425	1.32185	107.947	148022	279953
0.66475	1.32185	107.947	148022	279952
0.66525	1.32185	107.947	148022	279952
0.66575	1.32186	107.947	148022	279952
0.66625	1.32186	107.947	148022	279951
0.66675	1.32186	107.947	148022	279951
0.66725	1.32186	107.947	148022	279951
0.66775	1.32186	107.946	148022	279951
0.66825	1.32186	107.946	148022	279950
0.66875	1.32186	107.946	148022	279950
0.66925	1.32186	107.946	148022	279950
0.66975	1.32186	107.946	148022	279950
0.67025	1.32186	107.946	148022	279950
0.67075	1.32186	107.946	148022	279949
0.67125	1.32187	107.946	148022	279949
0.67175	1.32187	107.946	148022	279949
0.67225	1.32187	107.946	148022	279949
0.67275	1.32187	107.946	148022	279949
0.67325	1.32187	107.946	148022	279949
0.67375	1.32187	107.946	148022	279949
0.67425	1.32187	107.946	148022	279949
0.67475	1.32187	107.946	148022	279949
0.67525	1.32187	107.946	148022	279949
0.67575	1.32187	107.946	148022	279948
0.67625	1.32187	107.946	148022	279948
0.67675	1.32187	107.946	148022	279948
0.67725	1.32187	107.946	148022	279948
0.67775	1.32187	107.946	148022	279948
0.67825	1.32187	107.946	148022	279948
0.67875	1.32187	107.946	148022	279948
0.67925	1.32187	107.946	148022	279948
0.67975	1.32187	107.946	148022	279948
0.68025	1.32187	107.946	148022	279948
0.68075	1.32187	107.946	148022	279948
0.68125	1.32187	107.946	148022	279948
0.68175	1.32187	107.946	148022	279948
0.68225	1.32187	107.946	148022	279948
0.68275	1.32187	107.946	148022	279948
0.68325	1.32187	107.946	148022	279947
0.68375	1.32187	107.946	148022	279947
0.68425	1.32187	107.946	148022	279947
0.68475	1.32187	107.946	148022	279947
0.68525	1.32187	107.946	148022	279947
0.68575	1.32187	107.945	148022	279947
0.68625	1.32187	107.945	148022	279947
0.68675	1.32187	107.945	148022	279947
0.68725	1.32187	107.945	148022	279947
0.68775	1.32187	107.945	148022	279947
0.68825	1.32187	107.945	148022	279947
0.68875	1.32187	107.945	148022	279947
0.68925	1.32187	107.945	148022	279947
0.68975	1.32187	107.945	148022	279947
0.69025	1.32187	107.945	148021	279947
0.69075	1.32187	107.945	148021	279947
0.69125	1.32187	107.945	148021	279947
0.69175	1.32187	107.945	148021	279947
0.69225	1.32187	107.945	148021	279947
0.69275	1.32187	107.945	148021	279947
0.69325	1.32187	107.944	148021	279946
0.69375	1.32187	107.944	148021	279946
0.69425	1.32187	107.944	148021	279946
0.69475	1.32187	107.944	148021	279946
0.69525	1.32187	107.944	148021	279946
0.69575	1.32187	107.944	148021	279946
0.69625	1.32187	107.944	148021	279946
0.69675	1.32187	107.943	148021	279946
0.69725	1.32187	107.943	148021	279946
0.69775	1.32187	107.943	148021	279946
0.69825	1.32187	107.943	148020	279946
0.69875	1.32187	107.943	148020	279946
0.69925	1.32186	107.943	148020	279946
0.69975	1.32186	107.942	148020	279946
0.70025	1.32186	107.942	148020	279946
0.70075	1.32186	107.942	148020	279946
0.70125	1.32186	107.942	148020	279946
0.70175	1.32186	107.941	148020	279946
0.70225	1.32186	107.941	148019	279946
0.70275	1.32186	107.94	148019	279945
0.70325	1.32185	107.939	148018	279945
0.70375	1.32185	107.938	148018	279945
0.70425	1.32184	107.935	148016	279944
0.70475	1.32183	107.931	148014	279943
0.70525	1.3218	107.924	148011	279941
0.70575	1.32177	107.913	148005	279938
0.70625	1.3217	107.895	147995	279933
0.70675	1.3216	107.865	147979	279924
0.70725	1.32144	107.816	147954	279910
0.70775	1.32118	107.737	147913	279888
0.70825	1.32076	107.613	147848	279853
0.70875	1.32012	107.419	147746	279798
0.70925	1.31912	107.121	147590	279713
0.70975	1.31762	106.669	147355	279586
0.71025	1.31538	105.997	147005	279396
0.71075	1.31214	105.02	146497	279120
0.71125	1.30755	103.637	145781	278729
0.71175	1.30131	101.746	144807	278196
0.71225	1.29322	99.2851	143548	277502
0.71275	1.28523	96.8432	142308	276815
0.71325	1.27933	95.0327	141395	276305
0.71375	1.2752	93.7592	140755	275947
0.71425	1.2724	92.895	140322	275705
0.71475	1.27055	92.3246	140038	275545
0.71525	1.26936	91.9564	139854	275441
0.71575	1.26861	91.7231	139738	275376
0.71625	1.26814	91.5775	139665	275335
0.71675	1.26785	91.4881	139620	275310
0.71725	1.26767	91.4339	139593	275294
0.71775	1.26757	91.4015	139577	275285
0.71825	1.26751	91.3823	139568	275280
0.71875	1.26747	91.3712	139562	275277
0.71925	1.26745	91.3647	139559	275275
0.71975	1.26744	91.361	139557	275274
0.72025	1.26743	91.359	139556	275274
0.72075	1.26743	91.3578	139555	275273
0.72125	1.26742	91.3571	139555	275273
0.72175	1.26742	91.3567	139555	275273
0.72225	1.26742	91.3565	139555	275273
0.72275	1.26742	91.3563	139555	275273
0.72325	1.26742	91.3562	139555	275273
0.72375	1.26742	91.3561	139555	275273
0.72425	1.26742	91.3559	139555	275273
0.72475	1.26742	91.3558	139555	275273
0.72525	1.26742	91.3557	139555	275273
0.72575	1.26742	91.3557	139555	275273
0.72625	1.26742	91.3556	139555	275273
0.72675	1.26742	91.3555	139555	275273
0.72725	1.26742	91.3554	139555	275273
0.72775	1.26742	91.3553	139554	275273
0.72825	1.26742	91.3553	139554	275273
0.72875	1.26742	91.3552	139554	275272
0.72925	1.26742	91.3552	139554	275272
0.72975	1.26742	91.3551	139554	275272
0.73025	1.26742	91.3551	139554	275272
0.73075	1.26742	91.355	139554	275272
0.73125	1.26742	91.355	139554	275272
0.73175	1.26742	91.355	139554	275272
0.73225	1.26742	91.3549	139554	275272
0.73275	1.26742	91.3549	139554	275272
0.73325	1.26742	91.3549	139554	275272
0.73375	1.26742	91.3548	139554	275272
0.73425	1.26742	91.3548	139554	275272
0.73475	1.26742	91.3548	139554	275272
0.73525	1.26742	91.3548	139554	275272
0.73575	1.26742	91.3548	139554	275272
0.73625	1.26742	91.3547	139554	275272
0.73675	1.26742	91.3547	139554	275272
0.73725	1.26742	91.3546	139554	275272
0.73775	1.26742	91.3545	139554	275272
0.73825	1.26742	91.3544	139554	275272
0.73875	1.26742	91.3543	139554	275272
0.73925	1.26742	91.3542	139554	275272
0.73975	1.26742	91.3541	139554	275272
0.74025	1.26742	91.354	139554	275272
0.74075	1.26742	91.354	139554	275272
0.74125	1.26742	91.354	139554	275272
0.74175	1.26742	91.354	139554	275272
0.74225	1.26742	91.354	139554	275272
0.74275	1.26742	91.354	139554	275272
0.74325	1.26742	91.354	139554	275272
0.74375	1.26742	91.354	139554	275272
0.74425	1.26742	91.354	139554	275272
0.74475	1.26742	91.354	139554	275272
0.74525	1.26742	91.3539	139554	275272
0.74575	1.26742	91.3539	139554	275272
0.74625	1.26742	91.3539	139554	275272
0.74675	1.26742	91.3539	139554	275272
0.74725	1.26742	91.3539	139554	275272
0.74775	1.26742	91.354	139554	275272
0.74825	1.26742	91.354	139554	275272
0.74875	1.26742	91.354	139554	275272
0.74925	1.26741	91.354	139554	275272
0.74975	1.26741	91.354	139554	275272
0.75025	1.26741	91.354	139554	275272
0.75075	1.26741	91.354	139554	275272
0.75125	1.26741	91.354	139554	275272
0.75175	1.26741	91.3539	139554	275272
0.75225	1.26741	91.3539	139554	275272
0.75275	1.26742	91.3537	139554	275272
0.75325	1.26742	91.3536	139554	275272
0.75375	1.26742	91.3535	139554	275272
0.75425	1.26742	91.3535	139554	275272
0.75475	1.26742	91.3535	139554	275272
0.75525	1.26742	91.3535	139554	275272
0.75575	1.26742	91.3536	139554	275272
0.75625	1.26741	91.3536	139554	275272
0.75675	1.26741	91.3537	139554	275272
0.75725	1.26741	91.3537	139554	275272
0.75775	1.26741	91.3537	139554	275272
0.75825	1.26741	91.3537	139554	275272
0.75875	1.26741	91.3537	139554	275272
0.75925	1.26742	91.3537	139554	275272
0.75975	1.26742	91.3537	139554	275272
0.76025	1.26742	91.3537	139554	275272
0.76075	1.26742	91.3537	139554	275272
0.76125	1.26741	91.3538	139553	275272
0.76175	1.26741	91.3538	139553	275272
0.76225	1.26741	91.3538	139553	275272
0.76275	1.26741	91.3538	139553	275272
0.76325	1.26741	91.3538	139553	275272
0.76375	1.26741	91.3538	139553	275272
0.76425	1.26741	91.3538	139553	275272
0.76475	1.26741	91.3538	139553	275272
0.76525	1.26741	91.3538	139553	275272
0.76575	1.26742	91.3537	139553	275272
0.76625	1.26742	91.3537	139554	275272
0.76675	1.26742	91.3536	139554	275272
0.76725	1.26742	91.3536	139554	275272
0.76775	1.26742	91.3535	139554	275272
0.76825	1.26742	91.3534	139554	275272
0.76875	1.26742	91.3534	139554	275272
0.76925	1.26741	91.3534	139554	275272
0.76975	1.26741	91.3534	139554	275272
0.77025	1.26741	91.3536	139554	275272
0.77075	1.26741	91.3536	139554	275272
0.77125	1.26741	91.3537	139554	275272
0.77175	1.26742	91.3537	139554	275272
0.77225	1.26742	91.3537	139554	275272
0.77275	1.26742	91.3537	139554	275272
0.77325	1.26742	91.3537	139554	275272
0.77375	1.26742	91.3537	139554	275272
0.77425	1.26742	91.3538	139554	275272
0.77475	1.26741	91.3538	139554	275272
0.77525	1.26741	91.3538	139554	275272
0.77575	1.26741	91.3538	139554	275272
0.77625	1.26741	91.3539	139554	275272
0.77675	1.26741	91.3539	139554	275272
0.77725	1.26742	91.3539	139554	275272
0.77775	1.26742	91.3539	139554	275272
0.77825	1.26742	91.354	139554	275272
0.77875	1.26742	91.3541	139554	275272
0.77925	1.26742	91.3541	139554	275272
0.77975	1.26742	91.354	139554	275272
0.78025	1.26742	91.3539	139554	275272
0.78075	1.26742	91.354	139554	275272
0.78125	1.26741	91.3542	139554	275272
0.78175	1.26741	91.3542	139554	275272
0.78225	1.26742	91.3539	139554	275272
0.78275	1.26742	91.3534	139554	275272
0.78325	1.26742	91.3533	139554	275272
0.78375	1.26742	91.3536	139554	275272
0.78425	1.26742	91.3541	139554	275272
0.78475	1.26742	91.3542	139554	275272
0.78525	1.26742	91.3541	139554	275272
0.78575	1.26742	91.3541	139554	275272
0.78625	1.26742	91.3544	139554	275272
0.78675	1.26742	91.3545	139554	275272
0.78725	1.26742	91.3541	139554	275272
0.78775	1.26742	91.3539	139554	275272
0.78825	1.26742	91.3545	139554	275272
0.78875	1.26741	91.3552	139554	275272
0.78925	1.26742	91.3549	139554	275272
0.78975	1.26742	91.3534	139555	275273
0.79025	1.26742	91.3532	139555	275273
0.79075	1.26741	91.3555	139553	275272
0.79125	1.26741	91.3565	139552	275271
0.79175	1.26741	91.3534	139553	275272
0.79225	1.26742	91.3468	139554	275272
0.79275	1.26739	91.343	139550	275270
0.79325	1.26732	91.3341	139539	275264
0.79375	1.2672	91.2935	139520	275253
0.79425	1.26689	91.1837	139473	275226
0.79475	1.26606	90.9228	139345	275154
0.79525	1.2639	90.2707	139012	274968
0.79575	1.25852	88.6023	138183	274495
0.79625	1.24522	84.4309	136142	273330
0.79675	1.21392	74.4481	131370	270547
0.79725	1.14812	52.952	121472	264503
0.79775	1.06698	24.6609	109556	256696
0.79825	1.0253	9.42026	103569	252533
0.79875	1.00885	3.30516	101242	250885
0.79925	1.003	1.123	100421	250300
0.79975	1.00101	0.377267	100141	250101
0.80025	1.00034	0.12626	100047	250034
0.80075	1.00011	0.042202	100016	250011
0.80125	1.00004	0.0141	100005	250004
0.80175	1.00001	0.00471035	100002	250001
0.80225	1	0.00157352	100001	250000
0.80275	1	0.000525639	100000	250000
0.80325	1	0.000175593	100000	250000
0.80375	1	5.86586e-05	100000	250000
0.80425	1	1.95957e-05	100000	250000
0.80475	1	6.54627e-06	100000	250000
0.80525	1	2.18691e-06	100000	250000
0.80575	1	7.30584e-07	100000	250000
0.80625	1	2.44069e-07	100000	250000
0.80675	1	8.15371e-08	100000	250000
0.80725	1	2.72394e-08	100000	250000
0.80775	1	9.09985e-09	100000	250000
0.80825	1	3.03988e-09	100000	250000
0.80875	1	1.01536e-09	100000	250000
0.80925	1	3.38961e-10	100000	250000
0.80975	1	1.13012e-10	100000	250000
0.81025	1	3.74787e-11	100000	250000
0.81075	1	1.23e-11	100000	250000
0.81125	1	3.8957e-12	100000	250000
0.81175	1	1.08081e-12	100000	250000
0.81225	1	1.26563e-13	100000	250000
0.81275	1	-9.99784e-14	100000	250000
0.81325	1	-2.30331e-13	100000	250000
0.81375	1	-2.78583e-13	100000	250000
0.81425	1	-2.48592e-13	100000	250000
0.81475	1	-2.38582e-13	100000	250000
0.81525	1	-2.18568e-13	100000	250000
0.81575	1	-2.16567e-13	100000	250000
0.81625	1	-2.1042e-13	100000	250000
0.81675	1	-2.26398e-13	100000	250000
0.81725	1	-2.28326e-13	100000	250000
0.81775	1	-2.08261e-13	100000	250000
0.81825	1	-2.28507e-13	100000	250000
0.81875	1	-2.28584e-13	100000	250000
0.81925	1	-2.38623e-13	100000	250000
0.81975	1	-2.28533e-13	100000	250000
0.82025	1	-2.4856e-13	100000	250000
0.82075	1	-2.58603e-13	100000	250000
0.82125	1	-2.58633e-13	100000	250000
0.82175	1	-2.28434e-13	100000	250000
0.82225	1	-2.58606e-13	100000	250000
0.82275	1	-2.5853e-13	100000	250000
0.82325	1	-2.48494e-13	100000	250000
0.82375	1	-2.58622e-13	100000	250000
0.82425	1	-2.98605e-13	100000	250000
0.82475	1	-2.86599e-13	100000	250000
0.82525	1	-2.88761e-13	100000	250000
0.82575	1	-3.16892e-13	100000	250000
0.82625	1	-2.68658e-13	100000	250000
0.82675	1	-2.38581e-13	100000	250000
0.82725	1	-2.28449e-13	100000	250000
0.82775	1	-2.18527e-13	100000	250000
0.82825	1	-1.98479e-13	100000	250000
0.82875	1	-1.78326e-13	100000	250000
0.82925	1	-1.48242e-13	100000	250000
0.82975	1	-1.4823e-13	100000	250000
0.83025	1	-1.28221e-13	100000	250000
0.83075	1	-1.38074e-13	100000	250000
0.83125	1	-1.48118e-13	100000	250000
0.83175	1	-1.48122e-13	100000	250000
0.83225	1	-1.48114e-13	100000	250000
0.83275	1	-1.48033e-13	100000	250000
0.83325	1	-1.78258e-13	100000	250000
0.83375	1	-2.08322e-13	100000	250000
0.83425	1	-2.18295e-13	100000	250000
0.83475	1	-2.2825e-13	100000	250000
0.83525	1	-2.38203e-13	100000	250000
0.83575	1	-2.58406e-13	100000	250000
0.83625	1	-2.40525e-13	100000	250000
0.83675	1	-2.78687e-13	100000	250000
0.83725	1	-2.88685e-13	100000	250000
0.83775	1	-2.78479e-13	100000	250000
0.83825	1	-2.58457e-13	100000	250000
0.83875	1	-2.48483e-13	100000	250000
0.83925	1	-2.36409e-13	100000	250000
0.83975	1	-2.06407e-13	100000	250000
0.84025	1	-1.98455e-13	100000	250000
0.84075	1	-2.08532e-13	100000	250000
0.84125	1	-2.28552e-13	100000	250000
0.84175	1	-2.08467e-13	100000	250000
0.84225	1	-2.10496e-13	100000	250000
0.84275	1	-2.26507e-13	100000	250000
0.84325	1	-2.18524e-13	100000	250000
0.84375	1	-2.20419e-13	100000	250000
0.84425	1	-2.28371e-13	100000	250000
0.84475	1	-2.20252e-13	100000	250000
0.84525	1	-2.386e-13	100000	250000
0.84575	1	-2.58479e-13	100000	250000
0.84625	1	-2.28324e-13	100000	250000
0.84675	1	-2.2832e-13	100000	250000
0.84725	1	-2.18339e-13	100000	250000
0.84775	1	-2.38552e-13	100000	250000
0.84825	1	-2.78657e-13	100000	250000
0.84875	1	-2.58632e-13	100000	250000
0.84925	1	-2.08534e-13	100000	250000
0.84975	1	-2.20512e-13	100000	250000
0.85025	1	-2.58614e-13	100000	250000
0.85075	1	-2.58634e-13	100000	250000
0.85125	1	-2.68618e-13	100000	250000
0.85175	1	-2.48549e-13	100000	250000
0.85225	1	-2.48568e-13	100000	250000
0.85275	1	-2.68673e-13	100000	250000
0.85325	1	-2.58698e-13	100000	250000
0.85375	1	-2.70698e-13	100000	250000
0.85425	1	-2.76693e-13	100000	250000
0.85475	1	-2.78713e-13	100000	250000
0.85525	1	-3.08762e-13	100000	250000
0.85575	1	-3.50987e-13	100000	250000
0.85625	1	-3.39018e-13	100000	250000
0.85675	1	-3.38965e-13	100000	250000
0.85725	1	-3.18856e-13	100000	250000
0.85775	1	-2.86784e-13	100000	250000
0.85825	1	-2.88768e-13	100000	250000
0.85875	1	-3.26951e-13	100000	250000
0.85925	1	-3.61088e-13	100000	250000
0.85975	1	-3.38939e-13	100000	250000
0.86025	1	-3.06641e-13	100000	250000
0.86075	1	-2.90672e-13	100000	250000
0.86125	1	-3.18824e-13	100000	250000
0.86175	1	-3.2889e-13	100000	250000
0.86225	1	-3.40931e-13	100000	250000
0.86275	1	-3.48907e-13	100000	250000
0.86325	1	-3.48859e-13	100000	250000
0.86375	1	-3.48857e-13	100000	250000
0.86425	1	-3.38932e-13	100000	250000
0.86475	1	-3.08806e-13	100000	250000
0.86525	1	-3.38926e-13	100000	250000
0.86575	1	-3.36907e-13	100000	250000
0.86625	1	-3.18799e-13	100000	250000
0.86675	1	-3.38827e-13	100000	250000
0.86725	1	-3.28908e-13	100000	250000
0.86775	1	-3.18837e-13	100000	250000
0.86825	1	-3.48899e-13	100000	250000
0.86875	1	-3.58921e-13	100000	250000
0.86925	1	-3.38832e-13	100000	250000
0.86975	1	-3.38832e-13	100000	250000
0.87025	1	-3.58969e-13	100000	250000
0.87075	1	-3.58923e-13	100000	250000
0.87125	1	-3.48905e-13	100000	250000
0.87175	1	-3.38887e-13	100000	250000
0.87225	1	-3.5888e-13	100000	250000
0.87275	1	-3.3884e-13	100000	250000
0.87325	1	-3.18909e-13	100000	250000
0.87375	1	-3.48945e-13	100000	250000
0.87425	1	-3.2889e-13	100000	250000
0.87475	1	-2.7877e-13	100000	250000
0.87525	1	-2.7877e-13	100000	250000
0.87575	1	-3.18865e-13	100000	250000
0.87625	1	-3.38894e-13	100000	250000
0.87675	1	-3.18888e-13	100000	250000
0.87725	1	-3.39008e-13	100000	250000
0.87775	1	-3.38954e-13	100000	250000
0.87825	1	-3.38933e-13	100000	250000
0.87875	1	-3.00848e-13	100000	250000
0.87925	1	-2.78781e-13	100000	250000
0.87975	1	-2.48797e-13	100000	250000
0.88025	1	-2.08675e-13	100000	250000
0.88075	1	-2.08658e-13	100000	250000
0.88125	1	-2.08673e-13	100000	250000
0.88175	1	-2.28771e-13	100000	250000
0.88225	1	-2.18784e-13	100000	250000
0.88275	1	-2.06764e-13	100000	250000
0.88325	1	-2.00817e-13	100000	250000
0.88375	1	-2.16858e-13	100000	250000
0.88425	1	-2.38876e-13	100000	250000
0.88475	1	-2.38865e-13	100000	250000
0.88525	1	-1.88741e-13	100000	250000
0.88575	1	-1.38541e-13	100000	250000
0.88625	1	-1.40564e-13	100000	250000
0.88675	1	-1.46587e-13	100000	250000
0.88725	1	-1.40562e-13	100000	250000
0.88775	1	-1.78664e-13	100000	250000
0.88825	1	-1.9877e-13	100000	250000
0.88875	1	-1.7864e-13	100000	250000
0.88925	1	-1.88659e-13	100000	250000
0.88975	1	-2.28784e-13	100000	250000
0.89025	1	-2.18619e-13	100000	250000
0.89075	1	-1.7844e-13	100000	250000
0.89125	1	-1.78356e-13	100000	250000
0.89175	1	-1.76196e-13	100000	250000
0.89225	1	-1.98295e-13	100000	250000
0.89275	1	-1.98348e-13	100000	250000
0.89325	1	-1.96321e-13	100000	250000
0.89375	1	-1.98341e-13	100000	250000
0.89425	1	-1.98341e-13	100000	250000
0.89475	1	-1.96227e-13	100000	250000
0.89525	1	-2.00213e-13	100000	250000
0.89575	1	-2.16132e-13	100000	250000
0.89625	1	-1.98166e-13	100000	250000
0.89675	1	-2.08254e-13	100000	250000
0.89725	1	-2.2852e-13	100000	250000
0.89775	1	-2.28571e-13	100000	250000
0.89825	1	-2.68692e-13	100000	250000
0.89875	1	-2.80738e-13	100000	250000
0.89925	1	-3.38821e-13	100000	250000
0.89975	1	-3.8492e-13	100000	250000
0.90025	1	-3.38712e-13	100000	250000
0.90075	1	-3.3856e-13	100000	250000
0.90125	1	-3.72349e-13	100000	250000
0.90175	1	-4.71559e-13	100000	250000
0.90225	1	-5.05896e-13	100000	250000
0.90275	1	-4.93673e-13	100000	250000
0.90325	1	-5.02156e-13	100000	250000
0.90375	1	-5.0156e-13	100000	250000
0.90425	1	-4.70969e-13	100000	250000
0.90475	1	-4.72926e-13	100000	250000
0.90525	1	-4.80768e-13	100000	250000
0.90575	1	-4.92658e-13	100000	250000
0.90625	1	-5.00616e-13	100000	250000
0.90675	1	-4.60402e-13	100000	250000
0.90725	1	-4.58456e-13	100000	250000
0.90775	1	-4.40323e-13	100000	250000
0.90825	1	-4.60371e-13	100000	250000
0.90875	1	-4.90504e-13	100000	250000
0.90925	1	-4.80433e-13	100000	250000
0.90975	1	-4.6018e-13	100000	250000
0.91025	1	-5.52399e-13	100000	250000
0.91075	1	-5.70577e-13	100000	250000
0.91125	1	-5.30552e-13	100000	250000
0.91175	1	-5.00499e-13	100000	250000
0.91225	1	-5.00444e-13	100000	250000
0.91275	1	-4.90303e-13	100000	250000
0.91325	1	-4.90349e-13	100000	250000
0.91375	1	-4.90519e-13	100000	250000
0.91425	1	-4.7047e-13	100000	250000
0.91475	1	-4.80504e-13	100000	250000
0.91525	1	-4.50327e-13	100000	250000
0.91575	1	-4.60366e-13	100000	250000
0.91625	1	-5.00607e-13	100000	250000
0.91675	1	-5.58849e-13	100000	250000
0.91725	1	-5.50919e-13	100000	250000
0.91775	1	-5.22872e-13	100000	250000
0.91825	1	-5.20961e-13	100000	250000
0.91875	1	-5.11045e-13	100000	250000
0.91925	1	-4.71079e-13	100000	250000
0.91975	1	-4.37053e-13	100000	250000
0.92025	1	-3.80897e-13	100000	250000
0.92075	1	-4.10861e-13	100000	250000
0.92125	1	-4.20766e-13	100000	250000
0.92175	1	-4.20727e-13	100000	250000
0.92225	1	-4.00667e-13	100000	250000
0.92275	1	-4.10386e-13	100000	250000
0.92325	1	-3.8025e-13	100000	250000
0.92375	1	-3.80172e-13	100000	250000
0.92425	1	-4.10252e-13	100000	250000
0.92475	1	-4.10407e-13	100000	250000
0.92525	1	-4.1066e-13	100000	250000
0.92575	1	-4.30688e-13	100000	250000
0.92625	1	-3.90576e-13	100000	250000
0.92675	1	-3.8058e-13	100000	250000
0.92725	1	-3.20456e-13	100000	250000
0.92775	1	-3.20489e-13	100000	250000
0.92825	1	-3.08556e-13	100000	250000
0.92875	1	-2.60614e-13	100000	250000
0.92925	1	-2.60793e-13	100000	250000
0.92975	1	-2.81044e-13	100000	250000
0.93025	1	-3.10952e-13	100000	250000
0.93075	1	-2.91036e-13	100000	250000
0.93125	1	-2.87032e-13	100000	250000
0.93175	1	-2.60861e-13	100000	250000
0.93225	1	-2.40837e-13	100000	250000
0.93275	1	-2.40851e-13	100000	250000
0.93325	1	-2.50855e-13	100000	250000
0.93375	1	-2.5879e-13	100000	250000
0.93425	1	-2.62785e-13	100000	250000
0.93475	1	-2.68811e-13	100000	250000
0.93525	1	-2.60844e-13	100000	250000
0.93575	1	-2.60921e-13	100000	250000
0.93625	1	-2.70938e-13	100000	250000
0.93675	1	-2.80905e-13	100000	250000
0.93725	1	-2.80926e-13	100000	250000
0.93775	1	-2.70651e-13	100000	250000
0.93825	1	-2.90689e-13	100000	250000
0.93875	1	-3.20946e-13	100000	250000
0.93925	1	-3.69067e-13	100000	250000
0.93975	1	-3.70917e-13	100000	250000
0.94025	1	-3.80846e-13	100000	250000
0.94075	1	-4.28937e-13	100000	250000
0.94125	1	-4.48698e-13	100000	250000
0.94175	1	-4.52635e-13	100000	250000
0.94225	1	-4.50438e-13	100000	250000
0.94275	1	-4.38262e-13	100000	250000
0.94325	1	-4.50317e-13	100000	250000
0.94375	1	-4.42261e-13	100000	250000
0.94425	1	-5.12398e-13	100000	250000
0.94475	1	-5.28279e-13	100000	250000
0.94525	1	-4.98119e-13	100000	250000
0.94575	1	-4.91913e-13	100000	250000
0.94625	1	-4.88006e-13	100000	250000
0.94675	1	-4.70319e-13	100000	250000
0.94725	1	-4.68466e-13	100000	250000
0.94775	1	-4.70332e-13	100000	250000
0.94825	1	-5.20449e-13	100000	250000
0.94875	1	-5.50644e-13	100000	250000
0.94925	1	-5.30629e-13	100000	250000
0.94975	1	-5.00603e-13	100000	250000
0.95025	1	-5.00606e-13	100000	250000
0.95075	1	-5.30686e-13	100000	250000
0.95125	1	-5.10681e-13	100000	250000
0.95175	1	-4.90583e-13	100000	250000
0.95225	1	-5.00602e-13	100000	250000
0.95275	1	-5.40786e-13	100000	250000
0.95325	1	-6.11016e-13	100000	250000
0.95375	1	-6.30958e-13	100000	250000
0.95425	1	-6.42778e-13	100000	250000
0.95475	1	-7.00917e-13	100000	250000
0.95525	1	-7.13004e-13	100000	250000
0.95575	1	-7.11081e-13	100000	250000
0.95625	1	-7.41079e-13	100000	250000
0.95675	1	-7.60992e-13	100000	250000
0.95725	1	-7.89168e-13	100000	250000
0.95775	1	-7.91051e-13	100000	250000
0.95825	1	-7.70966e-13	100000	250000
0.95875	1	-8.00904e-13	100000	250000
0.95925	1	-8.10715e-13	100000	250000
0.95975	1	-7.80519e-13	100000	250000
0.96025	1	-7.60455e-13	100000	250000
0.96075	1	-7.80685e-13	100000	250000
0.96125	1	-8.20987e-13	100000	250000
0.96175	1	-7.90857e-13	100000	250000
0.96225	1	-8.00867e-13	100000	250000
0.96275	1	-8.00964e-13	100000	250000
0.96325	1	-8.10828e-13	100000	250000
0.96375	1	-8.20655e-13	100000	250000
0.96425	1	-8.30722e-13	100000	250000
0.96475	1	-8.81015e-13	100000	250000
0.96525	1	-8.56899e-13	100000	250000
0.96575	1	-8.40893e-13	100000	250000
0.96625	1	-8.10864e-13	100000	250000
0.96675	1	-8.58944e-13	100000	250000
0.96725	1	-9.39192e-13	100000	250000
0.96775	1	-8.78987e-13	100000	250000
0.96825	1	-8.20934e-13	100000	250000
0.96875	1	-8.30906e-13	100000	250000
0.96925	1	-8.40937e-13	100000	250000
0.96975	1	-8.51018e-13	100000	250000
0.97025	1	-8.30801e-13	100000	250000
0.97075	1	-8.20812e-13	100000	250000
0.97125	1	-8.70923e-13	100000	250000
0.97175	1	-9.01042e-13	100000	250000
0.97225	1	-9.21164e-13	100000	250000
0.97275	1	-9.31069e-13	100000	250000
0.97325	1	-9.40894e-13	100000	250000
0.97375	1	-9.2089e-13	100000	250000
0.97425	1	-9.10938e-13	100000	250000
0.97475	1	-9.41007e-13	100000	250000
0.97525	1	-9.31024e-13	100000	250000
0.97575	1	-9.41086e-13	100000	250000
0.97625	1	-9.71146e-13	100000	250000
0.97675	1	-9.71233e-13	100000	250000
0.97725	1	-9.31149e-13	100000	250000
0.97775	1	-9.11191e-13	100000	250000
0.97825	1	-8.8112e-13	100000	250000
0.97875	1	-8.81002e-13	100000	250000
0.97925	1	-8.80883e-13	100000	250000
0.97975	1	-8.70891e-13	100000	250000
0.98025	1	-8.80964e-13	100000	250000
0.98075	1	-8.91062e-13	100000	250000
0.98125	1	-9.01154e-13	100000	250000
0.98175	1	-9.31456e-13	100000	250000
0.98225	1	-9.31469e-13	100000	250000
0.98275	1	-9.31485e-13	100000	250000
0.98325	1	-9.21513e-13	100000	250000
0.98375	1	-9.4168e-13	100000	250000
0.98425	1	-9.31824e-13	100000	250000
0.98475	1	-9.30017e-13	100000	250000
0.98525	1	-9.22034e-13	100000	250000
0.98575	1	-9.30072e-13	100000	250000
0.98625	1	-9.6421e-13	100000	250000
0.98675	1	-9.8021e-13	100000	250000
0.98725	1	-9.82203e-13	100000	250000
0.98775	1	-1.0223e-12	100000	250000
0.98825	1	-1.03233e-12	100000	250000
0.98875	1	-1.01228e-12	100000	250000
0.98925	1	-1.04036e-12	100000	250000
0.98975	1	-1.05242e-12	100000	250000
0.99025	1	-1.0584e-12	100000	250000
0.99075	1	-1.08247e-12	100000	250000
0.99125	1	-1.08248e-12	100000	250000
0.99175	1	-1.0524e-12	100000	250000
0.99225	1	-1.03232e-12	100000	250000
0.99275	1	-1.02231e-12	100000	250000
0.99325	1	-1.03032e-12	100000	250000
0.99375	1	-1.07242e-12	100000	250000
0.99425	1	-1.08243e-12	100000	250000
0.99475	1	-1.06238e-12	100000	250000
0.99525	1	-1.05237e-12	100000	250000
0.99575	1	-1.05235e-12	100000	250000
0.99625	1	-1.08043e-12	100000	250000
0.99675	1	-1.07242e-12	100000	250000
0.99725	1	-1.07041e-12	100000	250000
0.99775	1	-1.0644e-12	100000	250000
0.99825	1	-1.07238e-12	100000	250000
0.99875	1	-1.07033e-12	100000	250000
0.99925	1	-1.07234e-12	100000	250000
0.99975	1	-1.07234e-12	100000	250000
