x	rho	u	p	e
0.00125	1.33327	111.795	149996	281255
0.00375	1.33327	111.795	149996	281255
0.00625	1.33327	111.795	149996	281255
0.00875	1.33327	111.795	149996	281255
0.01125	1.33327	111.795	149996	281255
0.01375	1.33327	111.795	149996	281255
0.01625	1.33327	111.795	149996	281255
0.01875	1.33327	111.795	149995	281255
0.02125	1.33327	111.795	149995	281255
0.02375	1.33327	111.795	149995	281255
0.02625	1.33327	111.795	149995	281255
0.02875	1.33327	111.795	149995	281255
0.03125	1.33327	111.795	149995	281255
0.03375	1.33327	111.795	149996	281255
0.03625	1.33327	111.795	149996	281255
0.03875	1.33327	111.795	149996	281255
0.04125	1.33327	111.795	149996	281255
0.04375	1.33327	111.795	149996	281255
0.04625	1.33327	111.795	149996	281255
0.04875	1.33327	111.795	149996	281255
0.05125	1.33327	111.795	149996	281255
0.05375	1.33327	111.795	149996	281255
0.05625	1.33327	111.795	149996	281255
0.05875	1.33327	111.795	149996	281255
0.06125	1.33327	111.795	149996	281255
0.06375	1.33327	111.795	149996	281255
0.06625	1.33327	111.795	149996	281255
0.06875	1.33327	111.795	149996	281255
0.07125	1.33327	111.795	149996	281255
0.07375	1.33327	111.795	149996	281255
0.07625	1.33327	111.795	149996	281255
0.07875	1.33327	111.795	149995	281255
0.08125	1.33327	111.795	149995	281255
0.08375	1.33327	111.795	149995	281255
0.08625	1.33327	111.795	149995	281255
0.08875	1.33327	111.795	149995	281255
0.09125	1.33327	111.795	149995	281255
0.09375	1.33327	111.795	149995	281255
0.09625	1.33327	111.795	149996	281255
0.09875	1.33327	111.795	149996	281255
0.10125	1.33327	111.795	149996	281255
0.10375	1.33327	111.795	149996	281255
0.10625	1.33327	111.795	149996	281255
0.10875	1.33327	111.795	149996	281255
0.11125	1.33327	111.795	149996	281255
0.11375	1.33327	111.795	149996	281255
0.11625	1.33327	111.795	149996	281255
0.11875	1.33327	111.795	149996	281255
0.12125	1.33327	111.795	149996	281255
0.12375	1.33327	111.795	149996	281255
0.12625	1.33327	111.795	149996	281255
0.12875	1.33327	111.795	149996	281255
0.13125	1.33327	111.795	149996	281255
0.13375	1.33327	111.795	149996	281255
0.13625	1.33327	111.795	149996	281255
0.13875	1.33327	111.795	149996	281255
0.14125	1.33327	111.795	149996	281255
0.14375	1.33327	111.795	149996	281255
0.14625	1.33327	111.795	149996	281255
0.14875	1.33327	111.795	149996	281255
0.15125	1.33327	111.795	149996	281255
0.15375	1.33327	111.795	149996	281255
0.15625	1.33327	111.795	149996	281255
0.15875	1.33327	111.795	149996	281255
0.16125	1.33327	111.795	149996	281255
0.16375	1.33327	111.795	149996	281255
0.16625	1.33327	111.795	149996	281255
0.16875	1.33327	111.795	149996	281255
0.17125	1.33327	111.795	149996	281255
0.17375	1.33327	111.795	149996	281256
0.17625	1.33326	111.795	149996	281258
0.17875	1.33324	111.796	149995	281260
0.18125	1.33322	111.797	149994	281264
0.18375	1.33317	111.8	149993	281271
0.18625	1.33309	111.806	149990	281282
0.18875	1.33295	111.819	149983	281299
0.19125	1.33273	111.842	149970	281323
0.19375	1.33238	111.883	149949	281356
0.19625	1.33187	111.947	149915	281399
0.19875	1.33114	112.05	149860	281451
0.20125	1.33018	112.216	149773	281489
0.20375	1.32902	112.469	149639	281483
0.20625	1.32761	112.839	149444	281416
0.20875	1.32577	113.369	149165	281280
0.21125	1.32335	114.096	148783	281072
0.21375	1.32023	115.053	148282	280788
0.21625	1.31632	116.265	147648	280418
0.21875	1.31159	117.752	146874	279955
0.22125	1.30601	119.52	145958	279397
0.22375	1.2996	121.561	144907	278753
0.22625	1.29237	123.855	143732	278041
0.22875	1.28434	126.386	142446	277275
0.23125	1.27556	129.138	141058	276463
0.23375	1.26643	132.002	139628	275633
0.23625	1.2575	134.799	138241	274832
0.23875	1.24887	137.515	136906	274061
0.24125	1.24055	140.14	135627	273319
0.24375	1.2326	142.662	134407	272608
0.24625	1.22507	145.062	133255	271933
0.24875	1.21802	147.319	132179	271300
0.25125	1.21151	149.409	131190	270715
0.25375	1.20563	151.308	130297	270185
0.25625	1.20042	152.994	129508	269714
0.25875	1.19594	154.452	128830	269307
0.26125	1.19219	155.675	128263	268966
0.26375	1.18915	156.668	127804	268689
0.26625	1.18677	157.445	127446	268472
0.26875	1.18499	158.031	127177	268308
0.27125	1.1837	158.454	126982	268190
0.27375	1.18281	158.748	126847	268107
0.27625	1.18221	158.945	126757	268052
0.27875	1.18183	159.071	126700	268016
0.28125	1.18159	159.148	126664	267994
0.28375	1.18146	159.194	126643	267981
0.28625	1.18138	159.22	126631	267973
0.28875	1.18134	159.234	126625	267969
0.29125	1.18132	159.242	126621	267966
0.29375	1.18131	159.245	126619	267965
0.29625	1.1813	159.247	126618	267964
0.29875	1.1813	159.248	126618	267963
0.30125	1.1813	159.249	126618	267962
0.30375	1.1813	159.249	126617	267962
0.30625	1.1813	159.249	126617	267962
0.30875	1.1813	159.25	126617	267962
0.31125	1.1813	159.25	126617	267961
0.31375	1.1813	159.25	126617	267961
0.31625	1.1813	159.25	126617	267961
0.31875	1.1813	159.25	126617	267961
0.32125	1.1813	159.25	126617	267961
0.32375	1.1813	159.25	126617	267961
0.32625	1.1813	159.25	126617	267961
0.32875	1.1813	159.25	126617	267961
0.33125	1.1813	159.25	126617	267960
0.33375	1.1813	159.25	126617	267960
0.33625	1.1813	159.25	126617	267961
0.33875	1.1813	159.249	126617	267961
0.34125	1.18131	159.246	126618	267962
0.34375	1.18134	159.238	126622	267964
0.34625	1.1814	159.216	126632	267970
0.34875	1.18158	159.157	126659	267986
0.35125	1.18206	159.001	126730	268030
0.35375	1.18327	158.605	126912	268139
0.35625	1.18624	157.629	127360	268410
0.35875	1.19327	155.336	128418	269046
0.36125	1.20868	150.332	130750	270440
0.36375	1.23794	140.958	135216	273067
0.36625	1.26792	131.607	139818	275684
0.36875	1.28601	126.023	142621	277254
0.37125	1.29557	123.106	144107	278076
0.37375	1.30021	121.693	144831	278475
0.37625	1.30235	121.043	145165	278660
0.37875	1.30329	120.756	145313	278742
0.38125	1.30369	120.634	145375	278776
0.38375	1.30386	120.583	145401	278790
0.38625	1.30393	120.562	145411	278795
0.38875	1.30395	120.553	145416	278800
0.39125	1.30396	120.55	145418	278801
0.39375	1.30397	120.548	145420	278802
0.39625	1.30398	120.546	145420	278802
0.39875	1.30398	120.545	145421	278802
0.40125	1.30398	120.544	145422	278804
0.40375	1.30398	120.543	145422	278805
0.40625	1.30398	120.542	145423	278806
0.40875	1.30398	120.541	145423	278806
0.41125	1.30398	120.539	145423	278807
0.41375	1.30398	120.538	145424	278808
0.41625	1.30397	120.537	145424	278809
0.41875	1.30397	120.537	145424	278810
0.42125	1.30397	120.537	145425	278811
0.42375	1.30397	120.537	145425	278811
0.42625	1.30397	120.536	145425	278812
0.42875	1.30397	120.536	145425	278813
0.43125	1.30396	120.535	145426	278814
0.43375	1.30396	120.535	145426	278816
0.43625	1.30395	120.534	145426	278817
0.43875	1.30395	120.534	145426	278819
0.44125	1.30395	120.533	145426	278820
0.44375	1.30394	120.532	145427	278821
0.44625	1.30394	120.529	145428	278824
0.44875	1.30397	120.517	145434	278829
0.45125	1.30409	120.477	145455	278843
0.45375	1.30452	120.344	145524	278883
0.45625	1.30576	119.965	145719	278993
0.45875	1.30884	119.028	146203	279261
0.46125	1.3151	117.132	147187	279802
0.46375	1.32153	115.196	148199	280355
0.46625	1.32514	114.101	148773	280673
0.46875	1.32669	113.62	149025	280821
0.47125	1.32715	113.453	149112	280887
0.47375	1.32713	113.41	149138	280940
0.47625	1.32698	113.397	149140	280976
0.47875	1.32683	113.395	149142	281012
0.48125	1.32677	113.392	149144	281027
0.48375	1.32677	113.391	149145	281029
0.48625	1.32677	113.39	149145	281029
0.48875	0.175182	113.39	149145	1.27071e+06
0.49125	0.175182	113.389	149145	1.27071e+06
0.49375	0.175182	113.388	149145	1.27071e+06
0.49625	0.175182	113.387	149145	1.2707e+06
0.49875	0.175183	113.386	149145	1.2707e+06
0.50125	0.175183	113.385	149145	1.27069e+06
0.50375	0.175183	113.384	149145	1.27069e+06
0.50625	0.175183	113.383	149145	1.2707e+06
0.50875	0.175182	113.382	149145	1.2707e+06
0.51125	0.175182	113.381	149145	1.27071e+06
0.51375	0.175181	113.379	149145	1.27071e+06
0.51625	0.175181	113.378	149145	1.27072e+06
0.51875	0.17518	113.376	149145	1.27072e+06
0.52125	0.175179	113.375	149145	1.27072e+06
0.52375	0.175179	113.373	149145	1.27073e+06
0.52625	0.175178	113.372	149145	1.27073e+06
0.52875	0.175176	113.37	149145	1.27074e+06
0.53125	0.175175	113.367	149144	1.27075e+06
0.53375	0.175174	113.363	149143	1.27075e+06
0.53625	0.175172	113.356	149142	1.27075e+06
0.53875	0.175169	113.345	149140	1.27075e+06
0.54125	0.175165	113.32	149135	1.27074e+06
0.54375	0.175155	113.26	149122	1.27071e+06
0.54625	0.175133	113.118	149093	1.27061e+06
0.54875	0.175092	112.843	149036	1.27042e+06
0.55125	0.175031	112.436	148951	1.27014e+06
0.55375	0.174953	111.908	148841	1.26977e+06
0.55625	0.174838	111.133	148679	1.26923e+06
0.55875	0.1747	110.192	148483	1.26856e+06
0.56125	0.17459	109.452	148330	1.26804e+06
0.56375	0.174508	108.892	148213	1.26765e+06
0.56625	0.174448	108.489	148130	1.26737e+06
0.56875	0.174408	108.221	148074	1.26718e+06
0.57125	0.174384	108.068	148042	1.26708e+06
0.57375	0.174373	107.996	148028	1.26703e+06
0.57625	0.174369	107.969	148022	1.26702e+06
0.57875	0.174367	107.96	148021	1.26702e+06
0.58125	0.174365	107.957	148020	1.26702e+06
0.58375	0.174364	107.955	148020	1.26703e+06
0.58625	0.174363	107.953	148019	1.26704e+06
0.58875	0.174362	107.953	148019	1.26704e+06
0.59125	0.174361	107.952	148019	1.26705e+06
0.59375	0.174361	107.952	148019	1.26705e+06
0.59625	0.17436	107.952	148019	1.26706e+06
0.59875	0.174359	107.952	148019	1.26706e+06
0.60125	0.174358	107.951	148019	1.26707e+06
0.60375	0.174358	107.951	148019	1.26708e+06
0.60625	0.174357	107.951	148019	1.26708e+06
0.60875	0.174356	107.95	148019	1.26709e+06
0.61125	0.174355	107.95	148019	1.26709e+06
0.61375	0.174354	107.949	148019	1.2671e+06
0.61625	0.174353	107.949	148019	1.26711e+06
0.61875	0.174353	107.948	148019	1.26711e+06
0.62125	0.174352	107.948	148019	1.26712e+06
0.62375	0.174351	107.947	148019	1.26713e+06
0.62625	0.17435	107.947	148019	1.26713e+06
0.62875	0.174348	107.946	148019	1.26714e+06
0.63125	0.174346	107.946	148019	1.26716e+06
0.63375	0.174342	107.946	148019	1.26718e+06
0.63625	0.174338	107.946	148019	1.26722e+06
0.63875	0.174335	107.946	148019	1.26724e+06
0.64125	0.174334	107.945	148019	1.26724e+06
0.64375	0.174334	107.945	148019	1.26724e+06
0.64625	1.31995	107.945	148019	280350
0.64875	1.31995	107.946	148019	280350
0.65125	1.31998	107.946	148019	280342
0.65375	1.32012	107.946	148019	280314
0.65625	1.32037	107.945	148019	280260
0.65875	1.32073	107.945	148019	280184
0.66125	1.32102	107.944	148019	280122
0.66375	1.32121	107.944	148019	280082
0.66625	1.32133	107.943	148018	280056
0.66875	1.32141	107.942	148018	280038
0.67125	1.32147	107.942	148018	280025
0.67375	1.32152	107.942	148018	280015
0.67625	1.32155	107.941	148017	280007
0.67875	1.32159	107.941	148017	279999
0.68125	1.32161	107.94	148017	279993
0.68375	1.32164	107.939	148017	279988
0.68625	1.32165	107.938	148016	279983
0.68875	1.32167	107.937	148015	279978
0.69125	1.32168	107.935	148014	279974
0.69375	1.32169	107.932	148013	279970
0.69625	1.32168	107.926	148011	279966
0.69875	1.32166	107.915	148005	279960
0.70125	1.32158	107.89	147991	279951
0.70375	1.3214	107.833	147961	279933
0.70625	1.321	107.709	147897	279897
0.70875	1.32016	107.456	147765	279824
0.71125	1.31853	106.965	147508	279684
0.71375	1.31555	106.067	147040	279429
0.71625	1.31046	104.534	146244	278994
0.71875	1.30245	102.11	144993	278308
0.72125	1.29129	98.7131	143255	277350
0.72375	1.28133	95.6619	141710	276490
0.72625	1.27502	93.717	140733	275943
0.72875	1.27134	92.5794	140164	275622
0.73125	1.26934	91.9594	139855	275448
0.73375	1.26831	91.641	139696	275358
0.73625	1.26781	91.4859	139619	275314
0.73875	1.26759	91.4138	139583	275294
0.74125	1.26749	91.3821	139568	275284
0.74375	1.26744	91.3693	139561	275280
0.74625	1.26743	91.3648	139558	275279
0.74875	1.26742	91.3628	139557	275278
0.75125	1.26742	91.3615	139557	275278
0.75375	1.26743	91.3604	139557	275277
0.75625	1.26743	91.3609	139557	275277
0.75875	1.26742	91.3629	139557	275276
0.76125	1.26742	91.3638	139556	275276
0.76375	1.26743	91.3624	139557	275276
0.76625	1.26744	91.3604	139559	275277
0.76875	1.26744	91.3611	139559	275277
0.77125	1.26743	91.3651	139557	275276
0.77375	1.26742	91.3667	139556	275275
0.77625	1.26743	91.3627	139557	275276
0.77875	1.26744	91.3544	139559	275277
0.78125	1.26741	91.3492	139554	275274
0.78375	1.26732	91.3351	139541	275266
0.78625	1.26716	91.2796	139515	275252
0.78875	1.26673	91.1338	139448	275214
0.79125	1.26555	90.7758	139267	275111
0.79375	1.26255	89.8579	138806	274851
0.79625	1.25507	87.5147	137654	274195
0.79875	1.2367	81.7318	134839	272579
0.80125	1.19469	68.2768	128455	268804
0.80375	1.11562	41.8755	116667	261440
0.80625	1.04746	17.5717	106736	254751
0.80875	1.01725	6.43221	102427	251726
0.81125	1.00593	2.21739	100832	250593
0.81375	1.002	0.746877	100280	250200
0.81625	1.00067	0.249354	100093	250067
0.81875	1.00022	0.0828944	100031	250022
0.82125	1.00007	0.0274728	100010	250007
0.82375	1.00002	0.00907719	100003	250002
0.82625	1.00001	0.00298865	100001	250001
0.82875	1	0.00097994	100000	250000
0.83125	1	0.00031975	100000	250000
0.83375	1	0.000103747	100000	250000
0.83625	1	3.34466e-05	100000	250000
0.83875	1	1.07055e-05	100000	250000
0.84125	1	3.39942e-06	100000	250000
0.84375	1	1.07013e-06	100000	250000
0.84625	1	3.33737e-07	100000	250000
0.84875	1	1.03047e-07	100000	250000
0.85125	1	3.14833e-08	100000	250000
0.85375	1	9.51296e-09	100000	250000
0.85625	1	2.84146e-09	100000	250000
0.85875	1	8.38616e-10	100000	250000
0.86125	1	2.44472e-10	100000	250000
0.86375	1	7.03275e-11	100000	250000
0.86625	1	1.99377e-11	100000	250000
0.86875	1	5.51065e-12	100000	250000
0.87125	1	1.38381e-12	100000	250000
0.87375	1	3.20012e-13	100000	250000
0.87625	1	-3.0923e-14	100000	250000
0.87875	1	-1.02913e-13	100000	250000
0.88125	1	-1.00177e-13	100000	250000
0.88375	1	-1.17466e-13	100000	250000
0.88625	1	-1.20184e-13	100000	250000
0.88875	1	-1.202e-13	100000	250000
0.89125	1	-1.53051e-13	100000	250000
0.89375	1	-1.70413e-13	100000	250000
0.89625	1	-1.33034e-13	100000	250000
0.89875	1	-1.10218e-13	100000	250000
0.90125	1	-8.01323e-14	100000	250000
0.90375	1	-7.74109e-14	100000	250000
0.90625	1	-1.43076e-13	100000	250000
0.90875	1	-1.6044e-13	100000	250000
0.91125	1	-1.57732e-13	100000	250000
0.91375	1	-1.50447e-13	100000	250000
0.91625	1	-1.50447e-13	100000	250000
0.91875	1	-1.30388e-13	100000	250000
0.92125	1	-9.02683e-14	100000	250000
0.92375	1	-7.74967e-14	100000	250000
0.92625	1	-1.73178e-14	100000	250000
0.92875	1	0	100000	250000
0.93125	1	0	100000	250000
0.93375	1	0	100000	250000
0.93625	1	0	100000	250000
0.93875	1	0	100000	250000
0.94125	1	0	100000	250000
0.94375	1	0	100000	250000
0.94625	1	0	100000	250000
0.94875	1	0	100000	250000
0.95125	1	0	100000	250000
0.95375	1	0	100000	250000
0.95625	1	0	100000	250000
0.95875	1	0	100000	250000
0.96125	1	0	100000	250000
0.96375	1	0	100000	250000
0.96625	1	0	100000	250000
0.96875	1	0	100000	250000
0.97125	1	0	100000	250000
0.97375	1	0	100000	250000
0.97625	1	0	100000	250000
0.97875	1	0	100000	250000
0.98125	1	0	100000	250000
0.98375	1	0	100000	250000
0.98625	1	0	100000	250000
0.98875	1	0	100000	250000
0.99125	1	0	100000	250000
0.99375	1	0	100000	250000
0.99625	1	0	100000	250000
0.99875	1	0	100000	250000
