x	rho	u	p	e	rhoEx	uEx	pEx	eEx
0.00125	1000	0.00100231	9.99997e+08	1.07059e+06	1000	0	1e+09	1.07059e+06
0.00375	999.999	0.00189591	9.99995e+08	1.07059e+06	1000	0	1e+09	1.07059e+06
0.00625	999.999	0.00304482	9.99992e+08	1.07059e+06	1000	0	1e+09	1.07059e+06
0.00875	999.998	0.00498247	9.99987e+08	1.07059e+06	1000	0	1e+09	1.07059e+06
0.01125	999.997	0.00801779	9.99979e+08	1.07059e+06	1000	0	1e+09	1.07059e+06
0.01375	999.995	0.0127756	9.99966e+08	1.07058e+06	1000	0	1e+09	1.07059e+06
0.01625	999.992	0.020124	9.99947e+08	1.07058e+06	1000	0	1e+09	1.07059e+06
0.01875	999.988	0.0313382	9.99917e+08	1.07058e+06	1000	0	1e+09	1.07059e+06
0.02125	999.982	0.0482307	9.99872e+08	1.07057e+06	1000	0	1e+09	1.07059e+06
0.02375	999.972	0.0733428	9.99805e+08	1.07056e+06	1000	0	1e+09	1.07059e+06
0.02625	999.958	0.110168	9.99708e+08	1.07055e+06	1000	0	1e+09	1.07059e+06
0.02875	999.938	0.163414	9.99566e+08	1.07053e+06	1000	0	1e+09	1.07059e+06
0.03125	999.91	0.239297	9.99365e+08	1.0705e+06	1000	0	1e+09	1.07059e+06
0.03375	999.87	0.345834	9.99083e+08	1.07046e+06	1000	0	1e+09	1.07059e+06
0.03625	999.814	0.493122	9.98692e+08	1.0704e+06	1000	0	1e+09	1.07059e+06
0.03875	999.739	0.693542	9.98161e+08	1.07033e+06	1000	0	1e+09	1.07059e+06
0.04125	999.637	0.961848	9.97449e+08	1.07023e+06	1000	0	1e+09	1.07059e+06
0.04375	999.504	1.31508	9.96513e+08	1.07009e+06	1000	0	1e+09	1.07059e+06
0.04625	999.332	1.77224	9.95302e+08	1.06992e+06	1000	0	1e+09	1.07059e+06
0.04875	999.113	2.35373	9.93763e+08	1.0697e+06	1000	0	1e+09	1.07059e+06
0.05125	998.839	3.08048	9.9184e+08	1.06943e+06	1000	0	1e+09	1.07059e+06
0.05375	998.502	3.97291	9.89481e+08	1.0691e+06	1000	0	1e+09	1.07059e+06
0.05625	998.096	5.04969	9.86637e+08	1.06869e+06	1000	0	1e+09	1.07059e+06
0.05875	997.614	6.32653	9.83269e+08	1.06822e+06	1000	0	1e+09	1.07059e+06
0.06125	997.052	7.8151	9.79349e+08	1.06766e+06	1000	0	1e+09	1.07059e+06
0.06375	996.407	9.52221	9.7486e+08	1.06703e+06	1000	0	1e+09	1.07059e+06
0.06625	995.678	11.4494	9.69802e+08	1.06631e+06	1000	0	1e+09	1.07059e+06
0.06875	994.868	13.5928	9.64188e+08	1.06552e+06	1000	0	1e+09	1.07059e+06
0.07125	993.978	15.9439	9.58044e+08	1.06466e+06	999.265	1.94905	9.94834e+08	1.06985e+06
0.07375	993.014	18.49	9.51407e+08	1.06373e+06	997.794	5.84867	9.84528e+08	1.06839e+06
0.07625	991.982	21.2155	9.44322e+08	1.06273e+06	996.321	9.74829	9.74263e+08	1.06694e+06
0.07875	990.887	24.1029	9.36838e+08	1.06169e+06	994.847	13.6479	9.64039e+08	1.0655e+06
0.08125	989.737	27.1339	9.29005e+08	1.06059e+06	993.371	17.5475	9.53856e+08	1.06407e+06
0.08375	988.538	30.2903	9.20875e+08	1.05946e+06	991.894	21.4472	9.43714e+08	1.06265e+06
0.08625	987.297	33.555	9.12493e+08	1.05829e+06	990.415	25.3468	9.33612e+08	1.06123e+06
0.08875	986.02	36.9123	9.03903e+08	1.0571e+06	988.934	29.2464	9.23551e+08	1.05983e+06
0.09125	984.712	40.3483	8.95142e+08	1.05589e+06	987.452	33.146	9.13531e+08	1.05844e+06
0.09375	983.377	43.8511	8.86244e+08	1.05466e+06	985.969	37.0456	9.03551e+08	1.05705e+06
0.09625	982.018	47.4107	8.77234e+08	1.05342e+06	984.484	40.9453	8.93612e+08	1.05568e+06
0.09875	980.64	51.0194	8.68135e+08	1.05217e+06	982.997	44.8449	8.83713e+08	1.05431e+06
0.10125	979.244	54.6713	8.58961e+08	1.05092e+06	981.509	48.7445	8.73854e+08	1.05296e+06
0.10375	977.832	58.3624	8.49725e+08	1.04966e+06	980.019	52.6441	8.64036e+08	1.05161e+06
0.10625	976.405	62.0856	8.40442e+08	1.0484e+06	978.528	56.5437	8.54258e+08	1.05027e+06
0.10875	974.967	65.8354	8.31131e+08	1.04713e+06	977.035	60.4434	8.4452e+08	1.04895e+06
0.11125	973.519	69.6085	8.218e+08	1.04587e+06	975.54	64.343	8.34822e+08	1.04763e+06
0.11375	972.061	73.4006	8.12458e+08	1.04461e+06	974.044	68.2426	8.25165e+08	1.04632e+06
0.11625	970.597	77.2057	8.03123e+08	1.04336e+06	972.546	72.1422	8.15547e+08	1.04503e+06
0.11875	969.129	81.02	7.93805e+08	1.04211e+06	971.046	76.0418	8.05969e+08	1.04374e+06
0.12125	967.656	84.8415	7.84508e+08	1.04087e+06	969.545	79.9415	7.96432e+08	1.04246e+06
0.12375	966.179	88.6693	7.75233e+08	1.03964e+06	968.043	83.8411	7.86934e+08	1.0412e+06
0.12625	964.698	92.5024	7.65984e+08	1.03842e+06	966.538	87.7407	7.77475e+08	1.03994e+06
0.12875	963.214	96.3402	7.56762e+08	1.0372e+06	965.032	91.6403	7.68057e+08	1.03869e+06
0.13125	961.727	100.182	7.47569e+08	1.03599e+06	963.525	95.5399	7.58678e+08	1.03745e+06
0.13375	960.237	104.027	7.38406e+08	1.0348e+06	962.015	99.4396	7.49338e+08	1.03622e+06
0.13625	958.744	107.875	7.29275e+08	1.03361e+06	960.504	103.339	7.40038e+08	1.03501e+06
0.13875	957.248	111.726	7.20176e+08	1.03243e+06	958.992	107.239	7.30778e+08	1.0338e+06
0.14125	955.75	115.578	7.1111e+08	1.03125e+06	957.478	111.138	7.21557e+08	1.0326e+06
0.14375	954.25	119.433	7.02078e+08	1.03009e+06	955.962	115.038	7.12375e+08	1.03141e+06
0.14625	952.747	123.289	6.93081e+08	1.02894e+06	954.444	118.938	7.03232e+08	1.03024e+06
0.14875	951.242	127.147	6.84119e+08	1.02779e+06	952.925	122.837	6.94129e+08	1.02907e+06
0.15125	949.736	131.005	6.75193e+08	1.02666e+06	951.404	126.737	6.85065e+08	1.02791e+06
0.15375	948.227	134.865	6.66302e+08	1.02554e+06	949.881	130.637	6.7604e+08	1.02677e+06
0.15625	946.716	138.725	6.57448e+08	1.02442e+06	948.356	134.536	6.67053e+08	1.02563e+06
0.15875	945.203	142.587	6.4863e+08	1.02332e+06	946.83	138.436	6.58106e+08	1.0245e+06
0.16125	943.688	146.449	6.39848e+08	1.02223e+06	945.302	142.335	6.49198e+08	1.02339e+06
0.16375	942.171	150.311	6.31104e+08	1.02114e+06	943.773	146.235	6.40328e+08	1.02228e+06
0.16625	940.652	154.174	6.22397e+08	1.02007e+06	942.241	150.135	6.31498e+08	1.02119e+06
0.16875	939.132	158.037	6.13726e+08	1.019e+06	940.708	154.034	6.22705e+08	1.0201e+06
0.17125	937.609	161.9	6.05093e+08	1.01795e+06	939.173	157.934	6.13952e+08	1.01903e+06
0.17375	936.085	165.764	5.96497e+08	1.01691e+06	937.637	161.833	6.05237e+08	1.01797e+06
0.17625	934.559	169.628	5.87939e+08	1.01587e+06	936.098	165.733	5.96561e+08	1.01691e+06
0.17875	933.031	173.492	5.79418e+08	1.01485e+06	934.558	169.633	5.87923e+08	1.01587e+06
0.18125	931.501	177.356	5.70934e+08	1.01384e+06	933.016	173.532	5.79323e+08	1.01484e+06
0.18375	929.97	181.22	5.62488e+08	1.01284e+06	931.473	177.432	5.70762e+08	1.01382e+06
0.18625	928.437	185.084	5.54079e+08	1.01185e+06	929.927	181.332	5.62239e+08	1.01281e+06
0.18875	926.902	188.948	5.45707e+08	1.01087e+06	928.38	185.231	5.53754e+08	1.0118e+06
0.19125	925.365	192.812	5.37373e+08	1.00989e+06	926.831	189.131	5.45307e+08	1.01082e+06
0.19375	923.827	196.676	5.29077e+08	1.00894e+06	925.28	193.03	5.36898e+08	1.00984e+06
0.19625	922.286	200.54	5.20817e+08	1.00799e+06	923.727	196.93	5.28528e+08	1.00887e+06
0.19875	920.744	204.404	5.12595e+08	1.00705e+06	922.173	200.83	5.20195e+08	1.00791e+06
0.20125	919.201	208.268	5.04411e+08	1.00612e+06	920.616	204.729	5.119e+08	1.00697e+06
0.20375	917.655	212.131	4.96264e+08	1.0052e+06	919.058	208.629	5.03643e+08	1.00603e+06
0.20625	916.108	215.995	4.88154e+08	1.0043e+06	917.498	212.529	4.95423e+08	1.00511e+06
0.20875	914.559	219.858	4.80081e+08	1.0034e+06	915.936	216.428	4.87242e+08	1.00419e+06
0.21125	913.008	223.722	4.72046e+08	1.00252e+06	914.372	220.328	4.79098e+08	1.00329e+06
0.21375	911.455	227.585	4.64047e+08	1.00165e+06	912.806	224.227	4.70991e+08	1.0024e+06
0.21625	909.901	231.448	4.56086e+08	1.00078e+06	911.239	228.127	4.62922e+08	1.00152e+06
0.21875	908.344	235.31	4.48162e+08	999932	909.669	232.027	4.5489e+08	1.00065e+06
0.22125	906.786	239.173	4.40275e+08	999092	908.098	235.926	4.46896e+08	999794
0.22375	905.227	243.035	4.32425e+08	998263	906.525	239.826	4.38939e+08	998947
0.22625	903.665	246.897	4.24611e+08	997445	904.949	243.726	4.31019e+08	998112
0.22875	902.102	250.758	4.16835e+08	996638	903.372	247.625	4.23137e+08	997288
0.23125	900.537	254.62	4.09096e+08	995843	901.793	251.525	4.15291e+08	996476
0.23375	898.97	258.481	4.01393e+08	995059	900.212	255.424	4.07482e+08	995675
0.23625	897.401	262.342	3.93727e+08	994286	898.629	259.324	3.99711e+08	994885
0.23875	895.83	266.202	3.86098e+08	993524	897.044	263.224	3.91976e+08	994107
0.24125	894.258	270.062	3.78506e+08	992774	895.458	267.123	3.84278e+08	993340
0.24375	892.684	273.922	3.70951e+08	992035	893.869	271.023	3.76617e+08	992585
0.24625	891.108	277.782	3.63432e+08	991308	892.278	274.922	3.68993e+08	991841
0.24875	889.53	281.641	3.55949e+08	990592	890.685	278.822	3.61405e+08	991109
0.25125	887.951	285.499	3.48504e+08	989888	889.09	282.722	3.53854e+08	990389
0.25375	886.37	289.357	3.41095e+08	989195	887.494	286.621	3.46339e+08	989681
0.25625	884.787	293.215	3.33722e+08	988514	885.895	290.521	3.38861e+08	988984
0.25875	883.202	297.072	3.26386e+08	987845	884.294	294.421	3.31419e+08	988299
0.26125	881.616	300.928	3.19087e+08	987187	882.691	298.32	3.24014e+08	987626
0.26375	880.027	304.784	3.11824e+08	986542	881.086	302.22	3.16644e+08	986965
0.26625	878.437	308.639	3.04597e+08	985908	879.479	306.119	3.09311e+08	986316
0.26875	876.845	312.494	2.97408e+08	985286	877.87	310.019	3.02014e+08	985679
0.27125	875.252	316.348	2.90254e+08	984676	876.259	313.919	2.94753e+08	985054
0.27375	873.657	320.201	2.83137e+08	984078	874.646	317.818	2.87528e+08	984441
0.27625	872.06	324.053	2.76057e+08	983492	873.031	321.718	2.80339e+08	983841
0.27875	870.461	327.905	2.69013e+08	982918	871.413	325.618	2.73186e+08	983252
0.28125	868.861	331.755	2.62006e+08	982356	869.794	329.517	2.66069e+08	982676
0.28375	867.259	335.604	2.55036e+08	981807	868.172	333.417	2.58987e+08	982113
0.28625	865.656	339.453	2.48102e+08	981270	866.549	337.316	2.51941e+08	981561
0.28875	864.051	343.3	2.41204e+08	980745	864.923	341.216	2.4493e+08	981022
0.29125	862.444	347.146	2.34344e+08	980232	863.295	345.116	2.37955e+08	980496
0.29375	860.836	350.99	2.2752e+08	979732	861.665	349.015	2.31016e+08	979982
0.29625	859.226	354.833	2.20734e+08	979244	860.033	352.915	2.24111e+08	979481
0.29875	857.615	358.675	2.13984e+08	978769	858.398	356.815	2.17243e+08	978992
0.30125	856.002	362.515	2.07272e+08	978307	856.762	360.714	2.10409e+08	978517
0.30375	854.388	366.353	2.00596e+08	977857	855.123	364.614	2.03611e+08	978054
0.30625	852.773	370.189	1.93958e+08	977420	853.482	368.513	1.96847e+08	977603
0.30875	851.157	374.023	1.87358e+08	976995	851.839	372.413	1.90119e+08	977166
0.31125	849.539	377.854	1.80795e+08	976583	850.193	376.313	1.83426e+08	976742
0.31375	847.92	381.683	1.74271e+08	976185	848.546	380.212	1.76767e+08	976330
0.31625	846.301	385.509	1.67785e+08	975799	846.896	384.112	1.70144e+08	975932
0.31875	844.68	389.332	1.61337e+08	975426	845.244	388.011	1.63555e+08	975547
0.32125	843.059	393.152	1.54929e+08	975066	843.589	391.911	1.57001e+08	975175
0.32375	841.437	396.968	1.4856e+08	974719	841.932	395.811	1.50481e+08	974817
0.32625	839.815	400.779	1.42232e+08	974385	840.273	399.71	1.43996e+08	974471
0.32875	838.193	404.585	1.35945e+08	974065	838.612	403.61	1.37546e+08	974140
0.33125	836.571	408.385	1.297e+08	973758	836.949	407.51	1.3113e+08	973821
0.33375	834.95	412.179	1.235e+08	973464	835.283	411.409	1.24749e+08	973516
0.33625	833.33	415.964	1.17344e+08	973184	833.614	415.309	1.18401e+08	973225
0.33875	831.712	419.741	1.11236e+08	972917	831.944	419.208	1.12088e+08	972947
0.34125	830.097	423.506	1.05177e+08	972664	830.271	423.108	1.05809e+08	972684
0.34375	828.485	427.258	9.91719e+07	972425	828.596	427.008	9.95644e+07	972434
0.34625	826.877	430.993	9.32245e+07	972199	826.918	430.907	9.33537e+07	972197
0.34875	825.277	434.708	8.73406e+07	971988	825.238	434.807	8.71768e+07	971975
0.35125	823.685	438.397	8.15277e+07	971790	823.556	438.707	8.10339e+07	971767
0.35375	822.106	442.054	7.57952e+07	971607	821.871	442.606	7.49247e+07	971573
0.35625	820.541	445.67	7.01556e+07	971438	820.183	446.506	6.88493e+07	971393
0.35875	818.997	449.235	6.46242e+07	971283	818.494	450.405	6.28076e+07	971227
0.36125	817.478	452.736	5.92202e+07	971143	816.802	454.305	5.67995e+07	971076
0.36375	815.993	456.156	5.39672e+07	971017	815.107	458.205	5.08249e+07	970939
0.36625	814.55	459.475	4.8893e+07	970906	813.41	462.104	4.48838e+07	970817
0.36875	813.158	462.672	4.403e+07	970808	811.71	466.004	3.89761e+07	970709
0.37125	811.83	465.719	3.94141e+07	970725	810.008	469.904	3.31017e+07	970615
0.37375	810.576	468.591	3.50834e+07	970654	808.304	473.803	2.72606e+07	970537
0.37625	809.411	471.259	3.10766e+07	970596	806.597	477.703	2.14527e+07	970473
0.37875	808.345	473.696	2.74297e+07	970548	804.887	481.602	1.56778e+07	970424
0.38125	807.39	475.88	2.41729e+07	970511	804.445	482.61	1.41905e+07	970414
0.38375	806.551	477.793	2.13276e+07	970482	804.445	482.61	1.41905e+07	970414
0.38625	805.835	479.428	1.8903e+07	970460	804.445	482.61	1.41905e+07	970414
0.38875	805.239	480.785	1.68944e+07	970444	804.445	482.61	1.41905e+07	970414
0.39125	804.761	481.876	1.5283e+07	970432	804.445	482.61	1.41905e+07	970414
0.39375	804.39	482.721	1.40368e+07	970424	804.445	482.61	1.41905e+07	970414
0.39625	804.115	483.348	1.31131e+07	970418	804.445	482.61	1.41905e+07	970414
0.39875	803.92	483.79	1.24628e+07	970415	804.445	482.61	1.41905e+07	970414
0.40125	803.792	484.081	1.20338e+07	970412	804.445	482.61	1.41905e+07	970414
0.40375	803.715	484.257	1.1775e+07	970411	804.445	482.61	1.41905e+07	970414
0.40625	803.674	484.35	1.16389e+07	970410	804.445	482.61	1.41905e+07	970414
0.40875	803.658	484.388	1.15836e+07	970410	804.445	482.61	1.41905e+07	970414
0.41125	803.654	484.396	1.1572e+07	970410	804.445	482.61	1.41905e+07	970414
0.41375	803.658	484.386	1.15864e+07	970411	804.445	482.61	1.41905e+07	970414
0.41625	803.679	484.338	1.16574e+07	970411	804.445	482.61	1.41905e+07	970414
0.41875	803.725	484.232	1.18122e+07	970412	804.445	482.61	1.41905e+07	970414
0.42125	803.794	484.075	1.20436e+07	970413	804.445	482.61	1.41905e+07	970414
0.42375	803.857	483.933	1.2253e+07	970415	804.445	482.61	1.41905e+07	970414
0.42625	803.907	483.818	1.24227e+07	970416	804.445	482.61	1.41905e+07	970414
0.42875	803.949	483.722	1.25633e+07	970417	804.445	482.61	1.41905e+07	970414
0.43125	803.984	483.641	1.26823e+07	970418	804.445	482.61	1.41905e+07	970414
0.43375	804.015	483.572	1.2785e+07	970419	804.445	482.61	1.41905e+07	970414
0.43625	804.042	483.51	1.28751e+07	970419	804.445	482.61	1.41905e+07	970414
0.43875	804.065	483.456	1.29551e+07	970420	804.445	482.61	1.41905e+07	970414
0.44125	804.087	483.407	1.30271e+07	970420	804.445	482.61	1.41905e+07	970414
0.44375	804.106	483.363	1.30922e+07	970421	804.445	482.61	1.41905e+07	970414
0.44625	804.123	483.323	1.31514e+07	970422	804.445	482.61	1.41905e+07	970414
0.44875	804.139	483.286	1.32057e+07	970422	804.445	482.61	1.41905e+07	970414
0.45125	804.154	483.252	1.32555e+07	970423	804.445	482.61	1.41905e+07	970414
0.45375	804.168	483.221	1.33015e+07	970423	804.445	482.61	1.41905e+07	970414
0.45625	804.18	483.192	1.33441e+07	970424	804.445	482.61	1.41905e+07	970414
0.45875	804.192	483.166	1.33836e+07	970424	804.445	482.61	1.41905e+07	970414
0.46125	804.202	483.141	1.34204e+07	970424	804.445	482.61	1.41905e+07	970414
0.46375	804.213	483.117	1.34547e+07	970425	804.445	482.61	1.41905e+07	970414
0.46625	804.222	483.096	1.34869e+07	970425	804.445	482.61	1.41905e+07	970414
0.46875	804.231	483.075	1.35171e+07	970426	804.445	482.61	1.41905e+07	970414
0.47125	804.239	483.056	1.35456e+07	970426	804.445	482.61	1.41905e+07	970414
0.47375	804.247	483.038	1.35725e+07	970427	804.445	482.61	1.41905e+07	970414
0.47625	804.254	483.02	1.3598e+07	970427	804.445	482.61	1.41905e+07	970414
0.47875	804.261	483.004	1.36221e+07	970427	804.445	482.61	1.41905e+07	970414
0.48125	804.268	482.989	1.36448e+07	970428	804.445	482.61	1.41905e+07	970414
0.48375	804.274	482.974	1.36662e+07	970428	804.445	482.61	1.41905e+07	970414
0.48625	804.28	482.961	1.36863e+07	970428	804.445	482.61	1.41905e+07	970414
0.48875	804.285	482.948	1.3705e+07	970429	804.445	482.61	1.41905e+07	970414
0.49125	804.29	482.936	1.37225e+07	970429	804.445	482.61	1.41905e+07	970414
0.49375	804.295	482.925	1.37387e+07	970430	804.445	482.61	1.41905e+07	970414
0.49625	804.299	482.915	1.37539e+07	970430	804.445	482.61	1.41905e+07	970414
0.49875	804.303	482.905	1.37682e+07	970430	804.445	482.61	1.41905e+07	970414
0.50125	804.307	482.896	1.37818e+07	970431	804.445	482.61	1.41905e+07	970414
0.50375	804.31	482.887	1.37948e+07	970431	804.445	482.61	1.41905e+07	970414
0.50625	804.314	482.879	1.38075e+07	970432	804.445	482.61	1.41905e+07	970414
0.50875	804.317	482.871	1.382e+07	970432	804.445	482.61	1.41905e+07	970414
0.51125	804.321	482.862	1.38323e+07	970432	804.445	482.61	1.41905e+07	970414
0.51375	804.324	482.854	1.38447e+07	970433	804.445	482.61	1.41905e+07	970414
0.51625	804.328	482.846	1.38571e+07	970433	804.445	482.61	1.41905e+07	970414
0.51875	804.331	482.837	1.38696e+07	970434	804.445	482.61	1.41905e+07	970414
0.52125	804.335	482.828	1.38824e+07	970434	804.445	482.61	1.41905e+07	970414
0.52375	804.338	482.819	1.38958e+07	970435	804.445	482.61	1.41905e+07	970414
0.52625	804.342	482.81	1.39099e+07	970435	804.445	482.61	1.41905e+07	970414
0.52875	804.346	482.8	1.39241e+07	970435	804.445	482.61	1.41905e+07	970414
0.53125	804.35	482.791	1.39376e+07	970436	804.445	482.61	1.41905e+07	970414
0.53375	804.353	482.783	1.39502e+07	970436	804.445	482.61	1.41905e+07	970414
0.53625	804.356	482.775	1.39618e+07	970437	804.445	482.61	1.41905e+07	970414
0.53875	804.359	482.768	1.39722e+07	970437	804.445	482.61	1.41905e+07	970414
0.54125	804.361	482.762	1.39813e+07	970438	804.445	482.61	1.41905e+07	970414
0.54375	804.363	482.757	1.39892e+07	970438	804.445	482.61	1.41905e+07	970414
0.54625	804.365	482.752	1.39958e+07	970439	804.445	482.61	1.41905e+07	970414
0.54875	804.366	482.748	1.40014e+07	970439	804.445	482.61	1.41905e+07	970414
0.55125	804.367	482.745	1.4006e+07	970440	804.445	482.61	1.41905e+07	970414
0.55375	804.368	482.743	1.40099e+07	970441	804.445	482.61	1.41905e+07	970414
0.55625	804.368	482.741	1.40132e+07	970441	804.445	482.61	1.41905e+07	970414
0.55875	804.369	482.739	1.40161e+07	970442	804.445	482.61	1.41905e+07	970414
0.56125	804.369	482.737	1.40187e+07	970442	804.445	482.61	1.41905e+07	970414
0.56375	804.369	482.735	1.40212e+07	970443	804.445	482.61	1.41905e+07	970414
0.56625	804.37	482.734	1.40237e+07	970443	804.445	482.61	1.41905e+07	970414
0.56875	804.37	482.732	1.40262e+07	970444	804.445	482.61	1.41905e+07	970414
0.57125	804.37	482.731	1.40287e+07	970445	804.445	482.61	1.41905e+07	970414
0.57375	804.37	482.729	1.40314e+07	970445	804.445	482.61	1.41905e+07	970414
0.57625	804.371	482.727	1.40343e+07	970446	804.445	482.61	1.41905e+07	970414
0.57875	804.371	482.725	1.40376e+07	970447	804.445	482.61	1.41905e+07	970414
0.58125	804.372	482.722	1.40412e+07	970447	804.445	482.61	1.41905e+07	970414
0.58375	804.372	482.72	1.4045e+07	970448	804.445	482.61	1.41905e+07	970414
0.58625	804.373	482.717	1.40486e+07	970449	804.445	482.61	1.41905e+07	970414
0.58875	804.373	482.715	1.40523e+07	970450	804.445	482.61	1.41905e+07	970414
0.59125	804.373	482.713	1.40559e+07	970451	804.445	482.61	1.41905e+07	970414
0.59375	804.374	482.71	1.40597e+07	970451	804.445	482.61	1.41905e+07	970414
0.59625	804.374	482.708	1.40635e+07	970452	804.445	482.61	1.41905e+07	970414
0.59875	804.375	482.705	1.40673e+07	970453	804.445	482.61	1.41905e+07	970414
0.60125	804.375	482.703	1.4071e+07	970454	804.445	482.61	1.41905e+07	970414
0.60375	804.375	482.701	1.40744e+07	970455	804.445	482.61	1.41905e+07	970414
0.60625	804.375	482.698	1.40777e+07	970456	804.445	482.61	1.41905e+07	970414
0.60875	804.376	482.696	1.40809e+07	970457	804.445	482.61	1.41905e+07	970414
0.61125	804.376	482.694	1.40839e+07	970458	804.445	482.61	1.41905e+07	970414
0.61375	804.376	482.693	1.40868e+07	970459	804.445	482.61	1.41905e+07	970414
0.61625	804.375	482.691	1.40896e+07	970460	804.445	482.61	1.41905e+07	970414
0.61875	804.375	482.689	1.40924e+07	970462	804.445	482.61	1.41905e+07	970414
0.62125	804.375	482.687	1.40952e+07	970463	804.445	482.61	1.41905e+07	970414
0.62375	804.375	482.685	1.40979e+07	970464	804.445	482.61	1.41905e+07	970414
0.62625	804.375	482.684	1.41005e+07	970465	804.445	482.61	1.41905e+07	970414
0.62875	804.374	482.682	1.41031e+07	970467	804.445	482.61	1.41905e+07	970414
0.63125	804.374	482.68	1.41056e+07	970468	804.445	482.61	1.41905e+07	970414
0.63375	804.373	482.679	1.4108e+07	970470	804.445	482.61	1.41905e+07	970414
0.63625	804.373	482.677	1.41103e+07	970471	804.445	482.61	1.41905e+07	970414
0.63875	804.372	482.676	1.41125e+07	970473	804.445	482.61	1.41905e+07	970414
0.64125	804.371	482.675	1.41147e+07	970475	804.445	482.61	1.41905e+07	970414
0.64375	804.371	482.673	1.41169e+07	970476	804.445	482.61	1.41905e+07	970414
0.64625	804.37	482.672	1.41191e+07	970478	804.445	482.61	1.41905e+07	970414
0.64875	804.369	482.671	1.41212e+07	970480	804.445	482.61	1.41905e+07	970414
0.65125	804.368	482.669	1.41233e+07	970482	804.445	482.61	1.41905e+07	970414
0.65375	804.367	482.668	1.41253e+07	970484	804.445	482.61	1.41905e+07	970414
0.65625	804.366	482.667	1.41273e+07	970486	804.445	482.61	1.41905e+07	970414
0.65875	804.364	482.666	1.41293e+07	970489	804.445	482.61	1.41905e+07	970414
0.66125	804.363	482.664	1.41312e+07	970491	804.445	482.61	1.41905e+07	970414
0.66375	804.361	482.663	1.4133e+07	970493	804.445	482.61	1.41905e+07	970414
0.66625	804.36	482.662	1.41348e+07	970496	804.445	482.61	1.41905e+07	970414
0.66875	804.358	482.661	1.41365e+07	970499	804.445	482.61	1.41905e+07	970414
0.67125	804.356	482.66	1.41383e+07	970502	804.445	482.61	1.41905e+07	970414
0.67375	804.354	482.659	1.414e+07	970505	804.445	482.61	1.41905e+07	970414
0.67625	804.352	482.658	1.41417e+07	970508	804.445	482.61	1.41905e+07	970414
0.67875	804.35	482.657	1.41434e+07	970511	804.445	482.61	1.41905e+07	970414
0.68125	804.347	482.656	1.41451e+07	970515	804.445	482.61	1.41905e+07	970414
0.68375	804.345	482.655	1.41467e+07	970518	804.445	482.61	1.41905e+07	970414
0.68625	804.342	482.654	1.41481e+07	970522	804.445	482.61	1.41905e+07	970414
0.68875	804.339	482.653	1.41496e+07	970526	804.445	482.61	1.41905e+07	970414
0.69125	804.336	482.652	1.4151e+07	970531	804.445	482.61	1.41905e+07	970414
0.69375	804.332	482.652	1.41525e+07	970536	804.445	482.61	1.41905e+07	970414
0.69625	804.329	482.651	1.41539e+07	970541	804.445	482.61	1.41905e+07	970414
0.69875	804.325	482.65	1.41553e+07	970546	804.445	482.61	1.41905e+07	970414
0.70125	804.32	482.649	1.41566e+07	970551	804.445	482.61	1.41905e+07	970414
0.70375	804.316	482.648	1.41579e+07	970557	804.445	482.61	1.41905e+07	970414
0.70625	804.311	482.648	1.41592e+07	970564	804.445	482.61	1.41905e+07	970414
0.70875	804.306	482.647	1.41604e+07	970570	804.445	482.61	1.41905e+07	970414
0.71125	804.3	482.646	1.41617e+07	970578	804.445	482.61	1.41905e+07	970414
0.71375	804.294	482.646	1.41629e+07	970586	804.445	482.61	1.41905e+07	970414
0.71625	804.287	482.645	1.41642e+07	970594	804.445	482.61	1.41905e+07	970414
0.71875	804.28	482.644	1.41654e+07	970603	804.445	482.61	1.41905e+07	970414
0.72125	804.273	482.644	1.41666e+07	970613	804.445	482.61	1.41905e+07	970414
0.72375	804.264	482.643	1.41678e+07	970623	804.445	482.61	1.41905e+07	970414
0.72625	804.255	482.642	1.4169e+07	970634	804.445	482.61	1.41905e+07	970414
0.72875	804.246	482.642	1.41702e+07	970647	804.445	482.61	1.41905e+07	970414
0.73125	804.235	482.641	1.41714e+07	970660	804.445	482.61	1.41905e+07	970414
0.73375	804.223	482.64	1.41725e+07	970675	804.445	482.61	1.41905e+07	970414
0.73625	804.21	482.64	1.41737e+07	970691	804.445	482.61	1.41905e+07	970414
0.73875	804.196	482.639	1.41748e+07	970708	804.445	482.61	1.41905e+07	970414
0.74125	804.181	482.639	1.41759e+07	970727	804.445	482.61	1.41905e+07	970414
0.74375	804.164	482.638	1.4177e+07	970748	804.445	482.61	1.41905e+07	970414
0.74625	804.145	482.637	1.4178e+07	970771	804.445	482.61	1.41905e+07	970414
0.74875	804.124	482.637	1.41791e+07	970797	804.445	482.61	1.41905e+07	970414
0.75125	804.1	482.636	1.41801e+07	970826	804.445	482.61	1.41905e+07	970414
0.75375	804.074	482.636	1.41811e+07	970858	804.445	482.61	1.41905e+07	970414
0.75625	804.044	482.635	1.41821e+07	970895	804.445	482.61	1.41905e+07	970414
0.75875	804.01	482.635	1.41831e+07	970936	804.445	482.61	1.41905e+07	970414
0.76125	803.972	482.634	1.41841e+07	970982	804.445	482.61	1.41905e+07	970414
0.76375	803.928	482.634	1.41851e+07	971035	804.445	482.61	1.41905e+07	970414
0.76625	803.877	482.634	1.4186e+07	971097	804.445	482.61	1.41905e+07	970414
0.76875	803.818	482.633	1.4187e+07	971169	804.445	482.61	1.41905e+07	970414
0.77125	803.749	482.633	1.41879e+07	971253	804.445	482.61	1.41905e+07	970414
0.77375	803.665	482.632	1.41888e+07	971355	804.445	482.61	1.41905e+07	970414
0.77625	803.562	482.632	1.41897e+07	971479	804.445	482.61	1.41905e+07	970414
0.77875	803.433	482.631	1.41906e+07	971636	804.445	482.61	1.41905e+07	970414
0.78125	803.264	482.631	1.41915e+07	971841	804.445	482.61	1.41905e+07	970414
0.78375	803.036	482.631	1.41923e+07	972116	804.445	482.61	1.41905e+07	970414
0.78625	802.72	482.63	1.41931e+07	972500	804.445	482.61	1.41905e+07	970414
0.78875	802.27	482.63	1.41939e+07	973045	804.445	482.61	1.41905e+07	970414
0.79125	801.623	482.63	1.41947e+07	973832	804.445	482.61	1.41905e+07	970414
0.79375	800.691	482.629	1.41955e+07	974965	804.445	482.61	1.41905e+07	970414
0.79625	799.367	482.629	1.41962e+07	976580	804.445	482.61	1.41905e+07	970414
0.79875	797.53	482.629	1.4197e+07	978830	804.445	482.61	1.41905e+07	970414
0.80125	795.061	482.629	1.41978e+07	981869	804.445	482.61	1.41905e+07	970414
0.80375	792.188	482.629	1.41984e+07	985431	804.445	482.61	1.41905e+07	970414
0.80625	790.325	482.628	1.41989e+07	987755	804.445	482.61	1.41905e+07	970414
0.80875	789.529	482.628	1.41997e+07	988750	804.445	482.61	1.41905e+07	970414
0.81125	789.386	482.628	1.42006e+07	988930	804.445	482.61	1.41905e+07	970414
0.81375	789.383	482.628	1.42009e+07	988934	804.445	482.61	1.41905e+07	970414
0.81625	267.703	482.628	1.42009e+07	132618	288.168	482.61	1.41905e+07	123109
0.81875	267.697	482.622	1.42005e+07	132617	288.168	482.61	1.41905e+07	123109
0.82125	268.205	482.61	1.42011e+07	132372	288.168	482.61	1.41905e+07	123109
0.82375	269.864	482.621	1.42038e+07	131583	288.168	482.61	1.41905e+07	123109
0.82625	273.149	482.78	1.42167e+07	130118	288.168	482.61	1.41905e+07	123109
0.82875	277.957	482.968	1.42306e+07	127993	288.168	482.61	1.41905e+07	123109
0.83125	280.928	482.306	1.41878e+07	126259	288.168	482.61	1.41905e+07	123109
0.83375	282.021	481.468	1.4137e+07	125319	288.168	482.61	1.41905e+07	123109
0.83625	282.335	480.092	1.40009e+07	123974	288.168	482.61	1.41905e+07	123109
0.83875	279.344	474.442	1.35881e+07	121607	50	0	100000	5000
0.84125	260.919	453.859	1.21677e+07	116585	50	0	100000	5000
0.84375	195.639	374.415	7.78956e+06	99539.7	50	0	100000	5000
0.84625	88.667	151.087	1.60676e+06	45303.2	50	0	100000	5000
0.84875	54.0798	12.2061	147754	6830.37	50	0	100000	5000
0.85125	50.1282	0.151365	100387	5006.49	50	0	100000	5000
0.85375	50.0011	0.00120556	100003	5000.05	50	0	100000	5000
0.85625	50	9.73111e-06	100000	5000	50	0	100000	5000
0.85875	50	7.88524e-08	100000	5000	50	0	100000	5000
0.86125	50	6.40056e-10	100000	5000	50	0	100000	5000
0.86375	50	5.19389e-12	100000	5000	50	0	100000	5000
0.86625	50	4.1599e-14	100000	5000	50	0	100000	5000
0.86875	50	2.16751e-16	100000	5000	50	0	100000	5000
0.87125	50	0	100000	5000	50	0	100000	5000
0.87375	50	0	100000	5000	50	0	100000	5000
0.87625	50	0	100000	5000	50	0	100000	5000
0.87875	50	0	100000	5000	50	0	100000	5000
0.88125	50	0	100000	5000	50	0	100000	5000
0.88375	50	0	100000	5000	50	0	100000	5000
0.88625	50	0	100000	5000	50	0	100000	5000
0.88875	50	0	100000	5000	50	0	100000	5000
0.89125	50	0	100000	5000	50	0	100000	5000
0.89375	50	0	100000	5000	50	0	100000	5000
0.89625	50	0	100000	5000	50	0	100000	5000
0.89875	50	0	100000	5000	50	0	100000	5000
0.90125	50	0	100000	5000	50	0	100000	5000
0.90375	50	0	100000	5000	50	0	100000	5000
0.90625	50	0	100000	5000	50	0	100000	5000
0.90875	50	0	100000	5000	50	0	100000	5000
0.91125	50	0	100000	5000	50	0	100000	5000
0.91375	50	0	100000	5000	50	0	100000	5000
0.91625	50	0	100000	5000	50	0	100000	5000
0.91875	50	0	100000	5000	50	0	100000	5000
0.92125	50	0	100000	5000	50	0	100000	5000
0.92375	50	0	100000	5000	50	0	100000	5000
0.92625	50	0	100000	5000	50	0	100000	5000
0.92875	50	0	100000	5000	50	0	100000	5000
0.93125	50	0	100000	5000	50	0	100000	5000
0.93375	50	0	100000	5000	50	0	100000	5000
0.93625	50	0	100000	5000	50	0	100000	5000
0.93875	50	0	100000	5000	50	0	100000	5000
0.94125	50	0	100000	5000	50	0	100000	5000
0.94375	50	0	100000	5000	50	0	100000	5000
0.94625	50	0	100000	5000	50	0	100000	5000
0.94875	50	0	100000	5000	50	0	100000	5000
0.95125	50	0	100000	5000	50	0	100000	5000
0.95375	50	0	100000	5000	50	0	100000	5000
0.95625	50	0	100000	5000	50	0	100000	5000
0.95875	50	0	100000	5000	50	0	100000	5000
0.96125	50	0	100000	5000	50	0	100000	5000
0.96375	50	0	100000	5000	50	0	100000	5000
0.96625	50	0	100000	5000	50	0	100000	5000
0.96875	50	0	100000	5000	50	0	100000	5000
0.97125	50	0	100000	5000	50	0	100000	5000
0.97375	50	0	100000	5000	50	0	100000	5000
0.97625	50	0	100000	5000	50	0	100000	5000
0.97875	50	0	100000	5000	50	0	100000	5000
0.98125	50	0	100000	5000	50	0	100000	5000
0.98375	50	0	100000	5000	50	0	100000	5000
0.98625	50	0	100000	5000	50	0	100000	5000
0.98875	50	0	100000	5000	50	0	100000	5000
0.99125	50	0	100000	5000	50	0	100000	5000
0.99375	50	0	100000	5000	50	0	100000	5000
0.99625	50	0	100000	5000	50	0	100000	5000
0.99875	50	0	100000	5000	50	0	100000	5000
