x	rho	u	p	e
0.00025	1	0	1	2.5
0.00075	1	0	1	2.5
0.00125	1	0	1	2.5
0.00175	1	0	1	2.5
0.00225	1	0	1	2.5
0.00275	1	0	1	2.5
0.00325	1	0	1	2.5
0.00375	1	0	1	2.5
0.00425	1	0	1	2.5
0.00475	1	0	1	2.5
0.00525	1	0	1	2.5
0.00575	1	0	1	2.5
0.00625	1	0	1	2.5
0.00675	1	0	1	2.5
0.00725	1	0	1	2.5
0.00775	1	0	1	2.5
0.00825	1	0	1	2.5
0.00875	1	0	1	2.5
0.00925	1	0	1	2.5
0.00975	1	0	1	2.5
0.01025	1	0	1	2.5
0.01075	1	0	1	2.5
0.01125	1	0	1	2.5
0.01175	1	0	1	2.5
0.01225	1	0	1	2.5
0.01275	1	0	1	2.5
0.01325	1	0	1	2.5
0.01375	1	0	1	2.5
0.01425	1	0	1	2.5
0.01475	1	0	1	2.5
0.01525	1	0	1	2.5
0.01575	1	0	1	2.5
0.01625	1	0	1	2.5
0.01675	1	0	1	2.5
0.01725	1	0	1	2.5
0.01775	1	0	1	2.5
0.01825	1	0	1	2.5
0.01875	1	0	1	2.5
0.01925	1	0	1	2.5
0.01975	1	0	1	2.5
0.02025	1	0	1	2.5
0.02075	1	0	1	2.5
0.02125	1	0	1	2.5
0.02175	1	0	1	2.5
0.02225	1	0	1	2.5
0.02275	1	0	1	2.5
0.02325	1	0	1	2.5
0.02375	1	0	1	2.5
0.02425	1	0	1	2.5
0.02475	1	0	1	2.5
0.02525	1	0	1	2.5
0.02575	1	0	1	2.5
0.02625	1	0	1	2.5
0.02675	1	0	1	2.5
0.02725	1	0	1	2.5
0.02775	1	0	1	2.5
0.02825	1	0	1	2.5
0.02875	1	0	1	2.5
0.02925	1	0	1	2.5
0.02975	1	0	1	2.5
0.03025	1	0	1	2.5
0.03075	1	0	1	2.5
0.03125	1	0	1	2.5
0.03175	1	0	1	2.5
0.03225	1	0	1	2.5
0.03275	1	0	1	2.5
0.03325	1	0	1	2.5
0.03375	1	0	1	2.5
0.03425	1	0	1	2.5
0.03475	1	0	1	2.5
0.03525	1	0	1	2.5
0.03575	1	0	1	2.5
0.03625	1	0	1	2.5
0.03675	1	0	1	2.5
0.03725	1	0	1	2.5
0.03775	1	0	1	2.5
0.03825	1	0	1	2.5
0.03875	1	0	1	2.5
0.03925	1	0	1	2.5
0.03975	1	0	1	2.5
0.04025	1	0	1	2.5
0.04075	1	0	1	2.5
0.04125	1	0	1	2.5
0.04175	1	0	1	2.5
0.04225	1	0	1	2.5
0.04275	1	0	1	2.5
0.04325	1	0	1	2.5
0.04375	1	0	1	2.5
0.04425	1	0	1	2.5
0.04475	1	0	1	2.5
0.04525	1	0	1	2.5
0.04575	1	0	1	2.5
0.04625	1	0	1	2.5
0.04675	1	0	1	2.5
0.04725	1	0	1	2.5
0.04775	1	1.299e-16	1	2.5
0.04825	1	1.4148e-16	1	2.5
0.04875	1	1.1362e-16	1	2.5
0.04925	1	2.04079e-16	1	2.5
0.04975	1	2.04072e-16	1	2.5
0.05025	1	1.64617e-16	1	2.5
0.05075	1	1.80895e-16	1	2.5
0.05125	1	1.4144e-16	1	2.5
0.05175	1	1.76192e-16	1	2.5
0.05225	1	2.04056e-16	1	2.5
0.05275	1	1.53027e-16	1	2.5
0.05325	1	1.41447e-16	1	2.5
0.05375	1	1.41438e-16	1	2.5
0.05425	1	1.53014e-16	1	2.5
0.05475	1	4.75414e-16	1	2.5
0.05525	1	1.21069e-15	1	2.5
0.05575	1	2.54662e-15	1	2.5
0.05625	1	6.19975e-15	1	2.5
0.05675	1	1.49808e-14	1	2.5
0.05725	1	3.58412e-14	1	2.5
0.05775	1	8.39099e-14	1	2.5
0.05825	1	1.95733e-13	1	2.5
0.05875	1	4.51871e-13	1	2.5
0.05925	1	1.03233e-12	1	2.5
0.05975	1	2.33215e-12	1	2.5
0.06025	1	5.20999e-12	1	2.5
0.06075	1	1.1507e-11	1	2.5
0.06125	1	2.51244e-11	1	2.5
0.06175	1	5.42258e-11	1	2.5
0.06225	1	1.15678e-10	1	2.5
0.06275	1	2.4389e-10	1	2.5
0.06325	1	5.08152e-10	1	2.5
0.06375	1	1.04618e-09	1	2.5
0.06425	1	2.12804e-09	1	2.5
0.06475	1	4.27632e-09	1	2.5
0.06525	1	8.48835e-09	1	2.5
0.06575	1	1.66412e-08	1	2.5
0.06625	1	3.22178e-08	1	2.5
0.06675	1	6.15877e-08	1	2.5
0.06725	1	1.16229e-07	1	2.5
0.06775	1	2.16516e-07	1	2.5
0.06825	1	3.98056e-07	1	2.5
0.06875	0.999999	7.221e-07	0.999999	2.5
0.06925	0.999999	1.29231e-06	0.999998	2.5
0.06975	0.999998	2.2812e-06	0.999997	2.5
0.07025	0.999997	3.97089e-06	0.999995	2.5
0.07075	0.999994	6.81457e-06	0.999992	2.49999
0.07125	0.99999	1.15267e-05	0.999986	2.49999
0.07175	0.999984	1.92117e-05	0.999977	2.49998
0.07225	0.999973	3.15424e-05	0.999963	2.49997
0.07275	0.999957	5.09983e-05	0.99994	2.49996
0.07325	0.999931	8.1172e-05	0.999904	2.49993
0.07375	0.999893	0.000127143	0.99985	2.49989
0.07425	0.999834	0.000195912	0.999768	2.49983
0.07475	0.999749	0.000296861	0.999649	2.49975
0.07525	0.999626	0.00044219	0.999477	2.49963
0.07575	0.999453	0.000647261	0.999234	2.49945
0.07625	0.999214	0.000930739	0.998899	2.49921
0.07675	0.99889	0.00131444	0.998446	2.49889
0.07725	0.99846	0.00182277	0.997845	2.49846
0.07775	0.997904	0.00248176	0.997067	2.4979
0.07825	0.997199	0.00331764	0.996081	2.4972
0.07875	0.996325	0.00435511	0.994858	2.49632
0.07925	0.995263	0.00561554	0.993374	2.49526
0.07975	0.994001	0.0071153	0.991611	2.49399
0.08025	0.99253	0.00886439	0.989558	2.49251
0.08075	0.99085	0.0108658	0.987214	2.49083
0.08125	0.988964	0.0131156	0.984584	2.48893
0.08175	0.986881	0.0156033	0.981683	2.48683
0.08225	0.984617	0.0183132	0.978531	2.48455
0.08275	0.982188	0.0212261	0.975153	2.48209
0.08325	0.979613	0.0243203	0.971575	2.47949
0.08375	0.976911	0.0275736	0.967826	2.47675
0.08425	0.974101	0.0309643	0.963932	2.4739
0.08475	0.971202	0.0344719	0.959917	2.47095
0.08525	0.968228	0.0380781	0.955805	2.46792
0.08575	0.965194	0.0417669	0.951614	2.46483
0.08625	0.96211	0.0455247	0.947361	2.46167
0.08675	0.958988	0.04934	0.943059	2.45848
0.08725	0.955834	0.0532039	0.93872	2.45524
0.08775	0.952655	0.0571093	0.934352	2.45197
0.08825	0.949454	0.0610511	0.92996	2.44867
0.08875	0.946235	0.0650268	0.925549	2.44535
0.08925	0.942999	0.0690347	0.92112	2.442
0.08975	0.939755	0.0730644	0.916687	2.43863
0.09025	0.936508	0.0771072	0.912255	2.43526
0.09075	0.93326	0.0811622	0.90783	2.43188
0.09125	0.930014	0.0852272	0.903412	2.42849
0.09175	0.92677	0.0893011	0.899003	2.4251
0.09225	0.923528	0.0933829	0.894604	2.4217
0.09275	0.92029	0.0974714	0.890216	2.4183
0.09325	0.917057	0.101566	0.88584	2.4149
0.09375	0.913828	0.105666	0.881477	2.4115
0.09425	0.910605	0.10977	0.877127	2.40809
0.09475	0.907388	0.113879	0.872792	2.40468
0.09525	0.904176	0.117992	0.868471	2.40127
0.09575	0.900972	0.122107	0.864164	2.39787
0.09625	0.897774	0.126226	0.859873	2.39446
0.09675	0.894583	0.130347	0.855598	2.39105
0.09725	0.8914	0.134471	0.851339	2.38764
0.09775	0.888224	0.138597	0.847095	2.38424
0.09825	0.885056	0.142724	0.842868	2.38083
0.09875	0.881895	0.146854	0.838657	2.37743
0.09925	0.878742	0.150984	0.834463	2.37403
0.09975	0.875598	0.155117	0.830285	2.37062
0.10025	0.872461	0.15925	0.826124	2.36722
0.10075	0.869333	0.163384	0.82198	2.36382
0.10125	0.866212	0.16752	0.817852	2.36043
0.10175	0.8631	0.171656	0.813742	2.35703
0.10225	0.859997	0.175794	0.809648	2.35364
0.10275	0.856901	0.179932	0.805571	2.35024
0.10325	0.853815	0.18407	0.801511	2.34685
0.10375	0.850736	0.18821	0.797468	2.34347
0.10425	0.847666	0.19235	0.793442	2.34008
0.10475	0.844605	0.19649	0.789433	2.3367
0.10525	0.841551	0.200631	0.785441	2.33331
0.10575	0.838507	0.204772	0.781466	2.32993
0.10625	0.835471	0.208914	0.777508	2.32655
0.10675	0.832443	0.213057	0.773566	2.32318
0.10725	0.829424	0.217199	0.769641	2.31981
0.10775	0.826414	0.221342	0.765733	2.31643
0.10825	0.823412	0.225485	0.761842	2.31306
0.10875	0.820418	0.229629	0.757967	2.3097
0.10925	0.817434	0.233773	0.754109	2.30633
0.10975	0.814457	0.237917	0.750268	2.30297
0.11025	0.811489	0.242061	0.746443	2.29961
0.11075	0.80853	0.246206	0.742635	2.29625
0.11125	0.805579	0.25035	0.738843	2.29289
0.11175	0.802636	0.254495	0.735068	2.28954
0.11225	0.799702	0.25864	0.731309	2.28619
0.11275	0.796777	0.262786	0.727566	2.28284
0.11325	0.79386	0.266931	0.72384	2.27949
0.11375	0.790951	0.271077	0.72013	2.27615
0.11425	0.788051	0.275223	0.716436	2.27281
0.11475	0.785159	0.279368	0.712758	2.26947
0.11525	0.782276	0.283514	0.709096	2.26613
0.11575	0.779401	0.287661	0.70545	2.2628
0.11625	0.776534	0.291807	0.70182	2.25946
0.11675	0.773676	0.295953	0.698207	2.25613
0.11725	0.770826	0.3001	0.694609	2.25281
0.11775	0.767985	0.304247	0.691026	2.24948
0.11825	0.765151	0.308393	0.68746	2.24616
0.11875	0.762326	0.31254	0.683909	2.24284
0.11925	0.75951	0.316687	0.680374	2.23952
0.11975	0.756701	0.320834	0.676854	2.2362
0.12025	0.753901	0.324982	0.67335	2.23289
0.12075	0.751109	0.329129	0.669862	2.22958
0.12125	0.748325	0.333276	0.666389	2.22627
0.12175	0.74555	0.337424	0.662931	2.22296
0.12225	0.742782	0.341571	0.659489	2.21966
0.12275	0.740023	0.345719	0.656062	2.21636
0.12325	0.737272	0.349866	0.65265	2.21306
0.12375	0.734529	0.354014	0.649253	2.20976
0.12425	0.731795	0.358162	0.645871	2.20646
0.12475	0.729068	0.36231	0.642505	2.20317
0.12525	0.726349	0.366458	0.639153	2.19988
0.12575	0.723639	0.370606	0.635817	2.1966
0.12625	0.720936	0.374754	0.632495	2.19331
0.12675	0.718242	0.378902	0.629188	2.19003
0.12725	0.715556	0.383051	0.625896	2.18675
0.12775	0.712877	0.387199	0.622618	2.18347
0.12825	0.710207	0.391347	0.619356	2.18019
0.12875	0.707544	0.395496	0.616108	2.17692
0.12925	0.70489	0.399644	0.612874	2.17365
0.12975	0.702243	0.403793	0.609655	2.17038
0.13025	0.699605	0.407941	0.60645	2.16712
0.13075	0.696974	0.41209	0.60326	2.16385
0.13125	0.694351	0.416239	0.600084	2.16059
0.13175	0.691736	0.420387	0.596923	2.15734
0.13225	0.689129	0.424536	0.593776	2.15408
0.13275	0.68653	0.428685	0.590643	2.15083
0.13325	0.683939	0.432834	0.587524	2.14757
0.13375	0.681355	0.436983	0.584419	2.14433
0.13425	0.678779	0.441132	0.581328	2.14108
0.13475	0.676211	0.445281	0.578251	2.13784
0.13525	0.673651	0.44943	0.575188	2.13459
0.13575	0.671098	0.453579	0.572139	2.13136
0.13625	0.668553	0.457728	0.569104	2.12812
0.13675	0.666016	0.461877	0.566083	2.12488
0.13725	0.663487	0.466026	0.563075	2.12165
0.13775	0.660965	0.470176	0.560082	2.11842
0.13825	0.658451	0.474325	0.557101	2.1152
0.13875	0.655944	0.478474	0.554135	2.11197
0.13925	0.653445	0.482623	0.551181	2.10875
0.13975	0.650954	0.486773	0.548242	2.10553
0.14025	0.64847	0.490922	0.545316	2.10231
0.14075	0.645994	0.495071	0.542403	2.0991
0.14125	0.643526	0.499221	0.539503	2.09589
0.14175	0.641065	0.50337	0.536617	2.09268
0.14225	0.638612	0.507519	0.533744	2.08947
0.14275	0.636166	0.511669	0.530884	2.08627
0.14325	0.633727	0.515818	0.528038	2.08306
0.14375	0.631296	0.519967	0.525204	2.07986
0.14425	0.628873	0.524117	0.522384	2.07667
0.14475	0.626457	0.528266	0.519576	2.07347
0.14525	0.624048	0.532415	0.516782	2.07028
0.14575	0.621647	0.536565	0.514	2.06709
0.14625	0.619253	0.540714	0.511232	2.0639
0.14675	0.616867	0.544863	0.508476	2.06072
0.14725	0.614488	0.549012	0.505732	2.05754
0.14775	0.612117	0.553161	0.503002	2.05436
0.14825	0.609752	0.557311	0.500284	2.05118
0.14875	0.607395	0.56146	0.497579	2.048
0.14925	0.605046	0.565609	0.494886	2.04483
0.14975	0.602704	0.569758	0.492206	2.04166
0.15025	0.600369	0.573907	0.489539	2.03849
0.15075	0.598041	0.578056	0.486884	2.03533
0.15125	0.595721	0.582204	0.484241	2.03217
0.15175	0.593407	0.586353	0.481611	2.02901
0.15225	0.591101	0.590502	0.478993	2.02585
0.15275	0.588803	0.59465	0.476387	2.02269
0.15325	0.586511	0.598799	0.473793	2.01954
0.15375	0.584227	0.602947	0.471212	2.01639
0.15425	0.58195	0.607095	0.468643	2.01324
0.15475	0.57968	0.611243	0.466085	2.0101
0.15525	0.577417	0.615391	0.46354	2.00696
0.15575	0.575161	0.619539	0.461007	2.00382
0.15625	0.572913	0.623687	0.458486	2.00068
0.15675	0.570671	0.627834	0.455977	1.99755
0.15725	0.568437	0.631982	0.453479	1.99441
0.15775	0.56621	0.636129	0.450994	1.99128
0.15825	0.56399	0.640276	0.44852	1.98816
0.15875	0.561777	0.644423	0.446058	1.98503
0.15925	0.559571	0.648569	0.443608	1.98191
0.15975	0.557372	0.652716	0.441169	1.97879
0.16025	0.55518	0.656862	0.438743	1.97568
0.16075	0.552995	0.661008	0.436327	1.97256
0.16125	0.550817	0.665153	0.433923	1.96945
0.16175	0.548647	0.669299	0.431531	1.96634
0.16225	0.546483	0.673444	0.42915	1.96324
0.16275	0.544326	0.677588	0.426781	1.96014
0.16325	0.542176	0.681733	0.424423	1.95704
0.16375	0.540033	0.685877	0.422077	1.95394
0.16425	0.537898	0.69002	0.419742	1.95084
0.16475	0.535769	0.694163	0.417418	1.94775
0.16525	0.533647	0.698306	0.415105	1.94466
0.16575	0.531532	0.702449	0.412804	1.94158
0.16625	0.529424	0.70659	0.410514	1.93849
0.16675	0.527323	0.710732	0.408235	1.93541
0.16725	0.525229	0.714873	0.405967	1.93233
0.16775	0.523142	0.719013	0.40371	1.92926
0.16825	0.521062	0.723152	0.401465	1.92619
0.16875	0.518988	0.727291	0.39923	1.92312
0.16925	0.516922	0.731429	0.397007	1.92005
0.16975	0.514863	0.735567	0.394794	1.91699
0.17025	0.51281	0.739704	0.392593	1.91393
0.17075	0.510765	0.74384	0.390402	1.91087
0.17125	0.508727	0.747975	0.388223	1.90782
0.17175	0.506695	0.752109	0.386054	1.90477
0.17225	0.504671	0.756242	0.383897	1.90172
0.17275	0.502653	0.760373	0.38175	1.89867
0.17325	0.500643	0.764504	0.379614	1.89563
0.17375	0.498639	0.768634	0.377489	1.89259
0.17425	0.496643	0.772762	0.375375	1.88956
0.17475	0.494654	0.776888	0.373272	1.88653
0.17525	0.492672	0.781013	0.37118	1.8835
0.17575	0.490697	0.785137	0.369098	1.88048
0.17625	0.488729	0.789258	0.367028	1.87746
0.17675	0.486769	0.793378	0.364969	1.87444
0.17725	0.484816	0.797495	0.36292	1.87143
0.17775	0.482871	0.80161	0.360883	1.86842
0.17825	0.480932	0.805722	0.358857	1.86542
0.17875	0.479002	0.809831	0.356842	1.86242
0.17925	0.477079	0.813937	0.354838	1.85943
0.17975	0.475164	0.818039	0.352846	1.85644
0.18025	0.473258	0.822137	0.350865	1.85346
0.18075	0.471359	0.82623	0.348896	1.85048
0.18125	0.469469	0.830319	0.346939	1.84751
0.18175	0.467588	0.834401	0.344995	1.84454
0.18225	0.465716	0.838476	0.343063	1.84159
0.18275	0.463854	0.842543	0.341144	1.83864
0.18325	0.462002	0.846601	0.339238	1.8357
0.18375	0.460161	0.850647	0.337348	1.83277
0.18425	0.458333	0.854679	0.335473	1.82985
0.18475	0.456518	0.858693	0.333615	1.82695
0.18525	0.45472	0.862684	0.331776	1.82407
0.18575	0.452941	0.866644	0.329961	1.82121
0.18625	0.451186	0.870562	0.328172	1.81839
0.18675	0.449463	0.874422	0.326419	1.81561
0.18725	0.447782	0.8782	0.324711	1.81289
0.18775	0.446156	0.881862	0.323062	1.81025
0.18825	0.444608	0.885362	0.321493	1.80774
0.18875	0.443161	0.88864	0.32003	1.80538
0.18925	0.441847	0.891625	0.318702	1.80324
0.18975	0.440697	0.894243	0.317541	1.80136
0.19025	0.439739	0.896427	0.316576	1.79979
0.19075	0.438989	0.89814	0.31582	1.79856
0.19125	0.438445	0.899386	0.315272	1.79767
0.19175	0.438083	0.900214	0.314908	1.79708
0.19225	0.437866	0.900711	0.31469	1.79672
0.19275	0.43775	0.900976	0.314573	1.79653
0.19325	0.437696	0.9011	0.314519	1.79644
0.19375	0.437675	0.901148	0.314498	1.79641
0.19425	0.437669	0.901162	0.314491	1.7964
0.19475	0.437668	0.901165	0.31449	1.7964
0.19525	0.437669	0.901163	0.314491	1.7964
0.19575	0.43767	0.90116	0.314492	1.7964
0.19625	0.43767	0.901159	0.314493	1.7964
0.19675	0.43767	0.901159	0.314493	1.7964
0.19725	0.43767	0.901159	0.314493	1.7964
0.19775	0.437671	0.901157	0.314494	1.7964
0.19825	0.437672	0.901154	0.314495	1.79641
0.19875	0.437674	0.90115	0.314497	1.79641
0.19925	0.437676	0.901146	0.314499	1.79641
0.19975	0.437678	0.901141	0.314501	1.79642
0.20025	0.437679	0.901138	0.314502	1.79642
0.20075	0.437681	0.901134	0.314504	1.79642
0.20125	0.437682	0.901132	0.314505	1.79642
0.20175	0.437683	0.90113	0.314506	1.79643
0.20225	0.437683	0.901129	0.314506	1.79643
0.20275	0.437683	0.901128	0.314507	1.79643
0.20325	0.437684	0.901127	0.314507	1.79643
0.20375	0.437684	0.901127	0.314507	1.79643
0.20425	0.437684	0.901127	0.314507	1.79643
0.20475	0.437684	0.901127	0.314507	1.79643
0.20525	0.437684	0.901127	0.314507	1.79643
0.20575	0.437684	0.901127	0.314507	1.79643
0.20625	0.437684	0.901127	0.314507	1.79643
0.20675	0.437684	0.901126	0.314507	1.79643
0.20725	0.437684	0.901126	0.314508	1.79643
0.20775	0.437684	0.901125	0.314508	1.79643
0.20825	0.437685	0.901124	0.314508	1.79643
0.20875	0.437685	0.901123	0.314509	1.79643
0.20925	0.437686	0.901122	0.314509	1.79643
0.20975	0.437686	0.90112	0.31451	1.79644
0.21025	0.437686	0.901119	0.31451	1.79644
0.21075	0.437687	0.901119	0.314511	1.79644
0.21125	0.437687	0.901118	0.314511	1.79644
0.21175	0.437687	0.901117	0.314512	1.79644
0.21225	0.437688	0.901115	0.314512	1.79644
0.21275	0.437689	0.901113	0.314513	1.79644
0.21325	0.437689	0.901111	0.314514	1.79644
0.21375	0.43769	0.901109	0.314515	1.79645
0.21425	0.437691	0.901108	0.314515	1.79645
0.21475	0.437691	0.901106	0.314516	1.79645
0.21525	0.437692	0.901105	0.314517	1.79645
0.21575	0.437692	0.901104	0.314517	1.79645
0.21625	0.437693	0.901103	0.314518	1.79645
0.21675	0.437693	0.901102	0.314518	1.79645
0.21725	0.437693	0.901102	0.314518	1.79645
0.21775	0.437693	0.901101	0.314518	1.79645
0.21825	0.437693	0.901101	0.314518	1.79645
0.21875	0.437693	0.901101	0.314518	1.79646
0.21925	0.437693	0.901101	0.314519	1.79646
0.21975	0.437693	0.901101	0.314519	1.79646
0.22025	0.437693	0.901101	0.314519	1.79646
0.22075	0.437693	0.9011	0.314519	1.79646
0.22125	0.437693	0.9011	0.314519	1.79646
0.22175	0.437693	0.9011	0.314519	1.79646
0.22225	0.437693	0.9011	0.314519	1.79646
0.22275	0.437693	0.901099	0.314519	1.79646
0.22325	0.437693	0.901099	0.314519	1.79646
0.22375	0.437693	0.9011	0.314519	1.79646
0.22425	0.437693	0.9011	0.314519	1.79646
0.22475	0.437692	0.9011	0.314519	1.79646
0.22525	0.437692	0.9011	0.314519	1.79646
0.22575	0.437692	0.9011	0.314519	1.79646
0.22625	0.437692	0.901101	0.314519	1.79646
0.22675	0.437691	0.901102	0.314518	1.79646
0.22725	0.437691	0.901103	0.314518	1.79646
0.22775	0.43769	0.901103	0.314517	1.79646
0.22825	0.43769	0.901104	0.314517	1.79646
0.22875	0.43769	0.901104	0.314517	1.79646
0.22925	0.43769	0.901104	0.314517	1.79646
0.22975	0.437689	0.901104	0.314517	1.79646
0.23025	0.437689	0.901104	0.314517	1.79646
0.23075	0.437689	0.901104	0.314517	1.79646
0.23125	0.437689	0.901104	0.314517	1.79646
0.23175	0.437689	0.901104	0.314517	1.79647
0.23225	0.437689	0.901103	0.314517	1.79647
0.23275	0.437689	0.901103	0.314517	1.79647
0.23325	0.437689	0.901103	0.314517	1.79647
0.23375	0.437688	0.901105	0.314517	1.79647
0.23425	0.437687	0.901107	0.314516	1.79647
0.23475	0.437685	0.90111	0.314515	1.79646
0.23525	0.437684	0.901112	0.314514	1.79646
0.23575	0.437684	0.901113	0.314513	1.79646
0.23625	0.437683	0.901113	0.314513	1.79647
0.23675	0.437683	0.901112	0.314513	1.79647
0.23725	0.437683	0.901112	0.314514	1.79647
0.23775	0.437683	0.901112	0.314513	1.79647
0.23825	0.437683	0.901112	0.314513	1.79647
0.23875	0.437683	0.901112	0.314513	1.79647
0.23925	0.437683	0.901112	0.314514	1.79647
0.23975	0.437682	0.901111	0.314514	1.79647
0.24025	0.437682	0.901112	0.314513	1.79647
0.24075	0.437682	0.901112	0.314514	1.79647
0.24125	0.437682	0.901111	0.314514	1.79647
0.24175	0.437682	0.901111	0.314514	1.79648
0.24225	0.437682	0.90111	0.314514	1.79648
0.24275	0.437682	0.90111	0.314515	1.79648
0.24325	0.437683	0.901107	0.314516	1.79648
0.24375	0.437683	0.901105	0.314517	1.79649
0.24425	0.437684	0.901103	0.314517	1.79649
0.24475	0.437684	0.901102	0.314518	1.79649
0.24525	0.437684	0.901102	0.314518	1.79649
0.24575	0.437684	0.9011	0.314519	1.79649
0.24625	0.437684	0.901099	0.314519	1.7965
0.24675	0.437684	0.901098	0.31452	1.7965
0.24725	0.437684	0.901099	0.314519	1.7965
0.24775	0.437683	0.901099	0.314519	1.7965
0.24825	0.437683	0.901098	0.31452	1.7965
0.24875	0.437683	0.901098	0.31452	1.7965
0.24925	0.437682	0.901098	0.31452	1.79651
0.24975	0.437682	0.901098	0.31452	1.79651
0.25025	0.437722	0.901005	0.31456	1.79658
0.25075	0.443139	0.887511	0.32021	1.80649
0.25125	0.573336	0.566956	0.47589	2.07509
0.25175	0.818042	0.191329	0.788182	2.40875
0.25225	0.869961	0.111906	0.85792	2.4654
0.25275	0.875632	0.10661	0.865868	2.47212
0.25325	0.876797	0.106873	0.867242	2.47276
0.25375	0.876698	0.106188	0.866399	2.47063
0.25425	0.876419	0.106177	0.866367	2.47133
0.25475	0.876462	0.106523	0.866712	2.47219
0.25525	0.876258	0.106399	0.866584	2.4724
0.25575	0.876097	0.106323	0.866491	2.47259
0.25625	0.876245	0.106457	0.866614	2.47252
0.25675	0.876517	0.106465	0.866617	2.47176
0.25725	0.876603	0.106465	0.866594	2.47146
0.25775	0.876555	0.10654	0.86666	2.47178
0.25825	0.876415	0.106578	0.86669	2.47226
0.25875	0.87624	0.106569	0.866686	2.47274
0.25925	0.876208	0.106542	0.866663	2.47276
0.25975	0.876295	0.106499	0.866623	2.47241
0.26025	0.876453	0.10645	0.866585	2.47185
0.26075	0.876456	0.106426	0.866573	2.47181
0.26125	0.876365	0.106416	0.866558	2.47202
0.26175	0.876156	0.106406	0.866531	2.47254
0.26225	0.876016	0.106407	0.866516	2.47289
0.26275	0.876018	0.106414	0.866506	2.47285
0.26325	0.876127	0.106424	0.866505	2.47254
0.26375	0.876218	0.106435	0.866512	2.47231
0.26425	0.876197	0.106452	0.866527	2.47241
0.26475	0.876077	0.106473	0.866541	2.47279
0.26525	0.875851	0.106499	0.866561	2.47348
0.26575	0.875667	0.106527	0.866591	2.47409
0.26625	0.875511	0.106549	0.866618	2.47461
0.26675	0.87527	0.106561	0.866638	2.47534
0.26725	0.874684	0.106557	0.866644	2.47702
0.26775	0.873359	0.106542	0.866633	2.48075
0.26825	0.870836	0.106509	0.8666	2.48784
0.26875	0.866576	0.106465	0.866555	2.49994
0.26925	0.860266	0.106437	0.86652	2.51817
0.26975	0.856363	0.106424	0.866503	2.5296
0.27025	0.855813	0.106416	0.866493	2.5312
0.27075	0.855802	0.106414	0.866491	2.53122
0.27125	0.421874	0.106414	0.866491	3.06553
0.27175	0.421874	0.106413	0.86649	3.06553
0.27225	0.422176	0.106412	0.86649	3.06334
0.27275	0.422908	0.106413	0.86649	3.05804
0.27325	0.423787	0.106416	0.866492	3.0517
0.27375	0.424325	0.106422	0.866493	3.04784
0.27425	0.424634	0.10643	0.866498	3.04564
0.27475	0.424811	0.106444	0.866505	3.04439
0.27525	0.424911	0.10646	0.866513	3.04371
0.27575	0.424967	0.106478	0.866522	3.04333
0.27625	0.425	0.106497	0.866531	3.04313
0.27675	0.425019	0.106517	0.86654	3.04302
0.27725	0.425032	0.106539	0.866548	3.04296
0.27775	0.425041	0.106561	0.866555	3.04292
0.27825	0.425047	0.106585	0.866558	3.04289
0.27875	0.425049	0.106607	0.866555	3.04286
0.27925	0.425049	0.10663	0.866543	3.04282
0.27975	0.425045	0.106653	0.866523	3.04278
0.28025	0.425036	0.106674	0.866491	3.04273
0.28075	0.425022	0.106694	0.866445	3.04267
0.28125	0.425002	0.106717	0.866384	3.0426
0.28175	0.424978	0.106755	0.866312	3.04252
0.28225	0.424951	0.106819	0.866227	3.04241
0.28275	0.424919	0.106929	0.86611	3.04223
0.28325	0.424901	0.107013	0.866018	3.04203
0.28375	0.424919	0.107001	0.86601	3.04188
0.28425	0.42499	0.106811	0.86615	3.04186
0.28475	0.425208	0.105952	0.866814	3.04263
0.28525	0.425907	0.102972	0.869148	3.04582
0.28575	0.427968	0.094082	0.876151	3.05558
0.28625	0.433051	0.0721868	0.893593	3.07982
0.28675	0.441506	0.0362084	0.922921	3.11999
0.28725	0.446459	0.0153597	0.940268	3.14337
0.28775	0.448166	0.00817677	0.946315	3.15154
0.28825	0.448728	0.00576654	0.948361	3.15439
0.28875	0.44896	0.00477076	0.949232	3.15566
0.28925	0.449106	0.00412947	0.949795	3.1565
0.28975	0.449228	0.00360256	0.950269	3.15722
0.29025	0.449333	0.00312971	0.950689	3.15788
0.29075	0.449428	0.00271414	0.951065	3.15846
0.29125	0.44951	0.00235786	0.951381	3.15893
0.29175	0.44958	0.00206977	0.951635	3.15929
0.29225	0.449637	0.00183597	0.951834	3.15954
0.29275	0.449684	0.00162374	0.952007	3.15978
0.29325	0.449728	0.00140345	0.95217	3.16002
0.29375	0.449769	0.00116146	0.952335	3.16028
0.29425	0.44981	0.000888302	0.952514	3.16059
0.29475	0.449845	0.00060786	0.952691	3.16093
0.29525	0.449863	0.000380735	0.95283	3.16126
0.29575	0.449868	0.000220289	0.95292	3.16153
0.29625	0.449863	0.000124509	0.952964	3.16171
0.29675	0.449844	7.41854e-05	0.952975	3.16187
0.29725	0.449797	4.58822e-05	0.95297	3.16219
0.29775	0.449701	2.90304e-05	0.95296	3.16283
0.29825	0.449556	1.86859e-05	0.952951	3.16382
0.29875	0.449482	1.38388e-05	0.952943	3.16431
0.29925	0.448803	1.0324e-05	0.952935	3.16908
0.29975	0.44685	3.39612e-06	0.952929	3.18291
0.30025	0.44685	-3.39612e-06	0.952929	3.18291
0.30075	0.448803	-1.0324e-05	0.952935	3.16908
0.30125	0.449482	-1.38388e-05	0.952943	3.16431
0.30175	0.449556	-1.86859e-05	0.952951	3.16382
0.30225	0.449701	-2.90304e-05	0.95296	3.16283
0.30275	0.449797	-4.58822e-05	0.95297	3.16219
0.30325	0.449844	-7.41854e-05	0.952975	3.16187
0.30375	0.449863	-0.000124509	0.952964	3.16171
0.30425	0.449868	-0.000220289	0.95292	3.16153
0.30475	0.449863	-0.000380735	0.95283	3.16126
0.30525	0.449845	-0.00060786	0.952691	3.16093
0.30575	0.44981	-0.000888302	0.952514	3.16059
0.30625	0.449769	-0.00116146	0.952335	3.16028
0.30675	0.449728	-0.00140345	0.95217	3.16002
0.30725	0.449684	-0.00162374	0.952007	3.15978
0.30775	0.449637	-0.00183597	0.951834	3.15954
0.30825	0.44958	-0.00206977	0.951635	3.15929
0.30875	0.44951	-0.00235786	0.951381	3.15893
0.30925	0.449428	-0.00271414	0.951065	3.15846
0.30975	0.449333	-0.00312971	0.950689	3.15788
0.31025	0.449228	-0.00360256	0.950269	3.15722
0.31075	0.449106	-0.00412947	0.949795	3.1565
0.31125	0.44896	-0.00477076	0.949232	3.15566
0.31175	0.448728	-0.00576654	0.948361	3.15439
0.31225	0.448166	-0.00817677	0.946315	3.15154
0.31275	0.446459	-0.0153597	0.940268	3.14337
0.31325	0.441506	-0.0362084	0.922921	3.11999
0.31375	0.433051	-0.0721868	0.893593	3.07982
0.31425	0.427968	-0.094082	0.876151	3.05558
0.31475	0.425907	-0.102972	0.869148	3.04582
0.31525	0.425208	-0.105952	0.866814	3.04263
0.31575	0.42499	-0.106811	0.86615	3.04186
0.31625	0.424919	-0.107001	0.86601	3.04188
0.31675	0.424901	-0.107013	0.866018	3.04203
0.31725	0.424919	-0.106929	0.86611	3.04223
0.31775	0.424951	-0.106819	0.866227	3.04241
0.31825	0.424978	-0.106755	0.866312	3.04252
0.31875	0.425002	-0.106717	0.866384	3.0426
0.31925	0.425022	-0.106694	0.866445	3.04267
0.31975	0.425036	-0.106674	0.866491	3.04273
0.32025	0.425045	-0.106653	0.866523	3.04278
0.32075	0.425049	-0.10663	0.866543	3.04282
0.32125	0.425049	-0.106607	0.866555	3.04286
0.32175	0.425047	-0.106585	0.866558	3.04289
0.32225	0.425041	-0.106561	0.866555	3.04292
0.32275	0.425032	-0.106539	0.866548	3.04296
0.32325	0.425019	-0.106517	0.86654	3.04302
0.32375	0.425	-0.106497	0.866531	3.04313
0.32425	0.424967	-0.106478	0.866522	3.04333
0.32475	0.424911	-0.10646	0.866513	3.04371
0.32525	0.424811	-0.106444	0.866505	3.04439
0.32575	0.424634	-0.10643	0.866498	3.04564
0.32625	0.424325	-0.106422	0.866493	3.04784
0.32675	0.423787	-0.106416	0.866492	3.0517
0.32725	0.422908	-0.106413	0.86649	3.05804
0.32775	0.422176	-0.106412	0.86649	3.06334
0.32825	0.421874	-0.106413	0.86649	3.06553
0.32875	0.421874	-0.106414	0.866491	3.06553
0.32925	0.855802	-0.106414	0.866491	2.53122
0.32975	0.855813	-0.106416	0.866493	2.5312
0.33025	0.856363	-0.106424	0.866503	2.5296
0.33075	0.860266	-0.106437	0.86652	2.51817
0.33125	0.866576	-0.106465	0.866555	2.49994
0.33175	0.870836	-0.106509	0.8666	2.48784
0.33225	0.873359	-0.106542	0.866633	2.48075
0.33275	0.874684	-0.106557	0.866644	2.47702
0.33325	0.87527	-0.106561	0.866638	2.47534
0.33375	0.875511	-0.106549	0.866618	2.47461
0.33425	0.875667	-0.106527	0.866591	2.47409
0.33475	0.875851	-0.106499	0.866561	2.47348
0.33525	0.876077	-0.106473	0.866541	2.47279
0.33575	0.876197	-0.106452	0.866527	2.47241
0.33625	0.876218	-0.106435	0.866512	2.47231
0.33675	0.876127	-0.106424	0.866505	2.47254
0.33725	0.876018	-0.106414	0.866506	2.47285
0.33775	0.876016	-0.106407	0.866516	2.47289
0.33825	0.876156	-0.106406	0.866531	2.47254
0.33875	0.876365	-0.106416	0.866558	2.47202
0.33925	0.876456	-0.106426	0.866573	2.47181
0.33975	0.876453	-0.10645	0.866585	2.47185
0.34025	0.876295	-0.106499	0.866623	2.47241
0.34075	0.876208	-0.106542	0.866663	2.47276
0.34125	0.87624	-0.106569	0.866686	2.47274
0.34175	0.876415	-0.106578	0.86669	2.47226
0.34225	0.876555	-0.10654	0.86666	2.47178
0.34275	0.876603	-0.106465	0.866594	2.47146
0.34325	0.876517	-0.106465	0.866617	2.47176
0.34375	0.876245	-0.106457	0.866614	2.47252
0.34425	0.876097	-0.106323	0.866491	2.47259
0.34475	0.876258	-0.106399	0.866584	2.4724
0.34525	0.876462	-0.106523	0.866712	2.47219
0.34575	0.876419	-0.106177	0.866367	2.47133
0.34625	0.876698	-0.106188	0.866399	2.47063
0.34675	0.876797	-0.106873	0.867242	2.47276
0.34725	0.875632	-0.10661	0.865868	2.47212
0.34775	0.869961	-0.111906	0.85792	2.4654
0.34825	0.818042	-0.191329	0.788182	2.40875
0.34875	0.573336	-0.566956	0.47589	2.07509
0.34925	0.443139	-0.887511	0.32021	1.80649
0.34975	0.437722	-0.901005	0.31456	1.79658
0.35025	0.437682	-0.901098	0.31452	1.79651
0.35075	0.437682	-0.901098	0.31452	1.79651
0.35125	0.437683	-0.901098	0.31452	1.7965
0.35175	0.437683	-0.901098	0.31452	1.7965
0.35225	0.437683	-0.901099	0.314519	1.7965
0.35275	0.437684	-0.901099	0.314519	1.7965
0.35325	0.437684	-0.901098	0.31452	1.7965
0.35375	0.437684	-0.901099	0.314519	1.7965
0.35425	0.437684	-0.9011	0.314519	1.79649
0.35475	0.437684	-0.901102	0.314518	1.79649
0.35525	0.437684	-0.901102	0.314518	1.79649
0.35575	0.437684	-0.901103	0.314517	1.79649
0.35625	0.437683	-0.901105	0.314517	1.79649
0.35675	0.437683	-0.901107	0.314516	1.79648
0.35725	0.437682	-0.90111	0.314515	1.79648
0.35775	0.437682	-0.90111	0.314514	1.79648
0.35825	0.437682	-0.901111	0.314514	1.79648
0.35875	0.437682	-0.901111	0.314514	1.79647
0.35925	0.437682	-0.901112	0.314514	1.79647
0.35975	0.437682	-0.901112	0.314513	1.79647
0.36025	0.437682	-0.901111	0.314514	1.79647
0.36075	0.437683	-0.901112	0.314514	1.79647
0.36125	0.437683	-0.901112	0.314513	1.79647
0.36175	0.437683	-0.901112	0.314513	1.79647
0.36225	0.437683	-0.901112	0.314513	1.79647
0.36275	0.437683	-0.901112	0.314514	1.79647
0.36325	0.437683	-0.901112	0.314513	1.79647
0.36375	0.437683	-0.901113	0.314513	1.79647
0.36425	0.437684	-0.901113	0.314513	1.79646
0.36475	0.437684	-0.901112	0.314514	1.79646
0.36525	0.437685	-0.90111	0.314515	1.79646
0.36575	0.437687	-0.901107	0.314516	1.79647
0.36625	0.437688	-0.901105	0.314517	1.79647
0.36675	0.437689	-0.901103	0.314517	1.79647
0.36725	0.437689	-0.901103	0.314517	1.79647
0.36775	0.437689	-0.901103	0.314517	1.79647
0.36825	0.437689	-0.901104	0.314517	1.79647
0.36875	0.437689	-0.901104	0.314517	1.79646
0.36925	0.437689	-0.901104	0.314517	1.79646
0.36975	0.437689	-0.901104	0.314517	1.79646
0.37025	0.437689	-0.901104	0.314517	1.79646
0.37075	0.43769	-0.901104	0.314517	1.79646
0.37125	0.43769	-0.901104	0.314517	1.79646
0.37175	0.43769	-0.901104	0.314517	1.79646
0.37225	0.43769	-0.901103	0.314517	1.79646
0.37275	0.437691	-0.901103	0.314518	1.79646
0.37325	0.437691	-0.901102	0.314518	1.79646
0.37375	0.437692	-0.901101	0.314519	1.79646
0.37425	0.437692	-0.9011	0.314519	1.79646
0.37475	0.437692	-0.9011	0.314519	1.79646
0.37525	0.437692	-0.9011	0.314519	1.79646
0.37575	0.437693	-0.9011	0.314519	1.79646
0.37625	0.437693	-0.9011	0.314519	1.79646
0.37675	0.437693	-0.901099	0.314519	1.79646
0.37725	0.437693	-0.901099	0.314519	1.79646
0.37775	0.437693	-0.9011	0.314519	1.79646
0.37825	0.437693	-0.9011	0.314519	1.79646
0.37875	0.437693	-0.9011	0.314519	1.79646
0.37925	0.437693	-0.9011	0.314519	1.79646
0.37975	0.437693	-0.901101	0.314519	1.79646
0.38025	0.437693	-0.901101	0.314519	1.79646
0.38075	0.437693	-0.901101	0.314519	1.79646
0.38125	0.437693	-0.901101	0.314518	1.79646
0.38175	0.437693	-0.901101	0.314518	1.79645
0.38225	0.437693	-0.901101	0.314518	1.79645
0.38275	0.437693	-0.901102	0.314518	1.79645
0.38325	0.437693	-0.901102	0.314518	1.79645
0.38375	0.437693	-0.901103	0.314518	1.79645
0.38425	0.437692	-0.901104	0.314517	1.79645
0.38475	0.437692	-0.901105	0.314517	1.79645
0.38525	0.437691	-0.901106	0.314516	1.79645
0.38575	0.437691	-0.901108	0.314515	1.79645
0.38625	0.43769	-0.901109	0.314515	1.79645
0.38675	0.437689	-0.901111	0.314514	1.79644
0.38725	0.437689	-0.901113	0.314513	1.79644
0.38775	0.437688	-0.901115	0.314512	1.79644
0.38825	0.437687	-0.901117	0.314512	1.79644
0.38875	0.437687	-0.901118	0.314511	1.79644
0.38925	0.437687	-0.901119	0.314511	1.79644
0.38975	0.437686	-0.901119	0.31451	1.79644
0.39025	0.437686	-0.90112	0.31451	1.79644
0.39075	0.437686	-0.901122	0.314509	1.79643
0.39125	0.437685	-0.901123	0.314509	1.79643
0.39175	0.437685	-0.901124	0.314508	1.79643
0.39225	0.437684	-0.901125	0.314508	1.79643
0.39275	0.437684	-0.901126	0.314508	1.79643
0.39325	0.437684	-0.901126	0.314507	1.79643
0.39375	0.437684	-0.901127	0.314507	1.79643
0.39425	0.437684	-0.901127	0.314507	1.79643
0.39475	0.437684	-0.901127	0.314507	1.79643
0.39525	0.437684	-0.901127	0.314507	1.79643
0.39575	0.437684	-0.901127	0.314507	1.79643
0.39625	0.437684	-0.901127	0.314507	1.79643
0.39675	0.437684	-0.901127	0.314507	1.79643
0.39725	0.437683	-0.901128	0.314507	1.79643
0.39775	0.437683	-0.901129	0.314506	1.79643
0.39825	0.437683	-0.90113	0.314506	1.79643
0.39875	0.437682	-0.901132	0.314505	1.79642
0.39925	0.437681	-0.901134	0.314504	1.79642
0.39975	0.437679	-0.901138	0.314502	1.79642
0.40025	0.437678	-0.901141	0.314501	1.79642
0.40075	0.437676	-0.901146	0.314499	1.79641
0.40125	0.437674	-0.90115	0.314497	1.79641
0.40175	0.437672	-0.901154	0.314495	1.79641
0.40225	0.437671	-0.901157	0.314494	1.7964
0.40275	0.43767	-0.901159	0.314493	1.7964
0.40325	0.43767	-0.901159	0.314493	1.7964
0.40375	0.43767	-0.901159	0.314493	1.7964
0.40425	0.43767	-0.90116	0.314492	1.7964
0.40475	0.437669	-0.901163	0.314491	1.7964
0.40525	0.437668	-0.901165	0.31449	1.7964
0.40575	0.437669	-0.901162	0.314491	1.7964
0.40625	0.437675	-0.901148	0.314498	1.79641
0.40675	0.437696	-0.9011	0.314519	1.79644
0.40725	0.43775	-0.900976	0.314573	1.79653
0.40775	0.437866	-0.900711	0.31469	1.79672
0.40825	0.438083	-0.900214	0.314908	1.79708
0.40875	0.438445	-0.899386	0.315272	1.79767
0.40925	0.438989	-0.89814	0.31582	1.79856
0.40975	0.439739	-0.896427	0.316576	1.79979
0.41025	0.440697	-0.894243	0.317541	1.80136
0.41075	0.441847	-0.891625	0.318702	1.80324
0.41125	0.443161	-0.88864	0.32003	1.80538
0.41175	0.444608	-0.885362	0.321493	1.80774
0.41225	0.446156	-0.881862	0.323062	1.81025
0.41275	0.447782	-0.8782	0.324711	1.81289
0.41325	0.449463	-0.874422	0.326419	1.81561
0.41375	0.451186	-0.870562	0.328172	1.81839
0.41425	0.452941	-0.866644	0.329961	1.82121
0.41475	0.45472	-0.862684	0.331776	1.82407
0.41525	0.456518	-0.858693	0.333615	1.82695
0.41575	0.458333	-0.854679	0.335473	1.82985
0.41625	0.460161	-0.850647	0.337348	1.83277
0.41675	0.462002	-0.846601	0.339238	1.8357
0.41725	0.463854	-0.842543	0.341144	1.83864
0.41775	0.465716	-0.838476	0.343063	1.84159
0.41825	0.467588	-0.834401	0.344995	1.84454
0.41875	0.469469	-0.830319	0.346939	1.84751
0.41925	0.471359	-0.82623	0.348896	1.85048
0.41975	0.473258	-0.822137	0.350865	1.85346
0.42025	0.475164	-0.818039	0.352846	1.85644
0.42075	0.477079	-0.813937	0.354838	1.85943
0.42125	0.479002	-0.809831	0.356842	1.86242
0.42175	0.480932	-0.805722	0.358857	1.86542
0.42225	0.482871	-0.80161	0.360883	1.86842
0.42275	0.484816	-0.797495	0.36292	1.87143
0.42325	0.486769	-0.793378	0.364969	1.87444
0.42375	0.488729	-0.789258	0.367028	1.87746
0.42425	0.490697	-0.785137	0.369098	1.88048
0.42475	0.492672	-0.781013	0.37118	1.8835
0.42525	0.494654	-0.776888	0.373272	1.88653
0.42575	0.496643	-0.772762	0.375375	1.88956
0.42625	0.498639	-0.768634	0.377489	1.89259
0.42675	0.500643	-0.764504	0.379614	1.89563
0.42725	0.502653	-0.760373	0.38175	1.89867
0.42775	0.504671	-0.756242	0.383897	1.90172
0.42825	0.506695	-0.752109	0.386054	1.90477
0.42875	0.508727	-0.747975	0.388223	1.90782
0.42925	0.510765	-0.74384	0.390402	1.91087
0.42975	0.51281	-0.739704	0.392593	1.91393
0.43025	0.514863	-0.735567	0.394794	1.91699
0.43075	0.516922	-0.731429	0.397007	1.92005
0.43125	0.518988	-0.727291	0.39923	1.92312
0.43175	0.521062	-0.723152	0.401465	1.92619
0.43225	0.523142	-0.719013	0.40371	1.92926
0.43275	0.525229	-0.714873	0.405967	1.93233
0.43325	0.527323	-0.710732	0.408235	1.93541
0.43375	0.529424	-0.70659	0.410514	1.93849
0.43425	0.531532	-0.702449	0.412804	1.94158
0.43475	0.533647	-0.698306	0.415105	1.94466
0.43525	0.535769	-0.694163	0.417418	1.94775
0.43575	0.537898	-0.69002	0.419742	1.95084
0.43625	0.540033	-0.685877	0.422077	1.95394
0.43675	0.542176	-0.681733	0.424423	1.95704
0.43725	0.544326	-0.677588	0.426781	1.96014
0.43775	0.546483	-0.673444	0.42915	1.96324
0.43825	0.548647	-0.669299	0.431531	1.96634
0.43875	0.550817	-0.665153	0.433923	1.96945
0.43925	0.552995	-0.661008	0.436327	1.97256
0.43975	0.55518	-0.656862	0.438743	1.97568
0.44025	0.557372	-0.652716	0.441169	1.97879
0.44075	0.559571	-0.648569	0.443608	1.98191
0.44125	0.561777	-0.644423	0.446058	1.98503
0.44175	0.56399	-0.640276	0.44852	1.98816
0.44225	0.56621	-0.636129	0.450994	1.99128
0.44275	0.568437	-0.631982	0.453479	1.99441
0.44325	0.570671	-0.627834	0.455977	1.99755
0.44375	0.572913	-0.623687	0.458486	2.00068
0.44425	0.575161	-0.619539	0.461007	2.00382
0.44475	0.577417	-0.615391	0.46354	2.00696
0.44525	0.57968	-0.611243	0.466085	2.0101
0.44575	0.58195	-0.607095	0.468643	2.01324
0.44625	0.584227	-0.602947	0.471212	2.01639
0.44675	0.586511	-0.598799	0.473793	2.01954
0.44725	0.588803	-0.59465	0.476387	2.02269
0.44775	0.591101	-0.590502	0.478993	2.02585
0.44825	0.593407	-0.586353	0.481611	2.02901
0.44875	0.595721	-0.582204	0.484241	2.03217
0.44925	0.598041	-0.578056	0.486884	2.03533
0.44975	0.600369	-0.573907	0.489539	2.03849
0.45025	0.602704	-0.569758	0.492206	2.04166
0.45075	0.605046	-0.565609	0.494886	2.04483
0.45125	0.607395	-0.56146	0.497579	2.048
0.45175	0.609752	-0.557311	0.500284	2.05118
0.45225	0.612117	-0.553161	0.503002	2.05436
0.45275	0.614488	-0.549012	0.505732	2.05754
0.45325	0.616867	-0.544863	0.508476	2.06072
0.45375	0.619253	-0.540714	0.511232	2.0639
0.45425	0.621647	-0.536565	0.514	2.06709
0.45475	0.624048	-0.532415	0.516782	2.07028
0.45525	0.626457	-0.528266	0.519576	2.07347
0.45575	0.628873	-0.524117	0.522384	2.07667
0.45625	0.631296	-0.519967	0.525204	2.07986
0.45675	0.633727	-0.515818	0.528038	2.08306
0.45725	0.636166	-0.511669	0.530884	2.08627
0.45775	0.638612	-0.507519	0.533744	2.08947
0.45825	0.641065	-0.50337	0.536617	2.09268
0.45875	0.643526	-0.499221	0.539503	2.09589
0.45925	0.645994	-0.495071	0.542403	2.0991
0.45975	0.64847	-0.490922	0.545316	2.10231
0.46025	0.650954	-0.486773	0.548242	2.10553
0.46075	0.653445	-0.482623	0.551181	2.10875
0.46125	0.655944	-0.478474	0.554135	2.11197
0.46175	0.658451	-0.474325	0.557101	2.1152
0.46225	0.660965	-0.470176	0.560082	2.11842
0.46275	0.663487	-0.466026	0.563075	2.12165
0.46325	0.666016	-0.461877	0.566083	2.12488
0.46375	0.668553	-0.457728	0.569104	2.12812
0.46425	0.671098	-0.453579	0.572139	2.13136
0.46475	0.673651	-0.44943	0.575188	2.13459
0.46525	0.676211	-0.445281	0.578251	2.13784
0.46575	0.678779	-0.441131	0.581328	2.14108
0.46625	0.681354	-0.436982	0.584418	2.14432
0.46675	0.683937	-0.432832	0.587522	2.14757
0.46725	0.686527	-0.428681	0.59064	2.15082
0.46775	0.689125	-0.42453	0.59377	2.15407
0.46825	0.691729	-0.420376	0.596914	2.15733
0.46875	0.694339	-0.41622	0.60007	2.16058
0.46925	0.696955	-0.41206	0.603237	2.16383
0.46975	0.699575	-0.407894	0.606414	2.16708
0.47025	0.702197	-0.40372	0.609598	2.17033
0.47075	0.70482	-0.399535	0.612789	2.17356
0.47125	0.707442	-0.395337	0.615983	2.17679
0.47175	0.710058	-0.391116	0.619174	2.18001
0.47225	0.712658	-0.386857	0.622351	2.1832
0.47275	0.715233	-0.382549	0.625501	2.18635
0.47325	0.717774	-0.378178	0.628615	2.18946
0.47375	0.720271	-0.373728	0.631678	2.1925
0.47425	0.722712	-0.369183	0.634678	2.19547
0.47475	0.725084	-0.364523	0.637596	2.19835
0.47525	0.727373	-0.35973	0.640417	2.20113
0.47575	0.729568	-0.354785	0.643123	2.20378
0.47625	0.731654	-0.349673	0.6457	2.2063
0.47675	0.733624	-0.344379	0.648135	2.20868
0.47725	0.735469	-0.338895	0.650418	2.2109
0.47775	0.737185	-0.333214	0.652543	2.21296
0.47825	0.738768	-0.327335	0.654506	2.21486
0.47875	0.740219	-0.321259	0.656306	2.21659
0.47925	0.741542	-0.314994	0.657949	2.21818
0.47975	0.742741	-0.308547	0.659438	2.21961
0.48025	0.743824	-0.301931	0.660785	2.2209
0.48075	0.7448	-0.29516	0.661998	2.22207
0.48125	0.745677	-0.288249	0.663089	2.22311
0.48175	0.746465	-0.281213	0.664071	2.22405
0.48225	0.747175	-0.274066	0.664955	2.2249
0.48275	0.747815	-0.266824	0.665752	2.22566
0.48325	0.748393	-0.259497	0.666472	2.22634
0.48375	0.748917	-0.252099	0.667126	2.22697
0.48425	0.749392	-0.244636	0.667718	2.22753
0.48475	0.749823	-0.23712	0.668255	2.22804
0.48525	0.750221	-0.229563	0.668751	2.22851
0.48575	0.750588	-0.221967	0.669209	2.22895
0.48625	0.750924	-0.214337	0.669629	2.22935
0.48675	0.751233	-0.206676	0.670016	2.22972
0.48725	0.751518	-0.198988	0.670371	2.23006
0.48775	0.751778	-0.191276	0.670697	2.23037
0.48825	0.752018	-0.183542	0.670997	2.23065
0.48875	0.752238	-0.17579	0.671272	2.23092
0.48925	0.752441	-0.168022	0.671526	2.23116
0.48975	0.752628	-0.160242	0.67176	2.23138
0.49025	0.752803	-0.152455	0.671979	2.23159
0.49075	0.752968	-0.144663	0.672186	2.23179
0.49125	0.753123	-0.136866	0.67238	2.23197
0.49175	0.753268	-0.129065	0.672561	2.23214
0.49225	0.753404	-0.12126	0.67273	2.2323
0.49275	0.753529	-0.113451	0.672887	2.23245
0.49325	0.753645	-0.105639	0.673032	2.23259
0.49375	0.753752	-0.0978242	0.673166	2.23272
0.49425	0.75385	-0.0900065	0.673288	2.23283
0.49475	0.753939	-0.0821865	0.6734	2.23294
0.49525	0.75402	-0.0743646	0.6735	2.23303
0.49575	0.754092	-0.066541	0.673591	2.23312
0.49625	0.754156	-0.0587159	0.67367	2.23319
0.49675	0.754211	-0.0508896	0.67374	2.23326
0.49725	0.754259	-0.0430623	0.673799	2.23332
0.49775	0.754299	-0.0352341	0.673849	2.23336
0.49825	0.75433	-0.0274053	0.673888	2.2334
0.49875	0.754354	-0.0195759	0.673918	2.23343
0.49925	0.75437	-0.0117462	0.673937	2.23345
0.49975	0.754377	-0.0039164	0.673947	2.23345
0.50025	0.754377	0.0039164	0.673947	2.23345
0.50075	0.75437	0.0117462	0.673937	2.23345
0.50125	0.754354	0.0195759	0.673918	2.23343
0.50175	0.75433	0.0274053	0.673888	2.2334
0.50225	0.754299	0.0352341	0.673849	2.23336
0.50275	0.754259	0.0430623	0.673799	2.23332
0.50325	0.754211	0.0508896	0.67374	2.23326
0.50375	0.754156	0.0587159	0.67367	2.23319
0.50425	0.754092	0.066541	0.673591	2.23312
0.50475	0.75402	0.0743646	0.6735	2.23303
0.50525	0.753939	0.0821865	0.6734	2.23294
0.50575	0.75385	0.0900065	0.673288	2.23283
0.50625	0.753752	0.0978242	0.673166	2.23272
0.50675	0.753645	0.105639	0.673032	2.23259
0.50725	0.753529	0.113451	0.672887	2.23245
0.50775	0.753404	0.12126	0.67273	2.2323
0.50825	0.753268	0.129065	0.672561	2.23214
0.50875	0.753123	0.136866	0.67238	2.23197
0.50925	0.752968	0.144663	0.672186	2.23179
0.50975	0.752803	0.152455	0.671979	2.23159
0.51025	0.752628	0.160242	0.67176	2.23138
0.51075	0.752441	0.168022	0.671526	2.23116
0.51125	0.752238	0.17579	0.671272	2.23092
0.51175	0.752018	0.183542	0.670997	2.23065
0.51225	0.751778	0.191276	0.670697	2.23037
0.51275	0.751518	0.198988	0.670371	2.23006
0.51325	0.751233	0.206676	0.670016	2.22972
0.51375	0.750924	0.214337	0.669629	2.22935
0.51425	0.750588	0.221967	0.669209	2.22895
0.51475	0.750221	0.229563	0.668751	2.22851
0.51525	0.749823	0.23712	0.668255	2.22804
0.51575	0.749392	0.244636	0.667718	2.22753
0.51625	0.748917	0.252099	0.667126	2.22697
0.51675	0.748393	0.259497	0.666472	2.22634
0.51725	0.747815	0.266824	0.665752	2.22566
0.51775	0.747175	0.274066	0.664955	2.2249
0.51825	0.746465	0.281213	0.664071	2.22405
0.51875	0.745677	0.288249	0.663089	2.22311
0.51925	0.7448	0.29516	0.661998	2.22207
0.51975	0.743824	0.301931	0.660785	2.2209
0.52025	0.742741	0.308547	0.659438	2.21961
0.52075	0.741542	0.314994	0.657949	2.21818
0.52125	0.740219	0.321259	0.656306	2.21659
0.52175	0.738768	0.327335	0.654506	2.21486
0.52225	0.737185	0.333214	0.652543	2.21296
0.52275	0.735469	0.338895	0.650418	2.2109
0.52325	0.733624	0.344379	0.648135	2.20868
0.52375	0.731654	0.349673	0.6457	2.2063
0.52425	0.729568	0.354785	0.643123	2.20378
0.52475	0.727373	0.35973	0.640417	2.20113
0.52525	0.725084	0.364523	0.637596	2.19835
0.52575	0.722712	0.369183	0.634678	2.19547
0.52625	0.720271	0.373728	0.631678	2.1925
0.52675	0.717774	0.378178	0.628615	2.18946
0.52725	0.715233	0.382549	0.625501	2.18635
0.52775	0.712658	0.386857	0.622351	2.1832
0.52825	0.710058	0.391116	0.619174	2.18001
0.52875	0.707442	0.395337	0.615983	2.17679
0.52925	0.70482	0.399535	0.612789	2.17356
0.52975	0.702197	0.40372	0.609598	2.17033
0.53025	0.699575	0.407894	0.606414	2.16708
0.53075	0.696955	0.41206	0.603237	2.16383
0.53125	0.694339	0.41622	0.60007	2.16058
0.53175	0.691729	0.420376	0.596914	2.15733
0.53225	0.689125	0.42453	0.59377	2.15407
0.53275	0.686527	0.428681	0.59064	2.15082
0.53325	0.683937	0.432832	0.587522	2.14757
0.53375	0.681354	0.436982	0.584418	2.14432
0.53425	0.678779	0.441131	0.581328	2.14108
0.53475	0.676211	0.445281	0.578251	2.13784
0.53525	0.673651	0.44943	0.575188	2.13459
0.53575	0.671098	0.453579	0.572139	2.13136
0.53625	0.668553	0.457728	0.569104	2.12812
0.53675	0.666016	0.461877	0.566083	2.12488
0.53725	0.663487	0.466026	0.563075	2.12165
0.53775	0.660965	0.470176	0.560082	2.11842
0.53825	0.658451	0.474325	0.557101	2.1152
0.53875	0.655944	0.478474	0.554135	2.11197
0.53925	0.653445	0.482623	0.551181	2.10875
0.53975	0.650954	0.486773	0.548242	2.10553
0.54025	0.64847	0.490922	0.545316	2.10231
0.54075	0.645994	0.495071	0.542403	2.0991
0.54125	0.643526	0.499221	0.539503	2.09589
0.54175	0.641065	0.50337	0.536617	2.09268
0.54225	0.638612	0.507519	0.533744	2.08947
0.54275	0.636166	0.511669	0.530884	2.08627
0.54325	0.633727	0.515818	0.528038	2.08306
0.54375	0.631296	0.519967	0.525204	2.07986
0.54425	0.628873	0.524117	0.522384	2.07667
0.54475	0.626457	0.528266	0.519576	2.07347
0.54525	0.624048	0.532415	0.516782	2.07028
0.54575	0.621647	0.536565	0.514	2.06709
0.54625	0.619253	0.540714	0.511232	2.0639
0.54675	0.616867	0.544863	0.508476	2.06072
0.54725	0.614488	0.549012	0.505732	2.05754
0.54775	0.612117	0.553161	0.503002	2.05436
0.54825	0.609752	0.557311	0.500284	2.05118
0.54875	0.607395	0.56146	0.497579	2.048
0.54925	0.605046	0.565609	0.494886	2.04483
0.54975	0.602704	0.569758	0.492206	2.04166
0.55025	0.600369	0.573907	0.489539	2.03849
0.55075	0.598041	0.578056	0.486884	2.03533
0.55125	0.595721	0.582204	0.484241	2.03217
0.55175	0.593407	0.586353	0.481611	2.02901
0.55225	0.591101	0.590502	0.478993	2.02585
0.55275	0.588803	0.59465	0.476387	2.02269
0.55325	0.586511	0.598799	0.473793	2.01954
0.55375	0.584227	0.602947	0.471212	2.01639
0.55425	0.58195	0.607095	0.468643	2.01324
0.55475	0.57968	0.611243	0.466085	2.0101
0.55525	0.577417	0.615391	0.46354	2.00696
0.55575	0.575161	0.619539	0.461007	2.00382
0.55625	0.572913	0.623687	0.458486	2.00068
0.55675	0.570671	0.627834	0.455977	1.99755
0.55725	0.568437	0.631982	0.453479	1.99441
0.55775	0.56621	0.636129	0.450994	1.99128
0.55825	0.56399	0.640276	0.44852	1.98816
0.55875	0.561777	0.644423	0.446058	1.98503
0.55925	0.559571	0.648569	0.443608	1.98191
0.55975	0.557372	0.652716	0.441169	1.97879
0.56025	0.55518	0.656862	0.438743	1.97568
0.56075	0.552995	0.661008	0.436327	1.97256
0.56125	0.550817	0.665153	0.433923	1.96945
0.56175	0.548647	0.669299	0.431531	1.96634
0.56225	0.546483	0.673444	0.42915	1.96324
0.56275	0.544326	0.677588	0.426781	1.96014
0.56325	0.542176	0.681733	0.424423	1.95704
0.56375	0.540033	0.685877	0.422077	1.95394
0.56425	0.537898	0.69002	0.419742	1.95084
0.56475	0.535769	0.694163	0.417418	1.94775
0.56525	0.533647	0.698306	0.415105	1.94466
0.56575	0.531532	0.702449	0.412804	1.94158
0.56625	0.529424	0.70659	0.410514	1.93849
0.56675	0.527323	0.710732	0.408235	1.93541
0.56725	0.525229	0.714873	0.405967	1.93233
0.56775	0.523142	0.719013	0.40371	1.92926
0.56825	0.521062	0.723152	0.401465	1.92619
0.56875	0.518988	0.727291	0.39923	1.92312
0.56925	0.516922	0.731429	0.397007	1.92005
0.56975	0.514863	0.735567	0.394794	1.91699
0.57025	0.51281	0.739704	0.392593	1.91393
0.57075	0.510765	0.74384	0.390402	1.91087
0.57125	0.508727	0.747975	0.388223	1.90782
0.57175	0.506695	0.752109	0.386054	1.90477
0.57225	0.504671	0.756242	0.383897	1.90172
0.57275	0.502653	0.760373	0.38175	1.89867
0.57325	0.500643	0.764504	0.379614	1.89563
0.57375	0.498639	0.768634	0.377489	1.89259
0.57425	0.496643	0.772762	0.375375	1.88956
0.57475	0.494654	0.776888	0.373272	1.88653
0.57525	0.492672	0.781013	0.37118	1.8835
0.57575	0.490697	0.785137	0.369098	1.88048
0.57625	0.488729	0.789258	0.367028	1.87746
0.57675	0.486769	0.793378	0.364969	1.87444
0.57725	0.484816	0.797495	0.36292	1.87143
0.57775	0.482871	0.80161	0.360883	1.86842
0.57825	0.480932	0.805722	0.358857	1.86542
0.57875	0.479002	0.809831	0.356842	1.86242
0.57925	0.477079	0.813937	0.354838	1.85943
0.57975	0.475164	0.818039	0.352846	1.85644
0.58025	0.473258	0.822137	0.350865	1.85346
0.58075	0.471359	0.82623	0.348896	1.85048
0.58125	0.469469	0.830319	0.346939	1.84751
0.58175	0.467588	0.834401	0.344995	1.84454
0.58225	0.465716	0.838476	0.343063	1.84159
0.58275	0.463854	0.842543	0.341144	1.83864
0.58325	0.462002	0.846601	0.339238	1.8357
0.58375	0.460161	0.850647	0.337348	1.83277
0.58425	0.458333	0.854679	0.335473	1.82985
0.58475	0.456518	0.858693	0.333615	1.82695
0.58525	0.45472	0.862684	0.331776	1.82407
0.58575	0.452941	0.866644	0.329961	1.82121
0.58625	0.451186	0.870562	0.328172	1.81839
0.58675	0.449463	0.874422	0.326419	1.81561
0.58725	0.447782	0.8782	0.324711	1.81289
0.58775	0.446156	0.881862	0.323062	1.81025
0.58825	0.444608	0.885362	0.321493	1.80774
0.58875	0.443161	0.88864	0.32003	1.80538
0.58925	0.441847	0.891625	0.318702	1.80324
0.58975	0.440697	0.894243	0.317541	1.80136
0.59025	0.439739	0.896427	0.316576	1.79979
0.59075	0.438989	0.89814	0.31582	1.79856
0.59125	0.438445	0.899386	0.315272	1.79767
0.59175	0.438083	0.900214	0.314908	1.79708
0.59225	0.437866	0.900711	0.31469	1.79672
0.59275	0.43775	0.900976	0.314573	1.79653
0.59325	0.437696	0.9011	0.314519	1.79644
0.59375	0.437675	0.901148	0.314498	1.79641
0.59425	0.437669	0.901162	0.314491	1.7964
0.59475	0.437668	0.901165	0.31449	1.7964
0.59525	0.437669	0.901163	0.314491	1.7964
0.59575	0.43767	0.90116	0.314492	1.7964
0.59625	0.43767	0.901159	0.314493	1.7964
0.59675	0.43767	0.901159	0.314493	1.7964
0.59725	0.43767	0.901159	0.314493	1.7964
0.59775	0.437671	0.901157	0.314494	1.7964
0.59825	0.437672	0.901154	0.314495	1.79641
0.59875	0.437674	0.90115	0.314497	1.79641
0.59925	0.437676	0.901146	0.314499	1.79641
0.59975	0.437678	0.901141	0.314501	1.79642
0.60025	0.437679	0.901138	0.314502	1.79642
0.60075	0.437681	0.901134	0.314504	1.79642
0.60125	0.437682	0.901132	0.314505	1.79642
0.60175	0.437683	0.90113	0.314506	1.79643
0.60225	0.437683	0.901129	0.314506	1.79643
0.60275	0.437683	0.901128	0.314507	1.79643
0.60325	0.437684	0.901127	0.314507	1.79643
0.60375	0.437684	0.901127	0.314507	1.79643
0.60425	0.437684	0.901127	0.314507	1.79643
0.60475	0.437684	0.901127	0.314507	1.79643
0.60525	0.437684	0.901127	0.314507	1.79643
0.60575	0.437684	0.901127	0.314507	1.79643
0.60625	0.437684	0.901127	0.314507	1.79643
0.60675	0.437684	0.901126	0.314507	1.79643
0.60725	0.437684	0.901126	0.314508	1.79643
0.60775	0.437684	0.901125	0.314508	1.79643
0.60825	0.437685	0.901124	0.314508	1.79643
0.60875	0.437685	0.901123	0.314509	1.79643
0.60925	0.437686	0.901122	0.314509	1.79643
0.60975	0.437686	0.90112	0.31451	1.79644
0.61025	0.437686	0.901119	0.31451	1.79644
0.61075	0.437687	0.901119	0.314511	1.79644
0.61125	0.437687	0.901118	0.314511	1.79644
0.61175	0.437687	0.901117	0.314512	1.79644
0.61225	0.437688	0.901115	0.314512	1.79644
0.61275	0.437689	0.901113	0.314513	1.79644
0.61325	0.437689	0.901111	0.314514	1.79644
0.61375	0.43769	0.901109	0.314515	1.79645
0.61425	0.437691	0.901108	0.314515	1.79645
0.61475	0.437691	0.901106	0.314516	1.79645
0.61525	0.437692	0.901105	0.314517	1.79645
0.61575	0.437692	0.901104	0.314517	1.79645
0.61625	0.437693	0.901103	0.314518	1.79645
0.61675	0.437693	0.901102	0.314518	1.79645
0.61725	0.437693	0.901102	0.314518	1.79645
0.61775	0.437693	0.901101	0.314518	1.79645
0.61825	0.437693	0.901101	0.314518	1.79645
0.61875	0.437693	0.901101	0.314518	1.79646
0.61925	0.437693	0.901101	0.314519	1.79646
0.61975	0.437693	0.901101	0.314519	1.79646
0.62025	0.437693	0.901101	0.314519	1.79646
0.62075	0.437693	0.9011	0.314519	1.79646
0.62125	0.437693	0.9011	0.314519	1.79646
0.62175	0.437693	0.9011	0.314519	1.79646
0.62225	0.437693	0.9011	0.314519	1.79646
0.62275	0.437693	0.901099	0.314519	1.79646
0.62325	0.437693	0.901099	0.314519	1.79646
0.62375	0.437693	0.9011	0.314519	1.79646
0.62425	0.437693	0.9011	0.314519	1.79646
0.62475	0.437692	0.9011	0.314519	1.79646
0.62525	0.437692	0.9011	0.314519	1.79646
0.62575	0.437692	0.9011	0.314519	1.79646
0.62625	0.437692	0.901101	0.314519	1.79646
0.62675	0.437691	0.901102	0.314518	1.79646
0.62725	0.437691	0.901103	0.314518	1.79646
0.62775	0.43769	0.901103	0.314517	1.79646
0.62825	0.43769	0.901104	0.314517	1.79646
0.62875	0.43769	0.901104	0.314517	1.79646
0.62925	0.43769	0.901104	0.314517	1.79646
0.62975	0.437689	0.901104	0.314517	1.79646
0.63025	0.437689	0.901104	0.314517	1.79646
0.63075	0.437689	0.901104	0.314517	1.79646
0.63125	0.437689	0.901104	0.314517	1.79646
0.63175	0.437689	0.901104	0.314517	1.79647
0.63225	0.437689	0.901103	0.314517	1.79647
0.63275	0.437689	0.901103	0.314517	1.79647
0.63325	0.437689	0.901103	0.314517	1.79647
0.63375	0.437688	0.901105	0.314517	1.79647
0.63425	0.437687	0.901107	0.314516	1.79647
0.63475	0.437685	0.90111	0.314515	1.79646
0.63525	0.437684	0.901112	0.314514	1.79646
0.63575	0.437684	0.901113	0.314513	1.79646
0.63625	0.437683	0.901113	0.314513	1.79647
0.63675	0.437683	0.901112	0.314513	1.79647
0.63725	0.437683	0.901112	0.314514	1.79647
0.63775	0.437683	0.901112	0.314513	1.79647
0.63825	0.437683	0.901112	0.314513	1.79647
0.63875	0.437683	0.901112	0.314513	1.79647
0.63925	0.437683	0.901112	0.314514	1.79647
0.63975	0.437682	0.901111	0.314514	1.79647
0.64025	0.437682	0.901112	0.314513	1.79647
0.64075	0.437682	0.901112	0.314514	1.79647
0.64125	0.437682	0.901111	0.314514	1.79647
0.64175	0.437682	0.901111	0.314514	1.79648
0.64225	0.437682	0.90111	0.314514	1.79648
0.64275	0.437682	0.90111	0.314515	1.79648
0.64325	0.437683	0.901107	0.314516	1.79648
0.64375	0.437683	0.901105	0.314517	1.79649
0.64425	0.437684	0.901103	0.314517	1.79649
0.64475	0.437684	0.901102	0.314518	1.79649
0.64525	0.437684	0.901102	0.314518	1.79649
0.64575	0.437684	0.9011	0.314519	1.79649
0.64625	0.437684	0.901099	0.314519	1.7965
0.64675	0.437684	0.901098	0.31452	1.7965
0.64725	0.437684	0.901099	0.314519	1.7965
0.64775	0.437683	0.901099	0.314519	1.7965
0.64825	0.437683	0.901098	0.31452	1.7965
0.64875	0.437683	0.901098	0.31452	1.7965
0.64925	0.437682	0.901098	0.31452	1.79651
0.64975	0.437682	0.901098	0.31452	1.79651
0.65025	0.437722	0.901005	0.31456	1.79658
0.65075	0.443139	0.887511	0.32021	1.80649
0.65125	0.573336	0.566956	0.47589	2.07509
0.65175	0.818042	0.191329	0.788182	2.40875
0.65225	0.869961	0.111906	0.85792	2.4654
0.65275	0.875632	0.10661	0.865868	2.47212
0.65325	0.876797	0.106873	0.867242	2.47276
0.65375	0.876698	0.106188	0.866399	2.47063
0.65425	0.876419	0.106177	0.866367	2.47133
0.65475	0.876462	0.106523	0.866712	2.47219
0.65525	0.876258	0.106399	0.866584	2.4724
0.65575	0.876097	0.106323	0.866491	2.47259
0.65625	0.876245	0.106457	0.866614	2.47252
0.65675	0.876517	0.106465	0.866617	2.47176
0.65725	0.876603	0.106465	0.866594	2.47146
0.65775	0.876555	0.10654	0.86666	2.47178
0.65825	0.876415	0.106578	0.86669	2.47226
0.65875	0.87624	0.106569	0.866686	2.47274
0.65925	0.876208	0.106542	0.866663	2.47276
0.65975	0.876295	0.106499	0.866623	2.47241
0.66025	0.876453	0.10645	0.866585	2.47185
0.66075	0.876456	0.106426	0.866573	2.47181
0.66125	0.876365	0.106416	0.866558	2.47202
0.66175	0.876156	0.106406	0.866531	2.47254
0.66225	0.876016	0.106407	0.866516	2.47289
0.66275	0.876018	0.106414	0.866506	2.47285
0.66325	0.876127	0.106424	0.866505	2.47254
0.66375	0.876218	0.106435	0.866512	2.47231
0.66425	0.876197	0.106452	0.866527	2.47241
0.66475	0.876077	0.106473	0.866541	2.47279
0.66525	0.875851	0.106499	0.866561	2.47348
0.66575	0.875667	0.106527	0.866591	2.47409
0.66625	0.875511	0.106549	0.866618	2.47461
0.66675	0.87527	0.106561	0.866638	2.47534
0.66725	0.874684	0.106557	0.866644	2.47702
0.66775	0.873359	0.106542	0.866633	2.48075
0.66825	0.870836	0.106509	0.8666	2.48784
0.66875	0.866576	0.106465	0.866555	2.49994
0.66925	0.860266	0.106437	0.86652	2.51817
0.66975	0.856363	0.106424	0.866503	2.5296
0.67025	0.855813	0.106416	0.866493	2.5312
0.67075	0.855802	0.106414	0.866491	2.53122
0.67125	0.421874	0.106414	0.866491	3.06553
0.67175	0.421874	0.106413	0.86649	3.06553
0.67225	0.422176	0.106412	0.86649	3.06334
0.67275	0.422908	0.106413	0.86649	3.05804
0.67325	0.423787	0.106416	0.866492	3.0517
0.67375	0.424325	0.106422	0.866493	3.04784
0.67425	0.424634	0.10643	0.866498	3.04564
0.67475	0.424811	0.106444	0.866505	3.04439
0.67525	0.424911	0.10646	0.866513	3.04371
0.67575	0.424967	0.106478	0.866522	3.04333
0.67625	0.425	0.106497	0.866531	3.04313
0.67675	0.425019	0.106517	0.86654	3.04302
0.67725	0.425032	0.106539	0.866548	3.04296
0.67775	0.425041	0.106561	0.866555	3.04292
0.67825	0.425047	0.106585	0.866558	3.04289
0.67875	0.425049	0.106607	0.866555	3.04286
0.67925	0.425049	0.10663	0.866543	3.04282
0.67975	0.425045	0.106653	0.866523	3.04278
0.68025	0.425036	0.106674	0.866491	3.04273
0.68075	0.425022	0.106694	0.866445	3.04267
0.68125	0.425002	0.106717	0.866384	3.0426
0.68175	0.424978	0.106755	0.866312	3.04252
0.68225	0.424951	0.106819	0.866227	3.04241
0.68275	0.424919	0.106929	0.86611	3.04223
0.68325	0.424901	0.107013	0.866018	3.04203
0.68375	0.424919	0.107001	0.86601	3.04188
0.68425	0.42499	0.106811	0.86615	3.04186
0.68475	0.425208	0.105952	0.866814	3.04263
0.68525	0.425907	0.102972	0.869148	3.04582
0.68575	0.427968	0.094082	0.876151	3.05558
0.68625	0.433051	0.0721868	0.893593	3.07982
0.68675	0.441506	0.0362084	0.922921	3.11999
0.68725	0.446459	0.0153597	0.940268	3.14337
0.68775	0.448166	0.00817677	0.946315	3.15154
0.68825	0.448728	0.00576654	0.948361	3.15439
0.68875	0.44896	0.00477076	0.949232	3.15566
0.68925	0.449106	0.00412947	0.949795	3.1565
0.68975	0.449228	0.00360256	0.950269	3.15722
0.69025	0.449333	0.00312971	0.950689	3.15788
0.69075	0.449428	0.00271414	0.951065	3.15846
0.69125	0.44951	0.00235786	0.951381	3.15893
0.69175	0.44958	0.00206977	0.951635	3.15929
0.69225	0.449637	0.00183597	0.951834	3.15954
0.69275	0.449684	0.00162374	0.952007	3.15978
0.69325	0.449728	0.00140345	0.95217	3.16002
0.69375	0.449769	0.00116146	0.952335	3.16028
0.69425	0.44981	0.000888302	0.952514	3.16059
0.69475	0.449845	0.00060786	0.952691	3.16093
0.69525	0.449863	0.000380735	0.95283	3.16126
0.69575	0.449868	0.000220289	0.95292	3.16153
0.69625	0.449863	0.000124509	0.952964	3.16171
0.69675	0.449844	7.41854e-05	0.952975	3.16187
0.69725	0.449797	4.58822e-05	0.95297	3.16219
0.69775	0.449701	2.90304e-05	0.95296	3.16283
0.69825	0.449556	1.86859e-05	0.952951	3.16382
0.69875	0.449482	1.38388e-05	0.952943	3.16431
0.69925	0.448803	1.0324e-05	0.952935	3.16908
0.69975	0.44685	3.39612e-06	0.952929	3.18291
0.70025	0.44685	-3.39612e-06	0.952929	3.18291
0.70075	0.448803	-1.0324e-05	0.952935	3.16908
0.70125	0.449482	-1.38388e-05	0.952943	3.16431
0.70175	0.449556	-1.86859e-05	0.952951	3.16382
0.70225	0.449701	-2.90304e-05	0.95296	3.16283
0.70275	0.449797	-4.58822e-05	0.95297	3.16219
0.70325	0.449844	-7.41854e-05	0.952975	3.16187
0.70375	0.449863	-0.000124509	0.952964	3.16171
0.70425	0.449868	-0.000220289	0.95292	3.16153
0.70475	0.449863	-0.000380735	0.95283	3.16126
0.70525	0.449845	-0.00060786	0.952691	3.16093
0.70575	0.44981	-0.000888302	0.952514	3.16059
0.70625	0.449769	-0.00116146	0.952335	3.16028
0.70675	0.449728	-0.00140345	0.95217	3.16002
0.70725	0.449684	-0.00162374	0.952007	3.15978
0.70775	0.449637	-0.00183597	0.951834	3.15954
0.70825	0.44958	-0.00206977	0.951635	3.15929
0.70875	0.44951	-0.00235786	0.951381	3.15893
0.70925	0.449428	-0.00271414	0.951065	3.15846
0.70975	0.449333	-0.00312971	0.950689	3.15788
0.71025	0.449228	-0.00360256	0.950269	3.15722
0.71075	0.449106	-0.00412947	0.949795	3.1565
0.71125	0.44896	-0.00477076	0.949232	3.15566
0.71175	0.448728	-0.00576654	0.948361	3.15439
0.71225	0.448166	-0.00817677	0.946315	3.15154
0.71275	0.446459	-0.0153597	0.940268	3.14337
0.71325	0.441506	-0.0362084	0.922921	3.11999
0.71375	0.433051	-0.0721868	0.893593	3.07982
0.71425	0.427968	-0.094082	0.876151	3.05558
0.71475	0.425907	-0.102972	0.869148	3.04582
0.71525	0.425208	-0.105952	0.866814	3.04263
0.71575	0.42499	-0.106811	0.86615	3.04186
0.71625	0.424919	-0.107001	0.86601	3.04188
0.71675	0.424901	-0.107013	0.866018	3.04203
0.71725	0.424919	-0.106929	0.86611	3.04223
0.71775	0.424951	-0.106819	0.866227	3.04241
0.71825	0.424978	-0.106755	0.866312	3.04252
0.71875	0.425002	-0.106717	0.866384	3.0426
0.71925	0.425022	-0.106694	0.866445	3.04267
0.71975	0.425036	-0.106674	0.866491	3.04273
0.72025	0.425045	-0.106653	0.866523	3.04278
0.72075	0.425049	-0.10663	0.866543	3.04282
0.72125	0.425049	-0.106607	0.866555	3.04286
0.72175	0.425047	-0.106585	0.866558	3.04289
0.72225	0.425041	-0.106561	0.866555	3.04292
0.72275	0.425032	-0.106539	0.866548	3.04296
0.72325	0.425019	-0.106517	0.86654	3.04302
0.72375	0.425	-0.106497	0.866531	3.04313
0.72425	0.424967	-0.106478	0.866522	3.04333
0.72475	0.424911	-0.10646	0.866513	3.04371
0.72525	0.424811	-0.106444	0.866505	3.04439
0.72575	0.424634	-0.10643	0.866498	3.04564
0.72625	0.424325	-0.106422	0.866493	3.04784
0.72675	0.423787	-0.106416	0.866492	3.0517
0.72725	0.422908	-0.106413	0.86649	3.05804
0.72775	0.422176	-0.106412	0.86649	3.06334
0.72825	0.421874	-0.106413	0.86649	3.06553
0.72875	0.421874	-0.106414	0.866491	3.06553
0.72925	0.855802	-0.106414	0.866491	2.53122
0.72975	0.855813	-0.106416	0.866493	2.5312
0.73025	0.856363	-0.106424	0.866503	2.5296
0.73075	0.860266	-0.106437	0.86652	2.51817
0.73125	0.866576	-0.106465	0.866555	2.49994
0.73175	0.870836	-0.106509	0.8666	2.48784
0.73225	0.873359	-0.106542	0.866633	2.48075
0.73275	0.874684	-0.106557	0.866644	2.47702
0.73325	0.87527	-0.106561	0.866638	2.47534
0.73375	0.875511	-0.106549	0.866618	2.47461
0.73425	0.875667	-0.106527	0.866591	2.47409
0.73475	0.875851	-0.106499	0.866561	2.47348
0.73525	0.876077	-0.106473	0.866541	2.47279
0.73575	0.876197	-0.106452	0.866527	2.47241
0.73625	0.876218	-0.106435	0.866512	2.47231
0.73675	0.876127	-0.106424	0.866505	2.47254
0.73725	0.876018	-0.106414	0.866506	2.47285
0.73775	0.876016	-0.106407	0.866516	2.47289
0.73825	0.876156	-0.106406	0.866531	2.47254
0.73875	0.876365	-0.106416	0.866558	2.47202
0.73925	0.876456	-0.106426	0.866573	2.47181
0.73975	0.876453	-0.10645	0.866585	2.47185
0.74025	0.876295	-0.106499	0.866623	2.47241
0.74075	0.876208	-0.106542	0.866663	2.47276
0.74125	0.87624	-0.106569	0.866686	2.47274
0.74175	0.876415	-0.106578	0.86669	2.47226
0.74225	0.876555	-0.10654	0.86666	2.47178
0.74275	0.876603	-0.106465	0.866594	2.47146
0.74325	0.876517	-0.106465	0.866617	2.47176
0.74375	0.876245	-0.106457	0.866614	2.47252
0.74425	0.876097	-0.106323	0.866491	2.47259
0.74475	0.876258	-0.106399	0.866584	2.4724
0.74525	0.876462	-0.106523	0.866712	2.47219
0.74575	0.876419	-0.106177	0.866367	2.47133
0.74625	0.876698	-0.106188	0.866399	2.47063
0.74675	0.876797	-0.106873	0.867242	2.47276
0.74725	0.875632	-0.10661	0.865868	2.47212
0.74775	0.869961	-0.111906	0.85792	2.4654
0.74825	0.818042	-0.191329	0.788182	2.40875
0.74875	0.573336	-0.566956	0.47589	2.07509
0.74925	0.443139	-0.887511	0.32021	1.80649
0.74975	0.437722	-0.901005	0.31456	1.79658
0.75025	0.437682	-0.901098	0.31452	1.79651
0.75075	0.437682	-0.901098	0.31452	1.79651
0.75125	0.437683	-0.901098	0.31452	1.7965
0.75175	0.437683	-0.901098	0.31452	1.7965
0.75225	0.437683	-0.901099	0.314519	1.7965
0.75275	0.437684	-0.901099	0.314519	1.7965
0.75325	0.437684	-0.901098	0.31452	1.7965
0.75375	0.437684	-0.901099	0.314519	1.7965
0.75425	0.437684	-0.9011	0.314519	1.79649
0.75475	0.437684	-0.901102	0.314518	1.79649
0.75525	0.437684	-0.901102	0.314518	1.79649
0.75575	0.437684	-0.901103	0.314517	1.79649
0.75625	0.437683	-0.901105	0.314517	1.79649
0.75675	0.437683	-0.901107	0.314516	1.79648
0.75725	0.437682	-0.90111	0.314515	1.79648
0.75775	0.437682	-0.90111	0.314514	1.79648
0.75825	0.437682	-0.901111	0.314514	1.79648
0.75875	0.437682	-0.901111	0.314514	1.79647
0.75925	0.437682	-0.901112	0.314514	1.79647
0.75975	0.437682	-0.901112	0.314513	1.79647
0.76025	0.437682	-0.901111	0.314514	1.79647
0.76075	0.437683	-0.901112	0.314514	1.79647
0.76125	0.437683	-0.901112	0.314513	1.79647
0.76175	0.437683	-0.901112	0.314513	1.79647
0.76225	0.437683	-0.901112	0.314513	1.79647
0.76275	0.437683	-0.901112	0.314514	1.79647
0.76325	0.437683	-0.901112	0.314513	1.79647
0.76375	0.437683	-0.901113	0.314513	1.79647
0.76425	0.437684	-0.901113	0.314513	1.79646
0.76475	0.437684	-0.901112	0.314514	1.79646
0.76525	0.437685	-0.90111	0.314515	1.79646
0.76575	0.437687	-0.901107	0.314516	1.79647
0.76625	0.437688	-0.901105	0.314517	1.79647
0.76675	0.437689	-0.901103	0.314517	1.79647
0.76725	0.437689	-0.901103	0.314517	1.79647
0.76775	0.437689	-0.901103	0.314517	1.79647
0.76825	0.437689	-0.901104	0.314517	1.79647
0.76875	0.437689	-0.901104	0.314517	1.79646
0.76925	0.437689	-0.901104	0.314517	1.79646
0.76975	0.437689	-0.901104	0.314517	1.79646
0.77025	0.437689	-0.901104	0.314517	1.79646
0.77075	0.43769	-0.901104	0.314517	1.79646
0.77125	0.43769	-0.901104	0.314517	1.79646
0.77175	0.43769	-0.901104	0.314517	1.79646
0.77225	0.43769	-0.901103	0.314517	1.79646
0.77275	0.437691	-0.901103	0.314518	1.79646
0.77325	0.437691	-0.901102	0.314518	1.79646
0.77375	0.437692	-0.901101	0.314519	1.79646
0.77425	0.437692	-0.9011	0.314519	1.79646
0.77475	0.437692	-0.9011	0.314519	1.79646
0.77525	0.437692	-0.9011	0.314519	1.79646
0.77575	0.437693	-0.9011	0.314519	1.79646
0.77625	0.437693	-0.9011	0.314519	1.79646
0.77675	0.437693	-0.901099	0.314519	1.79646
0.77725	0.437693	-0.901099	0.314519	1.79646
0.77775	0.437693	-0.9011	0.314519	1.79646
0.77825	0.437693	-0.9011	0.314519	1.79646
0.77875	0.437693	-0.9011	0.314519	1.79646
0.77925	0.437693	-0.9011	0.314519	1.79646
0.77975	0.437693	-0.901101	0.314519	1.79646
0.78025	0.437693	-0.901101	0.314519	1.79646
0.78075	0.437693	-0.901101	0.314519	1.79646
0.78125	0.437693	-0.901101	0.314518	1.79646
0.78175	0.437693	-0.901101	0.314518	1.79645
0.78225	0.437693	-0.901101	0.314518	1.79645
0.78275	0.437693	-0.901102	0.314518	1.79645
0.78325	0.437693	-0.901102	0.314518	1.79645
0.78375	0.437693	-0.901103	0.314518	1.79645
0.78425	0.437692	-0.901104	0.314517	1.79645
0.78475	0.437692	-0.901105	0.314517	1.79645
0.78525	0.437691	-0.901106	0.314516	1.79645
0.78575	0.437691	-0.901108	0.314515	1.79645
0.78625	0.43769	-0.901109	0.314515	1.79645
0.78675	0.437689	-0.901111	0.314514	1.79644
0.78725	0.437689	-0.901113	0.314513	1.79644
0.78775	0.437688	-0.901115	0.314512	1.79644
0.78825	0.437687	-0.901117	0.314512	1.79644
0.78875	0.437687	-0.901118	0.314511	1.79644
0.78925	0.437687	-0.901119	0.314511	1.79644
0.78975	0.437686	-0.901119	0.31451	1.79644
0.79025	0.437686	-0.90112	0.31451	1.79644
0.79075	0.437686	-0.901122	0.314509	1.79643
0.79125	0.437685	-0.901123	0.314509	1.79643
0.79175	0.437685	-0.901124	0.314508	1.79643
0.79225	0.437684	-0.901125	0.314508	1.79643
0.79275	0.437684	-0.901126	0.314508	1.79643
0.79325	0.437684	-0.901126	0.314507	1.79643
0.79375	0.437684	-0.901127	0.314507	1.79643
0.79425	0.437684	-0.901127	0.314507	1.79643
0.79475	0.437684	-0.901127	0.314507	1.79643
0.79525	0.437684	-0.901127	0.314507	1.79643
0.79575	0.437684	-0.901127	0.314507	1.79643
0.79625	0.437684	-0.901127	0.314507	1.79643
0.79675	0.437684	-0.901127	0.314507	1.79643
0.79725	0.437683	-0.901128	0.314507	1.79643
0.79775	0.437683	-0.901129	0.314506	1.79643
0.79825	0.437683	-0.90113	0.314506	1.79643
0.79875	0.437682	-0.901132	0.314505	1.79642
0.79925	0.437681	-0.901134	0.314504	1.79642
0.79975	0.437679	-0.901138	0.314502	1.79642
0.80025	0.437678	-0.901141	0.314501	1.79642
0.80075	0.437676	-0.901146	0.314499	1.79641
0.80125	0.437674	-0.90115	0.314497	1.79641
0.80175	0.437672	-0.901154	0.314495	1.79641
0.80225	0.437671	-0.901157	0.314494	1.7964
0.80275	0.43767	-0.901159	0.314493	1.7964
0.80325	0.43767	-0.901159	0.314493	1.7964
0.80375	0.43767	-0.901159	0.314493	1.7964
0.80425	0.43767	-0.90116	0.314492	1.7964
0.80475	0.437669	-0.901163	0.314491	1.7964
0.80525	0.437668	-0.901165	0.31449	1.7964
0.80575	0.437669	-0.901162	0.314491	1.7964
0.80625	0.437675	-0.901148	0.314498	1.79641
0.80675	0.437696	-0.9011	0.314519	1.79644
0.80725	0.43775	-0.900976	0.314573	1.79653
0.80775	0.437866	-0.900711	0.31469	1.79672
0.80825	0.438083	-0.900214	0.314908	1.79708
0.80875	0.438445	-0.899386	0.315272	1.79767
0.80925	0.438989	-0.89814	0.31582	1.79856
0.80975	0.439739	-0.896427	0.316576	1.79979
0.81025	0.440697	-0.894243	0.317541	1.80136
0.81075	0.441847	-0.891625	0.318702	1.80324
0.81125	0.443161	-0.88864	0.32003	1.80538
0.81175	0.444608	-0.885362	0.321493	1.80774
0.81225	0.446156	-0.881862	0.323062	1.81025
0.81275	0.447782	-0.8782	0.324711	1.81289
0.81325	0.449463	-0.874422	0.326419	1.81561
0.81375	0.451186	-0.870562	0.328172	1.81839
0.81425	0.452941	-0.866644	0.329961	1.82121
0.81475	0.45472	-0.862684	0.331776	1.82407
0.81525	0.456518	-0.858693	0.333615	1.82695
0.81575	0.458333	-0.854679	0.335473	1.82985
0.81625	0.460161	-0.850647	0.337348	1.83277
0.81675	0.462002	-0.846601	0.339238	1.8357
0.81725	0.463854	-0.842543	0.341144	1.83864
0.81775	0.465716	-0.838476	0.343063	1.84159
0.81825	0.467588	-0.834401	0.344995	1.84454
0.81875	0.469469	-0.830319	0.346939	1.84751
0.81925	0.471359	-0.82623	0.348896	1.85048
0.81975	0.473258	-0.822137	0.350865	1.85346
0.82025	0.475164	-0.818039	0.352846	1.85644
0.82075	0.477079	-0.813937	0.354838	1.85943
0.82125	0.479002	-0.809831	0.356842	1.86242
0.82175	0.480932	-0.805722	0.358857	1.86542
0.82225	0.482871	-0.80161	0.360883	1.86842
0.82275	0.484816	-0.797495	0.36292	1.87143
0.82325	0.486769	-0.793378	0.364969	1.87444
0.82375	0.488729	-0.789258	0.367028	1.87746
0.82425	0.490697	-0.785137	0.369098	1.88048
0.82475	0.492672	-0.781013	0.37118	1.8835
0.82525	0.494654	-0.776888	0.373272	1.88653
0.82575	0.496643	-0.772762	0.375375	1.88956
0.82625	0.498639	-0.768634	0.377489	1.89259
0.82675	0.500643	-0.764504	0.379614	1.89563
0.82725	0.502653	-0.760373	0.38175	1.89867
0.82775	0.504671	-0.756242	0.383897	1.90172
0.82825	0.506695	-0.752109	0.386054	1.90477
0.82875	0.508727	-0.747975	0.388223	1.90782
0.82925	0.510765	-0.74384	0.390402	1.91087
0.82975	0.51281	-0.739704	0.392593	1.91393
0.83025	0.514863	-0.735567	0.394794	1.91699
0.83075	0.516922	-0.731429	0.397007	1.92005
0.83125	0.518988	-0.727291	0.39923	1.92312
0.83175	0.521062	-0.723152	0.401465	1.92619
0.83225	0.523142	-0.719013	0.40371	1.92926
0.83275	0.525229	-0.714873	0.405967	1.93233
0.83325	0.527323	-0.710732	0.408235	1.93541
0.83375	0.529424	-0.70659	0.410514	1.93849
0.83425	0.531532	-0.702449	0.412804	1.94158
0.83475	0.533647	-0.698306	0.415105	1.94466
0.83525	0.535769	-0.694163	0.417418	1.94775
0.83575	0.537898	-0.69002	0.419742	1.95084
0.83625	0.540033	-0.685877	0.422077	1.95394
0.83675	0.542176	-0.681733	0.424423	1.95704
0.83725	0.544326	-0.677588	0.426781	1.96014
0.83775	0.546483	-0.673444	0.42915	1.96324
0.83825	0.548647	-0.669299	0.431531	1.96634
0.83875	0.550817	-0.665153	0.433923	1.96945
0.83925	0.552995	-0.661008	0.436327	1.97256
0.83975	0.55518	-0.656862	0.438743	1.97568
0.84025	0.557372	-0.652716	0.441169	1.97879
0.84075	0.559571	-0.648569	0.443608	1.98191
0.84125	0.561777	-0.644423	0.446058	1.98503
0.84175	0.56399	-0.640276	0.44852	1.98816
0.84225	0.56621	-0.636129	0.450994	1.99128
0.84275	0.568437	-0.631982	0.453479	1.99441
0.84325	0.570671	-0.627834	0.455977	1.99755
0.84375	0.572913	-0.623687	0.458486	2.00068
0.84425	0.575161	-0.619539	0.461007	2.00382
0.84475	0.577417	-0.615391	0.46354	2.00696
0.84525	0.57968	-0.611243	0.466085	2.0101
0.84575	0.58195	-0.607095	0.468643	2.01324
0.84625	0.584227	-0.602947	0.471212	2.01639
0.84675	0.586511	-0.598799	0.473793	2.01954
0.84725	0.588803	-0.59465	0.476387	2.02269
0.84775	0.591101	-0.590502	0.478993	2.02585
0.84825	0.593407	-0.586353	0.481611	2.02901
0.84875	0.595721	-0.582204	0.484241	2.03217
0.84925	0.598041	-0.578056	0.486884	2.03533
0.84975	0.600369	-0.573907	0.489539	2.03849
0.85025	0.602704	-0.569758	0.492206	2.04166
0.85075	0.605046	-0.565609	0.494886	2.04483
0.85125	0.607395	-0.56146	0.497579	2.048
0.85175	0.609752	-0.557311	0.500284	2.05118
0.85225	0.612117	-0.553161	0.503002	2.05436
0.85275	0.614488	-0.549012	0.505732	2.05754
0.85325	0.616867	-0.544863	0.508476	2.06072
0.85375	0.619253	-0.540714	0.511232	2.0639
0.85425	0.621647	-0.536565	0.514	2.06709
0.85475	0.624048	-0.532415	0.516782	2.07028
0.85525	0.626457	-0.528266	0.519576	2.07347
0.85575	0.628873	-0.524117	0.522384	2.07667
0.85625	0.631296	-0.519967	0.525204	2.07986
0.85675	0.633727	-0.515818	0.528038	2.08306
0.85725	0.636166	-0.511669	0.530884	2.08627
0.85775	0.638612	-0.507519	0.533744	2.08947
0.85825	0.641065	-0.50337	0.536617	2.09268
0.85875	0.643526	-0.499221	0.539503	2.09589
0.85925	0.645994	-0.495071	0.542403	2.0991
0.85975	0.64847	-0.490922	0.545316	2.10231
0.86025	0.650954	-0.486773	0.548242	2.10553
0.86075	0.653445	-0.482623	0.551181	2.10875
0.86125	0.655944	-0.478474	0.554135	2.11197
0.86175	0.658451	-0.474325	0.557101	2.1152
0.86225	0.660965	-0.470176	0.560082	2.11842
0.86275	0.663487	-0.466026	0.563075	2.12165
0.86325	0.666016	-0.461877	0.566083	2.12488
0.86375	0.668553	-0.457728	0.569104	2.12812
0.86425	0.671098	-0.453579	0.572139	2.13136
0.86475	0.673651	-0.44943	0.575188	2.13459
0.86525	0.676211	-0.445281	0.578251	2.13784
0.86575	0.678779	-0.441132	0.581328	2.14108
0.86625	0.681355	-0.436983	0.584419	2.14433
0.86675	0.683939	-0.432834	0.587524	2.14757
0.86725	0.68653	-0.428685	0.590643	2.15083
0.86775	0.689129	-0.424536	0.593776	2.15408
0.86825	0.691736	-0.420387	0.596923	2.15734
0.86875	0.694351	-0.416239	0.600084	2.16059
0.86925	0.696974	-0.41209	0.60326	2.16385
0.86975	0.699605	-0.407941	0.60645	2.16712
0.87025	0.702243	-0.403793	0.609655	2.17038
0.87075	0.70489	-0.399644	0.612874	2.17365
0.87125	0.707544	-0.395496	0.616108	2.17692
0.87175	0.710207	-0.391347	0.619356	2.18019
0.87225	0.712877	-0.387199	0.622618	2.18347
0.87275	0.715556	-0.383051	0.625896	2.18675
0.87325	0.718242	-0.378902	0.629188	2.19003
0.87375	0.720936	-0.374754	0.632495	2.19331
0.87425	0.723639	-0.370606	0.635817	2.1966
0.87475	0.726349	-0.366458	0.639153	2.19988
0.87525	0.729068	-0.36231	0.642505	2.20317
0.87575	0.731795	-0.358162	0.645871	2.20646
0.87625	0.734529	-0.354014	0.649253	2.20976
0.87675	0.737272	-0.349866	0.65265	2.21306
0.87725	0.740023	-0.345719	0.656062	2.21636
0.87775	0.742782	-0.341571	0.659489	2.21966
0.87825	0.74555	-0.337424	0.662931	2.22296
0.87875	0.748325	-0.333276	0.666389	2.22627
0.87925	0.751109	-0.329129	0.669862	2.22958
0.87975	0.753901	-0.324982	0.67335	2.23289
0.88025	0.756701	-0.320834	0.676854	2.2362
0.88075	0.75951	-0.316687	0.680374	2.23952
0.88125	0.762326	-0.31254	0.683909	2.24284
0.88175	0.765151	-0.308393	0.68746	2.24616
0.88225	0.767985	-0.304247	0.691026	2.24948
0.88275	0.770826	-0.3001	0.694609	2.25281
0.88325	0.773676	-0.295953	0.698207	2.25613
0.88375	0.776534	-0.291807	0.70182	2.25946
0.88425	0.779401	-0.287661	0.70545	2.2628
0.88475	0.782276	-0.283514	0.709096	2.26613
0.88525	0.785159	-0.279368	0.712758	2.26947
0.88575	0.788051	-0.275223	0.716436	2.27281
0.88625	0.790951	-0.271077	0.72013	2.27615
0.88675	0.79386	-0.266931	0.72384	2.27949
0.88725	0.796777	-0.262786	0.727566	2.28284
0.88775	0.799702	-0.25864	0.731309	2.28619
0.88825	0.802636	-0.254495	0.735068	2.28954
0.88875	0.805579	-0.25035	0.738843	2.29289
0.88925	0.80853	-0.246206	0.742635	2.29625
0.88975	0.811489	-0.242061	0.746443	2.29961
0.89025	0.814457	-0.237917	0.750268	2.30297
0.89075	0.817434	-0.233773	0.754109	2.30633
0.89125	0.820418	-0.229629	0.757967	2.3097
0.89175	0.823412	-0.225485	0.761842	2.31306
0.89225	0.826414	-0.221342	0.765733	2.31643
0.89275	0.829424	-0.217199	0.769641	2.31981
0.89325	0.832443	-0.213057	0.773566	2.32318
0.89375	0.835471	-0.208914	0.777508	2.32655
0.89425	0.838507	-0.204772	0.781466	2.32993
0.89475	0.841551	-0.200631	0.785441	2.33331
0.89525	0.844605	-0.19649	0.789433	2.3367
0.89575	0.847666	-0.19235	0.793442	2.34008
0.89625	0.850736	-0.18821	0.797468	2.34347
0.89675	0.853815	-0.18407	0.801511	2.34685
0.89725	0.856901	-0.179932	0.805571	2.35024
0.89775	0.859997	-0.175794	0.809648	2.35364
0.89825	0.8631	-0.171656	0.813742	2.35703
0.89875	0.866212	-0.16752	0.817852	2.36043
0.89925	0.869333	-0.163384	0.82198	2.36382
0.89975	0.872461	-0.15925	0.826124	2.36722
0.90025	0.875598	-0.155117	0.830285	2.37062
0.90075	0.878742	-0.150984	0.834463	2.37403
0.90125	0.881895	-0.146854	0.838657	2.37743
0.90175	0.885056	-0.142724	0.842868	2.38083
0.90225	0.888224	-0.138597	0.847095	2.38424
0.90275	0.8914	-0.134471	0.851339	2.38764
0.90325	0.894583	-0.130347	0.855598	2.39105
0.90375	0.897774	-0.126226	0.859873	2.39446
0.90425	0.900972	-0.122107	0.864164	2.39787
0.90475	0.904176	-0.117992	0.868471	2.40127
0.90525	0.907388	-0.113879	0.872792	2.40468
0.90575	0.910605	-0.10977	0.877127	2.40809
0.90625	0.913828	-0.105666	0.881477	2.4115
0.90675	0.917057	-0.101566	0.88584	2.4149
0.90725	0.92029	-0.0974714	0.890216	2.4183
0.90775	0.923528	-0.0933829	0.894604	2.4217
0.90825	0.92677	-0.0893011	0.899003	2.4251
0.90875	0.930014	-0.0852272	0.903412	2.42849
0.90925	0.93326	-0.0811622	0.90783	2.43188
0.90975	0.936508	-0.0771072	0.912255	2.43526
0.91025	0.939755	-0.0730644	0.916687	2.43863
0.91075	0.942999	-0.0690347	0.92112	2.442
0.91125	0.946235	-0.0650268	0.925549	2.44535
0.91175	0.949454	-0.0610511	0.92996	2.44867
0.91225	0.952655	-0.0571093	0.934352	2.45197
0.91275	0.955834	-0.0532039	0.93872	2.45524
0.91325	0.958988	-0.04934	0.943059	2.45848
0.91375	0.96211	-0.0455247	0.947361	2.46167
0.91425	0.965194	-0.0417669	0.951614	2.46483
0.91475	0.968228	-0.0380781	0.955805	2.46792
0.91525	0.971202	-0.0344719	0.959917	2.47095
0.91575	0.974101	-0.0309643	0.963932	2.4739
0.91625	0.976911	-0.0275736	0.967826	2.47675
0.91675	0.979613	-0.0243203	0.971575	2.47949
0.91725	0.982188	-0.0212261	0.975153	2.48209
0.91775	0.984617	-0.0183132	0.978531	2.48455
0.91825	0.986881	-0.0156033	0.981683	2.48683
0.91875	0.988964	-0.0131156	0.984584	2.48893
0.91925	0.99085	-0.0108658	0.987214	2.49083
0.91975	0.99253	-0.00886439	0.989558	2.49251
0.92025	0.994001	-0.0071153	0.991611	2.49399
0.92075	0.995263	-0.00561554	0.993374	2.49526
0.92125	0.996325	-0.00435511	0.994858	2.49632
0.92175	0.997199	-0.00331764	0.996081	2.4972
0.92225	0.997904	-0.00248176	0.997067	2.4979
0.92275	0.99846	-0.00182277	0.997845	2.49846
0.92325	0.99889	-0.00131444	0.998446	2.49889
0.92375	0.999214	-0.000930739	0.998899	2.49921
0.92425	0.999453	-0.000647261	0.999234	2.49945
0.92475	0.999626	-0.00044219	0.999477	2.49963
0.92525	0.999749	-0.000296861	0.999649	2.49975
0.92575	0.999834	-0.000195912	0.999768	2.49983
0.92625	0.999893	-0.000127143	0.99985	2.49989
0.92675	0.999931	-8.1172e-05	0.999904	2.49993
0.92725	0.999957	-5.09983e-05	0.99994	2.49996
0.92775	0.999973	-3.15424e-05	0.999963	2.49997
0.92825	0.999984	-1.92117e-05	0.999977	2.49998
0.92875	0.99999	-1.15267e-05	0.999986	2.49999
0.92925	0.999994	-6.81457e-06	0.999992	2.49999
0.92975	0.999997	-3.97089e-06	0.999995	2.5
0.93025	0.999998	-2.2812e-06	0.999997	2.5
0.93075	0.999999	-1.29231e-06	0.999998	2.5
0.93125	0.999999	-7.221e-07	0.999999	2.5
0.93175	1	-3.98056e-07	1	2.5
0.93225	1	-2.16516e-07	1	2.5
0.93275	1	-1.16229e-07	1	2.5
0.93325	1	-6.15877e-08	1	2.5
0.93375	1	-3.22178e-08	1	2.5
0.93425	1	-1.66412e-08	1	2.5
0.93475	1	-8.48835e-09	1	2.5
0.93525	1	-4.27632e-09	1	2.5
0.93575	1	-2.12804e-09	1	2.5
0.93625	1	-1.04618e-09	1	2.5
0.93675	1	-5.08152e-10	1	2.5
0.93725	1	-2.4389e-10	1	2.5
0.93775	1	-1.15678e-10	1	2.5
0.93825	1	-5.42258e-11	1	2.5
0.93875	1	-2.51244e-11	1	2.5
0.93925	1	-1.1507e-11	1	2.5
0.93975	1	-5.20999e-12	1	2.5
0.94025	1	-2.33215e-12	1	2.5
0.94075	1	-1.03233e-12	1	2.5
0.94125	1	-4.51871e-13	1	2.5
0.94175	1	-1.95733e-13	1	2.5
0.94225	1	-8.39099e-14	1	2.5
0.94275	1	-3.58412e-14	1	2.5
0.94325	1	-1.49808e-14	1	2.5
0.94375	1	-6.19975e-15	1	2.5
0.94425	1	-2.54662e-15	1	2.5
0.94475	1	-1.21069e-15	1	2.5
0.94525	1	-4.75414e-16	1	2.5
0.94575	1	-1.53014e-16	1	2.5
0.94625	1	-1.41438e-16	1	2.5
0.94675	1	-1.41447e-16	1	2.5
0.94725	1	-1.53027e-16	1	2.5
0.94775	1	-2.04056e-16	1	2.5
0.94825	1	-1.76192e-16	1	2.5
0.94875	1	-1.4144e-16	1	2.5
0.94925	1	-1.80895e-16	1	2.5
0.94975	1	-1.64617e-16	1	2.5
0.95025	1	-2.04072e-16	1	2.5
0.95075	1	-2.04079e-16	1	2.5
0.95125	1	-1.1362e-16	1	2.5
0.95175	1	-1.4148e-16	1	2.5
0.95225	1	-1.299e-16	1	2.5
0.95275	1	0	1	2.5
0.95325	1	0	1	2.5
0.95375	1	0	1	2.5
0.95425	1	0	1	2.5
0.95475	1	0	1	2.5
0.95525	1	0	1	2.5
0.95575	1	0	1	2.5
0.95625	1	0	1	2.5
0.95675	1	0	1	2.5
0.95725	1	0	1	2.5
0.95775	1	0	1	2.5
0.95825	1	0	1	2.5
0.95875	1	0	1	2.5
0.95925	1	0	1	2.5
0.95975	1	0	1	2.5
0.96025	1	0	1	2.5
0.96075	1	0	1	2.5
0.96125	1	0	1	2.5
0.96175	1	0	1	2.5
0.96225	1	0	1	2.5
0.96275	1	0	1	2.5
0.96325	1	0	1	2.5
0.96375	1	0	1	2.5
0.96425	1	0	1	2.5
0.96475	1	0	1	2.5
0.96525	1	0	1	2.5
0.96575	1	0	1	2.5
0.96625	1	0	1	2.5
0.96675	1	0	1	2.5
0.96725	1	0	1	2.5
0.96775	1	0	1	2.5
0.96825	1	0	1	2.5
0.96875	1	0	1	2.5
0.96925	1	0	1	2.5
0.96975	1	0	1	2.5
0.97025	1	0	1	2.5
0.97075	1	0	1	2.5
0.97125	1	0	1	2.5
0.97175	1	0	1	2.5
0.97225	1	0	1	2.5
0.97275	1	0	1	2.5
0.97325	1	0	1	2.5
0.97375	1	0	1	2.5
0.97425	1	0	1	2.5
0.97475	1	0	1	2.5
0.97525	1	0	1	2.5
0.97575	1	0	1	2.5
0.97625	1	0	1	2.5
0.97675	1	0	1	2.5
0.97725	1	0	1	2.5
0.97775	1	0	1	2.5
0.97825	1	0	1	2.5
0.97875	1	0	1	2.5
0.97925	1	0	1	2.5
0.97975	1	0	1	2.5
0.98025	1	0	1	2.5
0.98075	1	0	1	2.5
0.98125	1	0	1	2.5
0.98175	1	0	1	2.5
0.98225	1	0	1	2.5
0.98275	1	0	1	2.5
0.98325	1	0	1	2.5
0.98375	1	0	1	2.5
0.98425	1	0	1	2.5
0.98475	1	0	1	2.5
0.98525	1	0	1	2.5
0.98575	1	0	1	2.5
0.98625	1	0	1	2.5
0.98675	1	0	1	2.5
0.98725	1	0	1	2.5
0.98775	1	0	1	2.5
0.98825	1	0	1	2.5
0.98875	1	0	1	2.5
0.98925	1	0	1	2.5
0.98975	1	0	1	2.5
0.99025	1	0	1	2.5
0.99075	1	0	1	2.5
0.99125	1	0	1	2.5
0.99175	1	0	1	2.5
0.99225	1	0	1	2.5
0.99275	1	0	1	2.5
0.99325	1	0	1	2.5
0.99375	1	0	1	2.5
0.99425	1	0	1	2.5
0.99475	1	0	1	2.5
0.99525	1	0	1	2.5
0.99575	1	0	1	2.5
0.99625	1	0	1	2.5
0.99675	1	0	1	2.5
0.99725	1	0	1	2.5
0.99775	1	0	1	2.5
0.99825	1	0	1	2.5
0.99875	1	0	1	2.5
0.99925	1	0	1	2.5
0.99975	1	0	1	2.5
