x	rho	u	p	e
0.00025	1	0	1	2.5
0.00075	1	0	1	2.5
0.00125	1	0	1	2.5
0.00175	1	0	1	2.5
0.00225	1	0	1	2.5
0.00275	1	0	1	2.5
0.00325	1	0	1	2.5
0.00375	1	0	1	2.5
0.00425	1	0	1	2.5
0.00475	1	0	1	2.5
0.00525	1	0	1	2.5
0.00575	1	0	1	2.5
0.00625	1	0	1	2.5
0.00675	1	0	1	2.5
0.00725	1	0	1	2.5
0.00775	1	0	1	2.5
0.00825	1	0	1	2.5
0.00875	1	0	1	2.5
0.00925	1	0	1	2.5
0.00975	1	0	1	2.5
0.01025	1	0	1	2.5
0.01075	1	0	1	2.5
0.01125	1	0	1	2.5
0.01175	1	0	1	2.5
0.01225	1	0	1	2.5
0.01275	1	0	1	2.5
0.01325	1	0	1	2.5
0.01375	1	0	1	2.5
0.01425	1	0	1	2.5
0.01475	1	0	1	2.5
0.01525	1	0	1	2.5
0.01575	1	0	1	2.5
0.01625	1	0	1	2.5
0.01675	1	0	1	2.5
0.01725	1	0	1	2.5
0.01775	1	0	1	2.5
0.01825	1	0	1	2.5
0.01875	1	0	1	2.5
0.01925	1	0	1	2.5
0.01975	1	0	1	2.5
0.02025	1	0	1	2.5
0.02075	1	0	1	2.5
0.02125	1	0	1	2.5
0.02175	1	0	1	2.5
0.02225	1	0	1	2.5
0.02275	1	0	1	2.5
0.02325	1	0	1	2.5
0.02375	1	0	1	2.5
0.02425	1	0	1	2.5
0.02475	1	0	1	2.5
0.02525	1	0	1	2.5
0.02575	1	0	1	2.5
0.02625	1	0	1	2.5
0.02675	1	0	1	2.5
0.02725	1	0	1	2.5
0.02775	1	0	1	2.5
0.02825	1	0	1	2.5
0.02875	1	0	1	2.5
0.02925	1	0	1	2.5
0.02975	1	0	1	2.5
0.03025	1	0	1	2.5
0.03075	1	0	1	2.5
0.03125	1	0	1	2.5
0.03175	1	0	1	2.5
0.03225	1	0	1	2.5
0.03275	1	0	1	2.5
0.03325	1	0	1	2.5
0.03375	1	0	1	2.5
0.03425	1	0	1	2.5
0.03475	1	0	1	2.5
0.03525	1	0	1	2.5
0.03575	1	0	1	2.5
0.03625	1	0	1	2.5
0.03675	1	0	1	2.5
0.03725	1	0	1	2.5
0.03775	1	0	1	2.5
0.03825	1	0	1	2.5
0.03875	1	0	1	2.5
0.03925	1	0	1	2.5
0.03975	1	0	1	2.5
0.04025	1	0	1	2.5
0.04075	1	0	1	2.5
0.04125	1	0	1	2.5
0.04175	1	0	1	2.5
0.04225	1	0	1	2.5
0.04275	1	0	1	2.5
0.04325	1	0	1	2.5
0.04375	1	0	1	2.5
0.04425	1	0	1	2.5
0.04475	1	0	1	2.5
0.04525	1	0	1	2.5
0.04575	1	0	1	2.5
0.04625	1	0	1	2.5
0.04675	1	0	1	2.5
0.04725	1	0	1	2.5
0.04775	1	0	1	2.5
0.04825	1	1.74133e-17	1	2.5
0.04875	1	6.85684e-17	1	2.5
0.04925	1	1.53466e-16	1	2.5
0.04975	1	1.70882e-16	1	2.5
0.05025	1	2.38367e-16	1	2.5
0.05075	1	1.70886e-16	1	2.5
0.05125	1	1.02322e-16	1	2.5
0.05175	1	1.36067e-16	1	2.5
0.05225	1	1.53479e-16	1	2.5
0.05275	1	2.04634e-16	1	2.5
0.05325	1	2.04638e-16	1	2.5
0.05375	1	2.0464e-16	1	2.5
0.05425	1	1.70894e-16	1	2.5
0.05475	1	1.37146e-16	1	2.5
0.05525	1	3.41765e-16	1	2.5
0.05575	1	1.04378e-15	1	2.5
0.05625	1	2.58387e-15	1	2.5
0.05675	1	6.19411e-15	1	2.5
0.05725	1	1.40981e-14	1	2.5
0.05775	1	3.34489e-14	1	2.5
0.05825	1	7.97095e-14	1	2.5
0.05875	1	1.86089e-13	1	2.5
0.05925	1	4.30524e-13	1	2.5
0.05975	1	9.84743e-13	1	2.5
0.06025	1	2.22627e-12	1	2.5
0.06075	1	4.97555e-12	1	2.5
0.06125	1	1.09938e-11	1	2.5
0.06175	1	2.40145e-11	1	2.5
0.06225	1	5.18538e-11	1	2.5
0.06275	1	1.10669e-10	1	2.5
0.06325	1	2.33441e-10	1	2.5
0.06375	1	4.86617e-10	1	2.5
0.06425	1	1.00234e-09	1	2.5
0.06475	1	2.03992e-09	1	2.5
0.06525	1	4.10141e-09	1	2.5
0.06575	1	8.1456e-09	1	2.5
0.06625	1	1.59782e-08	1	2.5
0.06675	1	3.0952e-08	1	2.5
0.06725	1	5.92031e-08	1	2.5
0.06775	1	1.11797e-07	1	2.5
0.06825	1	2.0839e-07	1	2.5
0.06875	1	3.83363e-07	1	2.5
0.06925	0.999999	6.9591e-07	0.999999	2.5
0.06975	0.999999	1.24629e-06	0.999999	2.5
0.07025	0.999998	2.20152e-06	0.999997	2.5
0.07075	0.999997	3.83499e-06	0.999995	2.5
0.07125	0.999994	6.58631e-06	0.999992	2.49999
0.07175	0.999991	1.11493e-05	0.999987	2.49999
0.07225	0.999984	1.85976e-05	0.999978	2.49998
0.07275	0.999974	3.05596e-05	0.999964	2.49997
0.07325	0.999958	4.9452e-05	0.999941	2.49996
0.07375	0.999933	7.87812e-05	0.999907	2.49993
0.07425	0.999896	0.000123513	0.999854	2.4999
0.07475	0.999839	0.000190502	0.999775	2.49984
0.07525	0.999756	0.000288949	0.999658	2.49976
0.07575	0.999636	0.000430849	0.99949	2.49964
0.07625	0.999467	0.00063133	0.999253	2.49947
0.07675	0.999232	0.000908823	0.998925	2.49923
0.07725	0.998914	0.00128492	0.998481	2.49891
0.07775	0.998493	0.00178387	0.997891	2.49849
0.07825	0.997947	0.00243159	0.997126	2.49795
0.07875	0.997253	0.00325433	0.996156	2.49725
0.07925	0.99639	0.00427693	0.99495	2.49639
0.07975	0.995342	0.00552102	0.993486	2.49534
0.08025	0.994095	0.00700331	0.991743	2.49408
0.08075	0.99264	0.00873428	0.989711	2.49262
0.08125	0.990974	0.0107174	0.987387	2.49095
0.08175	0.989103	0.0129492	0.984778	2.48907
0.08225	0.987035	0.0154195	0.981897	2.48699
0.08275	0.984784	0.0181132	0.978763	2.48472
0.08325	0.982367	0.0210109	0.975402	2.48227
0.08375	0.979803	0.0240914	0.97184	2.47968
0.08425	0.977111	0.0273324	0.968104	2.47695
0.08475	0.97431	0.030712	0.964221	2.47411
0.08525	0.971418	0.0342098	0.960217	2.47117
0.08575	0.968451	0.0378072	0.956113	2.46815
0.08625	0.965423	0.0414882	0.95193	2.46506
0.08675	0.962345	0.0452388	0.947684	2.46191
0.08725	0.959227	0.0490476	0.943388	2.45872
0.08775	0.956077	0.0529054	0.939055	2.45549
0.08825	0.952902	0.056805	0.934691	2.45222
0.08875	0.949706	0.0607413	0.930305	2.44893
0.08925	0.94649	0.0647116	0.925898	2.44561
0.08975	0.943258	0.0687141	0.921474	2.44226
0.09025	0.940016	0.0727386	0.917044	2.4389
0.09075	0.936773	0.0767767	0.912617	2.43553
0.09125	0.933529	0.0808268	0.908195	2.43216
0.09175	0.930285	0.084887	0.903781	2.42877
0.09225	0.927044	0.0889563	0.899375	2.42538
0.09275	0.923805	0.0930335	0.89498	2.42199
0.09325	0.92057	0.0971177	0.890595	2.4186
0.09375	0.917339	0.101208	0.886222	2.4152
0.09425	0.914113	0.105304	0.881861	2.4118
0.09475	0.910892	0.109405	0.877514	2.40839
0.09525	0.907677	0.11351	0.873181	2.40499
0.09575	0.904467	0.117619	0.868862	2.40158
0.09625	0.901265	0.121731	0.864558	2.39818
0.09675	0.898069	0.125846	0.860268	2.39477
0.09725	0.894879	0.129965	0.855994	2.39137
0.09775	0.891697	0.134085	0.851736	2.38796
0.09825	0.888523	0.138208	0.847494	2.38456
0.09875	0.885355	0.142333	0.843267	2.38116
0.09925	0.882196	0.14646	0.839057	2.37775
0.09975	0.879044	0.150589	0.834864	2.37435
0.10025	0.8759	0.154719	0.830686	2.37095
0.10075	0.872764	0.15885	0.826525	2.36755
0.10125	0.869636	0.162983	0.822381	2.36415
0.10175	0.866516	0.167117	0.818254	2.36076
0.10225	0.863404	0.171252	0.814143	2.35736
0.10275	0.860301	0.175388	0.810049	2.35397
0.10325	0.857206	0.179524	0.805972	2.35058
0.10375	0.854119	0.183662	0.801911	2.34719
0.10425	0.85104	0.1878	0.797867	2.3438
0.10475	0.84797	0.191939	0.793841	2.34042
0.10525	0.844908	0.196079	0.789831	2.33703
0.10575	0.841855	0.200219	0.785837	2.33365
0.10625	0.83881	0.20436	0.781861	2.33027
0.10675	0.835773	0.208502	0.777901	2.32689
0.10725	0.832745	0.212644	0.773958	2.32352
0.10775	0.829725	0.216786	0.770032	2.32014
0.10825	0.826714	0.220929	0.766122	2.31677
0.10875	0.823711	0.225072	0.762229	2.3134
0.10925	0.820717	0.229216	0.758353	2.31003
0.10975	0.817731	0.23336	0.754493	2.30667
0.11025	0.814753	0.237504	0.75065	2.3033
0.11075	0.811784	0.241649	0.746823	2.29994
0.11125	0.808823	0.245794	0.743013	2.29658
0.11175	0.805871	0.249939	0.739219	2.29323
0.11225	0.802928	0.254085	0.735441	2.28987
0.11275	0.799992	0.25823	0.73168	2.28652
0.11325	0.797065	0.262377	0.727935	2.28317
0.11375	0.794147	0.266523	0.724206	2.27982
0.11425	0.791237	0.270669	0.720493	2.27648
0.11475	0.788335	0.274816	0.716797	2.27314
0.11525	0.785442	0.278963	0.713116	2.26979
0.11575	0.782556	0.283111	0.709452	2.26646
0.11625	0.77968	0.287258	0.705803	2.26312
0.11675	0.776811	0.291406	0.702171	2.25979
0.11725	0.773951	0.295554	0.698554	2.25645
0.11775	0.7711	0.299702	0.694953	2.25312
0.11825	0.768256	0.30385	0.691368	2.2498
0.11875	0.765421	0.307998	0.687799	2.24647
0.11925	0.762594	0.312147	0.684245	2.24315
0.11975	0.759775	0.316296	0.680707	2.23983
0.12025	0.756965	0.320445	0.677185	2.23651
0.12075	0.754163	0.324594	0.673678	2.2332
0.12125	0.751369	0.328743	0.670186	2.22988
0.12175	0.748583	0.332892	0.66671	2.22657
0.12225	0.745805	0.337042	0.663249	2.22327
0.12275	0.743036	0.341191	0.659803	2.21996
0.12325	0.740274	0.345341	0.656373	2.21666
0.12375	0.737521	0.349491	0.652958	2.21335
0.12425	0.734776	0.353641	0.649558	2.21006
0.12475	0.732039	0.357792	0.646173	2.20676
0.12525	0.72931	0.361942	0.642803	2.20346
0.12575	0.726589	0.366093	0.639448	2.20017
0.12625	0.723876	0.370243	0.636108	2.19688
0.12675	0.721171	0.374394	0.632783	2.1936
0.12725	0.718474	0.378545	0.629472	2.19031
0.12775	0.715785	0.382696	0.626177	2.18703
0.12825	0.713104	0.386847	0.622896	2.18375
0.12875	0.710431	0.390999	0.619629	2.18047
0.12925	0.707766	0.39515	0.616378	2.17719
0.12975	0.705109	0.399301	0.613141	2.17392
0.13025	0.70246	0.403453	0.609918	2.17065
0.13075	0.699819	0.407605	0.60671	2.16738
0.13125	0.697185	0.411757	0.603516	2.16412
0.13175	0.69456	0.415909	0.600336	2.16085
0.13225	0.691942	0.420061	0.597171	2.15759
0.13275	0.689332	0.424213	0.59402	2.15433
0.13325	0.68673	0.428365	0.590883	2.15108
0.13375	0.684136	0.432518	0.587761	2.14782
0.13425	0.681549	0.43667	0.584652	2.14457
0.13475	0.678971	0.440823	0.581558	2.14132
0.13525	0.6764	0.444976	0.578477	2.13807
0.13575	0.673836	0.449129	0.57541	2.13483
0.13625	0.671281	0.453282	0.572358	2.13159
0.13675	0.668733	0.457435	0.569319	2.12835
0.13725	0.666193	0.461588	0.566293	2.12511
0.13775	0.66366	0.465741	0.563282	2.12188
0.13825	0.661136	0.469894	0.560284	2.11864
0.13875	0.658618	0.474048	0.5573	2.11541
0.13925	0.656109	0.478201	0.554329	2.11218
0.13975	0.653607	0.482355	0.551372	2.10896
0.14025	0.651112	0.486509	0.548429	2.10574
0.14075	0.648626	0.490662	0.545498	2.10252
0.14125	0.646146	0.494816	0.542581	2.0993
0.14175	0.643675	0.49897	0.539678	2.09608
0.14225	0.641211	0.503124	0.536788	2.09287
0.14275	0.638754	0.507278	0.533911	2.08966
0.14325	0.636305	0.511432	0.531047	2.08645
0.14375	0.633863	0.515587	0.528196	2.08324
0.14425	0.631429	0.519741	0.525359	2.08004
0.14475	0.629002	0.523895	0.522534	2.07684
0.14525	0.626583	0.52805	0.519722	2.07364
0.14575	0.624171	0.532204	0.516924	2.07044
0.14625	0.621766	0.536359	0.514138	2.06725
0.14675	0.619369	0.540513	0.511365	2.06406
0.14725	0.616979	0.544668	0.508605	2.06087
0.14775	0.614597	0.548823	0.505858	2.05768
0.14825	0.612222	0.552977	0.503123	2.0545
0.14875	0.609854	0.557132	0.500401	2.05131
0.14925	0.607493	0.561287	0.497691	2.04813
0.14975	0.60514	0.565442	0.494995	2.04496
0.15025	0.602794	0.569597	0.49231	2.04178
0.15075	0.600456	0.573752	0.489638	2.03861
0.15125	0.598124	0.577907	0.486979	2.03544
0.15175	0.5958	0.582062	0.484332	2.03227
0.15225	0.593483	0.586217	0.481697	2.02911
0.15275	0.591174	0.590371	0.479075	2.02595
0.15325	0.588871	0.594526	0.476464	2.02279
0.15375	0.586576	0.598681	0.473866	2.01963
0.15425	0.584288	0.602836	0.47128	2.01647
0.15475	0.582007	0.606991	0.468707	2.01332
0.15525	0.579733	0.611146	0.466145	2.01017
0.15575	0.577466	0.615301	0.463595	2.00702
0.15625	0.575206	0.619456	0.461058	2.00388
0.15675	0.572954	0.623611	0.458532	2.00074
0.15725	0.570708	0.627766	0.456018	1.9976
0.15775	0.56847	0.63192	0.453516	1.99446
0.15825	0.566239	0.636075	0.451026	1.99132
0.15875	0.564015	0.64023	0.448548	1.98819
0.15925	0.561797	0.644384	0.446081	1.98506
0.15975	0.559587	0.648539	0.443626	1.98193
0.16025	0.557384	0.652693	0.441183	1.97881
0.16075	0.555188	0.656847	0.438751	1.97569
0.16125	0.552999	0.661001	0.436331	1.97257
0.16175	0.550816	0.665155	0.433922	1.96945
0.16225	0.548641	0.669309	0.431525	1.96634
0.16275	0.546473	0.673463	0.429139	1.96322
0.16325	0.544312	0.677616	0.426765	1.96011
0.16375	0.542157	0.68177	0.424402	1.95701
0.16425	0.54001	0.685923	0.422051	1.9539
0.16475	0.537869	0.690076	0.419711	1.9508
0.16525	0.535736	0.694228	0.417382	1.9477
0.16575	0.533609	0.698381	0.415064	1.94461
0.16625	0.531489	0.702533	0.412757	1.94151
0.16675	0.529376	0.706685	0.410462	1.93842
0.16725	0.52727	0.710836	0.408177	1.93533
0.16775	0.525171	0.714987	0.405904	1.93225
0.16825	0.523079	0.719138	0.403642	1.92917
0.16875	0.520993	0.723289	0.401391	1.92609
0.16925	0.518915	0.727438	0.399151	1.92301
0.16975	0.516843	0.731588	0.396922	1.91993
0.17025	0.514778	0.735737	0.394704	1.91686
0.17075	0.51272	0.739886	0.392496	1.91379
0.17125	0.510669	0.744034	0.3903	1.91073
0.17175	0.508625	0.748181	0.388114	1.90766
0.17225	0.506588	0.752328	0.38594	1.9046
0.17275	0.504557	0.756474	0.383776	1.90155
0.17325	0.502534	0.760619	0.381623	1.89849
0.17375	0.500517	0.764763	0.37948	1.89544
0.17425	0.498507	0.768907	0.377349	1.89239
0.17475	0.496504	0.773049	0.375228	1.88935
0.17525	0.494509	0.77719	0.373118	1.88631
0.17575	0.49252	0.781331	0.371019	1.88327
0.17625	0.490538	0.78547	0.368931	1.88024
0.17675	0.488563	0.789607	0.366853	1.8772
0.17725	0.486595	0.793743	0.364786	1.87418
0.17775	0.484635	0.797878	0.36273	1.87115
0.17825	0.482681	0.80201	0.360685	1.86813
0.17875	0.480735	0.806141	0.358651	1.86512
0.17925	0.478797	0.810269	0.356627	1.8621
0.17975	0.476865	0.814394	0.354615	1.8591
0.18025	0.474942	0.818517	0.352614	1.85609
0.18075	0.473026	0.822636	0.350624	1.85309
0.18125	0.471118	0.826752	0.348646	1.8501
0.18175	0.469218	0.830863	0.34668	1.84711
0.18225	0.467327	0.834969	0.344725	1.84413
0.18275	0.465445	0.839069	0.342782	1.84116
0.18325	0.463572	0.843161	0.340853	1.83819
0.18375	0.461709	0.847245	0.338937	1.83523
0.18425	0.459857	0.851317	0.337035	1.83228
0.18475	0.458018	0.855375	0.33515	1.82935
0.18525	0.456193	0.859413	0.333282	1.82643
0.18575	0.454386	0.863425	0.331436	1.82353
0.18625	0.452601	0.867401	0.329614	1.82067
0.18675	0.450845	0.871326	0.327824	1.81784
0.18725	0.449125	0.875181	0.326075	1.81506
0.18775	0.447454	0.878937	0.324378	1.81235
0.18825	0.445849	0.882557	0.32275	1.80975
0.18875	0.44433	0.88599	0.321212	1.80728
0.18925	0.442923	0.88918	0.319789	1.80499
0.18975	0.441656	0.89206	0.318509	1.80293
0.19025	0.440555	0.894567	0.317398	1.80113
0.19075	0.43964	0.896653	0.316476	1.79963
0.19125	0.438922	0.898295	0.315752	1.79845
0.19175	0.438392	0.899507	0.315219	1.79758
0.19225	0.438029	0.900338	0.314853	1.79699
0.19275	0.4378	0.900862	0.314623	1.79661
0.19325	0.43767	0.901161	0.314492	1.7964
0.19375	0.437604	0.901311	0.314426	1.79629
0.19425	0.437578	0.901372	0.314399	1.79625
0.19475	0.43757	0.901388	0.314392	1.79624
0.19525	0.437572	0.901386	0.314393	1.79624
0.19575	0.437585	0.901355	0.314407	1.79626
0.19625	0.437608	0.901302	0.31443	1.7963
0.19675	0.437626	0.901261	0.314448	1.79633
0.19725	0.43764	0.901229	0.314462	1.79635
0.19775	0.437652	0.901202	0.314474	1.79637
0.19825	0.437662	0.901177	0.314485	1.79639
0.19875	0.437672	0.901156	0.314494	1.79641
0.19925	0.43768	0.901137	0.314503	1.79642
0.19975	0.437686	0.901122	0.314509	1.79643
0.20025	0.437691	0.90111	0.314514	1.79644
0.20075	0.437695	0.901102	0.314518	1.79644
0.20125	0.437697	0.901097	0.31452	1.79645
0.20175	0.437698	0.901094	0.314521	1.79645
0.20225	0.437699	0.901093	0.314522	1.79645
0.20275	0.437699	0.901092	0.314522	1.79645
0.20325	0.437699	0.901091	0.314523	1.79645
0.20375	0.437699	0.901091	0.314523	1.79645
0.20425	0.437699	0.901092	0.314522	1.79645
0.20475	0.437698	0.901093	0.314522	1.79645
0.20525	0.437698	0.901095	0.314521	1.79645
0.20575	0.437697	0.901096	0.314521	1.79645
0.20625	0.437697	0.901097	0.31452	1.79645
0.20675	0.437696	0.901099	0.314519	1.79645
0.20725	0.437695	0.901101	0.314519	1.79645
0.20775	0.437694	0.901103	0.314518	1.79645
0.20825	0.437693	0.901105	0.314517	1.79645
0.20875	0.437692	0.901107	0.314516	1.79644
0.20925	0.437691	0.901109	0.314515	1.79644
0.20975	0.43769	0.901112	0.314513	1.79644
0.21025	0.437688	0.901116	0.314512	1.79644
0.21075	0.437687	0.901118	0.314511	1.79644
0.21125	0.437686	0.90112	0.31451	1.79644
0.21175	0.437686	0.901121	0.31451	1.79644
0.21225	0.437686	0.90112	0.31451	1.79644
0.21275	0.437686	0.90112	0.31451	1.79644
0.21325	0.437687	0.901118	0.314511	1.79644
0.21375	0.437688	0.901115	0.314512	1.79644
0.21425	0.437689	0.901113	0.314513	1.79644
0.21475	0.43769	0.90111	0.314515	1.79645
0.21525	0.437691	0.901107	0.314516	1.79645
0.21575	0.437692	0.901104	0.314517	1.79645
0.21625	0.437693	0.901102	0.314518	1.79645
0.21675	0.437694	0.9011	0.314519	1.79645
0.21725	0.437695	0.901098	0.31452	1.79646
0.21775	0.437695	0.901097	0.31452	1.79646
0.21825	0.437695	0.901096	0.31452	1.79646
0.21875	0.437695	0.901096	0.314521	1.79646
0.21925	0.437695	0.901096	0.314521	1.79646
0.21975	0.437695	0.901096	0.314521	1.79646
0.22025	0.437695	0.901097	0.31452	1.79646
0.22075	0.437694	0.901099	0.314519	1.79646
0.22125	0.437693	0.901101	0.314518	1.79646
0.22175	0.437692	0.901103	0.314518	1.79646
0.22225	0.437692	0.901103	0.314518	1.79646
0.22275	0.437692	0.901103	0.314517	1.79646
0.22325	0.437691	0.901103	0.314517	1.79646
0.22375	0.437691	0.901104	0.314517	1.79646
0.22425	0.437691	0.901105	0.314517	1.79646
0.22475	0.43769	0.901105	0.314516	1.79646
0.22525	0.43769	0.901106	0.314516	1.79646
0.22575	0.437689	0.901108	0.314516	1.79646
0.22625	0.437688	0.90111	0.314515	1.79645
0.22675	0.437687	0.901112	0.314514	1.79645
0.22725	0.437686	0.901114	0.314513	1.79645
0.22775	0.437685	0.901116	0.314512	1.79645
0.22825	0.437684	0.901117	0.314511	1.79645
0.22875	0.437684	0.901118	0.314511	1.79645
0.22925	0.437684	0.901117	0.314511	1.79645
0.22975	0.437685	0.901116	0.314512	1.79645
0.23025	0.437685	0.901114	0.314513	1.79646
0.23075	0.437686	0.901112	0.314513	1.79646
0.23125	0.437687	0.90111	0.314514	1.79646
0.23175	0.437688	0.901106	0.314516	1.79646
0.23225	0.437689	0.901104	0.314517	1.79646
0.23275	0.43769	0.901102	0.314518	1.79647
0.23325	0.437691	0.901099	0.314519	1.79647
0.23375	0.437691	0.901097	0.31452	1.79647
0.23425	0.437692	0.901096	0.314521	1.79647
0.23475	0.437692	0.901095	0.314521	1.79647
0.23525	0.437692	0.901095	0.314521	1.79648
0.23575	0.437692	0.901094	0.314521	1.79648
0.23625	0.437692	0.901094	0.314521	1.79648
0.23675	0.437692	0.901094	0.314521	1.79648
0.23725	0.437691	0.901096	0.314521	1.79648
0.23775	0.437689	0.901099	0.314519	1.79648
0.23825	0.437688	0.901102	0.314518	1.79647
0.23875	0.437687	0.901103	0.314518	1.79647
0.23925	0.437687	0.901103	0.314518	1.79648
0.23975	0.437687	0.901103	0.314518	1.79648
0.24025	0.437686	0.901103	0.314517	1.79648
0.24075	0.437686	0.901104	0.314517	1.79648
0.24125	0.437685	0.901105	0.314516	1.79648
0.24175	0.437684	0.901106	0.314516	1.79648
0.24225	0.437684	0.901107	0.314515	1.79648
0.24275	0.437682	0.901109	0.314515	1.79648
0.24325	0.437681	0.901111	0.314514	1.79648
0.24375	0.43768	0.901113	0.314513	1.79648
0.24425	0.437679	0.901115	0.314512	1.79648
0.24475	0.437678	0.901117	0.314511	1.79648
0.24525	0.437677	0.901118	0.314511	1.79648
0.24575	0.437677	0.901117	0.314511	1.79648
0.24625	0.437677	0.901116	0.314512	1.79648
0.24675	0.437678	0.901115	0.314512	1.79648
0.24725	0.437678	0.901113	0.314513	1.79649
0.24775	0.437679	0.901111	0.314514	1.79649
0.24825	0.43768	0.901106	0.314516	1.79649
0.24875	0.437682	0.901102	0.314518	1.7965
0.24925	0.437682	0.9011	0.314519	1.7965
0.24975	0.437682	0.901099	0.314519	1.7965
0.25025	0.437682	0.901098	0.31452	1.79651
0.25075	0.437683	0.901095	0.314521	1.79651
0.25125	0.437775	0.900882	0.314614	1.79667
0.25175	0.447624	0.875649	0.325087	1.81562
0.25225	0.611672	0.492213	0.523796	2.14084
0.25275	0.833645	0.169914	0.808687	2.42516
0.25325	0.872252	0.110696	0.860964	2.46765
0.25375	0.875562	0.106035	0.865658	2.47172
0.25425	0.876593	0.106875	0.867187	2.47317
0.25475	0.876311	0.106486	0.866641	2.47241
0.25525	0.876542	0.10617	0.866297	2.47078
0.25575	0.876652	0.106493	0.86662	2.47139
0.25625	0.876424	0.106476	0.866606	2.47199
0.25675	0.876189	0.106315	0.86644	2.47219
0.25725	0.876177	0.106406	0.866535	2.47249
0.25775	0.876141	0.106439	0.866566	2.47268
0.25825	0.876273	0.106407	0.866527	2.4722
0.25875	0.876532	0.106434	0.866544	2.47151
0.25925	0.876547	0.106477	0.866581	2.47157
0.25975	0.876427	0.106494	0.866586	2.47193
0.26025	0.87631	0.106528	0.86662	2.47236
0.26075	0.876196	0.10657	0.866662	2.4728
0.26125	0.876186	0.106578	0.866665	2.47283
0.26175	0.876284	0.106565	0.86665	2.47251
0.26225	0.876436	0.106534	0.866616	2.47199
0.26275	0.876428	0.106499	0.866584	2.47192
0.26325	0.876332	0.106474	0.866555	2.47211
0.26375	0.876147	0.106454	0.866537	2.47258
0.26425	0.875954	0.106433	0.866522	2.47308
0.26475	0.875911	0.106418	0.866513	2.47318
0.26525	0.875945	0.106408	0.866514	2.47309
0.26575	0.875995	0.106405	0.866515	2.47295
0.26625	0.875962	0.106406	0.866519	2.47305
0.26675	0.875819	0.106413	0.866524	2.47347
0.26725	0.875518	0.106426	0.866538	2.47436
0.26775	0.875047	0.106442	0.866559	2.47575
0.26825	0.874372	0.106462	0.866589	2.47775
0.26875	0.873332	0.106487	0.86662	2.48079
0.26925	0.871602	0.106507	0.866645	2.48578
0.26975	0.869527	0.106517	0.86666	2.49176
0.27025	0.868875	0.106518	0.866664	2.49364
0.27075	0.868861	0.106511	0.866652	2.49364
0.27125	0.424361	0.106498	0.866639	3.04809
0.27175	0.424357	0.106472	0.866626	3.04807
0.27225	0.424363	0.106444	0.86661	3.04798
0.27275	0.424394	0.106417	0.866595	3.0477
0.27325	0.424467	0.106394	0.866584	3.04714
0.27375	0.424587	0.106374	0.866574	3.04624
0.27425	0.424754	0.106359	0.866564	3.04501
0.27475	0.424938	0.106349	0.866555	3.04366
0.27525	0.425066	0.106345	0.866547	3.04271
0.27575	0.425134	0.106346	0.866539	3.0422
0.27625	0.425158	0.106352	0.86653	3.04199
0.27675	0.425159	0.106362	0.86652	3.04195
0.27725	0.425151	0.106378	0.866507	3.04197
0.27775	0.425134	0.106398	0.866494	3.04204
0.27825	0.42511	0.106424	0.866482	3.04217
0.27875	0.425088	0.106456	0.866472	3.04229
0.27925	0.425072	0.106494	0.866461	3.04237
0.27975	0.425058	0.106538	0.866451	3.04243
0.28025	0.425048	0.106587	0.866439	3.04247
0.28075	0.42504	0.106638	0.866428	3.04248
0.28125	0.425035	0.106686	0.866416	3.04247
0.28175	0.425033	0.10673	0.866405	3.04245
0.28225	0.42503	0.10677	0.866392	3.04242
0.28275	0.425025	0.106807	0.866376	3.0424
0.28325	0.425017	0.10684	0.866356	3.04239
0.28375	0.425005	0.106868	0.866335	3.0424
0.28425	0.424989	0.106892	0.866309	3.04243
0.28475	0.424969	0.106913	0.866277	3.04246
0.28525	0.424953	0.106912	0.866247	3.04247
0.28575	0.424954	0.106875	0.866243	3.04245
0.28625	0.424985	0.106741	0.866314	3.04247
0.28675	0.425113	0.106225	0.866679	3.04284
0.28725	0.425563	0.104365	0.868104	3.04462
0.28775	0.426988	0.0982446	0.87289	3.05119
0.28825	0.430985	0.0809835	0.886555	3.07021
0.28875	0.439575	0.0442213	0.916266	3.1111
0.28925	0.446639	0.0145484	0.94093	3.14431
0.28975	0.449002	0.00456058	0.949251	3.15543
0.29025	0.449595	0.00208876	0.951383	3.15834
0.29075	0.449686	0.00158099	0.951769	3.15898
0.29125	0.449696	0.00151134	0.951858	3.15921
0.29175	0.449704	0.00144058	0.951909	3.15933
0.29225	0.449733	0.00130752	0.952032	3.15952
0.29275	0.449795	0.00106045	0.952257	3.15984
0.29325	0.449854	0.000822154	0.952469	3.16013
0.29375	0.449882	0.000697907	0.952586	3.16032
0.29425	0.449889	0.00062922	0.952648	3.16047
0.29475	0.449885	0.000579779	0.9527	3.16068
0.29525	0.44987	0.000524681	0.952752	3.16095
0.29575	0.449852	0.000464341	0.952821	3.16131
0.29625	0.449821	0.0004056	0.952883	3.16173
0.29675	0.44978	0.000366074	0.952935	3.1622
0.29725	0.449737	0.000331071	0.952972	3.16262
0.29775	0.449677	0.000300425	0.952999	3.16313
0.29825	0.449553	0.000257732	0.953009	3.16403
0.29875	0.449414	0.000204134	0.953004	3.165
0.29925	0.448629	0.000135437	0.952986	3.17047
0.29975	0.446904	4.48278e-05	0.95297	3.18266
0.30025	0.446904	-4.48278e-05	0.95297	3.18266
0.30075	0.448629	-0.000135437	0.952986	3.17047
0.30125	0.449414	-0.000204134	0.953004	3.165
0.30175	0.449553	-0.000257732	0.953009	3.16403
0.30225	0.449677	-0.000300425	0.952999	3.16313
0.30275	0.449737	-0.000331071	0.952972	3.16262
0.30325	0.44978	-0.000366074	0.952935	3.1622
0.30375	0.449821	-0.0004056	0.952883	3.16173
0.30425	0.449852	-0.000464341	0.952821	3.16131
0.30475	0.44987	-0.000524681	0.952752	3.16095
0.30525	0.449885	-0.000579779	0.9527	3.16068
0.30575	0.449889	-0.00062922	0.952648	3.16047
0.30625	0.449882	-0.000697907	0.952586	3.16032
0.30675	0.449854	-0.000822154	0.952469	3.16013
0.30725	0.449795	-0.00106045	0.952257	3.15984
0.30775	0.449733	-0.00130752	0.952032	3.15952
0.30825	0.449704	-0.00144058	0.951909	3.15933
0.30875	0.449696	-0.00151134	0.951858	3.15921
0.30925	0.449686	-0.00158099	0.951769	3.15898
0.30975	0.449595	-0.00208876	0.951383	3.15834
0.31025	0.449002	-0.00456058	0.949251	3.15543
0.31075	0.446639	-0.0145484	0.94093	3.14431
0.31125	0.439575	-0.0442213	0.916266	3.1111
0.31175	0.430985	-0.0809835	0.886555	3.07021
0.31225	0.426988	-0.0982446	0.87289	3.05119
0.31275	0.425563	-0.104365	0.868104	3.04462
0.31325	0.425113	-0.106225	0.866679	3.04284
0.31375	0.424985	-0.106741	0.866314	3.04247
0.31425	0.424954	-0.106875	0.866243	3.04245
0.31475	0.424953	-0.106912	0.866247	3.04247
0.31525	0.424969	-0.106913	0.866277	3.04246
0.31575	0.424989	-0.106892	0.866309	3.04243
0.31625	0.425005	-0.106868	0.866335	3.0424
0.31675	0.425017	-0.10684	0.866356	3.04239
0.31725	0.425025	-0.106807	0.866376	3.0424
0.31775	0.42503	-0.10677	0.866392	3.04242
0.31825	0.425033	-0.10673	0.866405	3.04245
0.31875	0.425035	-0.106686	0.866416	3.04247
0.31925	0.42504	-0.106638	0.866428	3.04248
0.31975	0.425048	-0.106587	0.866439	3.04247
0.32025	0.425058	-0.106538	0.866451	3.04243
0.32075	0.425072	-0.106494	0.866461	3.04237
0.32125	0.425088	-0.106456	0.866472	3.04229
0.32175	0.42511	-0.106424	0.866482	3.04217
0.32225	0.425134	-0.106398	0.866494	3.04204
0.32275	0.425151	-0.106378	0.866507	3.04197
0.32325	0.425159	-0.106362	0.86652	3.04195
0.32375	0.425158	-0.106352	0.86653	3.04199
0.32425	0.425134	-0.106346	0.866539	3.0422
0.32475	0.425066	-0.106345	0.866547	3.04271
0.32525	0.424938	-0.106349	0.866555	3.04366
0.32575	0.424754	-0.106359	0.866564	3.04501
0.32625	0.424587	-0.106374	0.866574	3.04624
0.32675	0.424467	-0.106394	0.866584	3.04714
0.32725	0.424394	-0.106417	0.866595	3.0477
0.32775	0.424363	-0.106444	0.86661	3.04798
0.32825	0.424357	-0.106472	0.866626	3.04807
0.32875	0.424361	-0.106498	0.866639	3.04809
0.32925	0.868861	-0.106511	0.866652	2.49364
0.32975	0.868875	-0.106518	0.866664	2.49364
0.33025	0.869527	-0.106517	0.86666	2.49176
0.33075	0.871602	-0.106507	0.866645	2.48578
0.33125	0.873332	-0.106487	0.86662	2.48079
0.33175	0.874372	-0.106462	0.866589	2.47775
0.33225	0.875047	-0.106442	0.866559	2.47575
0.33275	0.875518	-0.106426	0.866538	2.47436
0.33325	0.875819	-0.106413	0.866524	2.47347
0.33375	0.875962	-0.106406	0.866519	2.47305
0.33425	0.875995	-0.106405	0.866515	2.47295
0.33475	0.875945	-0.106408	0.866514	2.47309
0.33525	0.875911	-0.106418	0.866513	2.47318
0.33575	0.875954	-0.106433	0.866522	2.47308
0.33625	0.876147	-0.106454	0.866537	2.47258
0.33675	0.876332	-0.106474	0.866555	2.47211
0.33725	0.876428	-0.106499	0.866584	2.47192
0.33775	0.876436	-0.106534	0.866616	2.47199
0.33825	0.876284	-0.106565	0.86665	2.47251
0.33875	0.876186	-0.106578	0.866665	2.47283
0.33925	0.876196	-0.10657	0.866662	2.4728
0.33975	0.87631	-0.106528	0.86662	2.47236
0.34025	0.876427	-0.106494	0.866586	2.47193
0.34075	0.876547	-0.106477	0.866581	2.47157
0.34125	0.876532	-0.106434	0.866544	2.47151
0.34175	0.876273	-0.106407	0.866527	2.4722
0.34225	0.876141	-0.106439	0.866566	2.47268
0.34275	0.876177	-0.106406	0.866535	2.47249
0.34325	0.876189	-0.106315	0.86644	2.47219
0.34375	0.876424	-0.106476	0.866606	2.47199
0.34425	0.876652	-0.106493	0.86662	2.47139
0.34475	0.876542	-0.10617	0.866297	2.47078
0.34525	0.876311	-0.106486	0.866641	2.47241
0.34575	0.876593	-0.106875	0.867187	2.47317
0.34625	0.875562	-0.106035	0.865658	2.47172
0.34675	0.872252	-0.110696	0.860964	2.46765
0.34725	0.833645	-0.169914	0.808687	2.42516
0.34775	0.611672	-0.492213	0.523796	2.14084
0.34825	0.447624	-0.875649	0.325087	1.81562
0.34875	0.437775	-0.900882	0.314614	1.79667
0.34925	0.437683	-0.901095	0.314521	1.79651
0.34975	0.437682	-0.901098	0.31452	1.79651
0.35025	0.437682	-0.901099	0.314519	1.7965
0.35075	0.437682	-0.9011	0.314519	1.7965
0.35125	0.437682	-0.901102	0.314518	1.7965
0.35175	0.43768	-0.901106	0.314516	1.79649
0.35225	0.437679	-0.901111	0.314514	1.79649
0.35275	0.437678	-0.901113	0.314513	1.79649
0.35325	0.437678	-0.901115	0.314512	1.79648
0.35375	0.437677	-0.901116	0.314512	1.79648
0.35425	0.437677	-0.901117	0.314511	1.79648
0.35475	0.437677	-0.901118	0.314511	1.79648
0.35525	0.437678	-0.901117	0.314511	1.79648
0.35575	0.437679	-0.901115	0.314512	1.79648
0.35625	0.43768	-0.901113	0.314513	1.79648
0.35675	0.437681	-0.901111	0.314514	1.79648
0.35725	0.437682	-0.901109	0.314515	1.79648
0.35775	0.437684	-0.901107	0.314515	1.79648
0.35825	0.437684	-0.901106	0.314516	1.79648
0.35875	0.437685	-0.901105	0.314516	1.79648
0.35925	0.437686	-0.901104	0.314517	1.79648
0.35975	0.437686	-0.901103	0.314517	1.79648
0.36025	0.437687	-0.901103	0.314518	1.79648
0.36075	0.437687	-0.901103	0.314518	1.79648
0.36125	0.437687	-0.901103	0.314518	1.79647
0.36175	0.437688	-0.901102	0.314518	1.79647
0.36225	0.437689	-0.901099	0.314519	1.79648
0.36275	0.437691	-0.901096	0.314521	1.79648
0.36325	0.437692	-0.901094	0.314521	1.79648
0.36375	0.437692	-0.901094	0.314521	1.79648
0.36425	0.437692	-0.901094	0.314521	1.79648
0.36475	0.437692	-0.901095	0.314521	1.79648
0.36525	0.437692	-0.901095	0.314521	1.79647
0.36575	0.437692	-0.901096	0.314521	1.79647
0.36625	0.437691	-0.901097	0.31452	1.79647
0.36675	0.437691	-0.901099	0.314519	1.79647
0.36725	0.43769	-0.901102	0.314518	1.79647
0.36775	0.437689	-0.901104	0.314517	1.79646
0.36825	0.437688	-0.901106	0.314516	1.79646
0.36875	0.437687	-0.90111	0.314514	1.79646
0.36925	0.437686	-0.901112	0.314513	1.79646
0.36975	0.437685	-0.901114	0.314513	1.79646
0.37025	0.437685	-0.901116	0.314512	1.79645
0.37075	0.437684	-0.901117	0.314511	1.79645
0.37125	0.437684	-0.901118	0.314511	1.79645
0.37175	0.437684	-0.901117	0.314511	1.79645
0.37225	0.437685	-0.901116	0.314512	1.79645
0.37275	0.437686	-0.901114	0.314513	1.79645
0.37325	0.437687	-0.901112	0.314514	1.79645
0.37375	0.437688	-0.90111	0.314515	1.79645
0.37425	0.437689	-0.901108	0.314516	1.79646
0.37475	0.43769	-0.901106	0.314516	1.79646
0.37525	0.43769	-0.901105	0.314516	1.79646
0.37575	0.437691	-0.901105	0.314517	1.79646
0.37625	0.437691	-0.901104	0.314517	1.79646
0.37675	0.437691	-0.901103	0.314517	1.79646
0.37725	0.437692	-0.901103	0.314517	1.79646
0.37775	0.437692	-0.901103	0.314518	1.79646
0.37825	0.437692	-0.901103	0.314518	1.79646
0.37875	0.437693	-0.901101	0.314518	1.79646
0.37925	0.437694	-0.901099	0.314519	1.79646
0.37975	0.437695	-0.901097	0.31452	1.79646
0.38025	0.437695	-0.901096	0.314521	1.79646
0.38075	0.437695	-0.901096	0.314521	1.79646
0.38125	0.437695	-0.901096	0.314521	1.79646
0.38175	0.437695	-0.901096	0.31452	1.79646
0.38225	0.437695	-0.901097	0.31452	1.79646
0.38275	0.437695	-0.901098	0.31452	1.79646
0.38325	0.437694	-0.9011	0.314519	1.79645
0.38375	0.437693	-0.901102	0.314518	1.79645
0.38425	0.437692	-0.901104	0.314517	1.79645
0.38475	0.437691	-0.901107	0.314516	1.79645
0.38525	0.43769	-0.90111	0.314515	1.79645
0.38575	0.437689	-0.901113	0.314513	1.79644
0.38625	0.437688	-0.901115	0.314512	1.79644
0.38675	0.437687	-0.901118	0.314511	1.79644
0.38725	0.437686	-0.90112	0.31451	1.79644
0.38775	0.437686	-0.90112	0.31451	1.79644
0.38825	0.437686	-0.901121	0.31451	1.79644
0.38875	0.437686	-0.90112	0.31451	1.79644
0.38925	0.437687	-0.901118	0.314511	1.79644
0.38975	0.437688	-0.901116	0.314512	1.79644
0.39025	0.43769	-0.901112	0.314513	1.79644
0.39075	0.437691	-0.901109	0.314515	1.79644
0.39125	0.437692	-0.901107	0.314516	1.79644
0.39175	0.437693	-0.901105	0.314517	1.79645
0.39225	0.437694	-0.901103	0.314518	1.79645
0.39275	0.437695	-0.901101	0.314519	1.79645
0.39325	0.437696	-0.901099	0.314519	1.79645
0.39375	0.437697	-0.901097	0.31452	1.79645
0.39425	0.437697	-0.901096	0.314521	1.79645
0.39475	0.437698	-0.901095	0.314521	1.79645
0.39525	0.437698	-0.901093	0.314522	1.79645
0.39575	0.437699	-0.901092	0.314522	1.79645
0.39625	0.437699	-0.901091	0.314523	1.79645
0.39675	0.437699	-0.901091	0.314523	1.79645
0.39725	0.437699	-0.901092	0.314522	1.79645
0.39775	0.437699	-0.901093	0.314522	1.79645
0.39825	0.437698	-0.901094	0.314521	1.79645
0.39875	0.437697	-0.901097	0.31452	1.79645
0.39925	0.437695	-0.901102	0.314518	1.79644
0.39975	0.437691	-0.90111	0.314514	1.79644
0.40025	0.437686	-0.901122	0.314509	1.79643
0.40075	0.43768	-0.901137	0.314503	1.79642
0.40125	0.437672	-0.901156	0.314494	1.79641
0.40175	0.437662	-0.901177	0.314485	1.79639
0.40225	0.437652	-0.901202	0.314474	1.79637
0.40275	0.43764	-0.901229	0.314462	1.79635
0.40325	0.437626	-0.901261	0.314448	1.79633
0.40375	0.437608	-0.901302	0.31443	1.7963
0.40425	0.437585	-0.901355	0.314407	1.79626
0.40475	0.437572	-0.901386	0.314393	1.79624
0.40525	0.43757	-0.901388	0.314392	1.79624
0.40575	0.437578	-0.901372	0.314399	1.79625
0.40625	0.437604	-0.901311	0.314426	1.79629
0.40675	0.43767	-0.901161	0.314492	1.7964
0.40725	0.4378	-0.900862	0.314623	1.79661
0.40775	0.438029	-0.900338	0.314853	1.79699
0.40825	0.438392	-0.899507	0.315219	1.79758
0.40875	0.438922	-0.898295	0.315752	1.79845
0.40925	0.43964	-0.896653	0.316476	1.79963
0.40975	0.440555	-0.894567	0.317398	1.80113
0.41025	0.441656	-0.89206	0.318509	1.80293
0.41075	0.442923	-0.88918	0.319789	1.80499
0.41125	0.44433	-0.88599	0.321212	1.80728
0.41175	0.445849	-0.882557	0.32275	1.80975
0.41225	0.447454	-0.878937	0.324378	1.81235
0.41275	0.449125	-0.875181	0.326075	1.81506
0.41325	0.450845	-0.871326	0.327824	1.81784
0.41375	0.452601	-0.867401	0.329614	1.82067
0.41425	0.454386	-0.863425	0.331436	1.82353
0.41475	0.456193	-0.859413	0.333282	1.82643
0.41525	0.458018	-0.855375	0.33515	1.82935
0.41575	0.459857	-0.851317	0.337035	1.83228
0.41625	0.461709	-0.847245	0.338937	1.83523
0.41675	0.463572	-0.843161	0.340853	1.83819
0.41725	0.465445	-0.839069	0.342782	1.84116
0.41775	0.467327	-0.834969	0.344725	1.84413
0.41825	0.469218	-0.830863	0.34668	1.84711
0.41875	0.471118	-0.826752	0.348646	1.8501
0.41925	0.473026	-0.822636	0.350624	1.85309
0.41975	0.474942	-0.818517	0.352614	1.85609
0.42025	0.476865	-0.814394	0.354615	1.8591
0.42075	0.478797	-0.810269	0.356627	1.8621
0.42125	0.480735	-0.806141	0.358651	1.86512
0.42175	0.482681	-0.80201	0.360685	1.86813
0.42225	0.484635	-0.797878	0.36273	1.87115
0.42275	0.486595	-0.793743	0.364786	1.87418
0.42325	0.488563	-0.789607	0.366853	1.8772
0.42375	0.490538	-0.78547	0.368931	1.88024
0.42425	0.49252	-0.781331	0.371019	1.88327
0.42475	0.494509	-0.77719	0.373118	1.88631
0.42525	0.496504	-0.773049	0.375228	1.88935
0.42575	0.498507	-0.768907	0.377349	1.89239
0.42625	0.500517	-0.764763	0.37948	1.89544
0.42675	0.502534	-0.760619	0.381623	1.89849
0.42725	0.504557	-0.756474	0.383776	1.90155
0.42775	0.506588	-0.752328	0.38594	1.9046
0.42825	0.508625	-0.748181	0.388114	1.90766
0.42875	0.510669	-0.744034	0.3903	1.91073
0.42925	0.51272	-0.739886	0.392496	1.91379
0.42975	0.514778	-0.735737	0.394704	1.91686
0.43025	0.516843	-0.731588	0.396922	1.91993
0.43075	0.518915	-0.727438	0.399151	1.92301
0.43125	0.520993	-0.723289	0.401391	1.92609
0.43175	0.523079	-0.719138	0.403642	1.92917
0.43225	0.525171	-0.714987	0.405904	1.93225
0.43275	0.52727	-0.710836	0.408177	1.93533
0.43325	0.529376	-0.706685	0.410462	1.93842
0.43375	0.531489	-0.702533	0.412757	1.94151
0.43425	0.533609	-0.698381	0.415064	1.94461
0.43475	0.535736	-0.694228	0.417382	1.9477
0.43525	0.537869	-0.690076	0.419711	1.9508
0.43575	0.54001	-0.685923	0.422051	1.9539
0.43625	0.542157	-0.68177	0.424402	1.95701
0.43675	0.544312	-0.677616	0.426765	1.96011
0.43725	0.546473	-0.673463	0.429139	1.96322
0.43775	0.548641	-0.669309	0.431525	1.96634
0.43825	0.550816	-0.665155	0.433922	1.96945
0.43875	0.552999	-0.661001	0.436331	1.97257
0.43925	0.555188	-0.656847	0.438751	1.97569
0.43975	0.557384	-0.652693	0.441183	1.97881
0.44025	0.559587	-0.648539	0.443626	1.98193
0.44075	0.561797	-0.644384	0.446081	1.98506
0.44125	0.564015	-0.64023	0.448548	1.98819
0.44175	0.566239	-0.636075	0.451026	1.99132
0.44225	0.56847	-0.63192	0.453516	1.99446
0.44275	0.570708	-0.627766	0.456018	1.9976
0.44325	0.572954	-0.623611	0.458532	2.00074
0.44375	0.575206	-0.619456	0.461058	2.00388
0.44425	0.577466	-0.615301	0.463595	2.00702
0.44475	0.579733	-0.611146	0.466145	2.01017
0.44525	0.582007	-0.606991	0.468707	2.01332
0.44575	0.584288	-0.602836	0.47128	2.01647
0.44625	0.586576	-0.598681	0.473866	2.01963
0.44675	0.588871	-0.594526	0.476464	2.02279
0.44725	0.591174	-0.590371	0.479075	2.02595
0.44775	0.593483	-0.586217	0.481697	2.02911
0.44825	0.5958	-0.582062	0.484332	2.03227
0.44875	0.598124	-0.577907	0.486979	2.03544
0.44925	0.600456	-0.573752	0.489638	2.03861
0.44975	0.602794	-0.569597	0.49231	2.04178
0.45025	0.60514	-0.565442	0.494995	2.04496
0.45075	0.607493	-0.561287	0.497691	2.04813
0.45125	0.609854	-0.557132	0.500401	2.05131
0.45175	0.612222	-0.552977	0.503123	2.0545
0.45225	0.614597	-0.548823	0.505858	2.05768
0.45275	0.616979	-0.544668	0.508605	2.06087
0.45325	0.619369	-0.540513	0.511365	2.06406
0.45375	0.621766	-0.536359	0.514138	2.06725
0.45425	0.624171	-0.532204	0.516924	2.07044
0.45475	0.626583	-0.52805	0.519722	2.07364
0.45525	0.629002	-0.523895	0.522534	2.07684
0.45575	0.631429	-0.519741	0.525359	2.08004
0.45625	0.633863	-0.515587	0.528196	2.08324
0.45675	0.636305	-0.511432	0.531047	2.08645
0.45725	0.638754	-0.507278	0.533911	2.08966
0.45775	0.641211	-0.503124	0.536788	2.09287
0.45825	0.643675	-0.49897	0.539678	2.09608
0.45875	0.646146	-0.494816	0.542581	2.0993
0.45925	0.648626	-0.490662	0.545498	2.10252
0.45975	0.651112	-0.486509	0.548429	2.10574
0.46025	0.653607	-0.482355	0.551372	2.10896
0.46075	0.656109	-0.478201	0.554329	2.11218
0.46125	0.658618	-0.474048	0.5573	2.11541
0.46175	0.661136	-0.469894	0.560284	2.11864
0.46225	0.66366	-0.465741	0.563282	2.12188
0.46275	0.666193	-0.461588	0.566293	2.12511
0.46325	0.668733	-0.457435	0.569319	2.12835
0.46375	0.671281	-0.453282	0.572358	2.13159
0.46425	0.673836	-0.449129	0.57541	2.13483
0.46475	0.6764	-0.444976	0.578477	2.13807
0.46525	0.67897	-0.440823	0.581557	2.14132
0.46575	0.681549	-0.43667	0.584652	2.14457
0.46625	0.684135	-0.432517	0.58776	2.14782
0.46675	0.686729	-0.428364	0.590883	2.15108
0.46725	0.689331	-0.424211	0.594019	2.15433
0.46775	0.69194	-0.420058	0.597169	2.15759
0.46825	0.694556	-0.415903	0.600332	2.16085
0.46875	0.697179	-0.411747	0.603509	2.16411
0.46925	0.699809	-0.407589	0.606698	2.16737
0.46975	0.702444	-0.403428	0.609898	2.17063
0.47025	0.705083	-0.399261	0.613109	2.17389
0.47075	0.707726	-0.395088	0.616329	2.17714
0.47125	0.71037	-0.390904	0.619555	2.18039
0.47175	0.713015	-0.386709	0.622786	2.18364
0.47225	0.715655	-0.382495	0.626017	2.18687
0.47275	0.718282	-0.378248	0.629237	2.19008
0.47325	0.720887	-0.373956	0.632435	2.19325
0.47375	0.723462	-0.369606	0.635599	2.19638
0.47425	0.725995	-0.365183	0.638718	2.19946
0.47475	0.728477	-0.360671	0.641776	2.20246
0.47525	0.730893	-0.356051	0.644759	2.20538
0.47575	0.733231	-0.351303	0.647648	2.2082
0.47625	0.735477	-0.34641	0.650427	2.2109
0.47675	0.737618	-0.341353	0.65308	2.21348
0.47725	0.739644	-0.336119	0.655592	2.21591
0.47775	0.741546	-0.330697	0.657954	2.21818
0.47825	0.743317	-0.325078	0.660155	2.2203
0.47875	0.744956	-0.31926	0.662193	2.22226
0.47925	0.74646	-0.313244	0.664066	2.22405
0.47975	0.747833	-0.307034	0.665776	2.22568
0.48025	0.749078	-0.300638	0.667329	2.22717
0.48075	0.750203	-0.294068	0.668732	2.2285
0.48125	0.751216	-0.287338	0.669996	2.2297
0.48175	0.752126	-0.280461	0.671132	2.23078
0.48225	0.752944	-0.273454	0.672153	2.23175
0.48275	0.753678	-0.266331	0.673071	2.23262
0.48325	0.754339	-0.259108	0.673897	2.2334
0.48375	0.754934	-0.251796	0.674642	2.23411
0.48425	0.755473	-0.244409	0.675316	2.23475
0.48475	0.755961	-0.236957	0.675927	2.23532
0.48525	0.756404	-0.229446	0.676481	2.23584
0.48575	0.756808	-0.22189	0.676986	2.23632
0.48625	0.757179	-0.214295	0.677452	2.23676
0.48675	0.757522	-0.206664	0.67788	2.23717
0.48725	0.757835	-0.199003	0.678274	2.23754
0.48775	0.758123	-0.191313	0.678635	2.23788
0.48825	0.758386	-0.183598	0.678965	2.23819
0.48875	0.758628	-0.175861	0.679268	2.23848
0.48925	0.758849	-0.168105	0.679546	2.23874
0.48975	0.759052	-0.160333	0.679801	2.23898
0.49025	0.75924	-0.152548	0.680037	2.2392
0.49075	0.759414	-0.144755	0.680255	2.23941
0.49125	0.759577	-0.136956	0.68046	2.2396
0.49175	0.759731	-0.129153	0.680653	2.23978
0.49225	0.759874	-0.121346	0.680832	2.23995
0.49275	0.760006	-0.113534	0.680999	2.24011
0.49325	0.760129	-0.105718	0.681153	2.24025
0.49375	0.760242	-0.0978994	0.681294	2.24039
0.49425	0.760345	-0.0900771	0.681424	2.24051
0.49475	0.760439	-0.0822523	0.681542	2.24062
0.49525	0.760524	-0.0744251	0.681648	2.24072
0.49575	0.7606	-0.0665959	0.681744	2.24081
0.49625	0.760668	-0.058765	0.681828	2.24089
0.49675	0.760726	-0.0509326	0.681902	2.24096
0.49725	0.760776	-0.043099	0.681964	2.24101
0.49775	0.760818	-0.0352644	0.682016	2.24106
0.49825	0.760851	-0.0274289	0.682058	2.2411
0.49875	0.760876	-0.0195929	0.682089	2.24113
0.49925	0.760893	-0.0117564	0.68211	2.24115
0.49975	0.760901	-0.00391978	0.68212	2.24116
0.50025	0.760901	0.00391978	0.68212	2.24116
0.50075	0.760893	0.0117564	0.68211	2.24115
0.50125	0.760876	0.0195929	0.682089	2.24113
0.50175	0.760851	0.0274289	0.682058	2.2411
0.50225	0.760818	0.0352644	0.682016	2.24106
0.50275	0.760776	0.043099	0.681964	2.24101
0.50325	0.760726	0.0509326	0.681902	2.24096
0.50375	0.760668	0.058765	0.681828	2.24089
0.50425	0.7606	0.0665959	0.681744	2.24081
0.50475	0.760524	0.0744251	0.681648	2.24072
0.50525	0.760439	0.0822523	0.681542	2.24062
0.50575	0.760345	0.0900771	0.681424	2.24051
0.50625	0.760242	0.0978994	0.681294	2.24039
0.50675	0.760129	0.105718	0.681153	2.24025
0.50725	0.760006	0.113534	0.680999	2.24011
0.50775	0.759874	0.121346	0.680832	2.23995
0.50825	0.759731	0.129153	0.680653	2.23978
0.50875	0.759577	0.136956	0.68046	2.2396
0.50925	0.759414	0.144755	0.680255	2.23941
0.50975	0.75924	0.152548	0.680037	2.2392
0.51025	0.759052	0.160333	0.679801	2.23898
0.51075	0.758849	0.168105	0.679546	2.23874
0.51125	0.758628	0.175861	0.679268	2.23848
0.51175	0.758386	0.183598	0.678965	2.23819
0.51225	0.758123	0.191313	0.678635	2.23788
0.51275	0.757835	0.199003	0.678274	2.23754
0.51325	0.757522	0.206664	0.67788	2.23717
0.51375	0.757179	0.214295	0.677452	2.23676
0.51425	0.756808	0.22189	0.676986	2.23632
0.51475	0.756404	0.229446	0.676481	2.23584
0.51525	0.755961	0.236957	0.675927	2.23532
0.51575	0.755473	0.244409	0.675316	2.23475
0.51625	0.754934	0.251796	0.674642	2.23411
0.51675	0.754339	0.259108	0.673897	2.2334
0.51725	0.753678	0.266331	0.673071	2.23262
0.51775	0.752944	0.273454	0.672153	2.23175
0.51825	0.752126	0.280461	0.671132	2.23078
0.51875	0.751216	0.287338	0.669996	2.2297
0.51925	0.750203	0.294068	0.668732	2.2285
0.51975	0.749078	0.300638	0.667329	2.22717
0.52025	0.747833	0.307034	0.665776	2.22568
0.52075	0.74646	0.313244	0.664066	2.22405
0.52125	0.744956	0.31926	0.662193	2.22226
0.52175	0.743317	0.325078	0.660155	2.2203
0.52225	0.741546	0.330697	0.657954	2.21818
0.52275	0.739644	0.336119	0.655592	2.21591
0.52325	0.737618	0.341353	0.65308	2.21348
0.52375	0.735477	0.34641	0.650427	2.2109
0.52425	0.733231	0.351303	0.647648	2.2082
0.52475	0.730893	0.356051	0.644759	2.20538
0.52525	0.728477	0.360671	0.641776	2.20246
0.52575	0.725995	0.365183	0.638718	2.19946
0.52625	0.723462	0.369606	0.635599	2.19638
0.52675	0.720887	0.373956	0.632435	2.19325
0.52725	0.718282	0.378248	0.629237	2.19008
0.52775	0.715655	0.382495	0.626017	2.18687
0.52825	0.713015	0.386709	0.622786	2.18364
0.52875	0.71037	0.390904	0.619555	2.18039
0.52925	0.707726	0.395088	0.616329	2.17714
0.52975	0.705083	0.399261	0.613109	2.17389
0.53025	0.702444	0.403428	0.609898	2.17063
0.53075	0.699809	0.407589	0.606698	2.16737
0.53125	0.697179	0.411747	0.603509	2.16411
0.53175	0.694556	0.415903	0.600332	2.16085
0.53225	0.69194	0.420058	0.597169	2.15759
0.53275	0.689331	0.424211	0.594019	2.15433
0.53325	0.686729	0.428364	0.590883	2.15108
0.53375	0.684135	0.432517	0.58776	2.14782
0.53425	0.681549	0.43667	0.584652	2.14457
0.53475	0.67897	0.440823	0.581557	2.14132
0.53525	0.6764	0.444976	0.578477	2.13807
0.53575	0.673836	0.449129	0.57541	2.13483
0.53625	0.671281	0.453282	0.572358	2.13159
0.53675	0.668733	0.457435	0.569319	2.12835
0.53725	0.666193	0.461588	0.566293	2.12511
0.53775	0.66366	0.465741	0.563282	2.12188
0.53825	0.661136	0.469894	0.560284	2.11864
0.53875	0.658618	0.474048	0.5573	2.11541
0.53925	0.656109	0.478201	0.554329	2.11218
0.53975	0.653607	0.482355	0.551372	2.10896
0.54025	0.651112	0.486509	0.548429	2.10574
0.54075	0.648626	0.490662	0.545498	2.10252
0.54125	0.646146	0.494816	0.542581	2.0993
0.54175	0.643675	0.49897	0.539678	2.09608
0.54225	0.641211	0.503124	0.536788	2.09287
0.54275	0.638754	0.507278	0.533911	2.08966
0.54325	0.636305	0.511432	0.531047	2.08645
0.54375	0.633863	0.515587	0.528196	2.08324
0.54425	0.631429	0.519741	0.525359	2.08004
0.54475	0.629002	0.523895	0.522534	2.07684
0.54525	0.626583	0.52805	0.519722	2.07364
0.54575	0.624171	0.532204	0.516924	2.07044
0.54625	0.621766	0.536359	0.514138	2.06725
0.54675	0.619369	0.540513	0.511365	2.06406
0.54725	0.616979	0.544668	0.508605	2.06087
0.54775	0.614597	0.548823	0.505858	2.05768
0.54825	0.612222	0.552977	0.503123	2.0545
0.54875	0.609854	0.557132	0.500401	2.05131
0.54925	0.607493	0.561287	0.497691	2.04813
0.54975	0.60514	0.565442	0.494995	2.04496
0.55025	0.602794	0.569597	0.49231	2.04178
0.55075	0.600456	0.573752	0.489638	2.03861
0.55125	0.598124	0.577907	0.486979	2.03544
0.55175	0.5958	0.582062	0.484332	2.03227
0.55225	0.593483	0.586217	0.481697	2.02911
0.55275	0.591174	0.590371	0.479075	2.02595
0.55325	0.588871	0.594526	0.476464	2.02279
0.55375	0.586576	0.598681	0.473866	2.01963
0.55425	0.584288	0.602836	0.47128	2.01647
0.55475	0.582007	0.606991	0.468707	2.01332
0.55525	0.579733	0.611146	0.466145	2.01017
0.55575	0.577466	0.615301	0.463595	2.00702
0.55625	0.575206	0.619456	0.461058	2.00388
0.55675	0.572954	0.623611	0.458532	2.00074
0.55725	0.570708	0.627766	0.456018	1.9976
0.55775	0.56847	0.63192	0.453516	1.99446
0.55825	0.566239	0.636075	0.451026	1.99132
0.55875	0.564015	0.64023	0.448548	1.98819
0.55925	0.561797	0.644384	0.446081	1.98506
0.55975	0.559587	0.648539	0.443626	1.98193
0.56025	0.557384	0.652693	0.441183	1.97881
0.56075	0.555188	0.656847	0.438751	1.97569
0.56125	0.552999	0.661001	0.436331	1.97257
0.56175	0.550816	0.665155	0.433922	1.96945
0.56225	0.548641	0.669309	0.431525	1.96634
0.56275	0.546473	0.673463	0.429139	1.96322
0.56325	0.544312	0.677616	0.426765	1.96011
0.56375	0.542157	0.68177	0.424402	1.95701
0.56425	0.54001	0.685923	0.422051	1.9539
0.56475	0.537869	0.690076	0.419711	1.9508
0.56525	0.535736	0.694228	0.417382	1.9477
0.56575	0.533609	0.698381	0.415064	1.94461
0.56625	0.531489	0.702533	0.412757	1.94151
0.56675	0.529376	0.706685	0.410462	1.93842
0.56725	0.52727	0.710836	0.408177	1.93533
0.56775	0.525171	0.714987	0.405904	1.93225
0.56825	0.523079	0.719138	0.403642	1.92917
0.56875	0.520993	0.723289	0.401391	1.92609
0.56925	0.518915	0.727438	0.399151	1.92301
0.56975	0.516843	0.731588	0.396922	1.91993
0.57025	0.514778	0.735737	0.394704	1.91686
0.57075	0.51272	0.739886	0.392496	1.91379
0.57125	0.510669	0.744034	0.3903	1.91073
0.57175	0.508625	0.748181	0.388114	1.90766
0.57225	0.506588	0.752328	0.38594	1.9046
0.57275	0.504557	0.756474	0.383776	1.90155
0.57325	0.502534	0.760619	0.381623	1.89849
0.57375	0.500517	0.764763	0.37948	1.89544
0.57425	0.498507	0.768907	0.377349	1.89239
0.57475	0.496504	0.773049	0.375228	1.88935
0.57525	0.494509	0.77719	0.373118	1.88631
0.57575	0.49252	0.781331	0.371019	1.88327
0.57625	0.490538	0.78547	0.368931	1.88024
0.57675	0.488563	0.789607	0.366853	1.8772
0.57725	0.486595	0.793743	0.364786	1.87418
0.57775	0.484635	0.797878	0.36273	1.87115
0.57825	0.482681	0.80201	0.360685	1.86813
0.57875	0.480735	0.806141	0.358651	1.86512
0.57925	0.478797	0.810269	0.356627	1.8621
0.57975	0.476865	0.814394	0.354615	1.8591
0.58025	0.474942	0.818517	0.352614	1.85609
0.58075	0.473026	0.822636	0.350624	1.85309
0.58125	0.471118	0.826752	0.348646	1.8501
0.58175	0.469218	0.830863	0.34668	1.84711
0.58225	0.467327	0.834969	0.344725	1.84413
0.58275	0.465445	0.839069	0.342782	1.84116
0.58325	0.463572	0.843161	0.340853	1.83819
0.58375	0.461709	0.847245	0.338937	1.83523
0.58425	0.459857	0.851317	0.337035	1.83228
0.58475	0.458018	0.855375	0.33515	1.82935
0.58525	0.456193	0.859413	0.333282	1.82643
0.58575	0.454386	0.863425	0.331436	1.82353
0.58625	0.452601	0.867401	0.329614	1.82067
0.58675	0.450845	0.871326	0.327824	1.81784
0.58725	0.449125	0.875181	0.326075	1.81506
0.58775	0.447454	0.878937	0.324378	1.81235
0.58825	0.445849	0.882557	0.32275	1.80975
0.58875	0.44433	0.88599	0.321212	1.80728
0.58925	0.442923	0.88918	0.319789	1.80499
0.58975	0.441656	0.89206	0.318509	1.80293
0.59025	0.440555	0.894567	0.317398	1.80113
0.59075	0.43964	0.896653	0.316476	1.79963
0.59125	0.438922	0.898295	0.315752	1.79845
0.59175	0.438392	0.899507	0.315219	1.79758
0.59225	0.438029	0.900338	0.314853	1.79699
0.59275	0.4378	0.900862	0.314623	1.79661
0.59325	0.43767	0.901161	0.314492	1.7964
0.59375	0.437604	0.901311	0.314426	1.79629
0.59425	0.437578	0.901372	0.314399	1.79625
0.59475	0.43757	0.901388	0.314392	1.79624
0.59525	0.437572	0.901386	0.314393	1.79624
0.59575	0.437585	0.901355	0.314407	1.79626
0.59625	0.437608	0.901302	0.31443	1.7963
0.59675	0.437626	0.901261	0.314448	1.79633
0.59725	0.43764	0.901229	0.314462	1.79635
0.59775	0.437652	0.901202	0.314474	1.79637
0.59825	0.437662	0.901177	0.314485	1.79639
0.59875	0.437672	0.901156	0.314494	1.79641
0.59925	0.43768	0.901137	0.314503	1.79642
0.59975	0.437686	0.901122	0.314509	1.79643
0.60025	0.437691	0.90111	0.314514	1.79644
0.60075	0.437695	0.901102	0.314518	1.79644
0.60125	0.437697	0.901097	0.31452	1.79645
0.60175	0.437698	0.901094	0.314521	1.79645
0.60225	0.437699	0.901093	0.314522	1.79645
0.60275	0.437699	0.901092	0.314522	1.79645
0.60325	0.437699	0.901091	0.314523	1.79645
0.60375	0.437699	0.901091	0.314523	1.79645
0.60425	0.437699	0.901092	0.314522	1.79645
0.60475	0.437698	0.901093	0.314522	1.79645
0.60525	0.437698	0.901095	0.314521	1.79645
0.60575	0.437697	0.901096	0.314521	1.79645
0.60625	0.437697	0.901097	0.31452	1.79645
0.60675	0.437696	0.901099	0.314519	1.79645
0.60725	0.437695	0.901101	0.314519	1.79645
0.60775	0.437694	0.901103	0.314518	1.79645
0.60825	0.437693	0.901105	0.314517	1.79645
0.60875	0.437692	0.901107	0.314516	1.79644
0.60925	0.437691	0.901109	0.314515	1.79644
0.60975	0.43769	0.901112	0.314513	1.79644
0.61025	0.437688	0.901116	0.314512	1.79644
0.61075	0.437687	0.901118	0.314511	1.79644
0.61125	0.437686	0.90112	0.31451	1.79644
0.61175	0.437686	0.901121	0.31451	1.79644
0.61225	0.437686	0.90112	0.31451	1.79644
0.61275	0.437686	0.90112	0.31451	1.79644
0.61325	0.437687	0.901118	0.314511	1.79644
0.61375	0.437688	0.901115	0.314512	1.79644
0.61425	0.437689	0.901113	0.314513	1.79644
0.61475	0.43769	0.90111	0.314515	1.79645
0.61525	0.437691	0.901107	0.314516	1.79645
0.61575	0.437692	0.901104	0.314517	1.79645
0.61625	0.437693	0.901102	0.314518	1.79645
0.61675	0.437694	0.9011	0.314519	1.79645
0.61725	0.437695	0.901098	0.31452	1.79646
0.61775	0.437695	0.901097	0.31452	1.79646
0.61825	0.437695	0.901096	0.31452	1.79646
0.61875	0.437695	0.901096	0.314521	1.79646
0.61925	0.437695	0.901096	0.314521	1.79646
0.61975	0.437695	0.901096	0.314521	1.79646
0.62025	0.437695	0.901097	0.31452	1.79646
0.62075	0.437694	0.901099	0.314519	1.79646
0.62125	0.437693	0.901101	0.314518	1.79646
0.62175	0.437692	0.901103	0.314518	1.79646
0.62225	0.437692	0.901103	0.314518	1.79646
0.62275	0.437692	0.901103	0.314517	1.79646
0.62325	0.437691	0.901103	0.314517	1.79646
0.62375	0.437691	0.901104	0.314517	1.79646
0.62425	0.437691	0.901105	0.314517	1.79646
0.62475	0.43769	0.901105	0.314516	1.79646
0.62525	0.43769	0.901106	0.314516	1.79646
0.62575	0.437689	0.901108	0.314516	1.79646
0.62625	0.437688	0.90111	0.314515	1.79645
0.62675	0.437687	0.901112	0.314514	1.79645
0.62725	0.437686	0.901114	0.314513	1.79645
0.62775	0.437685	0.901116	0.314512	1.79645
0.62825	0.437684	0.901117	0.314511	1.79645
0.62875	0.437684	0.901118	0.314511	1.79645
0.62925	0.437684	0.901117	0.314511	1.79645
0.62975	0.437685	0.901116	0.314512	1.79645
0.63025	0.437685	0.901114	0.314513	1.79646
0.63075	0.437686	0.901112	0.314513	1.79646
0.63125	0.437687	0.90111	0.314514	1.79646
0.63175	0.437688	0.901106	0.314516	1.79646
0.63225	0.437689	0.901104	0.314517	1.79646
0.63275	0.43769	0.901102	0.314518	1.79647
0.63325	0.437691	0.901099	0.314519	1.79647
0.63375	0.437691	0.901097	0.31452	1.79647
0.63425	0.437692	0.901096	0.314521	1.79647
0.63475	0.437692	0.901095	0.314521	1.79647
0.63525	0.437692	0.901095	0.314521	1.79648
0.63575	0.437692	0.901094	0.314521	1.79648
0.63625	0.437692	0.901094	0.314521	1.79648
0.63675	0.437692	0.901094	0.314521	1.79648
0.63725	0.437691	0.901096	0.314521	1.79648
0.63775	0.437689	0.901099	0.314519	1.79648
0.63825	0.437688	0.901102	0.314518	1.79647
0.63875	0.437687	0.901103	0.314518	1.79647
0.63925	0.437687	0.901103	0.314518	1.79648
0.63975	0.437687	0.901103	0.314518	1.79648
0.64025	0.437686	0.901103	0.314517	1.79648
0.64075	0.437686	0.901104	0.314517	1.79648
0.64125	0.437685	0.901105	0.314516	1.79648
0.64175	0.437684	0.901106	0.314516	1.79648
0.64225	0.437684	0.901107	0.314515	1.79648
0.64275	0.437682	0.901109	0.314515	1.79648
0.64325	0.437681	0.901111	0.314514	1.79648
0.64375	0.43768	0.901113	0.314513	1.79648
0.64425	0.437679	0.901115	0.314512	1.79648
0.64475	0.437678	0.901117	0.314511	1.79648
0.64525	0.437677	0.901118	0.314511	1.79648
0.64575	0.437677	0.901117	0.314511	1.79648
0.64625	0.437677	0.901116	0.314512	1.79648
0.64675	0.437678	0.901115	0.314512	1.79648
0.64725	0.437678	0.901113	0.314513	1.79649
0.64775	0.437679	0.901111	0.314514	1.79649
0.64825	0.43768	0.901106	0.314516	1.79649
0.64875	0.437682	0.901102	0.314518	1.7965
0.64925	0.437682	0.9011	0.314519	1.7965
0.64975	0.437682	0.901099	0.314519	1.7965
0.65025	0.437682	0.901098	0.31452	1.79651
0.65075	0.437683	0.901095	0.314521	1.79651
0.65125	0.437775	0.900882	0.314614	1.79667
0.65175	0.447624	0.875649	0.325087	1.81562
0.65225	0.611672	0.492213	0.523796	2.14084
0.65275	0.833645	0.169914	0.808687	2.42516
0.65325	0.872252	0.110696	0.860964	2.46765
0.65375	0.875562	0.106035	0.865658	2.47172
0.65425	0.876593	0.106875	0.867187	2.47317
0.65475	0.876311	0.106486	0.866641	2.47241
0.65525	0.876542	0.10617	0.866297	2.47078
0.65575	0.876652	0.106493	0.86662	2.47139
0.65625	0.876424	0.106476	0.866606	2.47199
0.65675	0.876189	0.106315	0.86644	2.47219
0.65725	0.876177	0.106406	0.866535	2.47249
0.65775	0.876141	0.106439	0.866566	2.47268
0.65825	0.876273	0.106407	0.866527	2.4722
0.65875	0.876532	0.106434	0.866544	2.47151
0.65925	0.876547	0.106477	0.866581	2.47157
0.65975	0.876427	0.106494	0.866586	2.47193
0.66025	0.87631	0.106528	0.86662	2.47236
0.66075	0.876196	0.10657	0.866662	2.4728
0.66125	0.876186	0.106578	0.866665	2.47283
0.66175	0.876284	0.106565	0.86665	2.47251
0.66225	0.876436	0.106534	0.866616	2.47199
0.66275	0.876428	0.106499	0.866584	2.47192
0.66325	0.876332	0.106474	0.866555	2.47211
0.66375	0.876147	0.106454	0.866537	2.47258
0.66425	0.875954	0.106433	0.866522	2.47308
0.66475	0.875911	0.106418	0.866513	2.47318
0.66525	0.875945	0.106408	0.866514	2.47309
0.66575	0.875995	0.106405	0.866515	2.47295
0.66625	0.875962	0.106406	0.866519	2.47305
0.66675	0.875819	0.106413	0.866524	2.47347
0.66725	0.875518	0.106426	0.866538	2.47436
0.66775	0.875047	0.106442	0.866559	2.47575
0.66825	0.874372	0.106462	0.866589	2.47775
0.66875	0.873332	0.106487	0.86662	2.48079
0.66925	0.871602	0.106507	0.866645	2.48578
0.66975	0.869527	0.106517	0.86666	2.49176
0.67025	0.868875	0.106518	0.866664	2.49364
0.67075	0.868861	0.106511	0.866652	2.49364
0.67125	0.424361	0.106498	0.866639	3.04809
0.67175	0.424357	0.106472	0.866626	3.04807
0.67225	0.424363	0.106444	0.86661	3.04798
0.67275	0.424394	0.106417	0.866595	3.0477
0.67325	0.424467	0.106394	0.866584	3.04714
0.67375	0.424587	0.106374	0.866574	3.04624
0.67425	0.424754	0.106359	0.866564	3.04501
0.67475	0.424938	0.106349	0.866555	3.04366
0.67525	0.425066	0.106345	0.866547	3.04271
0.67575	0.425134	0.106346	0.866539	3.0422
0.67625	0.425158	0.106352	0.86653	3.04199
0.67675	0.425159	0.106362	0.86652	3.04195
0.67725	0.425151	0.106378	0.866507	3.04197
0.67775	0.425134	0.106398	0.866494	3.04204
0.67825	0.42511	0.106424	0.866482	3.04217
0.67875	0.425088	0.106456	0.866472	3.04229
0.67925	0.425072	0.106494	0.866461	3.04237
0.67975	0.425058	0.106538	0.866451	3.04243
0.68025	0.425048	0.106587	0.866439	3.04247
0.68075	0.42504	0.106638	0.866428	3.04248
0.68125	0.425035	0.106686	0.866416	3.04247
0.68175	0.425033	0.10673	0.866405	3.04245
0.68225	0.42503	0.10677	0.866392	3.04242
0.68275	0.425025	0.106807	0.866376	3.0424
0.68325	0.425017	0.10684	0.866356	3.04239
0.68375	0.425005	0.106868	0.866335	3.0424
0.68425	0.424989	0.106892	0.866309	3.04243
0.68475	0.424969	0.106913	0.866277	3.04246
0.68525	0.424953	0.106912	0.866247	3.04247
0.68575	0.424954	0.106875	0.866243	3.04245
0.68625	0.424985	0.106741	0.866314	3.04247
0.68675	0.425113	0.106225	0.866679	3.04284
0.68725	0.425563	0.104365	0.868104	3.04462
0.68775	0.426988	0.0982446	0.87289	3.05119
0.68825	0.430985	0.0809835	0.886555	3.07021
0.68875	0.439575	0.0442213	0.916266	3.1111
0.68925	0.446639	0.0145484	0.94093	3.14431
0.68975	0.449002	0.00456058	0.949251	3.15543
0.69025	0.449595	0.00208876	0.951383	3.15834
0.69075	0.449686	0.00158099	0.951769	3.15898
0.69125	0.449696	0.00151134	0.951858	3.15921
0.69175	0.449704	0.00144058	0.951909	3.15933
0.69225	0.449733	0.00130752	0.952032	3.15952
0.69275	0.449795	0.00106045	0.952257	3.15984
0.69325	0.449854	0.000822154	0.952469	3.16013
0.69375	0.449882	0.000697907	0.952586	3.16032
0.69425	0.449889	0.00062922	0.952648	3.16047
0.69475	0.449885	0.000579779	0.9527	3.16068
0.69525	0.44987	0.000524681	0.952752	3.16095
0.69575	0.449852	0.000464341	0.952821	3.16131
0.69625	0.449821	0.0004056	0.952883	3.16173
0.69675	0.44978	0.000366074	0.952935	3.1622
0.69725	0.449737	0.000331071	0.952972	3.16262
0.69775	0.449677	0.000300425	0.952999	3.16313
0.69825	0.449553	0.000257732	0.953009	3.16403
0.69875	0.449414	0.000204134	0.953004	3.165
0.69925	0.448629	0.000135437	0.952986	3.17047
0.69975	0.446904	4.48278e-05	0.95297	3.18266
0.70025	0.446904	-4.48278e-05	0.95297	3.18266
0.70075	0.448629	-0.000135437	0.952986	3.17047
0.70125	0.449414	-0.000204134	0.953004	3.165
0.70175	0.449553	-0.000257732	0.953009	3.16403
0.70225	0.449677	-0.000300425	0.952999	3.16313
0.70275	0.449737	-0.000331071	0.952972	3.16262
0.70325	0.44978	-0.000366074	0.952935	3.1622
0.70375	0.449821	-0.0004056	0.952883	3.16173
0.70425	0.449852	-0.000464341	0.952821	3.16131
0.70475	0.44987	-0.000524681	0.952752	3.16095
0.70525	0.449885	-0.000579779	0.9527	3.16068
0.70575	0.449889	-0.00062922	0.952648	3.16047
0.70625	0.449882	-0.000697907	0.952586	3.16032
0.70675	0.449854	-0.000822154	0.952469	3.16013
0.70725	0.449795	-0.00106045	0.952257	3.15984
0.70775	0.449733	-0.00130752	0.952032	3.15952
0.70825	0.449704	-0.00144058	0.951909	3.15933
0.70875	0.449696	-0.00151134	0.951858	3.15921
0.70925	0.449686	-0.00158099	0.951769	3.15898
0.70975	0.449595	-0.00208876	0.951383	3.15834
0.71025	0.449002	-0.00456058	0.949251	3.15543
0.71075	0.446639	-0.0145484	0.94093	3.14431
0.71125	0.439575	-0.0442213	0.916266	3.1111
0.71175	0.430985	-0.0809835	0.886555	3.07021
0.71225	0.426988	-0.0982446	0.87289	3.05119
0.71275	0.425563	-0.104365	0.868104	3.04462
0.71325	0.425113	-0.106225	0.866679	3.04284
0.71375	0.424985	-0.106741	0.866314	3.04247
0.71425	0.424954	-0.106875	0.866243	3.04245
0.71475	0.424953	-0.106912	0.866247	3.04247
0.71525	0.424969	-0.106913	0.866277	3.04246
0.71575	0.424989	-0.106892	0.866309	3.04243
0.71625	0.425005	-0.106868	0.866335	3.0424
0.71675	0.425017	-0.10684	0.866356	3.04239
0.71725	0.425025	-0.106807	0.866376	3.0424
0.71775	0.42503	-0.10677	0.866392	3.04242
0.71825	0.425033	-0.10673	0.866405	3.04245
0.71875	0.425035	-0.106686	0.866416	3.04247
0.71925	0.42504	-0.106638	0.866428	3.04248
0.71975	0.425048	-0.106587	0.866439	3.04247
0.72025	0.425058	-0.106538	0.866451	3.04243
0.72075	0.425072	-0.106494	0.866461	3.04237
0.72125	0.425088	-0.106456	0.866472	3.04229
0.72175	0.42511	-0.106424	0.866482	3.04217
0.72225	0.425134	-0.106398	0.866494	3.04204
0.72275	0.425151	-0.106378	0.866507	3.04197
0.72325	0.425159	-0.106362	0.86652	3.04195
0.72375	0.425158	-0.106352	0.86653	3.04199
0.72425	0.425134	-0.106346	0.866539	3.0422
0.72475	0.425066	-0.106345	0.866547	3.04271
0.72525	0.424938	-0.106349	0.866555	3.04366
0.72575	0.424754	-0.106359	0.866564	3.04501
0.72625	0.424587	-0.106374	0.866574	3.04624
0.72675	0.424467	-0.106394	0.866584	3.04714
0.72725	0.424394	-0.106417	0.866595	3.0477
0.72775	0.424363	-0.106444	0.86661	3.04798
0.72825	0.424357	-0.106472	0.866626	3.04807
0.72875	0.424361	-0.106498	0.866639	3.04809
0.72925	0.868861	-0.106511	0.866652	2.49364
0.72975	0.868875	-0.106518	0.866664	2.49364
0.73025	0.869527	-0.106517	0.86666	2.49176
0.73075	0.871602	-0.106507	0.866645	2.48578
0.73125	0.873332	-0.106487	0.86662	2.48079
0.73175	0.874372	-0.106462	0.866589	2.47775
0.73225	0.875047	-0.106442	0.866559	2.47575
0.73275	0.875518	-0.106426	0.866538	2.47436
0.73325	0.875819	-0.106413	0.866524	2.47347
0.73375	0.875962	-0.106406	0.866519	2.47305
0.73425	0.875995	-0.106405	0.866515	2.47295
0.73475	0.875945	-0.106408	0.866514	2.47309
0.73525	0.875911	-0.106418	0.866513	2.47318
0.73575	0.875954	-0.106433	0.866522	2.47308
0.73625	0.876147	-0.106454	0.866537	2.47258
0.73675	0.876332	-0.106474	0.866555	2.47211
0.73725	0.876428	-0.106499	0.866584	2.47192
0.73775	0.876436	-0.106534	0.866616	2.47199
0.73825	0.876284	-0.106565	0.86665	2.47251
0.73875	0.876186	-0.106578	0.866665	2.47283
0.73925	0.876196	-0.10657	0.866662	2.4728
0.73975	0.87631	-0.106528	0.86662	2.47236
0.74025	0.876427	-0.106494	0.866586	2.47193
0.74075	0.876547	-0.106477	0.866581	2.47157
0.74125	0.876532	-0.106434	0.866544	2.47151
0.74175	0.876273	-0.106407	0.866527	2.4722
0.74225	0.876141	-0.106439	0.866566	2.47268
0.74275	0.876177	-0.106406	0.866535	2.47249
0.74325	0.876189	-0.106315	0.86644	2.47219
0.74375	0.876424	-0.106476	0.866606	2.47199
0.74425	0.876652	-0.106493	0.86662	2.47139
0.74475	0.876542	-0.10617	0.866297	2.47078
0.74525	0.876311	-0.106486	0.866641	2.47241
0.74575	0.876593	-0.106875	0.867187	2.47317
0.74625	0.875562	-0.106035	0.865658	2.47172
0.74675	0.872252	-0.110696	0.860964	2.46765
0.74725	0.833645	-0.169914	0.808687	2.42516
0.74775	0.611672	-0.492213	0.523796	2.14084
0.74825	0.447624	-0.875649	0.325087	1.81562
0.74875	0.437775	-0.900882	0.314614	1.79667
0.74925	0.437683	-0.901095	0.314521	1.79651
0.74975	0.437682	-0.901098	0.31452	1.79651
0.75025	0.437682	-0.901099	0.314519	1.7965
0.75075	0.437682	-0.9011	0.314519	1.7965
0.75125	0.437682	-0.901102	0.314518	1.7965
0.75175	0.43768	-0.901106	0.314516	1.79649
0.75225	0.437679	-0.901111	0.314514	1.79649
0.75275	0.437678	-0.901113	0.314513	1.79649
0.75325	0.437678	-0.901115	0.314512	1.79648
0.75375	0.437677	-0.901116	0.314512	1.79648
0.75425	0.437677	-0.901117	0.314511	1.79648
0.75475	0.437677	-0.901118	0.314511	1.79648
0.75525	0.437678	-0.901117	0.314511	1.79648
0.75575	0.437679	-0.901115	0.314512	1.79648
0.75625	0.43768	-0.901113	0.314513	1.79648
0.75675	0.437681	-0.901111	0.314514	1.79648
0.75725	0.437682	-0.901109	0.314515	1.79648
0.75775	0.437684	-0.901107	0.314515	1.79648
0.75825	0.437684	-0.901106	0.314516	1.79648
0.75875	0.437685	-0.901105	0.314516	1.79648
0.75925	0.437686	-0.901104	0.314517	1.79648
0.75975	0.437686	-0.901103	0.314517	1.79648
0.76025	0.437687	-0.901103	0.314518	1.79648
0.76075	0.437687	-0.901103	0.314518	1.79648
0.76125	0.437687	-0.901103	0.314518	1.79647
0.76175	0.437688	-0.901102	0.314518	1.79647
0.76225	0.437689	-0.901099	0.314519	1.79648
0.76275	0.437691	-0.901096	0.314521	1.79648
0.76325	0.437692	-0.901094	0.314521	1.79648
0.76375	0.437692	-0.901094	0.314521	1.79648
0.76425	0.437692	-0.901094	0.314521	1.79648
0.76475	0.437692	-0.901095	0.314521	1.79648
0.76525	0.437692	-0.901095	0.314521	1.79647
0.76575	0.437692	-0.901096	0.314521	1.79647
0.76625	0.437691	-0.901097	0.31452	1.79647
0.76675	0.437691	-0.901099	0.314519	1.79647
0.76725	0.43769	-0.901102	0.314518	1.79647
0.76775	0.437689	-0.901104	0.314517	1.79646
0.76825	0.437688	-0.901106	0.314516	1.79646
0.76875	0.437687	-0.90111	0.314514	1.79646
0.76925	0.437686	-0.901112	0.314513	1.79646
0.76975	0.437685	-0.901114	0.314513	1.79646
0.77025	0.437685	-0.901116	0.314512	1.79645
0.77075	0.437684	-0.901117	0.314511	1.79645
0.77125	0.437684	-0.901118	0.314511	1.79645
0.77175	0.437684	-0.901117	0.314511	1.79645
0.77225	0.437685	-0.901116	0.314512	1.79645
0.77275	0.437686	-0.901114	0.314513	1.79645
0.77325	0.437687	-0.901112	0.314514	1.79645
0.77375	0.437688	-0.90111	0.314515	1.79645
0.77425	0.437689	-0.901108	0.314516	1.79646
0.77475	0.43769	-0.901106	0.314516	1.79646
0.77525	0.43769	-0.901105	0.314516	1.79646
0.77575	0.437691	-0.901105	0.314517	1.79646
0.77625	0.437691	-0.901104	0.314517	1.79646
0.77675	0.437691	-0.901103	0.314517	1.79646
0.77725	0.437692	-0.901103	0.314517	1.79646
0.77775	0.437692	-0.901103	0.314518	1.79646
0.77825	0.437692	-0.901103	0.314518	1.79646
0.77875	0.437693	-0.901101	0.314518	1.79646
0.77925	0.437694	-0.901099	0.314519	1.79646
0.77975	0.437695	-0.901097	0.31452	1.79646
0.78025	0.437695	-0.901096	0.314521	1.79646
0.78075	0.437695	-0.901096	0.314521	1.79646
0.78125	0.437695	-0.901096	0.314521	1.79646
0.78175	0.437695	-0.901096	0.31452	1.79646
0.78225	0.437695	-0.901097	0.31452	1.79646
0.78275	0.437695	-0.901098	0.31452	1.79646
0.78325	0.437694	-0.9011	0.314519	1.79645
0.78375	0.437693	-0.901102	0.314518	1.79645
0.78425	0.437692	-0.901104	0.314517	1.79645
0.78475	0.437691	-0.901107	0.314516	1.79645
0.78525	0.43769	-0.90111	0.314515	1.79645
0.78575	0.437689	-0.901113	0.314513	1.79644
0.78625	0.437688	-0.901115	0.314512	1.79644
0.78675	0.437687	-0.901118	0.314511	1.79644
0.78725	0.437686	-0.90112	0.31451	1.79644
0.78775	0.437686	-0.90112	0.31451	1.79644
0.78825	0.437686	-0.901121	0.31451	1.79644
0.78875	0.437686	-0.90112	0.31451	1.79644
0.78925	0.437687	-0.901118	0.314511	1.79644
0.78975	0.437688	-0.901116	0.314512	1.79644
0.79025	0.43769	-0.901112	0.314513	1.79644
0.79075	0.437691	-0.901109	0.314515	1.79644
0.79125	0.437692	-0.901107	0.314516	1.79644
0.79175	0.437693	-0.901105	0.314517	1.79645
0.79225	0.437694	-0.901103	0.314518	1.79645
0.79275	0.437695	-0.901101	0.314519	1.79645
0.79325	0.437696	-0.901099	0.314519	1.79645
0.79375	0.437697	-0.901097	0.31452	1.79645
0.79425	0.437697	-0.901096	0.314521	1.79645
0.79475	0.437698	-0.901095	0.314521	1.79645
0.79525	0.437698	-0.901093	0.314522	1.79645
0.79575	0.437699	-0.901092	0.314522	1.79645
0.79625	0.437699	-0.901091	0.314523	1.79645
0.79675	0.437699	-0.901091	0.314523	1.79645
0.79725	0.437699	-0.901092	0.314522	1.79645
0.79775	0.437699	-0.901093	0.314522	1.79645
0.79825	0.437698	-0.901094	0.314521	1.79645
0.79875	0.437697	-0.901097	0.31452	1.79645
0.79925	0.437695	-0.901102	0.314518	1.79644
0.79975	0.437691	-0.90111	0.314514	1.79644
0.80025	0.437686	-0.901122	0.314509	1.79643
0.80075	0.43768	-0.901137	0.314503	1.79642
0.80125	0.437672	-0.901156	0.314494	1.79641
0.80175	0.437662	-0.901177	0.314485	1.79639
0.80225	0.437652	-0.901202	0.314474	1.79637
0.80275	0.43764	-0.901229	0.314462	1.79635
0.80325	0.437626	-0.901261	0.314448	1.79633
0.80375	0.437608	-0.901302	0.31443	1.7963
0.80425	0.437585	-0.901355	0.314407	1.79626
0.80475	0.437572	-0.901386	0.314393	1.79624
0.80525	0.43757	-0.901388	0.314392	1.79624
0.80575	0.437578	-0.901372	0.314399	1.79625
0.80625	0.437604	-0.901311	0.314426	1.79629
0.80675	0.43767	-0.901161	0.314492	1.7964
0.80725	0.4378	-0.900862	0.314623	1.79661
0.80775	0.438029	-0.900338	0.314853	1.79699
0.80825	0.438392	-0.899507	0.315219	1.79758
0.80875	0.438922	-0.898295	0.315752	1.79845
0.80925	0.43964	-0.896653	0.316476	1.79963
0.80975	0.440555	-0.894567	0.317398	1.80113
0.81025	0.441656	-0.89206	0.318509	1.80293
0.81075	0.442923	-0.88918	0.319789	1.80499
0.81125	0.44433	-0.88599	0.321212	1.80728
0.81175	0.445849	-0.882557	0.32275	1.80975
0.81225	0.447454	-0.878937	0.324378	1.81235
0.81275	0.449125	-0.875181	0.326075	1.81506
0.81325	0.450845	-0.871326	0.327824	1.81784
0.81375	0.452601	-0.867401	0.329614	1.82067
0.81425	0.454386	-0.863425	0.331436	1.82353
0.81475	0.456193	-0.859413	0.333282	1.82643
0.81525	0.458018	-0.855375	0.33515	1.82935
0.81575	0.459857	-0.851317	0.337035	1.83228
0.81625	0.461709	-0.847245	0.338937	1.83523
0.81675	0.463572	-0.843161	0.340853	1.83819
0.81725	0.465445	-0.839069	0.342782	1.84116
0.81775	0.467327	-0.834969	0.344725	1.84413
0.81825	0.469218	-0.830863	0.34668	1.84711
0.81875	0.471118	-0.826752	0.348646	1.8501
0.81925	0.473026	-0.822636	0.350624	1.85309
0.81975	0.474942	-0.818517	0.352614	1.85609
0.82025	0.476865	-0.814394	0.354615	1.8591
0.82075	0.478797	-0.810269	0.356627	1.8621
0.82125	0.480735	-0.806141	0.358651	1.86512
0.82175	0.482681	-0.80201	0.360685	1.86813
0.82225	0.484635	-0.797878	0.36273	1.87115
0.82275	0.486595	-0.793743	0.364786	1.87418
0.82325	0.488563	-0.789607	0.366853	1.8772
0.82375	0.490538	-0.78547	0.368931	1.88024
0.82425	0.49252	-0.781331	0.371019	1.88327
0.82475	0.494509	-0.77719	0.373118	1.88631
0.82525	0.496504	-0.773049	0.375228	1.88935
0.82575	0.498507	-0.768907	0.377349	1.89239
0.82625	0.500517	-0.764763	0.37948	1.89544
0.82675	0.502534	-0.760619	0.381623	1.89849
0.82725	0.504557	-0.756474	0.383776	1.90155
0.82775	0.506588	-0.752328	0.38594	1.9046
0.82825	0.508625	-0.748181	0.388114	1.90766
0.82875	0.510669	-0.744034	0.3903	1.91073
0.82925	0.51272	-0.739886	0.392496	1.91379
0.82975	0.514778	-0.735737	0.394704	1.91686
0.83025	0.516843	-0.731588	0.396922	1.91993
0.83075	0.518915	-0.727438	0.399151	1.92301
0.83125	0.520993	-0.723289	0.401391	1.92609
0.83175	0.523079	-0.719138	0.403642	1.92917
0.83225	0.525171	-0.714987	0.405904	1.93225
0.83275	0.52727	-0.710836	0.408177	1.93533
0.83325	0.529376	-0.706685	0.410462	1.93842
0.83375	0.531489	-0.702533	0.412757	1.94151
0.83425	0.533609	-0.698381	0.415064	1.94461
0.83475	0.535736	-0.694228	0.417382	1.9477
0.83525	0.537869	-0.690076	0.419711	1.9508
0.83575	0.54001	-0.685923	0.422051	1.9539
0.83625	0.542157	-0.68177	0.424402	1.95701
0.83675	0.544312	-0.677616	0.426765	1.96011
0.83725	0.546473	-0.673463	0.429139	1.96322
0.83775	0.548641	-0.669309	0.431525	1.96634
0.83825	0.550816	-0.665155	0.433922	1.96945
0.83875	0.552999	-0.661001	0.436331	1.97257
0.83925	0.555188	-0.656847	0.438751	1.97569
0.83975	0.557384	-0.652693	0.441183	1.97881
0.84025	0.559587	-0.648539	0.443626	1.98193
0.84075	0.561797	-0.644384	0.446081	1.98506
0.84125	0.564015	-0.64023	0.448548	1.98819
0.84175	0.566239	-0.636075	0.451026	1.99132
0.84225	0.56847	-0.63192	0.453516	1.99446
0.84275	0.570708	-0.627766	0.456018	1.9976
0.84325	0.572954	-0.623611	0.458532	2.00074
0.84375	0.575206	-0.619456	0.461058	2.00388
0.84425	0.577466	-0.615301	0.463595	2.00702
0.84475	0.579733	-0.611146	0.466145	2.01017
0.84525	0.582007	-0.606991	0.468707	2.01332
0.84575	0.584288	-0.602836	0.47128	2.01647
0.84625	0.586576	-0.598681	0.473866	2.01963
0.84675	0.588871	-0.594526	0.476464	2.02279
0.84725	0.591174	-0.590371	0.479075	2.02595
0.84775	0.593483	-0.586217	0.481697	2.02911
0.84825	0.5958	-0.582062	0.484332	2.03227
0.84875	0.598124	-0.577907	0.486979	2.03544
0.84925	0.600456	-0.573752	0.489638	2.03861
0.84975	0.602794	-0.569597	0.49231	2.04178
0.85025	0.60514	-0.565442	0.494995	2.04496
0.85075	0.607493	-0.561287	0.497691	2.04813
0.85125	0.609854	-0.557132	0.500401	2.05131
0.85175	0.612222	-0.552977	0.503123	2.0545
0.85225	0.614597	-0.548823	0.505858	2.05768
0.85275	0.616979	-0.544668	0.508605	2.06087
0.85325	0.619369	-0.540513	0.511365	2.06406
0.85375	0.621766	-0.536359	0.514138	2.06725
0.85425	0.624171	-0.532204	0.516924	2.07044
0.85475	0.626583	-0.52805	0.519722	2.07364
0.85525	0.629002	-0.523895	0.522534	2.07684
0.85575	0.631429	-0.519741	0.525359	2.08004
0.85625	0.633863	-0.515587	0.528196	2.08324
0.85675	0.636305	-0.511432	0.531047	2.08645
0.85725	0.638754	-0.507278	0.533911	2.08966
0.85775	0.641211	-0.503124	0.536788	2.09287
0.85825	0.643675	-0.49897	0.539678	2.09608
0.85875	0.646146	-0.494816	0.542581	2.0993
0.85925	0.648626	-0.490662	0.545498	2.10252
0.85975	0.651112	-0.486509	0.548429	2.10574
0.86025	0.653607	-0.482355	0.551372	2.10896
0.86075	0.656109	-0.478201	0.554329	2.11218
0.86125	0.658618	-0.474048	0.5573	2.11541
0.86175	0.661136	-0.469894	0.560284	2.11864
0.86225	0.66366	-0.465741	0.563282	2.12188
0.86275	0.666193	-0.461588	0.566293	2.12511
0.86325	0.668733	-0.457435	0.569319	2.12835
0.86375	0.671281	-0.453282	0.572358	2.13159
0.86425	0.673836	-0.449129	0.57541	2.13483
0.86475	0.6764	-0.444976	0.578477	2.13807
0.86525	0.678971	-0.440823	0.581558	2.14132
0.86575	0.681549	-0.43667	0.584652	2.14457
0.86625	0.684136	-0.432518	0.587761	2.14782
0.86675	0.68673	-0.428365	0.590883	2.15108
0.86725	0.689332	-0.424213	0.59402	2.15433
0.86775	0.691942	-0.420061	0.597171	2.15759
0.86825	0.69456	-0.415909	0.600336	2.16085
0.86875	0.697185	-0.411757	0.603516	2.16412
0.86925	0.699819	-0.407605	0.60671	2.16738
0.86975	0.70246	-0.403453	0.609918	2.17065
0.87025	0.705109	-0.399301	0.613141	2.17392
0.87075	0.707766	-0.39515	0.616378	2.17719
0.87125	0.710431	-0.390999	0.619629	2.18047
0.87175	0.713104	-0.386847	0.622896	2.18375
0.87225	0.715785	-0.382696	0.626177	2.18703
0.87275	0.718474	-0.378545	0.629472	2.19031
0.87325	0.721171	-0.374394	0.632783	2.1936
0.87375	0.723876	-0.370243	0.636108	2.19688
0.87425	0.726589	-0.366093	0.639448	2.20017
0.87475	0.72931	-0.361942	0.642803	2.20346
0.87525	0.732039	-0.357792	0.646173	2.20676
0.87575	0.734776	-0.353641	0.649558	2.21006
0.87625	0.737521	-0.349491	0.652958	2.21335
0.87675	0.740274	-0.345341	0.656373	2.21666
0.87725	0.743036	-0.341191	0.659803	2.21996
0.87775	0.745805	-0.337042	0.663249	2.22327
0.87825	0.748583	-0.332892	0.66671	2.22657
0.87875	0.751369	-0.328743	0.670186	2.22988
0.87925	0.754163	-0.324594	0.673678	2.2332
0.87975	0.756965	-0.320445	0.677185	2.23651
0.88025	0.759775	-0.316296	0.680707	2.23983
0.88075	0.762594	-0.312147	0.684245	2.24315
0.88125	0.765421	-0.307998	0.687799	2.24647
0.88175	0.768256	-0.30385	0.691368	2.2498
0.88225	0.7711	-0.299702	0.694953	2.25312
0.88275	0.773951	-0.295554	0.698554	2.25645
0.88325	0.776811	-0.291406	0.702171	2.25979
0.88375	0.77968	-0.287258	0.705803	2.26312
0.88425	0.782556	-0.283111	0.709452	2.26646
0.88475	0.785442	-0.278963	0.713116	2.26979
0.88525	0.788335	-0.274816	0.716797	2.27314
0.88575	0.791237	-0.270669	0.720493	2.27648
0.88625	0.794147	-0.266523	0.724206	2.27982
0.88675	0.797065	-0.262377	0.727935	2.28317
0.88725	0.799992	-0.25823	0.73168	2.28652
0.88775	0.802928	-0.254085	0.735441	2.28987
0.88825	0.805871	-0.249939	0.739219	2.29323
0.88875	0.808823	-0.245794	0.743013	2.29658
0.88925	0.811784	-0.241649	0.746823	2.29994
0.88975	0.814753	-0.237504	0.75065	2.3033
0.89025	0.817731	-0.23336	0.754493	2.30667
0.89075	0.820717	-0.229216	0.758353	2.31003
0.89125	0.823711	-0.225072	0.762229	2.3134
0.89175	0.826714	-0.220929	0.766122	2.31677
0.89225	0.829725	-0.216786	0.770032	2.32014
0.89275	0.832745	-0.212644	0.773958	2.32352
0.89325	0.835773	-0.208502	0.777901	2.32689
0.89375	0.83881	-0.20436	0.781861	2.33027
0.89425	0.841855	-0.200219	0.785837	2.33365
0.89475	0.844908	-0.196079	0.789831	2.33703
0.89525	0.84797	-0.191939	0.793841	2.34042
0.89575	0.85104	-0.1878	0.797867	2.3438
0.89625	0.854119	-0.183662	0.801911	2.34719
0.89675	0.857206	-0.179524	0.805972	2.35058
0.89725	0.860301	-0.175388	0.810049	2.35397
0.89775	0.863404	-0.171252	0.814143	2.35736
0.89825	0.866516	-0.167117	0.818254	2.36076
0.89875	0.869636	-0.162983	0.822381	2.36415
0.89925	0.872764	-0.15885	0.826525	2.36755
0.89975	0.8759	-0.154719	0.830686	2.37095
0.90025	0.879044	-0.150589	0.834864	2.37435
0.90075	0.882196	-0.14646	0.839057	2.37775
0.90125	0.885355	-0.142333	0.843267	2.38116
0.90175	0.888523	-0.138208	0.847494	2.38456
0.90225	0.891697	-0.134085	0.851736	2.38796
0.90275	0.894879	-0.129965	0.855994	2.39137
0.90325	0.898069	-0.125846	0.860268	2.39477
0.90375	0.901265	-0.121731	0.864558	2.39818
0.90425	0.904467	-0.117619	0.868862	2.40158
0.90475	0.907677	-0.11351	0.873181	2.40499
0.90525	0.910892	-0.109405	0.877514	2.40839
0.90575	0.914113	-0.105304	0.881861	2.4118
0.90625	0.917339	-0.101208	0.886222	2.4152
0.90675	0.92057	-0.0971177	0.890595	2.4186
0.90725	0.923805	-0.0930335	0.89498	2.42199
0.90775	0.927044	-0.0889563	0.899375	2.42538
0.90825	0.930285	-0.084887	0.903781	2.42877
0.90875	0.933529	-0.0808268	0.908195	2.43216
0.90925	0.936773	-0.0767767	0.912617	2.43553
0.90975	0.940016	-0.0727386	0.917044	2.4389
0.91025	0.943258	-0.0687141	0.921474	2.44226
0.91075	0.94649	-0.0647116	0.925898	2.44561
0.91125	0.949706	-0.0607413	0.930305	2.44893
0.91175	0.952902	-0.056805	0.934691	2.45222
0.91225	0.956077	-0.0529054	0.939055	2.45549
0.91275	0.959227	-0.0490476	0.943388	2.45872
0.91325	0.962345	-0.0452388	0.947684	2.46191
0.91375	0.965423	-0.0414882	0.95193	2.46506
0.91425	0.968451	-0.0378072	0.956113	2.46815
0.91475	0.971418	-0.0342098	0.960217	2.47117
0.91525	0.97431	-0.030712	0.964221	2.47411
0.91575	0.977111	-0.0273324	0.968104	2.47695
0.91625	0.979803	-0.0240914	0.97184	2.47968
0.91675	0.982367	-0.0210109	0.975402	2.48227
0.91725	0.984784	-0.0181132	0.978763	2.48472
0.91775	0.987035	-0.0154195	0.981897	2.48699
0.91825	0.989103	-0.0129492	0.984778	2.48907
0.91875	0.990974	-0.0107174	0.987387	2.49095
0.91925	0.99264	-0.00873428	0.989711	2.49262
0.91975	0.994095	-0.00700331	0.991743	2.49408
0.92025	0.995342	-0.00552102	0.993486	2.49534
0.92075	0.99639	-0.00427693	0.99495	2.49639
0.92125	0.997253	-0.00325433	0.996156	2.49725
0.92175	0.997947	-0.00243159	0.997126	2.49795
0.92225	0.998493	-0.00178387	0.997891	2.49849
0.92275	0.998914	-0.00128492	0.998481	2.49891
0.92325	0.999232	-0.000908823	0.998925	2.49923
0.92375	0.999467	-0.00063133	0.999253	2.49947
0.92425	0.999636	-0.000430849	0.99949	2.49964
0.92475	0.999756	-0.000288949	0.999658	2.49976
0.92525	0.999839	-0.000190502	0.999775	2.49984
0.92575	0.999896	-0.000123513	0.999854	2.4999
0.92625	0.999933	-7.87812e-05	0.999907	2.49993
0.92675	0.999958	-4.9452e-05	0.999941	2.49996
0.92725	0.999974	-3.05596e-05	0.999964	2.49997
0.92775	0.999984	-1.85976e-05	0.999978	2.49998
0.92825	0.999991	-1.11493e-05	0.999987	2.49999
0.92875	0.999994	-6.58631e-06	0.999992	2.49999
0.92925	0.999997	-3.83499e-06	0.999995	2.5
0.92975	0.999998	-2.20152e-06	0.999997	2.5
0.93025	0.999999	-1.24629e-06	0.999999	2.5
0.93075	0.999999	-6.9591e-07	0.999999	2.5
0.93125	1	-3.83363e-07	1	2.5
0.93175	1	-2.0839e-07	1	2.5
0.93225	1	-1.11797e-07	1	2.5
0.93275	1	-5.92031e-08	1	2.5
0.93325	1	-3.0952e-08	1	2.5
0.93375	1	-1.59782e-08	1	2.5
0.93425	1	-8.1456e-09	1	2.5
0.93475	1	-4.10141e-09	1	2.5
0.93525	1	-2.03992e-09	1	2.5
0.93575	1	-1.00234e-09	1	2.5
0.93625	1	-4.86617e-10	1	2.5
0.93675	1	-2.33441e-10	1	2.5
0.93725	1	-1.10669e-10	1	2.5
0.93775	1	-5.18538e-11	1	2.5
0.93825	1	-2.40145e-11	1	2.5
0.93875	1	-1.09938e-11	1	2.5
0.93925	1	-4.97555e-12	1	2.5
0.93975	1	-2.22627e-12	1	2.5
0.94025	1	-9.84743e-13	1	2.5
0.94075	1	-4.30524e-13	1	2.5
0.94125	1	-1.86089e-13	1	2.5
0.94175	1	-7.97095e-14	1	2.5
0.94225	1	-3.34489e-14	1	2.5
0.94275	1	-1.40981e-14	1	2.5
0.94325	1	-6.19411e-15	1	2.5
0.94375	1	-2.58387e-15	1	2.5
0.94425	1	-1.04378e-15	1	2.5
0.94475	1	-3.41765e-16	1	2.5
0.94525	1	-1.37146e-16	1	2.5
0.94575	1	-1.70894e-16	1	2.5
0.94625	1	-2.0464e-16	1	2.5
0.94675	1	-2.04638e-16	1	2.5
0.94725	1	-2.04634e-16	1	2.5
0.94775	1	-1.53479e-16	1	2.5
0.94825	1	-1.36067e-16	1	2.5
0.94875	1	-1.02322e-16	1	2.5
0.94925	1	-1.70886e-16	1	2.5
0.94975	1	-2.38367e-16	1	2.5
0.95025	1	-1.70882e-16	1	2.5
0.95075	1	-1.53466e-16	1	2.5
0.95125	1	-6.85684e-17	1	2.5
0.95175	1	-1.74133e-17	1	2.5
0.95225	1	0	1	2.5
0.95275	1	0	1	2.5
0.95325	1	0	1	2.5
0.95375	1	0	1	2.5
0.95425	1	0	1	2.5
0.95475	1	0	1	2.5
0.95525	1	0	1	2.5
0.95575	1	0	1	2.5
0.95625	1	0	1	2.5
0.95675	1	0	1	2.5
0.95725	1	0	1	2.5
0.95775	1	0	1	2.5
0.95825	1	0	1	2.5
0.95875	1	0	1	2.5
0.95925	1	0	1	2.5
0.95975	1	0	1	2.5
0.96025	1	0	1	2.5
0.96075	1	0	1	2.5
0.96125	1	0	1	2.5
0.96175	1	0	1	2.5
0.96225	1	0	1	2.5
0.96275	1	0	1	2.5
0.96325	1	0	1	2.5
0.96375	1	0	1	2.5
0.96425	1	0	1	2.5
0.96475	1	0	1	2.5
0.96525	1	0	1	2.5
0.96575	1	0	1	2.5
0.96625	1	0	1	2.5
0.96675	1	0	1	2.5
0.96725	1	0	1	2.5
0.96775	1	0	1	2.5
0.96825	1	0	1	2.5
0.96875	1	0	1	2.5
0.96925	1	0	1	2.5
0.96975	1	0	1	2.5
0.97025	1	0	1	2.5
0.97075	1	0	1	2.5
0.97125	1	0	1	2.5
0.97175	1	0	1	2.5
0.97225	1	0	1	2.5
0.97275	1	0	1	2.5
0.97325	1	0	1	2.5
0.97375	1	0	1	2.5
0.97425	1	0	1	2.5
0.97475	1	0	1	2.5
0.97525	1	0	1	2.5
0.97575	1	0	1	2.5
0.97625	1	0	1	2.5
0.97675	1	0	1	2.5
0.97725	1	0	1	2.5
0.97775	1	0	1	2.5
0.97825	1	0	1	2.5
0.97875	1	0	1	2.5
0.97925	1	0	1	2.5
0.97975	1	0	1	2.5
0.98025	1	0	1	2.5
0.98075	1	0	1	2.5
0.98125	1	0	1	2.5
0.98175	1	0	1	2.5
0.98225	1	0	1	2.5
0.98275	1	0	1	2.5
0.98325	1	0	1	2.5
0.98375	1	0	1	2.5
0.98425	1	0	1	2.5
0.98475	1	0	1	2.5
0.98525	1	0	1	2.5
0.98575	1	0	1	2.5
0.98625	1	0	1	2.5
0.98675	1	0	1	2.5
0.98725	1	0	1	2.5
0.98775	1	0	1	2.5
0.98825	1	0	1	2.5
0.98875	1	0	1	2.5
0.98925	1	0	1	2.5
0.98975	1	0	1	2.5
0.99025	1	0	1	2.5
0.99075	1	0	1	2.5
0.99125	1	0	1	2.5
0.99175	1	0	1	2.5
0.99225	1	0	1	2.5
0.99275	1	0	1	2.5
0.99325	1	0	1	2.5
0.99375	1	0	1	2.5
0.99425	1	0	1	2.5
0.99475	1	0	1	2.5
0.99525	1	0	1	2.5
0.99575	1	0	1	2.5
0.99625	1	0	1	2.5
0.99675	1	0	1	2.5
0.99725	1	0	1	2.5
0.99775	1	0	1	2.5
0.99825	1	0	1	2.5
0.99875	1	0	1	2.5
0.99925	1	0	1	2.5
0.99975	1	0	1	2.5
