x	rho	u	p	e	rho_Ex	u_Ex	p_Ex	e_Ex
0.0005	1	0	1	2.5	1	0	1	2.5
0.0015	1	0	1	2.5	1	0	1	2.5
0.0025	1	0	1	2.5	1	0	1	2.5
0.0035	1	0	1	2.5	1	0	1	2.5
0.0045	1	0	1	2.5	1	0	1	2.5
0.0055	1	0	1	2.5	1	0	1	2.5
0.0065	1	0	1	2.5	1	0	1	2.5
0.0075	1	0	1	2.5	1	0	1	2.5
0.0085	1	0	1	2.5	1	0	1	2.5
0.0095	1	0	1	2.5	1	0	1	2.5
0.0105	1	0	1	2.5	1	0	1	2.5
0.0115	1	0	1	2.5	1	0	1	2.5
0.0125	1	0	1	2.5	1	0	1	2.5
0.0135	1	0	1	2.5	1	0	1	2.5
0.0145	1	0	1	2.5	1	0	1	2.5
0.0155	1	0	1	2.5	1	0	1	2.5
0.0165	1	0	1	2.5	1	0	1	2.5
0.0175	1	0	1	2.5	1	0	1	2.5
0.0185	1	0	1	2.5	1	0	1	2.5
0.0195	1	0	1	2.5	1	0	1	2.5
0.0205	1	0	1	2.5	1	0	1	2.5
0.0215	1	0	1	2.5	1	0	1	2.5
0.0225	1	0	1	2.5	1	0	1	2.5
0.0235	1	0	1	2.5	1	0	1	2.5
0.0245	1	0	1	2.5	1	0	1	2.5
0.0255	1	0	1	2.5	1	0	1	2.5
0.0265	1	0	1	2.5	1	0	1	2.5
0.0275	1	0	1	2.5	1	0	1	2.5
0.0285	1	0	1	2.5	1	0	1	2.5
0.0295	1	0	1	2.5	1	0	1	2.5
0.0305	1	0	1	2.5	1	0	1	2.5
0.0315	1	0	1	2.5	1	0	1	2.5
0.0325	1	0	1	2.5	1	0	1	2.5
0.0335	1	0	1	2.5	1	0	1	2.5
0.0345	1	0	1	2.5	1	0	1	2.5
0.0355	1	0	1	2.5	1	0	1	2.5
0.0365	1	0	1	2.5	1	0	1	2.5
0.0375	1	0	1	2.5	1	0	1	2.5
0.0385	1	0	1	2.5	1	0	1	2.5
0.0395	1	0	1	2.5	1	0	1	2.5
0.0405	1	0	1	2.5	1	0	1	2.5
0.0415	1	0	1	2.5	1	0	1	2.5
0.0425	1	0	1	2.5	1	0	1	2.5
0.0435	1	0	1	2.5	1	0	1	2.5
0.0445	1	0	1	2.5	1	0	1	2.5
0.0455	1	0	1	2.5	1	0	1	2.5
0.0465	1	0	1	2.5	1	0	1	2.5
0.0475	1	0	1	2.5	1	0	1	2.5
0.0485	1	0	1	2.5	1	0	1	2.5
0.0495	1	0	1	2.5	1	0	1	2.5
0.0505	1	0	1	2.5	1	0	1	2.5
0.0515	1	0	1	2.5	1	0	1	2.5
0.0525	1	0	1	2.5	1	0	1	2.5
0.0535	1	0	1	2.5	1	0	1	2.5
0.0545	1	0	1	2.5	1	0	1	2.5
0.0555	1	0	1	2.5	1	0	1	2.5
0.0565	1	0	1	2.5	1	0	1	2.5
0.0575	1	0	1	2.5	1	0	1	2.5
0.0585	1	0	1	2.5	1	0	1	2.5
0.0595	1	0	1	2.5	1	0	1	2.5
0.0605	1	0	1	2.5	1	0	1	2.5
0.0615	1	0	1	2.5	1	0	1	2.5
0.0625	1	0	1	2.5	1	0	1	2.5
0.0635	1	0	1	2.5	1	0	1	2.5
0.0645	1	0	1	2.5	1	0	1	2.5
0.0655	1	0	1	2.5	1	0	1	2.5
0.0665	1	0	1	2.5	1	0	1	2.5
0.0675	1	0	1	2.5	1	0	1	2.5
0.0685	1	0	1	2.5	1	0	1	2.5
0.0695	1	0	1	2.5	1	0	1	2.5
0.0705	1	0	1	2.5	1	0	1	2.5
0.0715	1	0	1	2.5	1	0	1	2.5
0.0725	1	0	1	2.5	1	0	1	2.5
0.0735	1	0	1	2.5	1	0	1	2.5
0.0745	1	0	1	2.5	1	0	1	2.5
0.0755	1	0	1	2.5	1	0	1	2.5
0.0765	1	0	1	2.5	1	0	1	2.5
0.0775	1	0	1	2.5	1	0	1	2.5
0.0785	1	0	1	2.5	1	0	1	2.5
0.0795	1	0	1	2.5	1	0	1	2.5
0.0805	1	0	1	2.5	1	0	1	2.5
0.0815	1	0	1	2.5	1	0	1	2.5
0.0825	1	0	1	2.5	1	0	1	2.5
0.0835	1	0	1	2.5	1	0	1	2.5
0.0845	1	0	1	2.5	1	0	1	2.5
0.0855	1	0	1	2.5	1	0	1	2.5
0.0865	1	0	1	2.5	1	0	1	2.5
0.0875	1	0	1	2.5	1	0	1	2.5
0.0885	1	0	1	2.5	1	0	1	2.5
0.0895	1	0	1	2.5	1	0	1	2.5
0.0905	1	0	1	2.5	1	0	1	2.5
0.0915	1	0	1	2.5	1	0	1	2.5
0.0925	1	0	1	2.5	1	0	1	2.5
0.0935	1	0	1	2.5	1	0	1	2.5
0.0945	1	0	1	2.5	1	0	1	2.5
0.0955	1	0	1	2.5	1	0	1	2.5
0.0965	1	0	1	2.5	1	0	1	2.5
0.0975	1	0	1	2.5	1	0	1	2.5
0.0985	1	0	1	2.5	1	0	1	2.5
0.0995	1	0	1	2.5	1	0	1	2.5
0.1005	1	0	1	2.5	1	0	1	2.5
0.1015	1	-1.00727e-16	1	2.5	1	0	1	2.5
0.1025	1	-1.3898e-16	1	2.5	1	0	1	2.5
0.1035	1	-1.38952e-16	1	2.5	1	0	1	2.5
0.1045	1	-1.00754e-16	1	2.5	1	0	1	2.5
0.1055	1	-8.85998e-17	1	2.5	1	0	1	2.5
0.1065	1	-1.95393e-16	1	2.5	1	0	1	2.5
0.1075	1	-1.38978e-16	1	2.5	1	0	1	2.5
0.1085	1	-1.38959e-16	1	2.5	1	0	1	2.5
0.1095	1	-1.95425e-16	1	2.5	1	0	1	2.5
0.1105	1	-8.85696e-17	1	2.5	1	0	1	2.5
0.1115	1	-1.95438e-16	1	2.5	1	0	1	2.5
0.1125	1	-8.85764e-17	1	2.5	1	0	1	2.5
0.1135	1	-1.45047e-16	1	2.5	1	0	1	2.5
0.1145	1	-9.46776e-17	1	2.5	1	0	1	2.5
0.1155	1	-1.89289e-16	1	2.5	1	0	1	2.5
0.1165	1	-1.89366e-16	1	2.5	1	0	1	2.5
0.1175	1	-1.89335e-16	1	2.5	1	0	1	2.5
0.1185	1	-1.89321e-16	1	2.5	1	0	1	2.5
0.1195	1	-9.46926e-17	1	2.5	1	0	1	2.5
0.1205	1	-9.46376e-17	1	2.5	1	0	1	2.5
0.1215	1	-1.45079e-16	1	2.5	1	0	1	2.5
0.1225	1	-8.85465e-17	1	2.5	1	0	1	2.5
0.1235	1	-1.95421e-16	1	2.5	1	0	1	2.5
0.1245	1	-1.38953e-16	1	2.5	1	0	1	2.5
0.1255	1	-1.89318e-16	1	2.5	1	0	1	2.5
0.1265	1	-1.89365e-16	1	2.5	1	0	1	2.5
0.1275	1	-1.89328e-16	1	2.5	1	0	1	2.5
0.1285	1	-1.38962e-16	1	2.5	1	0	1	2.5
0.1295	1	-1.95412e-16	1	2.5	1	0	1	2.5
0.1305	1	-8.85857e-17	1	2.5	1	0	1	2.5
0.1315	1	-1.45031e-16	1	2.5	1	0	1	2.5
0.1325	1	-9.46626e-17	1	2.5	1	0	1	2.5
0.1335	1	-9.46778e-17	1	2.5	1	0	1	2.5
0.1345	1	-1.89329e-16	1	2.5	1	0	1	2.5
0.1355	1	-1.38947e-16	1	2.5	1	0	1	2.5
0.1365	1	-1.95393e-16	1	2.5	1	0	1	2.5
0.1375	1	-1.3899e-16	1	2.5	1	0	1	2.5
0.1385	1	-1.89312e-16	1	2.5	1	0	1	2.5
0.1395	1	-9.46756e-17	1	2.5	1	0	1	2.5
0.1405	1	-1.45013e-16	1	2.5	1	0	1	2.5
0.1415	1	-8.86048e-17	1	2.5	1	0	1	2.5
0.1425	1	-1.95408e-16	1	2.5	1	0	1	2.5
0.1435	1	-8.85785e-17	1	2.5	1	0	1	2.5
0.1445	1	-1.95396e-16	1	2.5	1	0	1	2.5
0.1455	1	-1.38984e-16	1	2.5	1	0	1	2.5
0.1465	1	-1.89314e-16	1	2.5	1	0	1	2.5
0.1475	1	-9.46821e-17	1	2.5	1	0	1	2.5
0.1485	1	-1.45007e-16	1	2.5	1	0	1	2.5
0.1495	1	-8.86084e-17	1	2.5	1	0	1	2.5
0.1505	1	-1.95414e-16	1	2.5	1	0	1	2.5
0.1515	1	-8.85789e-17	1	2.5	1	0	1	2.5
0.1525	1	-1.45035e-16	1	2.5	1	0	1	2.5
0.1535	1	-1.45063e-16	1	2.5	1	0	1	2.5
0.1545	1	-8.8608e-17	1	2.5	1	0	1	2.5
0.1555	1	1.26833e-20	1	2.5	1	0	1	2.5
0.1565	1	4.69855e-21	1	2.5	1	0	1	2.5
0.1575	1	9.47179e-17	1	2.5	1	0	1	2.5
0.1585	1	3.84664e-16	1	2.5	1	0	1	2.5
0.1595	1	1.00921e-15	1	2.5	1	0	1	2.5
0.1605	1	2.48867e-15	1	2.5	1	0	1	2.5
0.1615	1	4.39109e-15	1	2.5	1	0	1	2.5
0.1625	1	5.88459e-15	1	2.5	1	0	1	2.5
0.1635	1	5.74139e-15	1	2.5	1	0	1	2.5
0.1645	1	-6.50408e-15	1	2.5	1	0	1	2.5
0.1655	1	-3.89784e-14	1	2.5	1	0	1	2.5
0.1665	1	-9.48953e-14	1	2.5	1	0	1	2.5
0.1675	1	-1.66663e-13	1	2.5	1	0	1	2.5
0.1685	1	-2.31562e-13	1	2.5	1	0	1	2.5
0.1695	1	-2.80164e-13	1	2.5	1	0	1	2.5
0.1705	1	3.67972e-14	1	2.5	1	0	1	2.5
0.1715	1	1.23324e-12	1	2.5	1	0	1	2.5
0.1725	1	3.91479e-12	1	2.5	1	0	1	2.5
0.1735	1	9.73462e-12	1	2.5	1	0	1	2.5
0.1745	1	2.2491e-11	1	2.5	1	0	1	2.5
0.1755	1	5.05059e-11	1	2.5	1	0	1	2.5
0.1765	1	1.12054e-10	1	2.5	1	0	1	2.5
0.1775	1	2.47181e-10	1	2.5	1	0	1	2.5
0.1785	1	5.43578e-10	1	2.5	1	0	1	2.5
0.1795	1	1.1932e-09	1	2.5	1	0	1	2.5
0.1805	1	2.61609e-09	1	2.5	1	0	1	2.5
0.1815	1	5.73101e-09	1	2.5	1	0	1	2.5
0.1825	1	1.25468e-08	1	2.5	1	0	1	2.5
0.1835	1	2.74538e-08	1	2.5	1	0	1	2.5
0.1845	1	6.00444e-08	1	2.5	1	0	1	2.5
0.1855	1	1.3127e-07	1	2.5	1	0	1	2.5
0.1865	1	2.86882e-07	1	2.5	1	0	1	2.5
0.1875	0.999999	6.26763e-07	0.999999	2.5	1	0	1	2.5
0.1885	0.999999	1.36895e-06	0.999998	2.5	1	0	1	2.5
0.1895	0.999997	2.9893e-06	0.999996	2.5	1	0	1	2.5
0.1905	0.999994	6.52645e-06	0.999992	2.49999	1	0	1	2.5
0.1915	0.999988	1.42469e-05	0.999983	2.49999	1	0	1	2.5
0.1925	0.999974	3.10973e-05	0.999963	2.49997	1	0	1	2.5
0.1935	0.999943	6.79004e-05	0.99992	2.49994	1	0	1	2.5
0.1945	0.999875	0.000147725	0.999825	2.49988	1	0	1	2.5
0.1955	0.999724	0.000326585	0.999614	2.49972	1	0	1	2.5
0.1965	0.999432	0.000672571	0.999204	2.49943	1	0	1	2.5
0.1975	0.998958	0.00123285	0.998542	2.49896	1	0	1	2.5
0.1985	0.998277	0.00204034	0.997588	2.49828	1	0	1	2.5
0.1995	0.997368	0.00311717	0.996317	2.49737	1	0	1	2.5
0.2005	0.996227	0.00447123	0.994721	2.49622	1	0	1	2.5
0.2015	0.994858	0.00609676	0.992808	2.49485	1	0	1	2.5
0.2025	0.993276	0.00797662	0.9906	2.49326	1	0	1	2.5
0.2035	0.991504	0.0100858	0.988127	2.49148	1	0	1	2.5
0.2045	0.989567	0.0123952	0.985425	2.48954	0.999144	0.0010133	0.998802	2.49914
0.2055	0.987491	0.0148747	0.982532	2.48745	0.996332	0.00434663	0.994868	2.49633
0.2065	0.9853	0.0174955	0.979481	2.48524	0.993526	0.00767996	0.990948	2.49351
0.2075	0.983016	0.0202321	0.976305	2.48293	0.990727	0.0110133	0.987041	2.4907
0.2085	0.980659	0.0230622	0.973029	2.48055	0.987934	0.0143466	0.983148	2.48789
0.2095	0.978244	0.0259675	0.969676	2.4781	0.985147	0.01768	0.979267	2.48508
0.2105	0.975784	0.0289331	0.966263	2.47561	0.982366	0.0210133	0.9754	2.48227
0.2115	0.973288	0.0319472	0.962806	2.47307	0.979592	0.0243466	0.971546	2.47947
0.2125	0.970766	0.0350005	0.959314	2.47051	0.976824	0.02768	0.967705	2.47666
0.2135	0.968222	0.0380858	0.955797	2.46792	0.974062	0.0310133	0.963877	2.47386
0.2145	0.965662	0.0411973	0.952261	2.46531	0.971307	0.0343466	0.960062	2.47106
0.2155	0.96309	0.0443307	0.948711	2.46268	0.968558	0.03768	0.956259	2.46826
0.2165	0.960507	0.0474825	0.945152	2.46003	0.965815	0.0410133	0.95247	2.46546
0.2175	0.957918	0.0506499	0.941587	2.45738	0.963078	0.0443466	0.948694	2.46266
0.2185	0.955324	0.0538307	0.938018	2.45471	0.960347	0.04768	0.94493	2.45987
0.2195	0.952725	0.0570233	0.934448	2.45204	0.957623	0.0510133	0.941179	2.45707
0.2205	0.950124	0.0602264	0.930878	2.44936	0.954905	0.0543466	0.937441	2.45428
0.2215	0.94752	0.0634393	0.927309	2.44667	0.952193	0.05768	0.933716	2.45149
0.2225	0.944915	0.0666616	0.923741	2.44398	0.949487	0.0610133	0.930004	2.4487
0.2235	0.942308	0.0698927	0.920175	2.44128	0.946787	0.0643466	0.926304	2.44591
0.2245	0.9397	0.0731313	0.916613	2.43858	0.944094	0.06768	0.922617	2.44313
0.2255	0.937094	0.0763761	0.913055	2.43587	0.941406	0.0710133	0.918942	2.44034
0.2265	0.934489	0.0796263	0.909504	2.43316	0.938725	0.0743466	0.91528	2.43756
0.2275	0.931886	0.0828813	0.905959	2.43045	0.93605	0.07768	0.91163	2.43478
0.2285	0.929285	0.0861409	0.902422	2.42773	0.933381	0.0810133	0.907993	2.432
0.2295	0.926687	0.0894047	0.898891	2.42501	0.930718	0.0843466	0.904368	2.42922
0.2305	0.924092	0.0926723	0.895368	2.42229	0.928061	0.08768	0.900756	2.42645
0.2315	0.921499	0.0959435	0.891854	2.41957	0.92541	0.0910133	0.897156	2.42367
0.2325	0.91891	0.0992179	0.888347	2.41685	0.922766	0.0943466	0.893569	2.4209
0.2335	0.916324	0.102495	0.884849	2.41413	0.920127	0.09768	0.889993	2.41813
0.2345	0.913742	0.105776	0.88136	2.4114	0.917494	0.101013	0.88643	2.41536
0.2355	0.911163	0.109059	0.87788	2.40868	0.914868	0.104347	0.88288	2.41259
0.2365	0.908589	0.112344	0.87441	2.40596	0.912247	0.10768	0.879341	2.40982
0.2375	0.906018	0.115632	0.870948	2.40323	0.909632	0.111013	0.875815	2.40706
0.2385	0.903452	0.118921	0.867496	2.40051	0.907024	0.114347	0.8723	2.40429
0.2395	0.90089	0.122213	0.864054	2.39778	0.904421	0.11768	0.868798	2.40153
0.2405	0.898332	0.125507	0.860622	2.39505	0.901824	0.121013	0.865308	2.39877
0.2415	0.895779	0.128802	0.857199	2.39233	0.899234	0.124347	0.86183	2.39601
0.2425	0.89323	0.132099	0.853786	2.3896	0.896649	0.12768	0.858364	2.39326
0.2435	0.890686	0.135398	0.850384	2.38688	0.89407	0.131013	0.85491	2.3905
0.2445	0.888146	0.138698	0.846992	2.38416	0.891497	0.134347	0.851468	2.38775
0.2455	0.885612	0.141999	0.84361	2.38143	0.888931	0.13768	0.848037	2.38499
0.2465	0.883082	0.145302	0.840238	2.37871	0.88637	0.141013	0.844619	2.38224
0.2475	0.880557	0.148605	0.836876	2.37599	0.883814	0.144347	0.841212	2.37949
0.2485	0.878037	0.15191	0.833525	2.37326	0.881265	0.14768	0.837817	2.37675
0.2495	0.875522	0.155216	0.830185	2.37054	0.878722	0.151013	0.834434	2.374
0.2505	0.873012	0.158523	0.826854	2.36782	0.876185	0.154347	0.831063	2.37125
0.2515	0.870507	0.161831	0.823535	2.3651	0.873653	0.15768	0.827703	2.36851
0.2525	0.868007	0.16514	0.820226	2.36238	0.871127	0.161013	0.824355	2.36577
0.2535	0.865512	0.168449	0.816927	2.35966	0.868607	0.164347	0.821019	2.36303
0.2545	0.863023	0.17176	0.813639	2.35695	0.866093	0.16768	0.817694	2.36029
0.2555	0.860538	0.175071	0.810362	2.35423	0.863585	0.171013	0.81438	2.35756
0.2565	0.858059	0.178383	0.807095	2.35151	0.861083	0.174347	0.811078	2.35482
0.2575	0.855584	0.181696	0.803839	2.3488	0.858586	0.17768	0.807788	2.35209
0.2585	0.853116	0.185009	0.800593	2.34609	0.856095	0.181013	0.804509	2.34936
0.2595	0.850652	0.188323	0.797358	2.34337	0.85361	0.184347	0.801242	2.34663
0.2605	0.848193	0.191638	0.794134	2.34066	0.851131	0.18768	0.797986	2.3439
0.2615	0.84574	0.194953	0.79092	2.33795	0.848658	0.191013	0.794741	2.34117
0.2625	0.843292	0.198268	0.787717	2.33524	0.84619	0.194347	0.791508	2.33845
0.2635	0.84085	0.201585	0.784525	2.33254	0.843728	0.19768	0.788285	2.33572
0.2645	0.838412	0.204901	0.781343	2.32983	0.841272	0.201013	0.785074	2.333
0.2655	0.83598	0.208218	0.778172	2.32712	0.838821	0.204347	0.781875	2.33028
0.2665	0.833554	0.211536	0.775011	2.32442	0.836376	0.20768	0.778686	2.32756
0.2675	0.831132	0.214854	0.771861	2.32172	0.833937	0.211013	0.775509	2.32484
0.2685	0.828716	0.218173	0.768722	2.31901	0.831504	0.214347	0.772343	2.32213
0.2695	0.826306	0.221491	0.765593	2.31631	0.829076	0.21768	0.769188	2.31941
0.2705	0.8239	0.224811	0.762475	2.31361	0.826654	0.221013	0.766044	2.3167
0.2715	0.8215	0.22813	0.759367	2.31091	0.824238	0.224347	0.76291	2.31399
0.2725	0.819106	0.23145	0.75627	2.30822	0.821827	0.22768	0.759788	2.31128
0.2735	0.816716	0.23477	0.753183	2.30552	0.819422	0.231013	0.756677	2.30857
0.2745	0.814332	0.238091	0.750107	2.30283	0.817023	0.234347	0.753577	2.30586
0.2755	0.811954	0.241412	0.747041	2.30014	0.814629	0.23768	0.750488	2.30316
0.2765	0.80958	0.244733	0.743986	2.29744	0.812241	0.241013	0.747409	2.30046
0.2775	0.807212	0.248055	0.740941	2.29475	0.809858	0.244347	0.744342	2.29775
0.2785	0.80485	0.251376	0.737907	2.29206	0.807481	0.24768	0.741285	2.29505
0.2795	0.802493	0.254698	0.734883	2.28938	0.805109	0.251013	0.738239	2.29236
0.2805	0.800141	0.25802	0.73187	2.28669	0.802744	0.254347	0.735204	2.28966
0.2815	0.797794	0.261343	0.728867	2.28401	0.800383	0.25768	0.732179	2.28696
0.2825	0.795453	0.264666	0.725874	2.28132	0.798029	0.261013	0.729165	2.28427
0.2835	0.793117	0.267989	0.722892	2.27864	0.795679	0.264347	0.726162	2.28158
0.2845	0.790787	0.271312	0.71992	2.27596	0.793336	0.26768	0.723169	2.27889
0.2855	0.788462	0.274635	0.716958	2.27328	0.790998	0.271013	0.720187	2.2762
0.2865	0.786142	0.277959	0.714007	2.2706	0.788665	0.274347	0.717215	2.27351
0.2875	0.783827	0.281282	0.711065	2.26793	0.786338	0.27768	0.714254	2.27083
0.2885	0.781518	0.284606	0.708134	2.26525	0.784016	0.281013	0.711304	2.26814
0.2895	0.779214	0.28793	0.705214	2.26258	0.7817	0.284347	0.708364	2.26546
0.2905	0.776916	0.291255	0.702303	2.25991	0.77939	0.28768	0.705434	2.26278
0.2915	0.774623	0.294579	0.699403	2.25724	0.777084	0.291013	0.702515	2.2601
0.2925	0.772335	0.297904	0.696512	2.25457	0.774785	0.294347	0.699606	2.25742
0.2935	0.770052	0.301228	0.693632	2.2519	0.77249	0.29768	0.696707	2.25474
0.2945	0.767775	0.304553	0.690762	2.24923	0.770202	0.301013	0.693819	2.25207
0.2955	0.765503	0.307878	0.687902	2.24657	0.767918	0.304347	0.690941	2.2494
0.2965	0.763236	0.311204	0.685052	2.24391	0.76564	0.30768	0.688073	2.24672
0.2975	0.760975	0.314529	0.682212	2.24124	0.763368	0.311013	0.685216	2.24406
0.2985	0.758719	0.317854	0.679382	2.23858	0.7611	0.314347	0.682368	2.24139
0.2995	0.756468	0.32118	0.676562	2.23592	0.758839	0.31768	0.679531	2.23872
0.3005	0.754222	0.324505	0.673752	2.23327	0.756582	0.321013	0.676704	2.23605
0.3015	0.751982	0.327831	0.670952	2.23061	0.754331	0.324347	0.673887	2.23339
0.3025	0.749747	0.331157	0.668162	2.22796	0.752086	0.32768	0.67108	2.23073
0.3035	0.747517	0.334483	0.665381	2.2253	0.749845	0.331013	0.668283	2.22807
0.3045	0.745293	0.337809	0.662611	2.22265	0.74761	0.334347	0.665496	2.22541
0.3055	0.743073	0.341135	0.65985	2.22	0.745381	0.33768	0.662719	2.22275
0.3065	0.740859	0.344461	0.657099	2.21736	0.743156	0.341013	0.659952	2.2201
0.3075	0.73865	0.347788	0.654358	2.21471	0.740937	0.344347	0.657195	2.21744
0.3085	0.736447	0.351114	0.651627	2.21206	0.738724	0.34768	0.654447	2.21479
0.3095	0.734248	0.354441	0.648905	2.20942	0.736515	0.351013	0.65171	2.21214
0.3105	0.732055	0.357767	0.646193	2.20678	0.734312	0.354347	0.648982	2.20949
0.3115	0.729867	0.361094	0.64349	2.20414	0.732114	0.35768	0.646265	2.20684
0.3125	0.727684	0.364421	0.640798	2.2015	0.729922	0.361013	0.643556	2.2042
0.3135	0.725506	0.367747	0.638115	2.19886	0.727734	0.364347	0.640858	2.20155
0.3145	0.723334	0.371074	0.635441	2.19622	0.725552	0.36768	0.63817	2.19891
0.3155	0.721166	0.374401	0.632777	2.19359	0.723375	0.371013	0.635491	2.19627
0.3165	0.719004	0.377728	0.630123	2.19096	0.721204	0.374347	0.632821	2.19363
0.3175	0.716847	0.381055	0.627478	2.18832	0.719037	0.37768	0.630162	2.19099
0.3185	0.714695	0.384382	0.624842	2.18569	0.716876	0.381013	0.627512	2.18835
0.3195	0.712549	0.387709	0.622216	2.18307	0.71472	0.384347	0.624871	2.18572
0.3205	0.710407	0.391036	0.6196	2.18044	0.712569	0.38768	0.62224	2.18309
0.3215	0.708271	0.394364	0.616993	2.17781	0.710424	0.391013	0.619619	2.18045
0.3225	0.706139	0.397691	0.614395	2.17519	0.708283	0.394347	0.617007	2.17782
0.3235	0.704013	0.401018	0.611806	2.17257	0.706148	0.39768	0.614404	2.1752
0.3245	0.701892	0.404345	0.609227	2.16995	0.704018	0.401013	0.611811	2.17257
0.3255	0.699776	0.407673	0.606657	2.16733	0.701893	0.404347	0.609227	2.16994
0.3265	0.697665	0.411	0.604097	2.16471	0.699773	0.40768	0.606653	2.16732
0.3275	0.695559	0.414328	0.601546	2.16209	0.697658	0.411013	0.604087	2.1647
0.3285	0.693458	0.417655	0.599004	2.15948	0.695549	0.414347	0.601532	2.16208
0.3295	0.691362	0.420982	0.596471	2.15687	0.693444	0.41768	0.598985	2.15946
0.3305	0.689272	0.42431	0.593947	2.15426	0.691345	0.421013	0.596448	2.15684
0.3315	0.687186	0.427637	0.591433	2.15165	0.68925	0.424347	0.59392	2.15422
0.3325	0.685105	0.430965	0.588927	2.14904	0.687161	0.42768	0.591401	2.15161
0.3335	0.68303	0.434292	0.586431	2.14643	0.685077	0.431013	0.588891	2.149
0.3345	0.680959	0.43762	0.583944	2.14383	0.682998	0.434347	0.586391	2.14639
0.3355	0.678894	0.440947	0.581465	2.14122	0.680924	0.43768	0.583899	2.14378
0.3365	0.676833	0.444275	0.578996	2.13862	0.678855	0.441013	0.581417	2.14117
0.3375	0.674778	0.447602	0.576536	2.13602	0.676791	0.444347	0.578944	2.13856
0.3385	0.672727	0.45093	0.574085	2.13342	0.674732	0.44768	0.576479	2.13596
0.3395	0.670682	0.454257	0.571642	2.13083	0.672678	0.451013	0.574024	2.13335
0.3405	0.668641	0.457585	0.569209	2.12823	0.670629	0.454347	0.571578	2.13075
0.3415	0.666606	0.460912	0.566785	2.12564	0.668585	0.45768	0.56914	2.12815
0.3425	0.664575	0.46424	0.564369	2.12304	0.666546	0.461013	0.566712	2.12555
0.3435	0.66255	0.467567	0.561962	2.12045	0.664512	0.464347	0.564292	2.12296
0.3445	0.660529	0.470895	0.559564	2.11786	0.662483	0.46768	0.561881	2.12036
0.3455	0.658513	0.474222	0.557175	2.11528	0.660459	0.471013	0.559479	2.11777
0.3465	0.656503	0.47755	0.554795	2.11269	0.65844	0.474347	0.557086	2.11518
0.3475	0.654497	0.480877	0.552423	2.11011	0.656426	0.47768	0.554702	2.11259
0.3485	0.652496	0.484204	0.55006	2.10752	0.654416	0.481013	0.552326	2.11
0.3495	0.6505	0.487532	0.547706	2.10494	0.652412	0.484347	0.54996	2.10741
0.3505	0.648509	0.490859	0.54536	2.10236	0.650413	0.48768	0.547602	2.10482
0.3515	0.646522	0.494186	0.543023	2.09978	0.648418	0.491013	0.545252	2.10224
0.3525	0.644541	0.497514	0.540695	2.09721	0.646429	0.494347	0.542911	2.09966
0.3535	0.642565	0.500841	0.538375	2.09463	0.644444	0.49768	0.540579	2.09708
0.3545	0.640593	0.504168	0.536064	2.09206	0.642464	0.501013	0.538255	2.0945
0.3555	0.638626	0.507495	0.533761	2.08949	0.640489	0.504347	0.53594	2.09192
0.3565	0.636665	0.510822	0.531467	2.08692	0.638519	0.50768	0.533634	2.08934
0.3575	0.634708	0.514149	0.529181	2.08435	0.636554	0.511013	0.531336	2.08677
0.3585	0.632756	0.517476	0.526904	2.08178	0.634593	0.514347	0.529046	2.08419
0.3595	0.630808	0.520803	0.524635	2.07922	0.632638	0.51768	0.526765	2.08162
0.3605	0.628866	0.52413	0.522375	2.07666	0.630687	0.521013	0.524493	2.07905
0.3615	0.626928	0.527457	0.520123	2.07409	0.628741	0.524347	0.522229	2.07648
0.3625	0.624995	0.530783	0.51788	2.07153	0.6268	0.52768	0.519973	2.07392
0.3635	0.623067	0.53411	0.515644	2.06898	0.624864	0.531013	0.517725	2.07135
0.3645	0.621144	0.537436	0.513418	2.06642	0.622932	0.534347	0.515486	2.06879
0.3655	0.619226	0.540763	0.511199	2.06386	0.621005	0.53768	0.513255	2.06623
0.3665	0.617312	0.544089	0.508989	2.06131	0.619083	0.541013	0.511033	2.06367
0.3675	0.615403	0.547416	0.506787	2.05876	0.617166	0.544347	0.508818	2.06111
0.3685	0.613499	0.550742	0.504593	2.05621	0.615254	0.54768	0.506612	2.05855
0.3695	0.6116	0.554068	0.502407	2.05366	0.613346	0.551013	0.504415	2.056
0.3705	0.609705	0.557394	0.50023	2.05111	0.611443	0.554347	0.502225	2.05344
0.3715	0.607816	0.56072	0.49806	2.04857	0.609545	0.55768	0.500043	2.05089
0.3725	0.605931	0.564046	0.495899	2.04602	0.607651	0.561013	0.49787	2.04834
0.3735	0.60405	0.567372	0.493746	2.04348	0.605762	0.564347	0.495705	2.04579
0.3745	0.602175	0.570697	0.491601	2.04094	0.603878	0.56768	0.493547	2.04324
0.3755	0.600304	0.574023	0.489464	2.0384	0.601999	0.571013	0.491398	2.0407
0.3765	0.598438	0.577348	0.487336	2.03587	0.600124	0.574347	0.489257	2.03815
0.3775	0.596576	0.580673	0.485215	2.03333	0.598254	0.57768	0.487124	2.03561
0.3785	0.59472	0.583999	0.483102	2.0308	0.596388	0.581013	0.484999	2.03307
0.3795	0.592868	0.587324	0.480997	2.02826	0.594527	0.584347	0.482882	2.03053
0.3805	0.59102	0.590648	0.4789	2.02573	0.592671	0.58768	0.480772	2.02799
0.3815	0.589178	0.593973	0.476811	2.02321	0.59082	0.591013	0.478671	2.02545
0.3825	0.58734	0.597298	0.47473	2.02068	0.588973	0.594347	0.476577	2.02292
0.3835	0.585507	0.600622	0.472657	2.01815	0.587131	0.59768	0.474492	2.02038
0.3845	0.583678	0.603946	0.470592	2.01563	0.585293	0.601013	0.472414	2.01785
0.3855	0.581854	0.60727	0.468534	2.01311	0.58346	0.604347	0.470344	2.01532
0.3865	0.580035	0.610594	0.466485	2.01059	0.581632	0.60768	0.468282	2.01279
0.3875	0.57822	0.613918	0.464443	2.00807	0.579808	0.611013	0.466227	2.01027
0.3885	0.57641	0.617242	0.462409	2.00555	0.577989	0.614347	0.464181	2.00774
0.3895	0.574605	0.620565	0.460382	2.00304	0.576174	0.61768	0.462141	2.00522
0.3905	0.572804	0.623888	0.458364	2.00053	0.574364	0.621013	0.46011	2.00269
0.3915	0.571008	0.627211	0.456353	1.99801	0.572558	0.624347	0.458086	2.00017
0.3925	0.569217	0.630534	0.45435	1.9955	0.570757	0.62768	0.45607	1.99766
0.3935	0.56743	0.633856	0.452354	1.993	0.568961	0.631013	0.454062	1.99514
0.3945	0.565648	0.637178	0.450367	1.99049	0.567169	0.634347	0.452061	1.99262
0.3955	0.56387	0.640501	0.448386	1.98799	0.565381	0.63768	0.450068	1.99011
0.3965	0.562097	0.643822	0.446414	1.98548	0.563598	0.641013	0.448082	1.98759
0.3975	0.560329	0.647144	0.444449	1.98298	0.56182	0.644347	0.446104	1.98508
0.3985	0.558565	0.650465	0.442492	1.98048	0.560046	0.64768	0.444133	1.98257
0.3995	0.556806	0.653786	0.440542	1.97799	0.558276	0.651013	0.44217	1.98007
0.4005	0.555051	0.657107	0.4386	1.97549	0.556511	0.654347	0.440214	1.97756
0.4015	0.553301	0.660427	0.436665	1.973	0.554751	0.65768	0.438265	1.97505
0.4025	0.551556	0.663747	0.434738	1.9705	0.552995	0.661013	0.436324	1.97255
0.4035	0.549815	0.667067	0.432818	1.96801	0.551243	0.664347	0.434391	1.97005
0.4045	0.548079	0.670386	0.430906	1.96553	0.549496	0.66768	0.432464	1.96755
0.4055	0.546347	0.673705	0.429001	1.96304	0.547753	0.671013	0.430545	1.96505
0.4065	0.54462	0.677023	0.427103	1.96056	0.546015	0.674347	0.428634	1.96255
0.4075	0.542898	0.680341	0.425213	1.95807	0.544281	0.67768	0.426729	1.96006
0.4085	0.54118	0.683659	0.423331	1.95559	0.542551	0.681013	0.424832	1.95757
0.4095	0.539467	0.686976	0.421456	1.95311	0.540826	0.684347	0.422942	1.95507
0.4105	0.537758	0.690293	0.419588	1.95064	0.539106	0.68768	0.421059	1.95258
0.4115	0.536054	0.69361	0.417728	1.94816	0.537389	0.691013	0.419184	1.95009
0.4125	0.534354	0.696925	0.415875	1.94569	0.535677	0.694347	0.417316	1.94761
0.4135	0.532659	0.700241	0.414029	1.94322	0.53397	0.69768	0.415454	1.94512
0.4145	0.530969	0.703556	0.412191	1.94075	0.532267	0.701013	0.4136	1.94264
0.4155	0.529283	0.70687	0.41036	1.93828	0.530568	0.704347	0.411753	1.94015
0.4165	0.527601	0.710183	0.408536	1.93582	0.528873	0.70768	0.409913	1.93767
0.4175	0.525925	0.713496	0.406719	1.93335	0.527183	0.711013	0.40808	1.93519
0.4185	0.524253	0.716809	0.40491	1.93089	0.525497	0.714347	0.406255	1.93272
0.4195	0.522585	0.720121	0.403108	1.92843	0.523815	0.71768	0.404436	1.93024
0.4205	0.520922	0.723432	0.401314	1.92598	0.522138	0.721013	0.402624	1.92777
0.4215	0.519264	0.726742	0.399526	1.92352	0.520465	0.724347	0.400819	1.92529
0.4225	0.51761	0.730051	0.397746	1.92107	0.518797	0.72768	0.399021	1.92282
0.4235	0.515961	0.73336	0.395973	1.91862	0.517132	0.731013	0.39723	1.92035
0.4245	0.514316	0.736668	0.394207	1.91617	0.515472	0.734347	0.395446	1.91788
0.4255	0.512676	0.739976	0.392448	1.91372	0.513816	0.73768	0.393669	1.91542
0.4265	0.511041	0.743282	0.390697	1.91128	0.512165	0.741013	0.391898	1.91295
0.4275	0.50941	0.746587	0.388953	1.90884	0.510517	0.744347	0.390135	1.91049
0.4285	0.507784	0.749892	0.387216	1.9064	0.508874	0.74768	0.388378	1.90803
0.4295	0.506163	0.753195	0.385486	1.90396	0.507235	0.751013	0.386628	1.90557
0.4305	0.504546	0.756498	0.383763	1.90153	0.505601	0.754347	0.384885	1.90311
0.4315	0.502934	0.7598	0.382047	1.89909	0.50397	0.75768	0.383148	1.90065
0.4325	0.501326	0.7631	0.380339	1.89666	0.502344	0.761013	0.381418	1.89819
0.4335	0.499723	0.7664	0.378637	1.89423	0.500722	0.764347	0.379695	1.89574
0.4345	0.498125	0.769698	0.376943	1.89181	0.499104	0.76768	0.377979	1.89329
0.4355	0.496531	0.772995	0.375256	1.88939	0.497491	0.771013	0.376269	1.89084
0.4365	0.494942	0.776291	0.373575	1.88697	0.495881	0.774347	0.374566	1.88839
0.4375	0.493358	0.779586	0.371902	1.88455	0.494276	0.77768	0.37287	1.88594
0.4385	0.491778	0.782879	0.370236	1.88213	0.492675	0.781013	0.37118	1.88349
0.4395	0.490203	0.786171	0.368578	1.87972	0.491078	0.784347	0.369496	1.88105
0.4405	0.488633	0.789462	0.366926	1.87731	0.489485	0.78768	0.36782	1.87861
0.4415	0.487068	0.79275	0.365281	1.8749	0.487896	0.791013	0.366149	1.87616
0.4425	0.485507	0.796038	0.363644	1.87249	0.486312	0.794347	0.364486	1.87373
0.4435	0.483951	0.799323	0.362013	1.87009	0.484731	0.79768	0.362828	1.87129
0.4445	0.482401	0.802607	0.36039	1.86769	0.483155	0.801013	0.361178	1.86885
0.4455	0.480855	0.805889	0.358774	1.8653	0.481583	0.804347	0.359533	1.86642
0.4465	0.479313	0.809169	0.357166	1.8629	0.480014	0.80768	0.357895	1.86398
0.4475	0.477777	0.812446	0.355564	1.86051	0.47845	0.811013	0.356264	1.86155
0.4485	0.476246	0.815721	0.35397	1.85812	0.47689	0.814347	0.354639	1.85912
0.4495	0.47472	0.818994	0.352383	1.85574	0.475335	0.81768	0.35302	1.85669
0.4505	0.4732	0.822264	0.350804	1.85336	0.473783	0.821013	0.351407	1.85426
0.4515	0.471684	0.82553	0.349232	1.85098	0.472235	0.824347	0.349801	1.85184
0.4525	0.470174	0.828793	0.347668	1.84861	0.470691	0.82768	0.348201	1.84942
0.4535	0.46867	0.832053	0.346112	1.84624	0.469151	0.831013	0.346608	1.84699
0.4545	0.467171	0.835308	0.344563	1.84388	0.467616	0.834347	0.34502	1.84457
0.4555	0.465679	0.838559	0.343023	1.84152	0.466084	0.83768	0.343439	1.84215
0.4565	0.464192	0.841805	0.341491	1.83917	0.464557	0.841013	0.341864	1.83974
0.4575	0.462712	0.845045	0.339968	1.83682	0.463033	0.844347	0.340296	1.83732
0.4585	0.461239	0.848278	0.338453	1.83448	0.461513	0.84768	0.338733	1.83491
0.4595	0.459773	0.851505	0.336948	1.83214	0.459998	0.851013	0.337177	1.83249
0.4605	0.458314	0.854722	0.335452	1.82982	0.458486	0.854347	0.335627	1.83008
0.4615	0.456863	0.857931	0.333966	1.8275	0.456978	0.85768	0.334083	1.82767
0.4625	0.455421	0.861128	0.332491	1.82519	0.455475	0.861013	0.332545	1.82526
0.4635	0.453988	0.864313	0.331028	1.82289	0.453975	0.864347	0.331013	1.82286
0.4645	0.452565	0.867483	0.329576	1.8206	0.452479	0.86768	0.329487	1.82045
0.4655	0.451154	0.870636	0.328138	1.81833	0.450987	0.871013	0.327967	1.81805
0.4665	0.449755	0.873769	0.326715	1.81607	0.449499	0.874347	0.326453	1.81565
0.4675	0.44837	0.876879	0.325307	1.81383	0.448015	0.87768	0.324945	1.81325
0.4685	0.447	0.879961	0.323917	1.81161	0.446535	0.881013	0.323443	1.81085
0.4695	0.445649	0.88301	0.322546	1.80942	0.445059	0.884347	0.321947	1.80845
0.4705	0.444317	0.886021	0.321198	1.80726	0.443587	0.88768	0.320458	1.80606
0.4715	0.443009	0.888987	0.319875	1.80513	0.442119	0.891013	0.318973	1.80366
0.4725	0.441726	0.891901	0.318579	1.80303	0.440654	0.894347	0.317495	1.80127
0.4735	0.440474	0.894753	0.317315	1.80099	0.439194	0.89768	0.316023	1.79888
0.4745	0.439255	0.897535	0.316087	1.79899	0.437737	0.901013	0.314557	1.79649
0.4755	0.438074	0.900236	0.314898	1.79706	0.436284	0.904347	0.313096	1.7941
0.4765	0.436936	0.902844	0.313753	1.79519	0.434835	0.90768	0.311641	1.79172
0.4775	0.435846	0.905349	0.312658	1.7934	0.43339	0.911013	0.310192	1.78934
0.4785	0.434808	0.907738	0.311616	1.79169	0.431949	0.914347	0.308749	1.78695
0.4795	0.433827	0.91	0.310632	1.79007	0.430512	0.91768	0.307311	1.78457
0.4805	0.432907	0.912125	0.30971	1.78855	0.429078	0.921013	0.30588	1.78219
0.4815	0.432052	0.914104	0.308854	1.78713	0.427648	0.924347	0.304454	1.77981
0.4825	0.431264	0.915929	0.308066	1.78583	0.426319	0.927453	0.30313	1.7776
0.4835	0.430546	0.917594	0.307348	1.78464	0.426319	0.927453	0.30313	1.7776
0.4845	0.429899	0.919099	0.306701	1.78357	0.426319	0.927453	0.30313	1.7776
0.4855	0.429321	0.920442	0.306125	1.78261	0.426319	0.927453	0.30313	1.7776
0.4865	0.428812	0.921628	0.305616	1.78176	0.426319	0.927453	0.30313	1.7776
0.4875	0.428368	0.922662	0.305174	1.78102	0.426319	0.927453	0.30313	1.7776
0.4885	0.427986	0.923552	0.304793	1.78039	0.426319	0.927453	0.30313	1.7776
0.4895	0.427662	0.92431	0.304469	1.77985	0.426319	0.927453	0.30313	1.7776
0.4905	0.427389	0.924947	0.304198	1.7794	0.426319	0.927453	0.30313	1.7776
0.4915	0.427163	0.925475	0.303972	1.77902	0.426319	0.927453	0.30313	1.7776
0.4925	0.426977	0.925908	0.303788	1.77871	0.426319	0.927453	0.30313	1.7776
0.4935	0.426827	0.926259	0.303638	1.77846	0.426319	0.927453	0.30313	1.7776
0.4945	0.426707	0.92654	0.303518	1.77826	0.426319	0.927453	0.30313	1.7776
0.4955	0.426612	0.926763	0.303424	1.7781	0.426319	0.927453	0.30313	1.7776
0.4965	0.426537	0.926938	0.303349	1.77798	0.426319	0.927453	0.30313	1.7776
0.4975	0.426479	0.927073	0.303292	1.77788	0.426319	0.927453	0.30313	1.7776
0.4985	0.426435	0.927177	0.303247	1.77781	0.426319	0.927453	0.30313	1.7776
0.4995	0.426401	0.927256	0.303214	1.77775	0.426319	0.927453	0.30313	1.7776
0.5005	0.426376	0.927316	0.303188	1.77771	0.426319	0.927453	0.30313	1.7776
0.5015	0.426356	0.92736	0.303169	1.77768	0.426319	0.927453	0.30313	1.7776
0.5025	0.426342	0.927393	0.303155	1.77765	0.426319	0.927453	0.30313	1.7776
0.5035	0.426332	0.927418	0.303145	1.77763	0.426319	0.927453	0.30313	1.7776
0.5045	0.426324	0.927435	0.303137	1.77762	0.426319	0.927453	0.30313	1.7776
0.5055	0.426319	0.927448	0.303132	1.77761	0.426319	0.927453	0.30313	1.7776
0.5065	0.426315	0.927457	0.303128	1.77761	0.426319	0.927453	0.30313	1.7776
0.5075	0.426312	0.927463	0.303126	1.7776	0.426319	0.927453	0.30313	1.7776
0.5085	0.42631	0.927468	0.303124	1.7776	0.426319	0.927453	0.30313	1.7776
0.5095	0.426309	0.927471	0.303122	1.7776	0.426319	0.927453	0.30313	1.7776
0.5105	0.426308	0.927473	0.303122	1.7776	0.426319	0.927453	0.30313	1.7776
0.5115	0.426308	0.927474	0.303121	1.7776	0.426319	0.927453	0.30313	1.7776
0.5125	0.426307	0.927475	0.303121	1.7776	0.426319	0.927453	0.30313	1.7776
0.5135	0.426307	0.927475	0.303121	1.7776	0.426319	0.927453	0.30313	1.7776
0.5145	0.426307	0.927475	0.303121	1.7776	0.426319	0.927453	0.30313	1.7776
0.5155	0.426307	0.927475	0.303121	1.7776	0.426319	0.927453	0.30313	1.7776
0.5165	0.426307	0.927475	0.303121	1.7776	0.426319	0.927453	0.30313	1.7776
0.5175	0.426307	0.927475	0.303121	1.7776	0.426319	0.927453	0.30313	1.7776
0.5185	0.426307	0.927475	0.303121	1.7776	0.426319	0.927453	0.30313	1.7776
0.5195	0.426308	0.927473	0.303121	1.7776	0.426319	0.927453	0.30313	1.7776
0.5205	0.426308	0.927472	0.303122	1.7776	0.426319	0.927453	0.30313	1.7776
0.5215	0.426309	0.92747	0.303123	1.7776	0.426319	0.927453	0.30313	1.7776
0.5225	0.42631	0.927468	0.303124	1.7776	0.426319	0.927453	0.30313	1.7776
0.5235	0.426311	0.927466	0.303124	1.7776	0.426319	0.927453	0.30313	1.7776
0.5245	0.426311	0.927464	0.303125	1.7776	0.426319	0.927453	0.30313	1.7776
0.5255	0.426312	0.927463	0.303126	1.77761	0.426319	0.927453	0.30313	1.7776
0.5265	0.426313	0.927461	0.303127	1.77761	0.426319	0.927453	0.30313	1.7776
0.5275	0.426314	0.927459	0.303127	1.77761	0.426319	0.927453	0.30313	1.7776
0.5285	0.426314	0.927457	0.303128	1.77761	0.426319	0.927453	0.30313	1.7776
0.5295	0.426315	0.927455	0.303129	1.77761	0.426319	0.927453	0.30313	1.7776
0.5305	0.426316	0.927453	0.30313	1.77761	0.426319	0.927453	0.30313	1.7776
0.5315	0.426317	0.927451	0.303131	1.77761	0.426319	0.927453	0.30313	1.7776
0.5325	0.426318	0.92745	0.303131	1.77762	0.426319	0.927453	0.30313	1.7776
0.5335	0.426318	0.927448	0.303132	1.77762	0.426319	0.927453	0.30313	1.7776
0.5345	0.426319	0.927446	0.303133	1.77762	0.426319	0.927453	0.30313	1.7776
0.5355	0.426319	0.927445	0.303133	1.77762	0.426319	0.927453	0.30313	1.7776
0.5365	0.42632	0.927444	0.303134	1.77762	0.426319	0.927453	0.30313	1.7776
0.5375	0.42632	0.927443	0.303134	1.77762	0.426319	0.927453	0.30313	1.7776
0.5385	0.42632	0.927443	0.303134	1.77762	0.426319	0.927453	0.30313	1.7776
0.5395	0.42632	0.927442	0.303134	1.77762	0.426319	0.927453	0.30313	1.7776
0.5405	0.42632	0.927442	0.303135	1.77762	0.426319	0.927453	0.30313	1.7776
0.5415	0.42632	0.927442	0.303135	1.77762	0.426319	0.927453	0.30313	1.7776
0.5425	0.42632	0.927442	0.303135	1.77762	0.426319	0.927453	0.30313	1.7776
0.5435	0.42632	0.927442	0.303135	1.77762	0.426319	0.927453	0.30313	1.7776
0.5445	0.42632	0.927442	0.303135	1.77762	0.426319	0.927453	0.30313	1.7776
0.5455	0.42632	0.927442	0.303135	1.77762	0.426319	0.927453	0.30313	1.7776
0.5465	0.42632	0.927442	0.303135	1.77762	0.426319	0.927453	0.30313	1.7776
0.5475	0.42632	0.927443	0.303134	1.77762	0.426319	0.927453	0.30313	1.7776
0.5485	0.426319	0.927445	0.303133	1.77762	0.426319	0.927453	0.30313	1.7776
0.5495	0.426318	0.927448	0.303132	1.77762	0.426319	0.927453	0.30313	1.7776
0.5505	0.426316	0.927451	0.303131	1.77762	0.426319	0.927453	0.30313	1.7776
0.5515	0.426315	0.927454	0.30313	1.77761	0.426319	0.927453	0.30313	1.7776
0.5525	0.426314	0.927456	0.303129	1.77761	0.426319	0.927453	0.30313	1.7776
0.5535	0.426313	0.927458	0.303128	1.77761	0.426319	0.927453	0.30313	1.7776
0.5545	0.426312	0.92746	0.303127	1.77761	0.426319	0.927453	0.30313	1.7776
0.5555	0.426312	0.927461	0.303126	1.77761	0.426319	0.927453	0.30313	1.7776
0.5565	0.426311	0.927462	0.303126	1.77761	0.426319	0.927453	0.30313	1.7776
0.5575	0.426311	0.927463	0.303126	1.77761	0.426319	0.927453	0.30313	1.7776
0.5585	0.426311	0.927463	0.303126	1.77761	0.426319	0.927453	0.30313	1.7776
0.5595	0.426311	0.927463	0.303126	1.77761	0.426319	0.927453	0.30313	1.7776
0.5605	0.426311	0.927463	0.303126	1.77761	0.426319	0.927453	0.30313	1.7776
0.5615	0.426311	0.927463	0.303126	1.77761	0.426319	0.927453	0.30313	1.7776
0.5625	0.426311	0.927463	0.303126	1.77761	0.426319	0.927453	0.30313	1.7776
0.5635	0.426311	0.927463	0.303126	1.77761	0.426319	0.927453	0.30313	1.7776
0.5645	0.426311	0.927463	0.303126	1.77761	0.426319	0.927453	0.30313	1.7776
0.5655	0.426311	0.927463	0.303126	1.77761	0.426319	0.927453	0.30313	1.7776
0.5665	0.426311	0.927462	0.303126	1.77761	0.426319	0.927453	0.30313	1.7776
0.5675	0.426311	0.927461	0.303126	1.77761	0.426319	0.927453	0.30313	1.7776
0.5685	0.426312	0.92746	0.303127	1.77761	0.426319	0.927453	0.30313	1.7776
0.5695	0.426312	0.927459	0.303127	1.77762	0.426319	0.927453	0.30313	1.7776
0.5705	0.426312	0.927458	0.303128	1.77762	0.426319	0.927453	0.30313	1.7776
0.5715	0.426313	0.927457	0.303128	1.77762	0.426319	0.927453	0.30313	1.7776
0.5725	0.426313	0.927456	0.303129	1.77762	0.426319	0.927453	0.30313	1.7776
0.5735	0.426314	0.927454	0.303129	1.77762	0.426319	0.927453	0.30313	1.7776
0.5745	0.426314	0.927453	0.30313	1.77762	0.426319	0.927453	0.30313	1.7776
0.5755	0.426314	0.927453	0.30313	1.77762	0.426319	0.927453	0.30313	1.7776
0.5765	0.426314	0.927452	0.30313	1.77762	0.426319	0.927453	0.30313	1.7776
0.5775	0.426315	0.927452	0.303131	1.77762	0.426319	0.927453	0.30313	1.7776
0.5785	0.426315	0.927451	0.303131	1.77762	0.426319	0.927453	0.30313	1.7776
0.5795	0.426315	0.927451	0.303131	1.77762	0.426319	0.927453	0.30313	1.7776
0.5805	0.426315	0.927451	0.303131	1.77762	0.426319	0.927453	0.30313	1.7776
0.5815	0.426315	0.92745	0.303131	1.77762	0.426319	0.927453	0.30313	1.7776
0.5825	0.426315	0.92745	0.303131	1.77762	0.426319	0.927453	0.30313	1.7776
0.5835	0.426315	0.927449	0.303131	1.77763	0.426319	0.927453	0.30313	1.7776
0.5845	0.426316	0.927448	0.303132	1.77763	0.426319	0.927453	0.30313	1.7776
0.5855	0.426316	0.927447	0.303133	1.77763	0.426319	0.927453	0.30313	1.7776
0.5865	0.426316	0.927446	0.303133	1.77763	0.426319	0.927453	0.30313	1.7776
0.5875	0.426317	0.927445	0.303133	1.77763	0.426319	0.927453	0.30313	1.7776
0.5885	0.426317	0.927444	0.303134	1.77763	0.426319	0.927453	0.30313	1.7776
0.5895	0.426317	0.927443	0.303134	1.77763	0.426319	0.927453	0.30313	1.7776
0.5905	0.426318	0.927442	0.303135	1.77763	0.426319	0.927453	0.30313	1.7776
0.5915	0.426318	0.927441	0.303135	1.77763	0.426319	0.927453	0.30313	1.7776
0.5925	0.426318	0.92744	0.303135	1.77764	0.426319	0.927453	0.30313	1.7776
0.5935	0.426318	0.92744	0.303136	1.77764	0.426319	0.927453	0.30313	1.7776
0.5945	0.426318	0.927439	0.303136	1.77764	0.426319	0.927453	0.30313	1.7776
0.5955	0.426319	0.927439	0.303136	1.77764	0.426319	0.927453	0.30313	1.7776
0.5965	0.426319	0.927439	0.303136	1.77764	0.426319	0.927453	0.30313	1.7776
0.5975	0.426319	0.927438	0.303136	1.77764	0.426319	0.927453	0.30313	1.7776
0.5985	0.426319	0.927438	0.303136	1.77764	0.426319	0.927453	0.30313	1.7776
0.5995	0.426319	0.927438	0.303136	1.77764	0.426319	0.927453	0.30313	1.7776
0.6005	0.426319	0.927438	0.303136	1.77764	0.426319	0.927453	0.30313	1.7776
0.6015	0.426319	0.927438	0.303136	1.77764	0.426319	0.927453	0.30313	1.7776
0.6025	0.426318	0.927437	0.303137	1.77764	0.426319	0.927453	0.30313	1.7776
0.6035	0.426318	0.927437	0.303137	1.77764	0.426319	0.927453	0.30313	1.7776
0.6045	0.426318	0.927438	0.303136	1.77764	0.426319	0.927453	0.30313	1.7776
0.6055	0.426317	0.927439	0.303136	1.77764	0.426319	0.927453	0.30313	1.7776
0.6065	0.426316	0.927442	0.303135	1.77764	0.426319	0.927453	0.30313	1.7776
0.6075	0.426315	0.927444	0.303134	1.77764	0.426319	0.927453	0.30313	1.7776
0.6085	0.426313	0.927448	0.303132	1.77764	0.426319	0.927453	0.30313	1.7776
0.6095	0.426312	0.927451	0.303131	1.77764	0.426319	0.927453	0.30313	1.7776
0.6105	0.42631	0.927454	0.30313	1.77763	0.426319	0.927453	0.30313	1.7776
0.6115	0.426309	0.927457	0.303128	1.77763	0.426319	0.927453	0.30313	1.7776
0.6125	0.426308	0.927459	0.303127	1.77763	0.426319	0.927453	0.30313	1.7776
0.6135	0.426307	0.927461	0.303126	1.77763	0.426319	0.927453	0.30313	1.7776
0.6145	0.426306	0.927463	0.303126	1.77763	0.426319	0.927453	0.30313	1.7776
0.6155	0.426305	0.927464	0.303125	1.77763	0.426319	0.927453	0.30313	1.7776
0.6165	0.426305	0.927465	0.303125	1.77763	0.426319	0.927453	0.30313	1.7776
0.6175	0.426305	0.927465	0.303125	1.77763	0.426319	0.927453	0.30313	1.7776
0.6185	0.426304	0.927465	0.303125	1.77763	0.426319	0.927453	0.30313	1.7776
0.6195	0.426304	0.927465	0.303125	1.77763	0.426319	0.927453	0.30313	1.7776
0.6205	0.426304	0.927465	0.303125	1.77763	0.426319	0.927453	0.30313	1.7776
0.6215	0.426304	0.927465	0.303125	1.77763	0.426319	0.927453	0.30313	1.7776
0.6225	0.426304	0.927464	0.303125	1.77763	0.426319	0.927453	0.30313	1.7776
0.6235	0.426304	0.927464	0.303125	1.77764	0.426319	0.927453	0.30313	1.7776
0.6245	0.426304	0.927463	0.303126	1.77764	0.426319	0.927453	0.30313	1.7776
0.6255	0.426304	0.927462	0.303126	1.77764	0.426319	0.927453	0.30313	1.7776
0.6265	0.426305	0.927461	0.303126	1.77764	0.426319	0.927453	0.30313	1.7776
0.6275	0.426305	0.92746	0.303127	1.77764	0.426319	0.927453	0.30313	1.7776
0.6285	0.426305	0.92746	0.303127	1.77764	0.426319	0.927453	0.30313	1.7776
0.6295	0.426305	0.927459	0.303127	1.77764	0.426319	0.927453	0.30313	1.7776
0.6305	0.426305	0.927459	0.303128	1.77765	0.426319	0.927453	0.30313	1.7776
0.6315	0.426305	0.927458	0.303128	1.77765	0.426319	0.927453	0.30313	1.7776
0.6325	0.426305	0.927457	0.303128	1.77765	0.426319	0.927453	0.30313	1.7776
0.6335	0.426305	0.927456	0.303129	1.77765	0.426319	0.927453	0.30313	1.7776
0.6345	0.426305	0.927455	0.303129	1.77765	0.426319	0.927453	0.30313	1.7776
0.6355	0.426305	0.927455	0.303129	1.77765	0.426319	0.927453	0.30313	1.7776
0.6365	0.426305	0.927454	0.30313	1.77766	0.426319	0.927453	0.30313	1.7776
0.6375	0.426305	0.927453	0.30313	1.77766	0.426319	0.927453	0.30313	1.7776
0.6385	0.426305	0.927452	0.30313	1.77766	0.426319	0.927453	0.30313	1.7776
0.6395	0.426305	0.927452	0.30313	1.77766	0.426319	0.927453	0.30313	1.7776
0.6405	0.426305	0.927451	0.303131	1.77766	0.426319	0.927453	0.30313	1.7776
0.6415	0.426305	0.92745	0.303131	1.77766	0.426319	0.927453	0.30313	1.7776
0.6425	0.426305	0.927449	0.303131	1.77767	0.426319	0.927453	0.30313	1.7776
0.6435	0.426305	0.927449	0.303132	1.77767	0.426319	0.927453	0.30313	1.7776
0.6445	0.426305	0.927448	0.303132	1.77767	0.426319	0.927453	0.30313	1.7776
0.6455	0.426305	0.927447	0.303132	1.77767	0.426319	0.927453	0.30313	1.7776
0.6465	0.426305	0.927447	0.303133	1.77767	0.426319	0.927453	0.30313	1.7776
0.6475	0.426305	0.927446	0.303133	1.77768	0.426319	0.927453	0.30313	1.7776
0.6485	0.426305	0.927445	0.303133	1.77768	0.426319	0.927453	0.30313	1.7776
0.6495	0.426305	0.927444	0.303134	1.77768	0.426319	0.927453	0.30313	1.7776
0.6505	0.426305	0.927443	0.303134	1.77768	0.426319	0.927453	0.30313	1.7776
0.6515	0.426305	0.927442	0.303134	1.77769	0.426319	0.927453	0.30313	1.7776
0.6525	0.426305	0.927442	0.303135	1.77769	0.426319	0.927453	0.30313	1.7776
0.6535	0.426305	0.927441	0.303135	1.77769	0.426319	0.927453	0.30313	1.7776
0.6545	0.426305	0.92744	0.303135	1.77769	0.426319	0.927453	0.30313	1.7776
0.6555	0.426305	0.92744	0.303136	1.77769	0.426319	0.927453	0.30313	1.7776
0.6565	0.426304	0.927439	0.303136	1.7777	0.426319	0.927453	0.30313	1.7776
0.6575	0.426304	0.927438	0.303136	1.7777	0.426319	0.927453	0.30313	1.7776
0.6585	0.426303	0.927437	0.303136	1.7777	0.426319	0.927453	0.30313	1.7776
0.6595	0.426303	0.927437	0.303137	1.77771	0.426319	0.927453	0.30313	1.7776
0.6605	0.426303	0.927437	0.303137	1.77771	0.426319	0.927453	0.30313	1.7776
0.6615	0.426302	0.927437	0.303137	1.77771	0.426319	0.927453	0.30313	1.7776
0.6625	0.426301	0.927438	0.303136	1.77771	0.426319	0.927453	0.30313	1.7776
0.6635	0.4263	0.927439	0.303136	1.77771	0.426319	0.927453	0.30313	1.7776
0.6645	0.426299	0.927441	0.303135	1.77771	0.426319	0.927453	0.30313	1.7776
0.6655	0.426298	0.927444	0.303134	1.77771	0.426319	0.927453	0.30313	1.7776
0.6665	0.426296	0.927446	0.303133	1.77771	0.426319	0.927453	0.30313	1.7776
0.6675	0.426295	0.927449	0.303131	1.77771	0.426319	0.927453	0.30313	1.7776
0.6685	0.426292	0.927452	0.30313	1.77771	0.426319	0.927453	0.30313	1.7776
0.6695	0.42629	0.927455	0.303129	1.77772	0.426319	0.927453	0.30313	1.7776
0.6705	0.426287	0.927457	0.303128	1.77772	0.426319	0.927453	0.30313	1.7776
0.6715	0.426285	0.92746	0.303127	1.77773	0.426319	0.927453	0.30313	1.7776
0.6725	0.426283	0.927462	0.303126	1.77773	0.426319	0.927453	0.30313	1.7776
0.6735	0.426281	0.927463	0.303125	1.77773	0.426319	0.927453	0.30313	1.7776
0.6745	0.426279	0.927465	0.303125	1.77774	0.426319	0.927453	0.30313	1.7776
0.6755	0.426277	0.927466	0.303124	1.77774	0.426319	0.927453	0.30313	1.7776
0.6765	0.426276	0.927466	0.303124	1.77775	0.426319	0.927453	0.30313	1.7776
0.6775	0.426274	0.927467	0.303124	1.77775	0.426319	0.927453	0.30313	1.7776
0.6785	0.426273	0.927467	0.303124	1.77776	0.426319	0.927453	0.30313	1.7776
0.6795	0.426271	0.927467	0.303124	1.77777	0.426319	0.927453	0.30313	1.7776
0.6805	0.42627	0.927466	0.303124	1.77777	0.426319	0.927453	0.30313	1.7776
0.6815	0.426268	0.927466	0.303124	1.77778	0.426319	0.927453	0.30313	1.7776
0.6825	0.426267	0.927465	0.303125	1.77779	0.426319	0.927453	0.30313	1.7776
0.6835	0.426265	0.927464	0.303125	1.7778	0.426319	0.927453	0.30313	1.7776
0.6845	0.426264	0.927463	0.303126	1.77781	0.426319	0.927453	0.30313	1.7776
0.6855	0.426262	0.927462	0.303126	1.77782	0.426319	0.927453	0.30313	1.7776
0.6865	0.42626	0.927461	0.303126	1.77783	0.426319	0.927453	0.30313	1.7776
0.6875	0.426258	0.92746	0.303127	1.77784	0.426319	0.927453	0.30313	1.7776
0.6885	0.426255	0.927459	0.303127	1.77785	0.426319	0.927453	0.30313	1.7776
0.6895	0.426253	0.927458	0.303128	1.77786	0.426319	0.927453	0.30313	1.7776
0.6905	0.42625	0.927458	0.303128	1.77788	0.426319	0.927453	0.30313	1.7776
0.6915	0.426247	0.927457	0.303128	1.77789	0.426319	0.927453	0.30313	1.7776
0.6925	0.426244	0.927456	0.303129	1.77791	0.426319	0.927453	0.30313	1.7776
0.6935	0.426241	0.927455	0.303129	1.77792	0.426319	0.927453	0.30313	1.7776
0.6945	0.426238	0.927454	0.303129	1.77794	0.426319	0.927453	0.30313	1.7776
0.6955	0.426234	0.927454	0.30313	1.77795	0.426319	0.927453	0.30313	1.7776
0.6965	0.426231	0.927453	0.30313	1.77797	0.426319	0.927453	0.30313	1.7776
0.6975	0.426227	0.927452	0.30313	1.77798	0.426319	0.927453	0.30313	1.7776
0.6985	0.426222	0.927451	0.30313	1.77801	0.426319	0.927453	0.30313	1.7776
0.6995	0.426216	0.927451	0.303131	1.77804	0.426319	0.927453	0.30313	1.7776
0.7005	0.426206	0.92745	0.303131	1.77808	0.426319	0.927453	0.30313	1.7776
0.7015	0.426194	0.927449	0.303131	1.77813	0.426319	0.927453	0.30313	1.7776
0.7025	0.426179	0.927448	0.303132	1.7782	0.426319	0.927453	0.30313	1.7776
0.7035	0.426162	0.927448	0.303132	1.77827	0.426319	0.927453	0.30313	1.7776
0.7045	0.426147	0.927447	0.303132	1.77833	0.426319	0.927453	0.30313	1.7776
0.7055	0.426133	0.927446	0.303133	1.77839	0.426319	0.927453	0.30313	1.7776
0.7065	0.426121	0.927446	0.303133	1.77844	0.426319	0.927453	0.30313	1.7776
0.7075	0.426112	0.927445	0.303133	1.77848	0.426319	0.927453	0.30313	1.7776
0.7085	0.426105	0.927444	0.303134	1.77852	0.426319	0.927453	0.30313	1.7776
0.7095	0.426099	0.927443	0.303134	1.77854	0.426319	0.927453	0.30313	1.7776
0.7105	0.426096	0.927443	0.303134	1.77856	0.426319	0.927453	0.30313	1.7776
0.7115	0.426092	0.927442	0.303135	1.77857	0.426319	0.927453	0.30313	1.7776
0.7125	0.426089	0.927441	0.303135	1.77859	0.426319	0.927453	0.30313	1.7776
0.7135	0.426083	0.92744	0.303135	1.77861	0.426319	0.927453	0.30313	1.7776
0.7145	0.426072	0.927439	0.303136	1.77866	0.426319	0.927453	0.30313	1.7776
0.7155	0.426045	0.927438	0.303136	1.77878	0.426319	0.927453	0.30313	1.7776
0.7165	0.42598	0.927438	0.303136	1.77905	0.426319	0.927453	0.30313	1.7776
0.7175	0.425795	0.927437	0.303136	1.77983	0.426319	0.927453	0.30313	1.7776
0.7185	0.425297	0.927437	0.303137	1.78191	0.426319	0.927453	0.30313	1.7776
0.7195	0.424395	0.927437	0.303137	1.7857	0.426319	0.927453	0.30313	1.7776
0.7205	0.423263	0.927437	0.303136	1.79047	0.426319	0.927453	0.30313	1.7776
0.7215	0.422107	0.927438	0.303136	1.79537	0.426319	0.927453	0.30313	1.7776
0.7225	0.421066	0.92744	0.303135	1.79981	0.426319	0.927453	0.30313	1.7776
0.7235	0.420172	0.927442	0.303135	1.80363	0.426319	0.927453	0.30313	1.7776
0.7245	0.419439	0.927444	0.303134	1.80678	0.426319	0.927453	0.30313	1.7776
0.7255	0.41887	0.927447	0.303132	1.80923	0.426319	0.927453	0.30313	1.7776
0.7265	0.418455	0.92745	0.303131	1.81102	0.426319	0.927453	0.30313	1.7776
0.7275	0.418177	0.927452	0.30313	1.81221	0.426319	0.927453	0.30313	1.7776
0.7285	0.418014	0.927455	0.303129	1.81291	0.426319	0.927453	0.30313	1.7776
0.7295	0.417939	0.927457	0.303128	1.81323	0.426319	0.927453	0.30313	1.7776
0.7305	0.417916	0.927459	0.303127	1.81332	0.426319	0.927453	0.30313	1.7776
0.7315	0.417913	0.927461	0.303127	1.81334	0.426319	0.927453	0.30313	1.7776
0.7325	0.264532	0.927461	0.303126	2.86475	0.265574	0.927453	0.30313	2.85354
0.7335	0.264532	0.927462	0.303126	2.86474	0.265574	0.927453	0.30313	2.85354
0.7345	0.264538	0.927464	0.303126	2.86467	0.265574	0.927453	0.30313	2.85354
0.7355	0.264574	0.927465	0.303125	2.86427	0.265574	0.927453	0.30313	2.85354
0.7365	0.264666	0.927467	0.303125	2.86328	0.265574	0.927453	0.30313	2.85354
0.7375	0.264795	0.927468	0.303125	2.86188	0.265574	0.927453	0.30313	2.85354
0.7385	0.264923	0.927469	0.303125	2.86049	0.265574	0.927453	0.30313	2.85354
0.7395	0.265035	0.92747	0.303125	2.85928	0.265574	0.927453	0.30313	2.85354
0.7405	0.265132	0.92747	0.303125	2.85825	0.265574	0.927453	0.30313	2.85354
0.7415	0.265213	0.92747	0.303125	2.85737	0.265574	0.927453	0.30313	2.85354
0.7425	0.265281	0.92747	0.303125	2.85664	0.265574	0.927453	0.30313	2.85354
0.7435	0.265337	0.92747	0.303125	2.85603	0.265574	0.927453	0.30313	2.85354
0.7445	0.265383	0.92747	0.303125	2.85554	0.265574	0.927453	0.30313	2.85354
0.7455	0.26542	0.927469	0.303126	2.85515	0.265574	0.927453	0.30313	2.85354
0.7465	0.26545	0.927469	0.303126	2.85483	0.265574	0.927453	0.30313	2.85354
0.7475	0.265475	0.927468	0.303126	2.85457	0.265574	0.927453	0.30313	2.85354
0.7485	0.265494	0.927467	0.303126	2.85436	0.265574	0.927453	0.30313	2.85354
0.7495	0.26551	0.927466	0.303127	2.85419	0.265574	0.927453	0.30313	2.85354
0.7505	0.265524	0.927465	0.303127	2.85405	0.265574	0.927453	0.30313	2.85354
0.7515	0.265534	0.927464	0.303127	2.85394	0.265574	0.927453	0.30313	2.85354
0.7525	0.265543	0.927463	0.303128	2.85385	0.265574	0.927453	0.30313	2.85354
0.7535	0.26555	0.927462	0.303128	2.85377	0.265574	0.927453	0.30313	2.85354
0.7545	0.265556	0.927461	0.303128	2.85371	0.265574	0.927453	0.30313	2.85354
0.7555	0.265561	0.927461	0.303128	2.85366	0.265574	0.927453	0.30313	2.85354
0.7565	0.265564	0.92746	0.303128	2.85363	0.265574	0.927453	0.30313	2.85354
0.7575	0.265567	0.927459	0.303129	2.8536	0.265574	0.927453	0.30313	2.85354
0.7585	0.265569	0.927458	0.303129	2.85358	0.265574	0.927453	0.30313	2.85354
0.7595	0.265571	0.927457	0.303129	2.85356	0.265574	0.927453	0.30313	2.85354
0.7605	0.265572	0.927457	0.303129	2.85355	0.265574	0.927453	0.30313	2.85354
0.7615	0.265572	0.927456	0.303129	2.85355	0.265574	0.927453	0.30313	2.85354
0.7625	0.265573	0.927455	0.30313	2.85355	0.265574	0.927453	0.30313	2.85354
0.7635	0.265573	0.927454	0.30313	2.85355	0.265574	0.927453	0.30313	2.85354
0.7645	0.265573	0.927454	0.30313	2.85355	0.265574	0.927453	0.30313	2.85354
0.7655	0.265573	0.927453	0.30313	2.85355	0.265574	0.927453	0.30313	2.85354
0.7665	0.265573	0.927452	0.30313	2.85356	0.265574	0.927453	0.30313	2.85354
0.7675	0.265572	0.927451	0.303131	2.85357	0.265574	0.927453	0.30313	2.85354
0.7685	0.265571	0.927451	0.303131	2.85358	0.265574	0.927453	0.30313	2.85354
0.7695	0.26557	0.92745	0.303131	2.85359	0.265574	0.927453	0.30313	2.85354
0.7705	0.265569	0.927449	0.303131	2.8536	0.265574	0.927453	0.30313	2.85354
0.7715	0.265569	0.927448	0.303131	2.85361	0.265574	0.927453	0.30313	2.85354
0.7725	0.265569	0.927448	0.303132	2.85361	0.265574	0.927453	0.30313	2.85354
0.7735	0.265569	0.927447	0.303132	2.85361	0.265574	0.927453	0.30313	2.85354
0.7745	0.265569	0.927446	0.303132	2.85361	0.265574	0.927453	0.30313	2.85354
0.7755	0.265569	0.927446	0.303132	2.85361	0.265574	0.927453	0.30313	2.85354
0.7765	0.265569	0.927445	0.303132	2.85361	0.265574	0.927453	0.30313	2.85354
0.7775	0.265569	0.927444	0.303132	2.85361	0.265574	0.927453	0.30313	2.85354
0.7785	0.265571	0.927443	0.303133	2.85359	0.265574	0.927453	0.30313	2.85354
0.7795	0.265573	0.927443	0.303133	2.85357	0.265574	0.927453	0.30313	2.85354
0.7805	0.265576	0.927442	0.303133	2.85355	0.265574	0.927453	0.30313	2.85354
0.7815	0.265578	0.927441	0.303133	2.85352	0.265574	0.927453	0.30313	2.85354
0.7825	0.265581	0.92744	0.303134	2.8535	0.265574	0.927453	0.30313	2.85354
0.7835	0.265583	0.927439	0.303134	2.85348	0.265574	0.927453	0.30313	2.85354
0.7845	0.265584	0.927439	0.303134	2.85346	0.265574	0.927453	0.30313	2.85354
0.7855	0.265586	0.927438	0.303134	2.85345	0.265574	0.927453	0.30313	2.85354
0.7865	0.265587	0.927437	0.303135	2.85344	0.265574	0.927453	0.30313	2.85354
0.7875	0.265587	0.927436	0.303135	2.85344	0.265574	0.927453	0.30313	2.85354
0.7885	0.265588	0.927435	0.303135	2.85344	0.265574	0.927453	0.30313	2.85354
0.7895	0.265588	0.927434	0.303135	2.85344	0.265574	0.927453	0.30313	2.85354
0.7905	0.265588	0.927433	0.303135	2.85344	0.265574	0.927453	0.30313	2.85354
0.7915	0.265588	0.927433	0.303136	2.85344	0.265574	0.927453	0.30313	2.85354
0.7925	0.265588	0.927432	0.303136	2.85344	0.265574	0.927453	0.30313	2.85354
0.7935	0.265587	0.927432	0.303136	2.85345	0.265574	0.927453	0.30313	2.85354
0.7945	0.265585	0.927432	0.303136	2.85348	0.265574	0.927453	0.30313	2.85354
0.7955	0.265581	0.927432	0.303136	2.85351	0.265574	0.927453	0.30313	2.85354
0.7965	0.265578	0.927433	0.303135	2.85354	0.265574	0.927453	0.30313	2.85354
0.7975	0.265575	0.927435	0.303135	2.85357	0.265574	0.927453	0.30313	2.85354
0.7985	0.265573	0.927437	0.303134	2.85359	0.265574	0.927453	0.30313	2.85354
0.7995	0.265571	0.927439	0.303133	2.8536	0.265574	0.927453	0.30313	2.85354
0.8005	0.265569	0.927442	0.303132	2.85361	0.265574	0.927453	0.30313	2.85354
0.8015	0.265568	0.927445	0.303131	2.85361	0.265574	0.927453	0.30313	2.85354
0.8025	0.265566	0.927449	0.30313	2.85362	0.265574	0.927453	0.30313	2.85354
0.8035	0.265566	0.927452	0.303129	2.85362	0.265574	0.927453	0.30313	2.85354
0.8045	0.265565	0.927455	0.303128	2.85362	0.265574	0.927453	0.30313	2.85354
0.8055	0.265565	0.927457	0.303127	2.85361	0.265574	0.927453	0.30313	2.85354
0.8065	0.265565	0.927459	0.303127	2.85361	0.265574	0.927453	0.30313	2.85354
0.8075	0.265565	0.927462	0.303126	2.8536	0.265574	0.927453	0.30313	2.85354
0.8085	0.265565	0.927464	0.303125	2.85359	0.265574	0.927453	0.30313	2.85354
0.8095	0.265566	0.927466	0.303125	2.85357	0.265574	0.927453	0.30313	2.85354
0.8105	0.265569	0.927467	0.303125	2.85354	0.265574	0.927453	0.30313	2.85354
0.8115	0.265572	0.927468	0.303124	2.85351	0.265574	0.927453	0.30313	2.85354
0.8125	0.265574	0.927469	0.303124	2.85348	0.265574	0.927453	0.30313	2.85354
0.8135	0.265576	0.92747	0.303124	2.85346	0.265574	0.927453	0.30313	2.85354
0.8145	0.265577	0.927471	0.303124	2.85345	0.265574	0.927453	0.30313	2.85354
0.8155	0.265579	0.927471	0.303124	2.85343	0.265574	0.927453	0.30313	2.85354
0.8165	0.26558	0.927471	0.303124	2.85342	0.265574	0.927453	0.30313	2.85354
0.8175	0.26558	0.927471	0.303125	2.85342	0.265574	0.927453	0.30313	2.85354
0.8185	0.265581	0.927471	0.303125	2.85341	0.265574	0.927453	0.30313	2.85354
0.8195	0.265581	0.92747	0.303125	2.85341	0.265574	0.927453	0.30313	2.85354
0.8205	0.265581	0.92747	0.303125	2.85341	0.265574	0.927453	0.30313	2.85354
0.8215	0.265581	0.927469	0.303126	2.85342	0.265574	0.927453	0.30313	2.85354
0.8225	0.265581	0.927468	0.303126	2.85343	0.265574	0.927453	0.30313	2.85354
0.8235	0.265579	0.927466	0.303126	2.85345	0.265574	0.927453	0.30313	2.85354
0.8245	0.265576	0.927465	0.303127	2.85349	0.265574	0.927453	0.30313	2.85354
0.8255	0.265573	0.927464	0.303127	2.85352	0.265574	0.927453	0.30313	2.85354
0.8265	0.26557	0.927463	0.303127	2.85355	0.265574	0.927453	0.30313	2.85354
0.8275	0.265568	0.927462	0.303128	2.85358	0.265574	0.927453	0.30313	2.85354
0.8285	0.265566	0.927461	0.303128	2.8536	0.265574	0.927453	0.30313	2.85354
0.8295	0.265565	0.927461	0.303128	2.85361	0.265574	0.927453	0.30313	2.85354
0.8305	0.265565	0.92746	0.303128	2.85362	0.265574	0.927453	0.30313	2.85354
0.8315	0.265564	0.927459	0.303128	2.85363	0.265574	0.927453	0.30313	2.85354
0.8325	0.265564	0.927458	0.303129	2.85363	0.265574	0.927453	0.30313	2.85354
0.8335	0.265564	0.927458	0.303129	2.85363	0.265574	0.927453	0.30313	2.85354
0.8345	0.265564	0.927457	0.303129	2.85363	0.265574	0.927453	0.30313	2.85354
0.8355	0.265564	0.927456	0.303129	2.85363	0.265574	0.927453	0.30313	2.85354
0.8365	0.265565	0.927455	0.303129	2.85363	0.265574	0.927453	0.30313	2.85354
0.8375	0.265566	0.927454	0.30313	2.85362	0.265574	0.927453	0.30313	2.85354
0.8385	0.265568	0.927454	0.30313	2.8536	0.265574	0.927453	0.30313	2.85354
0.8395	0.26557	0.927453	0.30313	2.85358	0.265574	0.927453	0.30313	2.85354
0.8405	0.265573	0.927452	0.30313	2.85355	0.265574	0.927453	0.30313	2.85354
0.8415	0.265576	0.927451	0.30313	2.85352	0.265574	0.927453	0.30313	2.85354
0.8425	0.265578	0.927451	0.303131	2.85349	0.265574	0.927453	0.30313	2.85354
0.8435	0.265581	0.92745	0.303131	2.85347	0.265574	0.927453	0.30313	2.85354
0.8445	0.265583	0.927449	0.303131	2.85345	0.265574	0.927453	0.30313	2.85354
0.8455	0.265584	0.927448	0.303131	2.85344	0.265574	0.927453	0.30313	2.85354
0.8465	0.265585	0.927448	0.303131	2.85343	0.265574	0.927453	0.30313	2.85354
0.8475	0.265585	0.927447	0.303132	2.85343	0.265574	0.927453	0.30313	2.85354
0.8485	0.265586	0.927446	0.303132	2.85343	0.265574	0.927453	0.30313	2.85354
0.8495	0.265586	0.927445	0.303132	2.85343	0.265574	0.927453	0.30313	2.85354
0.8505	0.265586	0.927445	0.303132	2.85343	0.265574	0.927453	0.30313	2.85354
0.8515	0.265586	0.927444	0.303132	2.85343	0.265574	0.927453	0.30313	2.85354
0.8525	0.265585	0.927443	0.303132	2.85344	0.265574	0.927453	0.30313	2.85354
0.8535	0.265582	0.927443	0.303133	2.85348	0.265574	0.927453	0.30313	2.85354
0.8545	0.265578	0.927442	0.303133	2.85352	0.265574	0.927453	0.30313	2.85354
0.8555	0.265574	0.927441	0.303133	2.85356	0.265574	0.927453	0.30313	2.85354
0.8565	0.265572	0.92744	0.303133	2.85359	0.265574	0.927453	0.30313	2.85354
0.8575	0.26557	0.92744	0.303133	2.85362	0.265574	0.927453	0.30313	2.85354
0.8585	0.265568	0.927439	0.303134	2.85363	0.265574	0.927453	0.30313	2.85354
0.8595	0.265567	0.927438	0.303134	2.85365	0.265574	0.927453	0.30313	2.85354
0.8605	0.265567	0.927437	0.303134	2.85365	0.265574	0.927453	0.30313	2.85354
0.8615	0.265567	0.927436	0.303134	2.85366	0.265574	0.927453	0.30313	2.85354
0.8625	0.265567	0.927435	0.303135	2.85366	0.265574	0.927453	0.30313	2.85354
0.8635	0.265567	0.927434	0.303135	2.85366	0.265574	0.927453	0.30313	2.85354
0.8645	0.265567	0.927433	0.303135	2.85366	0.265574	0.927453	0.30313	2.85354
0.8655	0.265568	0.927431	0.303136	2.85366	0.265574	0.927453	0.30313	2.85354
0.8665	0.265569	0.92743	0.303136	2.85365	0.265574	0.927453	0.30313	2.85354
0.8675	0.265571	0.927429	0.303136	2.85363	0.265574	0.927453	0.30313	2.85354
0.8685	0.265573	0.927429	0.303136	2.85361	0.265574	0.927453	0.30313	2.85354
0.8695	0.265575	0.927429	0.303136	2.85358	0.265574	0.927453	0.30313	2.85354
0.8705	0.265578	0.927429	0.303136	2.85356	0.265574	0.927453	0.30313	2.85354
0.8715	0.26558	0.92743	0.303136	2.85353	0.265574	0.927453	0.30313	2.85354
0.8725	0.265582	0.927432	0.303135	2.8535	0.265574	0.927453	0.30313	2.85354
0.8735	0.265584	0.927434	0.303134	2.85347	0.265574	0.927453	0.30313	2.85354
0.8745	0.265585	0.927437	0.303133	2.85345	0.265574	0.927453	0.30313	2.85354
0.8755	0.265585	0.92744	0.303132	2.85343	0.265574	0.927453	0.30313	2.85354
0.8765	0.265585	0.927446	0.30313	2.85342	0.265574	0.927453	0.30313	2.85354
0.8775	0.265585	0.927451	0.303129	2.85341	0.265574	0.927453	0.30313	2.85354
0.8785	0.265585	0.927455	0.303128	2.8534	0.265574	0.927453	0.30313	2.85354
0.8795	0.265584	0.927457	0.303127	2.85339	0.265574	0.927453	0.30313	2.85354
0.8805	0.265584	0.92746	0.303126	2.85339	0.265574	0.927453	0.30313	2.85354
0.8815	0.265582	0.927462	0.303125	2.8534	0.265574	0.927453	0.30313	2.85354
0.8825	0.265579	0.927464	0.303125	2.85343	0.265574	0.927453	0.30313	2.85354
0.8835	0.265575	0.927465	0.303124	2.85347	0.265574	0.927453	0.30313	2.85354
0.8845	0.265571	0.927467	0.303124	2.85352	0.265574	0.927453	0.30313	2.85354
0.8855	0.265567	0.927468	0.303124	2.85356	0.265574	0.927453	0.30313	2.85354
0.8865	0.265564	0.927469	0.303124	2.85359	0.265574	0.927453	0.30313	2.85354
0.8875	0.265561	0.92747	0.303124	2.85361	0.265574	0.927453	0.30313	2.85354
0.8885	0.26556	0.927471	0.303124	2.85363	0.265574	0.927453	0.30313	2.85354
0.8895	0.265559	0.927472	0.303124	2.85364	0.265574	0.927453	0.30313	2.85354
0.8905	0.265559	0.927472	0.303124	2.85364	0.265574	0.927453	0.30313	2.85354
0.8915	0.265559	0.927472	0.303124	2.85364	0.265574	0.927453	0.30313	2.85354
0.8925	0.265559	0.927471	0.303124	2.85364	0.265574	0.927453	0.30313	2.85354
0.8935	0.265559	0.92747	0.303125	2.85364	0.265574	0.927453	0.30313	2.85354
0.8945	0.26556	0.927469	0.303125	2.85364	0.265574	0.927453	0.30313	2.85354
0.8955	0.265561	0.927468	0.303125	2.85363	0.265574	0.927453	0.30313	2.85354
0.8965	0.265563	0.927467	0.303126	2.85361	0.265574	0.927453	0.30313	2.85354
0.8975	0.265566	0.927466	0.303126	2.85359	0.265574	0.927453	0.30313	2.85354
0.8985	0.265568	0.927465	0.303126	2.85357	0.265574	0.927453	0.30313	2.85354
0.8995	0.26557	0.927464	0.303127	2.85355	0.265574	0.927453	0.30313	2.85354
0.9005	0.265572	0.927463	0.303127	2.85352	0.265574	0.927453	0.30313	2.85354
0.9015	0.265575	0.927462	0.303127	2.8535	0.265574	0.927453	0.30313	2.85354
0.9025	0.265577	0.927461	0.303127	2.85348	0.265574	0.927453	0.30313	2.85354
0.9035	0.26558	0.92746	0.303128	2.85345	0.265574	0.927453	0.30313	2.85354
0.9045	0.265582	0.927459	0.303128	2.85343	0.265574	0.927453	0.30313	2.85354
0.9055	0.265584	0.927458	0.303128	2.85341	0.265574	0.927453	0.30313	2.85354
0.9065	0.265586	0.927457	0.303128	2.85339	0.265574	0.927453	0.30313	2.85354
0.9075	0.265587	0.927457	0.303128	2.85339	0.265574	0.927453	0.30313	2.85354
0.9085	0.265587	0.927456	0.303129	2.85338	0.265574	0.927453	0.30313	2.85354
0.9095	0.265587	0.927455	0.303129	2.85338	0.265574	0.927453	0.30313	2.85354
0.9105	0.265587	0.927455	0.303129	2.85339	0.265574	0.927453	0.30313	2.85354
0.9115	0.265586	0.927454	0.303129	2.8534	0.265574	0.927453	0.30313	2.85354
0.9125	0.265583	0.927453	0.303129	2.85344	0.265574	0.927453	0.30313	2.85354
0.9135	0.265577	0.927452	0.303129	2.8535	0.265574	0.927453	0.30313	2.85354
0.9145	0.265572	0.927452	0.30313	2.85356	0.265574	0.927453	0.30313	2.85354
0.9155	0.265567	0.927451	0.30313	2.8536	0.265574	0.927453	0.30313	2.85354
0.9165	0.265564	0.92745	0.30313	2.85364	0.265574	0.927453	0.30313	2.85354
0.9175	0.265563	0.927449	0.30313	2.85366	0.265574	0.927453	0.30313	2.85354
0.9185	0.265562	0.927448	0.30313	2.85367	0.265574	0.927453	0.30313	2.85354
0.9195	0.265561	0.927448	0.30313	2.85368	0.265574	0.927453	0.30313	2.85354
0.9205	0.265561	0.927447	0.303131	2.85368	0.265574	0.927453	0.30313	2.85354
0.9215	0.265562	0.927445	0.303131	2.85368	0.265574	0.927453	0.30313	2.85354
0.9225	0.265563	0.927444	0.303131	2.85367	0.265574	0.927453	0.30313	2.85354
0.9235	0.265563	0.927446	0.303131	2.85366	0.265574	0.927453	0.30313	2.85354
0.9245	0.265565	0.927444	0.303131	2.85365	0.265574	0.927453	0.30313	2.85354
0.9255	0.265568	0.927439	0.303133	2.85363	0.265574	0.927453	0.30313	2.85354
0.9265	0.265569	0.927441	0.303132	2.85361	0.265574	0.927453	0.30313	2.85354
0.9275	0.265569	0.927448	0.30313	2.85359	0.265574	0.927453	0.30313	2.85354
0.9285	0.265571	0.927443	0.303131	2.85358	0.265574	0.927453	0.30313	2.85354
0.9295	0.265577	0.927427	0.303137	2.85357	0.265574	0.927453	0.30313	2.85354
0.9305	0.265578	0.927429	0.303136	2.85355	0.265574	0.927453	0.30313	2.85354
0.9315	0.265572	0.927467	0.303123	2.85349	0.265574	0.927453	0.30313	2.85354
0.9325	0.265574	0.927466	0.303123	2.85347	0.265574	0.927453	0.30313	2.85354
0.9335	0.265597	0.927366	0.303157	2.85354	0.265574	0.927453	0.30313	2.85354
0.9345	0.265603	0.927366	0.303158	2.85349	0.265574	0.927453	0.30313	2.85354
0.9355	0.265573	0.927517	0.303109	2.85335	0.265574	0.927453	0.30313	2.85354
0.9365	0.265403	0.928018	0.302961	2.85379	0.265574	0.927453	0.30313	2.85354
0.9375	0.265155	0.923218	0.302196	2.84924	0.265574	0.927453	0.30313	2.85354
0.9385	0.242043	0.832254	0.269681	2.78547	0.125	0	0.1	2
0.9395	0.169808	0.392426	0.162436	2.39146	0.125	0	0.1	2
0.9405	0.127865	0.0177399	0.102389	2.0019	0.125	0	0.1	2
0.9415	0.125033	0.000173939	0.100024	1.99994	0.125	0	0.1	2
0.9425	0.125001	7.44199e-06	0.100001	2.00001	0.125	0	0.1	2
0.9435	0.125	2.27845e-07	0.1	2	0.125	0	0.1	2
0.9445	0.125	4.40458e-09	0.1	2	0.125	0	0.1	2
0.9455	0.125	1.25172e-10	0.1	2	0.125	0	0.1	2
0.9465	0.125	3.03455e-12	0.1	2	0.125	0	0.1	2
0.9475	0.125	-8.71685e-14	0.1	2	0.125	0	0.1	2
0.9485	0.125	8.19305e-15	0.1	2	0.125	0	0.1	2
0.9495	0.125	-1.07071e-15	0.1	2	0.125	0	0.1	2
0.9505	0.125	-7.5545e-17	0.1	2	0.125	0	0.1	2
0.9515	0.125	0	0.1	2	0.125	0	0.1	2
0.9525	0.125	0	0.1	2	0.125	0	0.1	2
0.9535	0.125	0	0.1	2	0.125	0	0.1	2
0.9545	0.125	0	0.1	2	0.125	0	0.1	2
0.9555	0.125	0	0.1	2	0.125	0	0.1	2
0.9565	0.125	0	0.1	2	0.125	0	0.1	2
0.9575	0.125	0	0.1	2	0.125	0	0.1	2
0.9585	0.125	0	0.1	2	0.125	0	0.1	2
0.9595	0.125	0	0.1	2	0.125	0	0.1	2
0.9605	0.125	0	0.1	2	0.125	0	0.1	2
0.9615	0.125	0	0.1	2	0.125	0	0.1	2
0.9625	0.125	0	0.1	2	0.125	0	0.1	2
0.9635	0.125	0	0.1	2	0.125	0	0.1	2
0.9645	0.125	0	0.1	2	0.125	0	0.1	2
0.9655	0.125	0	0.1	2	0.125	0	0.1	2
0.9665	0.125	0	0.1	2	0.125	0	0.1	2
0.9675	0.125	0	0.1	2	0.125	0	0.1	2
0.9685	0.125	0	0.1	2	0.125	0	0.1	2
0.9695	0.125	0	0.1	2	0.125	0	0.1	2
0.9705	0.125	0	0.1	2	0.125	0	0.1	2
0.9715	0.125	0	0.1	2	0.125	0	0.1	2
0.9725	0.125	0	0.1	2	0.125	0	0.1	2
0.9735	0.125	0	0.1	2	0.125	0	0.1	2
0.9745	0.125	0	0.1	2	0.125	0	0.1	2
0.9755	0.125	0	0.1	2	0.125	0	0.1	2
0.9765	0.125	0	0.1	2	0.125	0	0.1	2
0.9775	0.125	0	0.1	2	0.125	0	0.1	2
0.9785	0.125	0	0.1	2	0.125	0	0.1	2
0.9795	0.125	0	0.1	2	0.125	0	0.1	2
0.9805	0.125	0	0.1	2	0.125	0	0.1	2
0.9815	0.125	0	0.1	2	0.125	0	0.1	2
0.9825	0.125	0	0.1	2	0.125	0	0.1	2
0.9835	0.125	0	0.1	2	0.125	0	0.1	2
0.9845	0.125	0	0.1	2	0.125	0	0.1	2
0.9855	0.125	0	0.1	2	0.125	0	0.1	2
0.9865	0.125	0	0.1	2	0.125	0	0.1	2
0.9875	0.125	0	0.1	2	0.125	0	0.1	2
0.9885	0.125	0	0.1	2	0.125	0	0.1	2
0.9895	0.125	0	0.1	2	0.125	0	0.1	2
0.9905	0.125	0	0.1	2	0.125	0	0.1	2
0.9915	0.125	0	0.1	2	0.125	0	0.1	2
0.9925	0.125	0	0.1	2	0.125	0	0.1	2
0.9935	0.125	0	0.1	2	0.125	0	0.1	2
0.9945	0.125	0	0.1	2	0.125	0	0.1	2
0.9955	0.125	0	0.1	2	0.125	0	0.1	2
0.9965	0.125	0	0.1	2	0.125	0	0.1	2
0.9975	0.125	0	0.1	2	0.125	0	0.1	2
0.9985	0.125	0	0.1	2	0.125	0	0.1	2
0.9995	0.125	0	0.1	2	0.125	0	0.1	2
