x	rho	u	p	e	rho_Ex	u_Ex	p_Ex	e_Ex
0.0005	1	0	1	2.51	0	1	2.5
0.0015	1	0	1	2.51	0	1	2.5
0.0025	1	0	1	2.51	0	1	2.5
0.0035	1	0	1	2.51	0	1	2.5
0.0045	1	0	1	2.51	0	1	2.5
0.0055	1	0	1	2.51	0	1	2.5
0.0065	1	0	1	2.51	0	1	2.5
0.0075	1	0	1	2.51	0	1	2.5
0.0085	1	0	1	2.51	0	1	2.5
0.0095	1	0	1	2.51	0	1	2.5
0.0105	1	0	1	2.51	0	1	2.5
0.0115	1	0	1	2.51	0	1	2.5
0.0125	1	0	1	2.51	0	1	2.5
0.0135	1	0	1	2.51	0	1	2.5
0.0145	1	0	1	2.51	0	1	2.5
0.0155	1	0	1	2.51	0	1	2.5
0.0165	1	0	1	2.51	0	1	2.5
0.0175	1	0	1	2.51	0	1	2.5
0.0185	1	0	1	2.51	0	1	2.5
0.0195	1	0	1	2.51	0	1	2.5
0.0205	1	0	1	2.51	0	1	2.5
0.0215	1	0	1	2.51	0	1	2.5
0.0225	1	0	1	2.51	0	1	2.5
0.0235	1	0	1	2.51	0	1	2.5
0.0245	1	0	1	2.51	0	1	2.5
0.0255	1	0	1	2.51	0	1	2.5
0.0265	1	0	1	2.51	0	1	2.5
0.0275	1	0	1	2.51	0	1	2.5
0.0285	1	0	1	2.51	0	1	2.5
0.0295	1	0	1	2.51	0	1	2.5
0.0305	1	0	1	2.51	0	1	2.5
0.0315	1	0	1	2.51	0	1	2.5
0.0325	1	0	1	2.51	0	1	2.5
0.0335	1	0	1	2.51	0	1	2.5
0.0345	1	0	1	2.51	0	1	2.5
0.0355	1	0	1	2.51	0	1	2.5
0.0365	1	0	1	2.51	0	1	2.5
0.0375	1	0	1	2.51	0	1	2.5
0.0385	1	0	1	2.51	0	1	2.5
0.0395	1	0	1	2.51	0	1	2.5
0.0405	1	0	1	2.51	0	1	2.5
0.0415	1	0	1	2.51	0	1	2.5
0.0425	1	0	1	2.51	0	1	2.5
0.0435	1	0	1	2.51	0	1	2.5
0.0445	1	0	1	2.51	0	1	2.5
0.0455	1	0	1	2.51	0	1	2.5
0.0465	1	0	1	2.51	0	1	2.5
0.0475	1	0	1	2.51	0	1	2.5
0.0485	1	0	1	2.51	0	1	2.5
0.0495	1	0	1	2.51	0	1	2.5
0.0505	1	0	1	2.51	0	1	2.5
0.0515	1	0	1	2.51	0	1	2.5
0.0525	1	0	1	2.51	0	1	2.5
0.0535	1	0	1	2.51	0	1	2.5
0.0545	1	0	1	2.51	0	1	2.5
0.0555	1	0	1	2.51	0	1	2.5
0.0565	1	0	1	2.51	0	1	2.5
0.0575	1	0	1	2.51	0	1	2.5
0.0585	1	0	1	2.51	0	1	2.5
0.0595	1	0	1	2.51	0	1	2.5
0.0605	1	0	1	2.51	0	1	2.5
0.0615	1	0	1	2.51	0	1	2.5
0.0625	1	0	1	2.51	0	1	2.5
0.0635	1	0	1	2.51	0	1	2.5
0.0645	1	0	1	2.51	0	1	2.5
0.0655	1	0	1	2.51	0	1	2.5
0.0665	1	0	1	2.51	0	1	2.5
0.0675	1	0	1	2.51	0	1	2.5
0.0685	1	0	1	2.51	0	1	2.5
0.0695	1	0	1	2.51	0	1	2.5
0.0705	1	0	1	2.51	0	1	2.5
0.0715	1	0	1	2.51	0	1	2.5
0.0725	1	0	1	2.51	0	1	2.5
0.0735	1	0	1	2.51	0	1	2.5
0.0745	1	0	1	2.51	0	1	2.5
0.0755	1	0	1	2.51	0	1	2.5
0.0765	1	0	1	2.51	0	1	2.5
0.0775	1	0	1	2.51	0	1	2.5
0.0785	1	0	1	2.51	0	1	2.5
0.0795	1	0	1	2.51	0	1	2.5
0.0805	1	0	1	2.51	0	1	2.5
0.0815	1	0	1	2.51	0	1	2.5
0.0825	1	0	1	2.51	0	1	2.5
0.0835	1	0	1	2.51	0	1	2.5
0.0845	1	0	1	2.51	0	1	2.5
0.0855	1	0	1	2.51	0	1	2.5
0.0865	1	0	1	2.51	0	1	2.5
0.0875	1	0	1	2.51	0	1	2.5
0.0885	1	0	1	2.51	0	1	2.5
0.0895	1	0	1	2.51	0	1	2.5
0.0905	1	0	1	2.51	0	1	2.5
0.0915	1	0	1	2.51	0	1	2.5
0.0925	1	0	1	2.51	0	1	2.5
0.0935	1	0	1	2.51	0	1	2.5
0.0945	1	0	1	2.51	0	1	2.5
0.0955	1	0	1	2.51	0	1	2.5
0.0965	1	-8.43536e-17	1	2.51	0	1	2.5
0.0975	1	-1.04987e-16	1	2.51	0	1	2.5
0.0985	1	-1.79023e-16	1	2.51	0	1	2.5
0.0995	1	-1.04971e-16	1	2.51	0	1	2.5
0.1005	1	-1.79023e-16	1	2.51	0	1	2.5
0.1015	1	-1.04971e-16	1	2.51	0	1	2.5
0.1025	1	-1.36863e-16	1	2.51	0	1	2.5
0.1035	1	-1.36813e-16	1	2.51	0	1	2.5
0.1045	1	-1.05005e-16	1	2.51	0	1	2.5
0.1055	1	-1.78989e-16	1	2.51	0	1	2.5
0.1065	1	-1.05017e-16	1	2.51	0	1	2.5
0.1075	1	-8.42903e-17	1	2.51	0	1	2.5
0.1085	1	-1.05051e-16	1	2.51	0	1	2.5
0.1095	1	-1.78989e-16	1	2.51	0	1	2.5
0.1105	1	-1.04975e-16	1	2.51	0	1	2.5
0.1115	1	-1.7903e-16	1	2.51	0	1	2.5
0.1125	1	-1.04935e-16	1	2.51	0	1	2.5
0.1135	1	-1.79058e-16	1	2.51	0	1	2.5
0.1145	1	-1.47143e-16	1	2.51	0	1	2.5
0.1155	1	-1.89332e-16	1	2.51	0	1	2.5
0.1165	1	-1.89334e-16	1	2.51	0	1	2.5
0.1175	1	-1.47144e-16	1	2.51	0	1	2.5
0.1185	1	-1.79035e-16	1	2.51	0	1	2.5
0.1195	1	-1.04954e-16	1	2.51	0	1	2.5
0.1205	1	-1.79043e-16	1	2.51	0	1	2.5
0.1215	1	-1.04956e-16	1	2.51	0	1	2.5
0.1225	1	-1.36854e-16	1	2.51	0	1	2.5
0.1235	1	-1.36842e-16	1	2.51	0	1	2.5
0.1245	1	-1.47126e-16	1	2.51	0	1	2.5
0.1255	1	-1.8935e-16	1	2.51	0	1	2.5
0.1265	1	-1.89328e-16	1	2.51	0	1	2.5
0.1275	1	-1.47142e-16	1	2.51	0	1	2.5
0.1285	1	-1.79031e-16	1	2.51	0	1	2.5
0.1295	1	-1.04964e-16	1	2.51	0	1	2.5
0.1305	1	-1.36842e-16	1	2.51	0	1	2.5
0.1315	1	-9.46606e-17	1	2.51	0	1	2.5
0.1325	1	-1.36849e-16	1	2.51	0	1	2.5
0.1335	1	-1.47154e-16	1	2.51	0	1	2.5
0.1345	1	-1.89325e-16	1	2.51	0	1	2.5
0.1355	1	-1.47142e-16	1	2.51	0	1	2.5
0.1365	1	-1.79027e-16	1	2.51	0	1	2.5
0.1375	1	-1.04964e-16	1	2.51	0	1	2.5
0.1385	1	-1.3685e-16	1	2.51	0	1	2.5
0.1395	1	-9.46491e-17	1	2.51	0	1	2.5
0.1405	1	-1.36845e-16	1	2.51	0	1	2.5
0.1415	1	-1.04983e-16	1	2.51	0	1	2.5
0.1425	1	-1.79043e-16	1	2.51	0	1	2.5
0.1435	1	-1.47124e-16	1	2.51	0	1	2.5
0.1445	1	-1.89325e-16	1	2.51	0	1	2.5
0.1455	1	-1.47138e-16	1	2.51	0	1	2.5
0.1465	1	-1.36859e-16	1	2.51	0	1	2.5
0.1475	1	-1.36842e-16	1	2.51	0	1	2.5
0.1485	1	-1.04931e-16	1	2.51	0	1	2.5
0.1495	1	-1.36894e-16	1	2.51	0	1	2.5
0.1505	1	-9.46147e-17	1	2.51	0	1	2.5
0.1515	1	-1.36887e-16	1	2.51	0	1	2.5
0.1525	1	-1.04951e-16	1	2.51	0	1	2.5
0.1535	1	-1.7902e-16	1	2.51	0	1	2.5
0.1545	1	-1.47156e-16	1	2.51	0	1	2.5
0.1555	1	-1.89322e-16	1	2.51	0	1	2.5
0.1565	1	-1.47115e-16	1	2.51	0	1	2.5
0.1575	1	-9.47224e-17	1	2.51	0	1	2.5
0.1585	1	4.22351e-17	1	2.51	0	1	2.5
0.1595	1	1.84144e-16	1	2.51	0	1	2.5
0.1605	1	8.10326e-16	1	2.51	0	1	2.5
0.1615	1	2.15206e-15	1	2.51	0	1	2.5
0.1625	1	3.96146e-15	1	2.51	0	1	2.5
0.1635	1	5.52257e-15	1	2.51	0	1	2.5
0.1645	1	5.48973e-15	1	2.51	0	1	2.5
0.1655	1	-3.83652e-15	1	2.51	0	1	2.5
0.1665	1	-3.07034e-14	1	2.51	0	1	2.5
0.1675	1	-8.1929e-14	1	2.51	0	1	2.5
0.1685	1	-1.57085e-13	1	2.51	0	1	2.5
0.1695	1	-2.35289e-13	1	2.51	0	1	2.5
0.1705	1	-2.94698e-13	1	2.51	0	1	2.5
0.1715	1	-4.06584e-14	1	2.51	0	1	2.5
0.1725	1	9.89695e-13	1	2.51	0	1	2.5
0.1735	1	3.32963e-12	1	2.51	0	1	2.5
0.1745	1	8.42826e-12	1	2.51	0	1	2.5
0.1755	1	1.96474e-11	1	2.51	0	1	2.5
0.1765	1	4.43331e-11	1	2.51	0	1	2.5
0.1775	1	9.85903e-11	1	2.51	0	1	2.5
0.1785	1	2.17682e-10	1	2.51	0	1	2.5
0.1795	1	4.78841e-10	1	2.51	0	1	2.5
0.1805	1	1.0512e-09	1	2.51	0	1	2.5
0.1815	1	2.30497e-09	1	2.51	0	1	2.5
0.1825	1	5.05005e-09	1	2.51	0	1	2.5
0.1835	1	1.10573e-08	1	2.51	0	1	2.5
0.1845	1	2.41974e-08	1	2.51	0	1	2.5
0.1855	1	5.29272e-08	1	2.51	0	1	2.5
0.1865	1	1.1572e-07	1	2.51	0	1	2.5
0.1875	1	2.52916e-07	1	2.51	0	1	2.5
0.1885	1	5.5259e-07	0.999999	2.51	0	1	2.5
0.1895	0.999999	1.20699e-06	0.999999	2.51	0	1	2.5
0.1905	0.999998	2.63566e-06	0.999997	2.51	0	1	2.5
0.1915	0.999995	5.75411e-06	0.999993	2.51	0	1	2.5
0.1925	0.999989	1.256e-05	0.999985	2.499991	0	1	2.5
0.1935	0.999977	2.74134e-05	0.999968	2.499981	0	1	2.5
0.1945	0.999949	5.98408e-05	0.999929	2.499951	0	1	2.5
0.1955	0.99989	0.000130351	0.999846	2.499891	0	1	2.5
0.1965	0.999757	0.000288044	0.999659	2.499761	0	1	2.5
0.1975	0.99949	0.000603787	0.999286	2.499491	0	1	2.5
0.1985	0.999047	0.00112804	0.998666	2.499051	0	1	2.5
0.1995	0.9984	0.00189468	0.99776	2.49841	0	1	2.5
0.2005	0.997527	0.00292832	0.99654	2.497531	0	1	2.5
0.2015	0.996422	0.00423921	0.994995	2.496421	0	1	2.5
0.2025	0.995087	0.00582366	0.993129	2.495081	0	1	2.5
0.2035	0.993537	0.00766611	0.990964	2.493531	0	1	2.5
0.2045	0.991793	0.0097425	0.988529	2.491770.999144	0.0010133	0.998802	2.49914
0.2055	0.989878	0.0120241	0.985859	2.489850.996332	0.00434663	0.994868	2.49633
0.2065	0.987821	0.0144806	0.982991	2.487780.993526	0.00767996	0.990948	2.49351
0.2075	0.985644	0.0170832	0.979961	2.485580.990727	0.0110133	0.987041	2.4907
0.2085	0.983372	0.0198054	0.976799	2.483290.987934	0.0143466	0.983148	2.48789
0.2095	0.981023	0.0226245	0.973535	2.480920.985147	0.01768	0.979267	2.48508
0.2105	0.978614	0.0255216	0.97019	2.478480.982366	0.0210133	0.9754	2.48227
0.2115	0.976158	0.0284812	0.966783	2.475990.979592	0.0243466	0.971546	2.47947
0.2125	0.973666	0.0314911	0.963328	2.473460.976824	0.02768	0.967705	2.47666
0.2135	0.971145	0.0345416	0.959838	2.470890.974062	0.0310133	0.963877	2.47386
0.2145	0.968602	0.037625	0.956321	2.46830.971307	0.0343466	0.960062	2.47106
0.2155	0.966041	0.0407357	0.952784	2.465690.968558	0.03768	0.956259	2.46826
0.2165	0.963468	0.0438688	0.949234	2.463060.965815	0.0410133	0.95247	2.46546
0.2175	0.960885	0.0470209	0.945673	2.460420.963078	0.0443466	0.948694	2.46266
0.2185	0.958295	0.050189	0.942105	2.457760.960347	0.04768	0.94493	2.45987
0.2195	0.955698	0.0533709	0.938534	2.45510.957623	0.0510133	0.941179	2.45707
0.2205	0.953098	0.0565648	0.93496	2.452420.954905	0.0543466	0.937441	2.45428
0.2215	0.950495	0.0597694	0.931387	2.449740.952193	0.05768	0.933716	2.45149
0.2225	0.947889	0.0629839	0.927814	2.447050.949487	0.0610133	0.930004	2.4487
0.2235	0.945281	0.0662078	0.924243	2.444360.946787	0.0643466	0.926304	2.44591
0.2245	0.942672	0.0694406	0.920673	2.441660.944094	0.06768	0.922617	2.44313
0.2255	0.940062	0.0726814	0.917107	2.438950.941406	0.0710133	0.918942	2.44034
0.2265	0.937453	0.0759288	0.913545	2.436240.938725	0.0743466	0.91528	2.43756
0.2275	0.934845	0.0791817	0.909989	2.433530.93605	0.07768	0.91163	2.43478
0.2285	0.932239	0.0824397	0.90644	2.430810.933381	0.0810133	0.907993	2.432
0.2295	0.929635	0.0857024	0.902897	2.42810.930718	0.0843466	0.904368	2.42922
0.2305	0.927033	0.0889693	0.899361	2.425370.928061	0.08768	0.900756	2.42645
0.2315	0.924435	0.0922401	0.895834	2.422650.92541	0.0910133	0.897156	2.42367
0.2325	0.921839	0.0955146	0.892314	2.419930.922766	0.0943466	0.893569	2.4209
0.2335	0.919246	0.0987924	0.888802	2.41720.920127	0.09768	0.889993	2.41813
0.2345	0.916657	0.102073	0.885299	2.414480.917494	0.101013	0.88643	2.41536
0.2355	0.914071	0.105357	0.881805	2.411750.914868	0.104347	0.88288	2.41259
0.2365	0.911489	0.108643	0.87832	2.409020.912247	0.10768	0.879341	2.40982
0.2375	0.908911	0.111932	0.874844	2.40630.909632	0.111013	0.875815	2.40706
0.2385	0.906337	0.115223	0.871377	2.403570.907024	0.114347	0.8723	2.40429
0.2395	0.903767	0.118517	0.86792	2.400840.904421	0.11768	0.868798	2.40153
0.2405	0.901202	0.121812	0.864473	2.398110.901824	0.121013	0.865308	2.39877
0.2415	0.898641	0.125109	0.861036	2.395380.899234	0.124347	0.86183	2.39601
0.2425	0.896084	0.128408	0.857608	2.392660.896649	0.12768	0.858364	2.39326
0.2435	0.893532	0.131708	0.854191	2.389930.89407	0.131013	0.85491	2.3905
0.2445	0.890985	0.13501	0.850783	2.38720.891497	0.134347	0.851468	2.38775
0.2455	0.888442	0.138313	0.847386	2.384470.888931	0.13768	0.848037	2.38499
0.2465	0.885904	0.141618	0.843999	2.381750.88637	0.141013	0.844619	2.38224
0.2475	0.883371	0.144924	0.840623	2.379020.883814	0.144347	0.841212	2.37949
0.2485	0.880843	0.148231	0.837257	2.376290.881265	0.14768	0.837817	2.37675
0.2495	0.87832	0.151539	0.833901	2.373570.878722	0.151013	0.834434	2.374
0.2505	0.875802	0.154848	0.830556	2.370840.876185	0.154347	0.831063	2.37125
0.2515	0.873289	0.158158	0.827222	2.368120.873653	0.15768	0.827703	2.36851
0.2525	0.870781	0.161469	0.823898	2.36540.871127	0.161013	0.824355	2.36577
0.2535	0.868278	0.164781	0.820584	2.362680.868607	0.164347	0.821019	2.36303
0.2545	0.86578	0.168093	0.817281	2.359960.866093	0.16768	0.817694	2.36029
0.2555	0.863288	0.171407	0.813989	2.357240.863585	0.171013	0.81438	2.35756
0.2565	0.860801	0.174721	0.810708	2.354520.861083	0.174347	0.811078	2.35482
0.2575	0.858318	0.178036	0.807437	2.35180.858586	0.17768	0.807788	2.35209
0.2585	0.855842	0.181351	0.804177	2.349080.856095	0.181013	0.804509	2.34936
0.2595	0.85337	0.184667	0.800927	2.346370.85361	0.184347	0.801242	2.34663
0.2605	0.850904	0.187984	0.797689	2.343650.851131	0.18768	0.797986	2.3439
0.2615	0.848443	0.191301	0.794461	2.340940.848658	0.191013	0.794741	2.34117
0.2625	0.845987	0.194619	0.791243	2.338230.84619	0.194347	0.791508	2.33845
0.2635	0.843537	0.197937	0.788037	2.335510.843728	0.19768	0.788285	2.33572
0.2645	0.841092	0.201256	0.784841	2.33280.841272	0.201013	0.785074	2.333
0.2655	0.838652	0.204575	0.781655	2.330090.838821	0.204347	0.781875	2.33028
0.2665	0.836218	0.207895	0.778481	2.327390.836376	0.20768	0.778686	2.32756
0.2675	0.833789	0.211215	0.775317	2.324680.833937	0.211013	0.775509	2.32484
0.2685	0.831365	0.214535	0.772163	2.321970.831504	0.214347	0.772343	2.32213
0.2695	0.828947	0.217856	0.769021	2.319270.829076	0.21768	0.769188	2.31941
0.2705	0.826534	0.221177	0.765889	2.316570.826654	0.221013	0.766044	2.3167
0.2715	0.824126	0.224498	0.762767	2.313870.824238	0.224347	0.76291	2.31399
0.2725	0.821724	0.22782	0.759657	2.311170.821827	0.22768	0.759788	2.31128
0.2735	0.819328	0.231142	0.756557	2.308470.819422	0.231013	0.756677	2.30857
0.2745	0.816936	0.234464	0.753467	2.305770.817023	0.234347	0.753577	2.30586
0.2755	0.81455	0.237787	0.750388	2.303070.814629	0.23768	0.750488	2.30316
0.2765	0.81217	0.24111	0.74732	2.300380.812241	0.241013	0.747409	2.30046
0.2775	0.809794	0.244433	0.744262	2.297690.809858	0.244347	0.744342	2.29775
0.2785	0.807425	0.247757	0.741214	2.294990.807481	0.24768	0.741285	2.29505
0.2795	0.80506	0.25108	0.738177	2.29230.805109	0.251013	0.738239	2.29236
0.2805	0.802701	0.254404	0.735151	2.289620.802744	0.254347	0.735204	2.28966
0.2815	0.800348	0.257728	0.732135	2.286930.800383	0.25768	0.732179	2.28696
0.2825	0.797999	0.261052	0.729129	2.284240.798029	0.261013	0.729165	2.28427
0.2835	0.795656	0.264377	0.726134	2.281560.795679	0.264347	0.726162	2.28158
0.2845	0.793319	0.267701	0.723149	2.278870.793336	0.26768	0.723169	2.27889
0.2855	0.790987	0.271026	0.720175	2.276190.790998	0.271013	0.720187	2.2762
0.2865	0.78866	0.274351	0.717211	2.273510.788665	0.274347	0.717215	2.27351
0.2875	0.786339	0.277676	0.714257	2.270830.786338	0.27768	0.714254	2.27083
0.2885	0.784023	0.281002	0.711313	2.268150.784016	0.281013	0.711304	2.26814
0.2895	0.781712	0.284327	0.70838	2.265480.7817	0.284347	0.708364	2.26546
0.2905	0.779407	0.287653	0.705457	2.26280.77939	0.28768	0.705434	2.26278
0.2915	0.777107	0.290979	0.702545	2.260130.777084	0.291013	0.702515	2.2601
0.2925	0.774812	0.294304	0.699642	2.257460.774785	0.294347	0.699606	2.25742
0.2935	0.772523	0.29763	0.69675	2.254790.77249	0.29768	0.696707	2.25474
0.2945	0.770239	0.300956	0.693868	2.252120.770202	0.301013	0.693819	2.25207
0.2955	0.76796	0.304283	0.690995	2.249450.767918	0.304347	0.690941	2.2494
0.2965	0.765687	0.307609	0.688133	2.246780.76564	0.30768	0.688073	2.24672
0.2975	0.763419	0.310935	0.685282	2.244120.763368	0.311013	0.685216	2.24406
0.2985	0.761156	0.314262	0.68244	2.241460.7611	0.314347	0.682368	2.24139
0.2995	0.758899	0.317589	0.679608	2.23880.758839	0.31768	0.679531	2.23872
0.3005	0.756647	0.320915	0.676786	2.236140.756582	0.321013	0.676704	2.23605
0.3015	0.7544	0.324242	0.673974	2.233480.754331	0.324347	0.673887	2.23339
0.3025	0.752159	0.327569	0.671173	2.230820.752086	0.32768	0.67108	2.23073
0.3035	0.749922	0.330896	0.668381	2.228170.749845	0.331013	0.668283	2.22807
0.3045	0.747691	0.334223	0.665599	2.225510.74761	0.334347	0.665496	2.22541
0.3055	0.745466	0.33755	0.662826	2.222860.745381	0.33768	0.662719	2.22275
0.3065	0.743245	0.340877	0.660064	2.220210.743156	0.341013	0.659952	2.2201
0.3075	0.74103	0.344204	0.657312	2.217560.740937	0.344347	0.657195	2.21744
0.3085	0.73882	0.347532	0.654569	2.214910.738724	0.34768	0.654447	2.21479
0.3095	0.736616	0.350859	0.651836	2.212270.736515	0.351013	0.65171	2.21214
0.3105	0.734416	0.354186	0.649113	2.209620.734312	0.354347	0.648982	2.20949
0.3115	0.732222	0.357514	0.646399	2.206980.732114	0.35768	0.646265	2.20684
0.3125	0.730033	0.360841	0.643696	2.204340.729922	0.361013	0.643556	2.2042
0.3135	0.727849	0.364169	0.641001	2.20170.727734	0.364347	0.640858	2.20155
0.3145	0.725671	0.367496	0.638317	2.199060.725552	0.36768	0.63817	2.19891
0.3155	0.723497	0.370824	0.635642	2.196420.723375	0.371013	0.635491	2.19627
0.3165	0.721329	0.374151	0.632977	2.193790.721204	0.374347	0.632821	2.19363
0.3175	0.719166	0.377479	0.630321	2.191150.719037	0.37768	0.630162	2.19099
0.3185	0.717008	0.380807	0.627675	2.188520.716876	0.381013	0.627512	2.18835
0.3195	0.714856	0.384134	0.625038	2.185890.71472	0.384347	0.624871	2.18572
0.3205	0.712708	0.387462	0.622411	2.183260.712569	0.38768	0.62224	2.18309
0.3215	0.710566	0.39079	0.619793	2.180630.710424	0.391013	0.619619	2.18045
0.3225	0.708428	0.394118	0.617185	2.178010.708283	0.394347	0.617007	2.17782
0.3235	0.706296	0.397445	0.614586	2.175380.706148	0.39768	0.614404	2.1752
0.3245	0.704169	0.400773	0.611997	2.172760.704018	0.401013	0.611811	2.17257
0.3255	0.702048	0.404101	0.609417	2.170140.701893	0.404347	0.609227	2.16994
0.3265	0.699931	0.407429	0.606846	2.167520.699773	0.40768	0.606653	2.16732
0.3275	0.697819	0.410757	0.604284	2.16490.697658	0.411013	0.604087	2.1647
0.3285	0.695713	0.414084	0.601732	2.162290.695549	0.414347	0.601532	2.16208
0.3295	0.693611	0.417412	0.599189	2.159670.693444	0.41768	0.598985	2.15946
0.3305	0.691515	0.42074	0.596655	2.157060.691345	0.421013	0.596448	2.15684
0.3315	0.689424	0.424068	0.59413	2.154450.68925	0.424347	0.59392	2.15422
0.3325	0.687337	0.427396	0.591615	2.151840.687161	0.42768	0.591401	2.15161
0.3335	0.685256	0.430724	0.589109	2.149230.685077	0.431013	0.588891	2.149
0.3345	0.68318	0.434051	0.586611	2.146620.682998	0.434347	0.586391	2.14639
0.3355	0.681109	0.437379	0.584123	2.144010.680924	0.43768	0.583899	2.14378
0.3365	0.679043	0.440707	0.581644	2.141410.678855	0.441013	0.581417	2.14117
0.3375	0.676982	0.444035	0.579174	2.138810.676791	0.444347	0.578944	2.13856
0.3385	0.674926	0.447363	0.576713	2.136210.674732	0.44768	0.576479	2.13596
0.3395	0.672875	0.45069	0.574261	2.133610.672678	0.451013	0.574024	2.13335
0.3405	0.670829	0.454018	0.571818	2.131010.670629	0.454347	0.571578	2.13075
0.3415	0.668788	0.457346	0.569384	2.128420.668585	0.45768	0.56914	2.12815
0.3425	0.666752	0.460673	0.566958	2.125820.666546	0.461013	0.566712	2.12555
0.3435	0.664721	0.464001	0.564542	2.123230.664512	0.464347	0.564292	2.12296
0.3445	0.662695	0.467329	0.562134	2.120640.662483	0.46768	0.561881	2.12036
0.3455	0.660674	0.470656	0.559736	2.118050.660459	0.471013	0.559479	2.11777
0.3465	0.658658	0.473984	0.557346	2.115460.65844	0.474347	0.557086	2.11518
0.3475	0.656646	0.477311	0.554965	2.112880.656426	0.47768	0.554702	2.11259
0.3485	0.65464	0.480639	0.552592	2.110290.654416	0.481013	0.552326	2.11
0.3495	0.652639	0.483966	0.550229	2.107710.652412	0.484347	0.54996	2.10741
0.3505	0.650642	0.487294	0.547874	2.105130.650413	0.48768	0.547602	2.10482
0.3515	0.648651	0.490621	0.545527	2.102550.648418	0.491013	0.545252	2.10224
0.3525	0.646664	0.493948	0.54319	2.099970.646429	0.494347	0.542911	2.09966
0.3535	0.644683	0.497276	0.540861	2.097390.644444	0.49768	0.540579	2.09708
0.3545	0.642706	0.500603	0.53854	2.094820.642464	0.501013	0.538255	2.0945
0.3555	0.640734	0.50393	0.536229	2.092240.640489	0.504347	0.53594	2.09192
0.3565	0.638767	0.507257	0.533925	2.089670.638519	0.50768	0.533634	2.08934
0.3575	0.636805	0.510584	0.531631	2.08710.636554	0.511013	0.531336	2.08677
0.3585	0.634847	0.513911	0.529344	2.084530.634593	0.514347	0.529046	2.08419
0.3595	0.632895	0.517238	0.527067	2.081970.632638	0.51768	0.526765	2.08162
0.3605	0.630947	0.520565	0.524797	2.07940.630687	0.521013	0.524493	2.07905
0.3615	0.629004	0.523892	0.522536	2.076840.628741	0.524347	0.522229	2.07648
0.3625	0.627066	0.527219	0.520284	2.074280.6268	0.52768	0.519973	2.07392
0.3635	0.625133	0.530546	0.51804	2.071720.624864	0.531013	0.517725	2.07135
0.3645	0.623205	0.533872	0.515804	2.069160.622932	0.534347	0.515486	2.06879
0.3655	0.621281	0.537199	0.513576	2.06660.621005	0.53768	0.513255	2.06623
0.3665	0.619363	0.540525	0.511357	2.064050.619083	0.541013	0.511033	2.06367
0.3675	0.617449	0.543852	0.509146	2.061490.617166	0.544347	0.508818	2.06111
0.3685	0.615539	0.547178	0.506944	2.058940.615254	0.54768	0.506612	2.05855
0.3695	0.613635	0.550504	0.504749	2.056390.613346	0.551013	0.504415	2.056
0.3705	0.611735	0.553831	0.502563	2.053840.611443	0.554347	0.502225	2.05344
0.3715	0.60984	0.557157	0.500385	2.051290.609545	0.55768	0.500043	2.05089
0.3725	0.60795	0.560483	0.498215	2.048750.607651	0.561013	0.49787	2.04834
0.3735	0.606065	0.563809	0.496053	2.04620.605762	0.564347	0.495705	2.04579
0.3745	0.604184	0.567134	0.493899	2.043660.603878	0.56768	0.493547	2.04324
0.3755	0.602308	0.57046	0.491754	2.041120.601999	0.571013	0.491398	2.0407
0.3765	0.600437	0.573786	0.489616	2.038580.600124	0.574347	0.489257	2.03815
0.3775	0.59857	0.577112	0.487487	2.036050.598254	0.57768	0.487124	2.03561
0.3785	0.596709	0.580437	0.485365	2.033510.596388	0.581013	0.484999	2.03307
0.3795	0.594851	0.583762	0.483252	2.030980.594527	0.584347	0.482882	2.03053
0.3805	0.592999	0.587088	0.481146	2.028440.592671	0.58768	0.480772	2.02799
0.3815	0.591151	0.590413	0.479048	2.025910.59082	0.591013	0.478671	2.02545
0.3825	0.589308	0.593738	0.476959	2.023380.588973	0.594347	0.476577	2.02292
0.3835	0.58747	0.597063	0.474877	2.020860.587131	0.59768	0.474492	2.02038
0.3845	0.585636	0.600388	0.472803	2.018330.585293	0.601013	0.472414	2.01785
0.3855	0.583807	0.603713	0.470737	2.015810.58346	0.604347	0.470344	2.01532
0.3865	0.581982	0.607037	0.468678	2.013290.581632	0.60768	0.468282	2.01279
0.3875	0.580162	0.610362	0.466628	2.010760.579808	0.611013	0.466227	2.01027
0.3885	0.578347	0.613686	0.464585	2.008250.577989	0.614347	0.464181	2.00774
0.3895	0.576536	0.61701	0.46255	2.005730.576174	0.61768	0.462141	2.00522
0.3905	0.57473	0.620334	0.460523	2.003210.574364	0.621013	0.46011	2.00269
0.3915	0.572929	0.623658	0.458503	2.00070.572558	0.624347	0.458086	2.00017
0.3925	0.571132	0.626982	0.456491	1.998190.570757	0.62768	0.45607	1.99766
0.3935	0.56934	0.630305	0.454487	1.995680.568961	0.631013	0.454062	1.99514
0.3945	0.567552	0.633629	0.452491	1.993170.567169	0.634347	0.452061	1.99262
0.3955	0.565769	0.636952	0.450502	1.990660.565381	0.63768	0.450068	1.99011
0.3965	0.563991	0.640275	0.448521	1.988160.563598	0.641013	0.448082	1.98759
0.3975	0.562217	0.643598	0.446547	1.985650.56182	0.644347	0.446104	1.98508
0.3985	0.560448	0.64692	0.444581	1.983150.560046	0.64768	0.444133	1.98257
0.3995	0.558683	0.650243	0.442622	1.980650.558276	0.651013	0.44217	1.98007
0.4005	0.556923	0.653565	0.440671	1.978150.556511	0.654347	0.440214	1.97756
0.4015	0.555168	0.656887	0.438728	1.975660.554751	0.65768	0.438265	1.97505
0.4025	0.553417	0.660208	0.436792	1.973160.552995	0.661013	0.436324	1.97255
0.4035	0.55167	0.663529	0.434864	1.970670.551243	0.664347	0.434391	1.97005
0.4045	0.549928	0.66685	0.432943	1.968180.549496	0.66768	0.432464	1.96755
0.4055	0.548191	0.670171	0.431029	1.965690.547753	0.671013	0.430545	1.96505
0.4065	0.546459	0.673491	0.429123	1.96320.546015	0.674347	0.428634	1.96255
0.4075	0.544731	0.676811	0.427225	1.960710.544281	0.67768	0.426729	1.96006
0.4085	0.543007	0.680131	0.425333	1.958230.542551	0.681013	0.424832	1.95757
0.4095	0.541288	0.68345	0.42345	1.955750.540826	0.684347	0.422942	1.95507
0.4105	0.539574	0.686769	0.421573	1.953270.539106	0.68768	0.421059	1.95258
0.4115	0.537864	0.690087	0.419704	1.950790.537389	0.691013	0.419184	1.95009
0.4125	0.536159	0.693405	0.417842	1.948310.535677	0.694347	0.417316	1.94761
0.4135	0.534458	0.696723	0.415988	1.945840.53397	0.69768	0.415454	1.94512
0.4145	0.532762	0.70004	0.414141	1.943370.532267	0.701013	0.4136	1.94264
0.4155	0.53107	0.703356	0.412301	1.94090.530568	0.704347	0.411753	1.94015
0.4165	0.529383	0.706672	0.410468	1.938430.528873	0.70768	0.409913	1.93767
0.4175	0.5277	0.709988	0.408643	1.935960.527183	0.711013	0.40808	1.93519
0.4185	0.526022	0.713303	0.406825	1.93350.525497	0.714347	0.406255	1.93272
0.4195	0.524349	0.716618	0.405014	1.931030.523815	0.71768	0.404436	1.93024
0.4205	0.52268	0.719932	0.403211	1.928570.522138	0.721013	0.402624	1.92777
0.4215	0.521016	0.723245	0.401414	1.926110.520465	0.724347	0.400819	1.92529
0.4225	0.519356	0.726558	0.399625	1.923660.518797	0.72768	0.399021	1.92282
0.4235	0.517701	0.72987	0.397843	1.92120.517132	0.731013	0.39723	1.92035
0.4245	0.51605	0.733182	0.396068	1.918750.515472	0.734347	0.395446	1.91788
0.4255	0.514404	0.736493	0.394301	1.91630.513816	0.73768	0.393669	1.91542
0.4265	0.512762	0.739803	0.39254	1.913850.512165	0.741013	0.391898	1.91295
0.4275	0.511125	0.743113	0.390786	1.91140.510517	0.744347	0.390135	1.91049
0.4285	0.509492	0.746422	0.38904	1.908960.508874	0.74768	0.388378	1.90803
0.4295	0.507864	0.74973	0.387301	1.906520.507235	0.751013	0.386628	1.90557
0.4305	0.50624	0.753037	0.385568	1.904080.505601	0.754347	0.384885	1.90311
0.4315	0.504621	0.756344	0.383843	1.901640.50397	0.75768	0.383148	1.90065
0.4325	0.503007	0.75965	0.382125	1.89920.502344	0.761013	0.381418	1.89819
0.4335	0.501397	0.762955	0.380414	1.896770.500722	0.764347	0.379695	1.89574
0.4345	0.499791	0.766259	0.378709	1.894340.499104	0.76768	0.377979	1.89329
0.4355	0.49819	0.769563	0.377012	1.891910.497491	0.771013	0.376269	1.89084
0.4365	0.496594	0.772865	0.375322	1.889480.495881	0.774347	0.374566	1.88839
0.4375	0.495002	0.776167	0.373639	1.887060.494276	0.77768	0.37287	1.88594
0.4385	0.493415	0.779467	0.371962	1.884630.492675	0.781013	0.37118	1.88349
0.4395	0.491832	0.782767	0.370293	1.882210.491078	0.784347	0.369496	1.88105
0.4405	0.490254	0.786066	0.368631	1.87980.489485	0.78768	0.36782	1.87861
0.4415	0.48868	0.789363	0.366975	1.877380.487896	0.791013	0.366149	1.87616
0.4425	0.487111	0.792659	0.365327	1.874970.486312	0.794347	0.364486	1.87373
0.4435	0.485547	0.795955	0.363685	1.872550.484731	0.79768	0.362828	1.87129
0.4445	0.483987	0.799249	0.362051	1.870150.483155	0.801013	0.361178	1.86885
0.4455	0.482432	0.802541	0.360423	1.867740.481583	0.804347	0.359533	1.86642
0.4465	0.480881	0.805832	0.358802	1.865340.480014	0.80768	0.357895	1.86398
0.4475	0.479335	0.809122	0.357189	1.862940.47845	0.811013	0.356264	1.86155
0.4485	0.477794	0.812409	0.355582	1.860540.47689	0.814347	0.354639	1.85912
0.4495	0.476258	0.815696	0.353982	1.858140.475335	0.81768	0.35302	1.85669
0.4505	0.474727	0.81898	0.35239	1.855750.473783	0.821013	0.351407	1.85426
0.4515	0.473201	0.822262	0.350805	1.853360.472235	0.824347	0.349801	1.85184
0.4525	0.471679	0.825541	0.349227	1.850980.470691	0.82768	0.348201	1.84942
0.4535	0.470163	0.828818	0.347656	1.848590.469151	0.831013	0.346608	1.84699
0.4545	0.468652	0.832092	0.346093	1.846220.467616	0.834347	0.34502	1.84457
0.4555	0.467146	0.835363	0.344537	1.843840.466084	0.83768	0.343439	1.84215
0.4565	0.465646	0.83863	0.34299	1.841470.464557	0.841013	0.341864	1.83974
0.4575	0.464152	0.841893	0.341449	1.83910.463033	0.844347	0.340296	1.83732
0.4585	0.462663	0.845152	0.339917	1.836740.461513	0.84768	0.338733	1.83491
0.4595	0.461181	0.848406	0.338394	1.834390.459998	0.851013	0.337177	1.83249
0.4605	0.459705	0.851654	0.336878	1.832040.458486	0.854347	0.335627	1.83008
0.4615	0.458236	0.854895	0.335372	1.829690.456978	0.85768	0.334083	1.82767
0.4625	0.456774	0.858129	0.333875	1.827350.455475	0.861013	0.332545	1.82526
0.4635	0.455319	0.861354	0.332388	1.825030.453975	0.864347	0.331013	1.82286
0.4645	0.453873	0.864569	0.330911	1.82270.452479	0.86768	0.329487	1.82045
0.4655	0.452436	0.867771	0.329445	1.820390.450987	0.871013	0.327967	1.81805
0.4665	0.451009	0.87096	0.327991	1.81810.449499	0.874347	0.326453	1.81565
0.4675	0.449593	0.874132	0.32655	1.815810.448015	0.87768	0.324945	1.81325
0.4685	0.448189	0.877284	0.325124	1.813540.446535	0.881013	0.323443	1.81085
0.4695	0.4468	0.880412	0.323714	1.811290.445059	0.884347	0.321947	1.80845
0.4705	0.445426	0.883512	0.322321	1.809060.443587	0.88768	0.320458	1.80606
0.4715	0.444071	0.886578	0.320949	1.806860.442119	0.891013	0.318973	1.80366
0.4725	0.442738	0.889602	0.319601	1.804680.440654	0.894347	0.317495	1.80127
0.4735	0.441429	0.892578	0.318279	1.802550.439194	0.89768	0.316023	1.79888
0.4745	0.440148	0.895496	0.316987	1.800450.437737	0.901013	0.314557	1.79649
0.4755	0.4389	0.898347	0.315729	1.798410.436284	0.904347	0.313096	1.7941
0.4765	0.437689	0.901118	0.314511	1.796430.434835	0.90768	0.311641	1.79172
0.4775	0.436522	0.903797	0.313336	1.794510.43339	0.911013	0.310192	1.78934
0.4785	0.435402	0.906371	0.312212	1.792660.431949	0.914347	0.308749	1.78695
0.4795	0.434336	0.908826	0.311142	1.790910.430512	0.91768	0.307311	1.78457
0.4805	0.433329	0.911149	0.310133	1.789250.429078	0.921013	0.30588	1.78219
0.4815	0.432387	0.913327	0.30919	1.787690.427648	0.924347	0.304454	1.77981
0.4825	0.431514	0.915349	0.308316	1.786240.426319	0.927453	0.30313	1.7776
0.4835	0.430714	0.917205	0.307516	1.784920.426319	0.927453	0.30313	1.7776
0.4845	0.429989	0.918888	0.306792	1.783720.426319	0.927453	0.30313	1.7776
0.4855	0.429342	0.920394	0.306145	1.782640.426319	0.927453	0.30313	1.7776
0.4865	0.428771	0.921724	0.305575	1.781690.426319	0.927453	0.30313	1.7776
0.4875	0.428274	0.92288	0.30508	1.780870.426319	0.927453	0.30313	1.7776
0.4885	0.42785	0.92387	0.304657	1.780160.426319	0.927453	0.30313	1.7776
0.4895	0.427494	0.924703	0.304302	1.779570.426319	0.927453	0.30313	1.7776
0.4905	0.427199	0.925391	0.304008	1.779080.426319	0.927453	0.30313	1.7776
0.4915	0.42696	0.925949	0.30377	1.778680.426319	0.927453	0.30313	1.7776
0.4925	0.426771	0.926392	0.303582	1.778370.426319	0.927453	0.30313	1.7776
0.4935	0.426623	0.926736	0.303435	1.778120.426319	0.927453	0.30313	1.7776
0.4945	0.426512	0.926997	0.303324	1.777930.426319	0.927453	0.30313	1.7776
0.4955	0.42643	0.927189	0.303242	1.77780.426319	0.927453	0.30313	1.7776
0.4965	0.426371	0.927327	0.303184	1.77770.426319	0.927453	0.30313	1.7776
0.4975	0.426331	0.927421	0.303144	1.777630.426319	0.927453	0.30313	1.7776
0.4985	0.426305	0.927482	0.303118	1.777590.426319	0.927453	0.30313	1.7776
0.4995	0.426289	0.927519	0.303102	1.777560.426319	0.927453	0.30313	1.7776
0.5005	0.42628	0.927538	0.303094	1.777550.426319	0.927453	0.30313	1.7776
0.5015	0.426277	0.927547	0.30309	1.777540.426319	0.927453	0.30313	1.7776
0.5025	0.426276	0.927549	0.303089	1.777540.426319	0.927453	0.30313	1.7776
0.5035	0.426276	0.927549	0.303089	1.777540.426319	0.927453	0.30313	1.7776
0.5045	0.426279	0.92754	0.303093	1.777550.426319	0.927453	0.30313	1.7776
0.5055	0.426287	0.927523	0.3031	1.777560.426319	0.927453	0.30313	1.7776
0.5065	0.426295	0.927503	0.303109	1.777570.426319	0.927453	0.30313	1.7776
0.5075	0.426302	0.927487	0.303115	1.777590.426319	0.927453	0.30313	1.7776
0.5085	0.426307	0.927476	0.30312	1.777590.426319	0.927453	0.30313	1.7776
0.5095	0.426311	0.927467	0.303124	1.77760.426319	0.927453	0.30313	1.7776
0.5105	0.426313	0.927462	0.303126	1.77760.426319	0.927453	0.30313	1.7776
0.5115	0.426314	0.927459	0.303128	1.777610.426319	0.927453	0.30313	1.7776
0.5125	0.426315	0.927457	0.303128	1.777610.426319	0.927453	0.30313	1.7776
0.5135	0.426315	0.927456	0.303129	1.777610.426319	0.927453	0.30313	1.7776
0.5145	0.426315	0.927456	0.303129	1.777610.426319	0.927453	0.30313	1.7776
0.5155	0.426315	0.927456	0.303129	1.777610.426319	0.927453	0.30313	1.7776
0.5165	0.426315	0.927456	0.303128	1.777610.426319	0.927453	0.30313	1.7776
0.5175	0.426314	0.927458	0.303128	1.777610.426319	0.927453	0.30313	1.7776
0.5185	0.426313	0.927461	0.303127	1.777610.426319	0.927453	0.30313	1.7776
0.5195	0.426312	0.927463	0.303126	1.77760.426319	0.927453	0.30313	1.7776
0.5205	0.426312	0.927464	0.303125	1.77760.426319	0.927453	0.30313	1.7776
0.5215	0.426311	0.927465	0.303125	1.77760.426319	0.927453	0.30313	1.7776
0.5225	0.426311	0.927466	0.303124	1.77760.426319	0.927453	0.30313	1.7776
0.5235	0.42631	0.927467	0.303124	1.77760.426319	0.927453	0.30313	1.7776
0.5245	0.42631	0.927467	0.303124	1.77760.426319	0.927453	0.30313	1.7776
0.5255	0.42631	0.927467	0.303124	1.77760.426319	0.927453	0.30313	1.7776
0.5265	0.42631	0.927467	0.303124	1.77760.426319	0.927453	0.30313	1.7776
0.5275	0.42631	0.927467	0.303124	1.77760.426319	0.927453	0.30313	1.7776
0.5285	0.42631	0.927467	0.303124	1.77760.426319	0.927453	0.30313	1.7776
0.5295	0.42631	0.927467	0.303124	1.77760.426319	0.927453	0.30313	1.7776
0.5305	0.42631	0.927467	0.303124	1.77760.426319	0.927453	0.30313	1.7776
0.5315	0.426311	0.927466	0.303124	1.77760.426319	0.927453	0.30313	1.7776
0.5325	0.426311	0.927465	0.303125	1.77760.426319	0.927453	0.30313	1.7776
0.5335	0.426312	0.927463	0.303126	1.777610.426319	0.927453	0.30313	1.7776
0.5345	0.426313	0.927461	0.303127	1.777610.426319	0.927453	0.30313	1.7776
0.5355	0.426313	0.927459	0.303127	1.777610.426319	0.927453	0.30313	1.7776
0.5365	0.426314	0.927457	0.303128	1.777610.426319	0.927453	0.30313	1.7776
0.5375	0.426315	0.927455	0.303129	1.777610.426319	0.927453	0.30313	1.7776
0.5385	0.426316	0.927453	0.30313	1.777610.426319	0.927453	0.30313	1.7776
0.5395	0.426317	0.927451	0.303131	1.777620.426319	0.927453	0.30313	1.7776
0.5405	0.426317	0.927449	0.303132	1.777620.426319	0.927453	0.30313	1.7776
0.5415	0.426318	0.927447	0.303132	1.777620.426319	0.927453	0.30313	1.7776
0.5425	0.426319	0.927445	0.303133	1.777620.426319	0.927453	0.30313	1.7776
0.5435	0.42632	0.927444	0.303134	1.777620.426319	0.927453	0.30313	1.7776
0.5445	0.42632	0.927443	0.303134	1.777620.426319	0.927453	0.30313	1.7776
0.5455	0.42632	0.927442	0.303135	1.777620.426319	0.927453	0.30313	1.7776
0.5465	0.426321	0.927441	0.303135	1.777620.426319	0.927453	0.30313	1.7776
0.5475	0.426321	0.92744	0.303135	1.777620.426319	0.927453	0.30313	1.7776
0.5485	0.426321	0.92744	0.303135	1.777620.426319	0.927453	0.30313	1.7776
0.5495	0.426321	0.92744	0.303135	1.777620.426319	0.927453	0.30313	1.7776
0.5505	0.426321	0.92744	0.303136	1.777620.426319	0.927453	0.30313	1.7776
0.5515	0.426321	0.92744	0.303136	1.777620.426319	0.927453	0.30313	1.7776
0.5525	0.426321	0.92744	0.303136	1.777630.426319	0.927453	0.30313	1.7776
0.5535	0.426321	0.92744	0.303136	1.777630.426319	0.927453	0.30313	1.7776
0.5545	0.426321	0.92744	0.303135	1.777630.426319	0.927453	0.30313	1.7776
0.5555	0.42632	0.927441	0.303135	1.777620.426319	0.927453	0.30313	1.7776
0.5565	0.426319	0.927444	0.303134	1.777620.426319	0.927453	0.30313	1.7776
0.5575	0.426318	0.927447	0.303133	1.777620.426319	0.927453	0.30313	1.7776
0.5585	0.426316	0.92745	0.303131	1.777620.426319	0.927453	0.30313	1.7776
0.5595	0.426315	0.927454	0.30313	1.777620.426319	0.927453	0.30313	1.7776
0.5605	0.426314	0.927456	0.303128	1.777610.426319	0.927453	0.30313	1.7776
0.5615	0.426313	0.927459	0.303128	1.777610.426319	0.927453	0.30313	1.7776
0.5625	0.426312	0.92746	0.303127	1.777610.426319	0.927453	0.30313	1.7776
0.5635	0.426311	0.927461	0.303126	1.777610.426319	0.927453	0.30313	1.7776
0.5645	0.426311	0.927462	0.303126	1.777610.426319	0.927453	0.30313	1.7776
0.5655	0.426311	0.927463	0.303126	1.777610.426319	0.927453	0.30313	1.7776
0.5665	0.42631	0.927463	0.303126	1.777610.426319	0.927453	0.30313	1.7776
0.5675	0.42631	0.927463	0.303126	1.777610.426319	0.927453	0.30313	1.7776
0.5685	0.42631	0.927463	0.303126	1.777610.426319	0.927453	0.30313	1.7776
0.5695	0.42631	0.927463	0.303126	1.777610.426319	0.927453	0.30313	1.7776
0.5705	0.42631	0.927463	0.303126	1.777610.426319	0.927453	0.30313	1.7776
0.5715	0.42631	0.927463	0.303126	1.777610.426319	0.927453	0.30313	1.7776
0.5725	0.42631	0.927463	0.303126	1.777610.426319	0.927453	0.30313	1.7776
0.5735	0.42631	0.927462	0.303126	1.777610.426319	0.927453	0.30313	1.7776
0.5745	0.42631	0.927462	0.303126	1.777610.426319	0.927453	0.30313	1.7776
0.5755	0.426311	0.92746	0.303127	1.777620.426319	0.927453	0.30313	1.7776
0.5765	0.426312	0.927459	0.303127	1.777620.426319	0.927453	0.30313	1.7776
0.5775	0.426312	0.927457	0.303128	1.777620.426319	0.927453	0.30313	1.7776
0.5785	0.426313	0.927456	0.303129	1.777620.426319	0.927453	0.30313	1.7776
0.5795	0.426313	0.927455	0.303129	1.777620.426319	0.927453	0.30313	1.7776
0.5805	0.426314	0.927454	0.30313	1.777620.426319	0.927453	0.30313	1.7776
0.5815	0.426314	0.927453	0.30313	1.777620.426319	0.927453	0.30313	1.7776
0.5825	0.426314	0.927452	0.303131	1.777620.426319	0.927453	0.30313	1.7776
0.5835	0.426315	0.927451	0.303131	1.777620.426319	0.927453	0.30313	1.7776
0.5845	0.426315	0.92745	0.303131	1.777630.426319	0.927453	0.30313	1.7776
0.5855	0.426315	0.927449	0.303132	1.777630.426319	0.927453	0.30313	1.7776
0.5865	0.426316	0.927448	0.303132	1.777630.426319	0.927453	0.30313	1.7776
0.5875	0.426316	0.927447	0.303132	1.777630.426319	0.927453	0.30313	1.7776
0.5885	0.426316	0.927446	0.303133	1.777630.426319	0.927453	0.30313	1.7776
0.5895	0.426317	0.927445	0.303133	1.777630.426319	0.927453	0.30313	1.7776
0.5905	0.426317	0.927443	0.303134	1.777630.426319	0.927453	0.30313	1.7776
0.5915	0.426318	0.927442	0.303135	1.777630.426319	0.927453	0.30313	1.7776
0.5925	0.426318	0.927441	0.303135	1.777630.426319	0.927453	0.30313	1.7776
0.5935	0.426318	0.92744	0.303135	1.777640.426319	0.927453	0.30313	1.7776
0.5945	0.426319	0.927439	0.303136	1.777640.426319	0.927453	0.30313	1.7776
0.5955	0.426319	0.927439	0.303136	1.777640.426319	0.927453	0.30313	1.7776
0.5965	0.426319	0.927438	0.303136	1.777640.426319	0.927453	0.30313	1.7776
0.5975	0.426319	0.927438	0.303136	1.777640.426319	0.927453	0.30313	1.7776
0.5985	0.426319	0.927438	0.303136	1.777640.426319	0.927453	0.30313	1.7776
0.5995	0.426319	0.927437	0.303137	1.777640.426319	0.927453	0.30313	1.7776
0.6005	0.426319	0.927437	0.303137	1.777640.426319	0.927453	0.30313	1.7776
0.6015	0.426319	0.927437	0.303137	1.777640.426319	0.927453	0.30313	1.7776
0.6025	0.426319	0.927437	0.303137	1.777640.426319	0.927453	0.30313	1.7776
0.6035	0.426319	0.927437	0.303137	1.777640.426319	0.927453	0.30313	1.7776
0.6045	0.426319	0.927437	0.303137	1.777640.426319	0.927453	0.30313	1.7776
0.6055	0.426318	0.927438	0.303136	1.777640.426319	0.927453	0.30313	1.7776
0.6065	0.426317	0.92744	0.303135	1.777640.426319	0.927453	0.30313	1.7776
0.6075	0.426316	0.927443	0.303134	1.777640.426319	0.927453	0.30313	1.7776
0.6085	0.426314	0.927446	0.303133	1.777640.426319	0.927453	0.30313	1.7776
0.6095	0.426312	0.92745	0.303131	1.777640.426319	0.927453	0.30313	1.7776
0.6105	0.426311	0.927453	0.30313	1.777630.426319	0.927453	0.30313	1.7776
0.6115	0.426309	0.927456	0.303128	1.777630.426319	0.927453	0.30313	1.7776
0.6125	0.426308	0.927459	0.303127	1.777630.426319	0.927453	0.30313	1.7776
0.6135	0.426307	0.927461	0.303126	1.777630.426319	0.927453	0.30313	1.7776
0.6145	0.426306	0.927463	0.303126	1.777630.426319	0.927453	0.30313	1.7776
0.6155	0.426305	0.927464	0.303125	1.777630.426319	0.927453	0.30313	1.7776
0.6165	0.426305	0.927465	0.303125	1.777630.426319	0.927453	0.30313	1.7776
0.6175	0.426305	0.927465	0.303125	1.777630.426319	0.927453	0.30313	1.7776
0.6185	0.426304	0.927465	0.303125	1.777630.426319	0.927453	0.30313	1.7776
0.6195	0.426304	0.927465	0.303125	1.777630.426319	0.927453	0.30313	1.7776
0.6205	0.426304	0.927465	0.303125	1.777630.426319	0.927453	0.30313	1.7776
0.6215	0.426304	0.927464	0.303125	1.777630.426319	0.927453	0.30313	1.7776
0.6225	0.426304	0.927464	0.303125	1.777630.426319	0.927453	0.30313	1.7776
0.6235	0.426304	0.927463	0.303125	1.777640.426319	0.927453	0.30313	1.7776
0.6245	0.426304	0.927463	0.303126	1.777640.426319	0.927453	0.30313	1.7776
0.6255	0.426305	0.927462	0.303126	1.777640.426319	0.927453	0.30313	1.7776
0.6265	0.426305	0.927461	0.303127	1.777640.426319	0.927453	0.30313	1.7776
0.6275	0.426305	0.92746	0.303127	1.777640.426319	0.927453	0.30313	1.7776
0.6285	0.426305	0.927459	0.303127	1.777640.426319	0.927453	0.30313	1.7776
0.6295	0.426305	0.927458	0.303128	1.777640.426319	0.927453	0.30313	1.7776
0.6305	0.426305	0.927457	0.303128	1.777650.426319	0.927453	0.30313	1.7776
0.6315	0.426305	0.927457	0.303128	1.777650.426319	0.927453	0.30313	1.7776
0.6325	0.426306	0.927456	0.303129	1.777650.426319	0.927453	0.30313	1.7776
0.6335	0.426306	0.927455	0.303129	1.777650.426319	0.927453	0.30313	1.7776
0.6345	0.426306	0.927454	0.30313	1.777650.426319	0.927453	0.30313	1.7776
0.6355	0.426306	0.927453	0.30313	1.777660.426319	0.927453	0.30313	1.7776
0.6365	0.426306	0.927452	0.30313	1.777660.426319	0.927453	0.30313	1.7776
0.6375	0.426306	0.927452	0.30313	1.777660.426319	0.927453	0.30313	1.7776
0.6385	0.426306	0.927451	0.303131	1.777660.426319	0.927453	0.30313	1.7776
0.6395	0.426306	0.92745	0.303131	1.777660.426319	0.927453	0.30313	1.7776
0.6405	0.426306	0.927449	0.303132	1.777660.426319	0.927453	0.30313	1.7776
0.6415	0.426306	0.927448	0.303132	1.777670.426319	0.927453	0.30313	1.7776
0.6425	0.426306	0.927447	0.303132	1.777670.426319	0.927453	0.30313	1.7776
0.6435	0.426306	0.927446	0.303133	1.777670.426319	0.927453	0.30313	1.7776
0.6445	0.426306	0.927445	0.303133	1.777670.426319	0.927453	0.30313	1.7776
0.6455	0.426306	0.927445	0.303133	1.777670.426319	0.927453	0.30313	1.7776
0.6465	0.426306	0.927444	0.303134	1.777680.426319	0.927453	0.30313	1.7776
0.6475	0.426306	0.927443	0.303134	1.777680.426319	0.927453	0.30313	1.7776
0.6485	0.426306	0.927442	0.303135	1.777680.426319	0.927453	0.30313	1.7776
0.6495	0.426306	0.927441	0.303135	1.777680.426319	0.927453	0.30313	1.7776
0.6505	0.426306	0.92744	0.303135	1.777680.426319	0.927453	0.30313	1.7776
0.6515	0.426306	0.927439	0.303136	1.777690.426319	0.927453	0.30313	1.7776
0.6525	0.426306	0.927439	0.303136	1.777690.426319	0.927453	0.30313	1.7776
0.6535	0.426306	0.927438	0.303136	1.777690.426319	0.927453	0.30313	1.7776
0.6545	0.426306	0.927437	0.303137	1.777690.426319	0.927453	0.30313	1.7776
0.6555	0.426306	0.927437	0.303137	1.77770.426319	0.927453	0.30313	1.7776
0.6565	0.426305	0.927436	0.303137	1.77770.426319	0.927453	0.30313	1.7776
0.6575	0.426305	0.927437	0.303137	1.77770.426319	0.927453	0.30313	1.7776
0.6585	0.426304	0.927437	0.303136	1.77770.426319	0.927453	0.30313	1.7776
0.6595	0.426303	0.927439	0.303136	1.77770.426319	0.927453	0.30313	1.7776
0.6605	0.426301	0.927441	0.303135	1.77770.426319	0.927453	0.30313	1.7776
0.6615	0.4263	0.927443	0.303134	1.77770.426319	0.927453	0.30313	1.7776
0.6625	0.426298	0.927446	0.303133	1.777710.426319	0.927453	0.30313	1.7776
0.6635	0.426296	0.927449	0.303131	1.777710.426319	0.927453	0.30313	1.7776
0.6645	0.426294	0.927452	0.30313	1.777710.426319	0.927453	0.30313	1.7776
0.6655	0.426292	0.927455	0.303129	1.777710.426319	0.927453	0.30313	1.7776
0.6665	0.426291	0.927458	0.303128	1.777710.426319	0.927453	0.30313	1.7776
0.6675	0.426289	0.92746	0.303127	1.777710.426319	0.927453	0.30313	1.7776
0.6685	0.426288	0.927462	0.303126	1.777710.426319	0.927453	0.30313	1.7776
0.6695	0.426287	0.927464	0.303125	1.777710.426319	0.927453	0.30313	1.7776
0.6705	0.426285	0.927465	0.303125	1.777710.426319	0.927453	0.30313	1.7776
0.6715	0.426284	0.927466	0.303124	1.777710.426319	0.927453	0.30313	1.7776
0.6725	0.426282	0.927467	0.303124	1.777720.426319	0.927453	0.30313	1.7776
0.6735	0.42628	0.927467	0.303124	1.777730.426319	0.927453	0.30313	1.7776
0.6745	0.426279	0.927467	0.303124	1.777730.426319	0.927453	0.30313	1.7776
0.6755	0.426278	0.927466	0.303124	1.777740.426319	0.927453	0.30313	1.7776
0.6765	0.426276	0.927466	0.303124	1.777740.426319	0.927453	0.30313	1.7776
0.6775	0.426275	0.927465	0.303125	1.777750.426319	0.927453	0.30313	1.7776
0.6785	0.426274	0.927464	0.303125	1.777760.426319	0.927453	0.30313	1.7776
0.6795	0.426273	0.927463	0.303125	1.777770.426319	0.927453	0.30313	1.7776
0.6805	0.426272	0.927462	0.303126	1.777770.426319	0.927453	0.30313	1.7776
0.6815	0.426271	0.927461	0.303126	1.777780.426319	0.927453	0.30313	1.7776
0.6825	0.426269	0.92746	0.303127	1.777790.426319	0.927453	0.30313	1.7776
0.6835	0.426268	0.927459	0.303127	1.77780.426319	0.927453	0.30313	1.7776
0.6845	0.426266	0.927458	0.303127	1.777810.426319	0.927453	0.30313	1.7776
0.6855	0.426265	0.927458	0.303128	1.777820.426319	0.927453	0.30313	1.7776
0.6865	0.426263	0.927457	0.303128	1.777820.426319	0.927453	0.30313	1.7776
0.6875	0.426261	0.927456	0.303129	1.777840.426319	0.927453	0.30313	1.7776
0.6885	0.426259	0.927455	0.303129	1.777850.426319	0.927453	0.30313	1.7776
0.6895	0.426256	0.927454	0.303129	1.777860.426319	0.927453	0.30313	1.7776
0.6905	0.426253	0.927453	0.30313	1.777870.426319	0.927453	0.30313	1.7776
0.6915	0.42625	0.927453	0.30313	1.777890.426319	0.927453	0.30313	1.7776
0.6925	0.426247	0.927452	0.30313	1.77790.426319	0.927453	0.30313	1.7776
0.6935	0.426244	0.927451	0.303131	1.777920.426319	0.927453	0.30313	1.7776
0.6945	0.42624	0.92745	0.303131	1.777940.426319	0.927453	0.30313	1.7776
0.6955	0.426236	0.927449	0.303131	1.777950.426319	0.927453	0.30313	1.7776
0.6965	0.426233	0.927449	0.303132	1.777970.426319	0.927453	0.30313	1.7776
0.6975	0.426229	0.927448	0.303132	1.777990.426319	0.927453	0.30313	1.7776
0.6985	0.426225	0.927447	0.303132	1.778010.426319	0.927453	0.30313	1.7776
0.6995	0.42622	0.927446	0.303133	1.778030.426319	0.927453	0.30313	1.7776
0.7005	0.426213	0.927445	0.303133	1.778060.426319	0.927453	0.30313	1.7776
0.7015	0.426204	0.927445	0.303133	1.77810.426319	0.927453	0.30313	1.7776
0.7025	0.426192	0.927444	0.303134	1.778150.426319	0.927453	0.30313	1.7776
0.7035	0.426177	0.927443	0.303134	1.778220.426319	0.927453	0.30313	1.7776
0.7045	0.426161	0.927442	0.303134	1.778290.426319	0.927453	0.30313	1.7776
0.7055	0.426145	0.927441	0.303135	1.778350.426319	0.927453	0.30313	1.7776
0.7065	0.426132	0.92744	0.303135	1.778410.426319	0.927453	0.30313	1.7776
0.7075	0.42612	0.927439	0.303136	1.778460.426319	0.927453	0.30313	1.7776
0.7085	0.426112	0.927438	0.303136	1.77850.426319	0.927453	0.30313	1.7776
0.7095	0.426105	0.927438	0.303136	1.778530.426319	0.927453	0.30313	1.7776
0.7105	0.4261	0.927437	0.303137	1.778550.426319	0.927453	0.30313	1.7776
0.7115	0.426096	0.927436	0.303137	1.778570.426319	0.927453	0.30313	1.7776
0.7125	0.426092	0.927436	0.303137	1.778590.426319	0.927453	0.30313	1.7776
0.7135	0.426087	0.927437	0.303137	1.778610.426319	0.927453	0.30313	1.7776
0.7145	0.426077	0.927438	0.303136	1.778650.426319	0.927453	0.30313	1.7776
0.7155	0.426057	0.927439	0.303136	1.778730.426319	0.927453	0.30313	1.7776
0.7165	0.426011	0.927441	0.303135	1.778920.426319	0.927453	0.30313	1.7776
0.7175	0.425888	0.927443	0.303134	1.779420.426319	0.927453	0.30313	1.7776
0.7185	0.425548	0.927446	0.303133	1.780840.426319	0.927453	0.30313	1.7776
0.7195	0.424897	0.927449	0.303132	1.783560.426319	0.927453	0.30313	1.7776
0.7205	0.424043	0.927452	0.30313	1.787150.426319	0.927453	0.30313	1.7776
0.7215	0.423138	0.927454	0.303129	1.790960.426319	0.927453	0.30313	1.7776
0.7225	0.422304	0.927457	0.303128	1.794490.426319	0.927453	0.30313	1.7776
0.7235	0.421578	0.92746	0.303127	1.797580.426319	0.927453	0.30313	1.7776
0.7245	0.420971	0.927462	0.303126	1.800160.426319	0.927453	0.30313	1.7776
0.7255	0.420489	0.927463	0.303125	1.802220.426319	0.927453	0.30313	1.7776
0.7265	0.420129	0.927465	0.303125	1.803760.426319	0.927453	0.30313	1.7776
0.7275	0.419878	0.927466	0.303124	1.804830.426319	0.927453	0.30313	1.7776
0.7285	0.419722	0.927466	0.303124	1.805510.426319	0.927453	0.30313	1.7776
0.7295	0.419639	0.927467	0.303124	1.805860.426319	0.927453	0.30313	1.7776
0.7305	0.419607	0.927467	0.303124	1.8060.426319	0.927453	0.30313	1.7776
0.7315	0.261737	0.927467	0.303124	2.895310.426319	0.927453	0.30313	1.7776
0.7325	0.261745	0.927467	0.303124	2.895220.265574	0.927453	0.30313	2.85354
0.7335	0.261798	0.927466	0.303124	2.894640.265574	0.927453	0.30313	2.85354
0.7345	0.261997	0.927466	0.303124	2.892440.265574	0.927453	0.30313	2.85354
0.7355	0.262392	0.927465	0.303125	2.888090.265574	0.927453	0.30313	2.85354
0.7365	0.262865	0.927464	0.303125	2.88290.265574	0.927453	0.30313	2.85354
0.7375	0.263313	0.927464	0.303125	2.8780.265574	0.927453	0.30313	2.85354
0.7385	0.263709	0.927463	0.303126	2.873680.265574	0.927453	0.30313	2.85354
0.7395	0.264053	0.927462	0.303126	2.869940.265574	0.927453	0.30313	2.85354
0.7405	0.264347	0.927461	0.303126	2.866750.265574	0.927453	0.30313	2.85354
0.7415	0.264594	0.927461	0.303127	2.864080.265574	0.927453	0.30313	2.85354
0.7425	0.264799	0.92746	0.303127	2.861860.265574	0.927453	0.30313	2.85354
0.7435	0.264966	0.92746	0.303128	2.860060.265574	0.927453	0.30313	2.85354
0.7445	0.265101	0.927459	0.303128	2.858610.265574	0.927453	0.30313	2.85354
0.7455	0.265208	0.927459	0.303128	2.857460.265574	0.927453	0.30313	2.85354
0.7465	0.265292	0.927459	0.303129	2.856550.265574	0.927453	0.30313	2.85354
0.7475	0.265358	0.927458	0.303129	2.855850.265574	0.927453	0.30313	2.85354
0.7485	0.265409	0.927458	0.303129	2.855310.265574	0.927453	0.30313	2.85354
0.7495	0.265448	0.927457	0.30313	2.854890.265574	0.927453	0.30313	2.85354
0.7505	0.265478	0.927457	0.30313	2.854570.265574	0.927453	0.30313	2.85354
0.7515	0.265501	0.927456	0.30313	2.854330.265574	0.927453	0.30313	2.85354
0.7525	0.265518	0.927455	0.30313	2.854140.265574	0.927453	0.30313	2.85354
0.7535	0.265532	0.927455	0.303131	2.853990.265574	0.927453	0.30313	2.85354
0.7545	0.265543	0.927454	0.303131	2.853880.265574	0.927453	0.30313	2.85354
0.7555	0.265551	0.927453	0.303131	2.853790.265574	0.927453	0.30313	2.85354
0.7565	0.265558	0.927453	0.303131	2.853720.265574	0.927453	0.30313	2.85354
0.7575	0.265563	0.927452	0.303132	2.853670.265574	0.927453	0.30313	2.85354
0.7585	0.265567	0.927451	0.303132	2.853620.265574	0.927453	0.30313	2.85354
0.7595	0.265571	0.92745	0.303132	2.853590.265574	0.927453	0.30313	2.85354
0.7605	0.265573	0.927449	0.303132	2.853570.265574	0.927453	0.30313	2.85354
0.7615	0.265575	0.927449	0.303132	2.853550.265574	0.927453	0.30313	2.85354
0.7625	0.265576	0.927448	0.303132	2.853540.265574	0.927453	0.30313	2.85354
0.7635	0.265577	0.927447	0.303133	2.853530.265574	0.927453	0.30313	2.85354
0.7645	0.265577	0.927446	0.303133	2.853530.265574	0.927453	0.30313	2.85354
0.7655	0.265577	0.927446	0.303133	2.853530.265574	0.927453	0.30313	2.85354
0.7665	0.265577	0.927445	0.303133	2.853530.265574	0.927453	0.30313	2.85354
0.7675	0.265577	0.927444	0.303133	2.853530.265574	0.927453	0.30313	2.85354
0.7685	0.265577	0.927443	0.303134	2.853540.265574	0.927453	0.30313	2.85354
0.7695	0.265576	0.927442	0.303134	2.853550.265574	0.927453	0.30313	2.85354
0.7705	0.265575	0.927441	0.303134	2.853570.265574	0.927453	0.30313	2.85354
0.7715	0.265574	0.927441	0.303134	2.853580.265574	0.927453	0.30313	2.85354
0.7725	0.265573	0.92744	0.303135	2.853590.265574	0.927453	0.30313	2.85354
0.7735	0.265572	0.927439	0.303135	2.85360.265574	0.927453	0.30313	2.85354
0.7745	0.265572	0.927438	0.303135	2.85360.265574	0.927453	0.30313	2.85354
0.7755	0.265572	0.927437	0.303135	2.853610.265574	0.927453	0.30313	2.85354
0.7765	0.265572	0.927436	0.303136	2.853610.265574	0.927453	0.30313	2.85354
0.7775	0.265572	0.927435	0.303136	2.853610.265574	0.927453	0.30313	2.85354
0.7785	0.265573	0.927434	0.303136	2.853610.265574	0.927453	0.30313	2.85354
0.7795	0.265574	0.927434	0.303136	2.853590.265574	0.927453	0.30313	2.85354
0.7805	0.265576	0.927433	0.303136	2.853570.265574	0.927453	0.30313	2.85354
0.7815	0.265579	0.927433	0.303136	2.853540.265574	0.927453	0.30313	2.85354
0.7825	0.265581	0.927434	0.303136	2.853520.265574	0.927453	0.30313	2.85354
0.7835	0.265583	0.927434	0.303136	2.853490.265574	0.927453	0.30313	2.85354
0.7845	0.265585	0.927435	0.303135	2.853470.265574	0.927453	0.30313	2.85354
0.7855	0.265585	0.927436	0.303135	2.853460.265574	0.927453	0.30313	2.85354
0.7865	0.265586	0.927438	0.303134	2.853450.265574	0.927453	0.30313	2.85354
0.7875	0.265586	0.927441	0.303133	2.853440.265574	0.927453	0.30313	2.85354
0.7885	0.265585	0.927444	0.303132	2.853440.265574	0.927453	0.30313	2.85354
0.7895	0.265585	0.927448	0.303131	2.853430.265574	0.927453	0.30313	2.85354
0.7905	0.265584	0.92745	0.30313	2.853430.265574	0.927453	0.30313	2.85354
0.7915	0.265583	0.927453	0.303129	2.853430.265574	0.927453	0.30313	2.85354
0.7925	0.265582	0.927456	0.303128	2.853440.265574	0.927453	0.30313	2.85354
0.7935	0.265579	0.927458	0.303127	2.853450.265574	0.927453	0.30313	2.85354
0.7945	0.265576	0.92746	0.303126	2.853480.265574	0.927453	0.30313	2.85354
0.7955	0.265573	0.927462	0.303126	2.853510.265574	0.927453	0.30313	2.85354
0.7965	0.26557	0.927463	0.303125	2.853540.265574	0.927453	0.30313	2.85354
0.7975	0.265567	0.927465	0.303125	2.853560.265574	0.927453	0.30313	2.85354
0.7985	0.265566	0.927465	0.303124	2.853570.265574	0.927453	0.30313	2.85354
0.7995	0.265564	0.927466	0.303124	2.853580.265574	0.927453	0.30313	2.85354
0.8005	0.265564	0.927467	0.303124	2.853590.265574	0.927453	0.30313	2.85354
0.8015	0.265563	0.927467	0.303124	2.853590.265574	0.927453	0.30313	2.85354
0.8025	0.265563	0.927467	0.303123	2.853590.265574	0.927453	0.30313	2.85354
0.8035	0.265563	0.927468	0.303123	2.853590.265574	0.927453	0.30313	2.85354
0.8045	0.265563	0.927468	0.303123	2.853590.265574	0.927453	0.30313	2.85354
0.8055	0.265563	0.927467	0.303124	2.853590.265574	0.927453	0.30313	2.85354
0.8065	0.265565	0.927467	0.303124	2.853580.265574	0.927453	0.30313	2.85354
0.8075	0.265567	0.927466	0.303124	2.853560.265574	0.927453	0.30313	2.85354
0.8085	0.26557	0.927465	0.303124	2.853530.265574	0.927453	0.30313	2.85354
0.8095	0.265573	0.927465	0.303125	2.85350.265574	0.927453	0.30313	2.85354
0.8105	0.265575	0.927464	0.303125	2.853480.265574	0.927453	0.30313	2.85354
0.8115	0.265578	0.927463	0.303126	2.853460.265574	0.927453	0.30313	2.85354
0.8125	0.265579	0.927462	0.303126	2.853440.265574	0.927453	0.30313	2.85354
0.8135	0.26558	0.927462	0.303126	2.853430.265574	0.927453	0.30313	2.85354
0.8145	0.265581	0.927461	0.303127	2.853430.265574	0.927453	0.30313	2.85354
0.8155	0.265582	0.927461	0.303127	2.853420.265574	0.927453	0.30313	2.85354
0.8165	0.265582	0.92746	0.303128	2.853420.265574	0.927453	0.30313	2.85354
0.8175	0.265582	0.92746	0.303128	2.853430.265574	0.927453	0.30313	2.85354
0.8185	0.265582	0.92746	0.303128	2.853430.265574	0.927453	0.30313	2.85354
0.8195	0.265582	0.927459	0.303129	2.853440.265574	0.927453	0.30313	2.85354
0.8205	0.26558	0.927459	0.303129	2.853460.265574	0.927453	0.30313	2.85354
0.8215	0.265577	0.927458	0.303129	2.85350.265574	0.927453	0.30313	2.85354
0.8225	0.265574	0.927457	0.30313	2.853530.265574	0.927453	0.30313	2.85354
0.8235	0.265571	0.927457	0.30313	2.853560.265574	0.927453	0.30313	2.85354
0.8245	0.265569	0.927456	0.30313	2.853590.265574	0.927453	0.30313	2.85354
0.8255	0.265568	0.927456	0.30313	2.85360.265574	0.927453	0.30313	2.85354
0.8265	0.265567	0.927455	0.30313	2.853620.265574	0.927453	0.30313	2.85354
0.8275	0.265566	0.927454	0.303131	2.853630.265574	0.927453	0.30313	2.85354
0.8285	0.265566	0.927453	0.303131	2.853630.265574	0.927453	0.30313	2.85354
0.8295	0.265566	0.927453	0.303131	2.853630.265574	0.927453	0.30313	2.85354
0.8305	0.265566	0.927452	0.303131	2.853640.265574	0.927453	0.30313	2.85354
0.8315	0.265566	0.927451	0.303131	2.853640.265574	0.927453	0.30313	2.85354
0.8325	0.265566	0.92745	0.303132	2.853640.265574	0.927453	0.30313	2.85354
0.8335	0.265567	0.927449	0.303132	2.853630.265574	0.927453	0.30313	2.85354
0.8345	0.265569	0.927448	0.303132	2.853610.265574	0.927453	0.30313	2.85354
0.8355	0.265571	0.927448	0.303132	2.853580.265574	0.927453	0.30313	2.85354
0.8365	0.265575	0.927447	0.303132	2.853550.265574	0.927453	0.30313	2.85354
0.8375	0.265578	0.927446	0.303132	2.853520.265574	0.927453	0.30313	2.85354
0.8385	0.26558	0.927445	0.303133	2.85350.265574	0.927453	0.30313	2.85354
0.8395	0.265582	0.927445	0.303133	2.853470.265574	0.927453	0.30313	2.85354
0.8405	0.265584	0.927444	0.303133	2.853460.265574	0.927453	0.30313	2.85354
0.8415	0.265585	0.927443	0.303133	2.853440.265574	0.927453	0.30313	2.85354
0.8425	0.265586	0.927442	0.303133	2.853440.265574	0.927453	0.30313	2.85354
0.8435	0.265587	0.927442	0.303134	2.853430.265574	0.927453	0.30313	2.85354
0.8445	0.265587	0.927441	0.303134	2.853430.265574	0.927453	0.30313	2.85354
0.8455	0.265587	0.92744	0.303134	2.853430.265574	0.927453	0.30313	2.85354
0.8465	0.265587	0.927439	0.303134	2.853430.265574	0.927453	0.30313	2.85354
0.8475	0.265587	0.927438	0.303135	2.853440.265574	0.927453	0.30313	2.85354
0.8485	0.265585	0.927437	0.303135	2.853460.265574	0.927453	0.30313	2.85354
0.8495	0.265582	0.927436	0.303135	2.85350.265574	0.927453	0.30313	2.85354
0.8505	0.265578	0.927435	0.303135	2.853540.265574	0.927453	0.30313	2.85354
0.8515	0.265575	0.927434	0.303136	2.853580.265574	0.927453	0.30313	2.85354
0.8525	0.265573	0.927433	0.303136	2.853610.265574	0.927453	0.30313	2.85354
0.8535	0.265571	0.927432	0.303136	2.853630.265574	0.927453	0.30313	2.85354
0.8545	0.26557	0.927431	0.303136	2.853640.265574	0.927453	0.30313	2.85354
0.8555	0.265569	0.927431	0.303136	2.853650.265574	0.927453	0.30313	2.85354
0.8565	0.265568	0.927431	0.303136	2.853660.265574	0.927453	0.30313	2.85354
0.8575	0.265568	0.927431	0.303136	2.853660.265574	0.927453	0.30313	2.85354
0.8585	0.265567	0.927433	0.303136	2.853660.265574	0.927453	0.30313	2.85354
0.8595	0.265567	0.927434	0.303135	2.853660.265574	0.927453	0.30313	2.85354
0.8605	0.265567	0.927437	0.303134	2.853650.265574	0.927453	0.30313	2.85354
0.8615	0.265567	0.927439	0.303133	2.853650.265574	0.927453	0.30313	2.85354
0.8625	0.265567	0.927443	0.303132	2.853630.265574	0.927453	0.30313	2.85354
0.8635	0.265568	0.927447	0.30313	2.85360.265574	0.927453	0.30313	2.85354
0.8645	0.26557	0.92745	0.303129	2.853570.265574	0.927453	0.30313	2.85354
0.8655	0.265573	0.927454	0.303128	2.853530.265574	0.927453	0.30313	2.85354
0.8665	0.265575	0.927457	0.303127	2.85350.265574	0.927453	0.30313	2.85354
0.8675	0.265576	0.927459	0.303126	2.853470.265574	0.927453	0.30313	2.85354
0.8685	0.265578	0.927461	0.303125	2.853450.265574	0.927453	0.30313	2.85354
0.8695	0.265579	0.927463	0.303125	2.853430.265574	0.927453	0.30313	2.85354
0.8705	0.26558	0.927464	0.303124	2.853410.265574	0.927453	0.30313	2.85354
0.8715	0.265581	0.927465	0.303124	2.85340.265574	0.927453	0.30313	2.85354
0.8725	0.265582	0.927466	0.303123	2.853390.265574	0.927453	0.30313	2.85354
0.8735	0.265582	0.927467	0.303123	2.853390.265574	0.927453	0.30313	2.85354
0.8745	0.265582	0.927468	0.303123	2.853390.265574	0.927453	0.30313	2.85354
0.8755	0.265582	0.927468	0.303123	2.853390.265574	0.927453	0.30313	2.85354
0.8765	0.26558	0.927469	0.303123	2.85340.265574	0.927453	0.30313	2.85354
0.8775	0.265578	0.927469	0.303123	2.853430.265574	0.927453	0.30313	2.85354
0.8785	0.265574	0.927469	0.303123	2.853470.265574	0.927453	0.30313	2.85354
0.8795	0.26557	0.927468	0.303123	2.853520.265574	0.927453	0.30313	2.85354
0.8805	0.265566	0.927468	0.303124	2.853560.265574	0.927453	0.30313	2.85354
0.8815	0.265564	0.927467	0.303124	2.853590.265574	0.927453	0.30313	2.85354
0.8825	0.265562	0.927466	0.303125	2.853610.265574	0.927453	0.30313	2.85354
0.8835	0.265561	0.927465	0.303125	2.853630.265574	0.927453	0.30313	2.85354
0.8845	0.265561	0.927465	0.303126	2.853640.265574	0.927453	0.30313	2.85354
0.8855	0.265561	0.927464	0.303126	2.853640.265574	0.927453	0.30313	2.85354
0.8865	0.265561	0.927464	0.303126	2.853650.265574	0.927453	0.30313	2.85354
0.8875	0.265561	0.927463	0.303127	2.853650.265574	0.927453	0.30313	2.85354
0.8885	0.265561	0.927462	0.303127	2.853650.265574	0.927453	0.30313	2.85354
0.8895	0.265562	0.927461	0.303128	2.853640.265574	0.927453	0.30313	2.85354
0.8905	0.265563	0.927461	0.303128	2.853630.265574	0.927453	0.30313	2.85354
0.8915	0.265565	0.92746	0.303128	2.853610.265574	0.927453	0.30313	2.85354
0.8925	0.265567	0.927459	0.303129	2.853590.265574	0.927453	0.30313	2.85354
0.8935	0.26557	0.927459	0.303129	2.853570.265574	0.927453	0.30313	2.85354
0.8945	0.265572	0.927458	0.303129	2.853550.265574	0.927453	0.30313	2.85354
0.8955	0.265574	0.927457	0.303129	2.853520.265574	0.927453	0.30313	2.85354
0.8965	0.265577	0.927457	0.303129	2.85350.265574	0.927453	0.30313	2.85354
0.8975	0.26558	0.927456	0.303129	2.853470.265574	0.927453	0.30313	2.85354
0.8985	0.265582	0.927455	0.30313	2.853450.265574	0.927453	0.30313	2.85354
0.8995	0.265584	0.927454	0.30313	2.853420.265574	0.927453	0.30313	2.85354
0.9005	0.265586	0.927453	0.30313	2.853410.265574	0.927453	0.30313	2.85354
0.9015	0.265587	0.927453	0.30313	2.85340.265574	0.927453	0.30313	2.85354
0.9025	0.265587	0.927452	0.30313	2.853390.265574	0.927453	0.30313	2.85354
0.9035	0.265588	0.927451	0.30313	2.853390.265574	0.927453	0.30313	2.85354
0.9045	0.265588	0.92745	0.303131	2.853390.265574	0.927453	0.30313	2.85354
0.9055	0.265587	0.927449	0.303131	2.85340.265574	0.927453	0.30313	2.85354
0.9065	0.265586	0.927448	0.303131	2.853420.265574	0.927453	0.30313	2.85354
0.9075	0.265581	0.927447	0.303131	2.853470.265574	0.927453	0.30313	2.85354
0.9085	0.265576	0.927446	0.303132	2.853530.265574	0.927453	0.30313	2.85354
0.9095	0.265571	0.927446	0.303132	2.853580.265574	0.927453	0.30313	2.85354
0.9105	0.265568	0.927445	0.303132	2.853620.265574	0.927453	0.30313	2.85354
0.9115	0.265565	0.927444	0.303132	2.853650.265574	0.927453	0.30313	2.85354
0.9125	0.265564	0.927444	0.303132	2.853670.265574	0.927453	0.30313	2.85354
0.9135	0.265563	0.927443	0.303132	2.853680.265574	0.927453	0.30313	2.85354
0.9145	0.265563	0.927442	0.303132	2.853680.265574	0.927453	0.30313	2.85354
0.9155	0.265563	0.927442	0.303132	2.853680.265574	0.927453	0.30313	2.85354
0.9165	0.265563	0.927441	0.303133	2.853680.265574	0.927453	0.30313	2.85354
0.9175	0.265564	0.92744	0.303133	2.853670.265574	0.927453	0.30313	2.85354
0.9185	0.265565	0.927439	0.303133	2.853660.265574	0.927453	0.30313	2.85354
0.9195	0.265567	0.927437	0.303133	2.853640.265574	0.927453	0.30313	2.85354
0.9205	0.265569	0.927436	0.303134	2.853620.265574	0.927453	0.30313	2.85354
0.9215	0.265571	0.927437	0.303133	2.85360.265574	0.927453	0.30313	2.85354
0.9225	0.265573	0.927436	0.303134	2.853590.265574	0.927453	0.30313	2.85354
0.9235	0.265575	0.927431	0.303135	2.853570.265574	0.927453	0.30313	2.85354
0.9245	0.265578	0.927429	0.303136	2.853550.265574	0.927453	0.30313	2.85354
0.9255	0.265578	0.927434	0.303134	2.853520.265574	0.927453	0.30313	2.85354
0.9265	0.26558	0.927436	0.303133	2.85350.265574	0.927453	0.30313	2.85354
0.9275	0.265585	0.927422	0.303138	2.85350.265574	0.927453	0.30313	2.85354
0.9285	0.265589	0.927412	0.303141	2.853480.265574	0.927453	0.30313	2.85354
0.9295	0.265585	0.927438	0.303132	2.853430.265574	0.927453	0.30313	2.85354
0.9305	0.265583	0.92746	0.303125	2.853390.265574	0.927453	0.30313	2.85354
0.9315	0.265597	0.927404	0.303143	2.853420.265574	0.927453	0.30313	2.85354
0.9325	0.265611	0.927348	0.303162	2.853440.265574	0.927453	0.30313	2.85354
0.9335	0.265601	0.927417	0.303139	2.853330.265574	0.927453	0.30313	2.85354
0.9345	0.265537	0.92769	0.303048	2.853160.265574	0.927453	0.30313	2.85354
0.9355	0.265636	0.927241	0.303187	2.85340.265574	0.927453	0.30313	2.85354
0.9365	0.26556	0.92747	0.303115	2.853550.265574	0.927453	0.30313	2.85354
0.9375	0.261436	0.909357	0.296883	2.838970.265574	0.927453	0.30313	2.85354
0.9385	0.221078	0.729392	0.239223	2.705190.125	0	0.1	2
0.9395	0.145842	0.186784	0.126805	2.173660.125	0	0.1	2
0.9405	0.125773	0.00344531	0.100476	1.997170.125	0	0.1	2
0.9415	0.125008	5.77139e-05	0.100008	2.000020.125	0	0.1	2
0.9425	0.125	2.67374e-06	0.1	20.125	0	0.1	2
0.9435	0.125	6.38011e-08	0.1	20.125	0	0.1	2
0.9445	0.125	1.34868e-09	0.1	20.125	0	0.1	2
0.9455	0.125	4.13256e-11	0.1	20.125	0	0.1	2
0.9465	0.125	1.50232e-13	0.1	20.125	0	0.1	2
0.9475	0.125	-6.45913e-14	0.1	20.125	0	0.1	2
0.9485	0.125	5.29076e-15	0.1	20.125	0	0.1	2
0.9495	0.125	-5.42684e-16	0.1	20.125	0	0.1	2
0.9505	0.125	4.21768e-17	0.1	20.125	0	0.1	2
0.9515	0.125	0	0.1	20.125	0	0.1	2
0.9525	0.125	0	0.1	20.125	0	0.1	2
0.9535	0.125	0	0.1	20.125	0	0.1	2
0.9545	0.125	0	0.1	20.125	0	0.1	2
0.9555	0.125	0	0.1	20.125	0	0.1	2
0.9565	0.125	0	0.1	20.125	0	0.1	2
0.9575	0.125	0	0.1	20.125	0	0.1	2
0.9585	0.125	0	0.1	20.125	0	0.1	2
0.9595	0.125	0	0.1	20.125	0	0.1	2
0.9605	0.125	0	0.1	20.125	0	0.1	2
0.9615	0.125	0	0.1	20.125	0	0.1	2
0.9625	0.125	0	0.1	20.125	0	0.1	2
0.9635	0.125	0	0.1	20.125	0	0.1	2
0.9645	0.125	0	0.1	20.125	0	0.1	2
0.9655	0.125	0	0.1	20.125	0	0.1	2
0.9665	0.125	0	0.1	20.125	0	0.1	2
0.9675	0.125	0	0.1	20.125	0	0.1	2
0.9685	0.125	0	0.1	20.125	0	0.1	2
0.9695	0.125	0	0.1	20.125	0	0.1	2
0.9705	0.125	0	0.1	20.125	0	0.1	2
0.9715	0.125	0	0.1	20.125	0	0.1	2
0.9725	0.125	0	0.1	20.125	0	0.1	2
0.9735	0.125	0	0.1	20.125	0	0.1	2
0.9745	0.125	0	0.1	20.125	0	0.1	2
0.9755	0.125	0	0.1	20.125	0	0.1	2
0.9765	0.125	0	0.1	20.125	0	0.1	2
0.9775	0.125	0	0.1	20.125	0	0.1	2
0.9785	0.125	0	0.1	20.125	0	0.1	2
0.9795	0.125	0	0.1	20.125	0	0.1	2
0.9805	0.125	0	0.1	20.125	0	0.1	2
0.9815	0.125	0	0.1	20.125	0	0.1	2
0.9825	0.125	0	0.1	20.125	0	0.1	2
0.9835	0.125	0	0.1	20.125	0	0.1	2
0.9845	0.125	0	0.1	20.125	0	0.1	2
0.9855	0.125	0	0.1	20.125	0	0.1	2
0.9865	0.125	0	0.1	20.125	0	0.1	2
0.9875	0.125	0	0.1	20.125	0	0.1	2
0.9885	0.125	0	0.1	20.125	0	0.1	2
0.9895	0.125	0	0.1	20.125	0	0.1	2
0.9905	0.125	0	0.1	20.125	0	0.1	2
0.9915	0.125	0	0.1	20.125	0	0.1	2
0.9925	0.125	0	0.1	20.125	0	0.1	2
0.9935	0.125	0	0.1	20.125	0	0.1	2
0.9945	0.125	0	0.1	20.125	0	0.1	2
0.9955	0.125	0	0.1	20.125	0	0.1	2
0.9965	0.125	0	0.1	20.125	0	0.1	2
0.9975	0.125	0	0.1	20.125	0	0.1	2
0.9985	0.125	0	0.1	20.125	0	0.1	2
0.9995	0.125	0	0.1	20.125	0	0.1	2
