x	rho	u	p	e	rho_Ex	u_Ex	p_Ex	e_Ex
0.0025	1	4.0368e-17	1	2.5	1	0	1	2.5
0.0075	1	9.46685e-17	1	2.5	1	0	1	2.5
0.0125	1	9.46764e-17	1	2.5	1	0	1	2.5
0.0175	1	9.46736e-17	1	2.5	1	0	1	2.5
0.0225	1	9.46588e-17	1	2.5	1	0	1	2.5
0.0275	1	9.46692e-17	1	2.5	1	0	1	2.5
0.0325	1	9.46759e-17	1	2.5	1	0	1	2.5
0.0375	1	6.9709e-18	1	2.5	1	0	1	2.5
0.0425	1	-1.39537e-17	1	2.5	1	0	1	2.5
0.0475	1	2.17794e-15	1	2.5	1	0	1	2.5
0.0525	1	7.90106e-15	1	2.5	1	0	1	2.5
0.0575	1	-7.77924e-15	1	2.5	1	0	1	2.5
0.0625	1	-8.19065e-14	1	2.5	1	0	1	2.5
0.0675	1	-1.88283e-13	1	2.5	1	0	1	2.5
0.0725	1	5.17821e-13	1	2.5	1	0	1	2.5
0.0775	1	3.21572e-12	1	2.5	1	0	1	2.5
0.0825	1	1.21533e-11	1	2.5	1	0	1	2.5
0.0875	1	4.20444e-11	1	2.5	1	0	1	2.5
0.0925	1	1.39745e-10	1	2.5	1	0	1	2.5
0.0975	1	4.49935e-10	1	2.5	1	0	1	2.5
0.1025	1	1.40605e-09	1	2.5	1	0	1	2.5
0.1075	1	4.26858e-09	1	2.5	1	0	1	2.5
0.1125	1	1.25981e-08	1	2.5	1	0	1	2.5
0.1175	1	3.61724e-08	1	2.5	1	0	1	2.5
0.1225	1	1.0112e-07	1	2.5	1	0	1	2.5
0.1275	1	2.75445e-07	1	2.5	1	0	1	2.5
0.1325	0.999999	7.31725e-07	0.999999	2.5	1	0	1	2.5
0.1375	0.999998	1.89752e-06	0.999998	2.5	1	0	1	2.5
0.1425	0.999996	4.80833e-06	0.999994	2.5	1	0	1	2.5
0.1475	0.99999	1.19197e-05	0.999986	2.49999	1	0	1	2.5
0.1525	0.999976	2.89429e-05	0.999966	2.49998	1	0	1	2.5
0.1575	0.999942	6.89353e-05	0.999918	2.49994	1	0	1	2.5
0.1625	0.999864	0.000161304	0.999809	2.49986	1	0	1	2.5
0.1675	0.999686	0.00037146	0.999561	2.49969	1	0	1	2.5
0.1725	0.999286	0.000844718	0.999001	2.49929	1	0	1	2.5
0.1775	0.998399	0.00189585	0.997759	2.4984	1	0	1	2.5
0.1825	0.996396	0.0042711	0.994957	2.49639	1	0	1	2.5
0.1875	0.992776	0.00857156	0.989901	2.49276	1	0	1	2.5
0.1925	0.987391	0.0149908	0.982395	2.48735	1	0	1	2.5
0.1975	0.980313	0.0234706	0.972553	2.48021	1	0	1	2.5
0.2025	0.971766	0.0337751	0.960708	2.47155	1	0	1	2.5
0.2075	0.962048	0.0455804	0.94729	2.46165	0.990727	0.0110133	0.987041	2.4907
0.2125	0.95146	0.0585529	0.932731	2.45079	0.976824	0.02768	0.967705	2.47666
0.2175	0.940262	0.0724009	0.917403	2.43922	0.963078	0.0443466	0.948694	2.46266
0.2225	0.928655	0.0868958	0.901591	2.42714	0.949487	0.0610133	0.930004	2.4487
0.2275	0.916783	0.101874	0.885498	2.41469	0.93605	0.07768	0.91163	2.43478
0.2325	0.904739	0.117228	0.869256	2.40195	0.922766	0.0943466	0.893569	2.4209
0.2375	0.892584	0.132892	0.852953	2.389	0.909632	0.111013	0.875815	2.40706
0.2425	0.880374	0.148798	0.836665	2.37588	0.896649	0.12768	0.858364	2.39326
0.2475	0.868185	0.164857	0.820493	2.36267	0.883814	0.144347	0.841212	2.37949
0.2525	0.856062	0.181007	0.804499	2.34942	0.871127	0.161013	0.824355	2.36577
0.2575	0.844023	0.197229	0.788705	2.33615	0.858586	0.17768	0.807788	2.35209
0.2625	0.832078	0.213507	0.773123	2.32287	0.84619	0.194347	0.791508	2.33845
0.2675	0.820235	0.229832	0.757763	2.30959	0.833937	0.211013	0.775509	2.32484
0.2725	0.8085	0.246195	0.74263	2.29632	0.821827	0.22768	0.759788	2.31128
0.2775	0.796878	0.262589	0.727728	2.28306	0.809858	0.244347	0.744342	2.29775
0.2825	0.785372	0.279009	0.713061	2.26982	0.798029	0.261013	0.729165	2.28427
0.2875	0.773984	0.295452	0.698628	2.2566	0.786338	0.27768	0.714254	2.27083
0.2925	0.762716	0.311912	0.684432	2.2434	0.774785	0.294347	0.699606	2.25742
0.2975	0.75157	0.328387	0.67047	2.23023	0.763368	0.311013	0.685216	2.24406
0.3025	0.740546	0.344875	0.656744	2.21709	0.752086	0.32768	0.67108	2.23073
0.3075	0.729645	0.361373	0.64325	2.20398	0.740937	0.344347	0.657195	2.21744
0.3125	0.718868	0.377879	0.629989	2.19091	0.729922	0.361013	0.643556	2.2042
0.3175	0.708214	0.394391	0.616958	2.17786	0.719037	0.37768	0.630162	2.19099
0.3225	0.697684	0.410908	0.604155	2.16486	0.708283	0.394347	0.617007	2.17782
0.3275	0.687278	0.427428	0.591578	2.15189	0.697658	0.411013	0.604087	2.1647
0.3325	0.676996	0.443949	0.579225	2.13895	0.687161	0.42768	0.591401	2.15161
0.3375	0.666837	0.46047	0.567093	2.12606	0.676791	0.444347	0.578944	2.13856
0.3425	0.656801	0.47699	0.555182	2.1132	0.666546	0.461013	0.566712	2.12555
0.3475	0.646888	0.493507	0.543487	2.10039	0.656426	0.47768	0.554702	2.11259
0.3525	0.637098	0.510019	0.532008	2.08762	0.646429	0.494347	0.542911	2.09966
0.3575	0.62743	0.526525	0.520741	2.0749	0.636554	0.511013	0.531336	2.08677
0.3625	0.617886	0.543022	0.509685	2.06222	0.6268	0.52768	0.519973	2.07392
0.3675	0.608463	0.559509	0.498838	2.04958	0.617166	0.544347	0.508818	2.06111
0.3725	0.599163	0.575983	0.488198	2.037	0.607651	0.561013	0.49787	2.04834
0.3775	0.589986	0.592441	0.477762	2.02446	0.598254	0.57768	0.487124	2.03561
0.3825	0.580932	0.60888	0.46753	2.01198	0.588973	0.594347	0.476577	2.02292
0.3875	0.572002	0.625296	0.4575	1.99956	0.579808	0.611013	0.466227	2.01027
0.3925	0.563196	0.641685	0.447672	1.98719	0.570757	0.62768	0.45607	1.99766
0.3975	0.554517	0.658041	0.438044	1.97489	0.56182	0.644347	0.446104	1.98508
0.4025	0.545966	0.674357	0.428618	1.96266	0.552995	0.661013	0.436324	1.97255
0.4075	0.537547	0.690623	0.419394	1.9505	0.544281	0.67768	0.426729	1.96006
0.4125	0.529261	0.706829	0.410373	1.93842	0.535677	0.694347	0.417316	1.94761
0.4175	0.521116	0.722961	0.40156	1.92644	0.527183	0.711013	0.40808	1.93519
0.4225	0.513117	0.739	0.392958	1.91456	0.518797	0.72768	0.399021	1.92282
0.4275	0.505273	0.754923	0.384575	1.90281	0.510517	0.744347	0.390135	1.91049
0.4325	0.497598	0.770698	0.376423	1.8912	0.502344	0.761013	0.381418	1.89819
0.4375	0.490106	0.786283	0.368514	1.87977	0.494276	0.77768	0.37287	1.88594
0.4425	0.482822	0.80162	0.360871	1.86855	0.486312	0.794347	0.364486	1.87373
0.4475	0.475776	0.816633	0.35352	1.8576	0.47845	0.811013	0.356264	1.86155
0.4525	0.469007	0.831223	0.346501	1.84699	0.470691	0.82768	0.348201	1.84942
0.4575	0.462568	0.84526	0.339861	1.83682	0.463033	0.844347	0.340296	1.83732
0.4625	0.456519	0.858589	0.333657	1.82718	0.455475	0.861013	0.332545	1.82526
0.4675	0.450931	0.871028	0.327955	1.81821	0.448015	0.87768	0.324945	1.81325
0.4725	0.445876	0.882387	0.322822	1.81004	0.440654	0.894347	0.317495	1.80127
0.4775	0.441419	0.892487	0.318315	1.80279	0.43339	0.911013	0.310192	1.78934
0.4825	0.437609	0.901187	0.314477	1.79656	0.426319	0.927453	0.30313	1.7776
0.4875	0.434463	0.908414	0.311318	1.7914	0.426319	0.927453	0.30313	1.7776
0.4925	0.431968	0.914177	0.308819	1.78728	0.426319	0.927453	0.30313	1.7776
0.4975	0.430071	0.918573	0.306925	1.78415	0.426319	0.927453	0.30313	1.7776
0.5025	0.428695	0.921771	0.305553	1.78188	0.426319	0.927453	0.30313	1.7776
0.5075	0.427744	0.923984	0.304606	1.78031	0.426319	0.927453	0.30313	1.7776
0.5125	0.427119	0.925438	0.303986	1.77928	0.426319	0.927453	0.30313	1.7776
0.5175	0.426729	0.926342	0.3036	1.77865	0.426319	0.927453	0.30313	1.7776
0.5225	0.426499	0.926873	0.303374	1.77828	0.426319	0.927453	0.30313	1.7776
0.5275	0.426371	0.927165	0.30325	1.77809	0.426319	0.927453	0.30313	1.7776
0.5325	0.426304	0.927313	0.303187	1.778	0.426319	0.927453	0.30313	1.7776
0.5375	0.426272	0.92738	0.303159	1.77797	0.426319	0.927453	0.30313	1.7776
0.5425	0.426257	0.927405	0.303148	1.77796	0.426319	0.927453	0.30313	1.7776
0.5475	0.42625	0.927411	0.303145	1.77798	0.426319	0.927453	0.30313	1.7776
0.5525	0.426247	0.927409	0.303146	1.77799	0.426319	0.927453	0.30313	1.7776
0.5575	0.426242	0.927408	0.303146	1.77802	0.426319	0.927453	0.30313	1.7776
0.5625	0.426235	0.927413	0.303144	1.77804	0.426319	0.927453	0.30313	1.7776
0.5675	0.426224	0.927423	0.30314	1.77805	0.426319	0.927453	0.30313	1.7776
0.5725	0.426212	0.927436	0.303134	1.77807	0.426319	0.927453	0.30313	1.7776
0.5775	0.4262	0.927447	0.303129	1.77809	0.426319	0.927453	0.30313	1.7776
0.5825	0.426188	0.927456	0.303125	1.77812	0.426319	0.927453	0.30313	1.7776
0.5875	0.426176	0.927463	0.303123	1.77815	0.426319	0.927453	0.30313	1.7776
0.5925	0.426163	0.927467	0.30312	1.77819	0.426319	0.927453	0.30313	1.7776
0.5975	0.426151	0.927471	0.303119	1.77824	0.426319	0.927453	0.30313	1.7776
0.6025	0.426137	0.927473	0.303118	1.77829	0.426319	0.927453	0.30313	1.7776
0.6075	0.426122	0.927475	0.303117	1.77835	0.426319	0.927453	0.30313	1.7776
0.6125	0.426106	0.927476	0.303116	1.77841	0.426319	0.927453	0.30313	1.7776
0.6175	0.426089	0.927476	0.303116	1.77848	0.426319	0.927453	0.30313	1.7776
0.6225	0.426069	0.927476	0.303116	1.77856	0.426319	0.927453	0.30313	1.7776
0.6275	0.426048	0.927475	0.303116	1.77865	0.426319	0.927453	0.30313	1.7776
0.6325	0.426026	0.927475	0.303116	1.77874	0.426319	0.927453	0.30313	1.7776
0.6375	0.426006	0.927474	0.303117	1.77883	0.426319	0.927453	0.30313	1.7776
0.6425	0.425987	0.927473	0.303117	1.77891	0.426319	0.927453	0.30313	1.7776
0.6475	0.425972	0.927472	0.303117	1.77898	0.426319	0.927453	0.30313	1.7776
0.6525	0.425958	0.92747	0.303118	1.77903	0.426319	0.927453	0.30313	1.7776
0.6575	0.425944	0.927469	0.303118	1.77909	0.426319	0.927453	0.30313	1.7776
0.6625	0.425925	0.927468	0.303119	1.77918	0.426319	0.927453	0.30313	1.7776
0.6675	0.425887	0.927466	0.303119	1.77934	0.426319	0.927453	0.30313	1.7776
0.6725	0.425802	0.927465	0.303119	1.7797	0.426319	0.927453	0.30313	1.7776
0.6775	0.425604	0.927463	0.30312	1.78053	0.426319	0.927453	0.30313	1.7776
0.6825	0.425025	0.927461	0.303121	1.78296	0.426319	0.927453	0.30313	1.7776
0.6875	0.423656	0.927459	0.303121	1.78872	0.426319	0.927453	0.30313	1.7776
0.6925	0.421553	0.927457	0.303122	1.79765	0.426319	0.927453	0.30313	1.7776
0.6975	0.419295	0.927455	0.303123	1.80734	0.426319	0.927453	0.30313	1.7776
0.7025	0.417362	0.927453	0.303123	1.81571	0.426319	0.927453	0.30313	1.7776
0.7075	0.415899	0.927451	0.303124	1.8221	0.426319	0.927453	0.30313	1.7776
0.7125	0.414925	0.927449	0.303124	1.82638	0.426319	0.927453	0.30313	1.7776
0.7175	0.414389	0.927447	0.303125	1.82874	0.426319	0.927453	0.30313	1.7776
0.7225	0.414184	0.927445	0.303125	1.82965	0.426319	0.927453	0.30313	1.7776
0.7275	0.414151	0.927444	0.303125	1.8298	0.426319	0.927453	0.30313	1.7776
0.7325	0.263814	0.927444	0.303126	2.87253	0.265574	0.927453	0.30313	2.85354
0.7375	0.263816	0.927443	0.303126	2.87251	0.265574	0.927453	0.30313	2.85354
0.7425	0.26384	0.927442	0.303126	2.87225	0.265574	0.927453	0.30313	2.85354
0.7475	0.263991	0.927441	0.303126	2.87061	0.265574	0.927453	0.30313	2.85354
0.7525	0.264328	0.927439	0.303126	2.86695	0.265574	0.927453	0.30313	2.85354
0.7575	0.264697	0.927437	0.303126	2.86295	0.265574	0.927453	0.30313	2.85354
0.7625	0.264985	0.927435	0.303127	2.85985	0.265574	0.927453	0.30313	2.85354
0.7675	0.265193	0.927433	0.303127	2.85761	0.265574	0.927453	0.30313	2.85354
0.7725	0.265333	0.927432	0.303127	2.8561	0.265574	0.927453	0.30313	2.85354
0.7775	0.265423	0.92743	0.303127	2.85513	0.265574	0.927453	0.30313	2.85354
0.7825	0.265476	0.927427	0.303127	2.85456	0.265574	0.927453	0.30313	2.85354
0.7875	0.265507	0.927425	0.303128	2.85424	0.265574	0.927453	0.30313	2.85354
0.7925	0.265522	0.927423	0.303128	2.85407	0.265574	0.927453	0.30313	2.85354
0.7975	0.26553	0.92742	0.303128	2.85399	0.265574	0.927453	0.30313	2.85354
0.8025	0.265534	0.927418	0.303129	2.85396	0.265574	0.927453	0.30313	2.85354
0.8075	0.265535	0.927415	0.303129	2.85394	0.265574	0.927453	0.30313	2.85354
0.8125	0.265536	0.927412	0.303129	2.85394	0.265574	0.927453	0.30313	2.85354
0.8175	0.265537	0.92741	0.303129	2.85393	0.265574	0.927453	0.30313	2.85354
0.8225	0.265538	0.927407	0.303129	2.85392	0.265574	0.927453	0.30313	2.85354
0.8275	0.26554	0.927405	0.303129	2.85389	0.265574	0.927453	0.30313	2.85354
0.8325	0.265543	0.927404	0.303128	2.85385	0.265574	0.927453	0.30313	2.85354
0.8375	0.265546	0.927405	0.303127	2.85381	0.265574	0.927453	0.30313	2.85354
0.8425	0.265549	0.927406	0.303125	2.85375	0.265574	0.927453	0.30313	2.85354
0.8475	0.265553	0.927407	0.303123	2.8537	0.265574	0.927453	0.30313	2.85354
0.8525	0.265556	0.927409	0.303121	2.85365	0.265574	0.927453	0.30313	2.85354
0.8575	0.265558	0.927411	0.303118	2.85359	0.265574	0.927453	0.30313	2.85354
0.8625	0.26556	0.927411	0.303116	2.85355	0.265574	0.927453	0.30313	2.85354
0.8675	0.265563	0.927408	0.303114	2.8535	0.265574	0.927453	0.30313	2.85354
0.8725	0.265566	0.927406	0.303111	2.85345	0.265574	0.927453	0.30313	2.85354
0.8775	0.265566	0.927409	0.303107	2.85341	0.265574	0.927453	0.30313	2.85354
0.8825	0.265567	0.927407	0.303105	2.85337	0.265574	0.927453	0.30313	2.85354
0.8875	0.26557	0.927392	0.303106	2.85335	0.265574	0.927453	0.30313	2.85354
0.8925	0.26557	0.927383	0.303105	2.85334	0.265574	0.927453	0.30313	2.85354
0.8975	0.265562	0.927404	0.303093	2.85332	0.265574	0.927453	0.30313	2.85354
0.9025	0.265553	0.927413	0.303085	2.85334	0.265574	0.927453	0.30313	2.85354
0.9075	0.265559	0.92735	0.303102	2.85343	0.265574	0.927453	0.30313	2.85354
0.9125	0.265558	0.927315	0.303108	2.85351	0.265574	0.927453	0.30313	2.85354
0.9175	0.265538	0.927381	0.303083	2.85348	0.265574	0.927453	0.30313	2.85354
0.9225	0.265481	0.927579	0.303013	2.85343	0.265574	0.927453	0.30313	2.85354
0.9275	0.265583	0.927094	0.303153	2.85366	0.265574	0.927453	0.30313	2.85354
0.9325	0.265464	0.927144	0.303012	2.85361	0.265574	0.927453	0.30313	2.85354
0.9375	0.259766	0.903482	0.294609	2.83534	0.265574	0.927453	0.30313	2.85354
0.9425	0.216183	0.702785	0.232031	2.68328	0.125	0	0.1	2
0.9475	0.143163	0.161543	0.122896	2.14609	0.125	0	0.1	2
0.9525	0.125609	0.00256592	0.100357	1.9974	0.125	0	0.1	2
0.9575	0.125007	4.72996e-05	0.100006	2.00002	0.125	0	0.1	2
0.9625	0.125	2.1459e-06	0.1	2	0.125	0	0.1	2
0.9675	0.125	4.89952e-08	0.1	2	0.125	0	0.1	2
0.9725	0.125	1.05837e-09	0.1	2	0.125	0	0.1	2
0.9775	0.125	3.27267e-11	0.1	2	0.125	0	0.1	2
0.9825	0.125	-2.62992e-13	0.1	2	0.125	0	0.1	2
0.9875	0.125	-9.24856e-14	0.1	2	0.125	0	0.1	2
0.9925	0.125	6.88183e-15	0.1	2	0.125	0	0.1	2
0.9975	0.125	-1.43398e-15	0.1	2	0.125	0	0.1	2
