x	rho	u	p	e	rho_Ex	u_Ex	p_Ex	e_Ex
0.0005	1	-2	0.4	1	1	-2	0.4	1
0.0015	1	-2	0.4	1	1	-2	0.4	1
0.0025	1	-2	0.4	1	1	-2	0.4	1
0.0035	1	-2	0.4	1	1	-2	0.4	1
0.0045	1	-2	0.4	1	1	-2	0.4	1
0.0055	1	-2	0.4	1	1	-2	0.4	1
0.0065	1	-2	0.4	1	1	-2	0.4	1
0.0075	1	-2	0.4	1	1	-2	0.4	1
0.0085	1	-2	0.4	1	1	-2	0.4	1
0.0095	1	-2	0.4	1	1	-2	0.4	1
0.0105	1	-2	0.4	1	1	-2	0.4	1
0.0115	1	-2	0.4	1	1	-2	0.4	1
0.0125	1	-2	0.4	1	1	-2	0.4	1
0.0135	1	-2	0.4	1	1	-2	0.4	1
0.0145	1	-2	0.4	1	1	-2	0.4	1
0.0155	1	-2	0.4	1	1	-2	0.4	1
0.0165	1	-2	0.4	1	1	-2	0.4	1
0.0175	1	-2	0.4	1	1	-2	0.4	1
0.0185	1	-2	0.4	1	1	-2	0.4	1
0.0195	1	-2	0.4	1	1	-2	0.4	1
0.0205	1	-2	0.4	1	1	-2	0.4	1
0.0215	1	-2	0.4	1	1	-2	0.4	1
0.0225	1	-2	0.4	1	1	-2	0.4	1
0.0235	1	-2	0.4	1	1	-2	0.4	1
0.0245	1	-2	0.4	1	1	-2	0.4	1
0.0255	1	-2	0.4	1	1	-2	0.4	1
0.0265	1	-2	0.4	1	1	-2	0.4	1
0.0275	1	-2	0.4	1	1	-2	0.4	1
0.0285	1	-2	0.4	1	1	-2	0.4	1
0.0295	1	-2	0.4	1	1	-2	0.4	1
0.0305	1	-2	0.4	1	1	-2	0.4	1
0.0315	1	-2	0.4	1	1	-2	0.4	1
0.0325	1	-2	0.4	1	1	-2	0.4	1
0.0335	1	-2	0.4	1	1	-2	0.4	1
0.0345	1	-2	0.4	1	1	-2	0.4	1
0.0355	1	-2	0.4	1	1	-2	0.4	1
0.0365	1	-2	0.4	1	1	-2	0.4	1
0.0375	1	-2	0.4	1	1	-2	0.4	1
0.0385	1	-2	0.4	1	1	-2	0.4	1
0.0395	1	-2	0.4	1	1	-2	0.4	1
0.0405	1	-2	0.4	1	1	-2	0.4	1
0.0415	1	-2	0.4	1	1	-2	0.4	1
0.0425	1	-2	0.4	1	1	-2	0.4	1
0.0435	1	-2	0.4	1	1	-2	0.4	1
0.0445	1	-2	0.4	1	1	-2	0.4	1
0.0455	1	-2	0.4	1	1	-2	0.4	1
0.0465	1	-2	0.4	1	1	-2	0.4	1
0.0475	1	-2	0.4	1	1	-2	0.4	1
0.0485	1	-2	0.4	1	1	-2	0.4	1
0.0495	1	-2	0.4	1	1	-2	0.4	1
0.0505	1	-2	0.4	1	1	-2	0.4	1
0.0515	1	-2	0.4	1	1	-2	0.4	1
0.0525	1	-2	0.4	1	1	-2	0.4	1
0.0535	1	-2	0.4	1	1	-2	0.4	1
0.0545	1	-2	0.4	1	1	-2	0.4	1
0.0555	1	-2	0.4	1	1	-2	0.4	1
0.0565	1	-2	0.4	1	1	-2	0.4	1
0.0575	1	-2	0.4	1	1	-2	0.4	1
0.0585	1	-2	0.4	1	1	-2	0.4	1
0.0595	1	-2	0.4	1	1	-2	0.4	1
0.0605	1	-2	0.4	1	1	-2	0.4	1
0.0615	1	-2	0.4	1	1	-2	0.4	1
0.0625	1	-2	0.4	1	1	-2	0.4	1
0.0635	1	-2	0.4	1	1	-2	0.4	1
0.0645	1	-2	0.4	1	1	-2	0.4	1
0.0655	1	-2	0.4	1	1	-2	0.4	1
0.0665	1	-2	0.4	1	1	-2	0.4	1
0.0675	1	-2	0.4	1	1	-2	0.4	1
0.0685	1	-2	0.4	1	1	-2	0.4	1
0.0695	1	-2	0.4	1	1	-2	0.4	1
0.0705	1	-2	0.4	1	1	-2	0.4	1
0.0715	1	-2	0.4	1	1	-2	0.4	1
0.0725	1	-2	0.4	1	1	-2	0.4	1
0.0735	0.999999	-2	0.4	1	1	-2	0.4	1
0.0745	0.999999	-2	0.399999	0.999999	1	-2	0.4	1
0.0755	0.999996	-2	0.399998	0.999999	1	-2	0.4	1
0.0765	0.999991	-1.99999	0.399995	0.999997	1	-2	0.4	1
0.0775	0.99998	-1.99998	0.399989	0.999992	1	-2	0.4	1
0.0785	0.999954	-1.99997	0.399974	0.999982	1	-2	0.4	1
0.0795	0.999897	-1.99992	0.399943	0.999959	1	-2	0.4	1
0.0805	0.999774	-1.99983	0.399874	0.99991	1	-2	0.4	1
0.0815	0.999512	-1.99963	0.399727	0.999805	1	-2	0.4	1
0.0825	0.998943	-1.99921	0.399408	0.999577	1	-2	0.4	1
0.0835	0.99782	-1.99837	0.39878	0.999127	1	-2	0.4	1
0.0845	0.995953	-1.99697	0.397735	0.998379	1	-2	0.4	1
0.0855	0.993242	-1.99493	0.39622	0.997291	1	-2	0.4	1
0.0865	0.989681	-1.99225	0.394233	0.99586	1	-2	0.4	1
0.0875	0.985347	-1.98897	0.391819	0.994114	1	-2	0.4	1
0.0885	0.980366	-1.98519	0.389049	0.992101	0.994447	-1.99583	0.396893	0.997775
0.0895	0.974877	-1.98101	0.386003	0.989877	0.987078	-1.99028	0.392782	0.994811
0.0905	0.969012	-1.97652	0.382757	0.987491	0.979752	-1.98472	0.388707	0.991851
0.0915	0.96288	-1.9718	0.37937	0.984987	0.972471	-1.97917	0.384669	0.988896
0.0925	0.956562	-1.96692	0.37589	0.982398	0.965232	-1.97361	0.380666	0.985945
0.0935	0.950121	-1.96191	0.372351	0.979747	0.958037	-1.96806	0.3767	0.982999
0.0945	0.943599	-1.95681	0.368778	0.977051	0.950885	-1.9625	0.372768	0.980057
0.0955	0.937027	-1.95165	0.365187	0.974324	0.943776	-1.95695	0.368872	0.977119
0.0965	0.930424	-1.94643	0.36159	0.971572	0.936709	-1.95139	0.365011	0.974186
0.0975	0.923802	-1.94116	0.357992	0.9688	0.929684	-1.94583	0.361185	0.971257
0.0985	0.917165	-1.93585	0.354396	0.966011	0.922702	-1.94028	0.357393	0.968333
0.0995	0.910522	-1.93051	0.350808	0.963206	0.915762	-1.93472	0.353635	0.965413
0.1005	0.903889	-1.92515	0.347235	0.960393	0.908864	-1.92917	0.349911	0.962497
0.1015	0.897273	-1.91976	0.343683	0.957576	0.902007	-1.92361	0.346221	0.959586
0.1025	0.890679	-1.91437	0.340152	0.954755	0.895191	-1.91806	0.342564	0.956679
0.1035	0.884112	-1.90896	0.336646	0.951933	0.888417	-1.9125	0.338941	0.953777
0.1045	0.877572	-1.90354	0.333165	0.94911	0.881684	-1.90695	0.33535	0.950879
0.1055	0.871063	-1.89812	0.329711	0.946288	0.874992	-1.90139	0.331792	0.947986
0.1065	0.864586	-1.89269	0.326284	0.943468	0.868341	-1.89583	0.328266	0.945096
0.1075	0.858143	-1.88726	0.322884	0.940649	0.86173	-1.89028	0.324773	0.942212
0.1085	0.851733	-1.88182	0.319513	0.937832	0.85516	-1.88472	0.321311	0.939331
0.1095	0.845358	-1.87638	0.31617	0.935019	0.848629	-1.87917	0.317881	0.936456
0.1105	0.839018	-1.87094	0.312856	0.932208	0.842139	-1.87361	0.314483	0.933584
0.1115	0.832714	-1.86549	0.30957	0.9294	0.835688	-1.86806	0.311116	0.930717
0.1125	0.826447	-1.86005	0.306313	0.926595	0.829277	-1.8625	0.307779	0.927854
0.1135	0.820215	-1.8546	0.303084	0.923795	0.822905	-1.85695	0.304474	0.924996
0.1145	0.814019	-1.84915	0.299884	0.920997	0.816573	-1.85139	0.301199	0.922142
0.1155	0.80786	-1.8437	0.296712	0.918204	0.810279	-1.84583	0.297954	0.919293
0.1165	0.801738	-1.83825	0.293569	0.915414	0.804025	-1.84028	0.294739	0.916448
0.1175	0.795651	-1.83279	0.290453	0.912628	0.797809	-1.83472	0.291554	0.913607
0.1185	0.789601	-1.82734	0.287366	0.909846	0.791632	-1.82917	0.288398	0.910771
0.1195	0.783587	-1.82189	0.284306	0.907068	0.785493	-1.82361	0.285272	0.907939
0.1205	0.777608	-1.81643	0.281275	0.904294	0.779392	-1.81806	0.282175	0.905112
0.1215	0.771666	-1.81098	0.27827	0.901523	0.773329	-1.8125	0.279106	0.902289
0.1225	0.76576	-1.80553	0.275293	0.898757	0.767304	-1.80695	0.276067	0.89947
0.1235	0.759889	-1.80007	0.272342	0.895995	0.761316	-1.80139	0.273056	0.896656
0.1245	0.754053	-1.79461	0.269419	0.893236	0.755366	-1.79583	0.270072	0.893847
0.1255	0.748253	-1.78916	0.266522	0.890482	0.749453	-1.79028	0.267117	0.891041
0.1265	0.742487	-1.7837	0.263652	0.887731	0.743577	-1.78472	0.26419	0.88824
0.1275	0.736757	-1.77824	0.260807	0.884984	0.737739	-1.77917	0.26129	0.885444
0.1285	0.731061	-1.77278	0.257989	0.882242	0.731936	-1.77361	0.258418	0.882652
0.1295	0.7254	-1.76732	0.255197	0.879503	0.726171	-1.76806	0.255573	0.879864
0.1305	0.719773	-1.76186	0.25243	0.876768	0.720442	-1.7625	0.252754	0.877081
0.1315	0.714181	-1.7564	0.249688	0.874037	0.714749	-1.75695	0.249962	0.874302
0.1325	0.708622	-1.75094	0.246972	0.871309	0.709092	-1.75139	0.247197	0.871527
0.1335	0.703098	-1.74547	0.24428	0.868586	0.703471	-1.74583	0.244458	0.868757
0.1345	0.697606	-1.74001	0.241614	0.865867	0.697886	-1.74028	0.241745	0.865992
0.1355	0.692149	-1.73455	0.238972	0.863151	0.692336	-1.73472	0.239058	0.86323
0.1365	0.686725	-1.72908	0.236354	0.860439	0.686821	-1.72917	0.236397	0.860474
0.1375	0.681334	-1.72361	0.23376	0.857731	0.681342	-1.72361	0.233761	0.857721
0.1385	0.675975	-1.71815	0.231191	0.855027	0.675898	-1.71806	0.23115	0.854973
0.1395	0.67065	-1.71268	0.228645	0.852326	0.670489	-1.7125	0.228564	0.85223
0.1405	0.665358	-1.70721	0.226123	0.84963	0.665114	-1.70695	0.226003	0.84949
0.1415	0.660097	-1.70174	0.223624	0.846937	0.659774	-1.70139	0.223467	0.846756
0.1425	0.65487	-1.69627	0.221149	0.844248	0.654468	-1.69583	0.220955	0.844025
0.1435	0.649674	-1.6908	0.218697	0.841562	0.649197	-1.69028	0.218467	0.841299
0.1445	0.644511	-1.68532	0.216267	0.838881	0.643959	-1.68472	0.216004	0.838578
0.1455	0.639379	-1.67985	0.21386	0.836203	0.638755	-1.67917	0.213564	0.835861
0.1465	0.634279	-1.67437	0.211476	0.833529	0.633585	-1.67361	0.211148	0.833148
0.1475	0.629211	-1.6689	0.209114	0.830859	0.628449	-1.66806	0.208756	0.830439
0.1485	0.624174	-1.66342	0.206775	0.828193	0.623346	-1.6625	0.206386	0.827736
0.1495	0.619169	-1.65794	0.204457	0.82553	0.618276	-1.65695	0.20404	0.825036
0.1505	0.614195	-1.65246	0.202161	0.822871	0.613239	-1.65139	0.201717	0.822341
0.1515	0.609252	-1.64698	0.199887	0.820216	0.608235	-1.64583	0.199416	0.81965
0.1525	0.604339	-1.6415	0.197635	0.817565	0.603264	-1.64028	0.197138	0.816964
0.1535	0.599458	-1.63601	0.195403	0.814917	0.598325	-1.63472	0.194882	0.814282
0.1545	0.594607	-1.63053	0.193193	0.812273	0.593419	-1.62917	0.192649	0.811605
0.1555	0.589786	-1.62505	0.191004	0.809633	0.588545	-1.62361	0.190437	0.808932
0.1565	0.584996	-1.61956	0.188836	0.806997	0.583703	-1.61806	0.188247	0.806263
0.1575	0.580236	-1.61407	0.186689	0.804364	0.578893	-1.6125	0.186079	0.803599
0.1585	0.575507	-1.60858	0.184562	0.801735	0.574114	-1.60695	0.183932	0.800939
0.1595	0.570807	-1.60309	0.182455	0.79911	0.569368	-1.60139	0.181807	0.798283
0.1605	0.566136	-1.5976	0.180369	0.796489	0.564652	-1.59583	0.179702	0.795632
0.1615	0.561496	-1.59211	0.178302	0.793872	0.559969	-1.59028	0.177619	0.792986
0.1625	0.556885	-1.58662	0.176256	0.791258	0.555316	-1.58472	0.175556	0.790344
0.1635	0.552304	-1.58112	0.174229	0.788648	0.550694	-1.57917	0.173514	0.787706
0.1645	0.547751	-1.57563	0.172222	0.786042	0.546103	-1.57361	0.171492	0.785073
0.1655	0.543228	-1.57013	0.170235	0.78344	0.541543	-1.56806	0.169491	0.782444
0.1665	0.538734	-1.56463	0.168266	0.780841	0.537013	-1.5625	0.167509	0.779819
0.1675	0.534269	-1.55913	0.166317	0.778246	0.532513	-1.55695	0.165547	0.777199
0.1685	0.529832	-1.55364	0.164387	0.775655	0.528044	-1.55139	0.163606	0.774583
0.1695	0.525425	-1.54813	0.162476	0.773068	0.523605	-1.54583	0.161683	0.771972
0.1705	0.521045	-1.54263	0.160583	0.770485	0.519196	-1.54028	0.15978	0.769365
0.1715	0.516694	-1.53713	0.158709	0.767905	0.514816	-1.53472	0.157897	0.766762
0.1725	0.512372	-1.53162	0.156853	0.76533	0.510466	-1.52917	0.156032	0.764164
0.1735	0.508077	-1.52612	0.155016	0.762758	0.506146	-1.52361	0.154186	0.761571
0.1745	0.503811	-1.52061	0.153197	0.76019	0.501854	-1.51806	0.152359	0.758981
0.1755	0.499572	-1.51511	0.151395	0.757625	0.497592	-1.5125	0.150551	0.756396
0.1765	0.495361	-1.5096	0.149612	0.755065	0.493359	-1.50695	0.148761	0.753816
0.1775	0.491178	-1.50409	0.147846	0.752509	0.489155	-1.50139	0.146989	0.75124
0.1785	0.487022	-1.49858	0.146098	0.749956	0.48498	-1.49583	0.145236	0.748668
0.1795	0.482894	-1.49307	0.144367	0.747407	0.480833	-1.49028	0.1435	0.746101
0.1805	0.478793	-1.48755	0.142654	0.744863	0.476714	-1.48472	0.141782	0.743538
0.1815	0.474719	-1.48204	0.140958	0.742322	0.472624	-1.47917	0.140082	0.74098
0.1825	0.470673	-1.47653	0.139279	0.739785	0.468562	-1.47361	0.138399	0.738426
0.1835	0.466653	-1.47101	0.137616	0.737252	0.464528	-1.46806	0.136734	0.735876
0.1845	0.46266	-1.46549	0.135971	0.734722	0.460522	-1.4625	0.135086	0.733331
0.1855	0.458694	-1.45998	0.134342	0.732197	0.456543	-1.45695	0.133455	0.73079
0.1865	0.454755	-1.45446	0.132729	0.729676	0.452592	-1.45139	0.131841	0.728254
0.1875	0.450842	-1.44894	0.131133	0.727159	0.448669	-1.44583	0.130243	0.725722
0.1885	0.446955	-1.44342	0.129554	0.724645	0.444772	-1.44028	0.128663	0.723194
0.1895	0.443095	-1.4379	0.12799	0.722136	0.440903	-1.43472	0.127098	0.720671
0.1905	0.439261	-1.43238	0.126442	0.719631	0.437061	-1.42917	0.12555	0.718152
0.1915	0.435453	-1.42686	0.124911	0.71713	0.433245	-1.42361	0.124019	0.715638
0.1925	0.431671	-1.42133	0.123394	0.714632	0.429456	-1.41806	0.122503	0.713128
0.1935	0.427915	-1.41581	0.121894	0.712139	0.425694	-1.4125	0.121003	0.710623
0.1945	0.424184	-1.41029	0.120409	0.70965	0.421958	-1.40695	0.119519	0.708122
0.1955	0.420479	-1.40476	0.118939	0.707165	0.418249	-1.40139	0.118051	0.705625
0.1965	0.4168	-1.39924	0.117485	0.704684	0.414566	-1.39583	0.116598	0.703133
0.1975	0.413146	-1.39371	0.116046	0.702207	0.410908	-1.39028	0.11516	0.700645
0.1985	0.409517	-1.38818	0.114621	0.699734	0.407277	-1.38472	0.113738	0.698161
0.1995	0.405913	-1.38265	0.113212	0.697265	0.403671	-1.37917	0.112331	0.695682
0.2005	0.402334	-1.37713	0.111817	0.694801	0.400091	-1.37361	0.110938	0.693208
0.2015	0.398781	-1.3716	0.110437	0.69234	0.396536	-1.36806	0.109561	0.690737
0.2025	0.395251	-1.36607	0.109071	0.689884	0.393006	-1.3625	0.108198	0.688272
0.2035	0.391747	-1.36054	0.10772	0.687431	0.389502	-1.35695	0.10685	0.68581
0.2045	0.388267	-1.35501	0.106383	0.684983	0.386023	-1.35139	0.105516	0.683353
0.2055	0.384812	-1.34948	0.10506	0.682539	0.382569	-1.34583	0.104196	0.680901
0.2065	0.38138	-1.34394	0.103751	0.680099	0.379139	-1.34028	0.102891	0.678452
0.2075	0.377973	-1.33841	0.102455	0.677663	0.375734	-1.33472	0.1016	0.676009
0.2085	0.37459	-1.33288	0.101174	0.675231	0.372354	-1.32917	0.100322	0.673569
0.2095	0.371231	-1.32735	0.0999063	0.672804	0.368998	-1.32361	0.0990588	0.671134
0.2105	0.367896	-1.32181	0.098652	0.67038	0.365666	-1.31806	0.0978089	0.668704
0.2115	0.364584	-1.31628	0.0974112	0.667961	0.362358	-1.3125	0.0965725	0.666278
0.2125	0.361296	-1.31074	0.0961836	0.665546	0.359074	-1.30695	0.0953495	0.663856
0.2135	0.358032	-1.30521	0.0949692	0.663135	0.355815	-1.30139	0.0941398	0.661439
0.2145	0.35479	-1.29967	0.0937679	0.660728	0.352578	-1.29583	0.0929433	0.659026
0.2155	0.351572	-1.29413	0.0925795	0.658325	0.349366	-1.29028	0.0917599	0.656617
0.2165	0.348377	-1.2886	0.0914039	0.655926	0.346177	-1.28472	0.0905894	0.654213
0.2175	0.345205	-1.28306	0.090241	0.653532	0.343011	-1.27917	0.0894317	0.651813
0.2185	0.342056	-1.27752	0.0890907	0.651142	0.339869	-1.27361	0.0882867	0.649418
0.2195	0.338929	-1.27198	0.0879529	0.648756	0.336749	-1.26806	0.0871543	0.647027
0.2205	0.335825	-1.26644	0.0868275	0.646374	0.333653	-1.2625	0.0860344	0.644641
0.2215	0.332744	-1.2609	0.0857143	0.643996	0.330579	-1.25695	0.0849269	0.642259
0.2225	0.329685	-1.25536	0.0846133	0.641623	0.327528	-1.25139	0.0838315	0.639881
0.2235	0.326648	-1.24982	0.0835243	0.639253	0.324499	-1.24583	0.0827484	0.637508
0.2245	0.323633	-1.24428	0.0824473	0.636888	0.321493	-1.24028	0.0816772	0.635139
0.2255	0.320641	-1.23874	0.0813821	0.634527	0.31851	-1.23472	0.0806179	0.632775
0.2265	0.31767	-1.23319	0.0803285	0.63217	0.315548	-1.22917	0.0795705	0.630415
0.2275	0.314721	-1.22765	0.0792866	0.629817	0.312609	-1.22361	0.0785347	0.628059
0.2285	0.311793	-1.22211	0.0782562	0.627469	0.309691	-1.21806	0.0775105	0.625708
0.2295	0.308887	-1.21656	0.0772372	0.625124	0.306796	-1.2125	0.0764978	0.623361
0.2305	0.306003	-1.21102	0.0762295	0.622784	0.303922	-1.20695	0.0754964	0.621019
0.2315	0.30314	-1.20547	0.075233	0.620448	0.301069	-1.20139	0.0745063	0.618681
0.2325	0.300298	-1.19993	0.0742475	0.618116	0.298238	-1.19583	0.0735274	0.616347
0.2335	0.297477	-1.19438	0.0732731	0.615789	0.295429	-1.19028	0.0725595	0.614018
0.2345	0.294676	-1.18883	0.0723095	0.613465	0.29264	-1.18472	0.0716025	0.611693
0.2355	0.291897	-1.18328	0.0713567	0.611146	0.289873	-1.17917	0.0706564	0.609373
0.2365	0.289139	-1.17773	0.0704145	0.60883	0.287127	-1.17361	0.069721	0.607057
0.2375	0.2864	-1.17219	0.0694829	0.606519	0.284401	-1.16806	0.0687962	0.604746
0.2385	0.283683	-1.16664	0.0685618	0.604212	0.281697	-1.1625	0.067882	0.602439
0.2395	0.280985	-1.16108	0.0676511	0.601909	0.279013	-1.15695	0.0669782	0.600136
0.2405	0.278308	-1.15553	0.0667506	0.599611	0.276349	-1.15139	0.0660847	0.597838
0.2415	0.275651	-1.14998	0.0658604	0.597316	0.273706	-1.14583	0.0652015	0.595544
0.2425	0.273014	-1.14443	0.0649802	0.595025	0.271083	-1.14028	0.0643284	0.593254
0.2435	0.270397	-1.13887	0.06411	0.592739	0.26848	-1.13472	0.0634654	0.590969
0.2445	0.2678	-1.13332	0.0632497	0.590457	0.265897	-1.12917	0.0626123	0.588689
0.2455	0.265222	-1.12776	0.0623991	0.588179	0.263334	-1.12361	0.061769	0.586412
0.2465	0.262664	-1.12221	0.0615583	0.585905	0.260791	-1.11806	0.0609355	0.58414
0.2475	0.260125	-1.11665	0.0607271	0.583635	0.258268	-1.1125	0.0601117	0.581873
0.2485	0.257605	-1.11109	0.0599055	0.581369	0.255764	-1.10695	0.0592974	0.57961
0.2495	0.255105	-1.10554	0.0590933	0.579107	0.25328	-1.10139	0.0584926	0.577351
0.2505	0.252624	-1.09998	0.0582904	0.57685	0.250815	-1.09583	0.0576972	0.575097
0.2515	0.250162	-1.09442	0.0574968	0.574596	0.248369	-1.09028	0.0569111	0.572848
0.2525	0.247718	-1.08886	0.0567124	0.572347	0.245942	-1.08472	0.0561341	0.570602
0.2535	0.245294	-1.0833	0.0559371	0.570102	0.243535	-1.07917	0.0553663	0.568361
0.2545	0.242888	-1.07773	0.0551707	0.567861	0.241146	-1.07361	0.0546075	0.566125
0.2555	0.240501	-1.07217	0.0544134	0.565625	0.238776	-1.06806	0.0538576	0.563893
0.2565	0.238133	-1.06661	0.0536648	0.563392	0.236425	-1.0625	0.0531166	0.561665
0.2575	0.235783	-1.06104	0.0529251	0.561164	0.234092	-1.05695	0.0523843	0.559441
0.2585	0.233451	-1.05548	0.052194	0.55894	0.231778	-1.05139	0.0516607	0.557223
0.2595	0.231137	-1.04992	0.0514715	0.55672	0.229482	-1.04583	0.0509457	0.555008
0.2605	0.228842	-1.04435	0.0507576	0.554505	0.227204	-1.04028	0.0502392	0.552798
0.2615	0.226565	-1.03879	0.0500521	0.552294	0.224944	-1.03472	0.0495411	0.550592
0.2625	0.224306	-1.03322	0.0493551	0.550087	0.222703	-1.02917	0.0488513	0.548391
0.2635	0.222064	-1.02765	0.0486663	0.547884	0.220479	-1.02361	0.0481698	0.546194
0.2645	0.219841	-1.02209	0.0479857	0.545686	0.218273	-1.01806	0.0474964	0.544002
0.2655	0.217635	-1.01652	0.0473133	0.543493	0.216085	-1.0125	0.0468312	0.541814
0.2665	0.215448	-1.01095	0.046649	0.541303	0.213915	-1.00695	0.0461739	0.53963
0.2675	0.213277	-1.00539	0.0459927	0.539118	0.211761	-1.00139	0.0455245	0.537451
0.2685	0.211124	-0.99982	0.0453443	0.536938	0.209626	-0.995835	0.044883	0.535276
0.2695	0.208989	-0.994253	0.0447038	0.534762	0.207507	-0.990279	0.0442493	0.533106
0.2705	0.206871	-0.988687	0.044071	0.532591	0.205406	-0.984724	0.0436232	0.53094
0.2715	0.20477	-0.98312	0.043446	0.530424	0.203322	-0.979168	0.0430048	0.528778
0.2725	0.202686	-0.977554	0.0428286	0.528262	0.201254	-0.973613	0.0423939	0.526621
0.2735	0.20062	-0.971988	0.0422187	0.526104	0.199204	-0.968057	0.0417904	0.524468
0.2745	0.19857	-0.966422	0.0416164	0.523951	0.19717	-0.962502	0.0411943	0.52232
0.2755	0.196538	-0.960857	0.0410215	0.521802	0.195153	-0.956946	0.0406055	0.520176
0.2765	0.194522	-0.955292	0.0404339	0.519658	0.193152	-0.95139	0.040024	0.518036
0.2775	0.192523	-0.949727	0.0398536	0.517519	0.191168	-0.945835	0.0394496	0.515901
0.2785	0.19054	-0.944163	0.0392805	0.515384	0.189201	-0.940279	0.0388823	0.51377
0.2795	0.188574	-0.9386	0.0387146	0.513254	0.187249	-0.934724	0.038322	0.511644
0.2805	0.186625	-0.933037	0.0381557	0.511129	0.185314	-0.929168	0.0377686	0.509522
0.2815	0.184691	-0.927474	0.0376038	0.509009	0.183394	-0.923613	0.0372221	0.507405
0.2825	0.182774	-0.921913	0.0370588	0.506893	0.181491	-0.918057	0.0366823	0.505292
0.2835	0.180874	-0.916351	0.0365207	0.504782	0.179603	-0.912502	0.0361493	0.503183
0.2845	0.178989	-0.910791	0.0359893	0.502676	0.177732	-0.906946	0.035623	0.501079
0.2855	0.17712	-0.905231	0.0354646	0.500574	0.175875	-0.90139	0.0351032	0.498979
0.2865	0.175267	-0.899672	0.0349466	0.498477	0.174035	-0.895835	0.03459	0.496883
0.2875	0.17343	-0.894113	0.0344352	0.496385	0.17221	-0.890279	0.0340832	0.494792
0.2885	0.171608	-0.888556	0.0339302	0.494298	0.1704	-0.884724	0.0335827	0.492706
0.2895	0.169802	-0.882999	0.0334317	0.492215	0.168605	-0.879168	0.0330886	0.490623
0.2905	0.168012	-0.877442	0.0329395	0.490137	0.166826	-0.873613	0.0326008	0.488546
0.2915	0.166236	-0.871886	0.0324536	0.488064	0.165061	-0.868057	0.0321191	0.486472
0.2925	0.164476	-0.866331	0.0319739	0.485995	0.163312	-0.862502	0.0316435	0.484403
0.2935	0.162732	-0.860777	0.0315004	0.483932	0.161577	-0.856946	0.031174	0.482339
0.2945	0.161002	-0.855223	0.0310329	0.481873	0.159857	-0.85139	0.0307104	0.480278
0.2955	0.159287	-0.84967	0.0305715	0.479818	0.158152	-0.845835	0.0302528	0.478223
0.2965	0.157587	-0.844118	0.030116	0.477768	0.156462	-0.840279	0.029801	0.476171
0.2975	0.155902	-0.838566	0.0296664	0.475723	0.154786	-0.834724	0.029355	0.474124
0.2985	0.154231	-0.833014	0.0292226	0.473682	0.153124	-0.829168	0.0289148	0.472082
0.2995	0.152575	-0.827464	0.0287846	0.471646	0.151477	-0.823613	0.0284802	0.470044
0.3005	0.150933	-0.821914	0.0283522	0.469615	0.149843	-0.818057	0.0280513	0.46801
0.3015	0.149306	-0.816364	0.0279255	0.467588	0.148224	-0.812502	0.0276279	0.465981
0.3025	0.147693	-0.810815	0.0275043	0.465566	0.146619	-0.806946	0.0272099	0.463956
0.3035	0.146094	-0.805266	0.0270886	0.463548	0.145028	-0.80139	0.0267975	0.461935
0.3045	0.144509	-0.799717	0.0266783	0.461534	0.143451	-0.795835	0.0263903	0.459919
0.3055	0.142938	-0.794169	0.0262735	0.459525	0.141888	-0.790279	0.0259885	0.457907
0.3065	0.141381	-0.788622	0.0258739	0.45752	0.140338	-0.784724	0.025592	0.4559
0.3075	0.139838	-0.783075	0.0254795	0.45552	0.138801	-0.779168	0.0252006	0.453897
0.3085	0.138308	-0.777528	0.0250904	0.453524	0.137279	-0.773613	0.0248144	0.451899
0.3095	0.136792	-0.771981	0.0247064	0.451533	0.135769	-0.768057	0.0244333	0.449905
0.3105	0.135289	-0.766435	0.0243275	0.449546	0.134273	-0.762502	0.0240572	0.447915
0.3115	0.1338	-0.76089	0.0239535	0.447563	0.13279	-0.756946	0.0236861	0.44593
0.3125	0.132324	-0.755344	0.0235846	0.445585	0.131321	-0.75139	0.0233199	0.443949
0.3135	0.130861	-0.749799	0.0232205	0.443611	0.129864	-0.745835	0.0229585	0.441973
0.3145	0.129411	-0.744255	0.0228614	0.441642	0.12842	-0.740279	0.022602	0.440001
0.3155	0.127974	-0.73871	0.022507	0.439677	0.126989	-0.734724	0.0222502	0.438033
0.3165	0.126551	-0.733167	0.0221573	0.437717	0.125571	-0.729168	0.0219031	0.43607
0.3175	0.125139	-0.727623	0.0218124	0.435761	0.124166	-0.723613	0.0215607	0.434111
0.3185	0.123741	-0.72208	0.021472	0.43381	0.122773	-0.718057	0.0212229	0.432157
0.3195	0.122355	-0.716538	0.0211363	0.431863	0.121393	-0.712502	0.0208896	0.430207
0.3205	0.120982	-0.710996	0.0208051	0.429921	0.120025	-0.706946	0.0205608	0.428261
0.3215	0.119622	-0.705454	0.0204784	0.427983	0.11867	-0.70139	0.0202365	0.42632
0.3225	0.118273	-0.699913	0.0201562	0.426051	0.117327	-0.695835	0.0199166	0.424383
0.3235	0.116937	-0.694373	0.0198383	0.424123	0.115996	-0.690279	0.019601	0.422451
0.3245	0.115614	-0.688833	0.0195248	0.422199	0.114677	-0.684724	0.0192897	0.420523
0.3255	0.114302	-0.683294	0.0192155	0.420281	0.11337	-0.679168	0.0189826	0.4186
0.3265	0.113002	-0.677755	0.0189105	0.418367	0.112075	-0.673613	0.0186798	0.416681
0.3275	0.111715	-0.672217	0.0186097	0.416457	0.110792	-0.668057	0.0183811	0.414766
0.3285	0.110439	-0.666679	0.0183131	0.414553	0.109521	-0.662502	0.0180865	0.412856
0.3295	0.109175	-0.661143	0.0180205	0.412653	0.108261	-0.656946	0.0177959	0.41095
0.3305	0.107923	-0.655606	0.017732	0.410757	0.107013	-0.65139	0.0175094	0.409048
0.3315	0.106682	-0.650071	0.0174475	0.408866	0.105777	-0.645835	0.0172268	0.407151
0.3325	0.105454	-0.644536	0.017167	0.406979	0.104552	-0.640279	0.0169482	0.405259
0.3335	0.104236	-0.639001	0.0168903	0.405097	0.103338	-0.634724	0.0166734	0.403371
0.3345	0.103031	-0.633467	0.0166175	0.403218	0.102136	-0.629168	0.0164025	0.401487
0.3355	0.101836	-0.627934	0.0163485	0.401343	0.100945	-0.623613	0.0161353	0.399607
0.3365	0.100654	-0.622401	0.0160833	0.399472	0.0997648	-0.618057	0.0158719	0.397732
0.3375	0.0994822	-0.616869	0.0158218	0.397604	0.0985959	-0.612502	0.0156121	0.395862
0.3385	0.0983222	-0.611337	0.015564	0.395739	0.097438	-0.606946	0.0153561	0.393996
0.3395	0.0971735	-0.605805	0.0153097	0.393876	0.096291	-0.60139	0.0151036	0.392134
0.3405	0.0960362	-0.600273	0.0150591	0.392016	0.0951548	-0.595835	0.0148547	0.390276
0.3415	0.0949102	-0.594742	0.014812	0.390158	0.0940294	-0.590279	0.0146093	0.388423
0.3425	0.0937955	-0.58921	0.0145683	0.388301	0.0929147	-0.584724	0.0143674	0.386575
0.3435	0.0926921	-0.583679	0.0143281	0.386444	0.0918105	-0.579168	0.0141289	0.384731
0.3445	0.0916	-0.578147	0.0140913	0.384588	0.0907169	-0.573613	0.0138939	0.382891
0.3455	0.0905191	-0.572615	0.0138578	0.382732	0.0896337	-0.568057	0.0136622	0.381056
0.3465	0.0894496	-0.567083	0.0136276	0.380875	0.0885609	-0.562502	0.0134338	0.379225
0.3475	0.0883914	-0.561551	0.0134007	0.379016	0.0874984	-0.556946	0.0132087	0.377398
0.3485	0.0873445	-0.556017	0.0131769	0.377154	0.0864461	-0.55139	0.0129868	0.375576
0.3495	0.0863089	-0.550483	0.0129563	0.37529	0.085404	-0.545835	0.0127682	0.373759
0.3505	0.0852846	-0.544948	0.0127389	0.373422	0.0843719	-0.540279	0.0125527	0.371945
0.3515	0.0842717	-0.539412	0.0125244	0.371549	0.0833498	-0.534724	0.0123403	0.370137
0.3525	0.0832701	-0.533875	0.012313	0.369671	0.0823377	-0.529168	0.012131	0.368332
0.3535	0.08228	-0.528337	0.0121046	0.367786	0.0813354	-0.523613	0.0119248	0.366532
0.3545	0.0813013	-0.522798	0.0118991	0.365895	0.0803429	-0.518057	0.0117216	0.364736
0.3555	0.0803341	-0.517257	0.0116965	0.363995	0.0793602	-0.512502	0.0115214	0.362945
0.3565	0.0793783	-0.511715	0.0114967	0.362087	0.078387	-0.506946	0.0113241	0.361158
0.3575	0.0784342	-0.506173	0.0112998	0.360169	0.0774235	-0.50139	0.0111297	0.359376
0.3585	0.0775016	-0.500629	0.0111057	0.358241	0.0764694	-0.495835	0.0109381	0.357598
0.3595	0.0765808	-0.495085	0.0109143	0.356302	0.0755247	-0.490279	0.0107494	0.355824
0.3605	0.0756716	-0.489541	0.0107257	0.35435	0.0745895	-0.484724	0.0105635	0.354055
0.3615	0.0747743	-0.483996	0.0105398	0.352386	0.0736635	-0.479168	0.0103804	0.35229
0.3625	0.0738888	-0.478452	0.0103565	0.350409	0.0727467	-0.473613	0.0102	0.35053
0.3635	0.0730152	-0.472909	0.0101759	0.348417	0.0718391	-0.468057	0.0100222	0.348774
0.3645	0.0721536	-0.467368	0.00999793	0.346411	0.0709405	-0.462502	0.00984719	0.347023
0.3655	0.0713041	-0.461829	0.00982256	0.34439	0.070051	-0.456946	0.00967476	0.345275
0.3665	0.0704667	-0.456293	0.00964977	0.342352	0.0691704	-0.45139	0.00950492	0.343533
0.3675	0.0696416	-0.45076	0.00947955	0.340298	0.0682987	-0.445835	0.00933765	0.341794
0.3685	0.0688286	-0.445231	0.00931187	0.338227	0.0674358	-0.440279	0.00917291	0.340061
0.3695	0.0680279	-0.439708	0.00914671	0.336138	0.0665817	-0.434724	0.00901066	0.338331
0.3705	0.0672395	-0.43419	0.00898404	0.334031	0.0657362	-0.429168	0.00885088	0.336606
0.3715	0.0664633	-0.428678	0.00882384	0.331906	0.0648993	-0.423613	0.00869353	0.334885
0.3725	0.0656995	-0.423174	0.00866608	0.329762	0.064071	-0.418057	0.00853859	0.333169
0.3735	0.0649479	-0.417676	0.00851074	0.327599	0.0632512	-0.412502	0.00838602	0.331457
0.3745	0.0642085	-0.412187	0.00835778	0.325416	0.0624398	-0.406946	0.0082358	0.32975
0.3755	0.0634812	-0.406706	0.00820716	0.323212	0.0616367	-0.40139	0.00808788	0.328047
0.3765	0.0627659	-0.401233	0.00805885	0.320988	0.0608419	-0.395835	0.00794225	0.326348
0.3775	0.0620626	-0.39577	0.00791282	0.318744	0.0600553	-0.390279	0.00779888	0.324654
0.3785	0.061371	-0.390315	0.00776901	0.316478	0.0592769	-0.384724	0.00765772	0.322964
0.3795	0.060691	-0.384869	0.0076274	0.31419	0.0585066	-0.379168	0.00751877	0.321279
0.3805	0.0600224	-0.379433	0.00748792	0.31188	0.0577443	-0.373613	0.00738198	0.319598
0.3815	0.0593651	-0.374004	0.00735054	0.309548	0.05699	-0.368057	0.00724732	0.317921
0.3825	0.0587187	-0.368584	0.00721521	0.307194	0.0562435	-0.362502	0.00711478	0.316249
0.3835	0.058083	-0.363171	0.00708186	0.304816	0.055505	-0.356946	0.00698432	0.314581
0.3845	0.0574578	-0.357765	0.00695046	0.302416	0.0547742	-0.35139	0.00685592	0.312918
0.3855	0.0568428	-0.352365	0.00682094	0.299991	0.0540511	-0.345835	0.00672955	0.311259
0.3865	0.0562375	-0.34697	0.00669324	0.297543	0.0533356	-0.340279	0.00660518	0.309604
0.3875	0.0556418	-0.341579	0.00656732	0.295071	0.0526278	-0.334724	0.00648278	0.307954
0.3885	0.0550553	-0.336191	0.0064431	0.292574	0.0519275	-0.329168	0.00636234	0.306308
0.3895	0.0544775	-0.330805	0.00632055	0.290053	0.0512347	-0.323613	0.00624381	0.304667
0.3905	0.0539083	-0.32542	0.00619961	0.287507	0.0505493	-0.318057	0.00612719	0.30303
0.3915	0.0533472	-0.320034	0.00608023	0.284937	0.0498712	-0.312502	0.00601243	0.301398
0.3925	0.0527939	-0.314647	0.00596236	0.282341	0.0492005	-0.306946	0.00589953	0.29977
0.3935	0.0522481	-0.309258	0.00584597	0.279722	0.048537	-0.30139	0.00578844	0.298146
0.3945	0.0517096	-0.303865	0.00573102	0.277077	0.0478806	-0.295835	0.00567915	0.296527
0.3955	0.0511779	-0.298469	0.00561747	0.274409	0.0472314	-0.290279	0.00557164	0.294912
0.3965	0.0506529	-0.293069	0.00550529	0.271717	0.0465892	-0.284724	0.00546588	0.293301
0.3975	0.0501343	-0.287664	0.00539447	0.269001	0.0459541	-0.279168	0.00536184	0.291695
0.3985	0.049622	-0.282256	0.005285	0.266263	0.0453259	-0.273613	0.0052595	0.290094
0.3995	0.0491157	-0.276843	0.00517685	0.263503	0.0447046	-0.268057	0.00515884	0.288497
0.4005	0.0486152	-0.271427	0.00507002	0.260722	0.0440901	-0.262502	0.00505984	0.286904
0.4015	0.0481203	-0.266007	0.00496449	0.25792	0.0434823	-0.256946	0.00496247	0.285315
0.4025	0.0476308	-0.260584	0.00486024	0.255099	0.0428814	-0.25139	0.00486671	0.283731
0.4035	0.0471463	-0.255155	0.00475723	0.252259	0.042287	-0.245835	0.00477254	0.282152
0.4045	0.0466663	-0.24972	0.00465543	0.2494	0.0416993	-0.240279	0.00467994	0.280577
0.4055	0.0461906	-0.244277	0.00455482	0.246523	0.0411181	-0.234724	0.00458888	0.279006
0.4065	0.045719	-0.238827	0.00445536	0.243628	0.0405435	-0.229168	0.00449934	0.27744
0.4075	0.0452511	-0.23337	0.00435707	0.240716	0.0399752	-0.223613	0.00441131	0.275878
0.4085	0.044787	-0.227906	0.00425995	0.237789	0.0394134	-0.218057	0.00432475	0.27432
0.4095	0.0443268	-0.22244	0.00416404	0.234849	0.0388579	-0.212502	0.00423966	0.272767
0.4105	0.0438709	-0.216976	0.00406941	0.231897	0.0383087	-0.206946	0.004156	0.271218
0.4115	0.0434194	-0.211518	0.00397612	0.228937	0.0377657	-0.20139	0.00407377	0.269674
0.4125	0.0429728	-0.206073	0.00388422	0.22597	0.0372289	-0.195835	0.00399293	0.268134
0.4135	0.0425315	-0.200646	0.00379379	0.222999	0.0366982	-0.190279	0.00391347	0.266599
0.4145	0.0420955	-0.19524	0.00370486	0.220027	0.0361735	-0.184724	0.00383537	0.265067
0.4155	0.041665	-0.189858	0.00361743	0.217055	0.0356549	-0.179168	0.00375861	0.263541
0.4165	0.0412394	-0.1845	0.00353147	0.214083	0.0351423	-0.173613	0.00368317	0.262019
0.4175	0.0408182	-0.179162	0.00344691	0.211113	0.0346356	-0.168057	0.00360903	0.260501
0.4185	0.0404005	-0.17384	0.00336365	0.208144	0.0341347	-0.162502	0.00353618	0.258987
0.4195	0.0399852	-0.168525	0.00328156	0.205173	0.0336396	-0.156946	0.00346459	0.257478
0.4205	0.0395711	-0.163205	0.00320046	0.202197	0.0331503	-0.15139	0.00339424	0.255974
0.4215	0.0391563	-0.157872	0.00312024	0.199217	0.0326667	-0.145835	0.00332513	0.254473
0.4225	0.0387374	-0.152504	0.00304063	0.196233	0.0321888	-0.140279	0.00325722	0.252978
0.4235	0.0383087	-0.147063	0.00296117	0.193244	0.0317165	-0.134724	0.0031905	0.251486
0.4245	0.0378647	-0.141512	0.00288146	0.190247	0.0312497	-0.129168	0.00312496	0.249999
0.4255	0.037403	-0.135831	0.00280133	0.18724	0.0307885	-0.123613	0.00306058	0.248517
0.4265	0.0369272	-0.130048	0.00272119	0.184227	0.0303327	-0.118057	0.00299734	0.247038
0.4275	0.0364478	-0.124264	0.00264229	0.181238	0.0298823	-0.112502	0.00293522	0.245565
0.4285	0.0359754	-0.118583	0.00256584	0.178305	0.0294373	-0.106946	0.00287421	0.244095
0.4295	0.0355147	-0.113055	0.00249233	0.175443	0.0289977	-0.10139	0.00281429	0.24263
0.4305	0.0350689	-0.107709	0.00242195	0.172656	0.0285632	-0.0958349	0.00275544	0.24117
0.4315	0.0346418	-0.102581	0.00235495	0.16995	0.028134	-0.0902793	0.00269765	0.239714
0.4325	0.0342374	-0.0977129	0.00229162	0.167333	0.02771	-0.0847238	0.0026409	0.238262
0.4335	0.033861	-0.0931537	0.00223228	0.164812	0.0272911	-0.0791682	0.00258518	0.236815
0.4345	0.0335185	-0.0889623	0.00217733	0.162398	0.0268773	-0.0736127	0.00253047	0.235372
0.4355	0.0332168	-0.0852066	0.00212724	0.160103	0.0264686	-0.0680571	0.00247675	0.233933
0.4365	0.0329621	-0.0819547	0.00208244	0.157942	0.0260648	-0.0625015	0.00242402	0.232499
0.4375	0.0327587	-0.0792621	0.00204325	0.155932	0.0256659	-0.056946	0.00237225	0.23107
0.4385	0.0326067	-0.0771543	0.00200974	0.154089	0.025272	-0.0513904	0.00232143	0.229644
0.4395	0.0325015	-0.0756149	0.00198165	0.152427	0.0248829	-0.0458349	0.00227154	0.228223
0.4405	0.0324343	-0.0745844	0.0019584	0.150951	0.0244986	-0.0402793	0.00222258	0.226807
0.4415	0.0323939	-0.0739711	0.00193918	0.149656	0.0241191	-0.0347238	0.00217453	0.225395
0.4425	0.0323703	-0.0736624	0.00192336	0.148544	0.0237443	-0.0291682	0.00212737	0.223987
0.4435	0.0323567	-0.0735272	0.00191021	0.14759	0.0233741	-0.0236127	0.00208109	0.222584
0.4445	0.0323483	-0.0734901	0.00189654	0.146572	0.0230086	-0.0180571	0.00203567	0.221185
0.4455	0.0323389	-0.0735753	0.00188227	0.145511	0.0226477	-0.0125015	0.00199111	0.219791
0.4465	0.0323186	-0.0736893	0.00186961	0.144624	0.0222914	-0.00694599	0.00194738	0.218401
0.4475	0.0322651	-0.0736798	0.00185519	0.143746	0.0219395	-0.00139044	0.00190448	0.217015
0.4485	0.032163	-0.0735009	0.00183728	0.14281	0.0218521	0	0.00189387	0.216669
0.4495	0.0320113	-0.0731315	0.00181752	0.141944	0.0218521	0	0.00189387	0.216669
0.4505	0.0318063	-0.0726034	0.00179573	0.141146	0.0218521	0	0.00189387	0.216669
0.4515	0.0315432	-0.072002	0.0017712	0.140379	0.0218521	0	0.00189387	0.216669
0.4525	0.031232	-0.0713277	0.00174448	0.139639	0.0218521	0	0.00189387	0.216669
0.4535	0.0309283	-0.0703879	0.0017197	0.139007	0.0218521	0	0.00189387	0.216669
0.4545	0.0306938	-0.0688369	0.00170119	0.138562	0.0218521	0	0.00189387	0.216669
0.4555	0.00761391	-0.0667678	0.00168939	0.554706	0.0218521	0	0.00189387	0.216669
0.4565	0.00758957	-0.0650986	0.00168165	0.553934	0.0218521	0	0.00189387	0.216669
0.4575	0.00757036	-0.0639123	0.00167525	0.553227	0.0218521	0	0.00189387	0.216669
0.4585	0.00755289	-0.0630919	0.00166916	0.55249	0.0218521	0	0.00189387	0.216669
0.4595	0.00753611	-0.0625443	0.00166309	0.551707	0.0218521	0	0.00189387	0.216669
0.4605	0.00751989	-0.0621313	0.00165702	0.550878	0.0218521	0	0.00189387	0.216669
0.4615	0.00750428	-0.0617157	0.0016509	0.549985	0.0218521	0	0.00189387	0.216669
0.4625	0.00748901	-0.0612171	0.00164461	0.549006	0.0218521	0	0.00189387	0.216669
0.4635	0.00747339	-0.0606168	0.00163798	0.547939	0.0218521	0	0.00189387	0.216669
0.4645	0.0074563	-0.059927	0.00163082	0.546791	0.0218521	0	0.00189387	0.216669
0.4655	0.00743685	-0.059189	0.00162292	0.545567	0.0218521	0	0.00189387	0.216669
0.4665	0.00741495	-0.0584744	0.00161434	0.544286	0.0218521	0	0.00189387	0.216669
0.4675	0.00739122	-0.057858	0.00160532	0.542983	0.0218521	0	0.00189387	0.216669
0.4685	0.00736652	-0.0573915	0.00159618	0.541701	0.0218521	0	0.00189387	0.216669
0.4695	0.00734162	-0.0570884	0.00158721	0.540483	0.0218521	0	0.00189387	0.216669
0.4705	0.007317	-0.0569241	0.00157859	0.539356	0.0218521	0	0.00189387	0.216669
0.4715	0.00729292	-0.0568581	0.00157039	0.538327	0.0218521	0	0.00189387	0.216669
0.4725	0.00726961	-0.0568473	0.00156264	0.537388	0.0218521	0	0.00189387	0.216669
0.4735	0.0072473	-0.0568482	0.00155535	0.536527	0.0218521	0	0.00189387	0.216669
0.4745	0.00722612	-0.0568235	0.0015485	0.535729	0.0218521	0	0.00189387	0.216669
0.4755	0.00720596	-0.0567528	0.00154205	0.53499	0.0218521	0	0.00189387	0.216669
0.4765	0.00718633	-0.0566326	0.00153594	0.534328	0.0218521	0	0.00189387	0.216669
0.4775	0.00716642	-0.0564564	0.00153016	0.533796	0.0218521	0	0.00189387	0.216669
0.4785	0.00714492	-0.0561951	0.00152463	0.533468	0.0218521	0	0.00189387	0.216669
0.4795	0.00712035	-0.0558276	0.00151929	0.533434	0.0218521	0	0.00189387	0.216669
0.4805	0.00709231	-0.0553821	0.00151429	0.533778	0.0218521	0	0.00189387	0.216669
0.4815	0.00706259	-0.0549213	0.00150997	0.534495	0.0218521	0	0.00189387	0.216669
0.4825	0.00703391	-0.0544573	0.00150653	0.535453	0.0218521	0	0.00189387	0.216669
0.4835	0.00700724	-0.0539085	0.00150374	0.536496	0.0218521	0	0.00189387	0.216669
0.4845	0.00698222	-0.0531694	0.00150123	0.537518	0.0218521	0	0.00189387	0.216669
0.4855	0.00695926	-0.0522109	0.0014989	0.538457	0.0218521	0	0.00189387	0.216669
0.4865	0.00693939	-0.0510766	0.00149698	0.539304	0.0218521	0	0.00189387	0.216669
0.4875	0.00692348	-0.0497969	0.00149576	0.540103	0.0218521	0	0.00189387	0.216669
0.4885	0.00691241	-0.0483717	0.00149558	0.540905	0.0218521	0	0.00189387	0.216669
0.4895	0.00690688	-0.0469201	0.00149652	0.541676	0.0218521	0	0.00189387	0.216669
0.4905	0.00690546	-0.0456746	0.00149794	0.542302	0.0218521	0	0.00189387	0.216669
0.4915	0.00690461	-0.0445459	0.00149912	0.542798	0.0218521	0	0.00189387	0.216669
0.4925	0.00690295	-0.0432413	0.0015002	0.543317	0.0218521	0	0.00189387	0.216669
0.4935	0.0069018	-0.0417063	0.00150166	0.543936	0.0218521	0	0.00189387	0.216669
0.4945	0.00690099	-0.040164	0.0015032	0.544558	0.0218521	0	0.00189387	0.216669
0.4955	0.00689962	-0.0385432	0.00150468	0.545203	0.0218521	0	0.00189387	0.216669
0.4965	0.00689898	-0.0368714	0.00150645	0.545897	0.0218521	0	0.00189387	0.216669
0.4975	0.00689857	-0.035111	0.00150848	0.546665	0.0218521	0	0.00189387	0.216669
0.4985	0.00689884	-0.0336011	0.00151045	0.547358	0.0218521	0	0.00189387	0.216669
0.4995	0.00690066	-0.0318132	0.00151322	0.548214	0.0218521	0	0.00189387	0.216669
0.5005	0.00690477	-0.030046	0.00151652	0.549083	0.0218521	0	0.00189387	0.216669
0.5015	0.00690525	-0.0286774	0.00151841	0.54973	0.0218521	0	0.00189387	0.216669
0.5025	0.00690531	-0.0273009	0.0015203	0.550409	0.0218521	0	0.00189387	0.216669
0.5035	0.00690648	-0.0259356	0.00152248	0.551106	0.0218521	0	0.00189387	0.216669
0.5045	0.00691074	-0.0239327	0.00152624	0.552125	0.0218521	0	0.00189387	0.216669
0.5055	0.00691518	-0.0220842	0.00152981	0.553061	0.0218521	0	0.00189387	0.216669
0.5065	0.00691798	-0.0203827	0.00153295	0.553972	0.0218521	0	0.00189387	0.216669
0.5075	0.00692297	-0.018526	0.00153694	0.555016	0.0218521	0	0.00189387	0.216669
0.5085	0.00693539	-0.0161263	0.00154332	0.55632	0.0218521	0	0.00189387	0.216669
0.5095	0.00695346	-0.0134432	0.00155118	0.557702	0.0218521	0	0.00189387	0.216669
0.5105	0.0069642	-0.0117745	0.00155588	0.558527	0.0218521	0	0.00189387	0.216669
0.5115	0.00696668	-0.0104122	0.00155863	0.559317	0.0218521	0	0.00189387	0.216669
0.5125	0.00697017	-0.00848873	0.00156292	0.560575	0.0218521	0	0.00189387	0.216669
0.5135	0.00697408	-0.00708856	0.0015664	0.561507	0.0218521	0	0.00189387	0.216669
0.5145	0.00697438	-0.0061531	0.00156821	0.562134	0.0218521	0	0.00189387	0.216669
0.5155	0.00697404	-0.00498952	0.00157042	0.562951	0.0218521	0	0.00189387	0.216669
0.5165	0.00697401	-0.00383475	0.00157274	0.563786	0.0218521	0	0.00189387	0.216669
0.5175	0.00697586	-0.00235124	0.00157615	0.564859	0.0218521	0	0.00189387	0.216669
0.5185	0.00698825	0.00018549	0.00158326	0.566401	0.0218521	0	0.00189387	0.216669
0.5195	0.00701885	0.0033441	0.00159307	0.567425	0.0218521	0	0.00189387	0.216669
0.5205	0.00707244	0.00586166	0.00160088	0.565886	0.0218521	0	0.00189387	0.216669
0.5215	0.00717106	0.00765246	0.00160591	0.55986	0.0218521	0	0.00189387	0.216669
0.5225	0.00734633	0.00907081	0.00160956	0.547742	0.0218521	0	0.00189387	0.216669
0.5235	0.00762275	0.0104087	0.00161308	0.529035	0.0218521	0	0.00189387	0.216669
0.5245	0.00801447	0.0119288	0.00161761	0.504591	0.0218521	0	0.00189387	0.216669
0.5255	0.00852884	0.013833	0.00162413	0.476071	0.0218521	0	0.00189387	0.216669
0.5265	0.00916807	0.0161547	0.00163305	0.445309	0.0218521	0	0.00189387	0.216669
0.5275	0.00992787	0.0187293	0.00164391	0.413964	0.0218521	0	0.00189387	0.216669
0.5285	0.0107953	0.0212879	0.00165564	0.383419	0.0218521	0	0.00189387	0.216669
0.5295	0.0117475	0.0235965	0.0016671	0.354779	0.0218521	0	0.00189387	0.216669
0.5305	0.012751	0.0255488	0.0016776	0.328917	0.0218521	0	0.00189387	0.216669
0.5315	0.0137601	0.0271743	0.00168711	0.306523	0.0218521	0	0.00189387	0.216669
0.5325	0.0147426	0.0286268	0.00169633	0.287658	0.0218521	0	0.00189387	0.216669
0.5335	0.0156917	0.0301205	0.00170646	0.271873	0.0218521	0	0.00189387	0.216669
0.5345	0.0166065	0.0318237	0.0017186	0.258725	0.0218521	0	0.00189387	0.216669
0.5355	0.017486	0.0337996	0.00173322	0.247801	0.0218521	0	0.00189387	0.216669
0.5365	0.0183281	0.0360005	0.0017501	0.238718	0.0218521	0	0.00189387	0.216669
0.5375	0.019129	0.0383153	0.00176852	0.23113	0.0218521	0	0.00189387	0.216669
0.5385	0.0198849	0.0406349	0.00178772	0.224758	0.0218521	0	0.00189387	0.216669
0.5395	0.0205934	0.0428965	0.0018072	0.21939	0.0218521	0	0.00189387	0.216669
0.5405	0.0212543	0.0450899	0.00182682	0.214876	0.0218521	0	0.00189387	0.216669
0.5415	0.0218696	0.0472384	0.00184668	0.211101	0.0218521	0	0.00189387	0.216669
0.5425	0.0224424	0.0493729	0.00186696	0.207973	0.0218521	0	0.00189387	0.216669
0.5435	0.0229763	0.0515176	0.00188782	0.205409	0.0218521	0	0.00189387	0.216669
0.5445	0.0234753	0.0536896	0.00190934	0.203334	0.0218521	0	0.00189387	0.216669
0.5455	0.0239439	0.0559084	0.00193166	0.201686	0.0218521	0	0.00189387	0.216669
0.5465	0.024387	0.0582037	0.00195501	0.200416	0.0218521	0	0.00189387	0.216669
0.5475	0.0248103	0.0606153	0.00197972	0.199486	0.0218521	0	0.00189387	0.216669
0.5485	0.0252193	0.0631824	0.00200613	0.198868	0.0218521	0	0.00189387	0.216669
0.5495	0.0256188	0.0659297	0.00203446	0.198532	0.0218521	0	0.00189387	0.216669
0.5505	0.0260118	0.068857	0.00206476	0.198445	0.0218521	0	0.00189387	0.216669
0.5515	0.0264	0.0719407	0.00209687	0.198568	0.0218521	0	0.00189387	0.216669
0.5525	0.0267834	0.0751428	0.0021305	0.198863	0.0219395	0.00139044	0.00190448	0.217015
0.5535	0.0271617	0.0784245	0.00216533	0.1993	0.0222914	0.00694599	0.00194738	0.218401
0.5545	0.0275346	0.0817573	0.00220112	0.19985	0.0226477	0.0125015	0.00199111	0.219791
0.5555	0.0279028	0.0851273	0.00223776	0.200496	0.0230086	0.0180571	0.00203567	0.221185
0.5565	0.0282675	0.0885336	0.00227524	0.201225	0.0233741	0.0236127	0.00208109	0.222584
0.5575	0.0286304	0.0919802	0.00231362	0.202024	0.0237443	0.0291682	0.00212737	0.223987
0.5585	0.0289929	0.0954679	0.00235288	0.202885	0.0241191	0.0347238	0.00217453	0.225395
0.5595	0.0293561	0.0989936	0.00239304	0.203794	0.0244986	0.0402793	0.00222258	0.226807
0.5605	0.0297212	0.102556	0.00243408	0.204743	0.0248829	0.0458349	0.00227154	0.228223
0.5615	0.0300894	0.106158	0.00247607	0.205726	0.025272	0.0513904	0.00232143	0.229644
0.5625	0.0304619	0.109802	0.00251904	0.206737	0.0256659	0.056946	0.00237225	0.23107
0.5635	0.0308395	0.113491	0.00256307	0.207775	0.0260648	0.0625015	0.00242402	0.232499
0.5645	0.0312231	0.11723	0.00260821	0.208837	0.0264686	0.0680571	0.00247675	0.233933
0.5655	0.0316132	0.121023	0.00265454	0.209924	0.0268773	0.0736127	0.00253047	0.235372
0.5665	0.0320104	0.124872	0.00270212	0.211035	0.0272911	0.0791682	0.00258518	0.236815
0.5675	0.0324153	0.128781	0.00275102	0.21217	0.02771	0.0847238	0.0026409	0.238262
0.5685	0.0328281	0.132751	0.00280129	0.21333	0.028134	0.0902793	0.00269765	0.239714
0.5695	0.0332493	0.136782	0.00285297	0.214514	0.0285632	0.0958349	0.00275544	0.24117
0.5705	0.0336788	0.140876	0.00290613	0.215724	0.0289977	0.10139	0.00281429	0.24263
0.5715	0.0341168	0.145031	0.00296077	0.216959	0.0294373	0.106946	0.00287421	0.244095
0.5725	0.0345631	0.149246	0.00301694	0.218219	0.0298823	0.112502	0.00293522	0.245565
0.5735	0.0350176	0.153519	0.00307463	0.219506	0.0303327	0.118057	0.00299734	0.247038
0.5745	0.0354799	0.157846	0.00313387	0.22082	0.0307885	0.123613	0.00306058	0.248517
0.5755	0.0359498	0.162226	0.00319465	0.222161	0.0312497	0.129168	0.00312496	0.249999
0.5765	0.0364268	0.166656	0.00325698	0.223529	0.0317165	0.134724	0.0031905	0.251486
0.5775	0.0369107	0.171132	0.00332086	0.224926	0.0321888	0.140279	0.00325722	0.252978
0.5785	0.037401	0.175651	0.0033863	0.226351	0.0326667	0.145835	0.00332513	0.254473
0.5795	0.0378974	0.180212	0.00345328	0.227805	0.0331503	0.15139	0.00339424	0.255974
0.5805	0.0383996	0.184812	0.00352182	0.229288	0.0336396	0.156946	0.00346459	0.257478
0.5815	0.0389073	0.18945	0.00359193	0.230801	0.0341347	0.162502	0.00353618	0.258987
0.5825	0.0394203	0.194123	0.00366362	0.232343	0.0346356	0.168057	0.00360903	0.260501
0.5835	0.0399383	0.198831	0.0037369	0.233917	0.0351423	0.173613	0.00368317	0.262019
0.5845	0.0404613	0.203572	0.00381179	0.23552	0.0356549	0.179168	0.00375861	0.263541
0.5855	0.0409892	0.208347	0.00388831	0.237155	0.0361735	0.184724	0.00383537	0.265067
0.5865	0.0415218	0.213155	0.00396649	0.23882	0.0366982	0.190279	0.00391347	0.266599
0.5875	0.0420591	0.217995	0.00404637	0.240517	0.0372289	0.195835	0.00399293	0.268134
0.5885	0.0426012	0.222869	0.00412797	0.242245	0.0377657	0.20139	0.00407377	0.269674
0.5895	0.0431482	0.227775	0.00421133	0.244004	0.0383087	0.206946	0.004156	0.271218
0.5905	0.0437	0.232715	0.00429649	0.245795	0.0388579	0.212502	0.00423966	0.272767
0.5915	0.0442567	0.237689	0.00438349	0.247617	0.0394134	0.218057	0.00432475	0.27432
0.5925	0.0448184	0.242697	0.00447237	0.249472	0.0399752	0.223613	0.00441131	0.275878
0.5935	0.0453852	0.247739	0.00456317	0.251357	0.0405435	0.229168	0.00449934	0.27744
0.5945	0.0459572	0.252815	0.00465592	0.253275	0.0411181	0.234724	0.00458888	0.279006
0.5955	0.0465344	0.257925	0.00475065	0.255223	0.0416993	0.240279	0.00467994	0.280577
0.5965	0.0471167	0.263069	0.00484741	0.257202	0.042287	0.245835	0.00477254	0.282152
0.5975	0.0477044	0.268246	0.00494621	0.259212	0.0428814	0.25139	0.00486671	0.283731
0.5985	0.0482972	0.273455	0.00504707	0.261251	0.0434823	0.256946	0.00496247	0.285315
0.5995	0.0488951	0.278694	0.00515001	0.263319	0.0440901	0.262502	0.00505984	0.286904
0.6005	0.0494981	0.283962	0.00525503	0.265416	0.0447046	0.268057	0.00515884	0.288497
0.6015	0.0501059	0.289257	0.00536214	0.26754	0.0453259	0.273613	0.0052595	0.290094
0.6025	0.0507185	0.294577	0.00547131	0.26969	0.0459541	0.279168	0.00536184	0.291695
0.6035	0.0513356	0.299919	0.00558255	0.271865	0.0465892	0.284724	0.00546588	0.293301
0.6045	0.0519571	0.305281	0.00569583	0.274064	0.0472314	0.290279	0.00557164	0.294912
0.6055	0.0525829	0.310661	0.00581113	0.276284	0.0478806	0.295835	0.00567915	0.296527
0.6065	0.0532129	0.316056	0.00592845	0.278525	0.048537	0.30139	0.00578844	0.298146
0.6075	0.053847	0.321464	0.00604775	0.280784	0.0492005	0.306946	0.00589953	0.29977
0.6085	0.0544853	0.326884	0.00616903	0.283059	0.0498712	0.312502	0.00601243	0.301398
0.6095	0.0551276	0.332313	0.00629227	0.28535	0.0505493	0.318057	0.00612719	0.30303
0.6105	0.055774	0.337749	0.00641746	0.287654	0.0512347	0.323613	0.00624381	0.304667
0.6115	0.0564246	0.343192	0.00654457	0.28997	0.0519275	0.329168	0.00636234	0.306308
0.6125	0.0570792	0.348639	0.00667359	0.292295	0.0526278	0.334724	0.00648278	0.307954
0.6135	0.0577379	0.354087	0.00680447	0.294628	0.0533356	0.340279	0.00660518	0.309604
0.6145	0.0584005	0.359534	0.00693718	0.296966	0.0540511	0.345835	0.00672955	0.311259
0.6155	0.0590669	0.364977	0.00707166	0.299308	0.0547742	0.35139	0.00685592	0.312918
0.6165	0.059737	0.370414	0.00720788	0.30165	0.055505	0.356946	0.00698432	0.314581
0.6175	0.060411	0.375843	0.00734579	0.303992	0.0562435	0.362502	0.00711478	0.316249
0.6185	0.0610887	0.381262	0.00748536	0.306332	0.05699	0.368057	0.00724732	0.317921
0.6195	0.0617704	0.38667	0.00762657	0.308666	0.0577443	0.373613	0.00738198	0.319598
0.6205	0.0624562	0.392066	0.00776941	0.310994	0.0585066	0.379168	0.00751877	0.321279
0.6215	0.0631464	0.39745	0.00791388	0.313315	0.0592769	0.384724	0.00765772	0.322964
0.6225	0.0638413	0.402822	0.00805999	0.315626	0.0600553	0.390279	0.00779888	0.324654
0.6235	0.0645413	0.408183	0.00820776	0.317927	0.0608419	0.395835	0.00794225	0.326348
0.6245	0.0652466	0.413531	0.00835719	0.320216	0.0616367	0.40139	0.00808788	0.328047
0.6255	0.0659576	0.418869	0.00850832	0.322492	0.0624398	0.406946	0.0082358	0.32975
0.6265	0.0666746	0.424195	0.00866115	0.324755	0.0632512	0.412502	0.00838602	0.331457
0.6275	0.067398	0.429511	0.00881572	0.327003	0.064071	0.418057	0.00853859	0.333169
0.6285	0.068128	0.434817	0.00897205	0.329235	0.0648993	0.423613	0.00869353	0.334885
0.6295	0.0688651	0.440112	0.00913016	0.331451	0.0657362	0.429168	0.00885088	0.336606
0.6305	0.0696095	0.445398	0.00929008	0.33365	0.0665817	0.434724	0.00901066	0.338331
0.6315	0.0703615	0.450675	0.00945183	0.335831	0.0674358	0.440279	0.00917291	0.340061
0.6325	0.0711213	0.455943	0.00961545	0.337995	0.0682987	0.445835	0.00933765	0.341794
0.6335	0.0718894	0.461202	0.00978098	0.34014	0.0691704	0.45139	0.00950492	0.343533
0.6345	0.0726658	0.466454	0.00994843	0.342266	0.070051	0.456946	0.00967476	0.345275
0.6355	0.0734509	0.471697	0.0101178	0.344374	0.0709405	0.462502	0.00984719	0.347023
0.6365	0.074245	0.476934	0.0102893	0.346463	0.0718391	0.468057	0.0100222	0.348774
0.6375	0.0750481	0.482164	0.0104627	0.348533	0.0727467	0.473613	0.0102	0.35053
0.6385	0.0758607	0.487387	0.0106383	0.350585	0.0736635	0.479168	0.0103804	0.35229
0.6395	0.0766829	0.492605	0.0108159	0.352618	0.0745895	0.484724	0.0105635	0.354055
0.6405	0.0775149	0.497819	0.0109958	0.354634	0.0755247	0.490279	0.0107494	0.355824
0.6415	0.078357	0.503028	0.0111778	0.356632	0.0764694	0.495835	0.0109381	0.357598
0.6425	0.0792094	0.508234	0.0113622	0.358613	0.0774235	0.50139	0.0111297	0.359376
0.6435	0.0800725	0.513438	0.011549	0.360578	0.078387	0.506946	0.0113241	0.361158
0.6445	0.0809464	0.518641	0.0117381	0.362528	0.0793602	0.512502	0.0115214	0.362945
0.6455	0.0818314	0.523844	0.0119298	0.364463	0.0803429	0.518057	0.0117216	0.364736
0.6465	0.0827277	0.529049	0.0121241	0.366385	0.0813354	0.523613	0.0119248	0.366532
0.6475	0.0836358	0.534256	0.012321	0.368294	0.0823377	0.529168	0.012131	0.368332
0.6485	0.0845557	0.539467	0.0125208	0.370192	0.0833498	0.534724	0.0123403	0.370137
0.6495	0.0854878	0.544682	0.0127233	0.37208	0.0843719	0.540279	0.0125527	0.371945
0.6505	0.0864324	0.549904	0.0129288	0.373958	0.085404	0.545835	0.0127682	0.373759
0.6515	0.0873895	0.555133	0.0131374	0.375828	0.0864461	0.55139	0.0129868	0.375576
0.6525	0.0883595	0.56037	0.013349	0.37769	0.0874984	0.556946	0.0132087	0.377398
0.6535	0.0893426	0.565616	0.0135639	0.379546	0.0885609	0.562502	0.0134338	0.379225
0.6545	0.0903388	0.570871	0.013782	0.381398	0.0896337	0.568057	0.0136622	0.381056
0.6555	0.0913484	0.576137	0.0140035	0.383245	0.0907169	0.573613	0.0138939	0.382891
0.6565	0.0923716	0.581414	0.0142285	0.385089	0.0918105	0.579168	0.0141289	0.384731
0.6575	0.0934084	0.586703	0.014457	0.38693	0.0929147	0.584724	0.0143674	0.386575
0.6585	0.0944589	0.592003	0.0146891	0.38877	0.0940294	0.590279	0.0146093	0.388423
0.6595	0.0955233	0.597315	0.0149249	0.390609	0.0951548	0.595835	0.0148547	0.390276
0.6605	0.0966015	0.602639	0.0151645	0.392449	0.096291	0.60139	0.0151036	0.392134
0.6615	0.0976937	0.607976	0.0154078	0.394289	0.097438	0.606946	0.0153561	0.393996
0.6625	0.0987999	0.613325	0.0156551	0.396131	0.0985959	0.612502	0.0156121	0.395862
0.6635	0.0999201	0.618686	0.0159063	0.397975	0.0997648	0.618057	0.0158719	0.397732
0.6645	0.101054	0.624059	0.0161615	0.399821	0.100945	0.623613	0.0161353	0.399607
0.6655	0.102203	0.629445	0.0164207	0.401671	0.102136	0.629168	0.0164025	0.401487
0.6665	0.103365	0.634842	0.0166841	0.403524	0.103338	0.634724	0.0166734	0.403371
0.6675	0.104541	0.64025	0.0169516	0.405382	0.104552	0.640279	0.0169482	0.405259
0.6685	0.105732	0.64567	0.0172234	0.407243	0.105777	0.645835	0.0172268	0.407151
0.6695	0.106936	0.6511	0.0174994	0.40911	0.107013	0.65139	0.0175094	0.409048
0.6705	0.108154	0.656541	0.0177798	0.410982	0.108261	0.656946	0.0177959	0.41095
0.6715	0.109387	0.661992	0.0180645	0.412859	0.109521	0.662502	0.0180865	0.412856
0.6725	0.110633	0.667453	0.0183536	0.414741	0.110792	0.668057	0.0183811	0.414766
0.6735	0.111893	0.672923	0.0186472	0.41663	0.112075	0.673613	0.0186798	0.416681
0.6745	0.113168	0.678402	0.0189453	0.418524	0.11337	0.679168	0.0189826	0.4186
0.6755	0.114456	0.68389	0.019248	0.420424	0.114677	0.684724	0.0192897	0.420523
0.6765	0.115758	0.689385	0.0195552	0.42233	0.115996	0.690279	0.019601	0.422451
0.6775	0.117074	0.694889	0.0198671	0.424243	0.117327	0.695835	0.0199166	0.424383
0.6785	0.118404	0.7004	0.0201837	0.426162	0.11867	0.70139	0.0202365	0.42632
0.6795	0.119748	0.705918	0.0205049	0.428087	0.120025	0.706946	0.0205608	0.428261
0.6805	0.121105	0.711442	0.020831	0.430018	0.121393	0.712502	0.0208896	0.430207
0.6815	0.122477	0.716973	0.0211619	0.431956	0.122773	0.718057	0.0212229	0.432157
0.6825	0.123863	0.72251	0.0214976	0.4339	0.124166	0.723613	0.0215607	0.434111
0.6835	0.125262	0.728052	0.0218382	0.43585	0.125571	0.729168	0.0219031	0.43607
0.6845	0.126676	0.7336	0.0221838	0.437806	0.126989	0.734724	0.0222502	0.438033
0.6855	0.128104	0.739153	0.0225344	0.439769	0.12842	0.740279	0.022602	0.440001
0.6865	0.129546	0.744711	0.0228901	0.441738	0.129864	0.745835	0.0229585	0.441973
0.6875	0.131002	0.750273	0.0232508	0.443712	0.131321	0.75139	0.0233199	0.443949
0.6885	0.132472	0.755839	0.0236167	0.445693	0.13279	0.756946	0.0236861	0.44593
0.6895	0.133956	0.76141	0.0239878	0.44768	0.134273	0.762502	0.0240572	0.447915
0.6905	0.135455	0.766984	0.0243642	0.449673	0.135769	0.768057	0.0244333	0.449905
0.6915	0.136968	0.772562	0.0247458	0.451671	0.137279	0.773613	0.0248144	0.451899
0.6925	0.138496	0.778144	0.0251328	0.453675	0.138801	0.779168	0.0252006	0.453897
0.6935	0.140038	0.783728	0.0255252	0.455685	0.140338	0.784724	0.025592	0.4559
0.6945	0.141594	0.789316	0.0259231	0.457701	0.141888	0.790279	0.0259885	0.457907
0.6955	0.143165	0.794906	0.0263265	0.459722	0.143451	0.795835	0.0263903	0.459919
0.6965	0.144751	0.800499	0.0267354	0.461749	0.145028	0.80139	0.0267975	0.461935
0.6975	0.146351	0.806095	0.02715	0.463781	0.146619	0.806946	0.0272099	0.463956
0.6985	0.147967	0.811693	0.0275703	0.465818	0.148224	0.812502	0.0276279	0.465981
0.6995	0.149597	0.817294	0.0279963	0.467861	0.149843	0.818057	0.0280513	0.46801
0.7005	0.151242	0.822896	0.028428	0.46991	0.151477	0.823613	0.0284802	0.470044
0.7015	0.152902	0.828501	0.0288657	0.471963	0.153124	0.829168	0.0289148	0.472082
0.7025	0.154578	0.834108	0.0293093	0.474022	0.154786	0.834724	0.029355	0.474124
0.7035	0.156268	0.839716	0.0297588	0.476086	0.156462	0.840279	0.029801	0.476171
0.7045	0.157974	0.845326	0.0302144	0.478155	0.158152	0.845835	0.0302528	0.478223
0.7055	0.159695	0.850938	0.0306761	0.480229	0.159857	0.85139	0.0307104	0.480278
0.7065	0.161432	0.856552	0.031144	0.482309	0.161577	0.856946	0.031174	0.482339
0.7075	0.163184	0.862166	0.0316181	0.484393	0.163312	0.862502	0.0316435	0.484403
0.7085	0.164952	0.867783	0.0320985	0.486482	0.165061	0.868057	0.0321191	0.486472
0.7095	0.166736	0.8734	0.0325852	0.488577	0.166826	0.873613	0.0326008	0.488546
0.7105	0.168535	0.879019	0.0330784	0.490676	0.168605	0.879168	0.0330886	0.490623
0.7115	0.17035	0.884639	0.0335781	0.492781	0.1704	0.884724	0.0335827	0.492706
0.7125	0.172181	0.89026	0.0340843	0.49489	0.17221	0.890279	0.0340832	0.494792
0.7135	0.174028	0.895882	0.0345972	0.497005	0.174035	0.895835	0.03459	0.496883
0.7145	0.175892	0.901505	0.0351167	0.499124	0.175875	0.90139	0.0351032	0.498979
0.7155	0.177771	0.907129	0.035643	0.501248	0.177732	0.906946	0.035623	0.501079
0.7165	0.179667	0.912754	0.0361761	0.503377	0.179603	0.912502	0.0361493	0.503183
0.7175	0.181579	0.918379	0.0367161	0.505511	0.181491	0.918057	0.0366823	0.505292
0.7185	0.183508	0.924006	0.0372631	0.507649	0.183394	0.923613	0.0372221	0.507405
0.7195	0.185454	0.929632	0.0378171	0.509793	0.185314	0.929168	0.0377686	0.509522
0.7205	0.187416	0.93526	0.0383783	0.511941	0.187249	0.934724	0.038322	0.511644
0.7215	0.189394	0.940888	0.0389466	0.514094	0.189201	0.940279	0.0388823	0.51377
0.7225	0.19139	0.946517	0.0395222	0.516252	0.191168	0.945835	0.0394496	0.515901
0.7235	0.193403	0.952146	0.040105	0.518414	0.193152	0.95139	0.040024	0.518036
0.7245	0.195432	0.957775	0.0406953	0.520581	0.195153	0.956946	0.0406055	0.520176
0.7255	0.197479	0.963405	0.0412931	0.522753	0.19717	0.962502	0.0411943	0.52232
0.7265	0.199543	0.969035	0.0418984	0.524929	0.199204	0.968057	0.0417904	0.524468
0.7275	0.201624	0.974665	0.0425113	0.527111	0.201254	0.973613	0.0423939	0.526621
0.7285	0.203723	0.980295	0.0431318	0.529296	0.203322	0.979168	0.0430048	0.528778
0.7295	0.205839	0.985925	0.0437602	0.531487	0.205406	0.984724	0.0436232	0.53094
0.7305	0.207972	0.991556	0.0443964	0.533681	0.207507	0.990279	0.0442493	0.533106
0.7315	0.210124	0.997186	0.0450405	0.535881	0.209626	0.995835	0.044883	0.535276
0.7325	0.212293	1.00282	0.0456926	0.538085	0.211761	1.00139	0.0455245	0.537451
0.7335	0.214479	1.00845	0.0463527	0.540293	0.213915	1.00695	0.0461739	0.53963
0.7345	0.216684	1.01408	0.047021	0.542506	0.216085	1.0125	0.0468312	0.541814
0.7355	0.218907	1.01971	0.0476975	0.544724	0.218273	1.01806	0.0474964	0.544002
0.7365	0.221148	1.02534	0.0483823	0.546945	0.220479	1.02361	0.0481698	0.546194
0.7375	0.223407	1.03097	0.0490754	0.549172	0.222703	1.02917	0.0488513	0.548391
0.7385	0.225684	1.03659	0.049777	0.551402	0.224944	1.03472	0.0495411	0.550592
0.7395	0.227979	1.04222	0.0504871	0.553637	0.227204	1.04028	0.0502392	0.552798
0.7405	0.230293	1.04785	0.0512059	0.555877	0.229482	1.04583	0.0509457	0.555008
0.7415	0.232626	1.05348	0.0519333	0.55812	0.231778	1.05139	0.0516607	0.557223
0.7425	0.234977	1.0591	0.0526694	0.560368	0.234092	1.05695	0.0523843	0.559441
0.7435	0.237347	1.06473	0.0534144	0.56262	0.236425	1.0625	0.0531166	0.561665
0.7445	0.239735	1.07035	0.0541683	0.564877	0.238776	1.06806	0.0538576	0.563893
0.7455	0.242143	1.07598	0.0549313	0.567137	0.241146	1.07361	0.0546075	0.566125
0.7465	0.244569	1.0816	0.0557032	0.569402	0.243535	1.07917	0.0553663	0.568361
0.7475	0.247014	1.08723	0.0564844	0.571671	0.245942	1.08472	0.0561341	0.570602
0.7485	0.249479	1.09285	0.0572748	0.573945	0.248369	1.09028	0.0569111	0.572848
0.7495	0.251962	1.09847	0.0580745	0.576222	0.250815	1.09583	0.0576972	0.575097
0.7505	0.254465	1.10409	0.0588837	0.578504	0.25328	1.10139	0.0584926	0.577351
0.7515	0.256988	1.10971	0.0597023	0.580789	0.255764	1.10695	0.0592974	0.57961
0.7525	0.25953	1.11532	0.0605305	0.583079	0.258268	1.1125	0.0601117	0.581873
0.7535	0.262091	1.12094	0.0613683	0.585373	0.260791	1.11806	0.0609355	0.58414
0.7545	0.264672	1.12656	0.062216	0.58767	0.263334	1.12361	0.061769	0.586412
0.7555	0.267273	1.13217	0.0630734	0.589972	0.265897	1.12917	0.0626123	0.588689
0.7565	0.269893	1.13778	0.0639408	0.592278	0.26848	1.13472	0.0634654	0.590969
0.7575	0.272534	1.1434	0.0648182	0.594588	0.271083	1.14028	0.0643284	0.593254
0.7585	0.275194	1.14901	0.0657056	0.596902	0.273706	1.14583	0.0652015	0.595544
0.7595	0.277875	1.15462	0.0666033	0.59922	0.276349	1.15139	0.0660847	0.597838
0.7605	0.280576	1.16022	0.0675112	0.601541	0.279013	1.15695	0.0669782	0.600136
0.7615	0.283297	1.16583	0.0684295	0.603867	0.281697	1.1625	0.067882	0.602439
0.7625	0.286039	1.17144	0.0693583	0.606197	0.284401	1.16806	0.0687962	0.604746
0.7635	0.288801	1.17704	0.0702976	0.60853	0.287127	1.17361	0.069721	0.607057
0.7645	0.291584	1.18264	0.0712476	0.610868	0.289873	1.17917	0.0706564	0.609373
0.7655	0.294387	1.18824	0.0722083	0.613209	0.29264	1.18472	0.0716025	0.611693
0.7665	0.297211	1.19384	0.0731799	0.615555	0.295429	1.19028	0.0725595	0.614018
0.7675	0.300056	1.19944	0.0741624	0.617904	0.298238	1.19583	0.0735274	0.616347
0.7685	0.302922	1.20504	0.0751559	0.620257	0.301069	1.20139	0.0745063	0.618681
0.7695	0.30581	1.21063	0.0761606	0.622614	0.303922	1.20695	0.0754964	0.621019
0.7705	0.308718	1.21623	0.0771765	0.624975	0.306796	1.2125	0.0764978	0.623361
0.7715	0.311648	1.22182	0.0782037	0.62734	0.309691	1.21806	0.0775105	0.625708
0.7725	0.314599	1.22741	0.0792423	0.629709	0.312609	1.22361	0.0785347	0.628059
0.7735	0.317572	1.233	0.0802925	0.632081	0.315548	1.22917	0.0795705	0.630415
0.7745	0.320567	1.23859	0.0813543	0.634457	0.31851	1.23472	0.0806179	0.632775
0.7755	0.323583	1.24418	0.0824279	0.636838	0.321493	1.24028	0.0816772	0.635139
0.7765	0.326621	1.24976	0.0835133	0.639222	0.324499	1.24583	0.0827484	0.637508
0.7775	0.329681	1.25535	0.0846106	0.64161	0.327528	1.25139	0.0838315	0.639881
0.7785	0.332763	1.26093	0.08572	0.644002	0.330579	1.25695	0.0849269	0.642259
0.7795	0.335868	1.26651	0.0868416	0.646397	0.333653	1.2625	0.0860344	0.644641
0.7805	0.338994	1.27209	0.0879754	0.648797	0.336749	1.26806	0.0871543	0.647027
0.7815	0.342144	1.27767	0.0891217	0.6512	0.339869	1.27361	0.0882867	0.649418
0.7825	0.345316	1.28324	0.0902804	0.653608	0.343011	1.27917	0.0894317	0.651813
0.7835	0.34851	1.28882	0.0914517	0.656019	0.346177	1.28472	0.0905894	0.654213
0.7845	0.351727	1.29439	0.0926357	0.658434	0.349366	1.29028	0.0917599	0.656617
0.7855	0.354968	1.29997	0.0938325	0.660853	0.352578	1.29583	0.0929433	0.659026
0.7865	0.358231	1.30554	0.0950423	0.663275	0.355815	1.30139	0.0941398	0.661439
0.7875	0.361517	1.31111	0.0962651	0.665702	0.359074	1.30695	0.0953495	0.663856
0.7885	0.364827	1.31668	0.0975011	0.668132	0.362358	1.3125	0.0965725	0.666278
0.7895	0.36816	1.32225	0.0987503	0.670567	0.365666	1.31806	0.0978089	0.668704
0.7905	0.371517	1.32781	0.100013	0.673005	0.368998	1.32361	0.0990588	0.671134
0.7915	0.374897	1.33338	0.101289	0.675447	0.372354	1.32917	0.100322	0.673569
0.7925	0.378301	1.33894	0.102579	0.677892	0.375734	1.33472	0.1016	0.676009
0.7935	0.381729	1.3445	0.103882	0.680342	0.379139	1.34028	0.102891	0.678452
0.7945	0.38518	1.35006	0.1052	0.682796	0.382569	1.34583	0.104196	0.680901
0.7955	0.388656	1.35562	0.106531	0.685253	0.386023	1.35139	0.105516	0.683353
0.7965	0.392157	1.36118	0.107877	0.687714	0.389502	1.35695	0.10685	0.68581
0.7975	0.395681	1.36674	0.109236	0.690179	0.393006	1.3625	0.108198	0.688272
0.7985	0.39923	1.37229	0.11061	0.692648	0.396536	1.36806	0.109561	0.690737
0.7995	0.402803	1.37785	0.111999	0.695121	0.400091	1.37361	0.110938	0.693208
0.8005	0.406402	1.3834	0.113402	0.697597	0.403671	1.37917	0.112331	0.695682
0.8015	0.410025	1.38895	0.11482	0.700078	0.407277	1.38472	0.113738	0.698161
0.8025	0.413673	1.39451	0.116252	0.702562	0.410908	1.39028	0.11516	0.700645
0.8035	0.417346	1.40005	0.1177	0.70505	0.414566	1.39583	0.116598	0.703133
0.8045	0.421044	1.4056	0.119163	0.707542	0.418249	1.40139	0.118051	0.705625
0.8055	0.424768	1.41115	0.12064	0.710038	0.421958	1.40695	0.119519	0.708122
0.8065	0.428517	1.4167	0.122134	0.712537	0.425694	1.4125	0.121003	0.710623
0.8075	0.432291	1.42224	0.123642	0.715041	0.429456	1.41806	0.122503	0.713128
0.8085	0.436092	1.42778	0.125167	0.717548	0.433245	1.42361	0.124019	0.715638
0.8095	0.439918	1.43332	0.126707	0.720059	0.437061	1.42917	0.12555	0.718152
0.8105	0.44377	1.43886	0.128263	0.722574	0.440903	1.43472	0.127098	0.720671
0.8115	0.447648	1.4444	0.129834	0.725093	0.444772	1.44028	0.128663	0.723194
0.8125	0.451552	1.44994	0.131422	0.727615	0.448669	1.44583	0.130243	0.725722
0.8135	0.455482	1.45548	0.133027	0.730141	0.452592	1.45139	0.131841	0.728254
0.8145	0.459439	1.46101	0.134647	0.732671	0.456543	1.45695	0.133455	0.73079
0.8155	0.463423	1.46655	0.136284	0.735205	0.460522	1.4625	0.135086	0.733331
0.8165	0.467433	1.47208	0.137938	0.737743	0.464528	1.46806	0.136734	0.735876
0.8175	0.471469	1.47761	0.139609	0.740284	0.468562	1.47361	0.138399	0.738426
0.8185	0.475533	1.48314	0.141296	0.74283	0.472624	1.47917	0.140082	0.74098
0.8195	0.479624	1.48867	0.143001	0.745379	0.476714	1.48472	0.141782	0.743538
0.8205	0.483742	1.4942	0.144722	0.747932	0.480833	1.49028	0.1435	0.746101
0.8215	0.487887	1.49973	0.146462	0.750488	0.48498	1.49583	0.145236	0.748668
0.8225	0.49206	1.50525	0.148218	0.753049	0.489155	1.50139	0.146989	0.75124
0.8235	0.49626	1.51078	0.149992	0.755613	0.493359	1.50695	0.148761	0.753816
0.8245	0.500488	1.5163	0.151784	0.758181	0.497592	1.5125	0.150551	0.756396
0.8255	0.504744	1.52182	0.153594	0.760753	0.501854	1.51806	0.152359	0.758981
0.8265	0.509028	1.52734	0.155422	0.763329	0.506146	1.52361	0.154186	0.761571
0.8275	0.51334	1.53286	0.157268	0.765908	0.510466	1.52917	0.156032	0.764164
0.8285	0.51768	1.53838	0.159133	0.768491	0.514816	1.53472	0.157897	0.766762
0.8295	0.522048	1.5439	0.161016	0.771078	0.519196	1.54028	0.15978	0.769365
0.8305	0.526445	1.54941	0.162918	0.773669	0.523605	1.54583	0.161683	0.771972
0.8315	0.530871	1.55493	0.164838	0.776264	0.528044	1.55139	0.163606	0.774583
0.8325	0.535325	1.56044	0.166778	0.778862	0.532513	1.55695	0.165547	0.777199
0.8335	0.539808	1.56595	0.168736	0.781464	0.537013	1.5625	0.167509	0.779819
0.8345	0.544321	1.57146	0.170714	0.78407	0.541543	1.56806	0.169491	0.782444
0.8355	0.548862	1.57697	0.172712	0.78668	0.546103	1.57361	0.171492	0.785073
0.8365	0.553433	1.58248	0.174729	0.789294	0.550694	1.57917	0.173514	0.787706
0.8375	0.558034	1.58799	0.176765	0.791912	0.555316	1.58472	0.175556	0.790344
0.8385	0.562664	1.5935	0.178822	0.794533	0.559969	1.59028	0.177619	0.792986
0.8395	0.567324	1.599	0.180899	0.797158	0.564652	1.59583	0.179702	0.795632
0.8405	0.572014	1.60451	0.182996	0.799787	0.569368	1.60139	0.181807	0.798283
0.8415	0.576734	1.61001	0.185113	0.80242	0.574114	1.60695	0.183932	0.800939
0.8425	0.581484	1.61551	0.187251	0.805057	0.578893	1.6125	0.186079	0.803599
0.8435	0.586265	1.62102	0.18941	0.807698	0.583703	1.61806	0.188247	0.806263
0.8445	0.591076	1.62652	0.19159	0.810342	0.588545	1.62361	0.190437	0.808932
0.8455	0.595918	1.63202	0.19379	0.812991	0.593419	1.62917	0.192649	0.811605
0.8465	0.600791	1.63752	0.196012	0.815643	0.598325	1.63472	0.194882	0.814282
0.8475	0.605695	1.64302	0.198256	0.8183	0.603264	1.64028	0.197138	0.816964
0.8485	0.61063	1.64851	0.200521	0.82096	0.608235	1.64583	0.199416	0.81965
0.8495	0.615597	1.65401	0.202808	0.823624	0.613239	1.65139	0.201717	0.822341
0.8505	0.620595	1.65951	0.205117	0.826292	0.618276	1.65695	0.20404	0.825036
0.8515	0.625625	1.665	0.207448	0.828964	0.623346	1.6625	0.206386	0.827736
0.8525	0.630687	1.6705	0.209802	0.83164	0.628449	1.66806	0.208756	0.830439
0.8535	0.63578	1.67599	0.212178	0.83432	0.633585	1.67361	0.211148	0.833148
0.8545	0.640906	1.68148	0.214576	0.837004	0.638755	1.67917	0.213564	0.835861
0.8555	0.646064	1.68697	0.216998	0.839692	0.643959	1.68472	0.216004	0.838578
0.8565	0.651255	1.69247	0.219442	0.842383	0.649197	1.69028	0.218467	0.841299
0.8575	0.656478	1.69796	0.22191	0.845079	0.654468	1.69583	0.220955	0.844025
0.8585	0.661733	1.70345	0.224401	0.847778	0.659774	1.70139	0.223467	0.846756
0.8595	0.667022	1.70893	0.226916	0.850482	0.665114	1.70695	0.226003	0.84949
0.8605	0.672344	1.71442	0.229454	0.853189	0.670489	1.7125	0.228564	0.85223
0.8615	0.677698	1.71991	0.232017	0.8559	0.675898	1.71806	0.23115	0.854973
0.8625	0.683086	1.7254	0.234603	0.858615	0.681342	1.72361	0.233761	0.857721
0.8635	0.688507	1.73088	0.237214	0.861334	0.686821	1.72917	0.236397	0.860474
0.8645	0.693961	1.73637	0.239849	0.864057	0.692336	1.73472	0.239058	0.86323
0.8655	0.699449	1.74185	0.242508	0.866783	0.697886	1.74028	0.241745	0.865992
0.8665	0.70497	1.74733	0.245192	0.869513	0.703471	1.74583	0.244458	0.868757
0.8675	0.710525	1.75281	0.247901	0.872247	0.709092	1.75139	0.247197	0.871527
0.8685	0.716113	1.75829	0.250635	0.874985	0.714749	1.75695	0.249962	0.874302
0.8695	0.721736	1.76377	0.253394	0.877726	0.720442	1.7625	0.252754	0.877081
0.8705	0.727392	1.76925	0.256179	0.88047	0.726171	1.76806	0.255573	0.879864
0.8715	0.733081	1.77472	0.258988	0.883219	0.731936	1.77361	0.258418	0.882652
0.8725	0.738805	1.7802	0.261824	0.88597	0.737739	1.77917	0.26129	0.885444
0.8735	0.744562	1.78567	0.264684	0.888725	0.743577	1.78472	0.26419	0.88824
0.8745	0.750353	1.79114	0.267571	0.891483	0.749453	1.79028	0.267117	0.891041
0.8755	0.756178	1.79661	0.270483	0.894245	0.755366	1.79583	0.270072	0.893847
0.8765	0.762037	1.80207	0.273422	0.89701	0.761316	1.80139	0.273056	0.896656
0.8775	0.767929	1.80753	0.276386	0.899777	0.767304	1.80695	0.276067	0.89947
0.8785	0.773855	1.81299	0.279376	0.902548	0.773329	1.8125	0.279106	0.902289
0.8795	0.779814	1.81845	0.282393	0.905322	0.779392	1.81806	0.282175	0.905112
0.8805	0.785807	1.82391	0.285436	0.908098	0.785493	1.82361	0.285272	0.907939
0.8815	0.791833	1.82936	0.288505	0.910877	0.791632	1.82917	0.288398	0.910771
0.8825	0.797892	1.83481	0.2916	0.913658	0.797809	1.83472	0.291554	0.913607
0.8835	0.803984	1.84025	0.294722	0.916442	0.804025	1.84028	0.294739	0.916448
0.8845	0.810109	1.84569	0.29787	0.919228	0.810279	1.84583	0.297954	0.919293
0.8855	0.816266	1.85113	0.301044	0.922016	0.816573	1.85139	0.301199	0.922142
0.8865	0.822455	1.85656	0.304245	0.924806	0.822905	1.85695	0.304474	0.924996
0.8875	0.828676	1.86199	0.307471	0.927597	0.829277	1.8625	0.307779	0.927854
0.8885	0.834929	1.86741	0.310724	0.93039	0.835688	1.86806	0.311116	0.930717
0.8895	0.841212	1.87282	0.314002	0.933184	0.842139	1.87361	0.314483	0.933584
0.8905	0.847525	1.87823	0.317306	0.935979	0.848629	1.87917	0.317881	0.936456
0.8915	0.853868	1.88364	0.320636	0.938775	0.85516	1.88472	0.321311	0.939331
0.8925	0.860239	1.88903	0.32399	0.94157	0.86173	1.89028	0.324773	0.942212
0.8935	0.866638	1.89441	0.327369	0.944365	0.868341	1.89583	0.328266	0.945096
0.8945	0.873063	1.89979	0.330772	0.947159	0.874992	1.90139	0.331792	0.947986
0.8955	0.879512	1.90515	0.334198	0.949952	0.881684	1.90695	0.33535	0.950879
0.8965	0.885984	1.91051	0.337646	0.952742	0.888417	1.9125	0.338941	0.953777
0.8975	0.892476	1.91584	0.341114	0.955528	0.895191	1.91806	0.342564	0.956679
0.8985	0.898985	1.92116	0.344602	0.958309	0.902007	1.92361	0.346221	0.959586
0.8995	0.905504	1.92646	0.348105	0.961082	0.908864	1.92917	0.349911	0.962497
0.9005	0.912025	1.93173	0.35162	0.963844	0.915762	1.93472	0.353635	0.965413
0.9015	0.918539	1.93696	0.355141	0.966592	0.922702	1.94028	0.357393	0.968333
0.9025	0.925037	1.94215	0.358663	0.969321	0.929684	1.94583	0.361185	0.971257
0.9035	0.931507	1.94729	0.36218	0.972027	0.936709	1.95139	0.365011	0.974186
0.9045	0.937929	1.95236	0.36568	0.974701	0.943776	1.95695	0.368872	0.977119
0.9055	0.94428	1.95735	0.369151	0.977335	0.950885	1.9625	0.372768	0.980057
0.9065	0.950526	1.96223	0.372574	0.979916	0.958037	1.96806	0.3767	0.982999
0.9075	0.956627	1.96697	0.375926	0.982426	0.965232	1.97361	0.380666	0.985945
0.9085	0.962531	1.97154	0.379178	0.984846	0.972471	1.97917	0.384669	0.988896
0.9095	0.968178	1.97588	0.382296	0.987152	0.979752	1.98472	0.388707	0.991851
0.9105	0.973497	1.97996	0.385239	0.989317	0.987078	1.99028	0.392782	0.994811
0.9115	0.978416	1.98371	0.387966	0.991313	0.994447	1.99583	0.396893	0.997775
0.9125	0.982862	1.98709	0.390436	0.993111	1	2	0.4	1
0.9135	0.986772	1.99005	0.392613	0.994689	1	2	0.4	1
0.9145	0.990107	1.99257	0.394471	0.996032	1	2	0.4	1
0.9155	0.99285	1.99463	0.396002	0.997134	1	2	0.4	1
0.9165	0.995019	1.99627	0.397214	0.998005	1	2	0.4	1
0.9175	0.996663	1.9975	0.398133	0.998664	1	2	0.4	1
0.9185	0.997854	1.99839	0.398799	0.999141	1	2	0.4	1
0.9195	0.998677	1.99901	0.399259	0.99947	1	2	0.4	1
0.9205	0.999218	1.99941	0.399562	0.999687	1	2	0.4	1
0.9215	0.999558	1.99967	0.399752	0.999823	1	2	0.4	1
0.9225	0.999761	1.99982	0.399866	0.999904	1	2	0.4	1
0.9235	0.999876	1.99991	0.399931	0.99995	1	2	0.4	1
0.9245	0.999938	1.99995	0.399966	0.999975	1	2	0.4	1
0.9255	0.999971	1.99998	0.399984	0.999988	1	2	0.4	1
0.9265	0.999987	1.99999	0.399993	0.999995	1	2	0.4	1
0.9275	0.999994	2	0.399997	0.999998	1	2	0.4	1
0.9285	0.999998	2	0.399999	0.999999	1	2	0.4	1
0.9295	0.999999	2	0.399999	1	1	2	0.4	1
0.9305	1	2	0.4	1	1	2	0.4	1
0.9315	1	2	0.4	1	1	2	0.4	1
0.9325	1	2	0.4	1	1	2	0.4	1
0.9335	1	2	0.4	1	1	2	0.4	1
0.9345	1	2	0.4	1	1	2	0.4	1
0.9355	1	2	0.4	1	1	2	0.4	1
0.9365	1	2	0.4	1	1	2	0.4	1
0.9375	1	2	0.4	1	1	2	0.4	1
0.9385	1	2	0.4	1	1	2	0.4	1
0.9395	1	2	0.4	1	1	2	0.4	1
0.9405	1	2	0.4	1	1	2	0.4	1
0.9415	1	2	0.4	1	1	2	0.4	1
0.9425	1	2	0.4	1	1	2	0.4	1
0.9435	1	2	0.4	1	1	2	0.4	1
0.9445	1	2	0.4	1	1	2	0.4	1
0.9455	1	2	0.4	1	1	2	0.4	1
0.9465	1	2	0.4	1	1	2	0.4	1
0.9475	1	2	0.4	1	1	2	0.4	1
0.9485	1	2	0.4	1	1	2	0.4	1
0.9495	1	2	0.4	1	1	2	0.4	1
0.9505	1	2	0.4	1	1	2	0.4	1
0.9515	1	2	0.4	1	1	2	0.4	1
0.9525	1	2	0.4	1	1	2	0.4	1
0.9535	1	2	0.4	1	1	2	0.4	1
0.9545	1	2	0.4	1	1	2	0.4	1
0.9555	1	2	0.4	1	1	2	0.4	1
0.9565	1	2	0.4	1	1	2	0.4	1
0.9575	1	2	0.4	1	1	2	0.4	1
0.9585	1	2	0.4	1	1	2	0.4	1
0.9595	1	2	0.4	1	1	2	0.4	1
0.9605	1	2	0.4	1	1	2	0.4	1
0.9615	1	2	0.4	1	1	2	0.4	1
0.9625	1	2	0.4	1	1	2	0.4	1
0.9635	1	2	0.4	1	1	2	0.4	1
0.9645	1	2	0.4	1	1	2	0.4	1
0.9655	1	2	0.4	1	1	2	0.4	1
0.9665	1	2	0.4	1	1	2	0.4	1
0.9675	1	2	0.4	1	1	2	0.4	1
0.9685	1	2	0.4	1	1	2	0.4	1
0.9695	1	2	0.4	1	1	2	0.4	1
0.9705	1	2	0.4	1	1	2	0.4	1
0.9715	1	2	0.4	1	1	2	0.4	1
0.9725	1	2	0.4	1	1	2	0.4	1
0.9735	1	2	0.4	1	1	2	0.4	1
0.9745	1	2	0.4	1	1	2	0.4	1
0.9755	1	2	0.4	1	1	2	0.4	1
0.9765	1	2	0.4	1	1	2	0.4	1
0.9775	1	2	0.4	1	1	2	0.4	1
0.9785	1	2	0.4	1	1	2	0.4	1
0.9795	1	2	0.4	1	1	2	0.4	1
0.9805	1	2	0.4	1	1	2	0.4	1
0.9815	1	2	0.4	1	1	2	0.4	1
0.9825	1	2	0.4	1	1	2	0.4	1
0.9835	1	2	0.4	1	1	2	0.4	1
0.9845	1	2	0.4	1	1	2	0.4	1
0.9855	1	2	0.4	1	1	2	0.4	1
0.9865	1	2	0.4	1	1	2	0.4	1
0.9875	1	2	0.4	1	1	2	0.4	1
0.9885	1	2	0.4	1	1	2	0.4	1
0.9895	1	2	0.4	1	1	2	0.4	1
0.9905	1	2	0.4	1	1	2	0.4	1
0.9915	1	2	0.4	1	1	2	0.4	1
0.9925	1	2	0.4	1	1	2	0.4	1
0.9935	1	2	0.4	1	1	2	0.4	1
0.9945	1	2	0.4	1	1	2	0.4	1
0.9955	1	2	0.4	1	1	2	0.4	1
0.9965	1	2	0.4	1	1	2	0.4	1
0.9975	1	2	0.4	1	1	2	0.4	1
0.9985	1	2	0.4	1	1	2	0.4	1
0.9995	1	2	0.4	1	1	2	0.4	1
