x	rho	u	p	e	rho_Ex	u_Ex	p_Ex	e_Ex
0.0005	1	0	1	2.5	1	0	1	2.5
0.0015	1	0	1	2.5	1	0	1	2.5
0.0025	1	0	1	2.5	1	0	1	2.5
0.0035	1	0	1	2.5	1	0	1	2.5
0.0045	1	0	1	2.5	1	0	1	2.5
0.0055	1	0	1	2.5	1	0	1	2.5
0.0065	1	0	1	2.5	1	0	1	2.5
0.0075	1	0	1	2.5	1	0	1	2.5
0.0085	1	0	1	2.5	1	0	1	2.5
0.0095	1	0	1	2.5	1	0	1	2.5
0.0105	1	0	1	2.5	1	0	1	2.5
0.0115	1	0	1	2.5	1	0	1	2.5
0.0125	1	0	1	2.5	1	0	1	2.5
0.0135	1	0	1	2.5	1	0	1	2.5
0.0145	1	0	1	2.5	1	0	1	2.5
0.0155	1	0	1	2.5	1	0	1	2.5
0.0165	1	0	1	2.5	1	0	1	2.5
0.0175	1	0	1	2.5	1	0	1	2.5
0.0185	1	0	1	2.5	1	0	1	2.5
0.0195	1	0	1	2.5	1	0	1	2.5
0.0205	1	0	1	2.5	1	0	1	2.5
0.0215	1	0	1	2.5	1	0	1	2.5
0.0225	1	0	1	2.5	1	0	1	2.5
0.0235	1	0	1	2.5	1	0	1	2.5
0.0245	1	0	1	2.5	1	0	1	2.5
0.0255	1	0	1	2.5	1	0	1	2.5
0.0265	1	0	1	2.5	1	0	1	2.5
0.0275	1	0	1	2.5	1	0	1	2.5
0.0285	1	0	1	2.5	1	0	1	2.5
0.0295	1	0	1	2.5	1	0	1	2.5
0.0305	1	0	1	2.5	1	0	1	2.5
0.0315	1	0	1	2.5	1	0	1	2.5
0.0325	1	0	1	2.5	1	0	1	2.5
0.0335	1	0	1	2.5	1	0	1	2.5
0.0345	1	0	1	2.5	1	0	1	2.5
0.0355	1	0	1	2.5	1	0	1	2.5
0.0365	1	0	1	2.5	1	0	1	2.5
0.0375	1	0	1	2.5	1	0	1	2.5
0.0385	1	0	1	2.5	1	0	1	2.5
0.0395	1	0	1	2.5	1	0	1	2.5
0.0405	1	0	1	2.5	1	0	1	2.5
0.0415	1	0	1	2.5	1	0	1	2.5
0.0425	1	0	1	2.5	1	0	1	2.5
0.0435	1	0	1	2.5	1	0	1	2.5
0.0445	1	0	1	2.5	1	0	1	2.5
0.0455	1	0	1	2.5	1	0	1	2.5
0.0465	1	0	1	2.5	1	0	1	2.5
0.0475	1	0	1	2.5	1	0	1	2.5
0.0485	1	0	1	2.5	1	0	1	2.5
0.0495	1	0	1	2.5	1	0	1	2.5
0.0505	1	0	1	2.5	1	0	1	2.5
0.0515	1	0	1	2.5	1	0	1	2.5
0.0525	1	0	1	2.5	1	0	1	2.5
0.0535	1	0	1	2.5	1	0	1	2.5
0.0545	1	0	1	2.5	1	0	1	2.5
0.0555	1	0	1	2.5	1	0	1	2.5
0.0565	1	0	1	2.5	1	0	1	2.5
0.0575	1	0	1	2.5	1	0	1	2.5
0.0585	1	0	1	2.5	1	0	1	2.5
0.0595	1	0	1	2.5	1	0	1	2.5
0.0605	1	0	1	2.5	1	0	1	2.5
0.0615	1	0	1	2.5	1	0	1	2.5
0.0625	1	0	1	2.5	1	0	1	2.5
0.0635	1	0	1	2.5	1	0	1	2.5
0.0645	1	0	1	2.5	1	0	1	2.5
0.0655	1	0	1	2.5	1	0	1	2.5
0.0665	1	0	1	2.5	1	0	1	2.5
0.0675	1	0	1	2.5	1	0	1	2.5
0.0685	1	0	1	2.5	1	0	1	2.5
0.0695	1	0	1	2.5	1	0	1	2.5
0.0705	1	0	1	2.5	1	0	1	2.5
0.0715	1	0	1	2.5	1	0	1	2.5
0.0725	1	0	1	2.5	1	0	1	2.5
0.0735	1	0	1	2.5	1	0	1	2.5
0.0745	1	0	1	2.5	1	0	1	2.5
0.0755	1	0	1	2.5	1	0	1	2.5
0.0765	1	0	1	2.5	1	0	1	2.5
0.0775	1	0	1	2.5	1	0	1	2.5
0.0785	1	0	1	2.5	1	0	1	2.5
0.0795	1	0	1	2.5	1	0	1	2.5
0.0805	1	0	1	2.5	1	0	1	2.5
0.0815	1	0	1	2.5	1	0	1	2.5
0.0825	1	0	1	2.5	1	0	1	2.5
0.0835	1	0	1	2.5	1	0	1	2.5
0.0845	1	0	1	2.5	1	0	1	2.5
0.0855	1	0	1	2.5	1	0	1	2.5
0.0865	1	0	1	2.5	1	0	1	2.5
0.0875	1	0	1	2.5	1	0	1	2.5
0.0885	1	0	1	2.5	1	0	1	2.5
0.0895	1	0	1	2.5	1	0	1	2.5
0.0905	1	0	1	2.5	1	0	1	2.5
0.0915	1	0	1	2.5	1	0	1	2.5
0.0925	1	0	1	2.5	1	0	1	2.5
0.0935	1	0	1	2.5	1	0	1	2.5
0.0945	1	0	1	2.5	1	0	1	2.5
0.0955	1	0	1	2.5	1	0	1	2.5
0.0965	1	0	1	2.5	1	0	1	2.5
0.0975	1	0	1	2.5	1	0	1	2.5
0.0985	1	0	1	2.5	1	0	1	2.5
0.0995	1	0	1	2.5	1	0	1	2.5
0.1005	1	0	1	2.5	1	0	1	2.5
0.1015	1	0	1	2.5	1	0	1	2.5
0.1025	1	-6.79983e-17	1	2.5	1	0	1	2.5
0.1035	1	-1.21351e-16	1	2.5	1	0	1	2.5
0.1045	1	-9.4668e-17	1	2.5	1	0	1	2.5
0.1055	1	-1.6264e-16	1	2.5	1	0	1	2.5
0.1065	1	-1.21377e-16	1	2.5	1	0	1	2.5
0.1075	1	-6.79758e-17	1	2.5	1	0	1	2.5
0.1085	1	-1.21341e-16	1	2.5	1	0	1	2.5
0.1095	1	-2.2334e-16	1	2.5	1	0	1	2.5
0.1105	1	-1.55322e-16	1	2.5	1	0	1	2.5
0.1115	1	-1.62691e-16	1	2.5	1	0	1	2.5
0.1125	1	-1.21303e-16	1	2.5	1	0	1	2.5
0.1135	1	-1.62702e-16	1	2.5	1	0	1	2.5
0.1145	1	-1.2131e-16	1	2.5	1	0	1	2.5
0.1155	1	-1.28681e-16	1	2.5	1	0	1	2.5
0.1165	1	-1.28674e-16	1	2.5	1	0	1	2.5
0.1175	1	-1.55295e-16	1	2.5	1	0	1	2.5
0.1185	1	-1.89364e-16	1	2.5	1	0	1	2.5
0.1195	1	-1.89335e-16	1	2.5	1	0	1	2.5
0.1205	1	-1.55322e-16	1	2.5	1	0	1	2.5
0.1215	1	-1.62686e-16	1	2.5	1	0	1	2.5
0.1225	1	-1.21305e-16	1	2.5	1	0	1	2.5
0.1235	1	-1.28688e-16	1	2.5	1	0	1	2.5
0.1245	1	-1.28656e-16	1	2.5	1	0	1	2.5
0.1255	1	-1.21339e-16	1	2.5	1	0	1	2.5
0.1265	1	-1.62678e-16	1	2.5	1	0	1	2.5
0.1275	1	-1.55294e-16	1	2.5	1	0	1	2.5
0.1285	1	-1.89363e-16	1	2.5	1	0	1	2.5
0.1295	1	-1.89328e-16	1	2.5	1	0	1	2.5
0.1305	1	-1.55324e-16	1	2.5	1	0	1	2.5
0.1315	1	-1.62681e-16	1	2.5	1	0	1	2.5
0.1325	1	-1.21317e-16	1	2.5	1	0	1	2.5
0.1335	1	-1.2867e-16	1	2.5	1	0	1	2.5
0.1345	1	-1.28657e-16	1	2.5	1	0	1	2.5
0.1355	1	-1.21335e-16	1	2.5	1	0	1	2.5
0.1365	1	-1.62676e-16	1	2.5	1	0	1	2.5
0.1375	1	-1.2131e-16	1	2.5	1	0	1	2.5
0.1385	1	-1.62667e-16	1	2.5	1	0	1	2.5
0.1395	1	-1.55351e-16	1	2.5	1	0	1	2.5
0.1405	1	-1.55314e-16	1	2.5	1	0	1	2.5
0.1415	1	-1.28677e-16	1	2.5	1	0	1	2.5
0.1425	1	-1.28647e-16	1	2.5	1	0	1	2.5
0.1435	1	-1.21319e-16	1	2.5	1	0	1	2.5
0.1445	1	-1.62688e-16	1	2.5	1	0	1	2.5
0.1455	1	-1.21306e-16	1	2.5	1	0	1	2.5
0.1465	1	-1.62701e-16	1	2.5	1	0	1	2.5
0.1475	1	-1.55324e-16	1	2.5	1	0	1	2.5
0.1485	1	-1.55312e-16	1	2.5	1	0	1	2.5
0.1495	1	-1.6269e-16	1	2.5	1	0	1	2.5
0.1505	1	-1.55308e-16	1	2.5	1	0	1	2.5
0.1515	1	-1.38332e-16	1	2.5	1	0	1	2.5
0.1525	1	-8.50195e-17	1	2.5	1	0	1	2.5
0.1535	1	-1.04307e-16	1	2.5	1	0	1	2.5
0.1545	1	-8.50247e-17	1	2.5	1	0	1	2.5
0.1555	1	-1.21317e-16	1	2.5	1	0	1	2.5
0.1565	1	-2.23354e-16	1	2.5	1	0	1	2.5
0.1575	1	-1.55322e-16	1	2.5	1	0	1	2.5
0.1585	1	-3.39978e-17	1	2.5	1	0	1	2.5
0.1595	1	1.62742e-16	1	2.5	1	0	1	2.5
0.1605	1	8.53233e-16	1	2.5	1	0	1	2.5
0.1615	1	2.19959e-15	1	2.5	1	0	1	2.5
0.1625	1	4.14372e-15	1	2.5	1	0	1	2.5
0.1635	1	5.80647e-15	1	2.5	1	0	1	2.5
0.1645	1	6.16914e-15	1	2.5	1	0	1	2.5
0.1655	1	-2.56012e-15	1	2.5	1	0	1	2.5
0.1665	1	-2.94342e-14	1	2.5	1	0	1	2.5
0.1675	1	-8.0748e-14	1	2.5	1	0	1	2.5
0.1685	1	-1.54283e-13	1	2.5	1	0	1	2.5
0.1695	1	-2.29281e-13	1	2.5	1	0	1	2.5
0.1705	1	-2.90193e-13	1	2.5	1	0	1	2.5
0.1715	1	-5.04493e-14	1	2.5	1	0	1	2.5
0.1725	1	9.65285e-13	1	2.5	1	0	1	2.5
0.1735	1	3.28888e-12	1	2.5	1	0	1	2.5
0.1745	1	8.33681e-12	1	2.5	1	0	1	2.5
0.1755	1	1.94288e-11	1	2.5	1	0	1	2.5
0.1765	1	4.38204e-11	1	2.5	1	0	1	2.5
0.1775	1	9.74337e-11	1	2.5	1	0	1	2.5
0.1785	1	2.15138e-10	1	2.5	1	0	1	2.5
0.1795	1	4.73291e-10	1	2.5	1	0	1	2.5
0.1805	1	1.03909e-09	1	2.5	1	0	1	2.5
0.1815	1	2.27846e-09	1	2.5	1	0	1	2.5
0.1825	1	4.99199e-09	1	2.5	1	0	1	2.5
0.1835	1	1.09302e-08	1	2.5	1	0	1	2.5
0.1845	1	2.39191e-08	1	2.5	1	0	1	2.5
0.1855	1	5.23185e-08	1	2.5	1	0	1	2.5
0.1865	1	1.14389e-07	1	2.5	1	0	1	2.5
0.1875	1	2.50007e-07	1	2.5	1	0	1	2.5
0.1885	1	5.46233e-07	0.999999	2.5	1	0	1	2.5
0.1895	0.999999	1.1931e-06	0.999999	2.5	1	0	1	2.5
0.1905	0.999998	2.60534e-06	0.999997	2.5	1	0	1	2.5
0.1915	0.999995	5.68802e-06	0.999993	2.5	1	0	1	2.5
0.1925	0.99999	1.24161e-05	0.999985	2.49999	1	0	1	2.5
0.1935	0.999977	2.71004e-05	0.999968	2.49998	1	0	1	2.5
0.1945	0.99995	5.91636e-05	0.99993	2.49995	1	0	1	2.5
0.1955	0.999891	0.000128818	0.999848	2.49989	1	0	1	2.5
0.1965	0.999759	0.000285062	0.999663	2.49976	1	0	1	2.5
0.1975	0.999495	0.000598225	0.999292	2.49949	1	0	1	2.5
0.1985	0.999054	0.00111944	0.998676	2.49905	1	0	1	2.5
0.1995	0.99841	0.00188271	0.997774	2.49841	1	0	1	2.5
0.2005	0.997541	0.00291276	0.996559	2.49754	1	0	1	2.5
0.2015	0.996438	0.00422002	0.995017	2.49643	1	0	1	2.5
0.2025	0.995107	0.00580101	0.993156	2.4951	1	0	1	2.5
0.2035	0.993559	0.00764029	0.990995	2.49355	1	0	1	2.5
0.2045	0.991817	0.00971392	0.988563	2.4918	0.999144	0.0010133	0.998802	2.49914
0.2055	0.989904	0.0119932	0.985895	2.48988	0.996332	0.00434663	0.994868	2.49633
0.2065	0.987848	0.0144478	0.983029	2.48781	0.993526	0.00767996	0.990948	2.49351
0.2075	0.985673	0.0170489	0.980001	2.48561	0.990727	0.0110133	0.987041	2.4907
0.2085	0.983402	0.0197699	0.976841	2.48332	0.987934	0.0143466	0.983148	2.48789
0.2095	0.981054	0.0225882	0.973577	2.48095	0.985147	0.01768	0.979267	2.48508
0.2105	0.978645	0.0254847	0.970232	2.47851	0.982366	0.0210133	0.9754	2.48227
0.2115	0.976189	0.0284439	0.966826	2.47602	0.979592	0.0243466	0.971546	2.47947
0.2125	0.973697	0.0314535	0.963371	2.47349	0.976824	0.02768	0.967705	2.47666
0.2135	0.971176	0.0345038	0.959881	2.47093	0.974062	0.0310133	0.963877	2.47386
0.2145	0.968633	0.0375872	0.956364	2.46834	0.971307	0.0343466	0.960062	2.47106
0.2155	0.966073	0.0406979	0.952827	2.46572	0.968558	0.03768	0.956259	2.46826
0.2165	0.963499	0.0438311	0.949276	2.4631	0.965815	0.0410133	0.95247	2.46546
0.2175	0.960916	0.0469833	0.945715	2.46045	0.963078	0.0443466	0.948694	2.46266
0.2185	0.958325	0.0501516	0.942147	2.4578	0.960347	0.04768	0.94493	2.45987
0.2195	0.955729	0.0533336	0.938575	2.45513	0.957623	0.0510133	0.941179	2.45707
0.2205	0.953128	0.0565278	0.935002	2.45246	0.954905	0.0543466	0.937441	2.45428
0.2215	0.950524	0.0597326	0.931428	2.44977	0.952193	0.05768	0.933716	2.45149
0.2225	0.947918	0.0629473	0.927855	2.44708	0.949487	0.0610133	0.930004	2.4487
0.2235	0.945311	0.0661714	0.924283	2.44439	0.946787	0.0643466	0.926304	2.44591
0.2245	0.942701	0.0694045	0.920713	2.44169	0.944094	0.06768	0.922617	2.44313
0.2255	0.940091	0.0726456	0.917146	2.43898	0.941406	0.0710133	0.918942	2.44034
0.2265	0.937482	0.0758933	0.913584	2.43627	0.938725	0.0743466	0.91528	2.43756
0.2275	0.934873	0.0791465	0.910028	2.43356	0.93605	0.07768	0.91163	2.43478
0.2285	0.932267	0.0824049	0.906478	2.43084	0.933381	0.0810133	0.907993	2.432
0.2295	0.929663	0.0856678	0.902934	2.42812	0.930718	0.0843466	0.904368	2.42922
0.2305	0.927061	0.0889351	0.899398	2.4254	0.928061	0.08768	0.900756	2.42645
0.2315	0.924461	0.0922063	0.89587	2.42268	0.92541	0.0910133	0.897156	2.42367
0.2325	0.921865	0.0954812	0.89235	2.41996	0.922766	0.0943466	0.893569	2.4209
0.2335	0.919272	0.0987594	0.888838	2.41723	0.920127	0.09768	0.889993	2.41813
0.2345	0.916682	0.102041	0.885334	2.41451	0.917494	0.101013	0.88643	2.41536
0.2355	0.914096	0.105325	0.881839	2.41178	0.914868	0.104347	0.88288	2.41259
0.2365	0.911514	0.108612	0.878353	2.40905	0.912247	0.10768	0.879341	2.40982
0.2375	0.908935	0.111901	0.874877	2.40632	0.909632	0.111013	0.875815	2.40706
0.2385	0.906361	0.115193	0.87141	2.40359	0.907024	0.114347	0.8723	2.40429
0.2395	0.903791	0.118486	0.867952	2.40087	0.904421	0.11768	0.868798	2.40153
0.2405	0.901225	0.121782	0.864504	2.39814	0.901824	0.121013	0.865308	2.39877
0.2415	0.898663	0.125079	0.861066	2.39541	0.899234	0.124347	0.86183	2.39601
0.2425	0.896106	0.128379	0.857638	2.39268	0.896649	0.12768	0.858364	2.39326
0.2435	0.893554	0.13168	0.85422	2.38995	0.89407	0.131013	0.85491	2.3905
0.2445	0.891006	0.134982	0.850812	2.38722	0.891497	0.134347	0.851468	2.38775
0.2455	0.888463	0.138286	0.847415	2.3845	0.888931	0.13768	0.848037	2.38499
0.2465	0.885925	0.141591	0.844027	2.38177	0.88637	0.141013	0.844619	2.38224
0.2475	0.883392	0.144897	0.84065	2.37904	0.883814	0.144347	0.841212	2.37949
0.2485	0.880863	0.148204	0.837283	2.37632	0.881265	0.14768	0.837817	2.37675
0.2495	0.87834	0.151513	0.833927	2.37359	0.878722	0.151013	0.834434	2.374
0.2505	0.875821	0.154823	0.830582	2.37087	0.876185	0.154347	0.831063	2.37125
0.2515	0.873308	0.158133	0.827246	2.36814	0.873653	0.15768	0.827703	2.36851
0.2525	0.870799	0.161445	0.823922	2.36542	0.871127	0.161013	0.824355	2.36577
0.2535	0.868296	0.164757	0.820608	2.3627	0.868607	0.164347	0.821019	2.36303
0.2545	0.865798	0.16807	0.817305	2.35998	0.866093	0.16768	0.817694	2.36029
0.2555	0.863305	0.171384	0.814012	2.35725	0.863585	0.171013	0.81438	2.35756
0.2565	0.860817	0.174699	0.81073	2.35454	0.861083	0.174347	0.811078	2.35482
0.2575	0.858335	0.178014	0.807459	2.35182	0.858586	0.17768	0.807788	2.35209
0.2585	0.855858	0.18133	0.804198	2.3491	0.856095	0.181013	0.804509	2.34936
0.2595	0.853386	0.184646	0.800948	2.34638	0.85361	0.184347	0.801242	2.34663
0.2605	0.850919	0.187963	0.797709	2.34367	0.851131	0.18768	0.797986	2.3439
0.2615	0.848458	0.191281	0.79448	2.34095	0.848658	0.191013	0.794741	2.34117
0.2625	0.846002	0.194599	0.791262	2.33824	0.84619	0.194347	0.791508	2.33845
0.2635	0.843551	0.197918	0.788055	2.33553	0.843728	0.19768	0.788285	2.33572
0.2645	0.841105	0.201237	0.784859	2.33282	0.841272	0.201013	0.785074	2.333
0.2655	0.838665	0.204557	0.781673	2.33011	0.838821	0.204347	0.781875	2.33028
0.2665	0.836231	0.207877	0.778498	2.3274	0.836376	0.20768	0.778686	2.32756
0.2675	0.833801	0.211197	0.775333	2.32469	0.833937	0.211013	0.775509	2.32484
0.2685	0.831377	0.214518	0.772179	2.32199	0.831504	0.214347	0.772343	2.32213
0.2695	0.828959	0.217839	0.769036	2.31928	0.829076	0.21768	0.769188	2.31941
0.2705	0.826545	0.221161	0.765904	2.31658	0.826654	0.221013	0.766044	2.3167
0.2715	0.824138	0.224483	0.762782	2.31388	0.824238	0.224347	0.76291	2.31399
0.2725	0.821735	0.227805	0.759671	2.31118	0.821827	0.22768	0.759788	2.31128
0.2735	0.819338	0.231127	0.75657	2.30848	0.819422	0.231013	0.756677	2.30857
0.2745	0.816946	0.23445	0.75348	2.30578	0.817023	0.234347	0.753577	2.30586
0.2755	0.81456	0.237773	0.750401	2.30309	0.814629	0.23768	0.750488	2.30316
0.2765	0.812179	0.241097	0.747332	2.30039	0.812241	0.241013	0.747409	2.30046
0.2775	0.809804	0.24442	0.744274	2.2977	0.809858	0.244347	0.744342	2.29775
0.2785	0.807434	0.247744	0.741226	2.295	0.807481	0.24768	0.741285	2.29505
0.2795	0.805069	0.251068	0.738188	2.29231	0.805109	0.251013	0.738239	2.29236
0.2805	0.80271	0.254392	0.735161	2.28962	0.802744	0.254347	0.735204	2.28966
0.2815	0.800356	0.257717	0.732145	2.28694	0.800383	0.25768	0.732179	2.28696
0.2825	0.798007	0.261041	0.729139	2.28425	0.798029	0.261013	0.729165	2.28427
0.2835	0.795664	0.264366	0.726143	2.28156	0.795679	0.264347	0.726162	2.28158
0.2845	0.793326	0.267691	0.723158	2.27888	0.793336	0.26768	0.723169	2.27889
0.2855	0.790994	0.271017	0.720183	2.2762	0.790998	0.271013	0.720187	2.2762
0.2865	0.788667	0.274342	0.717219	2.27352	0.788665	0.274347	0.717215	2.27351
0.2875	0.786345	0.277667	0.714265	2.27084	0.786338	0.27768	0.714254	2.27083
0.2885	0.784029	0.280993	0.711321	2.26816	0.784016	0.281013	0.711304	2.26814
0.2895	0.781718	0.284319	0.708387	2.26548	0.7817	0.284347	0.708364	2.26546
0.2905	0.779412	0.287645	0.705464	2.26281	0.77939	0.28768	0.705434	2.26278
0.2915	0.777112	0.290971	0.702551	2.26013	0.777084	0.291013	0.702515	2.2601
0.2925	0.774817	0.294297	0.699648	2.25746	0.774785	0.294347	0.699606	2.25742
0.2935	0.772527	0.297624	0.696756	2.25479	0.77249	0.29768	0.696707	2.25474
0.2945	0.770243	0.30095	0.693873	2.25212	0.770202	0.301013	0.693819	2.25207
0.2955	0.767964	0.304277	0.691001	2.24946	0.767918	0.304347	0.690941	2.2494
0.2965	0.765691	0.307603	0.688138	2.24679	0.76564	0.30768	0.688073	2.24672
0.2975	0.763423	0.31093	0.685286	2.24412	0.763368	0.311013	0.685216	2.24406
0.2985	0.76116	0.314257	0.682444	2.24146	0.7611	0.314347	0.682368	2.24139
0.2995	0.758902	0.317584	0.679612	2.2388	0.758839	0.31768	0.679531	2.23872
0.3005	0.75665	0.320911	0.67679	2.23614	0.756582	0.321013	0.676704	2.23605
0.3015	0.754403	0.324238	0.673978	2.23348	0.754331	0.324347	0.673887	2.23339
0.3025	0.752161	0.327565	0.671176	2.23082	0.752086	0.32768	0.67108	2.23073
0.3035	0.749925	0.330893	0.668383	2.22817	0.749845	0.331013	0.668283	2.22807
0.3045	0.747693	0.33422	0.665601	2.22551	0.74761	0.334347	0.665496	2.22541
0.3055	0.745468	0.337547	0.662829	2.22286	0.745381	0.33768	0.662719	2.22275
0.3065	0.743247	0.340875	0.660066	2.22021	0.743156	0.341013	0.659952	2.2201
0.3075	0.741032	0.344202	0.657313	2.21756	0.740937	0.344347	0.657195	2.21744
0.3085	0.738821	0.34753	0.65457	2.21491	0.738724	0.34768	0.654447	2.21479
0.3095	0.736617	0.350857	0.651837	2.21227	0.736515	0.351013	0.65171	2.21214
0.3105	0.734417	0.354185	0.649114	2.20962	0.734312	0.354347	0.648982	2.20949
0.3115	0.732223	0.357513	0.6464	2.20698	0.732114	0.35768	0.646265	2.20684
0.3125	0.730033	0.360841	0.643696	2.20434	0.729922	0.361013	0.643556	2.2042
0.3135	0.727849	0.364168	0.641002	2.2017	0.727734	0.364347	0.640858	2.20155
0.3145	0.725671	0.367496	0.638317	2.19906	0.725552	0.36768	0.63817	2.19891
0.3155	0.723497	0.370824	0.635642	2.19642	0.723375	0.371013	0.635491	2.19627
0.3165	0.721329	0.374152	0.632976	2.19379	0.721204	0.374347	0.632821	2.19363
0.3175	0.719166	0.37748	0.630321	2.19115	0.719037	0.37768	0.630162	2.19099
0.3185	0.717008	0.380808	0.627674	2.18852	0.716876	0.381013	0.627512	2.18835
0.3195	0.714855	0.384136	0.625037	2.18589	0.71472	0.384347	0.624871	2.18572
0.3205	0.712707	0.387464	0.62241	2.18326	0.712569	0.38768	0.62224	2.18309
0.3215	0.710565	0.390792	0.619792	2.18063	0.710424	0.391013	0.619619	2.18045
0.3225	0.708427	0.39412	0.617184	2.17801	0.708283	0.394347	0.617007	2.17782
0.3235	0.706295	0.397448	0.614585	2.17538	0.706148	0.39768	0.614404	2.1752
0.3245	0.704168	0.400776	0.611995	2.17276	0.704018	0.401013	0.611811	2.17257
0.3255	0.702046	0.404104	0.609415	2.17014	0.701893	0.404347	0.609227	2.16994
0.3265	0.699929	0.407432	0.606844	2.16752	0.699773	0.40768	0.606653	2.16732
0.3275	0.697817	0.41076	0.604282	2.1649	0.697658	0.411013	0.604087	2.1647
0.3285	0.695711	0.414088	0.601729	2.16228	0.695549	0.414347	0.601532	2.16208
0.3295	0.693609	0.417416	0.599186	2.15967	0.693444	0.41768	0.598985	2.15946
0.3305	0.691513	0.420744	0.596652	2.15705	0.691345	0.421013	0.596448	2.15684
0.3315	0.689421	0.424071	0.594128	2.15444	0.68925	0.424347	0.59392	2.15422
0.3325	0.687335	0.427399	0.591612	2.15183	0.687161	0.42768	0.591401	2.15161
0.3335	0.685254	0.430727	0.589106	2.14922	0.685077	0.431013	0.588891	2.149
0.3345	0.683178	0.434055	0.586608	2.14662	0.682998	0.434347	0.586391	2.14639
0.3355	0.681106	0.437383	0.58412	2.14401	0.680924	0.43768	0.583899	2.14378
0.3365	0.67904	0.440711	0.581641	2.14141	0.678855	0.441013	0.581417	2.14117
0.3375	0.676979	0.444039	0.579171	2.13881	0.676791	0.444347	0.578944	2.13856
0.3385	0.674923	0.447367	0.57671	2.13621	0.674732	0.44768	0.576479	2.13596
0.3395	0.672872	0.450695	0.574258	2.13361	0.672678	0.451013	0.574024	2.13335
0.3405	0.670826	0.454023	0.571815	2.13101	0.670629	0.454347	0.571578	2.13075
0.3415	0.668785	0.45735	0.56938	2.12841	0.668585	0.45768	0.56914	2.12815
0.3425	0.666749	0.460678	0.566955	2.12582	0.666546	0.461013	0.566712	2.12555
0.3435	0.664718	0.464006	0.564539	2.12323	0.664512	0.464347	0.564292	2.12296
0.3445	0.662692	0.467333	0.562131	2.12063	0.662483	0.46768	0.561881	2.12036
0.3455	0.660671	0.470661	0.559732	2.11805	0.660459	0.471013	0.559479	2.11777
0.3465	0.658655	0.473989	0.557342	2.11546	0.65844	0.474347	0.557086	2.11518
0.3475	0.656644	0.477316	0.554961	2.11287	0.656426	0.47768	0.554702	2.11259
0.3485	0.654637	0.480644	0.552589	2.11029	0.654416	0.481013	0.552326	2.11
0.3495	0.652636	0.483971	0.550225	2.1077	0.652412	0.484347	0.54996	2.10741
0.3505	0.65064	0.487298	0.54787	2.10512	0.650413	0.48768	0.547602	2.10482
0.3515	0.648648	0.490626	0.545524	2.10254	0.648418	0.491013	0.545252	2.10224
0.3525	0.646661	0.493953	0.543187	2.09997	0.646429	0.494347	0.542911	2.09966
0.3535	0.64468	0.49728	0.540858	2.09739	0.644444	0.49768	0.540579	2.09708
0.3545	0.642703	0.500607	0.538537	2.09481	0.642464	0.501013	0.538255	2.0945
0.3555	0.640731	0.503935	0.536226	2.09224	0.640489	0.504347	0.53594	2.09192
0.3565	0.638764	0.507262	0.533922	2.08967	0.638519	0.50768	0.533634	2.08934
0.3575	0.636802	0.510589	0.531628	2.0871	0.636554	0.511013	0.531336	2.08677
0.3585	0.634845	0.513915	0.529342	2.08453	0.634593	0.514347	0.529046	2.08419
0.3595	0.632892	0.517242	0.527064	2.08196	0.632638	0.51768	0.526765	2.08162
0.3605	0.630945	0.520569	0.524795	2.0794	0.630687	0.521013	0.524493	2.07905
0.3615	0.629002	0.523896	0.522534	2.07684	0.628741	0.524347	0.522229	2.07648
0.3625	0.627064	0.527222	0.520281	2.07427	0.6268	0.52768	0.519973	2.07392
0.3635	0.625131	0.530549	0.518037	2.07171	0.624864	0.531013	0.517725	2.07135
0.3645	0.623203	0.533875	0.515802	2.06916	0.622932	0.534347	0.515486	2.06879
0.3655	0.62128	0.537202	0.513574	2.0666	0.621005	0.53768	0.513255	2.06623
0.3665	0.619361	0.540528	0.511355	2.06404	0.619083	0.541013	0.511033	2.06367
0.3675	0.617447	0.543854	0.509145	2.06149	0.617166	0.544347	0.508818	2.06111
0.3685	0.615538	0.54718	0.506942	2.05894	0.615254	0.54768	0.506612	2.05855
0.3695	0.613634	0.550506	0.504748	2.05639	0.613346	0.551013	0.504415	2.056
0.3705	0.611735	0.553832	0.502562	2.05384	0.611443	0.554347	0.502225	2.05344
0.3715	0.60984	0.557158	0.500384	2.05129	0.609545	0.55768	0.500043	2.05089
0.3725	0.60795	0.560483	0.498214	2.04875	0.607651	0.561013	0.49787	2.04834
0.3735	0.606065	0.563809	0.496053	2.0462	0.605762	0.564347	0.495705	2.04579
0.3745	0.604184	0.567134	0.493899	2.04366	0.603878	0.56768	0.493547	2.04324
0.3755	0.602308	0.57046	0.491754	2.04112	0.601999	0.571013	0.491398	2.0407
0.3765	0.600437	0.573785	0.489617	2.03858	0.600124	0.574347	0.489257	2.03815
0.3775	0.598571	0.57711	0.487488	2.03605	0.598254	0.57768	0.487124	2.03561
0.3785	0.59671	0.580435	0.485366	2.03351	0.596388	0.581013	0.484999	2.03307
0.3795	0.594853	0.58376	0.483253	2.03098	0.594527	0.584347	0.482882	2.03053
0.3805	0.593001	0.587085	0.481148	2.02845	0.592671	0.58768	0.480772	2.02799
0.3815	0.591153	0.59041	0.479051	2.02592	0.59082	0.591013	0.478671	2.02545
0.3825	0.58931	0.593734	0.476961	2.02339	0.588973	0.594347	0.476577	2.02292
0.3835	0.587472	0.597058	0.47488	2.02086	0.587131	0.59768	0.474492	2.02038
0.3845	0.585639	0.600383	0.472806	2.01834	0.585293	0.601013	0.472414	2.01785
0.3855	0.58381	0.603707	0.47074	2.01581	0.58346	0.604347	0.470344	2.01532
0.3865	0.581986	0.607031	0.468682	2.01329	0.581632	0.60768	0.468282	2.01279
0.3875	0.580166	0.610355	0.466632	2.01077	0.579808	0.611013	0.466227	2.01027
0.3885	0.578351	0.613678	0.46459	2.00825	0.577989	0.614347	0.464181	2.00774
0.3895	0.576541	0.617002	0.462555	2.00574	0.576174	0.61768	0.462141	2.00522
0.3905	0.574735	0.620325	0.460528	2.00322	0.574364	0.621013	0.46011	2.00269
0.3915	0.572934	0.623648	0.458509	2.00071	0.572558	0.624347	0.458086	2.00017
0.3925	0.571138	0.626971	0.456498	1.9982	0.570757	0.62768	0.45607	1.99766
0.3935	0.569346	0.630294	0.454494	1.99569	0.568961	0.631013	0.454062	1.99514
0.3945	0.567559	0.633617	0.452498	1.99318	0.567169	0.634347	0.452061	1.99262
0.3955	0.565776	0.636939	0.45051	1.99067	0.565381	0.63768	0.450068	1.99011
0.3965	0.563998	0.640262	0.448529	1.98817	0.563598	0.641013	0.448082	1.98759
0.3975	0.562225	0.643584	0.446555	1.98566	0.56182	0.644347	0.446104	1.98508
0.3985	0.560456	0.646906	0.44459	1.98316	0.560046	0.64768	0.444133	1.98257
0.3995	0.558691	0.650227	0.442632	1.98066	0.558276	0.651013	0.44217	1.98007
0.4005	0.556932	0.653549	0.440681	1.97816	0.556511	0.654347	0.440214	1.97756
0.4015	0.555176	0.65687	0.438738	1.97567	0.554751	0.65768	0.438265	1.97505
0.4025	0.553426	0.660191	0.436802	1.97317	0.552995	0.661013	0.436324	1.97255
0.4035	0.55168	0.663511	0.434874	1.97068	0.551243	0.664347	0.434391	1.97005
0.4045	0.549938	0.666832	0.432953	1.96819	0.549496	0.66768	0.432464	1.96755
0.4055	0.548201	0.670152	0.43104	1.9657	0.547753	0.671013	0.430545	1.96505
0.4065	0.546469	0.673472	0.429134	1.96321	0.546015	0.674347	0.428634	1.96255
0.4075	0.544741	0.676792	0.427236	1.96073	0.544281	0.67768	0.426729	1.96006
0.4085	0.543017	0.680111	0.425345	1.95825	0.542551	0.681013	0.424832	1.95757
0.4095	0.541298	0.68343	0.423461	1.95576	0.540826	0.684347	0.422942	1.95507
0.4105	0.539584	0.686748	0.421584	1.95328	0.539106	0.68768	0.421059	1.95258
0.4115	0.537874	0.690067	0.419715	1.95081	0.537389	0.691013	0.419184	1.95009
0.4125	0.536169	0.693384	0.417854	1.94833	0.535677	0.694347	0.417316	1.94761
0.4135	0.534468	0.696702	0.415999	1.94586	0.53397	0.69768	0.415454	1.94512
0.4145	0.532772	0.700019	0.414152	1.94338	0.532267	0.701013	0.4136	1.94264
0.4155	0.531081	0.703335	0.412312	1.94091	0.530568	0.704347	0.411753	1.94015
0.4165	0.529394	0.706652	0.41048	1.93844	0.528873	0.70768	0.409913	1.93767
0.4175	0.527711	0.709967	0.408655	1.93598	0.527183	0.711013	0.40808	1.93519
0.4185	0.526033	0.713282	0.406837	1.93351	0.525497	0.714347	0.406255	1.93272
0.4195	0.52436	0.716597	0.405026	1.93105	0.523815	0.71768	0.404436	1.93024
0.4205	0.522691	0.719911	0.403222	1.92859	0.522138	0.721013	0.402624	1.92777
0.4215	0.521026	0.723224	0.401426	1.92613	0.520465	0.724347	0.400819	1.92529
0.4225	0.519367	0.726537	0.399637	1.92367	0.518797	0.72768	0.399021	1.92282
0.4235	0.517711	0.729849	0.397855	1.92122	0.517132	0.731013	0.39723	1.92035
0.4245	0.516061	0.73316	0.39608	1.91877	0.515472	0.734347	0.395446	1.91788
0.4255	0.514415	0.736471	0.394312	1.91632	0.513816	0.73768	0.393669	1.91542
0.4265	0.512773	0.73978	0.392552	1.91387	0.512165	0.741013	0.391898	1.91295
0.4275	0.511136	0.743089	0.390799	1.91142	0.510517	0.744347	0.390135	1.91049
0.4285	0.509504	0.746398	0.389053	1.90898	0.508874	0.74768	0.388378	1.90803
0.4295	0.507876	0.749705	0.387314	1.90654	0.507235	0.751013	0.386628	1.90557
0.4305	0.506253	0.753012	0.385582	1.9041	0.505601	0.754347	0.384885	1.90311
0.4315	0.504634	0.756317	0.383857	1.90166	0.50397	0.75768	0.383148	1.90065
0.4325	0.50302	0.759622	0.382139	1.89922	0.502344	0.761013	0.381418	1.89819
0.4335	0.501411	0.762925	0.380429	1.89679	0.500722	0.764347	0.379695	1.89574
0.4345	0.499806	0.766228	0.378726	1.89436	0.499104	0.76768	0.377979	1.89329
0.4355	0.498206	0.76953	0.377029	1.89193	0.497491	0.771013	0.376269	1.89084
0.4365	0.496611	0.77283	0.37534	1.88951	0.495881	0.774347	0.374566	1.88839
0.4375	0.49502	0.776129	0.373658	1.88708	0.494276	0.77768	0.37287	1.88594
0.4385	0.493434	0.779427	0.371983	1.88466	0.492675	0.781013	0.37118	1.88349
0.4395	0.491853	0.782724	0.370315	1.88224	0.491078	0.784347	0.369496	1.88105
0.4405	0.490276	0.786019	0.368654	1.87983	0.489485	0.78768	0.36782	1.87861
0.4415	0.488704	0.789313	0.367	1.87742	0.487896	0.791013	0.366149	1.87616
0.4425	0.487137	0.792606	0.365353	1.87501	0.486312	0.794347	0.364486	1.87373
0.4435	0.485574	0.795897	0.363714	1.8726	0.484731	0.79768	0.362828	1.87129
0.4445	0.484016	0.799186	0.362081	1.87019	0.483155	0.801013	0.361178	1.86885
0.4455	0.482463	0.802474	0.360456	1.86779	0.481583	0.804347	0.359533	1.86642
0.4465	0.480915	0.80576	0.358838	1.86539	0.480014	0.80768	0.357895	1.86398
0.4475	0.479372	0.809044	0.357227	1.86299	0.47845	0.811013	0.356264	1.86155
0.4485	0.477834	0.812325	0.355623	1.8606	0.47689	0.814347	0.354639	1.85912
0.4495	0.476301	0.815605	0.354026	1.85821	0.475335	0.81768	0.35302	1.85669
0.4505	0.474772	0.818882	0.352437	1.85582	0.473783	0.821013	0.351407	1.85426
0.4515	0.473249	0.822157	0.350855	1.85344	0.472235	0.824347	0.349801	1.85184
0.4525	0.471731	0.825429	0.349281	1.85106	0.470691	0.82768	0.348201	1.84942
0.4535	0.470219	0.828698	0.347714	1.84868	0.469151	0.831013	0.346608	1.84699
0.4545	0.468711	0.831963	0.346155	1.84631	0.467616	0.834347	0.34502	1.84457
0.4555	0.46721	0.835225	0.344603	1.84394	0.466084	0.83768	0.343439	1.84215
0.4565	0.465714	0.838483	0.343059	1.84158	0.464557	0.841013	0.341864	1.83974
0.4575	0.464224	0.841736	0.341523	1.83922	0.463033	0.844347	0.340296	1.83732
0.4585	0.46274	0.844985	0.339996	1.83686	0.461513	0.84768	0.338733	1.83491
0.4595	0.461262	0.848228	0.338477	1.83452	0.459998	0.851013	0.337177	1.83249
0.4605	0.45979	0.851465	0.336966	1.83217	0.458486	0.854347	0.335627	1.83008
0.4615	0.458326	0.854695	0.335465	1.82984	0.456978	0.85768	0.334083	1.82767
0.4625	0.456869	0.857917	0.333973	1.82751	0.455475	0.861013	0.332545	1.82526
0.4635	0.45542	0.86113	0.332491	1.82519	0.453975	0.864347	0.331013	1.82286
0.4645	0.453979	0.864332	0.331019	1.82288	0.452479	0.86768	0.329487	1.82045
0.4655	0.452548	0.867522	0.329559	1.82057	0.450987	0.871013	0.327967	1.81805
0.4665	0.451127	0.870697	0.328111	1.81828	0.449499	0.874347	0.326453	1.81565
0.4675	0.449717	0.873855	0.326676	1.81601	0.448015	0.87768	0.324945	1.81325
0.4685	0.448319	0.876992	0.325256	1.81375	0.446535	0.881013	0.323443	1.81085
0.4695	0.446936	0.880106	0.323852	1.81151	0.445059	0.884347	0.321947	1.80845
0.4705	0.445569	0.88319	0.322466	1.80929	0.443587	0.88768	0.320458	1.80606
0.4715	0.44422	0.88624	0.3211	1.8071	0.442119	0.891013	0.318973	1.80366
0.4725	0.442893	0.88925	0.319758	1.80494	0.440654	0.894347	0.317495	1.80127
0.4735	0.44159	0.892211	0.318442	1.80281	0.439194	0.89768	0.316023	1.79888
0.4745	0.440315	0.895114	0.317155	1.80073	0.437737	0.901013	0.314557	1.79649
0.4755	0.439073	0.897951	0.315903	1.79869	0.436284	0.904347	0.313096	1.7941
0.4765	0.437867	0.90071	0.31469	1.79672	0.434835	0.90768	0.311641	1.79172
0.4775	0.436704	0.903378	0.313519	1.79481	0.43339	0.911013	0.310192	1.78934
0.4785	0.435587	0.905944	0.312398	1.79297	0.431949	0.914347	0.308749	1.78695
0.4795	0.434523	0.908394	0.31133	1.79122	0.430512	0.91768	0.307311	1.78457
0.4805	0.433517	0.910715	0.310322	1.78956	0.429078	0.921013	0.30588	1.78219
0.4815	0.432574	0.912894	0.309377	1.788	0.427648	0.924347	0.304454	1.77981
0.4825	0.431699	0.914921	0.308501	1.78655	0.426319	0.927453	0.30313	1.7776
0.4835	0.430895	0.916786	0.307696	1.78522	0.426319	0.927453	0.30313	1.7776
0.4845	0.430164	0.918482	0.306966	1.78401	0.426319	0.927453	0.30313	1.7776
0.4855	0.429509	0.920005	0.306312	1.78292	0.426319	0.927453	0.30313	1.7776
0.4865	0.428929	0.921355	0.305733	1.78196	0.426319	0.927453	0.30313	1.7776
0.4875	0.428423	0.922535	0.305228	1.78112	0.426319	0.927453	0.30313	1.7776
0.4885	0.427988	0.923549	0.304794	1.78039	0.426319	0.927453	0.30313	1.7776
0.4895	0.42762	0.924408	0.304427	1.77978	0.426319	0.927453	0.30313	1.7776
0.4905	0.427313	0.925124	0.304122	1.77927	0.426319	0.927453	0.30313	1.7776
0.4915	0.427063	0.925709	0.303873	1.77885	0.426319	0.927453	0.30313	1.7776
0.4925	0.426862	0.926178	0.303673	1.77852	0.426319	0.927453	0.30313	1.7776
0.4935	0.426704	0.926548	0.303515	1.77825	0.426319	0.927453	0.30313	1.7776
0.4945	0.426583	0.926832	0.303394	1.77805	0.426319	0.927453	0.30313	1.7776
0.4955	0.426491	0.927045	0.303304	1.7779	0.426319	0.927453	0.30313	1.7776
0.4965	0.426425	0.927201	0.303237	1.77779	0.426319	0.927453	0.30313	1.7776
0.4975	0.426378	0.927311	0.30319	1.77771	0.426319	0.927453	0.30313	1.7776
0.4985	0.426346	0.927386	0.303158	1.77766	0.426319	0.927453	0.30313	1.7776
0.4995	0.426325	0.927434	0.303138	1.77762	0.426319	0.927453	0.30313	1.7776
0.5005	0.426312	0.927463	0.303126	1.7776	0.426319	0.927453	0.30313	1.7776
0.5015	0.426306	0.927479	0.303119	1.77759	0.426319	0.927453	0.30313	1.7776
0.5025	0.426303	0.927486	0.303116	1.77759	0.426319	0.927453	0.30313	1.7776
0.5035	0.426302	0.927488	0.303115	1.77758	0.426319	0.927453	0.30313	1.7776
0.5045	0.426302	0.927487	0.303115	1.77759	0.426319	0.927453	0.30313	1.7776
0.5055	0.426305	0.927481	0.303118	1.77759	0.426319	0.927453	0.30313	1.7776
0.5065	0.42631	0.927469	0.303123	1.7776	0.426319	0.927453	0.30313	1.7776
0.5075	0.426315	0.927456	0.303129	1.77761	0.426319	0.927453	0.30313	1.7776
0.5085	0.426319	0.927447	0.303133	1.77761	0.426319	0.927453	0.30313	1.7776
0.5095	0.426322	0.92744	0.303136	1.77762	0.426319	0.927453	0.30313	1.7776
0.5105	0.426324	0.927435	0.303137	1.77762	0.426319	0.927453	0.30313	1.7776
0.5115	0.426325	0.927433	0.303138	1.77762	0.426319	0.927453	0.30313	1.7776
0.5125	0.426326	0.927432	0.303139	1.77763	0.426319	0.927453	0.30313	1.7776
0.5135	0.426326	0.927431	0.303139	1.77763	0.426319	0.927453	0.30313	1.7776
0.5145	0.426326	0.927432	0.303139	1.77763	0.426319	0.927453	0.30313	1.7776
0.5155	0.426325	0.927432	0.303139	1.77763	0.426319	0.927453	0.30313	1.7776
0.5165	0.426324	0.927435	0.303137	1.77762	0.426319	0.927453	0.30313	1.7776
0.5175	0.426322	0.92744	0.303135	1.77762	0.426319	0.927453	0.30313	1.7776
0.5185	0.42632	0.927445	0.303133	1.77762	0.426319	0.927453	0.30313	1.7776
0.5195	0.426318	0.92745	0.303131	1.77761	0.426319	0.927453	0.30313	1.7776
0.5205	0.426316	0.927453	0.30313	1.77761	0.426319	0.927453	0.30313	1.7776
0.5215	0.426315	0.927456	0.303129	1.77761	0.426319	0.927453	0.30313	1.7776
0.5225	0.426314	0.927458	0.303128	1.77761	0.426319	0.927453	0.30313	1.7776
0.5235	0.426314	0.92746	0.303127	1.77761	0.426319	0.927453	0.30313	1.7776
0.5245	0.426313	0.927461	0.303127	1.77761	0.426319	0.927453	0.30313	1.7776
0.5255	0.426313	0.927461	0.303126	1.77761	0.426319	0.927453	0.30313	1.7776
0.5265	0.426312	0.927462	0.303126	1.77761	0.426319	0.927453	0.30313	1.7776
0.5275	0.426312	0.927462	0.303126	1.77761	0.426319	0.927453	0.30313	1.7776
0.5285	0.426312	0.927462	0.303126	1.77761	0.426319	0.927453	0.30313	1.7776
0.5295	0.426312	0.927462	0.303126	1.77761	0.426319	0.927453	0.30313	1.7776
0.5305	0.426312	0.927462	0.303126	1.77761	0.426319	0.927453	0.30313	1.7776
0.5315	0.426312	0.927462	0.303126	1.77761	0.426319	0.927453	0.30313	1.7776
0.5325	0.426312	0.927462	0.303126	1.77761	0.426319	0.927453	0.30313	1.7776
0.5335	0.426312	0.927462	0.303126	1.77761	0.426319	0.927453	0.30313	1.7776
0.5345	0.426312	0.927461	0.303126	1.77761	0.426319	0.927453	0.30313	1.7776
0.5355	0.426313	0.92746	0.303127	1.77761	0.426319	0.927453	0.30313	1.7776
0.5365	0.426313	0.927459	0.303127	1.77761	0.426319	0.927453	0.30313	1.7776
0.5375	0.426314	0.927458	0.303128	1.77761	0.426319	0.927453	0.30313	1.7776
0.5385	0.426315	0.927456	0.303129	1.77761	0.426319	0.927453	0.30313	1.7776
0.5395	0.426315	0.927455	0.303129	1.77761	0.426319	0.927453	0.30313	1.7776
0.5405	0.426316	0.927453	0.30313	1.77761	0.426319	0.927453	0.30313	1.7776
0.5415	0.426316	0.927451	0.303131	1.77762	0.426319	0.927453	0.30313	1.7776
0.5425	0.426317	0.92745	0.303131	1.77762	0.426319	0.927453	0.30313	1.7776
0.5435	0.426318	0.927448	0.303132	1.77762	0.426319	0.927453	0.30313	1.7776
0.5445	0.426319	0.927446	0.303133	1.77762	0.426319	0.927453	0.30313	1.7776
0.5455	0.426319	0.927444	0.303134	1.77762	0.426319	0.927453	0.30313	1.7776
0.5465	0.42632	0.927443	0.303134	1.77762	0.426319	0.927453	0.30313	1.7776
0.5475	0.42632	0.927442	0.303135	1.77762	0.426319	0.927453	0.30313	1.7776
0.5485	0.42632	0.927441	0.303135	1.77762	0.426319	0.927453	0.30313	1.7776
0.5495	0.426321	0.927441	0.303135	1.77762	0.426319	0.927453	0.30313	1.7776
0.5505	0.426321	0.92744	0.303135	1.77762	0.426319	0.927453	0.30313	1.7776
0.5515	0.426321	0.92744	0.303135	1.77762	0.426319	0.927453	0.30313	1.7776
0.5525	0.426321	0.92744	0.303135	1.77763	0.426319	0.927453	0.30313	1.7776
0.5535	0.426321	0.92744	0.303136	1.77763	0.426319	0.927453	0.30313	1.7776
0.5545	0.426321	0.92744	0.303136	1.77763	0.426319	0.927453	0.30313	1.7776
0.5555	0.426321	0.92744	0.303136	1.77763	0.426319	0.927453	0.30313	1.7776
0.5565	0.426321	0.92744	0.303136	1.77763	0.426319	0.927453	0.30313	1.7776
0.5575	0.426321	0.92744	0.303135	1.77763	0.426319	0.927453	0.30313	1.7776
0.5585	0.42632	0.927441	0.303135	1.77763	0.426319	0.927453	0.30313	1.7776
0.5595	0.426319	0.927444	0.303134	1.77762	0.426319	0.927453	0.30313	1.7776
0.5605	0.426318	0.927447	0.303133	1.77762	0.426319	0.927453	0.30313	1.7776
0.5615	0.426316	0.92745	0.303131	1.77762	0.426319	0.927453	0.30313	1.7776
0.5625	0.426315	0.927454	0.30313	1.77762	0.426319	0.927453	0.30313	1.7776
0.5635	0.426313	0.927456	0.303128	1.77762	0.426319	0.927453	0.30313	1.7776
0.5645	0.426312	0.927459	0.303127	1.77761	0.426319	0.927453	0.30313	1.7776
0.5655	0.426311	0.927461	0.303127	1.77761	0.426319	0.927453	0.30313	1.7776
0.5665	0.426311	0.927462	0.303126	1.77761	0.426319	0.927453	0.30313	1.7776
0.5675	0.42631	0.927463	0.303126	1.77761	0.426319	0.927453	0.30313	1.7776
0.5685	0.42631	0.927464	0.303125	1.77761	0.426319	0.927453	0.30313	1.7776
0.5695	0.42631	0.927464	0.303125	1.77761	0.426319	0.927453	0.30313	1.7776
0.5705	0.42631	0.927464	0.303125	1.77761	0.426319	0.927453	0.30313	1.7776
0.5715	0.42631	0.927464	0.303125	1.77761	0.426319	0.927453	0.30313	1.7776
0.5725	0.42631	0.927464	0.303125	1.77761	0.426319	0.927453	0.30313	1.7776
0.5735	0.42631	0.927464	0.303125	1.77761	0.426319	0.927453	0.30313	1.7776
0.5745	0.42631	0.927464	0.303125	1.77761	0.426319	0.927453	0.30313	1.7776
0.5755	0.42631	0.927464	0.303125	1.77761	0.426319	0.927453	0.30313	1.7776
0.5765	0.42631	0.927463	0.303126	1.77761	0.426319	0.927453	0.30313	1.7776
0.5775	0.42631	0.927462	0.303126	1.77761	0.426319	0.927453	0.30313	1.7776
0.5785	0.426311	0.927461	0.303126	1.77762	0.426319	0.927453	0.30313	1.7776
0.5795	0.426311	0.92746	0.303127	1.77762	0.426319	0.927453	0.30313	1.7776
0.5805	0.426311	0.927459	0.303127	1.77762	0.426319	0.927453	0.30313	1.7776
0.5815	0.426312	0.927458	0.303128	1.77762	0.426319	0.927453	0.30313	1.7776
0.5825	0.426312	0.927457	0.303128	1.77762	0.426319	0.927453	0.30313	1.7776
0.5835	0.426312	0.927456	0.303129	1.77762	0.426319	0.927453	0.30313	1.7776
0.5845	0.426313	0.927455	0.303129	1.77762	0.426319	0.927453	0.30313	1.7776
0.5855	0.426313	0.927454	0.30313	1.77762	0.426319	0.927453	0.30313	1.7776
0.5865	0.426313	0.927453	0.30313	1.77762	0.426319	0.927453	0.30313	1.7776
0.5875	0.426314	0.927452	0.30313	1.77762	0.426319	0.927453	0.30313	1.7776
0.5885	0.426314	0.927451	0.303131	1.77763	0.426319	0.927453	0.30313	1.7776
0.5895	0.426314	0.92745	0.303131	1.77763	0.426319	0.927453	0.30313	1.7776
0.5905	0.426315	0.92745	0.303131	1.77763	0.426319	0.927453	0.30313	1.7776
0.5915	0.426315	0.927449	0.303132	1.77763	0.426319	0.927453	0.30313	1.7776
0.5925	0.426315	0.927448	0.303132	1.77763	0.426319	0.927453	0.30313	1.7776
0.5935	0.426315	0.927447	0.303133	1.77763	0.426319	0.927453	0.30313	1.7776
0.5945	0.426316	0.927445	0.303133	1.77763	0.426319	0.927453	0.30313	1.7776
0.5955	0.426316	0.927444	0.303134	1.77763	0.426319	0.927453	0.30313	1.7776
0.5965	0.426317	0.927443	0.303134	1.77763	0.426319	0.927453	0.30313	1.7776
0.5975	0.426317	0.927442	0.303135	1.77764	0.426319	0.927453	0.30313	1.7776
0.5985	0.426317	0.927441	0.303135	1.77764	0.426319	0.927453	0.30313	1.7776
0.5995	0.426318	0.92744	0.303135	1.77764	0.426319	0.927453	0.30313	1.7776
0.6005	0.426318	0.92744	0.303136	1.77764	0.426319	0.927453	0.30313	1.7776
0.6015	0.426318	0.927439	0.303136	1.77764	0.426319	0.927453	0.30313	1.7776
0.6025	0.426318	0.927439	0.303136	1.77764	0.426319	0.927453	0.30313	1.7776
0.6035	0.426318	0.927439	0.303136	1.77764	0.426319	0.927453	0.30313	1.7776
0.6045	0.426318	0.927438	0.303136	1.77764	0.426319	0.927453	0.30313	1.7776
0.6055	0.426318	0.927438	0.303136	1.77764	0.426319	0.927453	0.30313	1.7776
0.6065	0.426318	0.927438	0.303136	1.77764	0.426319	0.927453	0.30313	1.7776
0.6075	0.426318	0.927437	0.303137	1.77764	0.426319	0.927453	0.30313	1.7776
0.6085	0.426318	0.927437	0.303137	1.77764	0.426319	0.927453	0.30313	1.7776
0.6095	0.426318	0.927437	0.303137	1.77764	0.426319	0.927453	0.30313	1.7776
0.6105	0.426317	0.927438	0.303136	1.77764	0.426319	0.927453	0.30313	1.7776
0.6115	0.426316	0.92744	0.303136	1.77764	0.426319	0.927453	0.30313	1.7776
0.6125	0.426315	0.927442	0.303135	1.77764	0.426319	0.927453	0.30313	1.7776
0.6135	0.426314	0.927445	0.303133	1.77764	0.426319	0.927453	0.30313	1.7776
0.6145	0.426312	0.927448	0.303132	1.77764	0.426319	0.927453	0.30313	1.7776
0.6155	0.426311	0.927452	0.30313	1.77764	0.426319	0.927453	0.30313	1.7776
0.6165	0.426309	0.927455	0.303129	1.77764	0.426319	0.927453	0.30313	1.7776
0.6175	0.426308	0.927457	0.303128	1.77764	0.426319	0.927453	0.30313	1.7776
0.6185	0.426307	0.92746	0.303127	1.77763	0.426319	0.927453	0.30313	1.7776
0.6195	0.426306	0.927462	0.303126	1.77763	0.426319	0.927453	0.30313	1.7776
0.6205	0.426305	0.927463	0.303126	1.77763	0.426319	0.927453	0.30313	1.7776
0.6215	0.426304	0.927464	0.303125	1.77763	0.426319	0.927453	0.30313	1.7776
0.6225	0.426304	0.927465	0.303125	1.77763	0.426319	0.927453	0.30313	1.7776
0.6235	0.426303	0.927466	0.303125	1.77763	0.426319	0.927453	0.30313	1.7776
0.6245	0.426303	0.927466	0.303125	1.77763	0.426319	0.927453	0.30313	1.7776
0.6255	0.426303	0.927465	0.303125	1.77764	0.426319	0.927453	0.30313	1.7776
0.6265	0.426303	0.927465	0.303125	1.77764	0.426319	0.927453	0.30313	1.7776
0.6275	0.426303	0.927465	0.303125	1.77764	0.426319	0.927453	0.30313	1.7776
0.6285	0.426303	0.927464	0.303125	1.77764	0.426319	0.927453	0.30313	1.7776
0.6295	0.426303	0.927464	0.303125	1.77764	0.426319	0.927453	0.30313	1.7776
0.6305	0.426303	0.927463	0.303126	1.77764	0.426319	0.927453	0.30313	1.7776
0.6315	0.426303	0.927462	0.303126	1.77764	0.426319	0.927453	0.30313	1.7776
0.6325	0.426303	0.927461	0.303126	1.77765	0.426319	0.927453	0.30313	1.7776
0.6335	0.426304	0.92746	0.303127	1.77765	0.426319	0.927453	0.30313	1.7776
0.6345	0.426304	0.927459	0.303127	1.77765	0.426319	0.927453	0.30313	1.7776
0.6355	0.426304	0.927458	0.303128	1.77765	0.426319	0.927453	0.30313	1.7776
0.6365	0.426304	0.927458	0.303128	1.77765	0.426319	0.927453	0.30313	1.7776
0.6375	0.426304	0.927457	0.303128	1.77765	0.426319	0.927453	0.30313	1.7776
0.6385	0.426304	0.927456	0.303129	1.77766	0.426319	0.927453	0.30313	1.7776
0.6395	0.426304	0.927455	0.303129	1.77766	0.426319	0.927453	0.30313	1.7776
0.6405	0.426304	0.927454	0.303129	1.77766	0.426319	0.927453	0.30313	1.7776
0.6415	0.426304	0.927454	0.30313	1.77766	0.426319	0.927453	0.30313	1.7776
0.6425	0.426304	0.927453	0.30313	1.77766	0.426319	0.927453	0.30313	1.7776
0.6435	0.426304	0.927452	0.30313	1.77767	0.426319	0.927453	0.30313	1.7776
0.6445	0.426304	0.927451	0.303131	1.77767	0.426319	0.927453	0.30313	1.7776
0.6455	0.426304	0.927451	0.303131	1.77767	0.426319	0.927453	0.30313	1.7776
0.6465	0.426304	0.92745	0.303131	1.77767	0.426319	0.927453	0.30313	1.7776
0.6475	0.426304	0.927449	0.303132	1.77767	0.426319	0.927453	0.30313	1.7776
0.6485	0.426304	0.927448	0.303132	1.77768	0.426319	0.927453	0.30313	1.7776
0.6495	0.426304	0.927447	0.303132	1.77768	0.426319	0.927453	0.30313	1.7776
0.6505	0.426304	0.927446	0.303133	1.77768	0.426319	0.927453	0.30313	1.7776
0.6515	0.426304	0.927446	0.303133	1.77768	0.426319	0.927453	0.30313	1.7776
0.6525	0.426304	0.927445	0.303133	1.77768	0.426319	0.927453	0.30313	1.7776
0.6535	0.426304	0.927444	0.303134	1.77769	0.426319	0.927453	0.30313	1.7776
0.6545	0.426304	0.927443	0.303134	1.77769	0.426319	0.927453	0.30313	1.7776
0.6555	0.426303	0.927442	0.303135	1.77769	0.426319	0.927453	0.30313	1.7776
0.6565	0.426303	0.927441	0.303135	1.77769	0.426319	0.927453	0.30313	1.7776
0.6575	0.426303	0.92744	0.303135	1.7777	0.426319	0.927453	0.30313	1.7776
0.6585	0.426303	0.92744	0.303136	1.7777	0.426319	0.927453	0.30313	1.7776
0.6595	0.426303	0.927439	0.303136	1.7777	0.426319	0.927453	0.30313	1.7776
0.6605	0.426303	0.927438	0.303136	1.7777	0.426319	0.927453	0.30313	1.7776
0.6615	0.426303	0.927437	0.303137	1.77771	0.426319	0.927453	0.30313	1.7776
0.6625	0.426303	0.927437	0.303137	1.77771	0.426319	0.927453	0.30313	1.7776
0.6635	0.426303	0.927436	0.303137	1.77771	0.426319	0.927453	0.30313	1.7776
0.6645	0.426302	0.927437	0.303137	1.77771	0.426319	0.927453	0.30313	1.7776
0.6655	0.426301	0.927438	0.303136	1.77771	0.426319	0.927453	0.30313	1.7776
0.6665	0.4263	0.927439	0.303136	1.77772	0.426319	0.927453	0.30313	1.7776
0.6675	0.426298	0.927441	0.303135	1.77772	0.426319	0.927453	0.30313	1.7776
0.6685	0.426295	0.927443	0.303134	1.77772	0.426319	0.927453	0.30313	1.7776
0.6695	0.426293	0.927446	0.303133	1.77773	0.426319	0.927453	0.30313	1.7776
0.6705	0.42629	0.927449	0.303132	1.77773	0.426319	0.927453	0.30313	1.7776
0.6715	0.426288	0.927452	0.30313	1.77773	0.426319	0.927453	0.30313	1.7776
0.6725	0.426286	0.927454	0.303129	1.77773	0.426319	0.927453	0.30313	1.7776
0.6735	0.426284	0.927457	0.303128	1.77774	0.426319	0.927453	0.30313	1.7776
0.6745	0.426281	0.927459	0.303127	1.77774	0.426319	0.927453	0.30313	1.7776
0.6755	0.426279	0.927462	0.303126	1.77774	0.426319	0.927453	0.30313	1.7776
0.6765	0.426277	0.927463	0.303125	1.77775	0.426319	0.927453	0.30313	1.7776
0.6775	0.426275	0.927465	0.303125	1.77775	0.426319	0.927453	0.30313	1.7776
0.6785	0.426274	0.927466	0.303124	1.77776	0.426319	0.927453	0.30313	1.7776
0.6795	0.426272	0.927466	0.303124	1.77776	0.426319	0.927453	0.30313	1.7776
0.6805	0.42627	0.927467	0.303124	1.77777	0.426319	0.927453	0.30313	1.7776
0.6815	0.426268	0.927467	0.303124	1.77778	0.426319	0.927453	0.30313	1.7776
0.6825	0.426267	0.927466	0.303124	1.77778	0.426319	0.927453	0.30313	1.7776
0.6835	0.426265	0.927466	0.303124	1.77779	0.426319	0.927453	0.30313	1.7776
0.6845	0.426263	0.927465	0.303125	1.7778	0.426319	0.927453	0.30313	1.7776
0.6855	0.426261	0.927465	0.303125	1.77781	0.426319	0.927453	0.30313	1.7776
0.6865	0.42626	0.927464	0.303125	1.77782	0.426319	0.927453	0.30313	1.7776
0.6875	0.426258	0.927463	0.303126	1.77783	0.426319	0.927453	0.30313	1.7776
0.6885	0.426255	0.927462	0.303126	1.77784	0.426319	0.927453	0.30313	1.7776
0.6895	0.426253	0.927461	0.303126	1.77786	0.426319	0.927453	0.30313	1.7776
0.6905	0.42625	0.92746	0.303127	1.77787	0.426319	0.927453	0.30313	1.7776
0.6915	0.426247	0.927459	0.303127	1.77788	0.426319	0.927453	0.30313	1.7776
0.6925	0.426244	0.927458	0.303128	1.7779	0.426319	0.927453	0.30313	1.7776
0.6935	0.426241	0.927457	0.303128	1.77791	0.426319	0.927453	0.30313	1.7776
0.6945	0.426238	0.927457	0.303128	1.77793	0.426319	0.927453	0.30313	1.7776
0.6955	0.426234	0.927456	0.303129	1.77795	0.426319	0.927453	0.30313	1.7776
0.6965	0.426231	0.927455	0.303129	1.77796	0.426319	0.927453	0.30313	1.7776
0.6975	0.426227	0.927454	0.303129	1.77798	0.426319	0.927453	0.30313	1.7776
0.6985	0.426222	0.927453	0.30313	1.778	0.426319	0.927453	0.30313	1.7776
0.6995	0.426215	0.927453	0.30313	1.77803	0.426319	0.927453	0.30313	1.7776
0.7005	0.426207	0.927452	0.30313	1.77807	0.426319	0.927453	0.30313	1.7776
0.7015	0.426195	0.927451	0.303131	1.77812	0.426319	0.927453	0.30313	1.7776
0.7025	0.426182	0.92745	0.303131	1.77818	0.426319	0.927453	0.30313	1.7776
0.7035	0.426168	0.92745	0.303131	1.77824	0.426319	0.927453	0.30313	1.7776
0.7045	0.426154	0.927449	0.303132	1.7783	0.426319	0.927453	0.30313	1.7776
0.7055	0.426143	0.927448	0.303132	1.77835	0.426319	0.927453	0.30313	1.7776
0.7065	0.426134	0.927447	0.303132	1.77839	0.426319	0.927453	0.30313	1.7776
0.7075	0.426126	0.927447	0.303133	1.77842	0.426319	0.927453	0.30313	1.7776
0.7085	0.426121	0.927446	0.303133	1.77844	0.426319	0.927453	0.30313	1.7776
0.7095	0.426117	0.927445	0.303133	1.77846	0.426319	0.927453	0.30313	1.7776
0.7105	0.426114	0.927444	0.303134	1.77848	0.426319	0.927453	0.30313	1.7776
0.7115	0.426111	0.927443	0.303134	1.77849	0.426319	0.927453	0.30313	1.7776
0.7125	0.426107	0.927443	0.303134	1.77851	0.426319	0.927453	0.30313	1.7776
0.7135	0.426099	0.927442	0.303135	1.77855	0.426319	0.927453	0.30313	1.7776
0.7145	0.426082	0.927441	0.303135	1.77862	0.426319	0.927453	0.30313	1.7776
0.7155	0.426042	0.92744	0.303135	1.77879	0.426319	0.927453	0.30313	1.7776
0.7165	0.425926	0.927439	0.303136	1.77928	0.426319	0.927453	0.30313	1.7776
0.7175	0.425658	0.927438	0.303136	1.7804	0.426319	0.927453	0.30313	1.7776
0.7185	0.42524	0.927437	0.303136	1.78215	0.426319	0.927453	0.30313	1.7776
0.7195	0.424749	0.927437	0.303137	1.78421	0.426319	0.927453	0.30313	1.7776
0.7205	0.424259	0.927437	0.303137	1.78627	0.426319	0.927453	0.30313	1.7776
0.7215	0.423819	0.927437	0.303137	1.78813	0.426319	0.927453	0.30313	1.7776
0.7225	0.423437	0.927437	0.303136	1.78974	0.426319	0.927453	0.30313	1.7776
0.7235	0.423121	0.927438	0.303136	1.79107	0.426319	0.927453	0.30313	1.7776
0.7245	0.42287	0.92744	0.303135	1.79213	0.426319	0.927453	0.30313	1.7776
0.7255	0.422683	0.927442	0.303135	1.79292	0.426319	0.927453	0.30313	1.7776
0.7265	0.422553	0.927444	0.303134	1.79347	0.426319	0.927453	0.30313	1.7776
0.7275	0.422472	0.927447	0.303133	1.7938	0.426319	0.927453	0.30313	1.7776
0.7285	0.422428	0.927449	0.303131	1.79398	0.426319	0.927453	0.30313	1.7776
0.7295	0.422411	0.927452	0.30313	1.79405	0.426319	0.927453	0.30313	1.7776
0.7305	0.422407	0.927455	0.303129	1.79406	0.426319	0.927453	0.30313	1.7776
0.7315	0.261082	0.927459	0.303128	2.90261	0.426319	0.927453	0.30313	1.7776
0.7325	0.261082	0.927461	0.303127	2.9026	0.265574	0.927453	0.30313	2.85354
0.7335	0.261095	0.927463	0.303127	2.90246	0.265574	0.927453	0.30313	2.85354
0.7345	0.261173	0.927465	0.303126	2.90158	0.265574	0.927453	0.30313	2.85354
0.7355	0.26145	0.927467	0.303126	2.8985	0.265574	0.927453	0.30313	2.85354
0.7365	0.261963	0.927468	0.303125	2.89283	0.265574	0.927453	0.30313	2.85354
0.7375	0.262546	0.927469	0.303125	2.8864	0.265574	0.927453	0.30313	2.85354
0.7385	0.263081	0.92747	0.303125	2.88053	0.265574	0.927453	0.30313	2.85354
0.7395	0.263548	0.927471	0.303125	2.87543	0.265574	0.927453	0.30313	2.85354
0.7405	0.263948	0.927471	0.303125	2.87107	0.265574	0.927453	0.30313	2.85354
0.7415	0.264284	0.927471	0.303125	2.86741	0.265574	0.927453	0.30313	2.85354
0.7425	0.264564	0.927471	0.303125	2.86439	0.265574	0.927453	0.30313	2.85354
0.7435	0.264791	0.927471	0.303125	2.86193	0.265574	0.927453	0.30313	2.85354
0.7445	0.264974	0.92747	0.303125	2.85996	0.265574	0.927453	0.30313	2.85354
0.7455	0.265119	0.92747	0.303126	2.8584	0.265574	0.927453	0.30313	2.85354
0.7465	0.265231	0.927469	0.303126	2.85718	0.265574	0.927453	0.30313	2.85354
0.7475	0.265318	0.927468	0.303126	2.85625	0.265574	0.927453	0.30313	2.85354
0.7485	0.265384	0.927467	0.303126	2.85554	0.265574	0.927453	0.30313	2.85354
0.7495	0.265434	0.927466	0.303127	2.85501	0.265574	0.927453	0.30313	2.85354
0.7505	0.26547	0.927465	0.303127	2.85462	0.265574	0.927453	0.30313	2.85354
0.7515	0.265498	0.927464	0.303127	2.85433	0.265574	0.927453	0.30313	2.85354
0.7525	0.265518	0.927463	0.303127	2.85411	0.265574	0.927453	0.30313	2.85354
0.7535	0.265533	0.927462	0.303128	2.85396	0.265574	0.927453	0.30313	2.85354
0.7545	0.265544	0.927461	0.303128	2.85384	0.265574	0.927453	0.30313	2.85354
0.7555	0.265552	0.92746	0.303128	2.85375	0.265574	0.927453	0.30313	2.85354
0.7565	0.265559	0.927459	0.303128	2.85368	0.265574	0.927453	0.30313	2.85354
0.7575	0.265564	0.927459	0.303129	2.85363	0.265574	0.927453	0.30313	2.85354
0.7585	0.265567	0.927458	0.303129	2.8536	0.265574	0.927453	0.30313	2.85354
0.7595	0.26557	0.927457	0.303129	2.85357	0.265574	0.927453	0.30313	2.85354
0.7605	0.265572	0.927456	0.303129	2.85355	0.265574	0.927453	0.30313	2.85354
0.7615	0.265574	0.927455	0.303129	2.85353	0.265574	0.927453	0.30313	2.85354
0.7625	0.265575	0.927455	0.30313	2.85352	0.265574	0.927453	0.30313	2.85354
0.7635	0.265576	0.927454	0.30313	2.85351	0.265574	0.927453	0.30313	2.85354
0.7645	0.265577	0.927453	0.30313	2.85351	0.265574	0.927453	0.30313	2.85354
0.7655	0.265577	0.927452	0.30313	2.85351	0.265574	0.927453	0.30313	2.85354
0.7665	0.265577	0.927452	0.30313	2.85351	0.265574	0.927453	0.30313	2.85354
0.7675	0.265577	0.927451	0.30313	2.85351	0.265574	0.927453	0.30313	2.85354
0.7685	0.265577	0.92745	0.303131	2.85351	0.265574	0.927453	0.30313	2.85354
0.7695	0.265577	0.927449	0.303131	2.85352	0.265574	0.927453	0.30313	2.85354
0.7705	0.265575	0.927448	0.303131	2.85353	0.265574	0.927453	0.30313	2.85354
0.7715	0.265573	0.927448	0.303131	2.85356	0.265574	0.927453	0.30313	2.85354
0.7725	0.265572	0.927447	0.303132	2.85357	0.265574	0.927453	0.30313	2.85354
0.7735	0.265571	0.927446	0.303132	2.85359	0.265574	0.927453	0.30313	2.85354
0.7745	0.26557	0.927446	0.303132	2.8536	0.265574	0.927453	0.30313	2.85354
0.7755	0.265569	0.927445	0.303132	2.85361	0.265574	0.927453	0.30313	2.85354
0.7765	0.265569	0.927444	0.303132	2.85361	0.265574	0.927453	0.30313	2.85354
0.7775	0.265569	0.927444	0.303132	2.85361	0.265574	0.927453	0.30313	2.85354
0.7785	0.265569	0.927443	0.303133	2.85361	0.265574	0.927453	0.30313	2.85354
0.7795	0.265569	0.927442	0.303133	2.85362	0.265574	0.927453	0.30313	2.85354
0.7805	0.265569	0.927441	0.303133	2.85361	0.265574	0.927453	0.30313	2.85354
0.7815	0.26557	0.92744	0.303133	2.85361	0.265574	0.927453	0.30313	2.85354
0.7825	0.265572	0.927439	0.303134	2.85359	0.265574	0.927453	0.30313	2.85354
0.7835	0.265575	0.927438	0.303134	2.85356	0.265574	0.927453	0.30313	2.85354
0.7845	0.265578	0.927437	0.303134	2.85353	0.265574	0.927453	0.30313	2.85354
0.7855	0.26558	0.927437	0.303134	2.85351	0.265574	0.927453	0.30313	2.85354
0.7865	0.265583	0.927436	0.303135	2.85349	0.265574	0.927453	0.30313	2.85354
0.7875	0.265584	0.927435	0.303135	2.85347	0.265574	0.927453	0.30313	2.85354
0.7885	0.265586	0.927434	0.303135	2.85346	0.265574	0.927453	0.30313	2.85354
0.7895	0.265586	0.927433	0.303135	2.85345	0.265574	0.927453	0.30313	2.85354
0.7905	0.265587	0.927432	0.303135	2.85345	0.265574	0.927453	0.30313	2.85354
0.7915	0.265587	0.927431	0.303136	2.85345	0.265574	0.927453	0.30313	2.85354
0.7925	0.265587	0.927431	0.303136	2.85345	0.265574	0.927453	0.30313	2.85354
0.7935	0.265587	0.927431	0.303136	2.85345	0.265574	0.927453	0.30313	2.85354
0.7945	0.265587	0.927431	0.303136	2.85345	0.265574	0.927453	0.30313	2.85354
0.7955	0.265586	0.927432	0.303136	2.85346	0.265574	0.927453	0.30313	2.85354
0.7965	0.265583	0.927433	0.303135	2.85348	0.265574	0.927453	0.30313	2.85354
0.7975	0.26558	0.927435	0.303134	2.85352	0.265574	0.927453	0.30313	2.85354
0.7985	0.265576	0.927438	0.303134	2.85355	0.265574	0.927453	0.30313	2.85354
0.7995	0.265573	0.927441	0.303133	2.85357	0.265574	0.927453	0.30313	2.85354
0.8005	0.265571	0.927444	0.303132	2.85359	0.265574	0.927453	0.30313	2.85354
0.8015	0.265569	0.927448	0.303131	2.8536	0.265574	0.927453	0.30313	2.85354
0.8025	0.265567	0.927451	0.30313	2.85361	0.265574	0.927453	0.30313	2.85354
0.8035	0.265566	0.927454	0.303129	2.85361	0.265574	0.927453	0.30313	2.85354
0.8045	0.265565	0.927457	0.303128	2.85361	0.265574	0.927453	0.30313	2.85354
0.8055	0.265565	0.92746	0.303127	2.85361	0.265574	0.927453	0.30313	2.85354
0.8065	0.265564	0.927462	0.303127	2.85361	0.265574	0.927453	0.30313	2.85354
0.8075	0.265564	0.927464	0.303126	2.85361	0.265574	0.927453	0.30313	2.85354
0.8085	0.265564	0.927466	0.303126	2.8536	0.265574	0.927453	0.30313	2.85354
0.8095	0.265565	0.927468	0.303125	2.85359	0.265574	0.927453	0.30313	2.85354
0.8105	0.265566	0.92747	0.303125	2.85357	0.265574	0.927453	0.30313	2.85354
0.8115	0.265569	0.927471	0.303125	2.85354	0.265574	0.927453	0.30313	2.85354
0.8125	0.265572	0.927471	0.303125	2.85351	0.265574	0.927453	0.30313	2.85354
0.8135	0.265574	0.927472	0.303125	2.85348	0.265574	0.927453	0.30313	2.85354
0.8145	0.265576	0.927472	0.303125	2.85346	0.265574	0.927453	0.30313	2.85354
0.8155	0.265578	0.927472	0.303125	2.85344	0.265574	0.927453	0.30313	2.85354
0.8165	0.265579	0.927472	0.303125	2.85343	0.265574	0.927453	0.30313	2.85354
0.8175	0.26558	0.927471	0.303125	2.85342	0.265574	0.927453	0.30313	2.85354
0.8185	0.265581	0.927471	0.303125	2.85342	0.265574	0.927453	0.30313	2.85354
0.8195	0.265581	0.92747	0.303125	2.85342	0.265574	0.927453	0.30313	2.85354
0.8205	0.265581	0.927469	0.303126	2.85342	0.265574	0.927453	0.30313	2.85354
0.8215	0.265581	0.927468	0.303126	2.85342	0.265574	0.927453	0.30313	2.85354
0.8225	0.265581	0.927467	0.303126	2.85342	0.265574	0.927453	0.30313	2.85354
0.8235	0.26558	0.927466	0.303126	2.85344	0.265574	0.927453	0.30313	2.85354
0.8245	0.265577	0.927464	0.303127	2.85347	0.265574	0.927453	0.30313	2.85354
0.8255	0.265574	0.927463	0.303127	2.85351	0.265574	0.927453	0.30313	2.85354
0.8265	0.265571	0.927462	0.303127	2.85354	0.265574	0.927453	0.30313	2.85354
0.8275	0.265569	0.927461	0.303128	2.85357	0.265574	0.927453	0.30313	2.85354
0.8285	0.265567	0.927461	0.303128	2.85359	0.265574	0.927453	0.30313	2.85354
0.8295	0.265566	0.92746	0.303128	2.85361	0.265574	0.927453	0.30313	2.85354
0.8305	0.265565	0.927459	0.303128	2.85362	0.265574	0.927453	0.30313	2.85354
0.8315	0.265564	0.927458	0.303128	2.85362	0.265574	0.927453	0.30313	2.85354
0.8325	0.265564	0.927457	0.303129	2.85363	0.265574	0.927453	0.30313	2.85354
0.8335	0.265564	0.927457	0.303129	2.85363	0.265574	0.927453	0.30313	2.85354
0.8345	0.265564	0.927456	0.303129	2.85363	0.265574	0.927453	0.30313	2.85354
0.8355	0.265564	0.927455	0.303129	2.85363	0.265574	0.927453	0.30313	2.85354
0.8365	0.265564	0.927454	0.303129	2.85363	0.265574	0.927453	0.30313	2.85354
0.8375	0.265565	0.927454	0.303129	2.85362	0.265574	0.927453	0.30313	2.85354
0.8385	0.265567	0.927453	0.30313	2.85361	0.265574	0.927453	0.30313	2.85354
0.8395	0.26557	0.927452	0.30313	2.85358	0.265574	0.927453	0.30313	2.85354
0.8405	0.265573	0.927451	0.30313	2.85355	0.265574	0.927453	0.30313	2.85354
0.8415	0.265576	0.92745	0.30313	2.85352	0.265574	0.927453	0.30313	2.85354
0.8425	0.265578	0.92745	0.303131	2.85349	0.265574	0.927453	0.30313	2.85354
0.8435	0.265581	0.927449	0.303131	2.85347	0.265574	0.927453	0.30313	2.85354
0.8445	0.265583	0.927448	0.303131	2.85345	0.265574	0.927453	0.30313	2.85354
0.8455	0.265584	0.927447	0.303131	2.85344	0.265574	0.927453	0.30313	2.85354
0.8465	0.265585	0.927447	0.303131	2.85343	0.265574	0.927453	0.30313	2.85354
0.8475	0.265586	0.927446	0.303131	2.85343	0.265574	0.927453	0.30313	2.85354
0.8485	0.265586	0.927445	0.303132	2.85342	0.265574	0.927453	0.30313	2.85354
0.8495	0.265586	0.927445	0.303132	2.85342	0.265574	0.927453	0.30313	2.85354
0.8505	0.265586	0.927444	0.303132	2.85343	0.265574	0.927453	0.30313	2.85354
0.8515	0.265586	0.927443	0.303132	2.85343	0.265574	0.927453	0.30313	2.85354
0.8525	0.265584	0.927442	0.303132	2.85345	0.265574	0.927453	0.30313	2.85354
0.8535	0.265581	0.927442	0.303132	2.85348	0.265574	0.927453	0.30313	2.85354
0.8545	0.265577	0.927441	0.303133	2.85352	0.265574	0.927453	0.30313	2.85354
0.8555	0.265574	0.92744	0.303133	2.85356	0.265574	0.927453	0.30313	2.85354
0.8565	0.265571	0.927439	0.303133	2.85359	0.265574	0.927453	0.30313	2.85354
0.8575	0.265569	0.927438	0.303133	2.85362	0.265574	0.927453	0.30313	2.85354
0.8585	0.265568	0.927437	0.303134	2.85364	0.265574	0.927453	0.30313	2.85354
0.8595	0.265567	0.927436	0.303134	2.85365	0.265574	0.927453	0.30313	2.85354
0.8605	0.265567	0.927435	0.303134	2.85365	0.265574	0.927453	0.30313	2.85354
0.8615	0.265566	0.927434	0.303134	2.85366	0.265574	0.927453	0.30313	2.85354
0.8625	0.265566	0.927433	0.303135	2.85366	0.265574	0.927453	0.30313	2.85354
0.8635	0.265567	0.927432	0.303135	2.85366	0.265574	0.927453	0.30313	2.85354
0.8645	0.265567	0.927431	0.303135	2.85366	0.265574	0.927453	0.30313	2.85354
0.8655	0.265568	0.92743	0.303136	2.85366	0.265574	0.927453	0.30313	2.85354
0.8665	0.265569	0.927429	0.303136	2.85364	0.265574	0.927453	0.30313	2.85354
0.8675	0.265571	0.927429	0.303136	2.85362	0.265574	0.927453	0.30313	2.85354
0.8685	0.265573	0.927429	0.303136	2.8536	0.265574	0.927453	0.30313	2.85354
0.8695	0.265576	0.927429	0.303136	2.85357	0.265574	0.927453	0.30313	2.85354
0.8705	0.265578	0.92743	0.303136	2.85355	0.265574	0.927453	0.30313	2.85354
0.8715	0.265581	0.927432	0.303135	2.85351	0.265574	0.927453	0.30313	2.85354
0.8725	0.265583	0.927435	0.303135	2.85349	0.265574	0.927453	0.30313	2.85354
0.8735	0.265584	0.927438	0.303134	2.85346	0.265574	0.927453	0.30313	2.85354
0.8745	0.265585	0.927441	0.303133	2.85344	0.265574	0.927453	0.30313	2.85354
0.8755	0.265585	0.927446	0.303131	2.85343	0.265574	0.927453	0.30313	2.85354
0.8765	0.265585	0.927451	0.30313	2.85341	0.265574	0.927453	0.30313	2.85354
0.8775	0.265585	0.927455	0.303129	2.8534	0.265574	0.927453	0.30313	2.85354
0.8785	0.265585	0.927459	0.303128	2.8534	0.265574	0.927453	0.30313	2.85354
0.8795	0.265585	0.927461	0.303127	2.85339	0.265574	0.927453	0.30313	2.85354
0.8805	0.265584	0.927464	0.303127	2.8534	0.265574	0.927453	0.30313	2.85354
0.8815	0.265582	0.927466	0.303126	2.85341	0.265574	0.927453	0.30313	2.85354
0.8825	0.265578	0.927468	0.303126	2.85345	0.265574	0.927453	0.30313	2.85354
0.8835	0.265574	0.927469	0.303125	2.85349	0.265574	0.927453	0.30313	2.85354
0.8845	0.265569	0.92747	0.303125	2.85354	0.265574	0.927453	0.30313	2.85354
0.8855	0.265566	0.927471	0.303125	2.85357	0.265574	0.927453	0.30313	2.85354
0.8865	0.265563	0.927472	0.303124	2.8536	0.265574	0.927453	0.30313	2.85354
0.8875	0.265561	0.927473	0.303124	2.85362	0.265574	0.927453	0.30313	2.85354
0.8885	0.26556	0.927473	0.303124	2.85363	0.265574	0.927453	0.30313	2.85354
0.8895	0.265559	0.927473	0.303124	2.85364	0.265574	0.927453	0.30313	2.85354
0.8905	0.265559	0.927472	0.303124	2.85364	0.265574	0.927453	0.30313	2.85354
0.8915	0.265559	0.927472	0.303124	2.85364	0.265574	0.927453	0.30313	2.85354
0.8925	0.265559	0.927471	0.303124	2.85364	0.265574	0.927453	0.30313	2.85354
0.8935	0.26556	0.927469	0.303125	2.85364	0.265574	0.927453	0.30313	2.85354
0.8945	0.26556	0.927468	0.303125	2.85364	0.265574	0.927453	0.30313	2.85354
0.8955	0.265562	0.927467	0.303125	2.85362	0.265574	0.927453	0.30313	2.85354
0.8965	0.265564	0.927466	0.303126	2.8536	0.265574	0.927453	0.30313	2.85354
0.8975	0.265566	0.927464	0.303126	2.85358	0.265574	0.927453	0.30313	2.85354
0.8985	0.265569	0.927463	0.303126	2.85356	0.265574	0.927453	0.30313	2.85354
0.8995	0.265571	0.927462	0.303127	2.85354	0.265574	0.927453	0.30313	2.85354
0.9005	0.265573	0.927461	0.303127	2.85351	0.265574	0.927453	0.30313	2.85354
0.9015	0.265576	0.92746	0.303127	2.85349	0.265574	0.927453	0.30313	2.85354
0.9025	0.265578	0.927459	0.303127	2.85346	0.265574	0.927453	0.30313	2.85354
0.9035	0.265581	0.927458	0.303127	2.85344	0.265574	0.927453	0.30313	2.85354
0.9045	0.265583	0.927457	0.303128	2.85342	0.265574	0.927453	0.30313	2.85354
0.9055	0.265585	0.927457	0.303128	2.8534	0.265574	0.927453	0.30313	2.85354
0.9065	0.265586	0.927456	0.303128	2.85339	0.265574	0.927453	0.30313	2.85354
0.9075	0.265587	0.927455	0.303128	2.85338	0.265574	0.927453	0.30313	2.85354
0.9085	0.265587	0.927455	0.303128	2.85338	0.265574	0.927453	0.30313	2.85354
0.9095	0.265587	0.927454	0.303128	2.85338	0.265574	0.927453	0.30313	2.85354
0.9105	0.265586	0.927453	0.303129	2.85339	0.265574	0.927453	0.30313	2.85354
0.9115	0.265584	0.927452	0.303129	2.85342	0.265574	0.927453	0.30313	2.85354
0.9125	0.265579	0.927452	0.303129	2.85347	0.265574	0.927453	0.30313	2.85354
0.9135	0.265574	0.927451	0.303129	2.85353	0.265574	0.927453	0.30313	2.85354
0.9145	0.265569	0.92745	0.303129	2.85358	0.265574	0.927453	0.30313	2.85354
0.9155	0.265566	0.927449	0.30313	2.85362	0.265574	0.927453	0.30313	2.85354
0.9165	0.265563	0.927448	0.30313	2.85365	0.265574	0.927453	0.30313	2.85354
0.9175	0.265562	0.927447	0.30313	2.85367	0.265574	0.927453	0.30313	2.85354
0.9185	0.265561	0.927447	0.30313	2.85368	0.265574	0.927453	0.30313	2.85354
0.9195	0.265561	0.927446	0.30313	2.85368	0.265574	0.927453	0.30313	2.85354
0.9205	0.265561	0.927444	0.303131	2.85368	0.265574	0.927453	0.30313	2.85354
0.9215	0.265562	0.927444	0.303131	2.85368	0.265574	0.927453	0.30313	2.85354
0.9225	0.265562	0.927444	0.30313	2.85366	0.265574	0.927453	0.30313	2.85354
0.9235	0.265564	0.927442	0.303131	2.85365	0.265574	0.927453	0.30313	2.85354
0.9245	0.265566	0.927439	0.303132	2.85364	0.265574	0.927453	0.30313	2.85354
0.9255	0.265567	0.927442	0.303131	2.85362	0.265574	0.927453	0.30313	2.85354
0.9265	0.265568	0.927446	0.30313	2.8536	0.265574	0.927453	0.30313	2.85354
0.9275	0.265571	0.927438	0.303132	2.85359	0.265574	0.927453	0.30313	2.85354
0.9285	0.265575	0.927428	0.303135	2.85357	0.265574	0.927453	0.30313	2.85354
0.9295	0.265575	0.927438	0.303132	2.85354	0.265574	0.927453	0.30313	2.85354
0.9305	0.265572	0.92746	0.303124	2.85351	0.265574	0.927453	0.30313	2.85354
0.9315	0.265579	0.927435	0.303133	2.85351	0.265574	0.927453	0.30313	2.85354
0.9325	0.265592	0.927383	0.30315	2.85353	0.265574	0.927453	0.30313	2.85354
0.9335	0.265594	0.927392	0.303147	2.85348	0.265574	0.927453	0.30313	2.85354
0.9345	0.265539	0.927631	0.303068	2.85333	0.265574	0.927453	0.30313	2.85354
0.9355	0.265602	0.927346	0.30315	2.85343	0.265574	0.927453	0.30313	2.85354
0.9365	0.265482	0.92745	0.303041	2.85368	0.265574	0.927453	0.30313	2.85354
0.9375	0.261069	0.906985	0.296216	2.83657	0.265574	0.927453	0.30313	2.85354
0.9385	0.218583	0.716519	0.235658	2.69528	0.125	0	0.1	2
0.9395	0.145786	0.18919	0.127106	2.17967	0.125	0	0.1	2
0.9405	0.125871	0.00376552	0.100522	1.99654	0.125	0	0.1	2
0.9415	0.125009	6.0929e-05	0.100008	2.00001	0.125	0	0.1	2
0.9425	0.125	2.87649e-06	0.1	2	0.125	0	0.1	2
0.9435	0.125	6.92452e-08	0.1	2	0.125	0	0.1	2
0.9445	0.125	1.43368e-09	0.1	2	0.125	0	0.1	2
0.9455	0.125	4.39776e-11	0.1	2	0.125	0	0.1	2
0.9465	0.125	4.08099e-13	0.1	2	0.125	0	0.1	2
0.9475	0.125	-3.60215e-14	0.1	2	0.125	0	0.1	2
0.9485	0.125	3.19749e-15	0.1	2	0.125	0	0.1	2
0.9495	0.125	-3.66668e-16	0.1	2	0.125	0	0.1	2
0.9505	0.125	3.39991e-17	0.1	2	0.125	0	0.1	2
0.9515	0.125	0	0.1	2	0.125	0	0.1	2
0.9525	0.125	0	0.1	2	0.125	0	0.1	2
0.9535	0.125	0	0.1	2	0.125	0	0.1	2
0.9545	0.125	0	0.1	2	0.125	0	0.1	2
0.9555	0.125	0	0.1	2	0.125	0	0.1	2
0.9565	0.125	0	0.1	2	0.125	0	0.1	2
0.9575	0.125	0	0.1	2	0.125	0	0.1	2
0.9585	0.125	0	0.1	2	0.125	0	0.1	2
0.9595	0.125	0	0.1	2	0.125	0	0.1	2
0.9605	0.125	0	0.1	2	0.125	0	0.1	2
0.9615	0.125	0	0.1	2	0.125	0	0.1	2
0.9625	0.125	0	0.1	2	0.125	0	0.1	2
0.9635	0.125	0	0.1	2	0.125	0	0.1	2
0.9645	0.125	0	0.1	2	0.125	0	0.1	2
0.9655	0.125	0	0.1	2	0.125	0	0.1	2
0.9665	0.125	0	0.1	2	0.125	0	0.1	2
0.9675	0.125	0	0.1	2	0.125	0	0.1	2
0.9685	0.125	0	0.1	2	0.125	0	0.1	2
0.9695	0.125	0	0.1	2	0.125	0	0.1	2
0.9705	0.125	0	0.1	2	0.125	0	0.1	2
0.9715	0.125	0	0.1	2	0.125	0	0.1	2
0.9725	0.125	0	0.1	2	0.125	0	0.1	2
0.9735	0.125	0	0.1	2	0.125	0	0.1	2
0.9745	0.125	0	0.1	2	0.125	0	0.1	2
0.9755	0.125	0	0.1	2	0.125	0	0.1	2
0.9765	0.125	0	0.1	2	0.125	0	0.1	2
0.9775	0.125	0	0.1	2	0.125	0	0.1	2
0.9785	0.125	0	0.1	2	0.125	0	0.1	2
0.9795	0.125	0	0.1	2	0.125	0	0.1	2
0.9805	0.125	0	0.1	2	0.125	0	0.1	2
0.9815	0.125	0	0.1	2	0.125	0	0.1	2
0.9825	0.125	0	0.1	2	0.125	0	0.1	2
0.9835	0.125	0	0.1	2	0.125	0	0.1	2
0.9845	0.125	0	0.1	2	0.125	0	0.1	2
0.9855	0.125	0	0.1	2	0.125	0	0.1	2
0.9865	0.125	0	0.1	2	0.125	0	0.1	2
0.9875	0.125	0	0.1	2	0.125	0	0.1	2
0.9885	0.125	0	0.1	2	0.125	0	0.1	2
0.9895	0.125	0	0.1	2	0.125	0	0.1	2
0.9905	0.125	0	0.1	2	0.125	0	0.1	2
0.9915	0.125	0	0.1	2	0.125	0	0.1	2
0.9925	0.125	0	0.1	2	0.125	0	0.1	2
0.9935	0.125	0	0.1	2	0.125	0	0.1	2
0.9945	0.125	0	0.1	2	0.125	0	0.1	2
0.9955	0.125	0	0.1	2	0.125	0	0.1	2
0.9965	0.125	0	0.1	2	0.125	0	0.1	2
0.9975	0.125	0	0.1	2	0.125	0	0.1	2
0.9985	0.125	0	0.1	2	0.125	0	0.1	2
0.9995	0.125	0	0.1	2	0.125	0	0.1	2
