x	rho	u	p	e	rhoEx	uEx	pEx	eEx
0.005	0.999939	0.00229829	999.914	2499.94	1	0	1000	2500
0.015	0.999681	0.011946	999.553	2499.68	1	0	1000	2500
0.025	0.998607	0.0521613	998.05	2498.61	1	0	1000	2500
0.035	0.993438	0.246066	990.828	2493.43	1	0	1000	2500
0.045	0.979827	0.760475	971.878	2479.72	1	0	1000	2500
0.055	0.964647	1.34127	950.865	2464.28	0.9926	0.2777	989.656	2492.58
0.065	0.949117	1.94245	929.503	2448.34	0.974287	0.972145	964.188	2474.09
0.075	0.933401	2.55994	908.028	2432.04	0.956245	1.66659	939.284	2455.66
0.085	0.917535	3.19155	886.498	2415.44	0.938471	2.36103	914.933	2437.3
0.095	0.901595	3.83443	865.019	2398.58	0.920963	3.05548	891.126	2419.01
0.105	0.885657	4.48665	843.691	2381.54	0.903717	3.74992	867.852	2400.78
0.115	0.869771	5.14648	822.586	2364.38	0.88673	4.44437	845.1	2382.63
0.125	0.853973	5.81213	801.747	2347.11	0.87	5.13881	822.862	2364.55
0.135	0.83829	6.48262	781.211	2329.78	0.853523	5.83326	801.127	2346.53
0.145	0.822747	7.15741	761.012	2312.41	0.837297	6.5277	779.886	2328.58
0.155	0.807357	7.83572	741.16	2295.02	0.821318	7.22214	759.13	2310.71
0.165	0.792126	8.51686	721.66	2277.61	0.805585	7.91659	738.849	2292.9
0.175	0.777065	9.20076	702.525	2260.19	0.790093	8.61103	719.034	2275.16
0.185	0.762184	9.88744	683.766	2242.79	0.774841	9.30548	699.677	2257.49
0.195	0.747481	10.5765	665.374	2225.39	0.759825	9.99992	680.768	2239.88
0.205	0.732955	11.2677	647.344	2207.99	0.745043	10.6944	662.298	2222.35
0.215	0.718613	11.9611	629.682	2190.61	0.730492	11.3888	644.26	2204.89
0.225	0.704455	12.6567	612.384	2173.25	0.716169	12.0833	626.645	2187.49
0.235	0.690478	13.3542	595.443	2155.91	0.702071	12.7777	609.444	2170.16
0.245	0.676685	14.0535	578.859	2138.58	0.688197	13.4721	592.649	2152.91
0.255	0.663081	14.7549	562.634	2121.29	0.674542	14.1666	576.253	2135.72
0.265	0.649666	15.4582	546.766	2104.03	0.661106	14.861	560.247	2118.6
0.275	0.636436	16.1631	531.242	2086.79	0.647884	15.5555	544.623	2101.55
0.285	0.623392	16.8691	516.064	2069.58	0.634875	16.2499	529.375	2084.56
0.295	0.610551	17.576	501.244	2052.43	0.622075	16.9444	514.494	2067.65
0.305	0.597922	18.283	486.791	2035.34	0.609483	17.6388	499.973	2050.81
0.315	0.585505	18.9897	472.699	2018.34	0.597096	18.3333	485.804	2034.03
0.325	0.573362	19.6926	459.033	2001.5	0.58491	19.0277	471.981	2017.32
0.335	0.56663	20.12	450.902	1989.4	0.575062	19.5975	460.894	2003.67
0.345	0.563205	20.245	448.694	1991.7	0.575062	19.5975	460.894	2003.67
0.355	0.563209	20.2819	447.773	1987.6	0.575062	19.5975	460.894	2003.67
0.365	0.563808	20.2786	447.993	1986.46	0.575062	19.5975	460.894	2003.67
0.375	0.56634	20.1423	450.446	1988.41	0.575062	19.5975	460.894	2003.67
0.385	0.568809	19.9605	453.953	1995.19	0.575062	19.5975	460.894	2003.67
0.395	0.570041	19.8547	455.891	1999.38	0.575062	19.5975	460.894	2003.67
0.405	0.571478	19.7956	457.126	1999.75	0.575062	19.5975	460.894	2003.67
0.415	0.572883	19.7618	457.666	1997.2	0.575062	19.5975	460.894	2003.67
0.425	0.573021	19.7443	458.107	1998.65	0.575062	19.5975	460.894	2003.67
0.435	0.572387	19.7405	458.12	2000.92	0.575062	19.5975	460.894	2003.67
0.445	0.572087	19.7403	458.139	2002.05	0.575062	19.5975	460.894	2003.67
0.455	0.572587	19.7306	458.34	2001.18	0.575062	19.5975	460.894	2003.67
0.465	0.573292	19.7266	458.451	1999.2	0.575062	19.5975	460.894	2003.67
0.475	0.573323	19.7223	458.518	1999.38	0.575062	19.5975	460.894	2003.67
0.485	0.573092	19.7095	458.751	2001.21	0.575062	19.5975	460.894	2003.67
0.495	0.573128	19.6871	459.139	2002.78	0.575062	19.5975	460.894	2003.67
0.505	0.573631	19.6658	459.573	2002.91	0.575062	19.5975	460.894	2003.67
0.515	0.574348	19.6541	459.78	2001.31	0.575062	19.5975	460.894	2003.67
0.525	0.574499	19.6456	459.94	2001.48	0.575062	19.5975	460.894	2003.67
0.535	0.574308	19.6399	460.029	2002.54	0.575062	19.5975	460.894	2003.67
0.545	0.574128	19.6366	460.125	2003.58	0.575062	19.5975	460.894	2003.67
0.555	0.574172	19.6367	460.145	2003.51	0.575062	19.5975	460.894	2003.67
0.565	0.574437	19.6394	460.102	2002.4	0.575062	19.5975	460.894	2003.67
0.575	0.574432	19.6442	460.015	2002.04	0.575062	19.5975	460.894	2003.67
0.585	0.574366	19.6403	460.096	2002.63	0.575062	19.5975	460.894	2003.67
0.595	0.574366	19.6334	460.214	2003.14	0.575062	19.5975	460.894	2003.67
0.605	0.574491	19.6324	460.226	2002.76	0.575062	19.5975	460.894	2003.67
0.615	0.574796	19.6314	460.231	2001.71	0.575062	19.5975	460.894	2003.67
0.625	0.5749	19.6273	460.27	2001.52	0.575062	19.5975	460.894	2003.67
0.635	0.574919	19.6221	460.355	2001.83	0.575062	19.5975	460.894	2003.67
0.645	0.574844	19.6224	460.373	2002.16	0.575062	19.5975	460.894	2003.67
0.655	0.574653	19.6338	460.206	2002.1	0.575062	19.5975	460.894	2003.67
0.665	0.574571	19.6418	460.056	2001.74	0.575062	19.5975	460.894	2003.67
0.675	0.574488	19.6315	460.277	2002.99	0.575062	19.5975	460.894	2003.67
0.685	0.573476	19.6237	460.356	2006.87	0.575062	19.5975	460.894	2003.67
0.695	0.571148	19.6274	460.346	2015	0.575062	19.5975	460.894	2003.67
0.705	0.569381	19.6277	460.378	2021.4	0.575062	19.5975	460.894	2003.67
0.715	0.56919	19.6215	460.464	2022.45	0.575062	19.5975	460.894	2003.67
0.725	0.569241	19.6137	460.554	2022.67	0.575062	19.5975	460.894	2003.67
0.735	0.569281	19.6112	460.599	2022.72	0.575062	19.5975	460.894	2003.67
0.745	5.59236	19.6112	460.599	205.906	5.99924	19.5975	460.894	192.063
0.755	5.59409	19.6145	460.799	205.931	5.99924	19.5975	460.894	192.063
0.765	5.65529	19.6481	461.74	204.119	5.99924	19.5975	460.894	192.063
0.775	5.77939	19.5676	461.624	199.685	5.99924	19.5975	460.894	192.063
0.785	5.77717	19.5357	453.255	196.141	1	0	0.01	0.025
0.795	5.19385	17.7924	363.547	174.989	1	0	0.01	0.025
0.805	1.94763	8.12041	73.2058	93.9676	1	0	0.01	0.025
0.815	1.00443	0.00691246	0.0150468	0.0374509	1	0	0.01	0.025
0.825	1	3.00237e-10	0.01	0.025	1	0	0.01	0.025
0.835	1	8.38237e-19	0.01	0.025	1	0	0.01	0.025
0.845	1	0	0.01	0.025	1	0	0.01	0.025
0.855	1	0	0.01	0.025	1	0	0.01	0.025
0.865	1	0	0.01	0.025	1	0	0.01	0.025
0.875	1	0	0.01	0.025	1	0	0.01	0.025
0.885	1	0	0.01	0.025	1	0	0.01	0.025
0.895	1	0	0.01	0.025	1	0	0.01	0.025
0.905	1	0	0.01	0.025	1	0	0.01	0.025
0.915	1	0	0.01	0.025	1	0	0.01	0.025
0.925	1	0	0.01	0.025	1	0	0.01	0.025
0.935	1	0	0.01	0.025	1	0	0.01	0.025
0.945	1	0	0.01	0.025	1	0	0.01	0.025
0.955	1	0	0.01	0.025	1	0	0.01	0.025
0.965	1	0	0.01	0.025	1	0	0.01	0.025
0.975	1	0	0.01	0.025	1	0	0.01	0.025
0.985	1	0	0.01	0.025	1	0	0.01	0.025
0.995	1	0	0.01	0.025	1	0	0.01	0.025
