x	rho	u	p	e	rhoEx	uEx	pEx	eEx
0.00125	0.999999	5.21772e-05	999.998	2500	1	0	1000	2500
0.00375	0.999997	0.000115448	999.996	2500	1	0	1000	2500
0.00625	0.999994	0.000228624	999.991	2499.99	1	0	1000	2500
0.00875	0.999988	0.000443547	999.983	2499.99	1	0	1000	2500
0.01125	0.999978	0.000838753	999.969	2499.98	1	0	1000	2500
0.01375	0.999959	0.00154573	999.942	2499.96	1	0	1000	2500
0.01625	0.999926	0.00277486	999.896	2499.93	1	0	1000	2500
0.01875	0.99987	0.00485008	999.819	2499.87	1	0	1000	2500
0.02125	0.99978	0.00824986	999.691	2499.78	1	0	1000	2500
0.02375	0.999635	0.0136498	999.489	2499.64	1	0	1000	2500
0.02625	0.999413	0.0219585	999.179	2499.41	1	0	1000	2500
0.02875	0.999083	0.0343338	998.716	2499.08	1	0	1000	2500
0.03125	0.998607	0.0521657	998.05	2498.61	1	0	1000	2500
0.03375	0.997943	0.0770149	997.122	2497.94	1	0	1000	2500
0.03625	0.99705	0.110503	995.873	2497.05	1	0	1000	2500
0.03875	0.995886	0.154162	994.246	2495.88	1	0	1000	2500
0.04125	0.994419	0.209275	992.196	2494.41	1	0	1000	2500
0.04375	0.992626	0.276725	989.691	2492.61	1	0	1000	2500
0.04625	0.990497	0.356896	986.722	2490.47	1	0	1000	2500
0.04875	0.988039	0.449649	983.296	2488	1	0	1000	2500
0.05125	0.98527	0.554366	979.44	2485.21	0.999538	0.0172838	999.353	2499.54
0.05375	0.982218	0.670047	975.196	2482.13	0.994909	0.190895	992.879	2494.9
0.05625	0.978919	0.795449	970.613	2478.79	0.990296	0.364506	986.441	2490.27
0.05875	0.975409	0.929219	965.744	2475.23	0.985701	0.538117	980.038	2485.64
0.06125	0.971725	1.07002	960.642	2471.49	0.981122	0.711728	973.672	2481.01
0.06375	0.967902	1.2166	955.355	2467.59	0.976561	0.885339	967.34	2476.39
0.06625	0.96397	1.36788	949.925	2463.58	0.972017	1.05895	961.044	2471.78
0.06875	0.959952	1.52294	944.387	2459.47	0.96749	1.23256	954.783	2467.17
0.07125	0.955869	1.68104	938.769	2455.28	0.962979	1.40617	948.557	2462.56
0.07375	0.951737	1.8416	933.093	2451.03	0.958486	1.57978	942.366	2457.96
0.07625	0.947567	2.00424	927.373	2446.72	0.954009	1.75339	936.21	2453.36
0.07875	0.943364	2.1687	921.62	2442.38	0.949549	1.92701	930.088	2448.76
0.08125	0.939134	2.33484	915.84	2437.99	0.945105	2.10062	924.001	2444.17
0.08375	0.934892	2.50204	910.054	2433.58	0.940679	2.27423	917.947	2439.59
0.08625	0.930647	2.66998	904.274	2429.15	0.936268	2.44784	911.928	2435.01
0.08875	0.926401	2.83857	898.503	2424.71	0.931875	2.62145	905.943	2430.43
0.09125	0.922156	3.00771	892.745	2420.26	0.927498	2.79506	899.991	2425.86
0.09375	0.917916	3.17731	887.003	2415.81	0.923137	2.96867	894.073	2421.29
0.09625	0.913681	3.34732	881.279	2411.34	0.918793	3.14228	888.188	2416.72
0.09875	0.909453	3.51768	875.575	2406.87	0.914465	3.31589	882.336	2412.16
0.10125	0.905233	3.68834	869.892	2402.4	0.910154	3.48951	876.518	2407.61
0.10375	0.901023	3.85926	864.233	2397.92	0.905859	3.66312	870.732	2403.06
0.10625	0.896822	4.03041	858.598	2393.45	0.90158	3.83673	864.979	2398.51
0.10875	0.892633	4.20174	852.989	2388.97	0.897317	4.01034	859.259	2393.97
0.11125	0.888455	4.37324	847.405	2384.49	0.89307	4.18395	853.571	2389.43
0.11375	0.88429	4.54489	841.848	2380.01	0.88884	4.35756	847.916	2384.9
0.11625	0.880137	4.71666	836.318	2375.53	0.884625	4.53117	842.293	2380.37
0.11875	0.875998	4.88853	830.816	2371.06	0.880427	4.70478	836.701	2375.84
0.12125	0.871871	5.0605	825.343	2366.58	0.876244	4.87839	831.142	2371.32
0.12375	0.867759	5.23254	819.898	2362.11	0.872077	5.05201	825.614	2366.8
0.12625	0.86366	5.40465	814.481	2357.64	0.867927	5.22562	820.118	2362.29
0.12875	0.859575	5.57683	809.093	2353.18	0.863792	5.39923	814.653	2357.78
0.13125	0.855505	5.74905	803.735	2348.71	0.859672	5.57284	809.219	2353.28
0.13375	0.851449	5.92131	798.405	2344.25	0.855569	5.74645	803.817	2348.78
0.13625	0.847408	6.09362	793.105	2339.8	0.851481	5.92006	798.445	2344.28
0.13875	0.843381	6.26595	787.833	2335.34	0.847409	6.09367	793.104	2339.79
0.14125	0.839369	6.43831	782.591	2330.89	0.843353	6.26728	787.794	2335.31
0.14375	0.835371	6.6107	777.379	2326.45	0.839312	6.44089	782.515	2330.82
0.14625	0.831389	6.7831	772.195	2322	0.835286	6.61451	777.266	2326.35
0.14875	0.827421	6.95552	767.041	2317.57	0.831276	6.78812	772.046	2321.87
0.15125	0.823468	7.12795	761.916	2313.13	0.827282	6.96173	766.858	2317.4
0.15375	0.81953	7.30039	756.82	2308.7	0.823302	7.13534	761.698	2312.94
0.15625	0.815607	7.47285	751.752	2304.27	0.819338	7.30895	756.569	2308.48
0.15875	0.811699	7.6453	746.714	2299.85	0.81539	7.48256	751.47	2304.02
0.16125	0.807806	7.81777	741.705	2295.43	0.811456	7.65617	746.399	2299.57
0.16375	0.803927	7.99023	736.724	2291.02	0.807538	7.82978	741.359	2295.12
0.16625	0.800064	8.1627	731.772	2286.61	0.803635	8.00339	736.347	2290.68
0.16875	0.796215	8.33517	726.849	2282.2	0.799747	8.17701	731.364	2286.24
0.17125	0.792381	8.50764	721.954	2277.8	0.795874	8.35062	726.411	2281.8
0.17375	0.788562	8.68011	717.087	2273.4	0.792017	8.52423	721.486	2277.37
0.17625	0.784758	8.85257	712.249	2269.01	0.788174	8.69784	716.59	2272.94
0.17875	0.780969	9.02503	707.438	2264.62	0.784346	8.87145	711.722	2268.52
0.18125	0.777194	9.19749	702.656	2260.23	0.780533	9.04506	706.883	2264.1
0.18375	0.773434	9.36994	697.901	2255.85	0.776734	9.21867	702.072	2259.69
0.18625	0.769689	9.54238	693.175	2251.48	0.772951	9.39228	697.289	2255.28
0.18875	0.765958	9.71482	688.475	2247.11	0.769182	9.56589	692.534	2250.88
0.19125	0.762242	9.88725	683.804	2242.74	0.765428	9.73951	687.807	2246.48
0.19375	0.758541	10.0597	679.16	2238.38	0.761689	9.91312	683.107	2242.08
0.19625	0.754854	10.2321	674.543	2234.02	0.757965	10.0867	678.435	2237.69
0.19875	0.751181	10.4045	669.953	2229.67	0.754254	10.2603	673.791	2233.3
0.20125	0.747524	10.5769	665.39	2225.32	0.750559	10.434	669.173	2228.92
0.20375	0.74388	10.7493	660.855	2220.97	0.746878	10.6076	664.583	2224.54
0.20625	0.740251	10.9217	656.346	2216.63	0.743211	10.7812	660.02	2220.16
0.20875	0.736637	11.094	651.864	2212.3	0.739559	10.9548	655.484	2215.79
0.21125	0.733037	11.2664	647.408	2207.96	0.735921	11.1284	650.975	2211.43
0.21375	0.729451	11.4387	642.979	2203.64	0.732298	11.302	646.492	2207.07
0.21625	0.72588	11.6111	638.576	2199.32	0.728689	11.4756	642.035	2202.71
0.21875	0.722322	11.7834	634.199	2195	0.725094	11.6492	637.605	2198.35
0.22125	0.71878	11.9557	629.848	2190.69	0.721513	11.8228	633.202	2194.01
0.22375	0.715251	12.128	625.524	2186.38	0.717947	11.9965	628.824	2189.66
0.22625	0.711736	12.3002	621.225	2182.07	0.714394	12.1701	624.472	2185.32
0.22875	0.708236	12.4725	616.952	2177.78	0.710856	12.3437	620.146	2180.98
0.23125	0.70475	12.6447	612.704	2173.48	0.707332	12.5173	615.846	2176.65
0.23375	0.701278	12.817	608.482	2169.19	0.703821	12.6909	611.572	2172.33
0.23625	0.697819	12.9892	604.286	2164.91	0.700325	12.8645	607.322	2168
0.23875	0.694375	13.1613	600.114	2160.63	0.696842	13.0381	603.099	2163.68
0.24125	0.690945	13.3335	595.968	2156.35	0.693374	13.2117	598.9	2159.37
0.24375	0.687529	13.5057	591.847	2152.08	0.689919	13.3853	594.727	2155.06
0.24625	0.684127	13.6778	587.751	2147.81	0.686478	13.559	590.578	2150.75
0.24875	0.680739	13.8499	583.68	2143.55	0.683051	13.7326	586.454	2146.45
0.25125	0.677364	14.022	579.633	2139.3	0.679637	13.9062	582.355	2142.15
0.25375	0.674004	14.194	575.612	2135.05	0.676237	14.0798	578.281	2137.86
0.25625	0.670657	14.366	571.614	2130.8	0.672851	14.2534	574.231	2133.57
0.25875	0.667325	14.538	567.642	2126.56	0.669478	14.427	570.205	2129.29
0.26125	0.664006	14.71	563.693	2122.32	0.666119	14.6006	566.204	2125.01
0.26375	0.660701	14.8819	559.769	2118.09	0.662774	14.7742	562.226	2120.73
0.26625	0.65741	15.0538	555.869	2113.86	0.659441	14.9478	558.273	2116.46
0.26875	0.654132	15.2257	551.994	2109.64	0.656123	15.1215	554.344	2112.19
0.27125	0.650869	15.3975	548.142	2105.43	0.652817	15.2951	550.438	2107.93
0.27375	0.647619	15.5693	544.315	2101.21	0.649525	15.4687	546.556	2103.67
0.27625	0.644384	15.741	540.512	2097.01	0.646246	15.6423	542.697	2099.42
0.27875	0.641162	15.9127	536.732	2092.81	0.642981	15.8159	538.862	2095.17
0.28125	0.637955	16.0843	532.977	2088.62	0.639729	15.9895	535.05	2090.92
0.28375	0.634762	16.2558	529.246	2084.43	0.636489	16.1631	531.261	2086.68
0.28625	0.631583	16.4272	525.539	2080.25	0.633263	16.3367	527.495	2082.45
0.28875	0.628418	16.5986	521.856	2076.07	0.63005	16.5103	523.752	2078.21
0.29125	0.625269	16.7698	518.198	2071.9	0.626851	16.684	520.032	2073.99
0.29375	0.622134	16.941	514.565	2067.74	0.623664	16.8576	516.334	2069.76
0.29625	0.619014	17.1119	510.956	2063.59	0.62049	17.0312	512.659	2065.54
0.29875	0.61591	17.2827	507.372	2059.44	0.617329	17.2048	509.007	2061.33
0.30125	0.612822	17.4534	503.814	2055.31	0.614181	17.3784	505.376	2057.11
0.30375	0.60975	17.6237	500.283	2051.18	0.611046	17.552	501.768	2052.91
0.30625	0.606696	17.7939	496.778	2047.06	0.607923	17.7256	498.182	2048.71
0.30875	0.60366	17.9636	493.301	2042.96	0.604814	17.8992	494.619	2044.51
0.31125	0.600644	18.1329	489.855	2038.87	0.601717	18.0728	491.077	2040.31
0.31375	0.597651	18.3016	486.441	2034.8	0.598633	18.2465	487.556	2036.12
0.31625	0.594685	18.4695	483.065	2030.76	0.595561	18.4201	484.058	2031.94
0.31875	0.591753	18.6361	479.733	2026.75	0.592503	18.5937	480.581	2027.76
0.32125	0.588864	18.8009	476.457	2022.78	0.589456	18.7673	477.125	2023.58
0.32375	0.586033	18.963	473.254	2018.89	0.586422	18.9409	473.691	2019.41
0.32625	0.583283	19.1211	470.147	2015.09	0.583401	19.1145	470.278	2015.24
0.32875	0.580643	19.2734	467.172	2011.44	0.580392	19.2881	466.886	2011.08
0.33125	0.578154	19.4175	464.371	2007.99	0.577396	19.4617	463.515	2006.92
0.33375	0.575864	19.5505	461.798	2004.8	0.575062	19.5975	460.894	2003.67
0.33625	0.573827	19.6693	459.512	2001.96	0.575062	19.5975	460.894	2003.67
0.33875	0.572092	19.7706	457.568	1999.54	0.575062	19.5975	460.894	2003.67
0.34125	0.5707	19.8521	456.01	1997.59	0.575062	19.5975	460.894	2003.67
0.34375	0.569667	19.9127	454.855	1996.15	0.575062	19.5975	460.894	2003.67
0.34625	0.568978	19.9531	454.086	1995.18	0.575062	19.5975	460.894	2003.67
0.34875	0.568588	19.976	453.65	1994.63	0.575062	19.5975	460.894	2003.67
0.35125	0.568423	19.9858	453.465	1994.4	0.575062	19.5975	460.894	2003.67
0.35375	0.568389	19.9877	453.428	1994.35	0.575062	19.5975	460.894	2003.67
0.35625	0.568441	19.9847	453.485	1994.43	0.575062	19.5975	460.894	2003.67
0.35875	0.56868	19.9706	453.753	1994.76	0.575062	19.5975	460.894	2003.67
0.36125	0.569207	19.9397	454.342	1995.5	0.575062	19.5975	460.894	2003.67
0.36375	0.570006	19.8927	455.235	1996.62	0.575062	19.5975	460.894	2003.67
0.36625	0.570714	19.8513	456.026	1997.61	0.575062	19.5975	460.894	2003.67
0.36875	0.571255	19.8196	456.632	1998.37	0.575062	19.5975	460.894	2003.67
0.37125	0.571676	19.7949	457.104	1998.96	0.575062	19.5975	460.894	2003.67
0.37375	0.572016	19.775	457.484	1999.44	0.575062	19.5975	460.894	2003.67
0.37625	0.572301	19.7583	457.804	1999.84	0.575062	19.5975	460.894	2003.67
0.37875	0.572551	19.7437	458.083	2000.19	0.575062	19.5975	460.894	2003.67
0.38125	0.572775	19.7306	458.334	2000.5	0.575062	19.5975	460.894	2003.67
0.38375	0.572979	19.7187	458.563	2000.78	0.575062	19.5975	460.894	2003.67
0.38625	0.573166	19.7078	458.772	2001.05	0.575062	19.5975	460.894	2003.67
0.38875	0.573333	19.698	458.96	2001.28	0.575062	19.5975	460.894	2003.67
0.39125	0.573481	19.6894	459.125	2001.49	0.575062	19.5975	460.894	2003.67
0.39375	0.573608	19.6819	459.268	2001.66	0.575062	19.5975	460.894	2003.67
0.39625	0.573716	19.6756	459.389	2001.81	0.575062	19.5975	460.894	2003.67
0.39875	0.573807	19.6703	459.491	2001.94	0.575062	19.5975	460.894	2003.67
0.40125	0.573884	19.6658	459.577	2002.05	0.575062	19.5975	460.894	2003.67
0.40375	0.573949	19.662	459.651	2002.14	0.575062	19.5975	460.894	2003.67
0.40625	0.574007	19.6586	459.716	2002.22	0.575062	19.5975	460.894	2003.67
0.40875	0.574058	19.6556	459.774	2002.29	0.575062	19.5975	460.894	2003.67
0.41125	0.574105	19.6529	459.826	2002.36	0.575062	19.5975	460.894	2003.67
0.41375	0.574147	19.6505	459.873	2002.42	0.575062	19.5975	460.894	2003.67
0.41625	0.574186	19.6482	459.917	2002.47	0.575062	19.5975	460.894	2003.67
0.41875	0.574222	19.646	459.958	2002.52	0.575062	19.5975	460.894	2003.67
0.42125	0.574257	19.644	459.996	2002.57	0.575062	19.5975	460.894	2003.67
0.42375	0.57429	19.6421	460.034	2002.62	0.575062	19.5975	460.894	2003.67
0.42625	0.574322	19.6402	460.07	2002.67	0.575062	19.5975	460.894	2003.67
0.42875	0.574354	19.6383	460.106	2002.71	0.575062	19.5975	460.894	2003.67
0.43125	0.574387	19.6364	460.143	2002.76	0.575062	19.5975	460.894	2003.67
0.43375	0.574418	19.6346	460.178	2002.8	0.575062	19.5975	460.894	2003.67
0.43625	0.574449	19.6328	460.213	2002.84	0.575062	19.5975	460.894	2003.67
0.43875	0.57448	19.631	460.247	2002.89	0.575062	19.5975	460.894	2003.67
0.44125	0.574509	19.6293	460.28	2002.93	0.575062	19.5975	460.894	2003.67
0.44375	0.574537	19.6276	460.312	2002.97	0.575062	19.5975	460.894	2003.67
0.44625	0.574565	19.626	460.343	2003.01	0.575062	19.5975	460.894	2003.67
0.44875	0.574592	19.6244	460.374	2003.05	0.575062	19.5975	460.894	2003.67
0.45125	0.574619	19.6229	460.404	2003.08	0.575062	19.5975	460.894	2003.67
0.45375	0.574645	19.6213	460.434	2003.12	0.575062	19.5975	460.894	2003.67
0.45625	0.574672	19.6198	460.464	2003.16	0.575062	19.5975	460.894	2003.67
0.45875	0.574698	19.6182	460.494	2003.2	0.575062	19.5975	460.894	2003.67
0.46125	0.574725	19.6166	460.524	2003.23	0.575062	19.5975	460.894	2003.67
0.46375	0.574752	19.6151	460.554	2003.27	0.575062	19.5975	460.894	2003.67
0.46625	0.574777	19.6136	460.583	2003.31	0.575062	19.5975	460.894	2003.67
0.46875	0.574802	19.6122	460.61	2003.34	0.575062	19.5975	460.894	2003.67
0.47125	0.574824	19.6109	460.635	2003.37	0.575062	19.5975	460.894	2003.67
0.47375	0.574844	19.6097	460.658	2003.4	0.575062	19.5975	460.894	2003.67
0.47625	0.574862	19.6086	460.678	2003.43	0.575062	19.5975	460.894	2003.67
0.47875	0.574878	19.6077	460.696	2003.45	0.575062	19.5975	460.894	2003.67
0.48125	0.574892	19.6068	460.712	2003.47	0.575062	19.5975	460.894	2003.67
0.48375	0.574905	19.6061	460.727	2003.49	0.575062	19.5975	460.894	2003.67
0.48625	0.574917	19.6054	460.74	2003.51	0.575062	19.5975	460.894	2003.67
0.48875	0.574927	19.6047	460.753	2003.52	0.575062	19.5975	460.894	2003.67
0.49125	0.574937	19.6042	460.763	2003.54	0.575062	19.5975	460.894	2003.67
0.49375	0.574945	19.6037	460.772	2003.55	0.575062	19.5975	460.894	2003.67
0.49625	0.574951	19.6033	460.78	2003.56	0.575062	19.5975	460.894	2003.67
0.49875	0.574956	19.603	460.786	2003.57	0.575062	19.5975	460.894	2003.67
0.50125	0.57496	19.6028	460.791	2003.58	0.575062	19.5975	460.894	2003.67
0.50375	0.574964	19.6026	460.795	2003.58	0.575062	19.5975	460.894	2003.67
0.50625	0.574967	19.6024	460.798	2003.59	0.575062	19.5975	460.894	2003.67
0.50875	0.57497	19.6022	460.802	2003.59	0.575062	19.5975	460.894	2003.67
0.51125	0.574973	19.602	460.805	2003.6	0.575062	19.5975	460.894	2003.67
0.51375	0.574975	19.6018	460.809	2003.6	0.575062	19.5975	460.894	2003.67
0.51625	0.574978	19.6016	460.812	2003.61	0.575062	19.5975	460.894	2003.67
0.51875	0.574982	19.6014	460.817	2003.61	0.575062	19.5975	460.894	2003.67
0.52125	0.574986	19.6011	460.822	2003.62	0.575062	19.5975	460.894	2003.67
0.52375	0.574992	19.6008	460.828	2003.63	0.575062	19.5975	460.894	2003.67
0.52625	0.574998	19.6004	460.835	2003.64	0.575062	19.5975	460.894	2003.67
0.52875	0.575005	19.6	460.844	2003.65	0.575062	19.5975	460.894	2003.67
0.53125	0.575014	19.5995	460.854	2003.66	0.575062	19.5975	460.894	2003.67
0.53375	0.575023	19.5989	460.865	2003.68	0.575062	19.5975	460.894	2003.67
0.53625	0.575032	19.5984	460.875	2003.69	0.575062	19.5975	460.894	2003.67
0.53875	0.57504	19.5979	460.884	2003.71	0.575062	19.5975	460.894	2003.67
0.54125	0.575047	19.5975	460.893	2003.72	0.575062	19.5975	460.894	2003.67
0.54375	0.575053	19.5971	460.9	2003.73	0.575062	19.5975	460.894	2003.67
0.54625	0.575058	19.5968	460.905	2003.73	0.575062	19.5975	460.894	2003.67
0.54875	0.575061	19.5966	460.91	2003.74	0.575062	19.5975	460.894	2003.67
0.55125	0.575063	19.5964	460.913	2003.75	0.575062	19.5975	460.894	2003.67
0.55375	0.575065	19.5963	460.915	2003.75	0.575062	19.5975	460.894	2003.67
0.55625	0.575065	19.5963	460.916	2003.76	0.575062	19.5975	460.894	2003.67
0.55875	0.575064	19.5963	460.916	2003.76	0.575062	19.5975	460.894	2003.67
0.56125	0.575064	19.5963	460.915	2003.76	0.575062	19.5975	460.894	2003.67
0.56375	0.575062	19.5963	460.914	2003.76	0.575062	19.5975	460.894	2003.67
0.56625	0.57506	19.5965	460.912	2003.76	0.575062	19.5975	460.894	2003.67
0.56875	0.575056	19.5967	460.908	2003.75	0.575062	19.5975	460.894	2003.67
0.57125	0.575051	19.5969	460.904	2003.75	0.575062	19.5975	460.894	2003.67
0.57375	0.575046	19.5972	460.898	2003.75	0.575062	19.5975	460.894	2003.67
0.57625	0.57504	19.5974	460.893	2003.74	0.575062	19.5975	460.894	2003.67
0.57875	0.575035	19.5977	460.888	2003.74	0.575062	19.5975	460.894	2003.67
0.58125	0.575032	19.5979	460.885	2003.74	0.575062	19.5975	460.894	2003.67
0.58375	0.575029	19.598	460.883	2003.73	0.575062	19.5975	460.894	2003.67
0.58625	0.575028	19.598	460.881	2003.74	0.575062	19.5975	460.894	2003.67
0.58875	0.575027	19.5981	460.881	2003.74	0.575062	19.5975	460.894	2003.67
0.59125	0.575026	19.598	460.882	2003.74	0.575062	19.5975	460.894	2003.67
0.59375	0.575027	19.5979	460.884	2003.75	0.575062	19.5975	460.894	2003.67
0.59625	0.575029	19.5977	460.888	2003.76	0.575062	19.5975	460.894	2003.67
0.59875	0.575032	19.5975	460.892	2003.77	0.575062	19.5975	460.894	2003.67
0.60125	0.575037	19.5971	460.899	2003.78	0.575062	19.5975	460.894	2003.67
0.60375	0.575042	19.5968	460.905	2003.79	0.575062	19.5975	460.894	2003.67
0.60625	0.575047	19.5965	460.911	2003.8	0.575062	19.5975	460.894	2003.67
0.60875	0.575051	19.5962	460.917	2003.81	0.575062	19.5975	460.894	2003.67
0.61125	0.575053	19.596	460.921	2003.82	0.575062	19.5975	460.894	2003.67
0.61375	0.575054	19.5958	460.925	2003.83	0.575062	19.5975	460.894	2003.67
0.61625	0.575055	19.5956	460.927	2003.84	0.575062	19.5975	460.894	2003.67
0.61875	0.575054	19.5956	460.929	2003.85	0.575062	19.5975	460.894	2003.67
0.62125	0.575053	19.5955	460.93	2003.86	0.575062	19.5975	460.894	2003.67
0.62375	0.575052	19.5955	460.93	2003.86	0.575062	19.5975	460.894	2003.67
0.62625	0.575051	19.5955	460.93	2003.87	0.575062	19.5975	460.894	2003.67
0.62875	0.575048	19.5956	460.929	2003.87	0.575062	19.5975	460.894	2003.67
0.63125	0.575045	19.5957	460.927	2003.87	0.575062	19.5975	460.894	2003.67
0.63375	0.57504	19.5958	460.924	2003.88	0.575062	19.5975	460.894	2003.67
0.63625	0.575034	19.596	460.921	2003.89	0.575062	19.5975	460.894	2003.67
0.63875	0.575028	19.5961	460.918	2003.89	0.575062	19.5975	460.894	2003.67
0.64125	0.575021	19.5963	460.914	2003.9	0.575062	19.5975	460.894	2003.67
0.64375	0.575013	19.5966	460.91	2003.91	0.575062	19.5975	460.894	2003.67
0.64625	0.575005	19.5968	460.905	2003.92	0.575062	19.5975	460.894	2003.67
0.64875	0.574998	19.5971	460.9	2003.92	0.575062	19.5975	460.894	2003.67
0.65125	0.57499	19.5974	460.894	2003.92	0.575062	19.5975	460.894	2003.67
0.65375	0.574982	19.5976	460.889	2003.93	0.575062	19.5975	460.894	2003.67
0.65625	0.574974	19.5978	460.885	2003.94	0.575062	19.5975	460.894	2003.67
0.65875	0.574966	19.598	460.882	2003.95	0.575062	19.5975	460.894	2003.67
0.66125	0.574959	19.5981	460.881	2003.97	0.575062	19.5975	460.894	2003.67
0.66375	0.574952	19.5981	460.88	2004	0.575062	19.5975	460.894	2003.67
0.66625	0.574944	19.598	460.881	2004.03	0.575062	19.5975	460.894	2003.67
0.66875	0.574936	19.598	460.883	2004.06	0.575062	19.5975	460.894	2003.67
0.67125	0.574929	19.5978	460.886	2004.1	0.575062	19.5975	460.894	2003.67
0.67375	0.574921	19.5976	460.889	2004.14	0.575062	19.5975	460.894	2003.67
0.67625	0.574914	19.5974	460.894	2004.19	0.575062	19.5975	460.894	2003.67
0.67875	0.574905	19.5971	460.899	2004.24	0.575062	19.5975	460.894	2003.67
0.68125	0.574896	19.5969	460.903	2004.29	0.575062	19.5975	460.894	2003.67
0.68375	0.574884	19.5967	460.908	2004.35	0.575062	19.5975	460.894	2003.67
0.68625	0.574868	19.5964	460.912	2004.42	0.575062	19.5975	460.894	2003.67
0.68875	0.574848	19.5963	460.915	2004.51	0.575062	19.5975	460.894	2003.67
0.69125	0.574823	19.5961	460.918	2004.61	0.575062	19.5975	460.894	2003.67
0.69375	0.574789	19.596	460.92	2004.74	0.575062	19.5975	460.894	2003.67
0.69625	0.574743	19.596	460.921	2004.9	0.575062	19.5975	460.894	2003.67
0.69875	0.574682	19.5959	460.921	2005.11	0.575062	19.5975	460.894	2003.67
0.70125	0.574599	19.596	460.921	2005.4	0.575062	19.5975	460.894	2003.67
0.70375	0.574484	19.596	460.92	2005.8	0.575062	19.5975	460.894	2003.67
0.70625	0.57432	19.5961	460.918	2006.36	0.575062	19.5975	460.894	2003.67
0.70875	0.574088	19.5962	460.916	2007.17	0.575062	19.5975	460.894	2003.67
0.71125	0.573756	19.5964	460.913	2008.31	0.575062	19.5975	460.894	2003.67
0.71375	0.573288	19.5966	460.909	2009.94	0.575062	19.5975	460.894	2003.67
0.71625	0.572638	19.5968	460.905	2012.2	0.575062	19.5975	460.894	2003.67
0.71875	0.571758	19.597	460.9	2015.27	0.575062	19.5975	460.894	2003.67
0.72125	0.570621	19.5973	460.895	2019.27	0.575062	19.5975	460.894	2003.67
0.72375	0.569583	19.5976	460.89	2022.93	0.575062	19.5975	460.894	2003.67
0.72625	0.568922	19.5978	460.885	2025.25	0.575062	19.5975	460.894	2003.67
0.72875	0.568582	19.5981	460.88	2026.45	0.575062	19.5975	460.894	2003.67
0.73125	0.568463	19.5983	460.876	2026.85	0.575062	19.5975	460.894	2003.67
0.73375	0.568455	19.5985	460.873	2026.87	0.575062	19.5975	460.894	2003.67
0.73625	5.70074	19.5985	460.873	202.111	5.99924	19.5975	460.894	192.063
0.73875	5.70072	19.5984	460.87	202.111	5.99924	19.5975	460.894	192.063
0.74125	5.70249	19.5984	460.855	202.041	5.99924	19.5975	460.894	192.063
0.74375	5.71171	19.5982	460.846	201.711	5.99924	19.5975	460.894	192.063
0.74625	5.73451	19.5974	460.869	200.919	5.99924	19.5975	460.894	192.063
0.74875	5.77406	19.5964	460.908	199.56	5.99924	19.5975	460.894	192.063
0.75125	5.83016	19.5959	460.918	197.644	5.99924	19.5975	460.894	192.063
0.75375	5.88765	19.5962	460.92	195.715	5.99924	19.5975	460.894	192.063
0.75625	5.92873	19.5969	460.921	194.359	5.99924	19.5975	460.894	192.063
0.75875	5.95682	19.5973	460.921	193.443	5.99924	19.5975	460.894	192.063
0.76125	5.97504	19.5978	460.88	192.836	5.99924	19.5975	460.894	192.063
0.76375	5.98652	19.5978	460.844	192.45	5.99924	19.5975	460.894	192.063
0.76625	5.99313	19.5983	460.803	192.222	5.99924	19.5975	460.894	192.063
0.76875	5.99714	19.5982	460.822	192.101	5.99924	19.5975	460.894	192.063
0.77125	5.99943	19.5974	460.847	192.038	5.99924	19.5975	460.894	192.063
0.77375	6.00055	19.5957	460.86	192.008	5.99924	19.5975	460.894	192.063
0.77625	6.00075	19.5939	460.796	191.974	5.99924	19.5975	460.894	192.063
0.77875	5.99675	19.5848	460.254	191.877	5.99924	19.5975	460.894	192.063
0.78125	5.96586	19.5309	456.89	191.46	5.99924	19.5975	460.894	192.063
0.78375	5.77875	19.2124	437.343	189.203	1	0	0.01	0.025
0.78625	4.79262	17.2142	332.248	173.312	1	0	0.01	0.025
0.78875	2.16833	8.77311	86.0923	99.2612	1	0	0.01	0.025
0.79125	1.08531	0.552758	1.80005	4.14641	1	0	0.01	0.025
0.79375	1.00145	0.00105827	0.0103066	0.025729	1	0	0.01	0.025
0.79625	1	2.15723e-08	0.01	0.025	1	0	0.01	0.025
0.79875	1	2.19745e-13	0.01	0.025	1	0	0.01	0.025
0.80125	1	2.57646e-18	0.01	0.025	1	0	0.01	0.025
0.80375	1	0	0.01	0.025	1	0	0.01	0.025
0.80625	1	0	0.01	0.025	1	0	0.01	0.025
0.80875	1	0	0.01	0.025	1	0	0.01	0.025
0.81125	1	0	0.01	0.025	1	0	0.01	0.025
0.81375	1	0	0.01	0.025	1	0	0.01	0.025
0.81625	1	0	0.01	0.025	1	0	0.01	0.025
0.81875	1	0	0.01	0.025	1	0	0.01	0.025
0.82125	1	0	0.01	0.025	1	0	0.01	0.025
0.82375	1	0	0.01	0.025	1	0	0.01	0.025
0.82625	1	0	0.01	0.025	1	0	0.01	0.025
0.82875	1	0	0.01	0.025	1	0	0.01	0.025
0.83125	1	0	0.01	0.025	1	0	0.01	0.025
0.83375	1	0	0.01	0.025	1	0	0.01	0.025
0.83625	1	0	0.01	0.025	1	0	0.01	0.025
0.83875	1	0	0.01	0.025	1	0	0.01	0.025
0.84125	1	0	0.01	0.025	1	0	0.01	0.025
0.84375	1	0	0.01	0.025	1	0	0.01	0.025
0.84625	1	0	0.01	0.025	1	0	0.01	0.025
0.84875	1	0	0.01	0.025	1	0	0.01	0.025
0.85125	1	0	0.01	0.025	1	0	0.01	0.025
0.85375	1	0	0.01	0.025	1	0	0.01	0.025
0.85625	1	0	0.01	0.025	1	0	0.01	0.025
0.85875	1	0	0.01	0.025	1	0	0.01	0.025
0.86125	1	0	0.01	0.025	1	0	0.01	0.025
0.86375	1	0	0.01	0.025	1	0	0.01	0.025
0.86625	1	0	0.01	0.025	1	0	0.01	0.025
0.86875	1	0	0.01	0.025	1	0	0.01	0.025
0.87125	1	0	0.01	0.025	1	0	0.01	0.025
0.87375	1	0	0.01	0.025	1	0	0.01	0.025
0.87625	1	0	0.01	0.025	1	0	0.01	0.025
0.87875	1	0	0.01	0.025	1	0	0.01	0.025
0.88125	1	0	0.01	0.025	1	0	0.01	0.025
0.88375	1	0	0.01	0.025	1	0	0.01	0.025
0.88625	1	0	0.01	0.025	1	0	0.01	0.025
0.88875	1	0	0.01	0.025	1	0	0.01	0.025
0.89125	1	0	0.01	0.025	1	0	0.01	0.025
0.89375	1	0	0.01	0.025	1	0	0.01	0.025
0.89625	1	0	0.01	0.025	1	0	0.01	0.025
0.89875	1	0	0.01	0.025	1	0	0.01	0.025
0.90125	1	0	0.01	0.025	1	0	0.01	0.025
0.90375	1	0	0.01	0.025	1	0	0.01	0.025
0.90625	1	0	0.01	0.025	1	0	0.01	0.025
0.90875	1	0	0.01	0.025	1	0	0.01	0.025
0.91125	1	0	0.01	0.025	1	0	0.01	0.025
0.91375	1	0	0.01	0.025	1	0	0.01	0.025
0.91625	1	0	0.01	0.025	1	0	0.01	0.025
0.91875	1	0	0.01	0.025	1	0	0.01	0.025
0.92125	1	0	0.01	0.025	1	0	0.01	0.025
0.92375	1	0	0.01	0.025	1	0	0.01	0.025
0.92625	1	0	0.01	0.025	1	0	0.01	0.025
0.92875	1	0	0.01	0.025	1	0	0.01	0.025
0.93125	1	0	0.01	0.025	1	0	0.01	0.025
0.93375	1	0	0.01	0.025	1	0	0.01	0.025
0.93625	1	0	0.01	0.025	1	0	0.01	0.025
0.93875	1	0	0.01	0.025	1	0	0.01	0.025
0.94125	1	0	0.01	0.025	1	0	0.01	0.025
0.94375	1	0	0.01	0.025	1	0	0.01	0.025
0.94625	1	0	0.01	0.025	1	0	0.01	0.025
0.94875	1	0	0.01	0.025	1	0	0.01	0.025
0.95125	1	0	0.01	0.025	1	0	0.01	0.025
0.95375	1	0	0.01	0.025	1	0	0.01	0.025
0.95625	1	0	0.01	0.025	1	0	0.01	0.025
0.95875	1	0	0.01	0.025	1	0	0.01	0.025
0.96125	1	0	0.01	0.025	1	0	0.01	0.025
0.96375	1	0	0.01	0.025	1	0	0.01	0.025
0.96625	1	0	0.01	0.025	1	0	0.01	0.025
0.96875	1	0	0.01	0.025	1	0	0.01	0.025
0.97125	1	0	0.01	0.025	1	0	0.01	0.025
0.97375	1	0	0.01	0.025	1	0	0.01	0.025
0.97625	1	0	0.01	0.025	1	0	0.01	0.025
0.97875	1	0	0.01	0.025	1	0	0.01	0.025
0.98125	1	0	0.01	0.025	1	0	0.01	0.025
0.98375	1	0	0.01	0.025	1	0	0.01	0.025
0.98625	1	0	0.01	0.025	1	0	0.01	0.025
0.98875	1	0	0.01	0.025	1	0	0.01	0.025
0.99125	1	0	0.01	0.025	1	0	0.01	0.025
0.99375	1	0	0.01	0.025	1	0	0.01	0.025
0.99625	1	0	0.01	0.025	1	0	0.01	0.025
0.99875	1	0	0.01	0.025	1	0	0.01	0.025
