x	rho	u	p	e	rho_Ex	u_Ex	p_Ex	e_Ex
0.0005	1	0	0.01	0.025	1	0	0.01	0.025
0.0015	1	0	0.01	0.025	1	0	0.01	0.025
0.0025	1	0	0.01	0.025	1	0	0.01	0.025
0.0035	1	0	0.01	0.025	1	0	0.01	0.025
0.0045	1	0	0.01	0.025	1	0	0.01	0.025
0.0055	1	0	0.01	0.025	1	0	0.01	0.025
0.0065	1	0	0.01	0.025	1	0	0.01	0.025
0.0075	1	0	0.01	0.025	1	0	0.01	0.025
0.0085	1	0	0.01	0.025	1	0	0.01	0.025
0.0095	1	0	0.01	0.025	1	0	0.01	0.025
0.0105	1	0	0.01	0.025	1	0	0.01	0.025
0.0115	1	0	0.01	0.025	1	0	0.01	0.025
0.0125	1	0	0.01	0.025	1	0	0.01	0.025
0.0135	1	0	0.01	0.025	1	0	0.01	0.025
0.0145	1	0	0.01	0.025	1	0	0.01	0.025
0.0155	1	0	0.01	0.025	1	0	0.01	0.025
0.0165	1	0	0.01	0.025	1	0	0.01	0.025
0.0175	1	0	0.01	0.025	1	0	0.01	0.025
0.0185	1	0	0.01	0.025	1	0	0.01	0.025
0.0195	1	0	0.01	0.025	1	0	0.01	0.025
0.0205	1	0	0.01	0.025	1	0	0.01	0.025
0.0215	1	0	0.01	0.025	1	0	0.01	0.025
0.0225	1	0	0.01	0.025	1	0	0.01	0.025
0.0235	1	0	0.01	0.025	1	0	0.01	0.025
0.0245	1	0	0.01	0.025	1	0	0.01	0.025
0.0255	1	0	0.01	0.025	1	0	0.01	0.025
0.0265	1	0	0.01	0.025	1	0	0.01	0.025
0.0275	1	0	0.01	0.025	1	0	0.01	0.025
0.0285	1	0	0.01	0.025	1	0	0.01	0.025
0.0295	1	0	0.01	0.025	1	0	0.01	0.025
0.0305	1	0	0.01	0.025	1	0	0.01	0.025
0.0315	1	0	0.01	0.025	1	0	0.01	0.025
0.0325	1	0	0.01	0.025	1	0	0.01	0.025
0.0335	1	0	0.01	0.025	1	0	0.01	0.025
0.0345	1	0	0.01	0.025	1	0	0.01	0.025
0.0355	1	0	0.01	0.025	1	0	0.01	0.025
0.0365	1	0	0.01	0.025	1	0	0.01	0.025
0.0375	1	0	0.01	0.025	1	0	0.01	0.025
0.0385	1	0	0.01	0.025	1	0	0.01	0.025
0.0395	1	0	0.01	0.025	1	0	0.01	0.025
0.0405	1	0	0.01	0.025	1	0	0.01	0.025
0.0415	1	0	0.01	0.025	1	0	0.01	0.025
0.0425	1	0	0.01	0.025	1	0	0.01	0.025
0.0435	1	0	0.01	0.025	1	0	0.01	0.025
0.0445	1	0	0.01	0.025	1	0	0.01	0.025
0.0455	1	0	0.01	0.025	1	0	0.01	0.025
0.0465	1	0	0.01	0.025	1	0	0.01	0.025
0.0475	1	0	0.01	0.025	1	0	0.01	0.025
0.0485	1	0	0.01	0.025	1	0	0.01	0.025
0.0495	1	0	0.01	0.025	1	0	0.01	0.025
0.0505	1	0	0.01	0.025	1	0	0.01	0.025
0.0515	1	0	0.01	0.025	1	0	0.01	0.025
0.0525	1	0	0.01	0.025	1	0	0.01	0.025
0.0535	1	0	0.01	0.025	1	0	0.01	0.025
0.0545	1	0	0.01	0.025	1	0	0.01	0.025
0.0555	1	0	0.01	0.025	1	0	0.01	0.025
0.0565	1	0	0.01	0.025	1	0	0.01	0.025
0.0575	1	0	0.01	0.025	1	0	0.01	0.025
0.0585	1	0	0.01	0.025	1	0	0.01	0.025
0.0595	1	0	0.01	0.025	1	0	0.01	0.025
0.0605	1	0	0.01	0.025	1	0	0.01	0.025
0.0615	1	0	0.01	0.025	1	0	0.01	0.025
0.0625	1	0	0.01	0.025	1	0	0.01	0.025
0.0635	1	0	0.01	0.025	1	0	0.01	0.025
0.0645	1	0	0.01	0.025	1	0	0.01	0.025
0.0655	1	0	0.01	0.025	1	0	0.01	0.025
0.0665	1	0	0.01	0.025	1	0	0.01	0.025
0.0675	1	0	0.01	0.025	1	0	0.01	0.025
0.0685	1	0	0.01	0.025	1	0	0.01	0.025
0.0695	1	0	0.01	0.025	1	0	0.01	0.025
0.0705	1	0	0.01	0.025	1	0	0.01	0.025
0.0715	1	0	0.01	0.025	1	0	0.01	0.025
0.0725	1	0	0.01	0.025	1	0	0.01	0.025
0.0735	1	0	0.01	0.025	1	0	0.01	0.025
0.0745	1	0	0.01	0.025	1	0	0.01	0.025
0.0755	1	0	0.01	0.025	1	0	0.01	0.025
0.0765	1	0	0.01	0.025	1	0	0.01	0.025
0.0775	1	0	0.01	0.025	1	0	0.01	0.025
0.0785	1	0	0.01	0.025	1	0	0.01	0.025
0.0795	1	0	0.01	0.025	1	0	0.01	0.025
0.0805	1	0	0.01	0.025	1	0	0.01	0.025
0.0815	1	0	0.01	0.025	1	0	0.01	0.025
0.0825	1	0	0.01	0.025	1	0	0.01	0.025
0.0835	1	0	0.01	0.025	1	0	0.01	0.025
0.0845	1	0	0.01	0.025	1	0	0.01	0.025
0.0855	1	0	0.01	0.025	1	0	0.01	0.025
0.0865	1	0	0.01	0.025	1	0	0.01	0.025
0.0875	1	0	0.01	0.025	1	0	0.01	0.025
0.0885	1	0	0.01	0.025	1	0	0.01	0.025
0.0895	1	0	0.01	0.025	1	0	0.01	0.025
0.0905	1	0	0.01	0.025	1	0	0.01	0.025
0.0915	1	0	0.01	0.025	1	0	0.01	0.025
0.0925	1	0	0.01	0.025	1	0	0.01	0.025
0.0935	1	0	0.01	0.025	1	0	0.01	0.025
0.0945	1	0	0.01	0.025	1	0	0.01	0.025
0.0955	1	0	0.01	0.025	1	0	0.01	0.025
0.0965	1	0	0.01	0.025	1	0	0.01	0.025
0.0975	1	0	0.01	0.025	1	0	0.01	0.025
0.0985	1	0	0.01	0.025	1	0	0.01	0.025
0.0995	1	0	0.01	0.025	1	0	0.01	0.025
0.1005	1	0	0.01	0.025	1	0	0.01	0.025
0.1015	1	0	0.01	0.025	1	0	0.01	0.025
0.1025	1	0	0.01	0.025	1	0	0.01	0.025
0.1035	1	0	0.01	0.025	1	0	0.01	0.025
0.1045	1	0	0.01	0.025	1	0	0.01	0.025
0.1055	1	0	0.01	0.025	1	0	0.01	0.025
0.1065	1	0	0.01	0.025	1	0	0.01	0.025
0.1075	1	0	0.01	0.025	1	0	0.01	0.025
0.1085	1	0	0.01	0.025	1	0	0.01	0.025
0.1095	1	0	0.01	0.025	1	0	0.01	0.025
0.1105	1	0	0.01	0.025	1	0	0.01	0.025
0.1115	1	0	0.01	0.025	1	0	0.01	0.025
0.1125	1	0	0.01	0.025	1	0	0.01	0.025
0.1135	1	0	0.01	0.025	1	0	0.01	0.025
0.1145	1	0	0.01	0.025	1	0	0.01	0.025
0.1155	1	0	0.01	0.025	1	0	0.01	0.025
0.1165	1	0	0.01	0.025	1	0	0.01	0.025
0.1175	1	0	0.01	0.025	1	0	0.01	0.025
0.1185	1	0	0.01	0.025	1	0	0.01	0.025
0.1195	1	0	0.01	0.025	1	0	0.01	0.025
0.1205	1	0	0.01	0.025	1	0	0.01	0.025
0.1215	1	0	0.01	0.025	1	0	0.01	0.025
0.1225	1	0	0.01	0.025	1	0	0.01	0.025
0.1235	1	0	0.01	0.025	1	0	0.01	0.025
0.1245	1	0	0.01	0.025	1	0	0.01	0.025
0.1255	1	0	0.01	0.025	1	0	0.01	0.025
0.1265	1	0	0.01	0.025	1	0	0.01	0.025
0.1275	1	0	0.01	0.025	1	0	0.01	0.025
0.1285	1	0	0.01	0.025	1	0	0.01	0.025
0.1295	1	0	0.01	0.025	1	0	0.01	0.025
0.1305	1	0	0.01	0.025	1	0	0.01	0.025
0.1315	1	0	0.01	0.025	1	0	0.01	0.025
0.1325	1	0	0.01	0.025	1	0	0.01	0.025
0.1335	1	0	0.01	0.025	1	0	0.01	0.025
0.1345	1	0	0.01	0.025	1	0	0.01	0.025
0.1355	1	0	0.01	0.025	1	0	0.01	0.025
0.1365	1	0	0.01	0.025	1	0	0.01	0.025
0.1375	1	0	0.01	0.025	1	0	0.01	0.025
0.1385	1	0	0.01	0.025	1	0	0.01	0.025
0.1395	1	0	0.01	0.025	1	0	0.01	0.025
0.1405	1	0	0.01	0.025	1	0	0.01	0.025
0.1415	1	0	0.01	0.025	1	0	0.01	0.025
0.1425	1	0	0.01	0.025	1	0	0.01	0.025
0.1435	1	0	0.01	0.025	1	0	0.01	0.025
0.1445	1	0	0.01	0.025	1	0	0.01	0.025
0.1455	1	0	0.01	0.025	1	0	0.01	0.025
0.1465	1	0	0.01	0.025	1	0	0.01	0.025
0.1475	1	0	0.01	0.025	1	0	0.01	0.025
0.1485	1	0	0.01	0.025	1	0	0.01	0.025
0.1495	1	0	0.01	0.025	1	0	0.01	0.025
0.1505	1	0	0.01	0.025	1	0	0.01	0.025
0.1515	1	0	0.01	0.025	1	0	0.01	0.025
0.1525	1	0	0.01	0.025	1	0	0.01	0.025
0.1535	1	0	0.01	0.025	1	0	0.01	0.025
0.1545	1	0	0.01	0.025	1	0	0.01	0.025
0.1555	1	0	0.01	0.025	1	0	0.01	0.025
0.1565	1	0	0.01	0.025	1	0	0.01	0.025
0.1575	1	0	0.01	0.025	1	0	0.01	0.025
0.1585	1	0	0.01	0.025	1	0	0.01	0.025
0.1595	1	0	0.01	0.025	1	0	0.01	0.025
0.1605	1	0	0.01	0.025	1	0	0.01	0.025
0.1615	1	0	0.01	0.025	1	0	0.01	0.025
0.1625	1	0	0.01	0.025	1	0	0.01	0.025
0.1635	1	0	0.01	0.025	1	0	0.01	0.025
0.1645	1	0	0.01	0.025	1	0	0.01	0.025
0.1655	1	0	0.01	0.025	1	0	0.01	0.025
0.1665	1	0	0.01	0.025	1	0	0.01	0.025
0.1675	1	0	0.01	0.025	1	0	0.01	0.025
0.1685	1	0	0.01	0.025	1	0	0.01	0.025
0.1695	1	0	0.01	0.025	1	0	0.01	0.025
0.1705	1	0	0.01	0.025	1	0	0.01	0.025
0.1715	1	0	0.01	0.025	1	0	0.01	0.025
0.1725	1	0	0.01	0.025	1	0	0.01	0.025
0.1735	1	0	0.01	0.025	1	0	0.01	0.025
0.1745	1	0	0.01	0.025	1	0	0.01	0.025
0.1755	1	0	0.01	0.025	1	0	0.01	0.025
0.1765	1	0	0.01	0.025	1	0	0.01	0.025
0.1775	1	0	0.01	0.025	1	0	0.01	0.025
0.1785	1	0	0.01	0.025	1	0	0.01	0.025
0.1795	1	0	0.01	0.025	1	0	0.01	0.025
0.1805	1	0	0.01	0.025	1	0	0.01	0.025
0.1815	1	0	0.01	0.025	1	0	0.01	0.025
0.1825	1	0	0.01	0.025	1	0	0.01	0.025
0.1835	1	0	0.01	0.025	1	0	0.01	0.025
0.1845	1	0	0.01	0.025	1	0	0.01	0.025
0.1855	1	0	0.01	0.025	1	0	0.01	0.025
0.1865	1	0	0.01	0.025	1	0	0.01	0.025
0.1875	1	0	0.01	0.025	1	0	0.01	0.025
0.1885	1	0	0.01	0.025	1	0	0.01	0.025
0.1895	1	0	0.01	0.025	1	0	0.01	0.025
0.1905	1	0	0.01	0.025	1	0	0.01	0.025
0.1915	1	0	0.01	0.025	1	0	0.01	0.025
0.1925	1	0	0.01	0.025	1	0	0.01	0.025
0.1935	1	0	0.01	0.025	1	0	0.01	0.025
0.1945	1	0	0.01	0.025	1	0	0.01	0.025
0.1955	1	0	0.01	0.025	1	0	0.01	0.025
0.1965	1	0	0.01	0.025	1	0	0.01	0.025
0.1975	1	0	0.01	0.025	1	0	0.01	0.025
0.1985	1	0	0.01	0.025	1	0	0.01	0.025
0.1995	1	0	0.01	0.025	1	0	0.01	0.025
0.2005	1	0	0.01	0.025	1	0	0.01	0.025
0.2015	1	0	0.01	0.025	1	0	0.01	0.025
0.2025	1	0	0.01	0.025	1	0	0.01	0.025
0.2035	1	0	0.01	0.025	1	0	0.01	0.025
0.2045	1	-4.96597e-20	0.01	0.025	1	0	0.01	0.025
0.2055	1	-2.21082e-19	0.01	0.025	1	0	0.01	0.025
0.2065	1	1.76197e-19	0.01	0.025	1	0	0.01	0.025
0.2075	1	2.25165e-18	0.01	0.025	1	0	0.01	0.025
0.2085	1	-1.78441e-18	0.01	0.025	1	0	0.01	0.025
0.2095	1	-2.41817e-17	0.01	0.025	1	0	0.01	0.025
0.2105	1	3.65379e-17	0.01	0.025	1	0	0.01	0.025
0.2115	1	2.40624e-16	0.01	0.025	1	0	0.01	0.025
0.2125	1	-6.14684e-16	0.01	0.025	1	0	0.01	0.025
0.2135	1	-3.06215e-15	0.01	0.025	1	0	0.01	0.025
0.2145	1	1.19581e-14	0.01	0.025	1	0	0.01	0.025
0.2155	1	5.3306e-14	0.01	0.025	1	0	0.01	0.025
0.2165	1	-2.04586e-13	0.01	0.025	1	0	0.01	0.025
0.2175	1	-7.65111e-13	0.01	0.025	1	0	0.01	0.025
0.2185	1	2.18629e-12	0.01	0.025	1	0	0.01	0.025
0.2195	1	1.35422e-11	0.01	0.025	1	0	0.01	0.025
0.2205	1	-4.04998e-11	0.01	0.025	1	0	0.01	0.025
0.2215	1	-3.38868e-10	0.01	0.025	1	0	0.01	0.025
0.2225	1	-1.06915e-09	0.01	0.025	1	0	0.01	0.025
0.2235	1	8.33927e-09	0.00999999	0.025	1	0	0.01	0.025
0.2245	1	3.96327e-08	0.00999995	0.0249999	1	0	0.01	0.025
0.2255	1	-1.45468e-07	0.0100001	0.0250003	1	0	0.01	0.025
0.2265	1	-1.02508e-06	0.0100012	0.0250031	1	0	0.01	0.025
0.2275	0.999999	-1.86863e-06	0.0100039	0.0250097	1	0	0.01	0.025
0.2285	0.999995	2.44352e-05	0.00997091	0.0249274	1	0	0.01	0.025
0.2295	0.999999	0.000101168	0.00983573	0.0245893	1	0	0.01	0.025
0.2305	1.00014	-0.00044266	0.0104832	0.0262043	1	0	0.01	0.025
0.2315	1.00028	-0.00257656	0.0141174	0.0352837	1	0	0.01	0.025
0.2325	0.998181	-0.00265197	0.0209674	0.0525141	1	0	0.01	0.025
0.2335	0.989157	0.0572979	-0.080346	-0.203067	1	0	0.01	0.025
0.2345	0.999192	0.208964	-0.532853	-1.33321	1	0	0.01	0.025
0.2355	1.2766	-0.536252	0.445204	0.871852	1	0	0.01	0.025
0.2365	2.77311	-3.82873	15.2136	13.7153	1	0	0.01	0.025
0.2375	4.5837	-5.41767	32.3222	17.6289	1	0	0.01	0.025
0.2385	5.52695	-5.95328	41.3799	18.7173	1	0	0.01	0.025
0.2395	5.85247	-6.12168	44.6337	19.0662	1	0	0.01	0.025
0.2405	5.95224	-6.17469	45.6669	19.1806	5.99242	-6.19633	46.095	19.2306
0.2415	5.98132	-6.19001	45.9721	19.2148	5.99242	-6.19633	46.095	19.2306
0.2425	5.98945	-6.19437	46.0589	19.225	5.99242	-6.19633	46.095	19.2306
0.2435	5.99164	-6.19562	46.0829	19.228	5.99242	-6.19633	46.095	19.2306
0.2445	5.99221	-6.19596	46.0896	19.229	5.99242	-6.19633	46.095	19.2306
0.2455	5.99234	-6.19606	46.0917	19.2294	5.99242	-6.19633	46.095	19.2306
0.2465	5.99237	-6.1961	46.0924	19.2296	5.99242	-6.19633	46.095	19.2306
0.2475	5.99237	-6.19612	46.0928	19.2298	5.99242	-6.19633	46.095	19.2306
0.2485	5.99236	-6.19613	46.0931	19.23	5.99242	-6.19633	46.095	19.2306
0.2495	5.99233	-6.19615	46.0934	19.2302	5.99242	-6.19633	46.095	19.2306
0.2505	5.99225	-6.19616	46.0936	19.2305	5.99242	-6.19633	46.095	19.2306
0.2515	5.99213	-6.19617	46.0936	19.2309	5.99242	-6.19633	46.095	19.2306
0.2525	5.99197	-6.19617	46.0937	19.2314	5.99242	-6.19633	46.095	19.2306
0.2535	5.99175	-6.19617	46.0938	19.2322	5.99242	-6.19633	46.095	19.2306
0.2545	5.99144	-6.19616	46.0939	19.2332	5.99242	-6.19633	46.095	19.2306
0.2555	5.99103	-6.19616	46.0941	19.2346	5.99242	-6.19633	46.095	19.2306
0.2565	5.99047	-6.19616	46.0942	19.2365	5.99242	-6.19633	46.095	19.2306
0.2575	5.98974	-6.19616	46.0943	19.2388	5.99242	-6.19633	46.095	19.2306
0.2585	5.98886	-6.19617	46.0943	19.2417	5.99242	-6.19633	46.095	19.2306
0.2595	5.98787	-6.19617	46.0944	19.2449	5.99242	-6.19633	46.095	19.2306
0.2605	5.98689	-6.19617	46.0944	19.2481	5.99242	-6.19633	46.095	19.2306
0.2615	5.98596	-6.19617	46.0944	19.2511	5.99242	-6.19633	46.095	19.2306
0.2625	5.98507	-6.19618	46.0945	19.254	5.99242	-6.19633	46.095	19.2306
0.2635	5.98407	-6.19618	46.0946	19.2572	5.99242	-6.19633	46.095	19.2306
0.2645	5.98256	-6.19618	46.0947	19.2621	5.99242	-6.19633	46.095	19.2306
0.2655	5.97973	-6.19618	46.0948	19.2713	5.99242	-6.19633	46.095	19.2306
0.2665	5.9743	-6.19618	46.0949	19.2888	5.99242	-6.19633	46.095	19.2306
0.2675	5.96465	-6.19617	46.095	19.3201	5.99242	-6.19633	46.095	19.2306
0.2685	5.94907	-6.19617	46.0951	19.3707	5.99242	-6.19633	46.095	19.2306
0.2695	5.92633	-6.19617	46.0952	19.4451	5.99242	-6.19633	46.095	19.2306
0.2705	5.89642	-6.19618	46.0953	19.5438	5.99242	-6.19633	46.095	19.2306
0.2715	5.86147	-6.19618	46.0953	19.6603	5.99242	-6.19633	46.095	19.2306
0.2725	5.82633	-6.19618	46.0954	19.7789	5.99242	-6.19633	46.095	19.2306
0.2735	5.7948	-6.19618	46.0954	19.8865	5.99242	-6.19633	46.095	19.2306
0.2745	5.76811	-6.19618	46.0955	19.9786	5.99242	-6.19633	46.095	19.2306
0.2755	5.74658	-6.19618	46.0956	20.0535	5.99242	-6.19633	46.095	19.2306
0.2765	5.73018	-6.19618	46.0956	20.1109	5.99242	-6.19633	46.095	19.2306
0.2775	5.71853	-6.19617	46.0957	20.1519	5.99242	-6.19633	46.095	19.2306
0.2785	5.71103	-6.19617	46.0958	20.1784	5.99242	-6.19633	46.095	19.2306
0.2795	5.70687	-6.19617	46.0959	20.1932	5.99242	-6.19633	46.095	19.2306
0.2805	5.70508	-6.19617	46.096	20.1995	5.99242	-6.19633	46.095	19.2306
0.2815	5.70463	-6.19617	46.096	20.2011	5.99242	-6.19633	46.095	19.2306
0.2825	5.70459	-6.19617	46.096	20.2013	5.99242	-6.19633	46.095	19.2306
0.2835	0.57109	-6.19617	46.096	201.79	0.575113	-6.19633	46.095	200.374
0.2845	0.571091	-6.19617	46.096	201.789	0.575113	-6.19633	46.095	200.374
0.2855	0.571106	-6.19617	46.096	201.784	0.575113	-6.19633	46.095	200.374
0.2865	0.571158	-6.19616	46.096	201.766	0.575113	-6.19633	46.095	200.374
0.2875	0.571312	-6.19616	46.096	201.711	0.575113	-6.19633	46.095	200.374
0.2885	0.57161	-6.19616	46.096	201.606	0.575113	-6.19633	46.095	200.374
0.2895	0.572016	-6.19616	46.0961	201.463	0.575113	-6.19633	46.095	200.374
0.2905	0.57245	-6.19616	46.0961	201.311	0.575113	-6.19633	46.095	200.374
0.2915	0.572851	-6.19616	46.0961	201.17	0.575113	-6.19633	46.095	200.374
0.2925	0.573202	-6.19616	46.0961	201.046	0.575113	-6.19633	46.095	200.374
0.2935	0.573507	-6.19616	46.0961	200.94	0.575113	-6.19633	46.095	200.374
0.2945	0.573768	-6.19616	46.0961	200.848	0.575113	-6.19633	46.095	200.374
0.2955	0.57399	-6.19615	46.0961	200.771	0.575113	-6.19633	46.095	200.374
0.2965	0.574176	-6.19615	46.0961	200.705	0.575113	-6.19633	46.095	200.374
0.2975	0.574332	-6.19615	46.0961	200.651	0.575113	-6.19633	46.095	200.374
0.2985	0.574461	-6.19615	46.0961	200.606	0.575113	-6.19633	46.095	200.374
0.2995	0.574567	-6.19615	46.0961	200.569	0.575113	-6.19633	46.095	200.374
0.3005	0.574654	-6.19615	46.0961	200.538	0.575113	-6.19633	46.095	200.374
0.3015	0.574726	-6.19615	46.0961	200.514	0.575113	-6.19633	46.095	200.374
0.3025	0.574785	-6.19615	46.0962	200.493	0.575113	-6.19633	46.095	200.374
0.3035	0.574833	-6.19614	46.0962	200.476	0.575113	-6.19633	46.095	200.374
0.3045	0.574872	-6.19614	46.0962	200.463	0.575113	-6.19633	46.095	200.374
0.3055	0.574904	-6.19614	46.0962	200.452	0.575113	-6.19633	46.095	200.374
0.3065	0.574931	-6.19614	46.0962	200.442	0.575113	-6.19633	46.095	200.374
0.3075	0.574953	-6.19614	46.0962	200.435	0.575113	-6.19633	46.095	200.374
0.3085	0.574972	-6.19614	46.0962	200.428	0.575113	-6.19633	46.095	200.374
0.3095	0.574987	-6.19613	46.0962	200.423	0.575113	-6.19633	46.095	200.374
0.3105	0.575001	-6.19613	46.0962	200.418	0.575113	-6.19633	46.095	200.374
0.3115	0.575012	-6.19613	46.0962	200.414	0.575113	-6.19633	46.095	200.374
0.3125	0.575022	-6.19613	46.0963	200.411	0.575113	-6.19633	46.095	200.374
0.3135	0.57503	-6.19613	46.0963	200.408	0.575113	-6.19633	46.095	200.374
0.3145	0.575038	-6.19613	46.0963	200.405	0.575113	-6.19633	46.095	200.374
0.3155	0.575044	-6.19612	46.0963	200.403	0.575113	-6.19633	46.095	200.374
0.3165	0.57505	-6.19612	46.0963	200.401	0.575113	-6.19633	46.095	200.374
0.3175	0.575055	-6.19612	46.0963	200.399	0.575113	-6.19633	46.095	200.374
0.3185	0.57506	-6.19612	46.0963	200.398	0.575113	-6.19633	46.095	200.374
0.3195	0.575064	-6.19612	46.0963	200.396	0.575113	-6.19633	46.095	200.374
0.3205	0.575068	-6.19611	46.0963	200.395	0.575113	-6.19633	46.095	200.374
0.3215	0.575071	-6.19611	46.0964	200.394	0.575113	-6.19633	46.095	200.374
0.3225	0.575075	-6.19611	46.0964	200.393	0.575113	-6.19633	46.095	200.374
0.3235	0.575077	-6.19611	46.0964	200.392	0.575113	-6.19633	46.095	200.374
0.3245	0.57508	-6.19611	46.0964	200.391	0.575113	-6.19633	46.095	200.374
0.3255	0.575083	-6.1961	46.0964	200.39	0.575113	-6.19633	46.095	200.374
0.3265	0.575085	-6.1961	46.0964	200.39	0.575113	-6.19633	46.095	200.374
0.3275	0.575087	-6.1961	46.0964	200.389	0.575113	-6.19633	46.095	200.374
0.3285	0.575089	-6.1961	46.0965	200.388	0.575113	-6.19633	46.095	200.374
0.3295	0.575091	-6.19609	46.0965	200.388	0.575113	-6.19633	46.095	200.374
0.3305	0.575092	-6.19609	46.0965	200.387	0.575113	-6.19633	46.095	200.374
0.3315	0.575094	-6.19609	46.0965	200.387	0.575113	-6.19633	46.095	200.374
0.3325	0.575095	-6.19609	46.0965	200.386	0.575113	-6.19633	46.095	200.374
0.3335	0.575097	-6.19608	46.0965	200.386	0.575113	-6.19633	46.095	200.374
0.3345	0.575098	-6.19608	46.0965	200.386	0.575113	-6.19633	46.095	200.374
0.3355	0.575099	-6.19608	46.0966	200.385	0.575113	-6.19633	46.095	200.374
0.3365	0.5751	-6.19608	46.0966	200.385	0.575113	-6.19633	46.095	200.374
0.3375	0.575102	-6.19607	46.0966	200.385	0.575113	-6.19633	46.095	200.374
0.3385	0.575103	-6.19607	46.0966	200.384	0.575113	-6.19633	46.095	200.374
0.3395	0.575104	-6.19607	46.0966	200.384	0.575113	-6.19633	46.095	200.374
0.3405	0.575104	-6.19607	46.0966	200.384	0.575113	-6.19633	46.095	200.374
0.3415	0.575105	-6.19606	46.0966	200.383	0.575113	-6.19633	46.095	200.374
0.3425	0.575106	-6.19606	46.0967	200.383	0.575113	-6.19633	46.095	200.374
0.3435	0.575107	-6.19606	46.0967	200.383	0.575113	-6.19633	46.095	200.374
0.3445	0.575108	-6.19606	46.0967	200.383	0.575113	-6.19633	46.095	200.374
0.3455	0.575108	-6.19606	46.0967	200.383	0.575113	-6.19633	46.095	200.374
0.3465	0.575109	-6.19605	46.0967	200.382	0.575113	-6.19633	46.095	200.374
0.3475	0.57511	-6.19605	46.0967	200.382	0.575113	-6.19633	46.095	200.374
0.3485	0.57511	-6.19605	46.0967	200.382	0.575113	-6.19633	46.095	200.374
0.3495	0.575111	-6.19605	46.0967	200.382	0.575113	-6.19633	46.095	200.374
0.3505	0.575111	-6.19605	46.0967	200.382	0.575113	-6.19633	46.095	200.374
0.3515	0.575112	-6.19605	46.0968	200.382	0.575113	-6.19633	46.095	200.374
0.3525	0.575113	-6.19604	46.0968	200.382	0.575113	-6.19633	46.095	200.374
0.3535	0.575113	-6.19604	46.0968	200.381	0.575113	-6.19633	46.095	200.374
0.3545	0.575114	-6.19604	46.0968	200.381	0.575113	-6.19633	46.095	200.374
0.3555	0.575114	-6.19604	46.0968	200.381	0.575113	-6.19633	46.095	200.374
0.3565	0.575115	-6.19604	46.0968	200.381	0.575113	-6.19633	46.095	200.374
0.3575	0.575115	-6.19603	46.0968	200.381	0.575113	-6.19633	46.095	200.374
0.3585	0.575116	-6.19603	46.0968	200.381	0.575113	-6.19633	46.095	200.374
0.3595	0.575116	-6.19603	46.0969	200.381	0.575113	-6.19633	46.095	200.374
0.3605	0.575116	-6.19603	46.0969	200.381	0.575113	-6.19633	46.095	200.374
0.3615	0.575117	-6.19603	46.0969	200.381	0.575113	-6.19633	46.095	200.374
0.3625	0.575117	-6.19602	46.0969	200.38	0.575113	-6.19633	46.095	200.374
0.3635	0.575118	-6.19602	46.0969	200.38	0.575113	-6.19633	46.095	200.374
0.3645	0.575118	-6.19602	46.0969	200.38	0.575113	-6.19633	46.095	200.374
0.3655	0.575118	-6.19602	46.0969	200.38	0.575113	-6.19633	46.095	200.374
0.3665	0.575119	-6.19601	46.097	200.38	0.575113	-6.19633	46.095	200.374
0.3675	0.575119	-6.19601	46.097	200.38	0.575113	-6.19633	46.095	200.374
0.3685	0.57512	-6.19601	46.097	200.38	0.575113	-6.19633	46.095	200.374
0.3695	0.57512	-6.196	46.097	200.38	0.575113	-6.19633	46.095	200.374
0.3705	0.57512	-6.196	46.097	200.38	0.575113	-6.19633	46.095	200.374
0.3715	0.575121	-6.196	46.097	200.38	0.575113	-6.19633	46.095	200.374
0.3725	0.575121	-6.196	46.0971	200.38	0.575113	-6.19633	46.095	200.374
0.3735	0.575121	-6.19599	46.0971	200.38	0.575113	-6.19633	46.095	200.374
0.3745	0.575122	-6.19599	46.0971	200.38	0.575113	-6.19633	46.095	200.374
0.3755	0.575122	-6.19599	46.0971	200.38	0.575113	-6.19633	46.095	200.374
0.3765	0.575123	-6.19598	46.0971	200.38	0.575113	-6.19633	46.095	200.374
0.3775	0.575123	-6.19598	46.0972	200.38	0.575113	-6.19633	46.095	200.374
0.3785	0.575123	-6.19598	46.0972	200.38	0.575113	-6.19633	46.095	200.374
0.3795	0.575124	-6.19598	46.0972	200.38	0.575113	-6.19633	46.095	200.374
0.3805	0.575124	-6.19597	46.0972	200.379	0.575113	-6.19633	46.095	200.374
0.3815	0.575124	-6.19597	46.0972	200.379	0.575113	-6.19633	46.095	200.374
0.3825	0.575124	-6.19597	46.0972	200.379	0.575113	-6.19633	46.095	200.374
0.3835	0.575125	-6.19596	46.0973	200.379	0.575113	-6.19633	46.095	200.374
0.3845	0.575125	-6.19596	46.0973	200.379	0.575113	-6.19633	46.095	200.374
0.3855	0.575125	-6.19596	46.0973	200.379	0.575113	-6.19633	46.095	200.374
0.3865	0.575126	-6.19595	46.0973	200.379	0.575113	-6.19633	46.095	200.374
0.3875	0.575126	-6.19595	46.0973	200.379	0.575113	-6.19633	46.095	200.374
0.3885	0.575126	-6.19595	46.0974	200.379	0.575113	-6.19633	46.095	200.374
0.3895	0.575127	-6.19594	46.0974	200.379	0.575113	-6.19633	46.095	200.374
0.3905	0.575127	-6.19594	46.0974	200.379	0.575113	-6.19633	46.095	200.374
0.3915	0.575127	-6.19594	46.0974	200.379	0.575113	-6.19633	46.095	200.374
0.3925	0.575128	-6.19593	46.0975	200.379	0.575113	-6.19633	46.095	200.374
0.3935	0.575128	-6.19593	46.0975	200.379	0.575113	-6.19633	46.095	200.374
0.3945	0.575128	-6.19592	46.0975	200.379	0.575113	-6.19633	46.095	200.374
0.3955	0.575129	-6.19592	46.0975	200.379	0.575113	-6.19633	46.095	200.374
0.3965	0.575129	-6.19592	46.0975	200.379	0.575113	-6.19633	46.095	200.374
0.3975	0.575129	-6.19591	46.0976	200.379	0.575113	-6.19633	46.095	200.374
0.3985	0.575129	-6.19591	46.0976	200.379	0.575113	-6.19633	46.095	200.374
0.3995	0.57513	-6.19591	46.0976	200.379	0.575113	-6.19633	46.095	200.374
0.4005	0.57513	-6.1959	46.0976	200.379	0.575113	-6.19633	46.095	200.374
0.4015	0.57513	-6.1959	46.0976	200.379	0.575113	-6.19633	46.095	200.374
0.4025	0.57513	-6.1959	46.0977	200.379	0.575113	-6.19633	46.095	200.374
0.4035	0.575131	-6.1959	46.0977	200.379	0.575113	-6.19633	46.095	200.374
0.4045	0.575131	-6.19589	46.0977	200.379	0.575113	-6.19633	46.095	200.374
0.4055	0.575131	-6.19589	46.0977	200.379	0.575113	-6.19633	46.095	200.374
0.4065	0.575131	-6.19589	46.0977	200.379	0.575113	-6.19633	46.095	200.374
0.4075	0.575132	-6.19588	46.0978	200.379	0.575113	-6.19633	46.095	200.374
0.4085	0.575132	-6.19588	46.0978	200.379	0.575113	-6.19633	46.095	200.374
0.4095	0.575132	-6.19588	46.0978	200.379	0.575113	-6.19633	46.095	200.374
0.4105	0.575132	-6.19587	46.0978	200.379	0.575113	-6.19633	46.095	200.374
0.4115	0.575133	-6.19587	46.0978	200.379	0.575113	-6.19633	46.095	200.374
0.4125	0.575133	-6.19587	46.0978	200.379	0.575113	-6.19633	46.095	200.374
0.4135	0.575133	-6.19586	46.0979	200.379	0.575113	-6.19633	46.095	200.374
0.4145	0.575133	-6.19586	46.0979	200.379	0.575113	-6.19633	46.095	200.374
0.4155	0.575134	-6.19586	46.0979	200.379	0.575113	-6.19633	46.095	200.374
0.4165	0.575134	-6.19585	46.0979	200.379	0.575113	-6.19633	46.095	200.374
0.4175	0.575134	-6.19585	46.098	200.379	0.575113	-6.19633	46.095	200.374
0.4185	0.575134	-6.19585	46.098	200.379	0.575113	-6.19633	46.095	200.374
0.4195	0.575135	-6.19584	46.098	200.379	0.575113	-6.19633	46.095	200.374
0.4205	0.575135	-6.19584	46.098	200.379	0.575113	-6.19633	46.095	200.374
0.4215	0.575135	-6.19584	46.098	200.379	0.575113	-6.19633	46.095	200.374
0.4225	0.575135	-6.19583	46.098	200.379	0.575113	-6.19633	46.095	200.374
0.4235	0.575136	-6.19583	46.0981	200.379	0.575113	-6.19633	46.095	200.374
0.4245	0.575136	-6.19583	46.0981	200.379	0.575113	-6.19633	46.095	200.374
0.4255	0.575136	-6.19583	46.0981	200.379	0.575113	-6.19633	46.095	200.374
0.4265	0.575136	-6.19582	46.0981	200.379	0.575113	-6.19633	46.095	200.374
0.4275	0.575136	-6.19582	46.0981	200.379	0.575113	-6.19633	46.095	200.374
0.4285	0.575137	-6.19582	46.0982	200.379	0.575113	-6.19633	46.095	200.374
0.4295	0.575137	-6.19581	46.0982	200.379	0.575113	-6.19633	46.095	200.374
0.4305	0.575137	-6.19581	46.0982	200.379	0.575113	-6.19633	46.095	200.374
0.4315	0.575137	-6.19581	46.0982	200.379	0.575113	-6.19633	46.095	200.374
0.4325	0.575137	-6.19581	46.0982	200.379	0.575113	-6.19633	46.095	200.374
0.4335	0.575138	-6.1958	46.0982	200.379	0.575113	-6.19633	46.095	200.374
0.4345	0.575138	-6.1958	46.0983	200.379	0.575113	-6.19633	46.095	200.374
0.4355	0.575138	-6.1958	46.0983	200.379	0.575113	-6.19633	46.095	200.374
0.4365	0.575138	-6.19579	46.0983	200.379	0.575113	-6.19633	46.095	200.374
0.4375	0.575138	-6.19579	46.0983	200.379	0.575113	-6.19633	46.095	200.374
0.4385	0.575139	-6.19579	46.0983	200.379	0.575113	-6.19633	46.095	200.374
0.4395	0.575139	-6.19578	46.0984	200.379	0.575113	-6.19633	46.095	200.374
0.4405	0.575139	-6.19578	46.0984	200.379	0.575113	-6.19633	46.095	200.374
0.4415	0.575139	-6.19578	46.0984	200.379	0.575113	-6.19633	46.095	200.374
0.4425	0.57514	-6.19577	46.0984	200.379	0.575113	-6.19633	46.095	200.374
0.4435	0.57514	-6.19577	46.0984	200.379	0.575113	-6.19633	46.095	200.374
0.4445	0.57514	-6.19577	46.0985	200.379	0.575113	-6.19633	46.095	200.374
0.4455	0.57514	-6.19577	46.0985	200.379	0.575113	-6.19633	46.095	200.374
0.4465	0.57514	-6.19576	46.0985	200.379	0.575113	-6.19633	46.095	200.374
0.4475	0.57514	-6.19576	46.0985	200.379	0.575113	-6.19633	46.095	200.374
0.4485	0.575141	-6.19576	46.0985	200.379	0.575113	-6.19633	46.095	200.374
0.4495	0.575141	-6.19575	46.0985	200.379	0.575113	-6.19633	46.095	200.374
0.4505	0.575141	-6.19575	46.0985	200.379	0.575113	-6.19633	46.095	200.374
0.4515	0.575141	-6.19575	46.0986	200.379	0.575113	-6.19633	46.095	200.374
0.4525	0.575141	-6.19575	46.0986	200.379	0.575113	-6.19633	46.095	200.374
0.4535	0.575141	-6.19574	46.0986	200.379	0.575113	-6.19633	46.095	200.374
0.4545	0.575142	-6.19574	46.0986	200.379	0.575113	-6.19633	46.095	200.374
0.4555	0.575142	-6.19574	46.0986	200.379	0.575113	-6.19633	46.095	200.374
0.4565	0.575142	-6.19574	46.0986	200.379	0.575113	-6.19633	46.095	200.374
0.4575	0.575142	-6.19573	46.0987	200.379	0.575113	-6.19633	46.095	200.374
0.4585	0.575142	-6.19573	46.0987	200.379	0.575113	-6.19633	46.095	200.374
0.4595	0.575142	-6.19573	46.0987	200.379	0.575113	-6.19633	46.095	200.374
0.4605	0.575143	-6.19573	46.0987	200.379	0.575113	-6.19633	46.095	200.374
0.4615	0.575143	-6.19572	46.0987	200.379	0.575113	-6.19633	46.095	200.374
0.4625	0.575143	-6.19572	46.0987	200.379	0.575113	-6.19633	46.095	200.374
0.4635	0.575143	-6.19572	46.0987	200.379	0.575113	-6.19633	46.095	200.374
0.4645	0.575143	-6.19572	46.0987	200.379	0.575113	-6.19633	46.095	200.374
0.4655	0.575143	-6.19572	46.0988	200.379	0.575113	-6.19633	46.095	200.374
0.4665	0.575143	-6.19572	46.0988	200.379	0.575113	-6.19633	46.095	200.374
0.4675	0.575143	-6.19571	46.0988	200.379	0.575113	-6.19633	46.095	200.374
0.4685	0.575144	-6.19571	46.0988	200.379	0.575113	-6.19633	46.095	200.374
0.4695	0.575144	-6.19571	46.0988	200.379	0.575113	-6.19633	46.095	200.374
0.4705	0.575144	-6.19571	46.0988	200.379	0.575113	-6.19633	46.095	200.374
0.4715	0.575144	-6.19571	46.0988	200.379	0.575113	-6.19633	46.095	200.374
0.4725	0.575144	-6.19571	46.0988	200.379	0.575113	-6.19633	46.095	200.374
0.4735	0.575144	-6.19571	46.0988	200.379	0.575113	-6.19633	46.095	200.374
0.4745	0.575144	-6.19571	46.0988	200.379	0.575113	-6.19633	46.095	200.374
0.4755	0.575144	-6.19571	46.0988	200.379	0.575113	-6.19633	46.095	200.374
0.4765	0.575144	-6.19571	46.0988	200.379	0.575113	-6.19633	46.095	200.374
0.4775	0.575144	-6.19571	46.0988	200.379	0.575113	-6.19633	46.095	200.374
0.4785	0.575144	-6.19571	46.0988	200.379	0.575113	-6.19633	46.095	200.374
0.4795	0.575144	-6.19571	46.0988	200.379	0.575113	-6.19633	46.095	200.374
0.4805	0.575144	-6.19571	46.0988	200.379	0.575113	-6.19633	46.095	200.374
0.4815	0.575144	-6.19571	46.0988	200.379	0.575113	-6.19633	46.095	200.374
0.4825	0.575144	-6.19571	46.0988	200.379	0.575113	-6.19633	46.095	200.374
0.4835	0.575144	-6.19571	46.0988	200.379	0.575113	-6.19633	46.095	200.374
0.4845	0.575144	-6.19572	46.0988	200.379	0.575113	-6.19633	46.095	200.374
0.4855	0.575144	-6.19572	46.0988	200.379	0.575113	-6.19633	46.095	200.374
0.4865	0.575144	-6.19572	46.0988	200.379	0.575113	-6.19633	46.095	200.374
0.4875	0.575144	-6.19572	46.0987	200.379	0.575113	-6.19633	46.095	200.374
0.4885	0.575143	-6.19572	46.0987	200.379	0.575113	-6.19633	46.095	200.374
0.4895	0.575143	-6.19573	46.0987	200.379	0.575113	-6.19633	46.095	200.374
0.4905	0.575143	-6.19573	46.0987	200.379	0.575113	-6.19633	46.095	200.374
0.4915	0.575143	-6.19573	46.0987	200.379	0.575113	-6.19633	46.095	200.374
0.4925	0.575143	-6.19574	46.0986	200.379	0.575113	-6.19633	46.095	200.374
0.4935	0.575142	-6.19574	46.0986	200.379	0.575113	-6.19633	46.095	200.374
0.4945	0.575142	-6.19575	46.0986	200.379	0.575113	-6.19633	46.095	200.374
0.4955	0.575142	-6.19575	46.0985	200.379	0.575113	-6.19633	46.095	200.374
0.4965	0.575142	-6.19576	46.0985	200.379	0.575113	-6.19633	46.095	200.374
0.4975	0.575141	-6.19577	46.0985	200.379	0.575113	-6.19633	46.095	200.374
0.4985	0.575141	-6.19577	46.0984	200.379	0.575113	-6.19633	46.095	200.374
0.4995	0.57514	-6.19578	46.0984	200.379	0.575113	-6.19633	46.095	200.374
0.5005	0.57514	-6.19579	46.0983	200.379	0.575113	-6.19633	46.095	200.374
0.5015	0.57514	-6.1958	46.0983	200.379	0.575113	-6.19633	46.095	200.374
0.5025	0.575139	-6.19581	46.0982	200.379	0.575113	-6.19633	46.095	200.374
0.5035	0.575139	-6.19582	46.0981	200.378	0.575113	-6.19633	46.095	200.374
0.5045	0.575138	-6.19583	46.0981	200.378	0.575113	-6.19633	46.095	200.374
0.5055	0.575137	-6.19584	46.098	200.378	0.575113	-6.19633	46.095	200.374
0.5065	0.575137	-6.19585	46.0979	200.378	0.575113	-6.19633	46.095	200.374
0.5075	0.575136	-6.19587	46.0978	200.378	0.575113	-6.19633	46.095	200.374
0.5085	0.575135	-6.19588	46.0977	200.378	0.575113	-6.19633	46.095	200.374
0.5095	0.575134	-6.1959	46.0976	200.378	0.575113	-6.19633	46.095	200.374
0.5105	0.575133	-6.19592	46.0975	200.378	0.575113	-6.19633	46.095	200.374
0.5115	0.575132	-6.19594	46.0974	200.378	0.575113	-6.19633	46.095	200.374
0.5125	0.575131	-6.19596	46.0973	200.377	0.575113	-6.19633	46.095	200.374
0.5135	0.57513	-6.19598	46.0972	200.377	0.575113	-6.19633	46.095	200.374
0.5145	0.575129	-6.196	46.097	200.377	0.575113	-6.19633	46.095	200.374
0.5155	0.575128	-6.19602	46.0969	200.377	0.575113	-6.19633	46.095	200.374
0.5165	0.575126	-6.19605	46.0967	200.377	0.575113	-6.19633	46.095	200.374
0.5175	0.575125	-6.19607	46.0966	200.376	0.575113	-6.19633	46.095	200.374
0.5185	0.575123	-6.1961	46.0964	200.376	0.575113	-6.19633	46.095	200.374
0.5195	0.575122	-6.19613	46.0963	200.376	0.575113	-6.19633	46.095	200.374
0.5205	0.575121	-6.19615	46.0961	200.376	0.575113	-6.19633	46.095	200.374
0.5215	0.575119	-6.19618	46.0959	200.376	0.575113	-6.19633	46.095	200.374
0.5225	0.575117	-6.19622	46.0957	200.375	0.575113	-6.19633	46.095	200.374
0.5235	0.575115	-6.19625	46.0955	200.375	0.575113	-6.19633	46.095	200.374
0.5245	0.575114	-6.19628	46.0953	200.375	0.575113	-6.19633	46.095	200.374
0.5255	0.575112	-6.19632	46.0951	200.375	0.575113	-6.19633	46.095	200.374
0.5265	0.57511	-6.19636	46.0949	200.374	0.575113	-6.19633	46.095	200.374
0.5275	0.575107	-6.1964	46.0946	200.374	0.575113	-6.19633	46.095	200.374
0.5285	0.575105	-6.19644	46.0943	200.374	0.575113	-6.19633	46.095	200.374
0.5295	0.575103	-6.19649	46.0941	200.373	0.575113	-6.19633	46.095	200.374
0.5305	0.5751	-6.19654	46.0938	200.373	0.575113	-6.19633	46.095	200.374
0.5315	0.575097	-6.19659	46.0935	200.373	0.575113	-6.19633	46.095	200.374
0.5325	0.575094	-6.19664	46.0931	200.372	0.575113	-6.19633	46.095	200.374
0.5335	0.575091	-6.1967	46.0928	200.372	0.575113	-6.19633	46.095	200.374
0.5345	0.575088	-6.19675	46.0924	200.371	0.575113	-6.19633	46.095	200.374
0.5355	0.575085	-6.19681	46.0921	200.371	0.575113	-6.19633	46.095	200.374
0.5365	0.575081	-6.19688	46.0917	200.37	0.575113	-6.19633	46.095	200.374
0.5375	0.575078	-6.19694	46.0913	200.37	0.575113	-6.19633	46.095	200.374
0.5385	0.575074	-6.19701	46.0909	200.369	0.575113	-6.19633	46.095	200.374
0.5395	0.57507	-6.19708	46.0904	200.369	0.575113	-6.19633	46.095	200.374
0.5405	0.575066	-6.19716	46.09	200.368	0.575113	-6.19633	46.095	200.374
0.5415	0.575062	-6.19724	46.0895	200.368	0.575113	-6.19633	46.095	200.374
0.5425	0.575058	-6.19732	46.089	200.367	0.575113	-6.19633	46.095	200.374
0.5435	0.575053	-6.1974	46.0885	200.366	0.575113	-6.19633	46.095	200.374
0.5445	0.575049	-6.19748	46.088	200.366	0.575113	-6.19633	46.095	200.374
0.5455	0.575044	-6.19757	46.0875	200.365	0.575113	-6.19633	46.095	200.374
0.5465	0.575039	-6.19766	46.0869	200.364	0.575113	-6.19633	46.095	200.374
0.5475	0.575034	-6.19776	46.0863	200.364	0.575113	-6.19633	46.095	200.374
0.5485	0.575028	-6.19786	46.0857	200.363	0.575113	-6.19633	46.095	200.374
0.5495	0.575023	-6.19796	46.0851	200.362	0.575113	-6.19633	46.095	200.374
0.5505	0.575017	-6.19807	46.0844	200.361	0.575113	-6.19633	46.095	200.374
0.5515	0.575011	-6.19818	46.0838	200.36	0.575113	-6.19633	46.095	200.374
0.5525	0.575005	-6.19829	46.0831	200.36	0.575113	-6.19633	46.095	200.374
0.5535	0.574998	-6.19841	46.0823	200.359	0.575113	-6.19633	46.095	200.374
0.5545	0.574991	-6.19854	46.0816	200.358	0.575113	-6.19633	46.095	200.374
0.5555	0.574984	-6.19867	46.0808	200.357	0.575113	-6.19633	46.095	200.374
0.5565	0.574977	-6.19881	46.0799	200.356	0.575113	-6.19633	46.095	200.374
0.5575	0.574969	-6.19895	46.0791	200.355	0.575113	-6.19633	46.095	200.374
0.5585	0.574961	-6.19909	46.0782	200.353	0.575113	-6.19633	46.095	200.374
0.5595	0.574953	-6.19924	46.0773	200.352	0.575113	-6.19633	46.095	200.374
0.5605	0.574945	-6.1994	46.0763	200.351	0.575113	-6.19633	46.095	200.374
0.5615	0.574936	-6.19957	46.0753	200.35	0.575113	-6.19633	46.095	200.374
0.5625	0.574926	-6.19974	46.0743	200.349	0.575113	-6.19633	46.095	200.374
0.5635	0.574917	-6.19991	46.0732	200.347	0.575113	-6.19633	46.095	200.374
0.5645	0.574907	-6.20009	46.0721	200.346	0.575113	-6.19633	46.095	200.374
0.5655	0.574897	-6.20028	46.071	200.344	0.575113	-6.19633	46.095	200.374
0.5665	0.574887	-6.20047	46.0698	200.343	0.575113	-6.19633	46.095	200.374
0.5675	0.574876	-6.20067	46.0686	200.342	0.575113	-6.19633	46.095	200.374
0.5685	0.574865	-6.20087	46.0674	200.34	0.575113	-6.19633	46.095	200.374
0.5695	0.574854	-6.20108	46.0661	200.338	0.575113	-6.19633	46.095	200.374
0.5705	0.574842	-6.20129	46.0648	200.337	0.575113	-6.19633	46.095	200.374
0.5715	0.57483	-6.20151	46.0635	200.335	0.575113	-6.19633	46.095	200.374
0.5725	0.574818	-6.20173	46.0621	200.333	0.575113	-6.19633	46.095	200.374
0.5735	0.574806	-6.20196	46.0607	200.332	0.575113	-6.19633	46.095	200.374
0.5745	0.574793	-6.2022	46.0593	200.33	0.575113	-6.19633	46.095	200.374
0.5755	0.57478	-6.20244	46.0578	200.328	0.575113	-6.19633	46.095	200.374
0.5765	0.574766	-6.2027	46.0563	200.326	0.575113	-6.19633	46.095	200.374
0.5775	0.574752	-6.20296	46.0547	200.324	0.575113	-6.19633	46.095	200.374
0.5785	0.574737	-6.20323	46.053	200.322	0.575113	-6.19633	46.095	200.374
0.5795	0.574722	-6.20351	46.0513	200.32	0.575113	-6.19633	46.095	200.374
0.5805	0.574706	-6.2038	46.0495	200.318	0.575113	-6.19633	46.095	200.374
0.5815	0.57469	-6.2041	46.0477	200.316	0.575113	-6.19633	46.095	200.374
0.5825	0.574673	-6.2044	46.0459	200.313	0.575113	-6.19633	46.095	200.374
0.5835	0.574657	-6.20471	46.044	200.311	0.575113	-6.19633	46.095	200.374
0.5845	0.57464	-6.20502	46.0421	200.309	0.575113	-6.19633	46.095	200.374
0.5855	0.574622	-6.20534	46.0402	200.306	0.575113	-6.19633	46.095	200.374
0.5865	0.574605	-6.20566	46.0382	200.304	0.575113	-6.19633	46.095	200.374
0.5875	0.574587	-6.20599	46.0362	200.301	0.575113	-6.19633	46.095	200.374
0.5885	0.574569	-6.20633	46.0342	200.299	0.575113	-6.19633	46.095	200.374
0.5895	0.574551	-6.20667	46.0321	200.296	0.575113	-6.19633	46.095	200.374
0.5905	0.574532	-6.20702	46.03	200.293	0.575113	-6.19633	46.095	200.374
0.5915	0.574512	-6.20737	46.0278	200.291	0.575113	-6.19633	46.095	200.374
0.5925	0.574492	-6.20774	46.0256	200.288	0.575113	-6.19633	46.095	200.374
0.5935	0.574472	-6.20812	46.0232	200.285	0.575113	-6.19633	46.095	200.374
0.5945	0.57445	-6.20852	46.0208	200.282	0.575113	-6.19633	46.095	200.374
0.5955	0.574428	-6.20893	46.0183	200.279	0.575113	-6.19633	46.095	200.374
0.5965	0.574404	-6.20936	46.0157	200.276	0.575113	-6.19633	46.095	200.374
0.5975	0.57438	-6.20981	46.013	200.272	0.575113	-6.19633	46.095	200.374
0.5985	0.574355	-6.21027	46.0101	200.269	0.575113	-6.19633	46.095	200.374
0.5995	0.574329	-6.21076	46.0072	200.265	0.575113	-6.19633	46.095	200.374
0.6005	0.574301	-6.21126	46.0041	200.261	0.575113	-6.19633	46.095	200.374
0.6015	0.574273	-6.21179	46.0009	200.257	0.575113	-6.19633	46.095	200.374
0.6025	0.574243	-6.21233	45.9976	200.253	0.575113	-6.19633	46.095	200.374
0.6035	0.574212	-6.21291	45.9941	200.249	0.575113	-6.19633	46.095	200.374
0.6045	0.57418	-6.21351	45.9905	200.244	0.575113	-6.19633	46.095	200.374
0.6055	0.574145	-6.21414	45.9866	200.24	0.575113	-6.19633	46.095	200.374
0.6065	0.574109	-6.21481	45.9826	200.234	0.575113	-6.19633	46.095	200.374
0.6075	0.574072	-6.2155	45.9784	200.229	0.575113	-6.19633	46.095	200.374
0.6085	0.574033	-6.21622	45.974	200.224	0.575113	-6.19633	46.095	200.374
0.6095	0.573993	-6.21694	45.9696	200.218	0.575113	-6.19633	46.095	200.374
0.6105	0.573953	-6.21768	45.9651	200.213	0.575113	-6.19633	46.095	200.374
0.6115	0.573912	-6.21844	45.9605	200.207	0.575113	-6.19633	46.095	200.374
0.6125	0.573866	-6.21929	45.9554	200.201	0.575113	-6.19633	46.095	200.374
0.6135	0.573812	-6.22028	45.9493	200.193	0.575113	-6.19633	46.095	200.374
0.6145	0.573745	-6.22153	45.9417	200.184	0.575113	-6.19633	46.095	200.374
0.6155	0.573659	-6.22311	45.9322	200.172	0.575113	-6.19633	46.095	200.374
0.6165	0.573556	-6.22501	45.9206	200.157	0.575113	-6.19633	46.095	200.374
0.6175	0.573443	-6.2271	45.9079	200.142	0.575113	-6.19633	46.095	200.374
0.6185	0.573333	-6.22913	45.8956	200.126	0.575113	-6.19633	46.095	200.374
0.6195	0.573236	-6.23093	45.8847	200.113	0.575113	-6.19633	46.095	200.374
0.6205	0.573154	-6.23244	45.8755	200.101	0.575113	-6.19633	46.095	200.374
0.6215	0.573088	-6.23365	45.8681	200.092	0.575113	-6.19633	46.095	200.374
0.6225	0.573038	-6.23458	45.8625	200.085	0.575113	-6.19633	46.095	200.374
0.6235	0.573	-6.23528	45.8582	200.08	0.575113	-6.19633	46.095	200.374
0.6245	0.572968	-6.23587	45.8547	200.075	0.575113	-6.19633	46.095	200.374
0.6255	0.572936	-6.23647	45.851	200.071	0.575113	-6.19633	46.095	200.374
0.6265	0.572887	-6.23737	45.8456	200.064	0.575113	-6.19633	46.095	200.374
0.6275	0.572794	-6.23908	45.8352	200.051	0.575113	-6.19633	46.095	200.374
0.6285	0.572569	-6.24324	45.81	200.019	0.575113	-6.19633	46.095	200.374
0.6295	0.572095	-6.25201	45.7569	199.953	0.575113	-6.19633	46.095	200.374
0.6305	0.571353	-6.26574	45.6738	199.849	0.575113	-6.19633	46.095	200.374
0.6315	0.570403	-6.28333	45.5676	199.717	0.575113	-6.19633	46.095	200.374
0.6325	0.569377	-6.30238	45.4528	199.573	0.575113	-6.19633	46.095	200.374
0.6335	0.568412	-6.3203	45.345	199.437	0.575113	-6.19633	46.095	200.374
0.6345	0.567568	-6.33602	45.2508	199.319	0.575113	-6.19633	46.095	200.374
0.6355	0.566858	-6.34924	45.1715	199.219	0.575113	-6.19633	46.095	200.374
0.6365	0.566285	-6.35992	45.1076	199.138	0.575113	-6.19633	46.095	200.374
0.6375	0.565843	-6.36817	45.0583	199.076	0.575113	-6.19633	46.095	200.374
0.6385	0.56552	-6.3742	45.0223	199.031	0.575113	-6.19633	46.095	200.374
0.6395	0.565298	-6.37834	44.9976	198.999	0.575113	-6.19633	46.095	200.374
0.6405	0.56516	-6.38092	44.9822	198.98	0.575113	-6.19633	46.095	200.374
0.6415	0.565085	-6.38233	44.9738	198.969	0.575113	-6.19633	46.095	200.374
0.6425	0.565054	-6.38289	44.9704	198.965	0.575113	-6.19633	46.095	200.374
0.6435	0.565049	-6.38299	44.9698	198.964	0.575113	-6.19633	46.095	200.374
0.6445	0.565066	-6.38268	44.9717	198.967	0.575113	-6.19633	46.095	200.374
0.6455	0.565143	-6.38123	44.9803	198.978	0.575113	-6.19633	46.095	200.374
0.6465	0.565437	-6.37575	45.013	199.019	0.575113	-6.19633	46.095	200.374
0.6475	0.566116	-6.36306	45.0888	199.115	0.575113	-6.19633	46.095	200.374
0.6485	0.567131	-6.34414	45.2021	199.257	0.575113	-6.19633	46.095	200.374
0.6495	0.568344	-6.32158	45.3374	199.428	0.575113	-6.19633	46.095	200.374
0.6505	0.569659	-6.29713	45.4844	199.612	0.575113	-6.19633	46.095	200.374
0.6515	0.571014	-6.27202	45.6359	199.802	0.575113	-6.19633	46.095	200.374
0.6525	0.57237	-6.24692	45.7877	199.992	0.575113	-6.19633	46.095	200.374
0.6535	0.573715	-6.22208	45.9384	200.179	0.575113	-6.19633	46.095	200.374
0.6545	0.575051	-6.19745	46.0882	200.366	0.575915	-6.18156	46.1851	200.486
0.6555	0.576381	-6.17298	46.2375	200.551	0.57721	-6.15775	46.3306	200.666
0.6565	0.577706	-6.14863	46.3864	200.735	0.578508	-6.13394	46.4765	200.846
0.6575	0.579029	-6.12438	46.5351	200.919	0.579808	-6.11013	46.6227	201.027
0.6585	0.580349	-6.10021	46.6838	201.102	0.58111	-6.08632	46.7694	201.207
0.6595	0.581668	-6.07611	46.8324	201.285	0.582415	-6.06251	46.9165	201.388
0.6605	0.582987	-6.05206	46.9811	201.467	0.583722	-6.0387	47.0639	201.568
0.6615	0.584305	-6.02806	47.1299	201.649	0.585031	-6.01489	47.2118	201.749
0.6625	0.585624	-6.00411	47.2789	201.831	0.586343	-5.99109	47.36	201.93
0.6635	0.586942	-5.9802	47.4279	202.013	0.587657	-5.96728	47.5087	202.111
0.6645	0.588261	-5.95632	47.5772	202.194	0.588973	-5.94347	47.6577	202.292
0.6655	0.589581	-5.93246	47.7267	202.376	0.590292	-5.91966	47.8072	202.473
0.6665	0.590902	-5.90863	47.8765	202.557	0.591613	-5.89585	47.9571	202.654
0.6675	0.592225	-5.88481	48.0266	202.738	0.592936	-5.87204	48.1073	202.835
0.6685	0.593549	-5.861	48.1771	202.919	0.594262	-5.84823	48.258	203.016
0.6695	0.594876	-5.8372	48.3279	203.101	0.59559	-5.82442	48.409	203.198
0.6705	0.596204	-5.81341	48.479	203.282	0.596921	-5.80061	48.5605	203.379
0.6715	0.597535	-5.78961	48.6306	203.463	0.598254	-5.7768	48.7124	203.561
0.6725	0.598868	-5.76582	48.7825	203.645	0.599589	-5.75299	48.8647	203.742
0.6735	0.600203	-5.74203	48.9349	203.826	0.600927	-5.72918	49.0174	203.924
0.6745	0.601541	-5.71825	49.0876	204.008	0.602267	-5.70537	49.1705	204.106
0.6755	0.602881	-5.69446	49.2408	204.19	0.603609	-5.68156	49.324	204.288
0.6765	0.604223	-5.67067	49.3943	204.371	0.604954	-5.65775	49.4779	204.47
0.6775	0.605568	-5.64688	49.5483	204.553	0.606301	-5.63394	49.6322	204.652
0.6785	0.606915	-5.6231	49.7027	204.735	0.607651	-5.61013	49.787	204.834
0.6795	0.608264	-5.59931	49.8574	204.917	0.609003	-5.58632	49.9422	205.016
0.6805	0.609616	-5.57552	50.0126	205.099	0.610358	-5.56251	50.0977	205.198
0.6815	0.61097	-5.55174	50.1683	205.281	0.611714	-5.5387	50.2537	205.381
0.6825	0.612327	-5.52795	50.3243	205.463	0.613074	-5.51489	50.4101	205.563
0.6835	0.613686	-5.50416	50.4807	205.646	0.614435	-5.49109	50.5669	205.746
0.6845	0.615048	-5.48038	50.6376	205.828	0.6158	-5.46728	50.7242	205.928
0.6855	0.616412	-5.45659	50.7949	206.01	0.617166	-5.44347	50.8818	206.111
0.6865	0.617778	-5.4328	50.9526	206.193	0.618535	-5.41966	51.0399	206.294
0.6875	0.619147	-5.40901	51.1107	206.376	0.619906	-5.39585	51.1984	206.476
0.6885	0.620518	-5.38522	51.2693	206.558	0.62128	-5.37204	51.3573	206.659
0.6895	0.621892	-5.36143	51.4282	206.741	0.622657	-5.34823	51.5167	206.842
0.6905	0.623268	-5.33765	51.5876	206.924	0.624035	-5.32442	51.6765	207.025
0.6915	0.624647	-5.31386	51.7474	207.107	0.625416	-5.30061	51.8367	207.209
0.6925	0.626028	-5.29007	51.9077	207.29	0.6268	-5.2768	51.9973	207.392
0.6935	0.627411	-5.26628	52.0684	207.473	0.628186	-5.25299	52.1583	207.575
0.6945	0.628797	-5.24249	52.2295	207.656	0.629574	-5.22918	52.3198	207.759
0.6955	0.630186	-5.2187	52.391	207.84	0.630965	-5.20537	52.4817	207.942
0.6965	0.631577	-5.1949	52.553	208.023	0.632359	-5.18156	52.644	208.126
0.6975	0.63297	-5.17111	52.7154	208.206	0.633755	-5.15775	52.8068	208.309
0.6985	0.634366	-5.14732	52.8782	208.39	0.635153	-5.13394	52.97	208.493
0.6995	0.635764	-5.12353	53.0414	208.574	0.636554	-5.11013	53.1336	208.677
0.7005	0.637165	-5.09974	53.2051	208.757	0.637957	-5.08632	53.2976	208.861
0.7015	0.638568	-5.07594	53.3693	208.941	0.639363	-5.06251	53.4621	209.045
0.7025	0.639974	-5.05215	53.5338	209.125	0.640771	-5.0387	53.6271	209.229
0.7035	0.641383	-5.02836	53.6988	209.309	0.642182	-5.01489	53.7924	209.413
0.7045	0.642793	-5.00457	53.8643	209.493	0.643595	-4.99109	53.9582	209.597
0.7055	0.644207	-4.98077	54.0301	209.677	0.64501	-4.96728	54.1244	209.781
0.7065	0.645622	-4.95698	54.1965	209.861	0.646429	-4.94347	54.2911	209.966
0.7075	0.647041	-4.93318	54.3632	210.046	0.647849	-4.91966	54.4582	210.15
0.7085	0.648462	-4.90939	54.5304	210.23	0.649272	-4.89585	54.6258	210.335
0.7095	0.649885	-4.8856	54.698	210.414	0.650698	-4.87204	54.7938	210.519
0.7105	0.651311	-4.8618	54.8661	210.599	0.652126	-4.84823	54.9622	210.704
0.7115	0.652739	-4.83801	55.0346	210.783	0.653557	-4.82442	55.1311	210.889
0.7125	0.65417	-4.81421	55.2036	210.968	0.65499	-4.80061	55.3004	211.074
0.7135	0.655603	-4.79042	55.373	211.153	0.656426	-4.7768	55.4702	211.259
0.7145	0.657039	-4.76662	55.5429	211.338	0.657864	-4.75299	55.6404	211.444
0.7155	0.658477	-4.74283	55.7132	211.523	0.659305	-4.72918	55.8111	211.629
0.7165	0.659918	-4.71903	55.8839	211.708	0.660748	-4.70537	55.9822	211.814
0.7175	0.661362	-4.69524	56.0551	211.893	0.662194	-4.68156	56.1538	211.999
0.7185	0.662808	-4.67145	56.2268	212.078	0.663642	-4.65775	56.3258	212.184
0.7195	0.664256	-4.64765	56.3989	212.263	0.665093	-4.63394	56.4983	212.37
0.7205	0.665707	-4.62386	56.5714	212.449	0.666546	-4.61013	56.6712	212.555
0.7215	0.667161	-4.60006	56.7444	212.634	0.668002	-4.58632	56.8445	212.741
0.7225	0.668617	-4.57627	56.9179	212.82	0.66946	-4.56251	57.0184	212.927
0.7235	0.670075	-4.55247	57.0918	213.005	0.670921	-4.5387	57.1927	213.112
0.7245	0.671536	-4.52868	57.2662	213.191	0.672385	-4.51489	57.3674	213.298
0.7255	0.673	-4.50488	57.441	213.377	0.673851	-4.49109	57.5426	213.484
0.7265	0.674466	-4.48109	57.6163	213.562	0.67532	-4.46728	57.7182	213.67
0.7275	0.675935	-4.45729	57.792	213.748	0.676791	-4.44347	57.8944	213.856
0.7285	0.677406	-4.4335	57.9682	213.934	0.678265	-4.41966	58.0709	214.042
0.7295	0.67888	-4.4097	58.1449	214.12	0.679741	-4.39585	58.248	214.229
0.7305	0.680357	-4.38591	58.322	214.307	0.68122	-4.37204	58.4255	214.415
0.7315	0.681836	-4.36212	58.4995	214.493	0.682701	-4.34823	58.6034	214.601
0.7325	0.683317	-4.33832	58.6776	214.679	0.684185	-4.32442	58.7818	214.788
0.7335	0.684801	-4.31453	58.8561	214.865	0.685672	-4.30061	58.9607	214.974
0.7345	0.686288	-4.29073	59.035	215.052	0.687161	-4.2768	59.1401	215.161
0.7355	0.687777	-4.26694	59.2145	215.238	0.688653	-4.25299	59.3199	215.348
0.7365	0.689269	-4.24315	59.3944	215.425	0.690147	-4.22918	59.5002	215.534
0.7375	0.690764	-4.21936	59.5747	215.612	0.691644	-4.20537	59.681	215.721
0.7385	0.692261	-4.19556	59.7556	215.799	0.693144	-4.18156	59.8622	215.908
0.7395	0.69376	-4.17177	59.9368	215.985	0.694646	-4.15775	60.0439	216.095
0.7405	0.695262	-4.14798	60.1186	216.172	0.696151	-4.13394	60.2261	216.282
0.7415	0.696767	-4.12419	60.3008	216.359	0.697658	-4.11013	60.4087	216.47
0.7425	0.698274	-4.1004	60.4835	216.547	0.699168	-4.08632	60.5919	216.657
0.7435	0.699784	-4.07661	60.6667	216.734	0.700681	-4.06251	60.7755	216.844
0.7445	0.701297	-4.05281	60.8504	216.921	0.702196	-4.0387	60.9596	217.032
0.7455	0.702812	-4.02902	61.0345	217.108	0.703714	-4.01489	61.1441	217.219
0.7465	0.704329	-4.00523	61.2191	217.296	0.705234	-3.99109	61.3291	217.407
0.7475	0.70585	-3.98144	61.4042	217.483	0.706758	-3.96728	61.5147	217.595
0.7485	0.707373	-3.95766	61.5897	217.671	0.708283	-3.94347	61.7007	217.782
0.7495	0.708898	-3.93387	61.7757	217.858	0.709812	-3.91966	61.8871	217.97
0.7505	0.710426	-3.91008	61.9623	218.046	0.711343	-3.89585	62.0741	218.158
0.7515	0.711957	-3.88629	62.1492	218.234	0.712876	-3.87204	62.2615	218.346
0.7525	0.71349	-3.8625	62.3367	218.422	0.714413	-3.84823	62.4495	218.534
0.7535	0.715026	-3.83872	62.5246	218.61	0.715951	-3.82442	62.6379	218.722
0.7545	0.716564	-3.81493	62.7131	218.798	0.717493	-3.80061	62.8268	218.911
0.7555	0.718106	-3.79114	62.902	218.986	0.719037	-3.7768	63.0162	219.099
0.7565	0.719649	-3.76736	63.0914	219.174	0.720584	-3.75299	63.206	219.288
0.7575	0.721196	-3.74357	63.2812	219.362	0.722134	-3.72918	63.3964	219.476
0.7585	0.722745	-3.71979	63.4716	219.551	0.723686	-3.70537	63.5873	219.665
0.7595	0.724296	-3.69601	63.6624	219.739	0.725241	-3.68156	63.7786	219.853
0.7605	0.72585	-3.67222	63.8538	219.927	0.726798	-3.65775	63.9705	220.042
0.7615	0.727407	-3.64844	64.0456	220.116	0.728359	-3.63394	64.1628	220.231
0.7625	0.728967	-3.62466	64.2379	220.305	0.729922	-3.61013	64.3556	220.42
0.7635	0.730529	-3.60088	64.4307	220.493	0.731487	-3.58632	64.549	220.609
0.7645	0.732094	-3.5771	64.624	220.682	0.733055	-3.56251	64.7428	220.798
0.7655	0.733661	-3.55332	64.8178	220.871	0.734626	-3.5387	64.9371	220.987
0.7665	0.735231	-3.52954	65.0121	221.06	0.7362	-3.51489	65.132	221.176
0.7675	0.736804	-3.50576	65.2068	221.249	0.737776	-3.49109	65.3273	221.365
0.7685	0.738379	-3.48198	65.4021	221.438	0.739355	-3.46728	65.5231	221.555
0.7695	0.739957	-3.4582	65.5978	221.627	0.740937	-3.44347	65.7195	221.744
0.7705	0.741537	-3.43443	65.7941	221.817	0.742522	-3.41966	65.9163	221.934
0.7715	0.743121	-3.41065	65.9909	222.006	0.744109	-3.39585	66.1136	222.124
0.7725	0.744707	-3.38688	66.1881	222.195	0.745699	-3.37204	66.3115	222.313
0.7735	0.746295	-3.3631	66.3858	222.385	0.747291	-3.34823	66.5099	222.503
0.7745	0.747886	-3.33933	66.5841	222.574	0.748887	-3.32442	66.7087	222.693
0.7755	0.74948	-3.31556	66.7828	222.764	0.750485	-3.30061	66.9081	222.883
0.7765	0.751077	-3.29178	66.9821	222.954	0.752086	-3.2768	67.108	223.073
0.7775	0.752676	-3.26801	67.1818	223.143	0.753689	-3.25299	67.3084	223.263
0.7785	0.754278	-3.24424	67.3821	223.333	0.755295	-3.22918	67.5093	223.453
0.7795	0.755882	-3.22047	67.5828	223.523	0.756904	-3.20537	67.7107	223.644
0.7805	0.757489	-3.19671	67.7841	223.713	0.758516	-3.18156	67.9126	223.834
0.7815	0.759099	-3.17294	67.9859	223.903	0.76013	-3.15775	68.1151	224.024
0.7825	0.760712	-3.14917	68.1881	224.093	0.761748	-3.13394	68.3181	224.215
0.7835	0.762327	-3.12541	68.3909	224.283	0.763368	-3.11013	68.5216	224.406
0.7845	0.763945	-3.10164	68.5942	224.474	0.76499	-3.08632	68.7256	224.596
0.7855	0.765565	-3.07788	68.798	224.664	0.766616	-3.06251	68.9301	224.787
0.7865	0.767189	-3.05412	69.0023	224.854	0.768244	-3.0387	69.1351	224.978
0.7875	0.768815	-3.03035	69.2072	225.045	0.769875	-3.01489	69.3407	225.169
0.7885	0.770443	-3.00659	69.4125	225.236	0.771509	-2.99109	69.5468	225.36
0.7895	0.772075	-2.98283	69.6183	225.426	0.773145	-2.96728	69.7534	225.551
0.7905	0.773709	-2.95908	69.8247	225.617	0.774785	-2.94347	69.9606	225.742
0.7915	0.775345	-2.93532	70.0316	225.808	0.776427	-2.91966	70.1683	225.933
0.7925	0.776985	-2.91156	70.239	225.999	0.778072	-2.89585	70.3765	226.125
0.7935	0.778627	-2.88781	70.4469	226.189	0.779719	-2.87204	70.5852	226.316
0.7945	0.780271	-2.86405	70.6553	226.38	0.78137	-2.84823	70.7945	226.508
0.7955	0.781919	-2.8403	70.8642	226.572	0.783023	-2.82442	71.0043	226.699
0.7965	0.783569	-2.81655	71.0737	226.763	0.784679	-2.80061	71.2146	226.891
0.7975	0.785222	-2.7928	71.2837	226.954	0.786338	-2.7768	71.4254	227.083
0.7985	0.786878	-2.76905	71.4942	227.145	0.788	-2.75299	71.6368	227.274
0.7995	0.788536	-2.7453	71.7052	227.337	0.789664	-2.72918	71.8488	227.466
0.8005	0.790197	-2.72155	71.9167	227.528	0.791331	-2.70537	72.0612	227.658
0.8015	0.79186	-2.69781	72.1288	227.719	0.793001	-2.68156	72.2742	227.85
0.8025	0.793527	-2.67406	72.3414	227.911	0.794674	-2.65775	72.4878	228.042
0.8035	0.795196	-2.65032	72.5545	228.103	0.79635	-2.63394	72.7019	228.235
0.8045	0.796868	-2.62658	72.7682	228.294	0.798029	-2.61013	72.9165	228.427
0.8055	0.798542	-2.60284	72.9823	228.486	0.79971	-2.58632	73.1317	228.619
0.8065	0.80022	-2.5791	73.197	228.678	0.801394	-2.56251	73.3474	228.812
0.8075	0.801899	-2.55536	73.4122	228.87	0.803081	-2.5387	73.5637	229.004
0.8085	0.803582	-2.53163	73.628	229.062	0.804771	-2.51489	73.7805	229.197
0.8095	0.805268	-2.50789	73.8443	229.254	0.806464	-2.49109	73.9978	229.39
0.8105	0.806956	-2.48416	74.0611	229.446	0.808159	-2.46728	74.2157	229.583
0.8115	0.808646	-2.46043	74.2784	229.638	0.809858	-2.44347	74.4342	229.775
0.8125	0.81034	-2.4367	74.4963	229.83	0.811559	-2.41966	74.6532	229.968
0.8135	0.812036	-2.41297	74.7147	230.023	0.813263	-2.39585	74.8727	230.161
0.8145	0.813735	-2.38925	74.9337	230.215	0.81497	-2.37204	75.0928	230.355
0.8155	0.815437	-2.36552	75.1531	230.408	0.81668	-2.34823	75.3135	230.548
0.8165	0.817141	-2.3418	75.3731	230.6	0.818393	-2.32442	75.5347	230.741
0.8175	0.818848	-2.31808	75.5937	230.793	0.820109	-2.30061	75.7565	230.934
0.8185	0.820558	-2.29436	75.8148	230.985	0.821827	-2.2768	75.9788	231.128
0.8195	0.822271	-2.27064	76.0364	231.178	0.823548	-2.25299	76.2017	231.321
0.8205	0.823986	-2.24693	76.2586	231.371	0.825273	-2.22918	76.4252	231.515
0.8215	0.825704	-2.22321	76.4812	231.564	0.827	-2.20537	76.6492	231.709
0.8225	0.827425	-2.1995	76.7045	231.757	0.82873	-2.18156	76.8738	231.902
0.8235	0.829149	-2.17579	76.9283	231.95	0.830463	-2.15775	77.0989	232.096
0.8245	0.830875	-2.15208	77.1526	232.143	0.832199	-2.13394	77.3246	232.29
0.8255	0.832604	-2.12838	77.3774	232.336	0.833937	-2.11013	77.5509	232.484
0.8265	0.834335	-2.10467	77.6028	232.529	0.835679	-2.08632	77.7777	232.678
0.8275	0.83607	-2.08097	77.8287	232.722	0.837424	-2.06251	78.0051	232.872
0.8285	0.837807	-2.05727	78.0552	232.915	0.839171	-2.0387	78.2331	233.067
0.8295	0.839547	-2.03358	78.2822	233.109	0.840921	-2.01489	78.4617	233.261
0.8305	0.841289	-2.00988	78.5098	233.302	0.842675	-1.99109	78.6908	233.455
0.8315	0.843034	-1.98619	78.7379	233.496	0.844431	-1.96728	78.9205	233.65
0.8325	0.844782	-1.9625	78.9666	233.689	0.84619	-1.94347	79.1508	233.845
0.8335	0.846533	-1.93882	79.1957	233.883	0.847952	-1.91966	79.3816	234.039
0.8345	0.848286	-1.91513	79.4255	234.076	0.849717	-1.89585	79.613	234.234
0.8355	0.850042	-1.89145	79.6558	234.27	0.851485	-1.87204	79.845	234.429
0.8365	0.851801	-1.86777	79.8866	234.464	0.853256	-1.84823	80.0776	234.624
0.8375	0.853562	-1.8441	80.118	234.658	0.85503	-1.82442	80.3108	234.819
0.8385	0.855326	-1.82043	80.3499	234.851	0.856806	-1.80061	80.5445	235.014
0.8395	0.857093	-1.79676	80.5823	235.045	0.858586	-1.7768	80.7788	235.209
0.8405	0.858863	-1.77309	80.8153	235.239	0.860369	-1.75299	81.0137	235.404
0.8415	0.860635	-1.74943	81.0489	235.433	0.862155	-1.72918	81.2492	235.599
0.8425	0.86241	-1.72577	81.283	235.628	0.863943	-1.70537	81.4853	235.795
0.8435	0.864187	-1.70211	81.5176	235.822	0.865735	-1.68156	81.722	235.99
0.8445	0.865967	-1.67846	81.7528	236.016	0.867529	-1.65775	81.9592	236.186
0.8455	0.86775	-1.65481	81.9885	236.21	0.869327	-1.63394	82.1971	236.381
0.8465	0.869535	-1.63117	82.2248	236.404	0.871127	-1.61013	82.4355	236.577
0.8475	0.871324	-1.60753	82.4616	236.599	0.872931	-1.58632	82.6745	236.773
0.8485	0.873114	-1.58389	82.699	236.793	0.874737	-1.56251	82.9142	236.969
0.8495	0.874908	-1.56026	82.9369	236.987	0.876547	-1.5387	83.1544	237.165
0.8505	0.876703	-1.53663	83.1753	237.182	0.878359	-1.51489	83.3952	237.361
0.8515	0.878502	-1.51301	83.4143	237.376	0.880175	-1.49109	83.6366	237.557
0.8525	0.880303	-1.48939	83.6538	237.571	0.881993	-1.46728	83.8786	237.753
0.8535	0.882107	-1.46577	83.8939	237.766	0.883814	-1.44347	84.1212	237.949
0.8545	0.883913	-1.44217	84.1344	237.96	0.885639	-1.41966	84.3644	238.146
0.8555	0.885722	-1.41856	84.3756	238.155	0.887466	-1.39585	84.6082	238.342
0.8565	0.887533	-1.39497	84.6172	238.35	0.889297	-1.37204	84.8527	238.539
0.8575	0.889347	-1.37137	84.8594	238.544	0.89113	-1.34823	85.0977	238.735
0.8585	0.891163	-1.34779	85.1022	238.739	0.892967	-1.32442	85.3433	238.932
0.8595	0.892982	-1.32421	85.3454	238.934	0.894806	-1.30061	85.5896	239.129
0.8605	0.894803	-1.30064	85.5892	239.129	0.896649	-1.2768	85.8364	239.326
0.8615	0.896627	-1.27707	85.8335	239.323	0.898495	-1.25299	86.0839	239.522
0.8625	0.898453	-1.25351	86.0784	239.518	0.900343	-1.22918	86.3319	239.719
0.8635	0.900281	-1.22996	86.3237	239.713	0.902195	-1.20537	86.5806	239.917
0.8645	0.902112	-1.20642	86.5696	239.908	0.90405	-1.18156	86.8299	240.114
0.8655	0.903945	-1.18289	86.8159	240.103	0.905908	-1.15775	87.0798	240.311
0.8665	0.905781	-1.15936	87.0628	240.298	0.907768	-1.13394	87.3303	240.508
0.8675	0.907618	-1.13585	87.3102	240.493	0.909632	-1.11013	87.5815	240.706
0.8685	0.909458	-1.11234	87.5581	240.688	0.911499	-1.08632	87.8332	240.903
0.8695	0.9113	-1.08885	87.8065	240.882	0.913369	-1.06251	88.0856	241.101
0.8705	0.913144	-1.06536	88.0554	241.077	0.915242	-1.0387	88.3386	241.298
0.8715	0.914991	-1.04189	88.3047	241.272	0.917119	-1.01489	88.5922	241.496
0.8725	0.916839	-1.01843	88.5545	241.467	0.918998	-0.991085	88.8465	241.694
0.8735	0.918689	-0.994977	88.8048	241.662	0.92088	-0.967276	89.1014	241.892
0.8745	0.920542	-0.971542	89.0556	241.857	0.922766	-0.943466	89.3569	242.09
0.8755	0.922396	-0.948121	89.3068	242.051	0.924654	-0.919657	89.613	242.288
0.8765	0.924251	-0.924715	89.5585	242.246	0.926546	-0.895847	89.8697	242.486
0.8775	0.926109	-0.901326	89.8106	242.441	0.92844	-0.872038	90.1271	242.684
0.8785	0.927968	-0.877954	90.0631	242.635	0.930338	-0.848228	90.3852	242.883
0.8795	0.929829	-0.8546	90.316	242.83	0.932239	-0.824419	90.6438	243.081
0.8805	0.931691	-0.831266	90.5693	243.024	0.934143	-0.800609	90.9031	243.279
0.8815	0.933554	-0.807954	90.823	243.218	0.93605	-0.7768	91.163	243.478
0.8825	0.935419	-0.784664	91.077	243.413	0.93796	-0.75299	91.4236	243.677
0.8835	0.937284	-0.761399	91.3314	243.607	0.939874	-0.729181	91.6848	243.875
0.8845	0.93915	-0.738161	91.5861	243.8	0.94179	-0.705371	91.9466	244.074
0.8855	0.941017	-0.714953	91.8411	243.994	0.94371	-0.681562	92.2091	244.273
0.8865	0.942884	-0.691779	92.0963	244.188	0.945632	-0.657752	92.4722	244.472
0.8875	0.944751	-0.668643	92.3517	244.381	0.947558	-0.633942	92.736	244.671
0.8885	0.946618	-0.645547	92.6073	244.574	0.949487	-0.610133	93.0004	244.87
0.8895	0.948484	-0.622496	92.8629	244.767	0.951419	-0.586323	93.2654	245.069
0.8905	0.950349	-0.599492	93.1187	244.959	0.953354	-0.562514	93.5311	245.268
0.8915	0.952213	-0.576541	93.3745	245.151	0.955293	-0.538704	93.7975	245.468
0.8925	0.954075	-0.553647	93.6302	245.343	0.957234	-0.514895	94.0645	245.667
0.8935	0.955934	-0.530818	93.8858	245.534	0.959179	-0.491085	94.3321	245.867
0.8945	0.957791	-0.508062	94.1412	245.725	0.961127	-0.467276	94.6004	246.066
0.8955	0.959644	-0.485387	94.3962	245.915	0.963078	-0.443466	94.8694	246.266
0.8965	0.961492	-0.462805	94.6508	246.104	0.965032	-0.419657	95.139	246.466
0.8975	0.963334	-0.440328	94.9048	246.293	0.96699	-0.395847	95.4092	246.666
0.8985	0.96517	-0.417973	95.158	246.48	0.96895	-0.372038	95.6802	246.866
0.8995	0.966996	-0.395757	95.4102	246.667	0.970914	-0.348228	95.9518	247.066
0.9005	0.968812	-0.373701	95.6612	246.852	0.972881	-0.324419	96.224	247.266
0.9015	0.970615	-0.351832	95.9106	247.035	0.974851	-0.300609	96.4969	247.466
0.9025	0.972404	-0.330179	96.158	247.217	0.976824	-0.2768	96.7705	247.666
0.9035	0.974174	-0.308776	96.4032	247.397	0.978801	-0.25299	97.0447	247.866
0.9045	0.975922	-0.287665	96.6455	247.575	0.98078	-0.229181	97.3196	248.067
0.9055	0.977645	-0.266892	96.8845	247.75	0.982763	-0.205371	97.5952	248.267
0.9065	0.979338	-0.246509	97.1194	247.921	0.984749	-0.181562	97.8714	248.468
0.9075	0.980996	-0.226575	97.3497	248.089	0.986738	-0.157752	98.1483	248.669
0.9085	0.982614	-0.207156	97.5745	248.252	0.988731	-0.133942	98.4259	248.869
0.9095	0.984184	-0.188322	97.7929	248.411	0.990727	-0.110133	98.7041	249.07
0.9105	0.985702	-0.170147	98.0041	248.564	0.992726	-0.0863234	98.9831	249.271
0.9115	0.98716	-0.15271	98.207	248.711	0.994728	-0.0625139	99.2627	249.472
0.9125	0.988551	-0.136088	98.4008	248.851	0.996733	-0.0387044	99.5429	249.673
0.9135	0.989869	-0.120358	98.5846	248.984	0.998742	-0.0148949	99.8239	249.874
0.9145	0.991108	-0.105588	98.7573	249.108	1	0	100	250
0.9155	0.992262	-0.0918418	98.9183	249.224	1	0	100	250
0.9165	0.993327	-0.0791674	99.067	249.331	1	0	100	250
0.9175	0.9943	-0.0675997	99.2029	249.429	1	0	100	250
0.9185	0.995179	-0.0571557	99.3257	249.517	1	0	100	250
0.9195	0.995964	-0.0478333	99.4354	249.596	1	0	100	250
0.9205	0.996657	-0.039611	99.5323	249.665	1	0	100	250
0.9215	0.997261	-0.0324486	99.6167	249.726	1	0	100	250
0.9225	0.99778	-0.0262889	99.6894	249.778	1	0	100	250
0.9235	0.998221	-0.0210606	99.7511	249.822	1	0	100	250
0.9245	0.998591	-0.0166815	99.8028	249.859	1	0	100	250
0.9255	0.998896	-0.0130627	99.8455	249.89	1	0	100	250
0.9265	0.999146	-0.0101124	99.8804	249.915	1	0	100	250
0.9275	0.999346	-0.00773934	99.9085	249.935	1	0	100	250
0.9285	0.999505	-0.00585597	99.9307	249.951	1	0	100	250
0.9295	0.99963	-0.004381	99.9482	249.963	1	0	100	250
0.9305	0.999726	-0.00324094	99.9617	249.973	1	0	100	250
0.9315	0.9998	-0.00237106	99.9719	249.98	1	0	100	250
0.9325	0.999855	-0.00171571	99.9797	249.985	1	0	100	250
0.9335	0.999896	-0.00122811	99.9855	249.99	1	0	100	250
0.9345	0.999926	-0.000869729	99.9897	249.993	1	0	100	250
0.9355	0.999948	-0.000609463	99.9928	249.995	1	0	100	250
0.9365	0.999964	-0.00042266	99.995	249.996	1	0	100	250
0.9375	0.999975	-0.000290119	99.9966	249.998	1	0	100	250
0.9385	0.999983	-0.000197134	99.9977	249.998	1	0	100	250
0.9395	0.999989	-0.000132619	99.9984	249.999	1	0	100	250
0.9405	0.999993	-8.83418e-05	99.999	249.999	1	0	100	250
0.9415	0.999995	-5.82762e-05	99.9993	250	1	0	100	250
0.9425	0.999997	-3.80743e-05	99.9995	250	1	0	100	250
0.9435	0.999998	-2.46397e-05	99.9997	250	1	0	100	250
0.9445	0.999999	-1.5796e-05	99.9998	250	1	0	100	250
0.9455	0.999999	-1.00325e-05	99.9999	250	1	0	100	250
0.9465	0.999999	-6.3133e-06	99.9999	250	1	0	100	250
0.9475	1	-3.9367e-06	100	250	1	0	100	250
0.9485	1	-2.4326e-06	100	250	1	0	100	250
0.9495	1	-1.48971e-06	100	250	1	0	100	250
0.9505	1	-9.04193e-07	100	250	1	0	100	250
0.9515	1	-5.43972e-07	100	250	1	0	100	250
0.9525	1	-3.24396e-07	100	250	1	0	100	250
0.9535	1	-1.91773e-07	100	250	1	0	100	250
0.9545	1	-1.12392e-07	100	250	1	0	100	250
0.9555	1	-6.53044e-08	100	250	1	0	100	250
0.9565	1	-3.76214e-08	100	250	1	0	100	250
0.9575	1	-2.14899e-08	100	250	1	0	100	250
0.9585	1	-1.21721e-08	100	250	1	0	100	250
0.9595	1	-6.83671e-09	100	250	1	0	100	250
0.9605	1	-3.80811e-09	100	250	1	0	100	250
0.9615	1	-2.10367e-09	100	250	1	0	100	250
0.9625	1	-1.1526e-09	100	250	1	0	100	250
0.9635	1	-6.26349e-10	100	250	1	0	100	250
0.9645	1	-3.37512e-10	100	250	1	0	100	250
0.9655	1	-1.8016e-10	100	250	1	0	100	250
0.9665	1	-9.49238e-11	100	250	1	0	100	250
0.9675	1	-4.87685e-11	100	250	1	0	100	250
0.9685	1	-2.34035e-11	100	250	1	0	100	250
0.9695	1	-8.77779e-12	100	250	1	0	100	250
0.9705	1	-7.45924e-13	100	250	1	0	100	250
0.9715	1	1.151e-12	100	250	1	0	100	250
0.9725	1	6.33482e-13	100	250	1	0	100	250
0.9735	1	1.76293e-13	100	250	1	0	100	250
0.9745	1	-3.42879e-14	100	250	1	0	100	250
0.9755	1	-3.47064e-14	100	250	1	0	100	250
0.9765	1	-1.52302e-14	100	250	1	0	100	250
0.9775	1	-3.03169e-15	100	250	1	0	100	250
0.9785	1	1.29268e-15	100	250	1	0	100	250
0.9795	1	2.1063e-15	100	250	1	0	100	250
0.9805	1	2.10632e-15	100	250	1	0	100	250
0.9815	1	2.10632e-15	100	250	1	0	100	250
0.9825	1	2.10633e-15	100	250	1	0	100	250
0.9835	1	2.10634e-15	100	250	1	0	100	250
0.9845	1	2.10635e-15	100	250	1	0	100	250
0.9855	1	2.10635e-15	100	250	1	0	100	250
0.9865	1	2.10636e-15	100	250	1	0	100	250
0.9875	1	2.10637e-15	100	250	1	0	100	250
0.9885	1	2.10638e-15	100	250	1	0	100	250
0.9895	1	2.10638e-15	100	250	1	0	100	250
0.9905	1	2.1064e-15	100	250	1	0	100	250
0.9915	1	2.1064e-15	100	250	1	0	100	250
0.9925	1	2.10641e-15	100	250	1	0	100	250
0.9935	1	2.10642e-15	100	250	1	0	100	250
0.9945	1	2.10642e-15	100	250	1	0	100	250
0.9955	1	2.10643e-15	100	250	1	0	100	250
0.9965	1	2.10644e-15	100	250	1	0	100	250
0.9975	1	8.13625e-16	100	250	1	0	100	250
0.9985	1	0	100	250	1	0	100	250
0.9995	1	0	100	250	1	0	100	250
