x	rho	u	p	e	rhoEx	uEx	pEx	eEx
0.0025	5.99924	19.5975	460.894	192.063	5.99924	19.5975	460.894	192.063
0.0075	5.99924	19.5975	460.894	192.063	5.99924	19.5975	460.894	192.063
0.0125	5.99924	19.5975	460.894	192.063	5.99924	19.5975	460.894	192.063
0.0175	5.99924	19.5975	460.894	192.063	5.99924	19.5975	460.894	192.063
0.0225	5.99924	19.5975	460.894	192.063	5.99924	19.5975	460.894	192.063
0.0275	5.99924	19.5975	460.894	192.063	5.99924	19.5975	460.894	192.063
0.0325	5.99924	19.5975	460.894	192.063	5.99924	19.5975	460.894	192.063
0.0375	5.99924	19.5975	460.894	192.063	5.99924	19.5975	460.894	192.063
0.0425	5.99924	19.5975	460.894	192.063	5.99924	19.5975	460.894	192.063
0.0475	5.99924	19.5975	460.894	192.063	5.99924	19.5975	460.894	192.063
0.0525	5.99924	19.5975	460.894	192.063	5.99924	19.5975	460.894	192.063
0.0575	5.99924	19.5975	460.894	192.063	5.99924	19.5975	460.894	192.063
0.0625	5.99924	19.5975	460.894	192.063	5.99924	19.5975	460.894	192.063
0.0675	5.99924	19.5975	460.894	192.063	5.99924	19.5975	460.894	192.063
0.0725	5.99924	19.5975	460.894	192.063	5.99924	19.5975	460.894	192.063
0.0775	5.99924	19.5975	460.894	192.063	5.99924	19.5975	460.894	192.063
0.0825	5.99924	19.5975	460.894	192.063	5.99924	19.5975	460.894	192.063
0.0875	5.99924	19.5975	460.894	192.063	5.99924	19.5975	460.894	192.063
0.0925	5.99924	19.5975	460.894	192.063	5.99924	19.5975	460.894	192.063
0.0975	5.99924	19.5975	460.894	192.063	5.99924	19.5975	460.894	192.063
0.1025	5.99924	19.5975	460.894	192.063	5.99924	19.5975	460.894	192.063
0.1075	5.99924	19.5975	460.894	192.063	5.99924	19.5975	460.894	192.063
0.1125	5.99924	19.5975	460.894	192.063	5.99924	19.5975	460.894	192.063
0.1175	5.99924	19.5975	460.894	192.063	5.99924	19.5975	460.894	192.063
0.1225	5.99924	19.5975	460.894	192.063	5.99924	19.5975	460.894	192.063
0.1275	5.99924	19.5975	460.894	192.063	5.99924	19.5975	460.894	192.063
0.1325	5.99924	19.5975	460.894	192.063	5.99924	19.5975	460.894	192.063
0.1375	5.99924	19.5975	460.894	192.063	5.99924	19.5975	460.894	192.063
0.1425	5.99924	19.5975	460.894	192.063	5.99924	19.5975	460.894	192.063
0.1475	5.99924	19.5975	460.894	192.063	5.99924	19.5975	460.894	192.063
0.1525	5.99924	19.5975	460.894	192.063	5.99924	19.5975	460.894	192.063
0.1575	5.99924	19.5975	460.894	192.063	5.99924	19.5975	460.894	192.063
0.1625	5.99924	19.5975	460.894	192.063	5.99924	19.5975	460.894	192.063
0.1675	5.99924	19.5975	460.894	192.063	5.99924	19.5975	460.894	192.063
0.1725	5.99924	19.5975	460.894	192.063	5.99924	19.5975	460.894	192.063
0.1775	5.99924	19.5975	460.894	192.063	5.99924	19.5975	460.894	192.063
0.1825	5.99924	19.5975	460.894	192.063	5.99924	19.5975	460.894	192.063
0.1875	5.99924	19.5975	460.894	192.063	5.99924	19.5975	460.894	192.063
0.1925	5.99924	19.5975	460.894	192.063	5.99924	19.5975	460.894	192.063
0.1975	5.99924	19.5975	460.894	192.063	5.99924	19.5975	460.894	192.063
0.2025	5.99924	19.5975	460.894	192.063	5.99924	19.5975	460.894	192.063
0.2075	5.99924	19.5975	460.894	192.063	5.99924	19.5975	460.894	192.063
0.2125	5.99924	19.5975	460.894	192.063	5.99924	19.5975	460.894	192.063
0.2175	5.99924	19.5975	460.894	192.063	5.99924	19.5975	460.894	192.063
0.2225	5.99924	19.5975	460.894	192.063	5.99924	19.5975	460.894	192.063
0.2275	5.99924	19.5975	460.894	192.063	5.99924	19.5975	460.894	192.063
0.2325	5.99924	19.5975	460.894	192.063	5.99924	19.5975	460.894	192.063
0.2375	5.99924	19.5975	460.894	192.063	5.99924	19.5975	460.894	192.063
0.2425	5.99924	19.5975	460.894	192.063	5.99924	19.5975	460.894	192.063
0.2475	5.99924	19.5975	460.894	192.063	5.99924	19.5975	460.894	192.063
0.2525	5.99924	19.5975	460.894	192.063	5.99924	19.5975	460.894	192.063
0.2575	5.99924	19.5975	460.894	192.063	5.99924	19.5975	460.894	192.063
0.2625	5.99924	19.5975	460.894	192.063	5.99924	19.5975	460.894	192.063
0.2675	5.99924	19.5975	460.894	192.063	5.99924	19.5975	460.894	192.063
0.2725	5.99924	19.5975	460.894	192.063	5.99924	19.5975	460.894	192.063
0.2775	5.99924	19.5975	460.894	192.063	5.99924	19.5975	460.894	192.063
0.2825	5.99924	19.5975	460.894	192.063	5.99924	19.5975	460.894	192.063
0.2875	5.99924	19.5975	460.894	192.063	5.99924	19.5975	460.894	192.063
0.2925	5.99924	19.5975	460.894	192.063	5.99924	19.5975	460.894	192.063
0.2975	5.99924	19.5975	460.894	192.063	5.99924	19.5975	460.894	192.063
0.3025	5.99924	19.5975	460.894	192.063	5.99924	19.5975	460.894	192.063
0.3075	5.99924	19.5975	460.894	192.063	5.99924	19.5975	460.894	192.063
0.3125	5.99924	19.5975	460.894	192.063	5.99924	19.5975	460.894	192.063
0.3175	5.99924	19.5975	460.894	192.063	5.99924	19.5975	460.894	192.063
0.3225	5.99924	19.5975	460.894	192.063	5.99924	19.5975	460.894	192.063
0.3275	5.99924	19.5975	460.894	192.063	5.99924	19.5975	460.894	192.063
0.3325	5.99924	19.5975	460.894	192.063	5.99924	19.5975	460.894	192.063
0.3375	5.99924	19.5975	460.894	192.063	5.99924	19.5975	460.894	192.063
0.3425	5.99924	19.5975	460.894	192.063	5.99924	19.5975	460.894	192.063
0.3475	5.99924	19.5975	460.894	192.063	5.99924	19.5975	460.894	192.063
0.3525	5.99924	19.5975	460.894	192.063	5.99924	19.5975	460.894	192.063
0.3575	5.99924	19.5975	460.894	192.063	5.99924	19.5975	460.894	192.063
0.3625	5.99924	19.5975	460.894	192.063	5.99924	19.5975	460.894	192.063
0.3675	5.99924	19.5975	460.894	192.063	5.99924	19.5975	460.894	192.063
0.3725	5.99924	19.5975	460.894	192.063	5.99924	19.5975	460.894	192.063
0.3775	5.99924	19.5975	460.894	192.063	5.99924	19.5975	460.894	192.063
0.3825	5.99924	19.5975	460.894	192.063	5.99924	19.5975	460.894	192.063
0.3875	5.99924	19.5975	460.894	192.063	5.99924	19.5975	460.894	192.063
0.3925	5.99924	19.5975	460.894	192.063	5.99924	19.5975	460.894	192.063
0.3975	5.99924	19.5975	460.894	192.063	5.99924	19.5975	460.894	192.063
0.4025	5.99924	19.5975	460.894	192.063	5.99924	19.5975	460.894	192.063
0.4075	5.99924	19.5975	460.894	192.063	5.99924	19.5975	460.894	192.063
0.4125	5.99924	19.5975	460.894	192.063	5.99924	19.5975	460.894	192.063
0.4175	5.99924	19.5975	460.894	192.063	5.99924	19.5975	460.894	192.063
0.4225	5.99924	19.5975	460.894	192.063	5.99924	19.5975	460.894	192.063
0.4275	5.99924	19.5975	460.894	192.063	5.99924	19.5975	460.894	192.063
0.4325	5.99924	19.5975	460.894	192.063	5.99924	19.5975	460.894	192.063
0.4375	5.99924	19.5975	460.894	192.063	5.99924	19.5975	460.894	192.063
0.4425	5.99924	19.5975	460.894	192.063	5.99924	19.5975	460.894	192.063
0.4475	5.99924	19.5975	460.894	192.063	5.99924	19.5975	460.894	192.063
0.4525	5.99924	19.5975	460.894	192.063	5.99924	19.5975	460.894	192.063
0.4575	5.99924	19.5975	460.894	192.063	5.99924	19.5975	460.894	192.063
0.4625	5.99924	19.5975	460.894	192.063	5.99924	19.5975	460.894	192.063
0.4675	5.99924	19.5975	460.894	192.063	5.99924	19.5975	460.894	192.063
0.4725	5.99924	19.5975	460.894	192.063	5.99924	19.5975	460.894	192.063
0.4775	5.99924	19.5975	460.894	192.063	5.99924	19.5975	460.894	192.063
0.4825	5.99924	19.5975	460.894	192.063	5.99924	19.5975	460.894	192.063
0.4875	5.99924	19.5975	460.894	192.063	5.99924	19.5975	460.894	192.063
0.4925	5.99924	19.5975	460.894	192.063	5.99924	19.5975	460.894	192.063
0.4975	5.99924	19.5975	460.894	192.063	5.99924	19.5975	460.894	192.063
0.5025	5.99924	19.5975	460.894	192.063	5.99924	19.5975	460.894	192.063
0.5075	5.99924	19.5975	460.894	192.063	5.99924	19.5975	460.894	192.063
0.5125	5.99924	19.5975	460.894	192.063	5.99924	19.5975	460.894	192.063
0.5175	5.99924	19.5975	460.894	192.063	5.99924	19.5975	460.894	192.063
0.5225	6.00046	19.5954	461.025	192.079	5.99924	19.5975	460.894	192.063
0.5275	9.90993	13.0441	1024.52	258.457	5.99924	19.5975	460.894	192.063
0.5325	14.1188	8.82933	1662.93	294.453	14.2834	8.68855	1691.86	296.124
0.5375	14.2979	8.68551	1691.37	295.738	14.2834	8.68855	1691.86	296.124
0.5425	14.3098	8.6875	1691.1	295.443	14.2834	8.68855	1691.86	296.124
0.5475	14.3119	8.68866	1691.58	295.485	14.2834	8.68855	1691.86	296.124
0.5525	14.3044	8.69178	1692.11	295.732	14.2834	8.68855	1691.86	296.124
0.5575	14.2876	8.6946	1692.69	296.183	14.2834	8.68855	1691.86	296.124
0.5625	14.2699	8.69601	1692.91	296.588	14.2834	8.68855	1691.86	296.124
0.5675	14.2639	8.69505	1692.74	296.681	14.2834	8.68855	1691.86	296.124
0.5725	14.2644	8.69398	1692.61	296.649	14.2834	8.68855	1691.86	296.124
0.5775	14.2719	8.69385	1692.54	296.481	14.2834	8.68855	1691.86	296.124
0.5825	14.289	8.69459	1692.56	296.129	14.2834	8.68855	1691.86	296.124
0.5875	14.3014	8.69493	1692.63	295.885	14.2834	8.68855	1691.86	296.124
0.5925	14.3058	8.69384	1692.65	295.798	14.2834	8.68855	1691.86	296.124
0.5975	14.3063	8.69188	1692.75	295.804	14.2834	8.68855	1691.86	296.124
0.6025	14.3008	8.69038	1692.6	295.892	14.2834	8.68855	1691.86	296.124
0.6075	14.2879	8.68979	1692.3	296.106	14.2834	8.68855	1691.86	296.124
0.6125	14.2749	8.68959	1692.11	296.343	14.2834	8.68855	1691.86	296.124
0.6175	14.2708	8.68894	1692.02	296.414	14.2834	8.68855	1691.86	296.124
0.6225	14.2708	8.68743	1691.86	296.386	14.2834	8.68855	1691.86	296.124
0.6275	14.273	8.68527	1691.65	296.302	14.2834	8.68855	1691.86	296.124
0.6325	14.2783	8.68358	1691.28	296.127	14.2834	8.68855	1691.86	296.124
0.6375	14.2853	8.68225	1690.94	295.924	14.2834	8.68855	1691.86	296.124
0.6425	14.2875	8.68144	1690.81	295.854	14.2834	8.68855	1691.86	296.124
0.6475	14.2882	8.68022	1690.96	295.867	14.2834	8.68855	1691.86	296.124
0.6525	14.286	8.67985	1691.04	295.927	14.2834	8.68855	1691.86	296.124
0.6575	14.2792	8.68117	1690.82	296.028	14.2834	8.68855	1691.86	296.124
0.6625	14.2715	8.68382	1690.64	296.156	14.2834	8.68855	1691.86	296.124
0.6675	14.2676	8.68699	1690.53	296.218	14.2834	8.68855	1691.86	296.124
0.6725	14.2705	8.68752	1690.97	296.235	14.2834	8.68855	1691.86	296.124
0.6775	14.2758	8.68862	1691.54	296.225	14.2834	8.68855	1691.86	296.124
0.6825	14.2832	8.69105	1691.93	296.141	14.2834	8.68855	1691.86	296.124
0.6875	14.2894	8.69393	1692.13	296.046	14.2834	8.68855	1691.86	296.124
0.6925	14.2924	8.69572	1692.26	296.009	14.2834	8.68855	1691.86	296.124
0.6975	14.2946	8.69474	1692.58	296.017	14.2834	8.68855	1691.86	296.124
0.7025	14.2948	8.6931	1693	296.087	14.2834	8.68855	1691.86	296.124
0.7075	14.2909	8.69292	1692.92	296.154	14.2834	8.68855	1691.86	296.124
0.7125	14.2829	8.69558	1692.38	296.224	14.2834	8.68855	1691.86	296.124
0.7175	14.2769	8.69754	1691.99	296.282	14.2834	8.68855	1691.86	296.124
0.7225	14.2773	8.69711	1691.96	296.267	14.2834	8.68855	1691.86	296.124
0.7275	14.2816	8.69343	1692.45	296.265	14.2834	8.68855	1691.86	296.124
0.7325	14.2857	8.69031	1692.74	296.229	14.2834	8.68855	1691.86	296.124
0.7375	14.2872	8.69038	1692.41	296.14	14.2834	8.68855	1691.86	296.124
0.7425	14.2857	8.69238	1691.74	296.056	14.2834	8.68855	1691.86	296.124
0.7475	14.287	8.69121	1691.56	295.997	14.2834	8.68855	1691.86	296.124
0.7525	14.2916	8.6858	1692.17	296.007	14.2834	8.68855	1691.86	296.124
0.7575	14.2953	8.68073	1692.56	295.998	14.2834	8.68855	1691.86	296.124
0.7625	14.294	8.682	1691.91	295.912	14.2834	8.68855	1691.86	296.124
0.7675	14.2883	8.68783	1690.36	295.76	14.2834	8.68855	1691.86	296.124
0.7725	14.2909	8.68959	1689.65	295.581	14.2834	8.68855	1691.86	296.124
0.7775	14.3036	8.68361	1690.61	295.485	14.2834	8.68855	1691.86	296.124
0.7825	14.3203	8.67567	1691.99	295.383	14.2834	8.68855	1691.86	296.124
0.7875	14.3266	8.67559	1691.92	295.24	14.2834	8.68855	1691.86	296.124
0.7925	14.3226	8.68318	1690.8	295.127	14.2834	8.68855	1691.86	296.124
0.7975	14.3168	8.69185	1689.68	295.052	14.2834	8.68855	1691.86	296.124
0.8025	14.3172	8.69421	1689.79	295.063	14.2834	8.68855	1691.86	296.124
0.8075	31.3313	8.67817	1694.89	135.24	31.0524	8.68855	1691.86	136.21
0.8125	31.3034	8.68725	1692.91	135.202	31.0524	8.68855	1691.86	136.21
0.8175	31.2454	8.70207	1689.69	135.195	31.0524	8.68855	1691.86	136.21
0.8225	31.2688	8.69174	1692.91	135.351	31.0524	8.68855	1691.86	136.21
0.8275	31.2671	8.68374	1695.98	135.604	31.0524	8.68855	1691.86	136.21
0.8325	31.1882	8.69346	1692.81	135.693	31.0524	8.68855	1691.86	136.21
0.8375	31.1017	8.70287	1690.29	135.868	31.0524	8.68855	1691.86	136.21
0.8425	31.1351	8.6834	1695.08	136.107	31.0524	8.68855	1691.86	136.21
0.8475	31.1032	8.6845	1694.09	136.167	31.0524	8.68855	1691.86	136.21
0.8525	31.0259	8.69963	1689.36	136.125	31.0524	8.68855	1691.86	136.21
0.8575	31.0414	8.69021	1691.1	136.197	31.0524	8.68855	1691.86	136.21
0.8625	31.0885	8.67319	1694.97	136.302	31.0524	8.68855	1691.86	136.21
0.8675	31.0312	8.68729	1690.66	136.207	31.0524	8.68855	1691.86	136.21
0.8725	30.9948	8.69667	1687.91	136.145	31.0524	8.68855	1691.86	136.21
0.8775	31.0559	8.67955	1692.52	136.248	31.0524	8.68855	1691.86	136.21
0.8825	31.0654	8.67764	1693.24	136.264	31.0524	8.68855	1691.86	136.21
0.8875	31.0129	8.69438	1689.09	136.16	31.0524	8.68855	1691.86	136.21
0.8925	31.0286	8.69302	1690.04	136.167	31.0524	8.68855	1691.86	136.21
0.8975	31.1097	8.67352	1696.05	136.296	31.0524	8.68855	1691.86	136.21
0.9025	31.0557	8.69191	1691.72	136.184	31.0524	8.68855	1691.86	136.21
0.9075	31.023	8.703	1689.2	136.125	31.0524	8.68855	1691.86	136.21
0.9125	31.0788	8.68789	1693.24	136.206	31.0524	8.68855	1691.86	136.21
0.9175	31.0849	8.67882	1693.95	136.235	31.0524	8.68855	1691.86	136.21
0.9225	30.9023	8.65855	1680.7	135.969	31.0524	8.68855	1691.86	136.21
0.9275	29.6842	8.30836	1587.29	133.681	31.0524	8.68855	1691.86	136.21
0.9325	19.9187	5.14824	889.14	111.596	5.9942	-6.19633	46.095	19.2248
0.9375	6.83163	-4.83788	72.8995	26.6772	5.9942	-6.19633	46.095	19.2248
0.9425	5.9942	-6.19633	46.095	19.2248	5.9942	-6.19633	46.095	19.2248
0.9475	5.9942	-6.19633	46.095	19.2248	5.9942	-6.19633	46.095	19.2248
0.9525	5.9942	-6.19633	46.095	19.2248	5.9942	-6.19633	46.095	19.2248
0.9575	5.9942	-6.19633	46.095	19.2248	5.9942	-6.19633	46.095	19.2248
0.9625	5.9942	-6.19633	46.095	19.2248	5.9942	-6.19633	46.095	19.2248
0.9675	5.9942	-6.19633	46.095	19.2248	5.9942	-6.19633	46.095	19.2248
0.9725	5.9942	-6.19633	46.095	19.2248	5.9942	-6.19633	46.095	19.2248
0.9775	5.9942	-6.19633	46.095	19.2248	5.9942	-6.19633	46.095	19.2248
0.9825	5.9942	-6.19633	46.095	19.2248	5.9942	-6.19633	46.095	19.2248
0.9875	5.9942	-6.19633	46.095	19.2248	5.9942	-6.19633	46.095	19.2248
0.9925	5.9942	-6.19633	46.095	19.2248	5.9942	-6.19633	46.095	19.2248
0.9975	5.9942	-6.19633	46.095	19.2248	5.9942	-6.19633	46.095	19.2248
