x	rho	u	p	e	rhoEx	uEx	pEx	eEx
0.0025	5.99924	19.5975	460.894	192.063	5.99924	19.5975	460.894	192.063
0.0075	5.99924	19.5975	460.894	192.063	5.99924	19.5975	460.894	192.063
0.0125	5.99924	19.5975	460.894	192.063	5.99924	19.5975	460.894	192.063
0.0175	5.99924	19.5975	460.894	192.063	5.99924	19.5975	460.894	192.063
0.0225	5.99924	19.5975	460.894	192.063	5.99924	19.5975	460.894	192.063
0.0275	5.99924	19.5975	460.894	192.063	5.99924	19.5975	460.894	192.063
0.0325	5.99924	19.5975	460.894	192.063	5.99924	19.5975	460.894	192.063
0.0375	5.99924	19.5975	460.894	192.063	5.99924	19.5975	460.894	192.063
0.0425	5.99924	19.5975	460.894	192.063	5.99924	19.5975	460.894	192.063
0.0475	5.99924	19.5975	460.894	192.063	5.99924	19.5975	460.894	192.063
0.0525	5.99924	19.5975	460.894	192.063	5.99924	19.5975	460.894	192.063
0.0575	5.99924	19.5975	460.894	192.063	5.99924	19.5975	460.894	192.063
0.0625	5.99924	19.5975	460.894	192.063	5.99924	19.5975	460.894	192.063
0.0675	5.99924	19.5975	460.894	192.063	5.99924	19.5975	460.894	192.063
0.0725	5.99924	19.5975	460.894	192.063	5.99924	19.5975	460.894	192.063
0.0775	5.99924	19.5975	460.894	192.063	5.99924	19.5975	460.894	192.063
0.0825	5.99924	19.5975	460.894	192.063	5.99924	19.5975	460.894	192.063
0.0875	5.99924	19.5975	460.894	192.063	5.99924	19.5975	460.894	192.063
0.0925	5.99924	19.5975	460.894	192.063	5.99924	19.5975	460.894	192.063
0.0975	5.99924	19.5975	460.894	192.063	5.99924	19.5975	460.894	192.063
0.1025	5.99924	19.5975	460.894	192.063	5.99924	19.5975	460.894	192.063
0.1075	5.99924	19.5975	460.894	192.063	5.99924	19.5975	460.894	192.063
0.1125	5.99924	19.5975	460.894	192.063	5.99924	19.5975	460.894	192.063
0.1175	5.99924	19.5975	460.894	192.063	5.99924	19.5975	460.894	192.063
0.1225	5.99924	19.5975	460.894	192.063	5.99924	19.5975	460.894	192.063
0.1275	5.99924	19.5975	460.894	192.063	5.99924	19.5975	460.894	192.063
0.1325	5.99924	19.5975	460.894	192.063	5.99924	19.5975	460.894	192.063
0.1375	5.99924	19.5975	460.894	192.063	5.99924	19.5975	460.894	192.063
0.1425	5.99924	19.5975	460.894	192.063	5.99924	19.5975	460.894	192.063
0.1475	5.99924	19.5975	460.894	192.063	5.99924	19.5975	460.894	192.063
0.1525	5.99924	19.5975	460.894	192.063	5.99924	19.5975	460.894	192.063
0.1575	5.99924	19.5975	460.894	192.063	5.99924	19.5975	460.894	192.063
0.1625	5.99924	19.5975	460.894	192.063	5.99924	19.5975	460.894	192.063
0.1675	5.99924	19.5975	460.894	192.063	5.99924	19.5975	460.894	192.063
0.1725	5.99924	19.5975	460.894	192.063	5.99924	19.5975	460.894	192.063
0.1775	5.99924	19.5975	460.894	192.063	5.99924	19.5975	460.894	192.063
0.1825	5.99924	19.5975	460.894	192.063	5.99924	19.5975	460.894	192.063
0.1875	5.99924	19.5975	460.894	192.063	5.99924	19.5975	460.894	192.063
0.1925	5.99924	19.5975	460.894	192.063	5.99924	19.5975	460.894	192.063
0.1975	5.99924	19.5975	460.894	192.063	5.99924	19.5975	460.894	192.063
0.2025	5.99924	19.5975	460.894	192.063	5.99924	19.5975	460.894	192.063
0.2075	5.99924	19.5975	460.894	192.063	5.99924	19.5975	460.894	192.063
0.2125	5.99924	19.5975	460.894	192.063	5.99924	19.5975	460.894	192.063
0.2175	5.99924	19.5975	460.894	192.063	5.99924	19.5975	460.894	192.063
0.2225	5.99924	19.5975	460.894	192.063	5.99924	19.5975	460.894	192.063
0.2275	5.99924	19.5975	460.894	192.063	5.99924	19.5975	460.894	192.063
0.2325	5.99924	19.5975	460.894	192.063	5.99924	19.5975	460.894	192.063
0.2375	5.99924	19.5975	460.894	192.063	5.99924	19.5975	460.894	192.063
0.2425	5.99924	19.5975	460.894	192.063	5.99924	19.5975	460.894	192.063
0.2475	5.99924	19.5975	460.894	192.063	5.99924	19.5975	460.894	192.063
0.2525	5.99924	19.5975	460.894	192.063	5.99924	19.5975	460.894	192.063
0.2575	5.99924	19.5975	460.894	192.063	5.99924	19.5975	460.894	192.063
0.2625	5.99924	19.5975	460.894	192.063	5.99924	19.5975	460.894	192.063
0.2675	5.99924	19.5975	460.894	192.063	5.99924	19.5975	460.894	192.063
0.2725	5.99924	19.5975	460.894	192.063	5.99924	19.5975	460.894	192.063
0.2775	5.99924	19.5975	460.894	192.063	5.99924	19.5975	460.894	192.063
0.2825	5.99924	19.5975	460.894	192.063	5.99924	19.5975	460.894	192.063
0.2875	5.99924	19.5975	460.894	192.063	5.99924	19.5975	460.894	192.063
0.2925	5.99924	19.5975	460.894	192.063	5.99924	19.5975	460.894	192.063
0.2975	5.99924	19.5975	460.894	192.063	5.99924	19.5975	460.894	192.063
0.3025	5.99924	19.5975	460.894	192.063	5.99924	19.5975	460.894	192.063
0.3075	5.99924	19.5975	460.894	192.063	5.99924	19.5975	460.894	192.063
0.3125	5.99924	19.5975	460.894	192.063	5.99924	19.5975	460.894	192.063
0.3175	5.99924	19.5975	460.894	192.063	5.99924	19.5975	460.894	192.063
0.3225	5.99924	19.5975	460.894	192.063	5.99924	19.5975	460.894	192.063
0.3275	5.99924	19.5975	460.894	192.063	5.99924	19.5975	460.894	192.063
0.3325	5.99924	19.5975	460.894	192.063	5.99924	19.5975	460.894	192.063
0.3375	5.99924	19.5975	460.894	192.063	5.99924	19.5975	460.894	192.063
0.3425	5.99924	19.5975	460.894	192.063	5.99924	19.5975	460.894	192.063
0.3475	5.99924	19.5975	460.894	192.063	5.99924	19.5975	460.894	192.063
0.3525	5.99924	19.5975	460.894	192.063	5.99924	19.5975	460.894	192.063
0.3575	5.99924	19.5975	460.894	192.063	5.99924	19.5975	460.894	192.063
0.3625	5.99924	19.5975	460.894	192.063	5.99924	19.5975	460.894	192.063
0.3675	5.99924	19.5975	460.894	192.063	5.99924	19.5975	460.894	192.063
0.3725	5.99924	19.5975	460.894	192.063	5.99924	19.5975	460.894	192.063
0.3775	5.99924	19.5975	460.894	192.063	5.99924	19.5975	460.894	192.063
0.3825	5.99924	19.5975	460.894	192.063	5.99924	19.5975	460.894	192.063
0.3875	5.99924	19.5975	460.894	192.063	5.99924	19.5975	460.894	192.063
0.3925	5.99924	19.5975	460.894	192.063	5.99924	19.5975	460.894	192.063
0.3975	5.99924	19.5975	460.894	192.063	5.99924	19.5975	460.894	192.063
0.4025	5.99924	19.5975	460.894	192.063	5.99924	19.5975	460.894	192.063
0.4075	5.99924	19.5975	460.894	192.063	5.99924	19.5975	460.894	192.063
0.4125	5.99924	19.5975	460.894	192.063	5.99924	19.5975	460.894	192.063
0.4175	5.99924	19.5975	460.894	192.063	5.99924	19.5975	460.894	192.063
0.4225	5.99924	19.5975	460.894	192.063	5.99924	19.5975	460.894	192.063
0.4275	5.99924	19.5975	460.894	192.063	5.99924	19.5975	460.894	192.063
0.4325	5.99924	19.5975	460.894	192.063	5.99924	19.5975	460.894	192.063
0.4375	5.99924	19.5975	460.894	192.063	5.99924	19.5975	460.894	192.063
0.4425	5.99924	19.5975	460.894	192.063	5.99924	19.5975	460.894	192.063
0.4475	5.99924	19.5975	460.894	192.063	5.99924	19.5975	460.894	192.063
0.4525	5.99924	19.5975	460.894	192.063	5.99924	19.5975	460.894	192.063
0.4575	5.99924	19.5975	460.894	192.063	5.99924	19.5975	460.894	192.063
0.4625	5.99924	19.5975	460.894	192.063	5.99924	19.5975	460.894	192.063
0.4675	5.99924	19.5975	460.894	192.063	5.99924	19.5975	460.894	192.063
0.4725	5.99924	19.5975	460.894	192.063	5.99924	19.5975	460.894	192.063
0.4775	5.99924	19.5975	460.894	192.063	5.99924	19.5975	460.894	192.063
0.4825	5.99924	19.5975	460.894	192.063	5.99924	19.5975	460.894	192.063
0.4875	5.99924	19.5975	460.894	192.063	5.99924	19.5975	460.894	192.063
0.4925	5.99924	19.5975	460.894	192.063	5.99924	19.5975	460.894	192.063
0.4975	5.99924	19.5975	460.894	192.063	5.99924	19.5975	460.894	192.063
0.5025	5.99924	19.5975	460.894	192.063	5.99924	19.5975	460.894	192.063
0.5075	5.99924	19.5975	460.894	192.063	5.99924	19.5975	460.894	192.063
0.5125	5.99924	19.5975	460.894	192.063	5.99924	19.5975	460.894	192.063
0.5175	5.99933	19.5973	460.904	192.065	5.99924	19.5975	460.894	192.063
0.5225	9.09119	14.1457	902.244	248.11	5.99924	19.5975	460.894	192.063
0.5275	13.8903	8.99753	1632.85	293.883	5.99924	19.5975	460.894	192.063
0.5325	14.2792	8.68138	1690.91	296.044	14.2834	8.68855	1691.86	296.124
0.5375	14.2903	8.68317	1690.47	295.738	14.2834	8.68855	1691.86	296.124
0.5425	14.3014	8.6833	1690.46	295.506	14.2834	8.68855	1691.86	296.124
0.5475	14.3049	8.68441	1690.67	295.469	14.2834	8.68855	1691.86	296.124
0.5525	14.3023	8.68561	1691.11	295.602	14.2834	8.68855	1691.86	296.124
0.5575	14.2898	8.68687	1691.51	295.929	14.2834	8.68855	1691.86	296.124
0.5625	14.2721	8.68903	1692.03	296.388	14.2834	8.68855	1691.86	296.124
0.5675	14.2663	8.69204	1692.62	296.611	14.2834	8.68855	1691.86	296.124
0.5725	14.2672	8.69372	1692.95	296.652	14.2834	8.68855	1691.86	296.124
0.5775	14.2721	8.69389	1693.06	296.569	14.2834	8.68855	1691.86	296.124
0.5825	14.2833	8.69324	1693	296.325	14.2834	8.68855	1691.86	296.124
0.5875	14.2978	8.6926	1692.82	295.993	14.2834	8.68855	1691.86	296.124
0.5925	14.3042	8.69297	1692.8	295.856	14.2834	8.68855	1691.86	296.124
0.5975	14.3055	8.69323	1692.84	295.837	14.2834	8.68855	1691.86	296.124
0.6025	14.3043	8.69247	1692.98	295.885	14.2834	8.68855	1691.86	296.124
0.6075	14.2968	8.69157	1692.98	296.042	14.2834	8.68855	1691.86	296.124
0.6125	14.2836	8.69082	1692.75	296.274	14.2834	8.68855	1691.86	296.124
0.6175	14.2748	8.69034	1692.42	296.4	14.2834	8.68855	1691.86	296.124
0.6225	14.2726	8.69005	1692.16	296.4	14.2834	8.68855	1691.86	296.124
0.6275	14.2739	8.68956	1692.01	296.346	14.2834	8.68855	1691.86	296.124
0.6325	14.2788	8.68858	1691.88	296.222	14.2834	8.68855	1691.86	296.124
0.6375	14.2856	8.68756	1691.55	296.024	14.2834	8.68855	1691.86	296.124
0.6425	14.2876	8.68645	1691.11	295.906	14.2834	8.68855	1691.86	296.124
0.6475	14.287	8.6855	1690.67	295.841	14.2834	8.68855	1691.86	296.124
0.6525	14.2848	8.68403	1690.5	295.857	14.2834	8.68855	1691.86	296.124
0.6575	14.2803	8.68237	1690.6	295.967	14.2834	8.68855	1691.86	296.124
0.6625	14.2754	8.68184	1690.63	296.074	14.2834	8.68855	1691.86	296.124
0.6675	14.2711	8.68318	1690.48	296.137	14.2834	8.68855	1691.86	296.124
0.6725	14.2681	8.68544	1690.26	296.161	14.2834	8.68855	1691.86	296.124
0.6775	14.2692	8.68666	1690.29	296.143	14.2834	8.68855	1691.86	296.124
0.6825	14.2755	8.68636	1690.78	296.1	14.2834	8.68855	1691.86	296.124
0.6875	14.2842	8.68731	1691.3	296.008	14.2834	8.68855	1691.86	296.124
0.6925	14.2901	8.68996	1691.73	295.961	14.2834	8.68855	1691.86	296.124
0.6975	14.2926	8.69273	1692.01	295.961	14.2834	8.68855	1691.86	296.124
0.7025	14.2933	8.69408	1692.27	295.99	14.2834	8.68855	1691.86	296.124
0.7075	14.2944	8.69261	1692.8	296.06	14.2834	8.68855	1691.86	296.124
0.7125	14.2939	8.69127	1693.27	296.151	14.2834	8.68855	1691.86	296.124
0.7175	14.2925	8.69135	1693.25	296.179	14.2834	8.68855	1691.86	296.124
0.7225	14.2888	8.6941	1692.75	296.167	14.2834	8.68855	1691.86	296.124
0.7275	14.2884	8.69565	1692.26	296.089	14.2834	8.68855	1691.86	296.124
0.7325	14.2922	8.69428	1692.47	296.048	14.2834	8.68855	1691.86	296.124
0.7375	14.299	8.69092	1693	296	14.2834	8.68855	1691.86	296.124
0.7425	14.3041	8.68887	1693.09	295.911	14.2834	8.68855	1691.86	296.124
0.7475	14.3026	8.69018	1692.61	295.858	14.2834	8.68855	1691.86	296.124
0.7525	14.2986	8.69267	1691.78	295.795	14.2834	8.68855	1691.86	296.124
0.7575	14.2985	8.69068	1691.85	295.81	14.2834	8.68855	1691.86	296.124
0.7625	14.3014	8.6848	1692.57	295.874	14.2834	8.68855	1691.86	296.124
0.7675	14.2997	8.68058	1692.9	295.968	14.2834	8.68855	1691.86	296.124
0.7725	14.2893	8.68462	1691.71	295.976	14.2834	8.68855	1691.86	296.124
0.7775	14.2756	8.69129	1689.97	295.953	14.2834	8.68855	1691.86	296.124
0.7825	14.2697	8.69132	1689.61	296.014	14.2834	8.68855	1691.86	296.124
0.7875	14.2748	8.68322	1690.76	296.11	14.2834	8.68855	1691.86	296.124
0.7925	14.2803	8.676	1691.96	296.205	14.2834	8.68855	1691.86	296.124
0.7975	14.2801	8.67608	1691.99	296.216	14.2834	8.68855	1691.86	296.124
0.8025	14.2662	8.68871	1689.7	296.102	14.2834	8.68855	1691.86	296.124
0.8075	30.4222	8.68871	1689.7	138.854	31.0524	8.68855	1691.86	136.21
0.8125	30.42	8.68807	1689.53	138.85	31.0524	8.68855	1691.86	136.21
0.8175	30.4268	8.69048	1688.87	138.765	31.0524	8.68855	1691.86	136.21
0.8225	30.5345	8.67694	1694.65	138.749	31.0524	8.68855	1691.86	136.21
0.8275	30.6121	8.68726	1692.48	138.22	31.0524	8.68855	1691.86	136.21
0.8325	30.7059	8.7015	1689.5	137.555	31.0524	8.68855	1691.86	136.21
0.8375	30.8677	8.69017	1692.72	137.095	31.0524	8.68855	1691.86	136.21
0.8425	30.9833	8.681	1695.04	136.771	31.0524	8.68855	1691.86	136.21
0.8475	30.9845	8.69315	1692.44	136.555	31.0524	8.68855	1691.86	136.21
0.8525	30.9858	8.70186	1689.99	136.352	31.0524	8.68855	1691.86	136.21
0.8575	31.0683	8.68284	1695.05	136.397	31.0524	8.68855	1691.86	136.21
0.8625	31.0619	8.68585	1693.98	136.339	31.0524	8.68855	1691.86	136.21
0.8675	31.009	8.70083	1689.33	136.197	31.0524	8.68855	1691.86	136.21
0.8725	31.039	8.69139	1691.45	136.236	31.0524	8.68855	1691.86	136.21
0.8775	31.0874	8.67597	1694.93	136.304	31.0524	8.68855	1691.86	136.21
0.8825	31.037	8.68846	1691.01	136.209	31.0524	8.68855	1691.86	136.21
0.8875	30.9998	8.69796	1687.97	136.127	31.0524	8.68855	1691.86	136.21
0.8925	31.0651	8.6793	1692.81	136.231	31.0524	8.68855	1691.86	136.21
0.8975	31.0692	8.67827	1693.08	136.235	31.0524	8.68855	1691.86	136.21
0.9025	31.0083	8.69644	1688.4	136.125	31.0524	8.68855	1691.86	136.21
0.9075	31.0326	8.69205	1690.12	136.157	31.0524	8.68855	1691.86	136.21
0.9125	31.1065	8.67397	1695.78	136.289	31.0524	8.68855	1691.86	136.21
0.9175	31.0457	8.69125	1691.25	136.19	31.0524	8.68855	1691.86	136.21
0.9225	30.9894	8.69689	1687.22	136.113	31.0524	8.68855	1691.86	136.21
0.9275	30.8561	8.62536	1677.14	135.884	31.0524	8.68855	1691.86	136.21
0.9325	28.9569	8.07767	1535.65	132.581	5.9942	-6.19633	46.095	19.2248
0.9375	16.3426	3.63347	645.843	98.7977	5.9942	-6.19633	46.095	19.2248
0.9425	6.2414	-5.87718	51.392	20.5851	5.9942	-6.19633	46.095	19.2248
0.9475	5.9942	-6.19633	46.095	19.2248	5.9942	-6.19633	46.095	19.2248
0.9525	5.9942	-6.19633	46.095	19.2248	5.9942	-6.19633	46.095	19.2248
0.9575	5.9942	-6.19633	46.095	19.2248	5.9942	-6.19633	46.095	19.2248
0.9625	5.9942	-6.19633	46.095	19.2248	5.9942	-6.19633	46.095	19.2248
0.9675	5.9942	-6.19633	46.095	19.2248	5.9942	-6.19633	46.095	19.2248
0.9725	5.9942	-6.19633	46.095	19.2248	5.9942	-6.19633	46.095	19.2248
0.9775	5.9942	-6.19633	46.095	19.2248	5.9942	-6.19633	46.095	19.2248
0.9825	5.9942	-6.19633	46.095	19.2248	5.9942	-6.19633	46.095	19.2248
0.9875	5.9942	-6.19633	46.095	19.2248	5.9942	-6.19633	46.095	19.2248
0.9925	5.9942	-6.19633	46.095	19.2248	5.9942	-6.19633	46.095	19.2248
0.9975	5.9942	-6.19633	46.095	19.2248	5.9942	-6.19633	46.095	19.2248
