x	rho	u	p	e	rho_Ex	u_Ex	p_Ex	e_Ex
0.0005	1	-2	0.4	11	-2	0.4	1
0.0015	1	-2	0.4	11	-2	0.4	1
0.0025	1	-2	0.4	11	-2	0.4	1
0.0035	1	-2	0.4	11	-2	0.4	1
0.0045	1	-2	0.4	11	-2	0.4	1
0.0055	1	-2	0.4	11	-2	0.4	1
0.0065	1	-2	0.4	11	-2	0.4	1
0.0075	1	-2	0.4	11	-2	0.4	1
0.0085	1	-2	0.4	11	-2	0.4	1
0.0095	1	-2	0.4	11	-2	0.4	1
0.0105	1	-2	0.4	11	-2	0.4	1
0.0115	1	-2	0.4	11	-2	0.4	1
0.0125	1	-2	0.4	11	-2	0.4	1
0.0135	1	-2	0.4	11	-2	0.4	1
0.0145	1	-2	0.4	11	-2	0.4	1
0.0155	1	-2	0.4	11	-2	0.4	1
0.0165	1	-2	0.4	11	-2	0.4	1
0.0175	1	-2	0.4	11	-2	0.4	1
0.0185	1	-2	0.4	11	-2	0.4	1
0.0195	1	-2	0.4	11	-2	0.4	1
0.0205	1	-2	0.4	11	-2	0.4	1
0.0215	1	-2	0.4	11	-2	0.4	1
0.0225	1	-2	0.4	11	-2	0.4	1
0.0235	1	-2	0.4	11	-2	0.4	1
0.0245	1	-2	0.4	11	-2	0.4	1
0.0255	1	-2	0.4	11	-2	0.4	1
0.0265	1	-2	0.4	11	-2	0.4	1
0.0275	1	-2	0.4	11	-2	0.4	1
0.0285	1	-2	0.4	11	-2	0.4	1
0.0295	1	-2	0.4	11	-2	0.4	1
0.0305	1	-2	0.4	11	-2	0.4	1
0.0315	1	-2	0.4	11	-2	0.4	1
0.0325	1	-2	0.4	11	-2	0.4	1
0.0335	1	-2	0.4	11	-2	0.4	1
0.0345	1	-2	0.4	11	-2	0.4	1
0.0355	1	-2	0.4	11	-2	0.4	1
0.0365	1	-2	0.4	11	-2	0.4	1
0.0375	1	-2	0.4	11	-2	0.4	1
0.0385	1	-2	0.4	11	-2	0.4	1
0.0395	1	-2	0.4	11	-2	0.4	1
0.0405	1	-2	0.4	11	-2	0.4	1
0.0415	1	-2	0.4	11	-2	0.4	1
0.0425	1	-2	0.4	11	-2	0.4	1
0.0435	1	-2	0.4	11	-2	0.4	1
0.0445	1	-2	0.4	11	-2	0.4	1
0.0455	1	-2	0.4	11	-2	0.4	1
0.0465	1	-2	0.4	11	-2	0.4	1
0.0475	1	-2	0.4	11	-2	0.4	1
0.0485	1	-2	0.4	11	-2	0.4	1
0.0495	1	-2	0.4	11	-2	0.4	1
0.0505	1	-2	0.4	11	-2	0.4	1
0.0515	1	-2	0.4	11	-2	0.4	1
0.0525	1	-2	0.4	11	-2	0.4	1
0.0535	1	-2	0.4	11	-2	0.4	1
0.0545	1	-2	0.4	11	-2	0.4	1
0.0555	1	-2	0.4	11	-2	0.4	1
0.0565	1	-2	0.4	11	-2	0.4	1
0.0575	1	-2	0.4	11	-2	0.4	1
0.0585	1	-2	0.4	11	-2	0.4	1
0.0595	1	-2	0.4	11	-2	0.4	1
0.0605	1	-2	0.4	11	-2	0.4	1
0.0615	1	-2	0.4	11	-2	0.4	1
0.0625	1	-2	0.4	11	-2	0.4	1
0.0635	1	-2	0.4	11	-2	0.4	1
0.0645	1	-2	0.4	11	-2	0.4	1
0.0655	1	-2	0.4	11	-2	0.4	1
0.0665	1	-2	0.4	11	-2	0.4	1
0.0675	1	-2	0.4	11	-2	0.4	1
0.0685	1	-2	0.4	11	-2	0.4	1
0.0695	1	-2	0.4	11	-2	0.4	1
0.0705	1	-2	0.4	11	-2	0.4	1
0.0715	1	-2	0.4	11	-2	0.4	1
0.0725	1	-2	0.4	11	-2	0.4	1
0.0735	0.999999	-2	0.4	11	-2	0.4	1
0.0745	0.999998	-2	0.399999	0.9999991	-2	0.4	1
0.0755	0.999995	-2	0.399997	0.9999981	-2	0.4	1
0.0765	0.999987	-1.99999	0.399993	0.9999951	-2	0.4	1
0.0775	0.99997	-1.99998	0.399983	0.9999881	-2	0.4	1
0.0785	0.999933	-1.99995	0.399962	0.9999731	-2	0.4	1
0.0795	0.999851	-1.99989	0.399916	0.999941	-2	0.4	1
0.0805	0.999674	-1.99976	0.399817	0.9998691	-2	0.4	1
0.0815	0.999292	-1.99947	0.399604	0.9997171	-2	0.4	1
0.0825	0.998481	-1.99886	0.39915	0.9993921	-2	0.4	1
0.0835	0.997005	-1.99776	0.398323	0.99881	-2	0.4	1
0.0845	0.994715	-1.99604	0.397043	0.9978821	-2	0.4	1
0.0855	0.991557	-1.99366	0.39528	0.9966141	-2	0.4	1
0.0865	0.987569	-1.99065	0.393056	0.9950091	-2	0.4	1
0.0875	0.982859	-1.98708	0.390434	0.9931091	-2	0.4	1
0.0885	0.977565	-1.98306	0.387494	0.9909670.994447	-1.99583	0.396893	0.997775
0.0895	0.971829	-1.97868	0.384315	0.9886380.987078	-1.99028	0.392782	0.994811
0.0905	0.965772	-1.97403	0.380966	0.9861690.979752	-1.98472	0.388707	0.991851
0.0915	0.959492	-1.96919	0.377503	0.98360.972471	-1.97917	0.384669	0.988896
0.0925	0.953062	-1.9642	0.373966	0.9809590.965232	-1.97361	0.380666	0.985945
0.0935	0.946535	-1.95911	0.370385	0.9782660.958037	-1.96806	0.3767	0.982999
0.0945	0.939945	-1.95394	0.36678	0.9755370.950885	-1.9625	0.372768	0.980057
0.0955	0.933319	-1.94872	0.363166	0.972780.943776	-1.95695	0.368872	0.977119
0.0965	0.92667	-1.94345	0.359549	0.9700030.936709	-1.95139	0.365011	0.974186
0.0975	0.920007	-1.93813	0.355935	0.9672070.929684	-1.94583	0.361185	0.971257
0.0985	0.913339	-1.93278	0.352328	0.9643970.922702	-1.94028	0.357393	0.968333
0.0995	0.90668	-1.92741	0.348737	0.9615780.915762	-1.93472	0.353635	0.965413
0.1005	0.900038	-1.92202	0.345166	0.9587550.908864	-1.92917	0.349911	0.962497
0.1015	0.893416	-1.91661	0.341616	0.9559270.902007	-1.92361	0.346221	0.959586
0.1025	0.886818	-1.91119	0.33809	0.9530970.895191	-1.91806	0.342564	0.956679
0.1035	0.880246	-1.90576	0.334587	0.9502660.888417	-1.9125	0.338941	0.953777
0.1045	0.873702	-1.90032	0.33111	0.9474340.881684	-1.90695	0.33535	0.950879
0.1055	0.867187	-1.89487	0.327658	0.9446020.874992	-1.90139	0.331792	0.947986
0.1065	0.860702	-1.88942	0.324233	0.941770.868341	-1.89583	0.328266	0.945096
0.1075	0.854248	-1.88396	0.320835	0.9389390.86173	-1.89028	0.324773	0.942212
0.1085	0.847827	-1.87849	0.317464	0.936110.85516	-1.88472	0.321311	0.939331
0.1095	0.841439	-1.87302	0.31412	0.9332820.848629	-1.87917	0.317881	0.936456
0.1105	0.835084	-1.86754	0.310804	0.9304570.842139	-1.87361	0.314483	0.933584
0.1115	0.828763	-1.86206	0.307515	0.9276330.835688	-1.86806	0.311116	0.930717
0.1125	0.822476	-1.85658	0.304255	0.9248130.829277	-1.8625	0.307779	0.927854
0.1135	0.816224	-1.85109	0.301022	0.9219940.822905	-1.85695	0.304474	0.924996
0.1145	0.810007	-1.8456	0.297816	0.9191790.816573	-1.85139	0.301199	0.922142
0.1155	0.803824	-1.84011	0.294639	0.9163660.810279	-1.84583	0.297954	0.919293
0.1165	0.797676	-1.83461	0.291489	0.9135560.804025	-1.84028	0.294739	0.916448
0.1175	0.791564	-1.82911	0.288367	0.910750.797809	-1.83472	0.291554	0.913607
0.1185	0.785486	-1.82362	0.285272	0.9079470.791632	-1.82917	0.288398	0.910771
0.1195	0.779444	-1.81811	0.282205	0.9051470.785493	-1.82361	0.285272	0.907939
0.1205	0.773437	-1.81261	0.279165	0.902350.779392	-1.81806	0.282175	0.905112
0.1215	0.767465	-1.8071	0.276152	0.8995570.773329	-1.8125	0.279106	0.902289
0.1225	0.761529	-1.8016	0.273166	0.8967680.767304	-1.80695	0.276067	0.89947
0.1235	0.755627	-1.79609	0.270207	0.8939820.761316	-1.80139	0.273056	0.896656
0.1245	0.749761	-1.79058	0.267275	0.8911990.755366	-1.79583	0.270072	0.893847
0.1255	0.74393	-1.78507	0.264369	0.888420.749453	-1.79028	0.267117	0.891041
0.1265	0.738133	-1.77955	0.26149	0.8856450.743577	-1.78472	0.26419	0.88824
0.1275	0.732372	-1.77404	0.258637	0.8828740.737739	-1.77917	0.26129	0.885444
0.1285	0.726645	-1.76853	0.25581	0.8801060.731936	-1.77361	0.258418	0.882652
0.1295	0.720954	-1.76301	0.253009	0.8773430.726171	-1.76806	0.255573	0.879864
0.1305	0.715296	-1.75749	0.250234	0.8745830.720442	-1.7625	0.252754	0.877081
0.1315	0.709674	-1.75197	0.247485	0.8718260.714749	-1.75695	0.249962	0.874302
0.1325	0.704086	-1.74645	0.244761	0.8690740.709092	-1.75139	0.247197	0.871527
0.1335	0.698532	-1.74093	0.242062	0.8663260.703471	-1.74583	0.244458	0.868757
0.1345	0.693012	-1.73541	0.239389	0.8635810.697886	-1.74028	0.241745	0.865992
0.1355	0.687526	-1.72989	0.23674	0.8608410.692336	-1.73472	0.239058	0.86323
0.1365	0.682075	-1.72437	0.234116	0.8581040.686821	-1.72917	0.236397	0.860474
0.1375	0.676657	-1.71884	0.231517	0.8553720.681342	-1.72361	0.233761	0.857721
0.1385	0.671273	-1.71332	0.228942	0.8526430.675898	-1.71806	0.23115	0.854973
0.1395	0.665922	-1.7078	0.226392	0.8499180.670489	-1.7125	0.228564	0.85223
0.1405	0.660605	-1.70227	0.223865	0.8471980.665114	-1.70695	0.226003	0.84949
0.1415	0.655322	-1.69674	0.221363	0.8444810.659774	-1.70139	0.223467	0.846756
0.1425	0.650071	-1.69122	0.218884	0.8417680.654468	-1.69583	0.220955	0.844025
0.1435	0.644854	-1.68569	0.216429	0.839060.649197	-1.69028	0.218467	0.841299
0.1445	0.63967	-1.68016	0.213997	0.8363550.643959	-1.68472	0.216004	0.838578
0.1455	0.634518	-1.67463	0.211588	0.8336550.638755	-1.67917	0.213564	0.835861
0.1465	0.6294	-1.6691	0.209202	0.8309590.633585	-1.67361	0.211148	0.833148
0.1475	0.624313	-1.66357	0.206839	0.8282660.628449	-1.66806	0.208756	0.830439
0.1485	0.619259	-1.65804	0.204499	0.8255780.623346	-1.6625	0.206386	0.827736
0.1495	0.614238	-1.65251	0.202181	0.8228940.618276	-1.65695	0.20404	0.825036
0.1505	0.609248	-1.64698	0.199886	0.8202140.613239	-1.65139	0.201717	0.822341
0.1515	0.604291	-1.64144	0.197612	0.8175390.608235	-1.64583	0.199416	0.81965
0.1525	0.599365	-1.63591	0.195361	0.8148670.603264	-1.64028	0.197138	0.816964
0.1535	0.594472	-1.63038	0.193132	0.8121990.598325	-1.63472	0.194882	0.814282
0.1545	0.589609	-1.62484	0.190924	0.8095360.593419	-1.62917	0.192649	0.811605
0.1555	0.584779	-1.61931	0.188738	0.8068770.588545	-1.62361	0.190437	0.808932
0.1565	0.579979	-1.61377	0.186573	0.8042220.583703	-1.61806	0.188247	0.806263
0.1575	0.575211	-1.60824	0.184429	0.8015710.578893	-1.6125	0.186079	0.803599
0.1585	0.570474	-1.6027	0.182306	0.7989240.574114	-1.60695	0.183932	0.800939
0.1595	0.565767	-1.59717	0.180204	0.7962810.569368	-1.60139	0.181807	0.798283
0.1605	0.561092	-1.59163	0.178123	0.7936430.564652	-1.59583	0.179702	0.795632
0.1615	0.556447	-1.58609	0.176062	0.7910090.559969	-1.59028	0.177619	0.792986
0.1625	0.551832	-1.58056	0.174021	0.7883790.555316	-1.58472	0.175556	0.790344
0.1635	0.547248	-1.57502	0.172001	0.7857530.550694	-1.57917	0.173514	0.787706
0.1645	0.542694	-1.56948	0.17	0.7831310.546103	-1.57361	0.171492	0.785073
0.1655	0.53817	-1.56394	0.16802	0.7805140.541543	-1.56806	0.169491	0.782444
0.1665	0.533676	-1.5584	0.166059	0.7779010.537013	-1.5625	0.167509	0.779819
0.1675	0.529211	-1.55286	0.164117	0.7752920.532513	-1.55695	0.165547	0.777199
0.1685	0.524777	-1.54732	0.162195	0.7726870.528044	-1.55139	0.163606	0.774583
0.1695	0.520372	-1.54178	0.160292	0.7700860.523605	-1.54583	0.161683	0.771972
0.1705	0.515996	-1.53624	0.158409	0.767490.519196	-1.54028	0.15978	0.769365
0.1715	0.511649	-1.5307	0.156544	0.7648980.514816	-1.53472	0.157897	0.766762
0.1725	0.507331	-1.52516	0.154698	0.762310.510466	-1.52917	0.156032	0.764164
0.1735	0.503043	-1.51962	0.15287	0.7597260.506146	-1.52361	0.154186	0.761571
0.1745	0.498783	-1.51408	0.151061	0.7571470.501854	-1.51806	0.152359	0.758981
0.1755	0.494552	-1.50853	0.14927	0.7545720.497592	-1.5125	0.150551	0.756396
0.1765	0.490349	-1.50299	0.147497	0.7520010.493359	-1.50695	0.148761	0.753816
0.1775	0.486175	-1.49745	0.145742	0.7494340.489155	-1.50139	0.146989	0.75124
0.1785	0.482029	-1.49191	0.144005	0.7468720.48498	-1.49583	0.145236	0.748668
0.1795	0.477911	-1.48636	0.142286	0.7443130.480833	-1.49028	0.1435	0.746101
0.1805	0.473821	-1.48082	0.140584	0.7417590.476714	-1.48472	0.141782	0.743538
0.1815	0.469758	-1.47527	0.1389	0.739210.472624	-1.47917	0.140082	0.74098
0.1825	0.465724	-1.46973	0.137233	0.7366640.468562	-1.47361	0.138399	0.738426
0.1835	0.461717	-1.46418	0.135583	0.7341230.464528	-1.46806	0.136734	0.735876
0.1845	0.457737	-1.45864	0.13395	0.7315860.460522	-1.4625	0.135086	0.733331
0.1855	0.453785	-1.45309	0.132333	0.7290540.456543	-1.45695	0.133455	0.73079
0.1865	0.44986	-1.44755	0.130734	0.7265250.452592	-1.45139	0.131841	0.728254
0.1875	0.445962	-1.442	0.129151	0.7240010.448669	-1.44583	0.130243	0.725722
0.1885	0.442091	-1.43646	0.127584	0.7214810.444772	-1.44028	0.128663	0.723194
0.1895	0.438246	-1.43091	0.126034	0.7189660.440903	-1.43472	0.127098	0.720671
0.1905	0.434428	-1.42536	0.124499	0.7164540.437061	-1.42917	0.12555	0.718152
0.1915	0.430637	-1.41982	0.122981	0.7139480.433245	-1.42361	0.124019	0.715638
0.1925	0.426872	-1.41427	0.121478	0.7114450.429456	-1.41806	0.122503	0.713128
0.1935	0.423133	-1.40872	0.119991	0.7089460.425694	-1.4125	0.121003	0.710623
0.1945	0.41942	-1.40317	0.11852	0.7064520.421958	-1.40695	0.119519	0.708122
0.1955	0.415733	-1.39763	0.117064	0.7039620.418249	-1.40139	0.118051	0.705625
0.1965	0.412072	-1.39208	0.115624	0.7014770.414566	-1.39583	0.116598	0.703133
0.1975	0.408437	-1.38653	0.114198	0.6989960.410908	-1.39028	0.11516	0.700645
0.1985	0.404827	-1.38098	0.112788	0.6965190.407277	-1.38472	0.113738	0.698161
0.1995	0.401242	-1.37543	0.111392	0.6940460.403671	-1.37917	0.112331	0.695682
0.2005	0.397683	-1.36988	0.110012	0.6915780.400091	-1.37361	0.110938	0.693208
0.2015	0.394149	-1.36433	0.108645	0.6891140.396536	-1.36806	0.109561	0.690737
0.2025	0.39064	-1.35878	0.107294	0.6866540.393006	-1.3625	0.108198	0.688272
0.2035	0.387156	-1.35323	0.105957	0.6841990.389502	-1.35695	0.10685	0.68581
0.2045	0.383697	-1.34768	0.104634	0.6817480.386023	-1.35139	0.105516	0.683353
0.2055	0.380262	-1.34213	0.103325	0.6793010.382569	-1.34583	0.104196	0.680901
0.2065	0.376852	-1.33658	0.10203	0.6768580.379139	-1.34028	0.102891	0.678452
0.2075	0.373466	-1.33103	0.100749	0.674420.375734	-1.33472	0.1016	0.676009
0.2085	0.370104	-1.32548	0.0994819	0.6719860.372354	-1.32917	0.100322	0.673569
0.2095	0.366766	-1.31993	0.0982284	0.6695570.368998	-1.32361	0.0990588	0.671134
0.2105	0.363453	-1.31438	0.0969884	0.6671320.365666	-1.31806	0.0978089	0.668704
0.2115	0.360163	-1.30883	0.0957618	0.6647110.362358	-1.3125	0.0965725	0.666278
0.2125	0.356897	-1.30327	0.0945484	0.6622940.359074	-1.30695	0.0953495	0.663856
0.2135	0.353655	-1.29772	0.0933482	0.6598820.355815	-1.30139	0.0941398	0.661439
0.2145	0.350436	-1.29217	0.0921611	0.6574740.352578	-1.29583	0.0929433	0.659026
0.2155	0.347241	-1.28662	0.0909868	0.655070.349366	-1.29028	0.0917599	0.656617
0.2165	0.344068	-1.28106	0.0898254	0.6526710.346177	-1.28472	0.0905894	0.654213
0.2175	0.340919	-1.27551	0.0886767	0.6502760.343011	-1.27917	0.0894317	0.651813
0.2185	0.337793	-1.26996	0.0875405	0.6478860.339869	-1.27361	0.0882867	0.649418
0.2195	0.33469	-1.26441	0.0864168	0.6454990.336749	-1.26806	0.0871543	0.647027
0.2205	0.331609	-1.25885	0.0853055	0.6431180.333653	-1.2625	0.0860344	0.644641
0.2215	0.328551	-1.2533	0.0842064	0.640740.330579	-1.25695	0.0849269	0.642259
0.2225	0.325516	-1.24774	0.0831194	0.6383670.327528	-1.25139	0.0838315	0.639881
0.2235	0.322503	-1.24219	0.0820444	0.6359980.324499	-1.24583	0.0827484	0.637508
0.2245	0.319512	-1.23664	0.0809813	0.6336330.321493	-1.24028	0.0816772	0.635139
0.2255	0.316543	-1.23108	0.07993	0.6312730.31851	-1.23472	0.0806179	0.632775
0.2265	0.313596	-1.22553	0.0788905	0.6289170.315548	-1.22917	0.0795705	0.630415
0.2275	0.310671	-1.21997	0.0778624	0.6265660.312609	-1.22361	0.0785347	0.628059
0.2285	0.307768	-1.21442	0.0768459	0.6242190.309691	-1.21806	0.0775105	0.625708
0.2295	0.304887	-1.20886	0.0758407	0.6218760.306796	-1.2125	0.0764978	0.623361
0.2305	0.302027	-1.20331	0.0748468	0.6195370.303922	-1.20695	0.0754964	0.621019
0.2315	0.299188	-1.19775	0.073864	0.6172030.301069	-1.20139	0.0745063	0.618681
0.2325	0.296371	-1.19219	0.0728923	0.6148730.298238	-1.19583	0.0735274	0.616347
0.2335	0.293575	-1.18664	0.0719315	0.6125480.295429	-1.19028	0.0725595	0.614018
0.2345	0.2908	-1.18108	0.0709816	0.6102270.29264	-1.18472	0.0716025	0.611693
0.2355	0.288046	-1.17553	0.0700424	0.607910.289873	-1.17917	0.0706564	0.609373
0.2365	0.285312	-1.16997	0.0691138	0.6055980.287127	-1.17361	0.069721	0.607057
0.2375	0.2826	-1.16441	0.0681958	0.603290.284401	-1.16806	0.0687962	0.604746
0.2385	0.279908	-1.15885	0.0672882	0.6009860.281697	-1.1625	0.067882	0.602439
0.2395	0.277236	-1.1533	0.066391	0.5986870.279013	-1.15695	0.0669782	0.600136
0.2405	0.274585	-1.14774	0.065504	0.5963920.276349	-1.15139	0.0660847	0.597838
0.2415	0.271954	-1.14218	0.0646272	0.5941010.273706	-1.14583	0.0652015	0.595544
0.2425	0.269343	-1.13662	0.0637604	0.5918150.271083	-1.14028	0.0643284	0.593254
0.2435	0.266752	-1.13107	0.0629036	0.5895330.26848	-1.13472	0.0634654	0.590969
0.2445	0.264181	-1.12551	0.0620566	0.5872550.265897	-1.12917	0.0626123	0.588689
0.2455	0.261629	-1.11995	0.0612194	0.5849820.263334	-1.12361	0.061769	0.586412
0.2465	0.259098	-1.11439	0.0603918	0.5827130.260791	-1.11806	0.0609355	0.58414
0.2475	0.256585	-1.10883	0.0595739	0.5804490.258268	-1.1125	0.0601117	0.581873
0.2485	0.254093	-1.10327	0.0587654	0.5781890.255764	-1.10695	0.0592974	0.57961
0.2495	0.251619	-1.09771	0.0579663	0.5759330.25328	-1.10139	0.0584926	0.577351
0.2505	0.249165	-1.09215	0.0571766	0.5736820.250815	-1.09583	0.0576972	0.575097
0.2515	0.24673	-1.0866	0.056396	0.5714350.248369	-1.09028	0.0569111	0.572848
0.2525	0.244314	-1.08104	0.0556246	0.5691920.245942	-1.08472	0.0561341	0.570602
0.2535	0.241916	-1.07548	0.0548622	0.5669540.243535	-1.07917	0.0553663	0.568361
0.2545	0.239538	-1.06991	0.0541087	0.564720.241146	-1.07361	0.0546075	0.566125
0.2555	0.237178	-1.06435	0.0533641	0.562490.238776	-1.06806	0.0538576	0.563893
0.2565	0.234837	-1.05879	0.0526283	0.5602650.236425	-1.0625	0.0531166	0.561665
0.2575	0.232514	-1.05323	0.0519011	0.5580440.234092	-1.05695	0.0523843	0.559441
0.2585	0.230209	-1.04767	0.0511826	0.5558270.231778	-1.05139	0.0516607	0.557223
0.2595	0.227923	-1.04211	0.0504726	0.5536150.229482	-1.04583	0.0509457	0.555008
0.2605	0.225654	-1.03655	0.049771	0.5514070.227204	-1.04028	0.0502392	0.552798
0.2615	0.223404	-1.03099	0.0490777	0.5492040.224944	-1.03472	0.0495411	0.550592
0.2625	0.221172	-1.02542	0.0483928	0.5470050.222703	-1.02917	0.0488513	0.548391
0.2635	0.218957	-1.01986	0.047716	0.544810.220479	-1.02361	0.0481698	0.546194
0.2645	0.21676	-1.0143	0.0470473	0.542620.218273	-1.01806	0.0474964	0.544002
0.2655	0.21458	-1.00874	0.0463866	0.5404340.216085	-1.0125	0.0468312	0.541814
0.2665	0.212418	-1.00317	0.0457338	0.5382520.213915	-1.00695	0.0461739	0.53963
0.2675	0.210274	-0.997609	0.045089	0.5360750.211761	-1.00139	0.0455245	0.537451
0.2685	0.208146	-0.992045	0.0444519	0.5339020.209626	-0.995835	0.044883	0.535276
0.2695	0.206036	-0.986481	0.0438225	0.5317330.207507	-0.990279	0.0442493	0.533106
0.2705	0.203943	-0.980917	0.0432007	0.5295690.205406	-0.984724	0.0436232	0.53094
0.2715	0.201866	-0.975352	0.0425865	0.5274090.203322	-0.979168	0.0430048	0.528778
0.2725	0.199807	-0.969788	0.0419797	0.5252540.201254	-0.973613	0.0423939	0.526621
0.2735	0.197764	-0.964222	0.0413804	0.5231030.199204	-0.968057	0.0417904	0.524468
0.2745	0.195738	-0.958657	0.0407884	0.5209560.19717	-0.962502	0.0411943	0.52232
0.2755	0.193728	-0.953091	0.0402036	0.5188130.195153	-0.956946	0.0406055	0.520176
0.2765	0.191735	-0.947525	0.039626	0.5166750.193152	-0.95139	0.040024	0.518036
0.2775	0.189758	-0.941959	0.0390554	0.5145420.191168	-0.945835	0.0394496	0.515901
0.2785	0.187798	-0.936392	0.038492	0.5124120.189201	-0.940279	0.0388823	0.51377
0.2795	0.185853	-0.930825	0.0379354	0.5102870.187249	-0.934724	0.038322	0.511644
0.2805	0.183925	-0.925258	0.0373858	0.5081670.185314	-0.929168	0.0377686	0.509522
0.2815	0.182012	-0.91969	0.0368429	0.5060510.183394	-0.923613	0.0372221	0.507405
0.2825	0.180115	-0.914122	0.0363068	0.5039390.181491	-0.918057	0.0366823	0.505292
0.2835	0.178234	-0.908554	0.0357774	0.5018310.179603	-0.912502	0.0361493	0.503183
0.2845	0.176369	-0.902985	0.0352546	0.4997280.177732	-0.906946	0.035623	0.501079
0.2855	0.174519	-0.897416	0.0347383	0.4976290.175875	-0.90139	0.0351032	0.498979
0.2865	0.172684	-0.891847	0.0342285	0.4955350.174035	-0.895835	0.03459	0.496883
0.2875	0.170865	-0.886277	0.033725	0.4934450.17221	-0.890279	0.0340832	0.494792
0.2885	0.169061	-0.880707	0.0332279	0.4913590.1704	-0.884724	0.0335827	0.492706
0.2895	0.167273	-0.875136	0.0327371	0.4892780.168605	-0.879168	0.0330886	0.490623
0.2905	0.165499	-0.869566	0.0322525	0.4872010.166826	-0.873613	0.0326008	0.488546
0.2915	0.16374	-0.863994	0.031774	0.4851280.165061	-0.868057	0.0321191	0.486472
0.2925	0.161996	-0.858423	0.0313016	0.483060.163312	-0.862502	0.0316435	0.484403
0.2935	0.160267	-0.852851	0.0308351	0.4809960.161577	-0.856946	0.031174	0.482339
0.2945	0.158553	-0.847279	0.0303746	0.4789370.159857	-0.85139	0.0307104	0.480278
0.2955	0.156853	-0.841706	0.02992	0.4768810.158152	-0.845835	0.0302528	0.478223
0.2965	0.155167	-0.836133	0.0294713	0.4748310.156462	-0.840279	0.029801	0.476171
0.2975	0.153496	-0.830559	0.0290282	0.4727840.154786	-0.834724	0.029355	0.474124
0.2985	0.151839	-0.824986	0.0285909	0.4707420.153124	-0.829168	0.0289148	0.472082
0.2995	0.150197	-0.819411	0.0281592	0.4687050.151477	-0.823613	0.0284802	0.470044
0.3005	0.148568	-0.813837	0.027733	0.4666710.149843	-0.818057	0.0280513	0.46801
0.3015	0.146954	-0.808262	0.0273124	0.4646420.148224	-0.812502	0.0276279	0.465981
0.3025	0.145353	-0.802686	0.0268972	0.4626180.146619	-0.806946	0.0272099	0.463956
0.3035	0.143767	-0.79711	0.0264875	0.4605980.145028	-0.80139	0.0267975	0.461935
0.3045	0.142194	-0.791534	0.026083	0.4585820.143451	-0.795835	0.0263903	0.459919
0.3055	0.140635	-0.785957	0.0256839	0.4565710.141888	-0.790279	0.0259885	0.457907
0.3065	0.139089	-0.78038	0.0252899	0.4545640.140338	-0.784724	0.025592	0.4559
0.3075	0.137557	-0.774802	0.0249011	0.4525610.138801	-0.779168	0.0252006	0.453897
0.3085	0.136038	-0.769224	0.0245175	0.4505630.137279	-0.773613	0.0248144	0.451899
0.3095	0.134532	-0.763645	0.0241389	0.4485690.135769	-0.768057	0.0244333	0.449905
0.3105	0.13304	-0.758066	0.0237652	0.446580.134273	-0.762502	0.0240572	0.447915
0.3115	0.131561	-0.752487	0.0233966	0.4445950.13279	-0.756946	0.0236861	0.44593
0.3125	0.130095	-0.746907	0.0230328	0.4426150.131321	-0.75139	0.0233199	0.443949
0.3135	0.128642	-0.741327	0.0226738	0.4406390.129864	-0.745835	0.0229585	0.441973
0.3145	0.127201	-0.735746	0.0223196	0.4386670.12842	-0.740279	0.022602	0.440001
0.3155	0.125774	-0.730165	0.0219702	0.43670.126989	-0.734724	0.0222502	0.438033
0.3165	0.124359	-0.724583	0.0216254	0.4347370.125571	-0.729168	0.0219031	0.43607
0.3175	0.122957	-0.719001	0.0212853	0.4327790.124166	-0.723613	0.0215607	0.434111
0.3185	0.121567	-0.713419	0.0209497	0.4308250.122773	-0.718057	0.0212229	0.432157
0.3195	0.12019	-0.707836	0.0206187	0.4288760.121393	-0.712502	0.0208896	0.430207
0.3205	0.118826	-0.702252	0.0202921	0.4269310.120025	-0.706946	0.0205608	0.428261
0.3215	0.117473	-0.696668	0.01997	0.424990.11867	-0.70139	0.0202365	0.42632
0.3225	0.116133	-0.691084	0.0196522	0.4230540.117327	-0.695835	0.0199166	0.424383
0.3235	0.114805	-0.685499	0.0193387	0.4211220.115996	-0.690279	0.019601	0.422451
0.3245	0.113489	-0.679914	0.0190295	0.4191950.114677	-0.684724	0.0192897	0.420523
0.3255	0.112185	-0.674328	0.0187246	0.4172720.11337	-0.679168	0.0189826	0.4186
0.3265	0.110892	-0.668742	0.0184238	0.4153540.112075	-0.673613	0.0186798	0.416681
0.3275	0.109612	-0.663155	0.0181272	0.413440.110792	-0.668057	0.0183811	0.414766
0.3285	0.108343	-0.657568	0.0178346	0.411530.109521	-0.662502	0.0180865	0.412856
0.3295	0.107086	-0.651981	0.0175461	0.4096250.108261	-0.656946	0.0177959	0.41095
0.3305	0.105841	-0.646393	0.0172616	0.4077240.107013	-0.65139	0.0175094	0.409048
0.3315	0.104607	-0.640804	0.016981	0.4058270.105777	-0.645835	0.0172268	0.407151
0.3325	0.103385	-0.635215	0.0167043	0.4039350.104552	-0.640279	0.0169482	0.405259
0.3335	0.102174	-0.629626	0.0164315	0.4020470.103338	-0.634724	0.0166734	0.403371
0.3345	0.100974	-0.624036	0.0161625	0.4001640.102136	-0.629168	0.0164025	0.401487
0.3355	0.0997857	-0.618446	0.0158973	0.3982850.100945	-0.623613	0.0161353	0.399607
0.3365	0.0986084	-0.612855	0.0156357	0.396410.0997648	-0.618057	0.0158719	0.397732
0.3375	0.0974421	-0.607264	0.0153779	0.394540.0985959	-0.612502	0.0156121	0.395862
0.3385	0.0962869	-0.601673	0.0151237	0.3926740.097438	-0.606946	0.0153561	0.393996
0.3395	0.0951425	-0.596081	0.0148731	0.3908120.096291	-0.60139	0.0151036	0.392134
0.3405	0.0940091	-0.590489	0.0146261	0.3889540.0951548	-0.595835	0.0148547	0.390276
0.3415	0.0928864	-0.584896	0.0143826	0.3871010.0940294	-0.590279	0.0146093	0.388423
0.3425	0.0917744	-0.579303	0.0141425	0.3852520.0929147	-0.584724	0.0143674	0.386575
0.3435	0.0906731	-0.57371	0.0139059	0.3834070.0918105	-0.579168	0.0141289	0.384731
0.3445	0.0895823	-0.568116	0.0136727	0.3815670.0907169	-0.573613	0.0138939	0.382891
0.3455	0.0885021	-0.562522	0.0134428	0.3797310.0896337	-0.568057	0.0136622	0.381056
0.3465	0.0874322	-0.556928	0.0132162	0.3778990.0885609	-0.562502	0.0134338	0.379225
0.3475	0.0863727	-0.551333	0.0129929	0.3760710.0874984	-0.556946	0.0132087	0.377398
0.3485	0.0853235	-0.545738	0.0127729	0.3742480.0864461	-0.55139	0.0129868	0.375576
0.3495	0.0842845	-0.540143	0.012556	0.3724290.085404	-0.545835	0.0127682	0.373759
0.3505	0.0832556	-0.534548	0.0123423	0.3706140.0843719	-0.540279	0.0125527	0.371945
0.3515	0.0822368	-0.528952	0.0121317	0.3688040.0833498	-0.534724	0.0123403	0.370137
0.3525	0.081228	-0.523356	0.0119242	0.3669980.0823377	-0.529168	0.012131	0.368332
0.3535	0.080229	-0.51776	0.0117197	0.3651960.0813354	-0.523613	0.0119248	0.366532
0.3545	0.0792399	-0.512163	0.0115183	0.3633990.0803429	-0.518057	0.0117216	0.364736
0.3555	0.0782606	-0.506567	0.0113198	0.3616060.0793602	-0.512502	0.0115214	0.362945
0.3565	0.0772909	-0.50097	0.0111243	0.3598180.078387	-0.506946	0.0113241	0.361158
0.3575	0.0763309	-0.495373	0.0109316	0.3580340.0774235	-0.50139	0.0111297	0.359376
0.3585	0.0753804	-0.489776	0.0107419	0.3562550.0764694	-0.495835	0.0109381	0.357598
0.3595	0.0744393	-0.484179	0.0105549	0.3544810.0755247	-0.490279	0.0107494	0.355824
0.3605	0.0735076	-0.478582	0.0103708	0.3527110.0745895	-0.484724	0.0105635	0.354055
0.3615	0.0725852	-0.472985	0.0101894	0.3509460.0736635	-0.479168	0.0103804	0.35229
0.3625	0.0716721	-0.467388	0.0100108	0.3491860.0727467	-0.473613	0.0102	0.35053
0.3635	0.0707681	-0.461791	0.00983481	0.3474310.0718391	-0.468057	0.0100222	0.348774
0.3645	0.0698732	-0.456194	0.00966153	0.3456810.0709405	-0.462502	0.00984719	0.347023
0.3655	0.0689872	-0.450598	0.00949088	0.3439360.070051	-0.456946	0.00967476	0.345275
0.3665	0.0681102	-0.445001	0.00932283	0.3421960.0691704	-0.45139	0.00950492	0.343533
0.3675	0.067242	-0.439405	0.00915734	0.3404620.0682987	-0.445835	0.00933765	0.341794
0.3685	0.0663826	-0.433808	0.0089944	0.3387330.0674358	-0.440279	0.00917291	0.340061
0.3695	0.0655319	-0.428213	0.00883396	0.337010.0665817	-0.434724	0.00901066	0.338331
0.3705	0.0646898	-0.422617	0.00867599	0.3352920.0657362	-0.429168	0.00885088	0.336606
0.3715	0.0638562	-0.417022	0.00852047	0.333580.0648993	-0.423613	0.00869353	0.334885
0.3725	0.0630311	-0.411427	0.00836737	0.3318740.064071	-0.418057	0.00853859	0.333169
0.3735	0.0622144	-0.405833	0.00821665	0.3301750.0632512	-0.412502	0.00838602	0.331457
0.3745	0.061406	-0.40024	0.00806829	0.3284810.0624398	-0.406946	0.0082358	0.32975
0.3755	0.0606059	-0.394647	0.00792226	0.3267940.0616367	-0.40139	0.00808788	0.328047
0.3765	0.0598139	-0.389055	0.00777853	0.3251130.0608419	-0.395835	0.00794225	0.326348
0.3775	0.0590301	-0.383463	0.00763706	0.323440.0600553	-0.390279	0.00779888	0.324654
0.3785	0.0582543	-0.377873	0.00749785	0.3217730.0592769	-0.384724	0.00765772	0.322964
0.3795	0.0574864	-0.372284	0.00736085	0.3201130.0585066	-0.379168	0.00751877	0.321279
0.3805	0.0567265	-0.366695	0.00722604	0.318460.0577443	-0.373613	0.00738198	0.319598
0.3815	0.0559743	-0.361108	0.0070934	0.3168150.05699	-0.368057	0.00724732	0.317921
0.3825	0.05523	-0.355522	0.00696289	0.3151770.0562435	-0.362502	0.00711478	0.316249
0.3835	0.0544934	-0.349937	0.00683449	0.3135470.055505	-0.356946	0.00698432	0.314581
0.3845	0.0537644	-0.344354	0.00670818	0.3119250.0547742	-0.35139	0.00685592	0.312918
0.3855	0.0530429	-0.338773	0.00658392	0.3103110.0540511	-0.345835	0.00672955	0.311259
0.3865	0.052329	-0.333193	0.0064617	0.3087050.0533356	-0.340279	0.00660518	0.309604
0.3875	0.0516226	-0.327615	0.00634149	0.3071080.0526278	-0.334724	0.00648278	0.307954
0.3885	0.0509235	-0.322038	0.00622326	0.305520.0519275	-0.329168	0.00636234	0.306308
0.3895	0.0502318	-0.316464	0.00610699	0.3039410.0512347	-0.323613	0.00624381	0.304667
0.3905	0.0495474	-0.310892	0.00599266	0.302370.0505493	-0.318057	0.00612719	0.30303
0.3915	0.0488702	-0.305323	0.00588024	0.3008090.0498712	-0.312502	0.00601243	0.301398
0.3925	0.0482002	-0.299756	0.00576971	0.2992580.0492005	-0.306946	0.00589953	0.29977
0.3935	0.0475373	-0.294191	0.00566105	0.2977160.048537	-0.30139	0.00578844	0.298146
0.3945	0.0468816	-0.28863	0.00555424	0.2961840.0478806	-0.295835	0.00567915	0.296527
0.3955	0.0462329	-0.283072	0.00544924	0.2946630.0472314	-0.290279	0.00557164	0.294912
0.3965	0.0455912	-0.277518	0.00534605	0.2931510.0465892	-0.284724	0.00546588	0.293301
0.3975	0.0449566	-0.271967	0.00524465	0.2916510.0459541	-0.279168	0.00536184	0.291695
0.3985	0.0443289	-0.26642	0.005145	0.2901610.0453259	-0.273613	0.0052595	0.290094
0.3995	0.0437081	-0.260878	0.00504709	0.2886820.0447046	-0.268057	0.00515884	0.288497
0.4005	0.0430942	-0.25534	0.00495091	0.2872140.0440901	-0.262502	0.00505984	0.286904
0.4015	0.0424872	-0.249808	0.00485642	0.2857580.0434823	-0.256946	0.00496247	0.285315
0.4025	0.041887	-0.244281	0.00476362	0.2843140.0428814	-0.25139	0.00486671	0.283731
0.4035	0.0412936	-0.23876	0.00467248	0.2828810.042287	-0.245835	0.00477254	0.282152
0.4045	0.0407071	-0.233245	0.00458298	0.2814610.0416993	-0.240279	0.00467994	0.280577
0.4055	0.0401273	-0.227736	0.00449511	0.2800530.0411181	-0.234724	0.00458888	0.279006
0.4065	0.0395543	-0.222235	0.00440885	0.2786580.0405435	-0.229168	0.00449934	0.27744
0.4075	0.0389881	-0.216742	0.00432418	0.2772750.0399752	-0.223613	0.00441131	0.275878
0.4085	0.0384286	-0.211257	0.00424108	0.2759060.0394134	-0.218057	0.00432475	0.27432
0.4095	0.0378759	-0.205782	0.00415954	0.274550.0388579	-0.212502	0.00423966	0.272767
0.4105	0.03733	-0.200316	0.00407955	0.2732080.0383087	-0.206946	0.004156	0.271218
0.4115	0.0367909	-0.194862	0.00400109	0.2718810.0377657	-0.20139	0.00407377	0.269674
0.4125	0.0362587	-0.18942	0.00392416	0.2705670.0372289	-0.195835	0.00399293	0.268134
0.4135	0.0357333	-0.183992	0.00384875	0.2692690.0366982	-0.190279	0.00391347	0.266599
0.4145	0.035215	-0.178579	0.00377486	0.2679870.0361735	-0.184724	0.00383537	0.265067
0.4155	0.0347038	-0.173184	0.00370248	0.266720.0356549	-0.179168	0.00375861	0.263541
0.4165	0.0341998	-0.16781	0.00363163	0.2654710.0351423	-0.173613	0.00368317	0.262019
0.4175	0.0337033	-0.162459	0.0035623	0.264240.0346356	-0.168057	0.00360903	0.260501
0.4185	0.0332144	-0.157134	0.00349451	0.2630270.0341347	-0.162502	0.00353618	0.258987
0.4195	0.0327333	-0.151841	0.00342828	0.2618350.0336396	-0.156946	0.00346459	0.257478
0.4205	0.0322604	-0.146584	0.00336365	0.2606640.0331503	-0.15139	0.00339424	0.255974
0.4215	0.0317961	-0.141369	0.00330064	0.2595160.0326667	-0.145835	0.00332513	0.254473
0.4225	0.0313408	-0.136203	0.0032393	0.2583930.0321888	-0.140279	0.00325722	0.252978
0.4235	0.0308949	-0.131096	0.00317968	0.2572980.0317165	-0.134724	0.0031905	0.251486
0.4245	0.0304591	-0.126055	0.00312185	0.2562330.0312497	-0.129168	0.00312496	0.249999
0.4255	0.030034	-0.121094	0.00306589	0.2552010.0307885	-0.123613	0.00306058	0.248517
0.4265	0.0296205	-0.116224	0.00301188	0.2542060.0303327	-0.118057	0.00299734	0.247038
0.4275	0.0292192	-0.11146	0.00295993	0.2532520.0298823	-0.112502	0.00293522	0.245565
0.4285	0.0288312	-0.106817	0.00291012	0.2523420.0294373	-0.106946	0.00287421	0.244095
0.4295	0.0284572	-0.102311	0.00286257	0.2514810.0289977	-0.10139	0.00281429	0.24263
0.4305	0.0280981	-0.0979592	0.00281738	0.2506730.0285632	-0.0958349	0.00275544	0.24117
0.4315	0.0277547	-0.0937763	0.00277462	0.2499240.028134	-0.0902793	0.00269765	0.239714
0.4325	0.0274277	-0.0897769	0.00273438	0.2492350.02771	-0.0847238	0.0026409	0.238262
0.4335	0.0271174	-0.0859733	0.00269668	0.2486110.0272911	-0.0791682	0.00258518	0.236815
0.4345	0.0268241	-0.0823743	0.00266154	0.2480550.0268773	-0.0736127	0.00253047	0.235372
0.4355	0.0265477	-0.0789848	0.00262894	0.2475670.0264686	-0.0680571	0.00247675	0.233933
0.4365	0.0262877	-0.0758054	0.00259879	0.2471490.0260648	-0.0625015	0.00242402	0.232499
0.4375	0.0260436	-0.0728316	0.002571	0.2467980.0256659	-0.056946	0.00237225	0.23107
0.4385	0.0258142	-0.0700546	0.00254542	0.2465130.025272	-0.0513904	0.00232143	0.229644
0.4395	0.0255983	-0.067461	0.00252186	0.2462910.0248829	-0.0458349	0.00227154	0.228223
0.4405	0.0253944	-0.0650339	0.00250012	0.2461280.0244986	-0.0402793	0.00222258	0.226807
0.4415	0.025201	-0.0627539	0.00247997	0.2460190.0241191	-0.0347238	0.00217453	0.225395
0.4425	0.0250163	-0.0606001	0.0024612	0.245960.0237443	-0.0291682	0.00212737	0.223987
0.4435	0.0248386	-0.0585513	0.00244358	0.2459460.0233741	-0.0236127	0.00208109	0.222584
0.4445	0.0246666	-0.0565872	0.00242691	0.2459720.0230086	-0.0180571	0.00203567	0.221185
0.4455	0.0244986	-0.0546891	0.002411	0.2460340.0226477	-0.0125015	0.00199111	0.219791
0.4465	0.0243337	-0.0528408	0.00239569	0.246130.0222914	-0.00694599	0.00194738	0.218401
0.4475	0.0241706	-0.0510285	0.00238086	0.2462550.0219395	-0.00139044	0.00190448	0.217015
0.4485	0.0240087	-0.0492415	0.00236639	0.2464090.0218521	0	0.00189387	0.216669
0.4495	0.0238474	-0.0474717	0.00235222	0.2465910.0218521	0	0.00189387	0.216669
0.4505	0.0236862	-0.0457138	0.0023383	0.24680.0218521	0	0.00189387	0.216669
0.4515	0.0235249	-0.0439643	0.00232459	0.2470350.0218521	0	0.00189387	0.216669
0.4525	0.0233633	-0.0422221	0.00231108	0.2472980.0218521	0	0.00189387	0.216669
0.4535	0.0232017	-0.0404909	0.00229782	0.2475920.0218521	0	0.00189387	0.216669
0.4545	0.0230405	-0.0387785	0.00228485	0.2479170.0218521	0	0.00189387	0.216669
0.4555	0.0228801	-0.0370924	0.00227225	0.2482780.0218521	0	0.00189387	0.216669
0.4565	0.0227208	-0.0354389	0.00226006	0.2486770.0218521	0	0.00189387	0.216669
0.4575	0.022563	-0.0338232	0.00224832	0.2491160.0218521	0	0.00189387	0.216669
0.4585	0.0224067	-0.0322486	0.00223707	0.2495980.0218521	0	0.00189387	0.216669
0.4595	0.0222519	-0.0307174	0.0022263	0.2501240.0218521	0	0.00189387	0.216669
0.4605	0.0220987	-0.0292304	0.00221602	0.2506960.0218521	0	0.00189387	0.216669
0.4615	0.0219467	-0.0277876	0.00220623	0.2513170.0218521	0	0.00189387	0.216669
0.4625	0.0217958	-0.0263884	0.00219692	0.251990.0218521	0	0.00189387	0.216669
0.4635	0.0216455	-0.0250319	0.00218808	0.2527180.0218521	0	0.00189387	0.216669
0.4645	0.0214956	-0.0237173	0.0021797	0.2535050.0218521	0	0.00189387	0.216669
0.4655	0.0213457	-0.0224435	0.00217176	0.2543560.0218521	0	0.00189387	0.216669
0.4665	0.0211956	-0.0212083	0.00216425	0.2552720.0218521	0	0.00189387	0.216669
0.4675	0.0210449	-0.0200092	0.00215714	0.2562550.0218521	0	0.00189387	0.216669
0.4685	0.0208934	-0.018844	0.00215042	0.2573080.0218521	0	0.00189387	0.216669
0.4695	0.020741	-0.017712	0.00214406	0.2584330.0218521	0	0.00189387	0.216669
0.4705	0.0205877	-0.016614	0.00213809	0.2596320.0218521	0	0.00189387	0.216669
0.4715	0.0204337	-0.0155514	0.00213251	0.2609050.0218521	0	0.00189387	0.216669
0.4725	0.0202794	-0.0145262	0.00212733	0.2622520.0218521	0	0.00189387	0.216669
0.4735	0.0201252	-0.0135402	0.00212256	0.2636690.0218521	0	0.00189387	0.216669
0.4745	0.0199713	-0.012593	0.0021182	0.2651560.0218521	0	0.00189387	0.216669
0.4755	0.0198174	-0.0116839	0.00211425	0.2667160.0218521	0	0.00189387	0.216669
0.4765	0.0196628	-0.0108118	0.00211068	0.2683590.0218521	0	0.00189387	0.216669
0.4775	0.019506	-0.00997414	0.00210749	0.2701070.0218521	0	0.00189387	0.216669
0.4785	0.0193438	-0.00916735	0.00210464	0.2720050.0218521	0	0.00189387	0.216669
0.4795	0.0191714	-0.00838759	0.0021021	0.2741190.0218521	0	0.00189387	0.216669
0.4805	0.0189832	-0.00763148	0.00209985	0.276540.0218521	0	0.00189387	0.216669
0.4815	0.0187732	-0.00689639	0.00209786	0.2793690.0218521	0	0.00189387	0.216669
0.4825	0.018537	-0.00617991	0.00209611	0.2826930.0218521	0	0.00189387	0.216669
0.4835	0.0182744	-0.00547847	0.0020946	0.2865490.0218521	0	0.00189387	0.216669
0.4845	0.0179924	-0.0047878	0.00209336	0.2908680.0218521	0	0.00189387	0.216669
0.4855	0.0177078	-0.00411162	0.00209239	0.2954050.0218521	0	0.00189387	0.216669
0.4865	0.0174363	-0.00344948	0.00209163	0.2998960.0218521	0	0.00189387	0.216669
0.4875	0.0171852	-0.0027912	0.00209102	0.3041890.0218521	0	0.00189387	0.216669
0.4885	0.0169596	-0.0021318	0.00209053	0.3081640.0218521	0	0.00189387	0.216669
0.4895	0.016763	-0.0014686	0.00209015	0.3117210.0218521	0	0.00189387	0.216669
0.4905	0.0165975	-0.000798171	0.00208987	0.3147870.0218521	0	0.00189387	0.216669
0.4915	0.0164634	-0.000116413	0.00208968	0.3173220.0218521	0	0.00189387	0.216669
0.4925	0.0163594	0.000580359	0.00208958	0.3193240.0218521	0	0.00189387	0.216669
0.4935	0.0162828	0.00129411	0.00208957	0.3208240.0218521	0	0.00189387	0.216669
0.4945	0.0162298	0.0020237	0.00208964	0.3218820.0218521	0	0.00189387	0.216669
0.4955	0.0161958	0.00276264	0.00208973	0.3225730.0218521	0	0.00189387	0.216669
0.4965	0.016175	0.00348576	0.0020896	0.3229690.0218521	0	0.00189387	0.216669
0.4975	0.0161608	0.00407891	0.00208861	0.3230980.0218521	0	0.00189387	0.216669
0.4985	0.0161535	0.00433434	0.00208751	0.3230730.0218521	0	0.00189387	0.216669
0.4995	0.0171453	0.00435508	0.00208748	0.3043810.0218521	0	0.00189387	0.216669
0.5005	0.0171527	0.00459795	0.00208855	0.3044050.0218521	0	0.00189387	0.216669
0.5015	0.0171698	0.00516725	0.00208936	0.304220.0218521	0	0.00189387	0.216669
0.5025	0.0172076	0.00588641	0.00208923	0.3035330.0218521	0	0.00189387	0.216669
0.5035	0.0172842	0.00664632	0.00208928	0.3021950.0218521	0	0.00189387	0.216669
0.5045	0.0174025	0.00735906	0.00209001	0.3002450.0218521	0	0.00189387	0.216669
0.5055	0.017556	0.00802919	0.00209128	0.2978010.0218521	0	0.00189387	0.216669
0.5065	0.0177371	0.00868644	0.00209287	0.2949850.0218521	0	0.00189387	0.216669
0.5075	0.01794	0.00934486	0.00209467	0.2918990.0218521	0	0.00189387	0.216669
0.5085	0.0181606	0.0100086	0.00209667	0.2886290.0218521	0	0.00189387	0.216669
0.5095	0.0183944	0.0106827	0.00209888	0.285260.0218521	0	0.00189387	0.216669
0.5105	0.0186342	0.011371	0.0021013	0.2819140.0218521	0	0.00189387	0.216669
0.5115	0.01887	0.0120722	0.00210389	0.2787350.0218521	0	0.00189387	0.216669
0.5125	0.0190953	0.0127876	0.00210663	0.2758050.0218521	0	0.00189387	0.216669
0.5135	0.019307	0.0135203	0.00210949	0.2731510.0218521	0	0.00189387	0.216669
0.5145	0.0195037	0.0142695	0.00211249	0.2707810.0218521	0	0.00189387	0.216669
0.5155	0.019685	0.0150337	0.00211562	0.2686850.0218521	0	0.00189387	0.216669
0.5165	0.0198521	0.0158118	0.00211888	0.2668330.0218521	0	0.00189387	0.216669
0.5175	0.0200076	0.0166034	0.0021223	0.2651870.0218521	0	0.00189387	0.216669
0.5185	0.0201547	0.0174102	0.0021259	0.2636980.0218521	0	0.00189387	0.216669
0.5195	0.0202969	0.0182353	0.00212975	0.2623240.0218521	0	0.00189387	0.216669
0.5205	0.0204374	0.0190798	0.0021339	0.2610280.0218521	0	0.00189387	0.216669
0.5215	0.020579	0.0199412	0.00213836	0.2597740.0218521	0	0.00189387	0.216669
0.5225	0.0207251	0.0208175	0.00214313	0.2585180.0218521	0	0.00189387	0.216669
0.5235	0.0208795	0.02171	0.00214819	0.2572130.0218521	0	0.00189387	0.216669
0.5245	0.0210449	0.0226215	0.00215355	0.2558280.0218521	0	0.00189387	0.216669
0.5255	0.0212221	0.0235596	0.0021592	0.2543570.0218521	0	0.00189387	0.216669
0.5265	0.0214099	0.0245382	0.00216521	0.2528270.0218521	0	0.00189387	0.216669
0.5275	0.0216036	0.0255701	0.00217163	0.2513040.0218521	0	0.00189387	0.216669
0.5285	0.0217951	0.0266514	0.0021784	0.2498740.0218521	0	0.00189387	0.216669
0.5295	0.0219775	0.0277726	0.00218545	0.24860.0218521	0	0.00189387	0.216669
0.5305	0.0221475	0.0289234	0.00219269	0.2475090.0218521	0	0.00189387	0.216669
0.5315	0.0223027	0.0300843	0.00220002	0.246610.0218521	0	0.00189387	0.216669
0.5325	0.0224428	0.0312405	0.00220743	0.2458950.0218521	0	0.00189387	0.216669
0.5335	0.0225703	0.0323974	0.00221504	0.245350.0218521	0	0.00189387	0.216669
0.5345	0.0226895	0.0335845	0.0022232	0.2449590.0218521	0	0.00189387	0.216669
0.5355	0.0228059	0.0348359	0.00223223	0.2446990.0218521	0	0.00189387	0.216669
0.5365	0.0229251	0.0361697	0.00224225	0.2445190.0218521	0	0.00189387	0.216669
0.5375	0.0230543	0.0376003	0.00225328	0.2443450.0218521	0	0.00189387	0.216669
0.5385	0.0232013	0.0391489	0.00226544	0.2441070.0218521	0	0.00189387	0.216669
0.5395	0.0233707	0.04084	0.00227889	0.2437770.0218521	0	0.00189387	0.216669
0.5405	0.0235607	0.0426797	0.00229373	0.2433850.0218521	0	0.00189387	0.216669
0.5415	0.0237593	0.0445945	0.00230939	0.2429980.0218521	0	0.00189387	0.216669
0.5425	0.0239493	0.046445	0.00232463	0.2426610.0218521	0	0.00189387	0.216669
0.5435	0.02412	0.0481219	0.00233844	0.2423760.0218521	0	0.00189387	0.216669
0.5445	0.0242668	0.0495569	0.00235015	0.2421160.0218521	0	0.00189387	0.216669
0.5455	0.0243876	0.0506982	0.00235927	0.2418520.0218521	0	0.00189387	0.216669
0.5465	0.0244816	0.0515161	0.00236554	0.2415630.0218521	0	0.00189387	0.216669
0.5475	0.0245496	0.052007	0.00236892	0.2412390.0218521	0	0.00189387	0.216669
0.5485	0.0245935	0.0522018	0.00236972	0.2408890.0218521	0	0.00189387	0.216669
0.5495	0.0246171	0.0521732	0.00236859	0.2405430.0218521	0	0.00189387	0.216669
0.5505	0.0246267	0.0520291	0.00236655	0.2402420.0218521	0	0.00189387	0.216669
0.5515	0.0246291	0.051873	0.00236452	0.2400120.0218521	0	0.00189387	0.216669
0.5525	0.0246296	0.0517493	0.00236278	0.2398310.0219395	0.00139044	0.00190448	0.217015
0.5535	0.0246322	0.0516604	0.00236119	0.2396450.0222914	0.00694599	0.00194738	0.218401
0.5545	0.024648	0.0515043	0.00235832	0.23920.0226477	0.0125015	0.00199111	0.219791
0.5555	0.0246758	0.0511857	0.00235374	0.2384670.0230086	0.0180571	0.00203567	0.221185
0.5565	0.0246993	0.0507541	0.00234873	0.2377330.0233741	0.0236127	0.00208109	0.222584
0.5575	0.0247126	0.0502752	0.00234364	0.2370890.0237443	0.0291682	0.00212737	0.223987
0.5585	0.0247174	0.04985	0.0023392	0.2365940.0241191	0.0347238	0.00217453	0.225395
0.5595	0.024718	0.0495174	0.0023357	0.2362350.0244986	0.0402793	0.00222258	0.226807
0.5605	0.024718	0.0492525	0.00233283	0.2359450.0248829	0.0458349	0.00227154	0.228223
0.5615	0.0247204	0.0490523	0.00233046	0.2356810.025272	0.0513904	0.00232143	0.229644
0.5625	0.0247335	0.0490043	0.00232934	0.2354440.0256659	0.056946	0.00237225	0.23107
0.5635	0.0247853	0.0494969	0.00233299	0.235320.0260648	0.0625015	0.00242402	0.232499
0.5645	0.0249223	0.0511788	0.00234732	0.2354640.0264686	0.0680571	0.00247675	0.233933
0.5655	0.0251517	0.0542046	0.00237413	0.2359810.0268773	0.0736127	0.00253047	0.235372
0.5665	0.0254462	0.0582009	0.00241032	0.2368050.0272911	0.0791682	0.00258518	0.236815
0.5675	0.0257905	0.0628907	0.00245355	0.2378340.02771	0.0847238	0.0026409	0.238262
0.5685	0.0261735	0.0680698	0.00250215	0.2389970.028134	0.0902793	0.00269765	0.239714
0.5695	0.0265849	0.0735762	0.0025548	0.2402490.0285632	0.0958349	0.00275544	0.24117
0.5705	0.0270162	0.0792829	0.00261044	0.2415620.0289977	0.10139	0.00281429	0.24263
0.5715	0.0274609	0.0850974	0.00266824	0.2429120.0294373	0.106946	0.00287421	0.244095
0.5725	0.0279148	0.0909593	0.00272767	0.2442850.0298823	0.112502	0.00293522	0.245565
0.5735	0.0283756	0.0968348	0.00278841	0.245670.0303327	0.118057	0.00299734	0.247038
0.5745	0.0288421	0.102708	0.00285032	0.2470630.0307885	0.123613	0.00306058	0.248517
0.5755	0.0293138	0.108572	0.00291335	0.2484630.0312497	0.129168	0.00312496	0.249999
0.5765	0.0297906	0.114425	0.00297749	0.2498680.0317165	0.134724	0.0031905	0.251486
0.5775	0.0302724	0.120265	0.00304273	0.251280.0321888	0.140279	0.00325722	0.252978
0.5785	0.0307592	0.126094	0.0031091	0.2526960.0326667	0.145835	0.00332513	0.254473
0.5795	0.0312511	0.13191	0.00317659	0.2541190.0331503	0.15139	0.00339424	0.255974
0.5805	0.031748	0.137714	0.00324523	0.2555460.0336396	0.156946	0.00346459	0.257478
0.5815	0.03225	0.143507	0.00331504	0.256980.0341347	0.162502	0.00353618	0.258987
0.5825	0.0327573	0.14929	0.00338604	0.2584190.0346356	0.168057	0.00360903	0.260501
0.5835	0.0332699	0.155063	0.00345826	0.2598640.0351423	0.173613	0.00368317	0.262019
0.5845	0.0337878	0.160827	0.0035317	0.2613150.0356549	0.179168	0.00375861	0.263541
0.5855	0.0343111	0.166582	0.0036064	0.2627720.0361735	0.184724	0.00383537	0.265067
0.5865	0.0348398	0.172329	0.00368237	0.2642360.0366982	0.190279	0.00391347	0.266599
0.5875	0.0353741	0.178068	0.00375963	0.2657050.0372289	0.195835	0.00399293	0.268134
0.5885	0.035914	0.1838	0.00383821	0.2671810.0377657	0.20139	0.00407377	0.269674
0.5895	0.0364595	0.189525	0.00391812	0.2686630.0383087	0.206946	0.004156	0.271218
0.5905	0.0370108	0.195243	0.0039994	0.2701510.0388579	0.212502	0.00423966	0.272767
0.5915	0.0375679	0.200956	0.00408206	0.2716460.0394134	0.218057	0.00432475	0.27432
0.5925	0.0381309	0.206664	0.00416613	0.2731470.0399752	0.223613	0.00441131	0.275878
0.5935	0.0386998	0.212366	0.00425164	0.2746550.0405435	0.229168	0.00449934	0.27744
0.5945	0.0392749	0.218065	0.00433861	0.2761690.0411181	0.234724	0.00458888	0.279006
0.5955	0.0398561	0.22376	0.00442707	0.2776910.0416993	0.240279	0.00467994	0.280577
0.5965	0.0404435	0.229451	0.00451704	0.2792190.042287	0.245835	0.00477254	0.282152
0.5975	0.0410373	0.235139	0.00460855	0.2807530.0428814	0.25139	0.00486671	0.283731
0.5985	0.0416375	0.240825	0.00470162	0.2822950.0434823	0.256946	0.00496247	0.285315
0.5995	0.0422441	0.246508	0.00479628	0.2838430.0440901	0.262502	0.00505984	0.286904
0.6005	0.0428573	0.25219	0.00489256	0.2853980.0447046	0.268057	0.00515884	0.288497
0.6015	0.0434772	0.257869	0.00499049	0.286960.0453259	0.273613	0.0052595	0.290094
0.6025	0.0441037	0.263547	0.00509008	0.2885290.0459541	0.279168	0.00536184	0.291695
0.6035	0.0447371	0.269224	0.00519137	0.2901040.0465892	0.284724	0.00546588	0.293301
0.6045	0.0453773	0.2749	0.00529438	0.2916870.0472314	0.290279	0.00557164	0.294912
0.6055	0.0460245	0.280575	0.00539914	0.2932750.0478806	0.295835	0.00567915	0.296527
0.6065	0.0466786	0.286249	0.00550567	0.2948710.048537	0.30139	0.00578844	0.298146
0.6075	0.0473399	0.291922	0.00561401	0.2964730.0492005	0.306946	0.00589953	0.29977
0.6085	0.0480084	0.297594	0.00572417	0.2980820.0498712	0.312502	0.00601243	0.301398
0.6095	0.048684	0.303267	0.00583619	0.2996970.0505493	0.318057	0.00612719	0.30303
0.6105	0.049367	0.308939	0.00595008	0.3013190.0512347	0.323613	0.00624381	0.304667
0.6115	0.0500574	0.31461	0.00606589	0.3029470.0519275	0.329168	0.00636234	0.306308
0.6125	0.0507552	0.320281	0.00618363	0.3045810.0526278	0.334724	0.00648278	0.307954
0.6135	0.0514605	0.325952	0.00630333	0.3062220.0533356	0.340279	0.00660518	0.309604
0.6145	0.0521734	0.331623	0.00642502	0.3078690.0540511	0.345835	0.00672955	0.311259
0.6155	0.0528939	0.337293	0.00654873	0.3095220.0547742	0.35139	0.00685592	0.312918
0.6165	0.0536221	0.342963	0.00667448	0.3111810.055505	0.356946	0.00698432	0.314581
0.6175	0.0543582	0.348633	0.0068023	0.3128460.0562435	0.362502	0.00711478	0.316249
0.6185	0.0551021	0.354303	0.00693222	0.3145170.05699	0.368057	0.00724732	0.317921
0.6195	0.0558539	0.359972	0.00706426	0.3161940.0577443	0.373613	0.00738198	0.319598
0.6205	0.0566137	0.365642	0.00719846	0.3178770.0585066	0.379168	0.00751877	0.321279
0.6215	0.0573815	0.371311	0.00733484	0.3195650.0592769	0.384724	0.00765772	0.322964
0.6225	0.0581574	0.376979	0.00747343	0.3212590.0600553	0.390279	0.00779888	0.324654
0.6235	0.0589416	0.382648	0.00761426	0.3229580.0608419	0.395835	0.00794225	0.326348
0.6245	0.059734	0.388316	0.00775736	0.3246630.0616367	0.40139	0.00808788	0.328047
0.6255	0.0605347	0.393983	0.00790276	0.3263730.0624398	0.406946	0.0082358	0.32975
0.6265	0.0613438	0.399651	0.00805049	0.3280890.0632512	0.412502	0.00838602	0.331457
0.6275	0.0621614	0.405318	0.00820057	0.329810.064071	0.418057	0.00853859	0.333169
0.6285	0.0629875	0.410984	0.00835304	0.3315360.0648993	0.423613	0.00869353	0.334885
0.6295	0.0638222	0.41665	0.00850794	0.3332670.0657362	0.429168	0.00885088	0.336606
0.6305	0.0646655	0.422316	0.00866528	0.3350040.0665817	0.434724	0.00901066	0.338331
0.6315	0.0655176	0.427981	0.0088251	0.3367450.0674358	0.440279	0.00917291	0.340061
0.6325	0.0663785	0.433646	0.00898744	0.3384920.0682987	0.445835	0.00933765	0.341794
0.6335	0.0672483	0.43931	0.00915232	0.3402430.0691704	0.45139	0.00950492	0.343533
0.6345	0.068127	0.444974	0.00931978	0.3420.070051	0.456946	0.00967476	0.345275
0.6355	0.0690148	0.450637	0.00948984	0.3437610.0709405	0.462502	0.00984719	0.347023
0.6365	0.0699116	0.4563	0.00966255	0.3455270.0718391	0.468057	0.0100222	0.348774
0.6375	0.0708176	0.461962	0.00983794	0.3472980.0727467	0.473613	0.0102	0.35053
0.6385	0.0717329	0.467624	0.010016	0.3490740.0736635	0.479168	0.0103804	0.35229
0.6395	0.0726574	0.473285	0.0101969	0.3508550.0745895	0.484724	0.0105635	0.354055
0.6405	0.0735913	0.478946	0.0103805	0.352640.0755247	0.490279	0.0107494	0.355824
0.6415	0.0745347	0.484606	0.0105669	0.354430.0764694	0.495835	0.0109381	0.357598
0.6425	0.0754875	0.490266	0.0107562	0.3562240.0774235	0.50139	0.0111297	0.359376
0.6435	0.07645	0.495925	0.0109484	0.3580240.078387	0.506946	0.0113241	0.361158
0.6445	0.0774222	0.501583	0.0111434	0.3598270.0793602	0.512502	0.0115214	0.362945
0.6455	0.0784041	0.507241	0.0113415	0.3616360.0803429	0.518057	0.0117216	0.364736
0.6465	0.0793958	0.512898	0.0115425	0.3634490.0813354	0.523613	0.0119248	0.366532
0.6475	0.0803974	0.518555	0.0117466	0.3652660.0823377	0.529168	0.012131	0.368332
0.6485	0.0814089	0.52421	0.0119537	0.3670880.0833498	0.534724	0.0123403	0.370137
0.6495	0.0824305	0.529866	0.0121639	0.3689150.0843719	0.540279	0.0125527	0.371945
0.6505	0.0834622	0.535521	0.0123773	0.3707460.085404	0.545835	0.0127682	0.373759
0.6515	0.084504	0.541175	0.0125938	0.3725810.0864461	0.55139	0.0129868	0.375576
0.6525	0.0855562	0.546828	0.0128136	0.3744210.0874984	0.556946	0.0132087	0.377398
0.6535	0.0866186	0.552481	0.0130366	0.3762660.0885609	0.562502	0.0134338	0.379225
0.6545	0.0876915	0.558134	0.013263	0.3781150.0896337	0.568057	0.0136622	0.381056
0.6555	0.0887749	0.563785	0.0134926	0.3799680.0907169	0.573613	0.0138939	0.382891
0.6565	0.0898688	0.569436	0.0137257	0.3818260.0918105	0.579168	0.0141289	0.384731
0.6575	0.0909733	0.575087	0.0139621	0.3836880.0929147	0.584724	0.0143674	0.386575
0.6585	0.0920885	0.580736	0.0142021	0.3855550.0940294	0.590279	0.0146093	0.388423
0.6595	0.0932145	0.586386	0.0144455	0.3874260.0951548	0.595835	0.0148547	0.390276
0.6605	0.0943514	0.592034	0.0146924	0.3893010.096291	0.60139	0.0151036	0.392134
0.6615	0.0954992	0.597682	0.014943	0.3911810.097438	0.606946	0.0153561	0.393996
0.6625	0.096658	0.603329	0.0151972	0.3930660.0985959	0.612502	0.0156121	0.395862
0.6635	0.0978279	0.608976	0.015455	0.3949540.0997648	0.618057	0.0158719	0.397732
0.6645	0.099009	0.614622	0.0157166	0.3968480.100945	0.623613	0.0161353	0.399607
0.6655	0.100201	0.620267	0.0159819	0.3987450.102136	0.629168	0.0164025	0.401487
0.6665	0.101405	0.625912	0.016251	0.4006470.103338	0.634724	0.0166734	0.403371
0.6675	0.10262	0.631556	0.016524	0.4025540.104552	0.640279	0.0169482	0.405259
0.6685	0.103846	0.637199	0.0168009	0.4044640.105777	0.645835	0.0172268	0.407151
0.6695	0.105084	0.642842	0.0170817	0.406380.107013	0.65139	0.0175094	0.409048
0.6705	0.106334	0.648484	0.0173665	0.4082990.108261	0.656946	0.0177959	0.41095
0.6715	0.107596	0.654125	0.0176553	0.4102230.109521	0.662502	0.0180865	0.412856
0.6725	0.108869	0.659766	0.0179482	0.4121520.110792	0.668057	0.0183811	0.414766
0.6735	0.110154	0.665406	0.0182452	0.4140850.112075	0.673613	0.0186798	0.416681
0.6745	0.111451	0.671045	0.0185464	0.4160220.11337	0.679168	0.0189826	0.4186
0.6755	0.11276	0.676684	0.0188518	0.4179630.114677	0.684724	0.0192897	0.420523
0.6765	0.114081	0.682322	0.0191614	0.4199090.115996	0.690279	0.019601	0.422451
0.6775	0.115414	0.68796	0.0194754	0.421860.117327	0.695835	0.0199166	0.424383
0.6785	0.11676	0.693596	0.0197938	0.4238150.11867	0.70139	0.0202365	0.42632
0.6795	0.118118	0.699232	0.0201166	0.4257740.120025	0.706946	0.0205608	0.428261
0.6805	0.119488	0.704868	0.0204438	0.4277370.121393	0.712502	0.0208896	0.430207
0.6815	0.120871	0.710503	0.0207755	0.4297050.122773	0.718057	0.0212229	0.432157
0.6825	0.122266	0.716137	0.0211118	0.4316770.124166	0.723613	0.0215607	0.434111
0.6835	0.123675	0.72177	0.0214528	0.4336540.125571	0.729168	0.0219031	0.43607
0.6845	0.125095	0.727403	0.0217984	0.4356350.126989	0.734724	0.0222502	0.438033
0.6855	0.126529	0.733035	0.0221487	0.437620.12842	0.740279	0.022602	0.440001
0.6865	0.127976	0.738667	0.0225038	0.439610.129864	0.745835	0.0229585	0.441973
0.6875	0.129436	0.744297	0.0228637	0.4416040.131321	0.75139	0.0233199	0.443949
0.6885	0.130909	0.749927	0.0232286	0.4436030.13279	0.756946	0.0236861	0.44593
0.6895	0.132395	0.755557	0.0235983	0.4456050.134273	0.762502	0.0240572	0.447915
0.6905	0.133894	0.761186	0.023973	0.4476130.135769	0.768057	0.0244333	0.449905
0.6915	0.135407	0.766814	0.0243528	0.4496240.137279	0.773613	0.0248144	0.451899
0.6925	0.136933	0.772441	0.0247377	0.451640.138801	0.779168	0.0252006	0.453897
0.6935	0.138472	0.778068	0.0251278	0.453660.140338	0.784724	0.025592	0.4559
0.6945	0.140026	0.783694	0.025523	0.4556850.141888	0.790279	0.0259885	0.457907
0.6955	0.141593	0.789319	0.0259236	0.4577140.143451	0.795835	0.0263903	0.459919
0.6965	0.143174	0.794944	0.0263294	0.4597470.145028	0.80139	0.0267975	0.461935
0.6975	0.144768	0.800568	0.0267407	0.4617840.146619	0.806946	0.0272099	0.463956
0.6985	0.146377	0.806191	0.0271574	0.4638260.148224	0.812502	0.0276279	0.465981
0.6995	0.148	0.811814	0.0275796	0.4658720.149843	0.818057	0.0280513	0.46801
0.7005	0.149636	0.817436	0.0280073	0.4679230.151477	0.823613	0.0284802	0.470044
0.7015	0.151288	0.823057	0.0284407	0.4699780.153124	0.829168	0.0289148	0.472082
0.7025	0.152953	0.828678	0.0288798	0.4720370.154786	0.834724	0.029355	0.474124
0.7035	0.154633	0.834298	0.0293246	0.47410.156462	0.840279	0.029801	0.476171
0.7045	0.156327	0.839917	0.0297752	0.4761680.158152	0.845835	0.0302528	0.478223
0.7055	0.158036	0.845536	0.0302317	0.478240.159857	0.85139	0.0307104	0.480278
0.7065	0.15976	0.851154	0.0306942	0.4803160.161577	0.856946	0.031174	0.482339
0.7075	0.161499	0.856771	0.0311626	0.4823970.163312	0.862502	0.0316435	0.484403
0.7085	0.163252	0.862388	0.0316371	0.4844820.165061	0.868057	0.0321191	0.486472
0.7095	0.165021	0.868004	0.0321177	0.4865710.166826	0.873613	0.0326008	0.488546
0.7105	0.166804	0.873619	0.0326045	0.4886650.168605	0.879168	0.0330886	0.490623
0.7115	0.168603	0.879234	0.0330975	0.4907630.1704	0.884724	0.0335827	0.492706
0.7125	0.170416	0.884848	0.0335969	0.4928650.17221	0.890279	0.0340832	0.494792
0.7135	0.172246	0.890461	0.0341027	0.4949710.174035	0.895835	0.03459	0.496883
0.7145	0.17409	0.896074	0.0346149	0.4970820.175875	0.90139	0.0351032	0.498979
0.7155	0.175951	0.901685	0.0351336	0.4991970.177732	0.906946	0.035623	0.501079
0.7165	0.177826	0.907297	0.0356589	0.5013160.179603	0.912502	0.0361493	0.503183
0.7175	0.179718	0.912907	0.0361909	0.503440.181491	0.918057	0.0366823	0.505292
0.7185	0.181625	0.918517	0.0367296	0.5055680.183394	0.923613	0.0372221	0.507405
0.7195	0.183549	0.924126	0.0372751	0.50770.185314	0.929168	0.0377686	0.509522
0.7205	0.185488	0.929735	0.0378274	0.5098360.187249	0.934724	0.038322	0.511644
0.7215	0.187444	0.935343	0.0383867	0.5119770.189201	0.940279	0.0388823	0.51377
0.7225	0.189415	0.94095	0.038953	0.5141220.191168	0.945835	0.0394496	0.515901
0.7235	0.191403	0.946557	0.0395264	0.5162710.193152	0.95139	0.040024	0.518036
0.7245	0.193408	0.952163	0.040107	0.5184250.195153	0.956946	0.0406055	0.520176
0.7255	0.195429	0.957768	0.0406947	0.5205820.19717	0.962502	0.0411943	0.52232
0.7265	0.197466	0.963373	0.0412898	0.5227440.199204	0.968057	0.0417904	0.524468
0.7275	0.199521	0.968977	0.0418922	0.5249110.201254	0.973613	0.0423939	0.526621
0.7285	0.201592	0.97458	0.0425021	0.5270810.203322	0.979168	0.0430048	0.528778
0.7295	0.20368	0.980182	0.0431195	0.5292560.205406	0.984724	0.0436232	0.53094
0.7305	0.205785	0.985784	0.0437445	0.5314350.207507	0.990279	0.0442493	0.533106
0.7315	0.207907	0.991386	0.0443771	0.5336180.209626	0.995835	0.044883	0.535276
0.7325	0.210046	0.996986	0.0450176	0.5358060.211761	1.00139	0.0455245	0.537451
0.7335	0.212203	1.00259	0.0456658	0.5379980.213915	1.00695	0.0461739	0.53963
0.7345	0.214377	1.00819	0.046322	0.5401940.216085	1.0125	0.0468312	0.541814
0.7355	0.216568	1.01378	0.0469862	0.5423940.218273	1.01806	0.0474964	0.544002
0.7365	0.218778	1.01938	0.0476584	0.5445990.220479	1.02361	0.0481698	0.546194
0.7375	0.221004	1.02498	0.0483387	0.5468070.222703	1.02917	0.0488513	0.548391
0.7385	0.223249	1.03058	0.0490273	0.549020.224944	1.03472	0.0495411	0.550592
0.7395	0.225512	1.03617	0.0497243	0.5512380.227204	1.04028	0.0502392	0.552798
0.7405	0.227793	1.04177	0.0504296	0.5534590.229482	1.04583	0.0509457	0.555008
0.7415	0.230092	1.04736	0.0511434	0.5556850.231778	1.05139	0.0516607	0.557223
0.7425	0.232409	1.05296	0.0518657	0.5579150.234092	1.05695	0.0523843	0.559441
0.7435	0.234744	1.05855	0.0525967	0.5601490.236425	1.0625	0.0531166	0.561665
0.7445	0.237098	1.06414	0.0533364	0.5623880.238776	1.06806	0.0538576	0.563893
0.7455	0.239471	1.06974	0.0540849	0.564630.241146	1.07361	0.0546075	0.566125
0.7465	0.241862	1.07533	0.0548424	0.5668770.243535	1.07917	0.0553663	0.568361
0.7475	0.244272	1.08092	0.0556088	0.5691280.245942	1.08472	0.0561341	0.570602
0.7485	0.246701	1.08651	0.0563843	0.5713840.248369	1.09028	0.0569111	0.572848
0.7495	0.249148	1.0921	0.0571689	0.5736430.250815	1.09583	0.0576972	0.575097
0.7505	0.251615	1.09769	0.0579628	0.5759070.25328	1.10139	0.0584926	0.577351
0.7515	0.254102	1.10328	0.0587661	0.5781750.255764	1.10695	0.0592974	0.57961
0.7525	0.256607	1.10886	0.0595788	0.5804470.258268	1.1125	0.0601117	0.581873
0.7535	0.259132	1.11445	0.060401	0.5827240.260791	1.11806	0.0609355	0.58414
0.7545	0.261677	1.12004	0.0612328	0.5850040.263334	1.12361	0.061769	0.586412
0.7555	0.264241	1.12562	0.0620743	0.5872890.265897	1.12917	0.0626123	0.588689
0.7565	0.266825	1.13121	0.0629256	0.5895780.26848	1.13472	0.0634654	0.590969
0.7575	0.269428	1.13679	0.0637868	0.5918720.271083	1.14028	0.0643284	0.593254
0.7585	0.272052	1.14238	0.064658	0.5941690.273706	1.14583	0.0652015	0.595544
0.7595	0.274696	1.14796	0.0655393	0.5964710.276349	1.15139	0.0660847	0.597838
0.7605	0.27736	1.15354	0.0664307	0.5987770.279013	1.15695	0.0669782	0.600136
0.7615	0.280044	1.15912	0.0673325	0.6010870.281697	1.1625	0.067882	0.602439
0.7625	0.282749	1.16471	0.0682446	0.6034020.284401	1.16806	0.0687962	0.604746
0.7635	0.285475	1.17029	0.0691671	0.605720.287127	1.17361	0.069721	0.607057
0.7645	0.288221	1.17587	0.0701003	0.6080430.289873	1.17917	0.0706564	0.609373
0.7655	0.290988	1.18145	0.0710441	0.610370.29264	1.18472	0.0716025	0.611693
0.7665	0.293775	1.18703	0.0719986	0.6127010.295429	1.19028	0.0725595	0.614018
0.7675	0.296584	1.1926	0.0729641	0.6150370.298238	1.19583	0.0735274	0.616347
0.7685	0.299414	1.19818	0.0739405	0.6173760.301069	1.20139	0.0745063	0.618681
0.7695	0.302265	1.20376	0.0749279	0.619720.303922	1.20695	0.0754964	0.621019
0.7705	0.305138	1.20934	0.0759266	0.6220680.306796	1.2125	0.0764978	0.623361
0.7715	0.308032	1.21491	0.0769365	0.624420.309691	1.21806	0.0775105	0.625708
0.7725	0.310947	1.22049	0.0779578	0.6267770.312609	1.22361	0.0785347	0.628059
0.7735	0.313885	1.22606	0.0789906	0.6291370.315548	1.22917	0.0795705	0.630415
0.7745	0.316844	1.23164	0.080035	0.6315020.31851	1.23472	0.0806179	0.632775
0.7755	0.319825	1.23721	0.0810911	0.6338710.321493	1.24028	0.0816772	0.635139
0.7765	0.322828	1.24278	0.082159	0.6362440.324499	1.24583	0.0827484	0.637508
0.7775	0.325853	1.24835	0.0832388	0.6386220.327528	1.25139	0.0838315	0.639881
0.7785	0.328901	1.25393	0.0843307	0.6410030.330579	1.25695	0.0849269	0.642259
0.7795	0.331971	1.2595	0.0854347	0.6433890.333653	1.2625	0.0860344	0.644641
0.7805	0.335064	1.26507	0.0865509	0.6457790.336749	1.26806	0.0871543	0.647027
0.7815	0.338179	1.27064	0.0876795	0.6481730.339869	1.27361	0.0882867	0.649418
0.7825	0.341317	1.27621	0.0888205	0.6505720.343011	1.27917	0.0894317	0.651813
0.7835	0.344478	1.28178	0.0899741	0.6529740.346177	1.28472	0.0905894	0.654213
0.7845	0.347662	1.28734	0.0911405	0.6553810.349366	1.29028	0.0917599	0.656617
0.7855	0.350869	1.29291	0.0923196	0.6577920.352578	1.29583	0.0929433	0.659026
0.7865	0.3541	1.29848	0.0935117	0.6602070.355815	1.30139	0.0941398	0.661439
0.7875	0.357354	1.30405	0.0947168	0.6626260.359074	1.30695	0.0953495	0.663856
0.7885	0.360631	1.30961	0.0959351	0.665050.362358	1.3125	0.0965725	0.666278
0.7895	0.363932	1.31518	0.0971667	0.6674770.365666	1.31806	0.0978089	0.668704
0.7905	0.367257	1.32074	0.0984116	0.6699090.368998	1.32361	0.0990588	0.671134
0.7915	0.370606	1.32631	0.0996701	0.6723450.372354	1.32917	0.100322	0.673569
0.7925	0.373979	1.33187	0.100942	0.6747860.375734	1.33472	0.1016	0.676009
0.7935	0.377376	1.33743	0.102228	0.677230.379139	1.34028	0.102891	0.678452
0.7945	0.380797	1.343	0.103528	0.6796780.382569	1.34583	0.104196	0.680901
0.7955	0.384243	1.34856	0.104842	0.6821310.386023	1.35139	0.105516	0.683353
0.7965	0.387713	1.35412	0.106169	0.6845880.389502	1.35695	0.10685	0.68581
0.7975	0.391208	1.35968	0.107512	0.6870490.393006	1.3625	0.108198	0.688272
0.7985	0.394728	1.36524	0.108868	0.6895140.396536	1.36806	0.109561	0.690737
0.7995	0.398272	1.3708	0.110239	0.6919840.400091	1.37361	0.110938	0.693208
0.8005	0.401842	1.37636	0.111625	0.6944570.403671	1.37917	0.112331	0.695682
0.8015	0.405437	1.38192	0.113025	0.6969350.407277	1.38472	0.113738	0.698161
0.8025	0.409057	1.38748	0.11444	0.6994170.410908	1.39028	0.11516	0.700645
0.8035	0.412702	1.39303	0.115871	0.7019030.414566	1.39583	0.116598	0.703133
0.8045	0.416373	1.39859	0.117316	0.7043930.418249	1.40139	0.118051	0.705625
0.8055	0.42007	1.40415	0.118777	0.7068880.421958	1.40695	0.119519	0.708122
0.8065	0.423793	1.4097	0.120253	0.7093860.425694	1.4125	0.121003	0.710623
0.8075	0.427542	1.41526	0.121745	0.7118890.429456	1.41806	0.122503	0.713128
0.8085	0.431316	1.42081	0.123252	0.7143960.433245	1.42361	0.124019	0.715638
0.8095	0.435117	1.42637	0.124775	0.7169070.437061	1.42917	0.12555	0.718152
0.8105	0.438945	1.43192	0.126315	0.7194220.440903	1.43472	0.127098	0.720671
0.8115	0.442799	1.43747	0.12787	0.7219420.444772	1.44028	0.128663	0.723194
0.8125	0.446679	1.44302	0.129441	0.7244650.448669	1.44583	0.130243	0.725722
0.8135	0.450586	1.44858	0.131029	0.7269930.452592	1.45139	0.131841	0.728254
0.8145	0.45452	1.45413	0.132634	0.7295250.456543	1.45695	0.133455	0.73079
0.8155	0.458481	1.45968	0.134255	0.7320610.460522	1.4625	0.135086	0.733331
0.8165	0.46247	1.46523	0.135892	0.7346010.464528	1.46806	0.136734	0.735876
0.8175	0.466485	1.47078	0.137547	0.7371450.468562	1.47361	0.138399	0.738426
0.8185	0.470528	1.47633	0.139219	0.7396940.472624	1.47917	0.140082	0.74098
0.8195	0.474599	1.48187	0.140908	0.7422460.476714	1.48472	0.141782	0.743538
0.8205	0.478697	1.48742	0.142614	0.7448030.480833	1.49028	0.1435	0.746101
0.8215	0.482823	1.49297	0.144338	0.7473640.48498	1.49583	0.145236	0.748668
0.8225	0.486978	1.49852	0.146079	0.7499290.489155	1.50139	0.146989	0.75124
0.8235	0.49116	1.50406	0.147839	0.7524980.493359	1.50695	0.148761	0.753816
0.8245	0.49537	1.50961	0.149616	0.7550710.497592	1.5125	0.150551	0.756396
0.8255	0.499609	1.51515	0.151411	0.7576490.501854	1.51806	0.152359	0.758981
0.8265	0.503877	1.5207	0.153225	0.760230.506146	1.52361	0.154186	0.761571
0.8275	0.508173	1.52624	0.155057	0.7628160.510466	1.52917	0.156032	0.764164
0.8285	0.512498	1.53179	0.156907	0.7654060.514816	1.53472	0.157897	0.766762
0.8295	0.516852	1.53733	0.158777	0.7680.519196	1.54028	0.15978	0.769365
0.8305	0.521234	1.54287	0.160665	0.7705980.523605	1.54583	0.161683	0.771972
0.8315	0.525647	1.54841	0.162572	0.77320.528044	1.55139	0.163606	0.774583
0.8325	0.530088	1.55395	0.164498	0.7758060.532513	1.55695	0.165547	0.777199
0.8335	0.534559	1.55949	0.166444	0.7784170.537013	1.5625	0.167509	0.779819
0.8345	0.53906	1.56503	0.168409	0.7810310.541543	1.56806	0.169491	0.782444
0.8355	0.54359	1.57057	0.170394	0.783650.546103	1.57361	0.171492	0.785073
0.8365	0.548151	1.57611	0.172398	0.7862730.550694	1.57917	0.173514	0.787706
0.8375	0.552741	1.58165	0.174423	0.7888990.555316	1.58472	0.175556	0.790344
0.8385	0.557362	1.58719	0.176467	0.791530.559969	1.59028	0.177619	0.792986
0.8395	0.562013	1.59272	0.178532	0.7941660.564652	1.59583	0.179702	0.795632
0.8405	0.566694	1.59826	0.180618	0.7968050.569368	1.60139	0.181807	0.798283
0.8415	0.571406	1.6038	0.182724	0.7994480.574114	1.60695	0.183932	0.800939
0.8425	0.576149	1.60933	0.184851	0.8020950.578893	1.6125	0.186079	0.803599
0.8435	0.580923	1.61487	0.186998	0.8047470.583703	1.61806	0.188247	0.806263
0.8445	0.585727	1.6204	0.189167	0.8074020.588545	1.62361	0.190437	0.808932
0.8455	0.590563	1.62593	0.191357	0.8100620.593419	1.62917	0.192649	0.811605
0.8465	0.595431	1.63147	0.193569	0.8127250.598325	1.63472	0.194882	0.814282
0.8475	0.600329	1.637	0.195802	0.8153930.603264	1.64028	0.197138	0.816964
0.8485	0.60526	1.64253	0.198057	0.8180650.608235	1.64583	0.199416	0.81965
0.8495	0.610222	1.64806	0.200333	0.8207410.613239	1.65139	0.201717	0.822341
0.8505	0.615216	1.65359	0.202632	0.823420.618276	1.65695	0.20404	0.825036
0.8515	0.620242	1.65912	0.204954	0.8261040.623346	1.6625	0.206386	0.827736
0.8525	0.6253	1.66465	0.207297	0.8287920.628449	1.66806	0.208756	0.830439
0.8535	0.63039	1.67017	0.209664	0.8314840.633585	1.67361	0.211148	0.833148
0.8545	0.635513	1.6757	0.212053	0.834180.638755	1.67917	0.213564	0.835861
0.8555	0.640668	1.68123	0.214465	0.836880.643959	1.68472	0.216004	0.838578
0.8565	0.645856	1.68675	0.2169	0.8395840.649197	1.69028	0.218467	0.841299
0.8575	0.651077	1.69228	0.219359	0.8422920.654468	1.69583	0.220955	0.844025
0.8585	0.656331	1.6978	0.221841	0.8450030.659774	1.70139	0.223467	0.846756
0.8595	0.661618	1.70333	0.224346	0.8477190.665114	1.70695	0.226003	0.84949
0.8605	0.666938	1.70885	0.226876	0.8504390.670489	1.7125	0.228564	0.85223
0.8615	0.672291	1.71437	0.229429	0.8531630.675898	1.71806	0.23115	0.854973
0.8625	0.677678	1.71989	0.232007	0.855890.681342	1.72361	0.233761	0.857721
0.8635	0.683098	1.72541	0.234609	0.8586220.686821	1.72917	0.236397	0.860474
0.8645	0.688552	1.73093	0.237236	0.8613570.692336	1.73472	0.239058	0.86323
0.8655	0.69404	1.73645	0.239887	0.8640960.697886	1.74028	0.241745	0.865992
0.8665	0.699561	1.74196	0.242563	0.8668390.703471	1.74583	0.244458	0.868757
0.8675	0.705117	1.74748	0.245264	0.8695860.709092	1.75139	0.247197	0.871527
0.8685	0.710707	1.75299	0.24799	0.8723370.714749	1.75695	0.249962	0.874302
0.8695	0.716331	1.7585	0.250742	0.8750910.720442	1.7625	0.252754	0.877081
0.8705	0.721989	1.76402	0.253519	0.8778490.726171	1.76806	0.255573	0.879864
0.8715	0.727681	1.76953	0.256322	0.8806110.731936	1.77361	0.258418	0.882652
0.8725	0.733408	1.77504	0.25915	0.8833760.737739	1.77917	0.26129	0.885444
0.8735	0.739169	1.78054	0.262005	0.8861450.743577	1.78472	0.26419	0.88824
0.8745	0.744965	1.78605	0.264885	0.8889180.749453	1.79028	0.267117	0.891041
0.8755	0.750796	1.79155	0.267792	0.8916940.755366	1.79583	0.270072	0.893847
0.8765	0.756661	1.79706	0.270725	0.8944730.761316	1.80139	0.273056	0.896656
0.8775	0.76256	1.80256	0.273685	0.8972560.767304	1.80695	0.276067	0.89947
0.8785	0.768494	1.80806	0.276671	0.9000430.773329	1.8125	0.279106	0.902289
0.8795	0.774463	1.81355	0.279684	0.9028320.779392	1.81806	0.282175	0.905112
0.8805	0.780466	1.81905	0.282724	0.9056250.785493	1.82361	0.285272	0.907939
0.8815	0.786504	1.82454	0.285791	0.908420.791632	1.82917	0.288398	0.910771
0.8825	0.792576	1.83003	0.288884	0.9112190.797809	1.83472	0.291554	0.913607
0.8835	0.798683	1.83552	0.292005	0.9140210.804025	1.84028	0.294739	0.916448
0.8845	0.804824	1.841	0.295153	0.9168250.810279	1.84583	0.297954	0.919293
0.8855	0.810998	1.84648	0.298328	0.9196320.816573	1.85139	0.301199	0.922142
0.8865	0.817207	1.85196	0.30153	0.9224410.822905	1.85695	0.304474	0.924996
0.8875	0.823448	1.85743	0.304759	0.9252530.829277	1.8625	0.307779	0.927854
0.8885	0.829723	1.8629	0.308015	0.9280660.835688	1.86806	0.311116	0.930717
0.8895	0.836031	1.86836	0.311298	0.9308820.842139	1.87361	0.314483	0.933584
0.8905	0.84237	1.87382	0.314608	0.9336990.848629	1.87917	0.317881	0.936456
0.8915	0.848742	1.87927	0.317944	0.9365170.85516	1.88472	0.321311	0.939331
0.8925	0.855144	1.88472	0.321307	0.9393360.86173	1.89028	0.324773	0.942212
0.8935	0.861575	1.89016	0.324695	0.9421550.868341	1.89583	0.328266	0.945096
0.8945	0.868036	1.89559	0.328109	0.9449750.874992	1.90139	0.331792	0.947986
0.8955	0.874524	1.90101	0.331547	0.9477930.881684	1.90695	0.33535	0.950879
0.8965	0.881037	1.90642	0.335009	0.950610.888417	1.9125	0.338941	0.953777
0.8975	0.887574	1.91182	0.338494	0.9534250.895191	1.91806	0.342564	0.956679
0.8985	0.894131	1.9172	0.342	0.9562360.902007	1.92361	0.346221	0.959586
0.8995	0.900704	1.92256	0.345525	0.9590420.908864	1.92917	0.349911	0.962497
0.9005	0.907287	1.9279	0.349066	0.9618390.915762	1.93472	0.353635	0.965413
0.9015	0.91387	1.93321	0.352617	0.9646240.922702	1.94028	0.357393	0.968333
0.9025	0.920444	1.93848	0.356173	0.9673930.929684	1.94583	0.361185	0.971257
0.9035	0.926999	1.94371	0.359729	0.9701430.936709	1.95139	0.365011	0.974186
0.9045	0.93352	1.94888	0.363276	0.9728660.943776	1.95695	0.368872	0.977119
0.9055	0.939984	1.95398	0.366803	0.9755550.950885	1.9625	0.372768	0.980057
0.9065	0.946366	1.95898	0.370293	0.9781980.958037	1.96806	0.3767	0.982999
0.9075	0.952627	1.96386	0.373728	0.9807810.965232	1.97361	0.380666	0.985945
0.9085	0.958723	1.96859	0.37708	0.9832860.972471	1.97917	0.384669	0.988896
0.9095	0.964597	1.97313	0.380318	0.9856910.979752	1.98472	0.388707	0.991851
0.9105	0.970182	1.97742	0.383404	0.9879690.987078	1.99028	0.392782	0.994811
0.9115	0.975405	1.98141	0.386296	0.9900920.994447	1.99583	0.396893	0.997775
0.9125	0.980191	1.98506	0.388952	0.9920311	2	0.4	1
0.9135	0.984469	1.98831	0.39133	0.993761	2	0.4	1
0.9145	0.988182	1.99111	0.393398	0.9952571	2	0.4	1
0.9155	0.991299	1.99347	0.395136	0.9965111	2	0.4	1
0.9165	0.993819	1.99536	0.396543	0.9975231	2	0.4	1
0.9175	0.995774	1.99683	0.397636	0.9983081	2	0.4	1
0.9185	0.997225	1.99792	0.398447	0.9988891	2	0.4	1
0.9195	0.998252	1.99869	0.399022	0.9993011	2	0.4	1
0.9205	0.998945	1.99921	0.39941	0.9995781	2	0.4	1
0.9215	0.999391	1.99954	0.399659	0.9997561	2	0.4	1
0.9225	0.999663	1.99975	0.399812	0.9998651	2	0.4	1
0.9235	0.999822	1.99987	0.3999	0.9999291	2	0.4	1
0.9245	0.99991	1.99993	0.39995	0.9999641	2	0.4	1
0.9255	0.999956	1.99997	0.399976	0.9999831	2	0.4	1
0.9265	0.99998	1.99998	0.399989	0.9999921	2	0.4	1
0.9275	0.999991	1.99999	0.399995	0.9999961	2	0.4	1
0.9285	0.999996	2	0.399998	0.9999981	2	0.4	1
0.9295	0.999998	2	0.399999	0.9999991	2	0.4	1
0.9305	0.999999	2	0.4	11	2	0.4	1
0.9315	1	2	0.4	11	2	0.4	1
0.9325	1	2	0.4	11	2	0.4	1
0.9335	1	2	0.4	11	2	0.4	1
0.9345	1	2	0.4	11	2	0.4	1
0.9355	1	2	0.4	11	2	0.4	1
0.9365	1	2	0.4	11	2	0.4	1
0.9375	1	2	0.4	11	2	0.4	1
0.9385	1	2	0.4	11	2	0.4	1
0.9395	1	2	0.4	11	2	0.4	1
0.9405	1	2	0.4	11	2	0.4	1
0.9415	1	2	0.4	11	2	0.4	1
0.9425	1	2	0.4	11	2	0.4	1
0.9435	1	2	0.4	11	2	0.4	1
0.9445	1	2	0.4	11	2	0.4	1
0.9455	1	2	0.4	11	2	0.4	1
0.9465	1	2	0.4	11	2	0.4	1
0.9475	1	2	0.4	11	2	0.4	1
0.9485	1	2	0.4	11	2	0.4	1
0.9495	1	2	0.4	11	2	0.4	1
0.9505	1	2	0.4	11	2	0.4	1
0.9515	1	2	0.4	11	2	0.4	1
0.9525	1	2	0.4	11	2	0.4	1
0.9535	1	2	0.4	11	2	0.4	1
0.9545	1	2	0.4	11	2	0.4	1
0.9555	1	2	0.4	11	2	0.4	1
0.9565	1	2	0.4	11	2	0.4	1
0.9575	1	2	0.4	11	2	0.4	1
0.9585	1	2	0.4	11	2	0.4	1
0.9595	1	2	0.4	11	2	0.4	1
0.9605	1	2	0.4	11	2	0.4	1
0.9615	1	2	0.4	11	2	0.4	1
0.9625	1	2	0.4	11	2	0.4	1
0.9635	1	2	0.4	11	2	0.4	1
0.9645	1	2	0.4	11	2	0.4	1
0.9655	1	2	0.4	11	2	0.4	1
0.9665	1	2	0.4	11	2	0.4	1
0.9675	1	2	0.4	11	2	0.4	1
0.9685	1	2	0.4	11	2	0.4	1
0.9695	1	2	0.4	11	2	0.4	1
0.9705	1	2	0.4	11	2	0.4	1
0.9715	1	2	0.4	11	2	0.4	1
0.9725	1	2	0.4	11	2	0.4	1
0.9735	1	2	0.4	11	2	0.4	1
0.9745	1	2	0.4	11	2	0.4	1
0.9755	1	2	0.4	11	2	0.4	1
0.9765	1	2	0.4	11	2	0.4	1
0.9775	1	2	0.4	11	2	0.4	1
0.9785	1	2	0.4	11	2	0.4	1
0.9795	1	2	0.4	11	2	0.4	1
0.9805	1	2	0.4	11	2	0.4	1
0.9815	1	2	0.4	11	2	0.4	1
0.9825	1	2	0.4	11	2	0.4	1
0.9835	1	2	0.4	11	2	0.4	1
0.9845	1	2	0.4	11	2	0.4	1
0.9855	1	2	0.4	11	2	0.4	1
0.9865	1	2	0.4	11	2	0.4	1
0.9875	1	2	0.4	11	2	0.4	1
0.9885	1	2	0.4	11	2	0.4	1
0.9895	1	2	0.4	11	2	0.4	1
0.9905	1	2	0.4	11	2	0.4	1
0.9915	1	2	0.4	11	2	0.4	1
0.9925	1	2	0.4	11	2	0.4	1
0.9935	1	2	0.4	11	2	0.4	1
0.9945	1	2	0.4	11	2	0.4	1
0.9955	1	2	0.4	11	2	0.4	1
0.9965	1	2	0.4	11	2	0.4	1
0.9975	1	2	0.4	11	2	0.4	1
0.9985	1	2	0.4	11	2	0.4	1
0.9995	1	2	0.4	11	2	0.4	1
