x	rho	u	p	e	rhoEx	uEx	pEx	eEx
0.0025	1	0	1	2.5	1	0	1	2.5
0.0075	1	0	1	2.5	1	0	1	2.5
0.0125	1	0	1	2.5	1	0	1	2.5
0.0175	1	0	1	2.5	1	0	1	2.5
0.0225	1	0	1	2.5	1	0	1	2.5
0.0275	1	0	1	2.5	1	0	1	2.5
0.0325	1	0	1	2.5	1	0	1	2.5
0.0375	1	1.12515e-17	1	2.5	1	0	1	2.5
0.0425	1	2.66984e-16	1	2.5	1	0	1	2.5
0.0475	1	1.50574e-15	1	2.5	1	0	1	2.5
0.0525	1	7.67549e-15	1	2.5	1	0	1	2.5
0.0575	1	3.81089e-14	1	2.5	1	0	1	2.5
0.0625	1	1.81532e-13	1	2.5	1	0	1	2.5
0.0675	1	8.23716e-13	1	2.5	1	0	1	2.5
0.0725	1	3.58713e-12	1	2.5	1	0	1	2.5
0.0775	1	1.49786e-11	1	2.5	1	0	1	2.5
0.0825	1	5.99952e-11	1	2.5	1	0	1	2.5
0.0875	1	2.30521e-10	1	2.5	1	0	1	2.5
0.0925	1	8.49718e-10	1	2.5	1	0	1	2.5
0.0975	1	3.00475e-09	1	2.5	1	0	1	2.5
0.1025	1	1.01926e-08	1	2.5	1	0	1	2.5
0.1075	1	3.31633e-08	1	2.5	1	0	1	2.5
0.1125	1	1.03476e-07	1	2.5	1	0	1	2.5
0.1175	1	3.09546e-07	1	2.5	1	0	1	2.5
0.1225	0.999999	8.87491e-07	0.999999	2.5	1	0	1	2.5
0.1275	0.999998	2.43766e-06	0.999997	2.5	1	0	1	2.5
0.1325	0.999995	6.41103e-06	0.999992	2.49999	1	0	1	2.5
0.1375	0.999986	1.61345e-05	0.999981	2.49999	1	0	1	2.5
0.1425	0.999967	3.88269e-05	0.999954	2.49997	1	0	1	2.5
0.1475	0.999925	8.92664e-05	0.999894	2.49992	1	0	1	2.5
0.1525	0.999834	0.000195883	0.999768	2.49983	1	0	1	2.5
0.1575	0.999654	0.00040983	0.999515	2.49965	1	0	1	2.5
0.1625	0.99931	0.000816661	0.999034	2.49931	1	0	1	2.5
0.1675	0.998692	0.00154839	0.998169	2.49869	1	0	1	2.5
0.1725	0.997643	0.00279121	0.996702	2.49764	1	0	1	2.5
0.1775	0.995964	0.00478232	0.994355	2.49596	1	0	1	2.5
0.1825	0.993432	0.0077902	0.990818	2.49342	1	0	1	2.5
0.1875	0.989831	0.0120781	0.985795	2.48981	1	0	1	2.5
0.1925	0.984994	0.0178582	0.979058	2.48493	1	0	1	2.5
0.1975	0.978833	0.0252519	0.970497	2.47871	1	0	1	2.5
0.2025	0.97136	0.0342691	0.960143	2.47113	1	0	1	2.5
0.2075	0.96268	0.0448143	0.948155	2.46228	0.990727	0.0110133	0.987041	2.4907
0.2125	0.952958	0.0567156	0.93478	2.45231	0.976824	0.02768	0.967705	2.47666
0.2175	0.942389	0.0697644	0.920302	2.44141	0.963078	0.0443466	0.948694	2.46266
0.2225	0.931162	0.0837561	0.904992	2.42974	0.949487	0.0610133	0.930004	2.4487
0.2275	0.919429	0.0985243	0.88907	2.41745	0.93605	0.07768	0.91163	2.43478
0.2325	0.907278	0.113978	0.872667	2.40463	0.922766	0.0943466	0.893569	2.4209
0.2375	0.89487	0.129946	0.856005	2.39142	0.909632	0.111013	0.875815	2.40706
0.2425	0.882485	0.146053	0.839458	2.37811	0.896649	0.12768	0.858364	2.39326
0.2475	0.87018	0.162236	0.823119	2.36479	0.883814	0.144347	0.841212	2.37949
0.2525	0.857973	0.178468	0.807	2.35147	0.871127	0.161013	0.824355	2.36577
0.2575	0.845878	0.194738	0.791118	2.33816	0.858586	0.17768	0.807788	2.35209
0.2625	0.833899	0.211034	0.775479	2.32486	0.84619	0.194347	0.791508	2.33845
0.2675	0.822042	0.22735	0.760087	2.31158	0.833937	0.211013	0.775509	2.32484
0.2725	0.810309	0.243681	0.744943	2.29833	0.821827	0.22768	0.759788	2.31128
0.2775	0.7987	0.260025	0.730046	2.28511	0.809858	0.244347	0.744342	2.29775
0.2825	0.787219	0.276379	0.715397	2.27191	0.798029	0.261013	0.729165	2.28427
0.2875	0.775864	0.292742	0.700993	2.25875	0.786338	0.27768	0.714254	2.27083
0.2925	0.764636	0.309112	0.686833	2.24562	0.774785	0.294347	0.699606	2.25742
0.2975	0.753534	0.325489	0.672913	2.23252	0.763368	0.311013	0.685216	2.24406
0.3025	0.742557	0.341871	0.659231	2.21946	0.752086	0.32768	0.67108	2.23073
0.3075	0.731705	0.358259	0.645784	2.20644	0.740937	0.344347	0.657195	2.21744
0.3125	0.720978	0.374652	0.632569	2.19344	0.729922	0.361013	0.643556	2.2042
0.3175	0.710374	0.391048	0.619582	2.18048	0.719037	0.37768	0.630162	2.19099
0.3225	0.699892	0.407448	0.606822	2.16756	0.708283	0.394347	0.617007	2.17782
0.3275	0.689531	0.423852	0.594285	2.15467	0.697658	0.411013	0.604087	2.1647
0.3325	0.679291	0.440259	0.581968	2.14182	0.687161	0.42768	0.591401	2.15161
0.3375	0.669173	0.456669	0.569868	2.129	0.676791	0.444347	0.578944	2.13856
0.3425	0.659174	0.473083	0.557983	2.11622	0.666546	0.461013	0.566712	2.12555
0.3475	0.649293	0.489499	0.546309	2.10348	0.656426	0.47768	0.554702	2.11259
0.3525	0.639529	0.505916	0.534844	2.09077	0.646429	0.494347	0.542911	2.09966
0.3575	0.629882	0.522336	0.523586	2.07811	0.636554	0.511013	0.531336	2.08677
0.3625	0.620352	0.538756	0.51253	2.06548	0.6268	0.52768	0.519973	2.07392
0.3675	0.610938	0.555176	0.501674	2.05288	0.617166	0.544347	0.508818	2.06111
0.3725	0.601639	0.571595	0.491017	2.04033	0.607651	0.561013	0.49787	2.04834
0.3775	0.592453	0.588013	0.480554	2.02782	0.598254	0.57768	0.487124	2.03561
0.3825	0.58338	0.604428	0.470285	2.01535	0.588973	0.594347	0.476577	2.02292
0.3875	0.57442	0.620841	0.460207	2.00292	0.579808	0.611013	0.466227	2.01027
0.3925	0.565576	0.637248	0.450317	1.99053	0.570757	0.62768	0.45607	1.99766
0.3975	0.556845	0.65365	0.440614	1.97817	0.56182	0.644347	0.446104	1.98508
0.4025	0.548225	0.670044	0.431096	1.96587	0.552995	0.661013	0.436324	1.97255
0.4075	0.539717	0.686426	0.421761	1.95362	0.544281	0.67768	0.426729	1.96006
0.4125	0.531321	0.702795	0.412607	1.94142	0.535677	0.694347	0.417316	1.94761
0.4175	0.52304	0.719146	0.403634	1.92927	0.527183	0.711013	0.40808	1.93519
0.4225	0.514875	0.735474	0.39484	1.91716	0.518797	0.72768	0.399021	1.92282
0.4275	0.506826	0.751773	0.386226	1.90512	0.510517	0.744347	0.390135	1.91049
0.4325	0.498895	0.768035	0.377791	1.89314	0.502344	0.761013	0.381418	1.89819
0.4375	0.491084	0.784251	0.369539	1.88124	0.494276	0.77768	0.37287	1.88594
0.4425	0.483401	0.800404	0.361474	1.86943	0.486312	0.794347	0.364486	1.87373
0.4475	0.475856	0.816473	0.353601	1.85771	0.47845	0.811013	0.356264	1.86155
0.4525	0.468463	0.83242	0.345934	1.84611	0.470691	0.82768	0.348201	1.84942
0.4575	0.461246	0.848183	0.338495	1.83468	0.463033	0.844347	0.340296	1.83732
0.4625	0.454248	0.863653	0.331329	1.8235	0.455475	0.861013	0.332545	1.82526
0.4675	0.447554	0.878628	0.324517	1.81272	0.448015	0.87768	0.324945	1.81325
0.4725	0.441312	0.892752	0.318202	1.80259	0.440654	0.894347	0.317495	1.80127
0.4775	0.435771	0.905427	0.312624	1.79351	0.43339	0.911013	0.310192	1.78934
0.4825	0.431279	0.915797	0.308124	1.7861	0.426319	0.927453	0.30313	1.7776
0.4875	0.428192	0.922976	0.305041	1.78098	0.426319	0.927453	0.30313	1.7776
0.4925	0.426602	0.926684	0.303458	1.77835	0.426319	0.927453	0.30313	1.7776
0.4975	0.426111	0.927826	0.302972	1.77754	0.426319	0.927453	0.30313	1.7776
0.5025	0.426063	0.927931	0.302928	1.77749	0.426319	0.927453	0.30313	1.7776
0.5075	0.4261	0.92784	0.302967	1.77756	0.426319	0.927453	0.30313	1.7776
0.5125	0.426116	0.927798	0.302986	1.7776	0.426319	0.927453	0.30313	1.7776
0.5175	0.426141	0.927738	0.303012	1.77765	0.426319	0.927453	0.30313	1.7776
0.5225	0.426141	0.927733	0.303015	1.77767	0.426319	0.927453	0.30313	1.7776
0.5275	0.426129	0.927754	0.303006	1.77766	0.426319	0.927453	0.30313	1.7776
0.5325	0.426137	0.927727	0.303016	1.77769	0.426319	0.927453	0.30313	1.7776
0.5375	0.426177	0.927623	0.30306	1.77778	0.426319	0.927453	0.30313	1.7776
0.5425	0.426191	0.927578	0.303079	1.77784	0.426319	0.927453	0.30313	1.7776
0.5475	0.426178	0.927597	0.30307	1.77784	0.426319	0.927453	0.30313	1.7776
0.5525	0.426157	0.927636	0.303053	1.77783	0.426319	0.927453	0.30313	1.7776
0.5575	0.426166	0.927605	0.303067	1.77787	0.426319	0.927453	0.30313	1.7776
0.5625	0.426197	0.927526	0.303101	1.77794	0.426319	0.927453	0.30313	1.7776
0.5675	0.426203	0.927498	0.303115	1.77799	0.426319	0.927453	0.30313	1.7776
0.5725	0.42618	0.927542	0.303096	1.77798	0.426319	0.927453	0.30313	1.7776
0.5775	0.426153	0.92759	0.303076	1.77798	0.426319	0.927453	0.30313	1.7776
0.5825	0.426148	0.927583	0.30308	1.77802	0.426319	0.927453	0.30313	1.7776
0.5875	0.426157	0.927539	0.303097	1.77808	0.426319	0.927453	0.30313	1.7776
0.5925	0.426169	0.927488	0.303117	1.77815	0.426319	0.927453	0.30313	1.7776
0.5975	0.426169	0.927459	0.30313	1.77823	0.426319	0.927453	0.30313	1.7776
0.6025	0.426147	0.927485	0.303118	1.77825	0.426319	0.927453	0.30313	1.7776
0.6075	0.426107	0.927555	0.303088	1.77824	0.426319	0.927453	0.30313	1.7776
0.6125	0.426095	0.927549	0.303093	1.77832	0.426319	0.927453	0.30313	1.7776
0.6175	0.426108	0.927488	0.303118	1.77841	0.426319	0.927453	0.30313	1.7776
0.6225	0.42611	0.927436	0.303145	1.77856	0.426319	0.927453	0.30313	1.7776
0.6275	0.426085	0.927446	0.303139	1.77863	0.426319	0.927453	0.30313	1.7776
0.6325	0.42602	0.927542	0.303097	1.77865	0.426319	0.927453	0.30313	1.7776
0.6375	0.425984	0.92756	0.303092	1.77878	0.426319	0.927453	0.30313	1.7776
0.6425	0.425984	0.927494	0.303116	1.77892	0.426319	0.927453	0.30313	1.7776
0.6475	0.425979	0.927421	0.303149	1.77913	0.426319	0.927453	0.30313	1.7776
0.6525	0.425927	0.927443	0.303137	1.77928	0.426319	0.927453	0.30313	1.7776
0.6575	0.425834	0.927529	0.303098	1.77944	0.426319	0.927453	0.30313	1.7776
0.6625	0.425748	0.927542	0.303093	1.77977	0.426319	0.927453	0.30313	1.7776
0.6675	0.425663	0.927476	0.303125	1.78031	0.426319	0.927453	0.30313	1.7776
0.6725	0.425535	0.927415	0.303151	1.781	0.426319	0.927453	0.30313	1.7776
0.6775	0.425304	0.927453	0.303137	1.78188	0.426319	0.927453	0.30313	1.7776
0.6825	0.424958	0.927522	0.303108	1.78316	0.426319	0.927453	0.30313	1.7776
0.6875	0.424453	0.927545	0.303097	1.78522	0.426319	0.927453	0.30313	1.7776
0.6925	0.423667	0.927511	0.303109	1.7886	0.426319	0.927453	0.30313	1.7776
0.6975	0.422403	0.927452	0.303133	1.7941	0.426319	0.927453	0.30313	1.7776
0.7025	0.420411	0.927418	0.303147	1.80268	0.426319	0.927453	0.30313	1.7776
0.7075	0.417518	0.927443	0.303137	1.81512	0.426319	0.927453	0.30313	1.7776
0.7125	0.414865	0.927497	0.303117	1.8266	0.426319	0.927453	0.30313	1.7776
0.7175	0.41344	0.927521	0.303109	1.83285	0.426319	0.927453	0.30313	1.7776
0.7225	0.412954	0.927481	0.303128	1.83512	0.426319	0.927453	0.30313	1.7776
0.7275	0.412974	0.927402	0.303161	1.83523	0.426319	0.927453	0.30313	1.7776
0.7325	0.264123	0.927402	0.303161	2.86951	0.265574	0.927453	0.30313	2.85354
0.7375	0.264123	0.927402	0.303161	2.86951	0.265574	0.927453	0.30313	2.85354
0.7425	0.264139	0.927391	0.303163	2.86935	0.265574	0.927453	0.30313	2.85354
0.7475	0.264202	0.927433	0.303141	2.86846	0.265574	0.927453	0.30313	2.85354
0.7525	0.264372	0.927491	0.303118	2.8664	0.265574	0.927453	0.30313	2.85354
0.7575	0.264671	0.927514	0.303111	2.86309	0.265574	0.927453	0.30313	2.85354
0.7625	0.264981	0.927489	0.303121	2.85984	0.265574	0.927453	0.30313	2.85354
0.7675	0.265192	0.927434	0.303144	2.85778	0.265574	0.927453	0.30313	2.85354
0.7725	0.265323	0.927399	0.303158	2.8565	0.265574	0.927453	0.30313	2.85354
0.7775	0.265396	0.927408	0.303154	2.85568	0.265574	0.927453	0.30313	2.85354
0.7825	0.265428	0.927464	0.303134	2.85515	0.265574	0.927453	0.30313	2.85354
0.7875	0.265443	0.927518	0.303114	2.8548	0.265574	0.927453	0.30313	2.85354
0.7925	0.265457	0.927525	0.303112	2.85462	0.265574	0.927453	0.30313	2.85354
0.7975	0.265486	0.927457	0.303136	2.85453	0.265574	0.927453	0.30313	2.85354
0.8025	0.265516	0.92739	0.303162	2.85446	0.265574	0.927453	0.30313	2.85354
0.8075	0.26553	0.927385	0.303162	2.85431	0.265574	0.927453	0.30313	2.85354
0.8125	0.265526	0.927448	0.303141	2.85415	0.265574	0.927453	0.30313	2.85354
0.8175	0.26552	0.927524	0.303111	2.85393	0.265574	0.927453	0.30313	2.85354
0.8225	0.265524	0.927546	0.303103	2.85382	0.265574	0.927453	0.30313	2.85354
0.8275	0.26554	0.927504	0.303121	2.85381	0.265574	0.927453	0.30313	2.85354
0.8325	0.265561	0.927443	0.303149	2.85386	0.265574	0.927453	0.30313	2.85354
0.8375	0.265569	0.927428	0.303159	2.85386	0.265574	0.927453	0.30313	2.85354
0.8425	0.265566	0.92744	0.303155	2.85385	0.265574	0.927453	0.30313	2.85354
0.8475	0.265556	0.927481	0.303137	2.85379	0.265574	0.927453	0.30313	2.85354
0.8525	0.265545	0.927524	0.303119	2.85374	0.265574	0.927453	0.30313	2.85354
0.8575	0.265544	0.927544	0.30311	2.85366	0.265574	0.927453	0.30313	2.85354
0.8625	0.265551	0.927538	0.303114	2.85363	0.265574	0.927453	0.30313	2.85354
0.8675	0.265566	0.927508	0.303127	2.85359	0.265574	0.927453	0.30313	2.85354
0.8725	0.265598	0.927393	0.303167	2.85362	0.265574	0.927453	0.30313	2.85354
0.8775	0.265622	0.927326	0.303188	2.85357	0.265574	0.927453	0.30313	2.85354
0.8825	0.265599	0.927452	0.303144	2.85341	0.265574	0.927453	0.30313	2.85354
0.8875	0.265582	0.927528	0.303117	2.85333	0.265574	0.927453	0.30313	2.85354
0.8925	0.265582	0.927513	0.303124	2.85339	0.265574	0.927453	0.30313	2.85354
0.8975	0.265562	0.927603	0.303097	2.85336	0.265574	0.927453	0.30313	2.85354
0.9025	0.265577	0.927517	0.303131	2.8535	0.265574	0.927453	0.30313	2.85354
0.9075	0.265621	0.927287	0.303214	2.85383	0.265574	0.927453	0.30313	2.85354
0.9125	0.265591	0.927414	0.303176	2.85379	0.265574	0.927453	0.30313	2.85354
0.9175	0.265547	0.927529	0.303142	2.85394	0.265574	0.927453	0.30313	2.85354
0.9225	0.265576	0.927474	0.303165	2.85385	0.265574	0.927453	0.30313	2.85354
0.9275	0.265534	0.927864	0.303039	2.85311	0.265574	0.927453	0.30313	2.85354
0.9325	0.265463	0.927332	0.303041	2.85389	0.265574	0.927453	0.30313	2.85354
0.9375	0.264229	0.919036	0.300864	2.84662	0.265574	0.927453	0.30313	2.85354
0.9425	0.228075	0.75695	0.245169	2.68737	0.125	0	0.1	2
0.9475	0.142285	0.164561	0.12209	2.14517	0.125	0	0.1	2
0.9525	0.125654	0.0057173	0.100743	2.00438	0.125	0	0.1	2
0.9575	0.125013	0.00011219	0.100015	2.00008	0.125	0	0.1	2
0.9625	0.125	2.09824e-06	0.1	2	0.125	0	0.1	2
0.9675	0.125	3.9463e-08	0.1	2	0.125	0	0.1	2
0.9725	0.125	7.39407e-10	0.1	2	0.125	0	0.1	2
0.9775	0.125	1.3908e-11	0.1	2	0.125	0	0.1	2
0.9825	0.125	2.60587e-13	0.1	2	0.125	0	0.1	2
0.9875	0.125	4.80863e-15	0.1	2	0.125	0	0.1	2
0.9925	0.125	9.61526e-17	0.1	2	0.125	0	0.1	2
0.9975	0.125	4.55207e-17	0.1	2	0.125	0	0.1	2
