x	rho	u	p	e	rhoEx	uEx	pEx	eEx
0.005	1	1.29305e-12	1	2.5	1	0	1	2.5
0.015	1	9.90088e-12	1	2.5	1	0	1	2.5
0.025	1	6.65809e-11	1	2.5	1	0	1	2.5
0.035	1	4.10808e-10	1	2.5	1	0	1	2.5
0.045	1	2.32959e-09	1	2.5	1	0	1	2.5
0.055	1	1.21605e-08	1	2.5	1	0	1	2.5
0.065	1	5.85064e-08	1	2.5	1	0	1	2.5
0.075	1	2.59681e-07	1	2.5	1	0	1	2.5
0.085	0.999999	1.06397e-06	0.999999	2.5	1	0	1	2.5
0.095	0.999997	4.02536e-06	0.999995	2.5	1	0	1	2.5
0.105	0.999988	1.40617e-05	0.999983	2.49999	1	0	1	2.5
0.115	0.999962	4.53369e-05	0.999946	2.49996	1	0	1	2.5
0.125	0.999886	0.000134806	0.999841	2.49989	1	0	1	2.5
0.135	0.999688	0.000369259	0.999563	2.49969	1	0	1	2.5
0.145	0.999214	0.000930586	0.998899	2.49921	1	0	1	2.5
0.155	0.99818	0.00215508	0.997453	2.49818	1	0	1	2.5
0.165	0.996132	0.00458321	0.99459	2.49613	1	0	1	2.5
0.175	0.992452	0.00895561	0.989451	2.49244	1	0	1	2.5
0.185	0.986449	0.0161141	0.981086	2.48641	1	0	1	2.5
0.195	0.977528	0.0268141	0.968694	2.47741	1	0	1	2.5
0.205	0.965367	0.0415235	0.951875	2.46506	0.997737	0.00267996	0.996833	2.49774
0.215	0.950008	0.0603124	0.930754	2.44933	0.969932	0.0360133	0.958159	2.46966
0.225	0.93181	0.0828911	0.905906	2.4305	0.942749	0.0693466	0.920778	2.44173
0.235	0.91129	0.108779	0.87812	2.409	0.91618	0.10268	0.884653	2.41397
0.245	0.888904	0.13756	0.848091	2.38521	0.890213	0.136013	0.849751	2.38637
0.255	0.865178	0.168751	0.816591	2.3596	0.864839	0.169347	0.816036	2.35892
0.265	0.841532	0.200535	0.785482	2.33349	0.840046	0.20268	0.783473	2.33164
0.275	0.818274	0.232487	0.755265	2.30749	0.815825	0.236013	0.752031	2.30451
0.285	0.795449	0.264531	0.725949	2.28157	0.792166	0.269347	0.721677	2.27754
0.295	0.773097	0.296656	0.697557	2.25572	0.769059	0.30268	0.692379	2.25073
0.305	0.751214	0.32884	0.670071	2.22996	0.746495	0.336013	0.664106	2.22408
0.315	0.729789	0.36107	0.643478	2.20433	0.724463	0.369347	0.636829	2.19759
0.325	0.708822	0.39334	0.61776	2.17883	0.702955	0.40268	0.610518	2.17126
0.335	0.688325	0.425645	0.592901	2.15342	0.68196	0.436013	0.585144	2.14508
0.345	0.668291	0.457981	0.568881	2.12812	0.66147	0.469347	0.560679	2.11906
0.355	0.648702	0.490345	0.545683	2.10298	0.641476	0.50268	0.537097	2.09321
0.365	0.629553	0.522731	0.523289	2.07802	0.621968	0.536013	0.51437	2.06751
0.375	0.610879	0.555133	0.501681	2.05311	0.602938	0.569347	0.492472	2.04197
0.385	0.592639	0.587537	0.480839	2.02838	0.584376	0.60268	0.471378	2.01659
0.395	0.574828	0.619933	0.460746	2.00384	0.566274	0.636013	0.451063	1.99136
0.405	0.557463	0.652303	0.441389	1.97945	0.548624	0.669347	0.431504	1.9663
0.415	0.540546	0.684627	0.422759	1.95524	0.531417	0.70268	0.412676	1.9414
0.425	0.524087	0.716872	0.40485	1.93122	0.514644	0.736013	0.394556	1.91665
0.435	0.5081	0.748982	0.387669	1.90745	0.498297	0.769347	0.377123	1.89206
0.445	0.49261	0.78086	0.371238	1.88404	0.482368	0.80268	0.360355	1.86763
0.455	0.477693	0.81231	0.355618	1.86112	0.466849	0.836013	0.344229	1.84336
0.465	0.463525	0.842941	0.340951	1.8389	0.451733	0.869347	0.328726	1.81925
0.475	0.450437	0.871935	0.327547	1.81794	0.43701	0.90268	0.313826	1.7953
0.485	0.439067	0.897659	0.316035	1.79947	0.426319	0.927453	0.30313	1.7776
0.495	0.430511	0.917294	0.307481	1.78556	0.426319	0.927453	0.30313	1.7776
0.505	0.426027	0.927689	0.303032	1.77824	0.426319	0.927453	0.30313	1.7776
0.515	0.425257	0.92946	0.302279	1.77704	0.426319	0.927453	0.30313	1.7776
0.525	0.426144	0.92737	0.303169	1.77856	0.426319	0.927453	0.30313	1.7776
0.535	0.426032	0.927607	0.303073	1.77846	0.426319	0.927453	0.30313	1.7776
0.545	0.426079	0.927452	0.303146	1.77869	0.426319	0.927453	0.30313	1.7776
0.555	0.425974	0.927629	0.303071	1.7787	0.426319	0.927453	0.30313	1.7776
0.565	0.425864	0.927783	0.303008	1.77879	0.426319	0.927453	0.30313	1.7776
0.575	0.425859	0.927698	0.303038	1.77898	0.426319	0.927453	0.30313	1.7776
0.585	0.425902	0.927507	0.303112	1.77923	0.426319	0.927453	0.30313	1.7776
0.595	0.425896	0.927387	0.303165	1.77957	0.426319	0.927453	0.30313	1.7776
0.605	0.425723	0.927654	0.303044	1.77959	0.426319	0.927453	0.30313	1.7776
0.615	0.425611	0.927713	0.303026	1.77995	0.426319	0.927453	0.30313	1.7776
0.625	0.425511	0.927668	0.303055	1.78054	0.426319	0.927453	0.30313	1.7776
0.635	0.425429	0.927505	0.303131	1.78133	0.426319	0.927453	0.30313	1.7776
0.645	0.42524	0.927483	0.303138	1.78216	0.426319	0.927453	0.30313	1.7776
0.655	0.424881	0.927599	0.303088	1.78337	0.426319	0.927453	0.30313	1.7776
0.665	0.424308	0.927646	0.303065	1.78564	0.426319	0.927453	0.30313	1.7776
0.675	0.423287	0.927579	0.303091	1.79011	0.426319	0.927453	0.30313	1.7776
0.685	0.421428	0.927435	0.303155	1.79838	0.426319	0.927453	0.30313	1.7776
0.695	0.418221	0.927463	0.303149	1.81214	0.426319	0.927453	0.30313	1.7776
0.705	0.41494	0.927581	0.303105	1.8262	0.426319	0.927453	0.30313	1.7776
0.715	0.413373	0.927649	0.303077	1.83295	0.426319	0.927453	0.30313	1.7776
0.725	0.413165	0.927546	0.303112	1.83409	0.426319	0.927453	0.30313	1.7776
0.735	0.262819	0.927373	0.30316	2.88373	0.265574	0.927453	0.30313	2.85354
0.745	0.263025	0.927386	0.303157	2.88145	0.265574	0.927453	0.30313	2.85354
0.755	0.263576	0.9275	0.303128	2.87515	0.265574	0.927453	0.30313	2.85354
0.765	0.264403	0.927618	0.303099	2.86589	0.265574	0.927453	0.30313	2.85354
0.775	0.264944	0.927657	0.303094	2.85999	0.265574	0.927453	0.30313	2.85354
0.785	0.265225	0.92756	0.303125	2.85725	0.265574	0.927453	0.30313	2.85354
0.795	0.265377	0.927428	0.303166	2.85599	0.265574	0.927453	0.30313	2.85354
0.805	0.265436	0.927403	0.303173	2.85542	0.265574	0.927453	0.30313	2.85354
0.815	0.265455	0.927482	0.303154	2.85505	0.265574	0.927453	0.30313	2.85354
0.825	0.265462	0.927603	0.303127	2.85472	0.265574	0.927453	0.30313	2.85354
0.835	0.265473	0.92771	0.303109	2.85443	0.265574	0.927453	0.30313	2.85354
0.845	0.265509	0.927668	0.303142	2.85435	0.265574	0.927453	0.30313	2.85354
0.855	0.265557	0.92759	0.303184	2.85422	0.265574	0.927453	0.30313	2.85354
0.865	0.26556	0.92766	0.303169	2.85405	0.265574	0.927453	0.30313	2.85354
0.875	0.265576	0.927594	0.303184	2.85402	0.265574	0.927453	0.30313	2.85354
0.885	0.265618	0.927347	0.30325	2.85419	0.265574	0.927453	0.30313	2.85354
0.895	0.265529	0.927776	0.303087	2.85362	0.265574	0.927453	0.30313	2.85354
0.905	0.265537	0.927629	0.303134	2.85397	0.265574	0.927453	0.30313	2.85354
0.915	0.265587	0.927312	0.303197	2.85403	0.265574	0.927453	0.30313	2.85354
0.925	0.264846	0.925849	0.302096	2.85162	0.265574	0.927453	0.30313	2.85354
0.935	0.25316	0.871036	0.283476	2.79937	0.265574	0.927453	0.30313	2.85354
0.945	0.165753	0.364268	0.153913	2.32141	0.125	0	0.1	2
0.955	0.126865	0.0161489	0.102113	2.01223	0.125	0	0.1	2
0.965	0.125037	0.00030942	0.100041	2.00023	0.125	0	0.1	2
0.975	0.125001	5.88028e-06	0.100001	2	0.125	0	0.1	2
0.985	0.125	1.09595e-07	0.1	2	0.125	0	0.1	2
0.995	0.125	7.05724e-09	0.1	2	0.125	0	0.1	2
