x	rho	u	p	e	rhoEx	uEx	pEx	eEx
0.00125	1	0	1	2.5	1	0	1	2.5
0.00375	1	0	1	2.5	1	0	1	2.5
0.00625	1	0	1	2.5	1	0	1	2.5
0.00875	1	0	1	2.5	1	0	1	2.5
0.01125	1	0	1	2.5	1	0	1	2.5
0.01375	1	0	1	2.5	1	0	1	2.5
0.01625	1	0	1	2.5	1	0	1	2.5
0.01875	1	0	1	2.5	1	0	1	2.5
0.02125	1	0	1	2.5	1	0	1	2.5
0.02375	1	0	1	2.5	1	0	1	2.5
0.02625	1	0	1	2.5	1	0	1	2.5
0.02875	1	0	1	2.5	1	0	1	2.5
0.03125	1	0	1	2.5	1	0	1	2.5
0.03375	1	0	1	2.5	1	0	1	2.5
0.03625	1	0	1	2.5	1	0	1	2.5
0.03875	1	0	1	2.5	1	0	1	2.5
0.04125	1	0	1	2.5	1	0	1	2.5
0.04375	1	0	1	2.5	1	0	1	2.5
0.04625	1	0	1	2.5	1	0	1	2.5
0.04875	1	0	1	2.5	1	0	1	2.5
0.05125	1	0	1	2.5	1	0	1	2.5
0.05375	1	0	1	2.5	1	0	1	2.5
0.05625	1	0	1	2.5	1	0	1	2.5
0.05875	1	0	1	2.5	1	0	1	2.5
0.06125	1	0	1	2.5	1	0	1	2.5
0.06375	1	0	1	2.5	1	0	1	2.5
0.06625	1	0	1	2.5	1	0	1	2.5
0.06875	1	0	1	2.5	1	0	1	2.5
0.07125	1	0	1	2.5	1	0	1	2.5
0.07375	1	0	1	2.5	1	0	1	2.5
0.07625	1	0	1	2.5	1	0	1	2.5
0.07875	1	0	1	2.5	1	0	1	2.5
0.08125	1	0	1	2.5	1	0	1	2.5
0.08375	1	0	1	2.5	1	0	1	2.5
0.08625	1	0	1	2.5	1	0	1	2.5
0.08875	1	0	1	2.5	1	0	1	2.5
0.09125	1	0	1	2.5	1	0	1	2.5
0.09375	1	0	1	2.5	1	0	1	2.5
0.09625	1	0	1	2.5	1	0	1	2.5
0.09875	1	0	1	2.5	1	0	1	2.5
0.10125	1	1.8243e-17	1	2.5	1	0	1	2.5
0.10375	1	3.82967e-16	1	2.5	1	0	1	2.5
0.10625	1	1.81451e-15	1	2.5	1	0	1	2.5
0.10875	1	6.46474e-15	1	2.5	1	0	1	2.5
0.11125	1	2.14548e-14	1	2.5	1	0	1	2.5
0.11375	1	6.90419e-14	1	2.5	1	0	1	2.5
0.11625	1	2.16563e-13	1	2.5	1	0	1	2.5
0.11875	1	6.64878e-13	1	2.5	1	0	1	2.5
0.12125	1	1.99815e-12	1	2.5	1	0	1	2.5
0.12375	1	5.87758e-12	1	2.5	1	0	1	2.5
0.12625	1	1.69192e-11	1	2.5	1	0	1	2.5
0.12875	1	4.76629e-11	1	2.5	1	0	1	2.5
0.13125	1	1.3138e-10	1	2.5	1	0	1	2.5
0.13375	1	3.54299e-10	1	2.5	1	0	1	2.5
0.13625	1	9.34646e-10	1	2.5	1	0	1	2.5
0.13875	1	2.41153e-09	1	2.5	1	0	1	2.5
0.14125	1	6.08458e-09	1	2.5	1	0	1	2.5
0.14375	1	1.501e-08	1	2.5	1	0	1	2.5
0.14625	1	3.61949e-08	1	2.5	1	0	1	2.5
0.14875	1	8.5297e-08	1	2.5	1	0	1	2.5
0.15125	1	1.96394e-07	1	2.5	1	0	1	2.5
0.15375	1	4.41684e-07	0.999999	2.5	1	0	1	2.5
0.15625	0.999999	9.69943e-07	0.999999	2.5	1	0	1	2.5
0.15875	0.999998	2.07915e-06	0.999998	2.5	1	0	1	2.5
0.16125	0.999996	4.34876e-06	0.999995	2.5	1	0	1	2.5
0.16375	0.999993	8.87167e-06	0.99999	2.49999	1	0	1	2.5
0.16625	0.999985	1.76444e-05	0.999979	2.49999	1	0	1	2.5
0.16875	0.999971	3.41944e-05	0.99996	2.49997	1	0	1	2.5
0.17125	0.999945	6.45369e-05	0.999924	2.49995	1	0	1	2.5
0.17375	0.9999	0.000118553	0.99986	2.4999	1	0	1	2.5
0.17625	0.999821	0.000211833	0.999749	2.49982	1	0	1	2.5
0.17875	0.999689	0.000367937	0.999565	2.49969	1	0	1	2.5
0.18125	0.999475	0.000620832	0.999266	2.49948	1	0	1	2.5
0.18375	0.999141	0.00101703	0.998797	2.49914	1	0	1	2.5
0.18625	0.998634	0.0016167	0.998089	2.49863	1	0	1	2.5
0.18875	0.997895	0.00249289	0.997054	2.49789	1	0	1	2.5
0.19125	0.996853	0.00372812	0.995597	2.49685	1	0	1	2.5
0.19375	0.995437	0.00540807	0.993618	2.49543	1	0	1	2.5
0.19625	0.993582	0.007613	0.991026	2.49357	1	0	1	2.5
0.19875	0.991233	0.0104083	0.987749	2.49121	1	0	1	2.5
0.20125	0.988359	0.0138361	0.983742	2.48832	1	0	1	2.5
0.20375	0.984952	0.0179104	0.978998	2.48489	1	0	1	2.5
0.20625	0.981029	0.0226161	0.973543	2.48092	0.994227	0.00684663	0.991927	2.49422
0.20875	0.976627	0.0279129	0.967434	2.47647	0.987236	0.01518	0.982176	2.48719
0.21125	0.971802	0.0337415	0.96075	2.47157	0.980285	0.0235133	0.972508	2.48017
0.21375	0.966616	0.0400325	0.95358	2.46628	0.973373	0.0318466	0.962922	2.47316
0.21625	0.961132	0.0467137	0.946016	2.46068	0.9665	0.04018	0.953416	2.46616
0.21875	0.955411	0.0537168	0.938142	2.45481	0.959666	0.0485133	0.943991	2.45917
0.22125	0.949505	0.0609819	0.930034	2.44873	0.95287	0.0568466	0.934646	2.45219
0.22375	0.943457	0.06846	0.92175	2.44248	0.946113	0.06518	0.925381	2.44522
0.22625	0.937298	0.0761144	0.913337	2.43609	0.939395	0.0735133	0.916194	2.43826
0.22875	0.931047	0.0839234	0.904822	2.42958	0.932715	0.0818466	0.907086	2.43131
0.23125	0.924718	0.0918745	0.896223	2.42296	0.926072	0.09018	0.898055	2.42436
0.23375	0.918363	0.0999059	0.887611	2.41629	0.919468	0.0985133	0.889101	2.41743
0.23625	0.912009	0.107976	0.879024	2.40958	0.912902	0.106847	0.880225	2.41051
0.23875	0.905666	0.116078	0.870477	2.40287	0.906372	0.11518	0.871424	2.4036
0.24125	0.899338	0.124205	0.861975	2.39614	0.899881	0.123513	0.862698	2.3967
0.24375	0.89303	0.132353	0.853522	2.3894	0.893427	0.131847	0.854048	2.38981
0.24625	0.886744	0.140518	0.845124	2.38266	0.887009	0.14018	0.845472	2.38293
0.24875	0.880484	0.148696	0.836782	2.37592	0.880629	0.148513	0.83697	2.37606
0.25125	0.87425	0.156886	0.8285	2.36917	0.874285	0.156847	0.828542	2.3692
0.25375	0.868044	0.165085	0.820278	2.36243	0.867978	0.16518	0.820186	2.36235
0.25625	0.861868	0.173292	0.812119	2.35569	0.861708	0.173513	0.811903	2.3555
0.25875	0.855722	0.181505	0.804023	2.34896	0.855474	0.181847	0.803691	2.34867
0.26125	0.849607	0.189725	0.795991	2.34223	0.849276	0.19018	0.795551	2.34185
0.26375	0.843524	0.197949	0.788023	2.33551	0.843113	0.198513	0.787482	2.33504
0.26625	0.837472	0.206177	0.78012	2.32879	0.836987	0.206847	0.779482	2.32824
0.26875	0.831453	0.214408	0.772281	2.32208	0.830897	0.21518	0.771553	2.32145
0.27125	0.825466	0.222643	0.764507	2.31538	0.824841	0.223513	0.763693	2.31467
0.27375	0.819511	0.230881	0.756798	2.30869	0.818822	0.231847	0.755901	2.30789
0.27625	0.813589	0.239121	0.749153	2.302	0.812837	0.24018	0.748178	2.30113
0.27875	0.8077	0.247363	0.741573	2.29532	0.806888	0.248513	0.740522	2.29438
0.28125	0.801844	0.255607	0.734056	2.28865	0.800973	0.256847	0.732934	2.28764
0.28375	0.796021	0.263853	0.726604	2.28199	0.795093	0.26518	0.725413	2.2809
0.28625	0.79023	0.2721	0.719214	2.27533	0.789248	0.273513	0.717957	2.27418
0.28875	0.784472	0.280349	0.711888	2.26869	0.783437	0.281847	0.710568	2.26747
0.29125	0.778746	0.288599	0.704625	2.26205	0.77766	0.29018	0.703244	2.26077
0.29375	0.773054	0.296851	0.697425	2.25542	0.771918	0.298513	0.695984	2.25408
0.29625	0.767394	0.305103	0.690286	2.2488	0.766209	0.306847	0.688789	2.24739
0.29875	0.761766	0.313357	0.68321	2.24219	0.760534	0.31518	0.681658	2.24072
0.30125	0.75617	0.321612	0.676194	2.23559	0.754893	0.323513	0.67459	2.23406
0.30375	0.750607	0.329868	0.66924	2.229	0.749286	0.331847	0.667585	2.2274
0.30625	0.745076	0.338125	0.662347	2.22241	0.743712	0.34018	0.660643	2.22076
0.30875	0.739577	0.346382	0.655513	2.21584	0.738171	0.348513	0.653762	2.21413
0.31125	0.73411	0.354641	0.64874	2.20927	0.732663	0.356847	0.646943	2.20751
0.31375	0.728675	0.3629	0.642025	2.20271	0.727188	0.36518	0.640185	2.20089
0.31625	0.723272	0.37116	0.63537	2.19617	0.721746	0.373513	0.633488	2.19429
0.31875	0.7179	0.379421	0.628774	2.18963	0.716337	0.381847	0.626851	2.1877
0.32125	0.71256	0.387683	0.622235	2.1831	0.71096	0.39018	0.620273	2.18111
0.32375	0.707251	0.395945	0.615755	2.17658	0.705615	0.398513	0.613755	2.17454
0.32625	0.701973	0.404208	0.609332	2.17007	0.700302	0.406847	0.607295	2.16797
0.32875	0.696727	0.412472	0.602965	2.16357	0.695022	0.41518	0.600894	2.16142
0.33125	0.691511	0.420736	0.596656	2.15707	0.689773	0.423513	0.594551	2.15488
0.33375	0.686327	0.429001	0.590403	2.15059	0.684557	0.431847	0.588265	2.14834
0.33625	0.681173	0.437266	0.584205	2.14412	0.679372	0.44018	0.582037	2.14182
0.33875	0.67605	0.445533	0.578063	2.13765	0.674218	0.448513	0.575865	2.13531
0.34125	0.670957	0.453799	0.571976	2.1312	0.669095	0.456847	0.569749	2.1288
0.34375	0.665895	0.462066	0.565944	2.12475	0.664004	0.46518	0.563689	2.12231
0.34625	0.660863	0.470334	0.559966	2.11831	0.658944	0.473513	0.557684	2.11582
0.34875	0.655862	0.478602	0.554042	2.11189	0.653915	0.481847	0.551734	2.10935
0.35125	0.65089	0.48687	0.548172	2.10547	0.648916	0.49018	0.545839	2.10288
0.35375	0.645948	0.495139	0.542354	2.09906	0.643949	0.498513	0.539997	2.09643
0.35625	0.641037	0.503408	0.536589	2.09266	0.639011	0.506847	0.53421	2.08999
0.35875	0.636154	0.511677	0.530877	2.08627	0.634104	0.51518	0.528475	2.08355
0.36125	0.631302	0.519947	0.525217	2.07989	0.629227	0.523513	0.522794	2.07713
0.36375	0.626479	0.528216	0.519608	2.07352	0.62438	0.531847	0.517165	2.07071
0.36625	0.621686	0.536487	0.514051	2.06716	0.619563	0.54018	0.511588	2.06431
0.36875	0.616922	0.544757	0.508544	2.06081	0.614776	0.548513	0.506062	2.05791
0.37125	0.612187	0.553027	0.503089	2.05447	0.610019	0.556847	0.500588	2.05153
0.37375	0.607481	0.561298	0.497683	2.04814	0.605291	0.56518	0.495165	2.04515
0.37625	0.602804	0.569568	0.492327	2.04182	0.600592	0.573513	0.489792	2.03879
0.37875	0.598156	0.577838	0.487021	2.03551	0.595923	0.581847	0.484469	2.03243
0.38125	0.593537	0.586108	0.481764	2.02921	0.591282	0.59018	0.479196	2.02609
0.38375	0.588946	0.594378	0.476556	2.02292	0.586671	0.598513	0.473972	2.01975
0.38625	0.584385	0.602648	0.471396	2.01663	0.582088	0.606847	0.468797	2.01343
0.38875	0.579851	0.610917	0.466284	2.01036	0.577534	0.61518	0.46367	2.00711
0.39125	0.575346	0.619186	0.461221	2.0041	0.573009	0.623513	0.458592	2.0008
0.39375	0.57087	0.627454	0.456205	1.99785	0.568512	0.631847	0.453561	1.99451
0.39625	0.566421	0.635722	0.451236	1.99161	0.564043	0.64018	0.448578	1.98822
0.39875	0.562001	0.643989	0.446313	1.98538	0.559603	0.648513	0.443641	1.98195
0.40125	0.557608	0.652256	0.441438	1.97916	0.55519	0.656847	0.438752	1.97568
0.40375	0.553244	0.660521	0.436609	1.97295	0.550806	0.66518	0.433908	1.96942
0.40625	0.548908	0.668785	0.431825	1.96675	0.546449	0.673513	0.429111	1.96318
0.40875	0.5446	0.677048	0.427088	1.96056	0.54212	0.681847	0.424359	1.95694
0.41125	0.540319	0.68531	0.422396	1.95438	0.537818	0.69018	0.419652	1.95072
0.41375	0.536066	0.693571	0.417749	1.94821	0.533544	0.698513	0.41499	1.9445
0.41625	0.531841	0.701829	0.413146	1.94206	0.529296	0.706847	0.410373	1.93829
0.41875	0.527643	0.710086	0.408589	1.93591	0.525076	0.71518	0.405799	1.9321
0.42125	0.523473	0.71834	0.404075	1.92978	0.520883	0.723513	0.40127	1.92591
0.42375	0.519331	0.726592	0.399606	1.92366	0.516717	0.731847	0.396783	1.91973
0.42625	0.515216	0.734842	0.39518	1.91755	0.512577	0.74018	0.39234	1.91357
0.42875	0.511128	0.743088	0.390798	1.91145	0.508464	0.748513	0.38794	1.90741
0.43125	0.507069	0.751332	0.38646	1.90536	0.504377	0.756847	0.383582	1.90126
0.43375	0.503037	0.759572	0.382164	1.89929	0.500317	0.76518	0.379266	1.89513
0.43625	0.499032	0.767808	0.377912	1.89322	0.496283	0.773513	0.374991	1.889
0.43875	0.495055	0.77604	0.373702	1.88718	0.492275	0.781847	0.370758	1.88288
0.44125	0.491106	0.784267	0.369536	1.88114	0.488293	0.79018	0.366566	1.87677
0.44375	0.487184	0.792488	0.365412	1.87512	0.484337	0.798513	0.362415	1.87068
0.44625	0.483291	0.800703	0.36133	1.86911	0.480406	0.806847	0.358304	1.86459
0.44875	0.479426	0.808911	0.357291	1.86312	0.476501	0.81518	0.354233	1.85851
0.45125	0.47559	0.817111	0.353295	1.85714	0.472621	0.823513	0.350202	1.85245
0.45375	0.471782	0.825301	0.349342	1.85118	0.468767	0.831847	0.34621	1.84639
0.45625	0.468004	0.83348	0.345432	1.84524	0.464938	0.84018	0.342258	1.84034
0.45875	0.464257	0.841646	0.341566	1.83931	0.461134	0.848513	0.338344	1.8343
0.46125	0.460541	0.849794	0.337745	1.83341	0.457355	0.856847	0.334468	1.82827
0.46375	0.45686	0.857918	0.333972	1.82754	0.453601	0.86518	0.330631	1.82226
0.46625	0.453217	0.866011	0.330249	1.8217	0.449871	0.873513	0.326831	1.81625
0.46875	0.449619	0.874053	0.326585	1.8159	0.446166	0.881847	0.323069	1.81025
0.47125	0.446079	0.882017	0.322992	1.81017	0.442485	0.89018	0.319344	1.80426
0.47375	0.44262	0.889849	0.319491	1.80454	0.438829	0.898513	0.315656	1.79828
0.47625	0.43928	0.897459	0.31612	1.79908	0.435197	0.906847	0.312004	1.79232
0.47875	0.436121	0.904696	0.312943	1.7939	0.431589	0.91518	0.308389	1.78636
0.48125	0.433242	0.911331	0.310054	1.78915	0.428005	0.923513	0.30481	1.78041
0.48375	0.43077	0.917055	0.307581	1.78507	0.426319	0.927453	0.30313	1.7776
0.48625	0.42884	0.921541	0.305654	1.78187	0.426319	0.927453	0.30313	1.7776
0.48875	0.427537	0.92458	0.304355	1.7797	0.426319	0.927453	0.30313	1.7776
0.49125	0.426822	0.926249	0.303643	1.77851	0.426319	0.927453	0.30313	1.7776
0.49375	0.426526	0.926941	0.303348	1.77802	0.426319	0.927453	0.30313	1.7776
0.49625	0.426435	0.927154	0.303258	1.77787	0.426319	0.927453	0.30313	1.7776
0.49875	0.426398	0.92724	0.303221	1.77781	0.426319	0.927453	0.30313	1.7776
0.50125	0.426355	0.927339	0.303179	1.77774	0.426319	0.927453	0.30313	1.7776
0.50375	0.42629	0.92749	0.303114	1.77763	0.426319	0.927453	0.30313	1.7776
0.50625	0.426255	0.927572	0.30308	1.77757	0.426319	0.927453	0.30313	1.7776
0.50875	0.426243	0.9276	0.303068	1.77756	0.426319	0.927453	0.30313	1.7776
0.51125	0.42624	0.927606	0.303066	1.77755	0.426319	0.927453	0.30313	1.7776
0.51375	0.42624	0.927605	0.303066	1.77756	0.426319	0.927453	0.30313	1.7776
0.51625	0.426241	0.927602	0.303068	1.77756	0.426319	0.927453	0.30313	1.7776
0.51875	0.426243	0.927598	0.303069	1.77756	0.426319	0.927453	0.30313	1.7776
0.52125	0.426247	0.927586	0.303074	1.77757	0.426319	0.927453	0.30313	1.7776
0.52375	0.426262	0.927551	0.303089	1.7776	0.426319	0.927453	0.30313	1.7776
0.52625	0.426276	0.927519	0.303103	1.77762	0.426319	0.927453	0.30313	1.7776
0.52875	0.42628	0.927507	0.303108	1.77763	0.426319	0.927453	0.30313	1.7776
0.53125	0.426279	0.927507	0.303107	1.77763	0.426319	0.927453	0.30313	1.7776
0.53375	0.426277	0.927511	0.303106	1.77763	0.426319	0.927453	0.30313	1.7776
0.53625	0.426279	0.927504	0.303109	1.77764	0.426319	0.927453	0.30313	1.7776
0.53875	0.426291	0.927476	0.303121	1.77766	0.426319	0.927453	0.30313	1.7776
0.54125	0.426297	0.927462	0.303127	1.77767	0.426319	0.927453	0.30313	1.7776
0.54375	0.426295	0.927466	0.303125	1.77767	0.426319	0.927453	0.30313	1.7776
0.54625	0.426287	0.927485	0.303117	1.77766	0.426319	0.927453	0.30313	1.7776
0.54875	0.426284	0.927489	0.303115	1.77766	0.426319	0.927453	0.30313	1.7776
0.55125	0.42629	0.927474	0.303122	1.77767	0.426319	0.927453	0.30313	1.7776
0.55375	0.426296	0.927459	0.303128	1.77769	0.426319	0.927453	0.30313	1.7776
0.55625	0.426295	0.92746	0.303128	1.77769	0.426319	0.927453	0.30313	1.7776
0.55875	0.426288	0.927475	0.303122	1.77768	0.426319	0.927453	0.30313	1.7776
0.56125	0.426286	0.927478	0.30312	1.77768	0.426319	0.927453	0.30313	1.7776
0.56375	0.426292	0.927461	0.303127	1.7777	0.426319	0.927453	0.30313	1.7776
0.56625	0.426297	0.927449	0.303132	1.77771	0.426319	0.927453	0.30313	1.7776
0.56875	0.426293	0.927457	0.303129	1.77771	0.426319	0.927453	0.30313	1.7776
0.57125	0.426277	0.927491	0.303114	1.77768	0.426319	0.927453	0.30313	1.7776
0.57375	0.42627	0.927505	0.303109	1.77768	0.426319	0.927453	0.30313	1.7776
0.57625	0.426274	0.927494	0.303113	1.77769	0.426319	0.927453	0.30313	1.7776
0.57875	0.426289	0.927458	0.303129	1.77772	0.426319	0.927453	0.30313	1.7776
0.58125	0.426295	0.927441	0.303136	1.77774	0.426319	0.927453	0.30313	1.7776
0.58375	0.426294	0.927442	0.303136	1.77774	0.426319	0.927453	0.30313	1.7776
0.58625	0.426284	0.927465	0.303126	1.77773	0.426319	0.927453	0.30313	1.7776
0.58875	0.426278	0.927475	0.303122	1.77772	0.426319	0.927453	0.30313	1.7776
0.59125	0.426281	0.927465	0.303126	1.77773	0.426319	0.927453	0.30313	1.7776
0.59375	0.42629	0.927443	0.303135	1.77775	0.426319	0.927453	0.30313	1.7776
0.59625	0.426291	0.927435	0.303138	1.77777	0.426319	0.927453	0.30313	1.7776
0.59875	0.426283	0.927452	0.303131	1.77776	0.426319	0.927453	0.30313	1.7776
0.60125	0.426273	0.927471	0.303123	1.77775	0.426319	0.927453	0.30313	1.7776
0.60375	0.426273	0.927469	0.303124	1.77776	0.426319	0.927453	0.30313	1.7776
0.60625	0.426282	0.927445	0.303134	1.77778	0.426319	0.927453	0.30313	1.7776
0.60875	0.426284	0.927434	0.303139	1.7778	0.426319	0.927453	0.30313	1.7776
0.61125	0.426275	0.927452	0.303131	1.77779	0.426319	0.927453	0.30313	1.7776
0.61375	0.426259	0.927486	0.303117	1.77777	0.426319	0.927453	0.30313	1.7776
0.61625	0.426255	0.927491	0.303115	1.77778	0.426319	0.927453	0.30313	1.7776
0.61875	0.426262	0.927468	0.303125	1.7778	0.426319	0.927453	0.30313	1.7776
0.62125	0.42627	0.927447	0.303134	1.77783	0.426319	0.927453	0.30313	1.7776
0.62375	0.426269	0.927443	0.303136	1.77784	0.426319	0.927453	0.30313	1.7776
0.62625	0.426256	0.927468	0.303124	1.77783	0.426319	0.927453	0.30313	1.7776
0.62875	0.426245	0.927485	0.303118	1.77784	0.426319	0.927453	0.30313	1.7776
0.63125	0.426246	0.927477	0.303121	1.77785	0.426319	0.927453	0.30313	1.7776
0.63375	0.426256	0.927446	0.303134	1.77788	0.426319	0.927453	0.30313	1.7776
0.63625	0.426262	0.927424	0.303144	1.77792	0.426319	0.927453	0.30313	1.7776
0.63875	0.42626	0.927421	0.303144	1.77793	0.426319	0.927453	0.30313	1.7776
0.64125	0.426241	0.927457	0.303129	1.77792	0.426319	0.927453	0.30313	1.7776
0.64375	0.426229	0.927474	0.303122	1.77793	0.426319	0.927453	0.30313	1.7776
0.64625	0.42623	0.927463	0.303127	1.77796	0.426319	0.927453	0.30313	1.7776
0.64875	0.426234	0.927441	0.303137	1.77799	0.426319	0.927453	0.30313	1.7776
0.65125	0.426232	0.927431	0.303141	1.77803	0.426319	0.927453	0.30313	1.7776
0.65375	0.426216	0.927457	0.30313	1.77803	0.426319	0.927453	0.30313	1.7776
0.65625	0.4262	0.927478	0.303121	1.77804	0.426319	0.927453	0.30313	1.7776
0.65875	0.426196	0.92747	0.303125	1.77808	0.426319	0.927453	0.30313	1.7776
0.66125	0.426197	0.927448	0.303133	1.77813	0.426319	0.927453	0.30313	1.7776
0.66375	0.426194	0.927436	0.303139	1.77817	0.426319	0.927453	0.30313	1.7776
0.66625	0.426174	0.92746	0.303128	1.77819	0.426319	0.927453	0.30313	1.7776
0.66875	0.42615	0.927493	0.303113	1.77821	0.426319	0.927453	0.30313	1.7776
0.67125	0.426135	0.927499	0.303112	1.77826	0.426319	0.927453	0.30313	1.7776
0.67375	0.426132	0.927475	0.303122	1.77833	0.426319	0.927453	0.30313	1.7776
0.67625	0.426133	0.927439	0.303138	1.77842	0.426319	0.927453	0.30313	1.7776
0.67875	0.426126	0.927418	0.303147	1.77851	0.426319	0.927453	0.30313	1.7776
0.68125	0.426101	0.927433	0.30314	1.77857	0.426319	0.927453	0.30313	1.7776
0.68375	0.426068	0.927464	0.303127	1.77863	0.426319	0.927453	0.30313	1.7776
0.68625	0.426041	0.927472	0.303123	1.77872	0.426319	0.927453	0.30313	1.7776
0.68875	0.426019	0.927455	0.303131	1.77886	0.426319	0.927453	0.30313	1.7776
0.69125	0.425992	0.927433	0.30314	1.77902	0.426319	0.927453	0.30313	1.7776
0.69375	0.425945	0.927435	0.303139	1.77921	0.426319	0.927453	0.30313	1.7776
0.69625	0.425875	0.927458	0.303129	1.77945	0.426319	0.927453	0.30313	1.7776
0.69875	0.425791	0.927466	0.303125	1.77977	0.426319	0.927453	0.30313	1.7776
0.70125	0.425689	0.92745	0.303133	1.78025	0.426319	0.927453	0.30313	1.7776
0.70375	0.425548	0.927432	0.30314	1.78088	0.426319	0.927453	0.30313	1.7776
0.70625	0.425343	0.927442	0.303136	1.78171	0.426319	0.927453	0.30313	1.7776
0.70875	0.425058	0.927475	0.303122	1.78283	0.426319	0.927453	0.30313	1.7776
0.71125	0.424685	0.927498	0.303113	1.78434	0.426319	0.927453	0.30313	1.7776
0.71375	0.424206	0.927488	0.303117	1.78638	0.426319	0.927453	0.30313	1.7776
0.71625	0.423612	0.927461	0.303129	1.78895	0.426319	0.927453	0.30313	1.7776
0.71875	0.423103	0.927441	0.303137	1.79116	0.426319	0.927453	0.30313	1.7776
0.72125	0.422778	0.927441	0.303137	1.79253	0.426319	0.927453	0.30313	1.7776
0.72375	0.422607	0.927459	0.303129	1.79321	0.426319	0.927453	0.30313	1.7776
0.72625	0.422553	0.927471	0.303124	1.7934	0.426319	0.927453	0.30313	1.7776
0.72875	0.422555	0.927462	0.303127	1.79342	0.426319	0.927453	0.30313	1.7776
0.73125	0.266201	0.927436	0.303136	2.84687	0.426319	0.927453	0.30313	1.7776
0.73375	0.266204	0.927421	0.303141	2.84688	0.265574	0.927453	0.30313	2.85354
0.73625	0.266197	0.927427	0.303139	2.84695	0.265574	0.927453	0.30313	2.85354
0.73875	0.266164	0.927453	0.303132	2.84723	0.265574	0.927453	0.30313	2.85354
0.74125	0.266092	0.927472	0.303127	2.84795	0.265574	0.927453	0.30313	2.85354
0.74375	0.265973	0.927472	0.303127	2.84922	0.265574	0.927453	0.30313	2.85354
0.74625	0.265819	0.927456	0.303132	2.85092	0.265574	0.927453	0.30313	2.85354
0.74875	0.265697	0.927435	0.303136	2.85228	0.265574	0.927453	0.30313	2.85354
0.75125	0.265618	0.927427	0.303137	2.85313	0.265574	0.927453	0.30313	2.85354
0.75375	0.26557	0.927442	0.303132	2.8536	0.265574	0.927453	0.30313	2.85354
0.75625	0.265541	0.927467	0.303126	2.85385	0.265574	0.927453	0.30313	2.85354
0.75875	0.265528	0.927484	0.303122	2.85395	0.265574	0.927453	0.30313	2.85354
0.76125	0.265526	0.927489	0.303121	2.85397	0.265574	0.927453	0.30313	2.85354
0.76375	0.265531	0.927469	0.303128	2.85398	0.265574	0.927453	0.30313	2.85354
0.76625	0.265538	0.927447	0.303134	2.85396	0.265574	0.927453	0.30313	2.85354
0.76875	0.265545	0.927441	0.303135	2.8539	0.265574	0.927453	0.30313	2.85354
0.77125	0.265549	0.92745	0.303132	2.85382	0.265574	0.927453	0.30313	2.85354
0.77375	0.265548	0.927476	0.303125	2.85377	0.265574	0.927453	0.30313	2.85354
0.77625	0.265547	0.927496	0.303119	2.85373	0.265574	0.927453	0.30313	2.85354
0.77875	0.265549	0.9275	0.303118	2.8537	0.265574	0.927453	0.30313	2.85354
0.78125	0.265555	0.927478	0.303125	2.85369	0.265574	0.927453	0.30313	2.85354
0.78375	0.265566	0.927435	0.303138	2.8537	0.265574	0.927453	0.30313	2.85354
0.78625	0.265573	0.92741	0.303146	2.8537	0.265574	0.927453	0.30313	2.85354
0.78875	0.265576	0.927409	0.303147	2.85367	0.265574	0.927453	0.30313	2.85354
0.79125	0.265574	0.927434	0.30314	2.85363	0.265574	0.927453	0.30313	2.85354
0.79375	0.265567	0.927472	0.303128	2.85359	0.265574	0.927453	0.30313	2.85354
0.79625	0.265564	0.927482	0.303124	2.85358	0.265574	0.927453	0.30313	2.85354
0.79875	0.265565	0.927473	0.303125	2.85359	0.265574	0.927453	0.30313	2.85354
0.80125	0.265571	0.927437	0.303135	2.85362	0.265574	0.927453	0.30313	2.85354
0.80375	0.265575	0.927417	0.303141	2.85363	0.265574	0.927453	0.30313	2.85354
0.80625	0.265575	0.927422	0.30314	2.85362	0.265574	0.927453	0.30313	2.85354
0.80875	0.26557	0.927456	0.30313	2.85358	0.265574	0.927453	0.30313	2.85354
0.81125	0.265566	0.927486	0.303122	2.85354	0.265574	0.927453	0.30313	2.85354
0.81375	0.265567	0.927489	0.303122	2.85354	0.265574	0.927453	0.30313	2.85354
0.81625	0.265573	0.927458	0.303132	2.85356	0.265574	0.927453	0.30313	2.85354
0.81875	0.26558	0.927424	0.303143	2.85359	0.265574	0.927453	0.30313	2.85354
0.82125	0.265579	0.927418	0.303144	2.85362	0.265574	0.927453	0.30313	2.85354
0.82375	0.265572	0.927444	0.303136	2.85361	0.265574	0.927453	0.30313	2.85354
0.82625	0.26556	0.927495	0.303118	2.85357	0.265574	0.927453	0.30313	2.85354
0.82875	0.265556	0.927521	0.30311	2.85354	0.265574	0.927453	0.30313	2.85354
0.83125	0.265557	0.927522	0.30311	2.85353	0.265574	0.927453	0.30313	2.85354
0.83375	0.265565	0.927494	0.303119	2.85353	0.265574	0.927453	0.30313	2.85354
0.83625	0.265579	0.92744	0.303137	2.85355	0.265574	0.927453	0.30313	2.85354
0.83875	0.265587	0.927407	0.303148	2.85356	0.265574	0.927453	0.30313	2.85354
0.84125	0.265588	0.927402	0.303152	2.85359	0.265574	0.927453	0.30313	2.85354
0.84375	0.265581	0.927432	0.303142	2.85358	0.265574	0.927453	0.30313	2.85354
0.84625	0.265568	0.927484	0.303126	2.85356	0.265574	0.927453	0.30313	2.85354
0.84875	0.265561	0.927505	0.303119	2.85358	0.265574	0.927453	0.30313	2.85354
0.85125	0.265561	0.927499	0.303119	2.85358	0.265574	0.927453	0.30313	2.85354
0.85375	0.265571	0.927447	0.303135	2.85361	0.265574	0.927453	0.30313	2.85354
0.85625	0.265583	0.927397	0.303151	2.85363	0.265574	0.927453	0.30313	2.85354
0.85875	0.265588	0.92739	0.303152	2.8536	0.265574	0.927453	0.30313	2.85354
0.86125	0.265581	0.927435	0.303138	2.85353	0.265574	0.927453	0.30313	2.85354
0.86375	0.265569	0.927507	0.303114	2.85344	0.265574	0.927453	0.30313	2.85354
0.86625	0.265563	0.927523	0.303109	2.85345	0.265574	0.927453	0.30313	2.85354
0.86875	0.265571	0.927478	0.303124	2.85352	0.265574	0.927453	0.30313	2.85354
0.87125	0.265585	0.927389	0.303154	2.85364	0.265574	0.927453	0.30313	2.85354
0.87375	0.265588	0.927364	0.303162	2.85369	0.265574	0.927453	0.30313	2.85354
0.87625	0.265578	0.927412	0.303147	2.85366	0.265574	0.927453	0.30313	2.85354
0.87875	0.265557	0.927516	0.303113	2.85356	0.265574	0.927453	0.30313	2.85354
0.88125	0.265555	0.927557	0.3031	2.85346	0.265574	0.927453	0.30313	2.85354
0.88375	0.265562	0.927541	0.303106	2.85345	0.265574	0.927453	0.30313	2.85354
0.88625	0.265578	0.927482	0.303126	2.85346	0.265574	0.927453	0.30313	2.85354
0.88875	0.265587	0.927441	0.303139	2.85348	0.265574	0.927453	0.30313	2.85354
0.89125	0.265589	0.927411	0.30315	2.85356	0.265574	0.927453	0.30313	2.85354
0.89375	0.265584	0.927401	0.303152	2.85363	0.265574	0.927453	0.30313	2.85354
0.89625	0.26557	0.92745	0.303138	2.85366	0.265574	0.927453	0.30313	2.85354
0.89875	0.265551	0.92752	0.303116	2.85365	0.265574	0.927453	0.30313	2.85354
0.90125	0.265549	0.927538	0.30311	2.85361	0.265574	0.927453	0.30313	2.85354
0.90375	0.265554	0.927541	0.303109	2.85355	0.265574	0.927453	0.30313	2.85354
0.90625	0.265578	0.927471	0.303132	2.85352	0.265574	0.927453	0.30313	2.85354
0.90875	0.265621	0.927309	0.303185	2.85355	0.265574	0.927453	0.30313	2.85354
0.91125	0.265617	0.927328	0.303178	2.85352	0.265574	0.927453	0.30313	2.85354
0.91375	0.265586	0.927472	0.303128	2.85339	0.265574	0.927453	0.30313	2.85354
0.91625	0.265576	0.927481	0.303126	2.85348	0.265574	0.927453	0.30313	2.85354
0.91875	0.265538	0.92759	0.303089	2.85354	0.265574	0.927453	0.30313	2.85354
0.92125	0.265521	0.927637	0.303073	2.85357	0.265574	0.927453	0.30313	2.85354
0.92375	0.26559	0.927322	0.30318	2.85383	0.265574	0.927453	0.30313	2.85354
0.92625	0.265609	0.927252	0.303207	2.85388	0.265574	0.927453	0.30313	2.85354
0.92875	0.26555	0.927455	0.303142	2.85391	0.265574	0.927453	0.30313	2.85354
0.93125	0.265629	0.927351	0.303148	2.85311	0.265574	0.927453	0.30313	2.85354
0.93375	0.265419	0.926821	0.302746	2.85158	0.265574	0.927453	0.30313	2.85354
0.93625	0.260154	0.904383	0.295056	2.83539	0.265574	0.927453	0.30313	2.85354
0.93875	0.194851	0.570877	0.196239	2.51781	0.125	0	0.1	2
0.94125	0.131507	0.0621914	0.107995	2.05302	0.125	0	0.1	2
0.94375	0.125196	0.00167689	0.100221	2.00127	0.125	0	0.1	2
0.94625	0.125004	3.13603e-05	0.100004	2.00002	0.125	0	0.1	2
0.94875	0.125	5.81832e-07	0.1	2	0.125	0	0.1	2
0.95125	0.125	1.07608e-08	0.1	2	0.125	0	0.1	2
0.95375	0.125	2.00441e-10	0.1	2	0.125	0	0.1	2
0.95625	0.125	3.71136e-12	0.1	2	0.125	0	0.1	2
0.95875	0.125	6.87952e-14	0.1	2	0.125	0	0.1	2
0.96125	0.125	1.23127e-15	0.1	2	0.125	0	0.1	2
0.96375	0.125	9.12149e-18	0.1	2	0.125	0	0.1	2
0.96625	0.125	0	0.1	2	0.125	0	0.1	2
0.96875	0.125	0	0.1	2	0.125	0	0.1	2
0.97125	0.125	0	0.1	2	0.125	0	0.1	2
0.97375	0.125	0	0.1	2	0.125	0	0.1	2
0.97625	0.125	0	0.1	2	0.125	0	0.1	2
0.97875	0.125	0	0.1	2	0.125	0	0.1	2
0.98125	0.125	0	0.1	2	0.125	0	0.1	2
0.98375	0.125	0	0.1	2	0.125	0	0.1	2
0.98625	0.125	0	0.1	2	0.125	0	0.1	2
0.98875	0.125	0	0.1	2	0.125	0	0.1	2
0.99125	0.125	0	0.1	2	0.125	0	0.1	2
0.99375	0.125	0	0.1	2	0.125	0	0.1	2
0.99625	0.125	0	0.1	2	0.125	0	0.1	2
0.99875	0.125	0	0.1	2	0.125	0	0.1	2
