x	rho	u	p	e	rho_Ex	u_Ex	p_Ex	e_Ex
0.0005	5.99924	19.5975	460.894	192.063	5.99924	19.5975	460.894	192.063
0.0015	5.99924	19.5975	460.894	192.063	5.99924	19.5975	460.894	192.063
0.0025	5.99924	19.5975	460.894	192.063	5.99924	19.5975	460.894	192.063
0.0035	5.99924	19.5975	460.894	192.063	5.99924	19.5975	460.894	192.063
0.0045	5.99924	19.5975	460.894	192.063	5.99924	19.5975	460.894	192.063
0.0055	5.99924	19.5975	460.894	192.063	5.99924	19.5975	460.894	192.063
0.0065	5.99924	19.5975	460.894	192.063	5.99924	19.5975	460.894	192.063
0.0075	5.99924	19.5975	460.894	192.063	5.99924	19.5975	460.894	192.063
0.0085	5.99924	19.5975	460.894	192.063	5.99924	19.5975	460.894	192.063
0.0095	5.99924	19.5975	460.894	192.063	5.99924	19.5975	460.894	192.063
0.0105	5.99924	19.5975	460.894	192.063	5.99924	19.5975	460.894	192.063
0.0115	5.99924	19.5975	460.894	192.063	5.99924	19.5975	460.894	192.063
0.0125	5.99924	19.5975	460.894	192.063	5.99924	19.5975	460.894	192.063
0.0135	5.99924	19.5975	460.894	192.063	5.99924	19.5975	460.894	192.063
0.0145	5.99924	19.5975	460.894	192.063	5.99924	19.5975	460.894	192.063
0.0155	5.99924	19.5975	460.894	192.063	5.99924	19.5975	460.894	192.063
0.0165	5.99924	19.5975	460.894	192.063	5.99924	19.5975	460.894	192.063
0.0175	5.99924	19.5975	460.894	192.063	5.99924	19.5975	460.894	192.063
0.0185	5.99924	19.5975	460.894	192.063	5.99924	19.5975	460.894	192.063
0.0195	5.99924	19.5975	460.894	192.063	5.99924	19.5975	460.894	192.063
0.0205	5.99924	19.5975	460.894	192.063	5.99924	19.5975	460.894	192.063
0.0215	5.99924	19.5975	460.894	192.063	5.99924	19.5975	460.894	192.063
0.0225	5.99924	19.5975	460.894	192.063	5.99924	19.5975	460.894	192.063
0.0235	5.99924	19.5975	460.894	192.063	5.99924	19.5975	460.894	192.063
0.0245	5.99924	19.5975	460.894	192.063	5.99924	19.5975	460.894	192.063
0.0255	5.99924	19.5975	460.894	192.063	5.99924	19.5975	460.894	192.063
0.0265	5.99924	19.5975	460.894	192.063	5.99924	19.5975	460.894	192.063
0.0275	5.99924	19.5975	460.894	192.063	5.99924	19.5975	460.894	192.063
0.0285	5.99924	19.5975	460.894	192.063	5.99924	19.5975	460.894	192.063
0.0295	5.99924	19.5975	460.894	192.063	5.99924	19.5975	460.894	192.063
0.0305	5.99924	19.5975	460.894	192.063	5.99924	19.5975	460.894	192.063
0.0315	5.99924	19.5975	460.894	192.063	5.99924	19.5975	460.894	192.063
0.0325	5.99924	19.5975	460.894	192.063	5.99924	19.5975	460.894	192.063
0.0335	5.99924	19.5975	460.894	192.063	5.99924	19.5975	460.894	192.063
0.0345	5.99924	19.5975	460.894	192.063	5.99924	19.5975	460.894	192.063
0.0355	5.99924	19.5975	460.894	192.063	5.99924	19.5975	460.894	192.063
0.0365	5.99924	19.5975	460.894	192.063	5.99924	19.5975	460.894	192.063
0.0375	5.99924	19.5975	460.894	192.063	5.99924	19.5975	460.894	192.063
0.0385	5.99924	19.5975	460.894	192.063	5.99924	19.5975	460.894	192.063
0.0395	5.99924	19.5975	460.894	192.063	5.99924	19.5975	460.894	192.063
0.0405	5.99924	19.5975	460.894	192.063	5.99924	19.5975	460.894	192.063
0.0415	5.99924	19.5975	460.894	192.063	5.99924	19.5975	460.894	192.063
0.0425	5.99924	19.5975	460.894	192.063	5.99924	19.5975	460.894	192.063
0.0435	5.99924	19.5975	460.894	192.063	5.99924	19.5975	460.894	192.063
0.0445	5.99924	19.5975	460.894	192.063	5.99924	19.5975	460.894	192.063
0.0455	5.99924	19.5975	460.894	192.063	5.99924	19.5975	460.894	192.063
0.0465	5.99924	19.5975	460.894	192.063	5.99924	19.5975	460.894	192.063
0.0475	5.99924	19.5975	460.894	192.063	5.99924	19.5975	460.894	192.063
0.0485	5.99924	19.5975	460.894	192.063	5.99924	19.5975	460.894	192.063
0.0495	5.99924	19.5975	460.894	192.063	5.99924	19.5975	460.894	192.063
0.0505	5.99924	19.5975	460.894	192.063	5.99924	19.5975	460.894	192.063
0.0515	5.99924	19.5975	460.894	192.063	5.99924	19.5975	460.894	192.063
0.0525	5.99924	19.5975	460.894	192.063	5.99924	19.5975	460.894	192.063
0.0535	5.99924	19.5975	460.894	192.063	5.99924	19.5975	460.894	192.063
0.0545	5.99924	19.5975	460.894	192.063	5.99924	19.5975	460.894	192.063
0.0555	5.99924	19.5975	460.894	192.063	5.99924	19.5975	460.894	192.063
0.0565	5.99924	19.5975	460.894	192.063	5.99924	19.5975	460.894	192.063
0.0575	5.99924	19.5975	460.894	192.063	5.99924	19.5975	460.894	192.063
0.0585	5.99924	19.5975	460.894	192.063	5.99924	19.5975	460.894	192.063
0.0595	5.99924	19.5975	460.894	192.063	5.99924	19.5975	460.894	192.063
0.0605	5.99924	19.5975	460.894	192.063	5.99924	19.5975	460.894	192.063
0.0615	5.99924	19.5975	460.894	192.063	5.99924	19.5975	460.894	192.063
0.0625	5.99924	19.5975	460.894	192.063	5.99924	19.5975	460.894	192.063
0.0635	5.99924	19.5975	460.894	192.063	5.99924	19.5975	460.894	192.063
0.0645	5.99924	19.5975	460.894	192.063	5.99924	19.5975	460.894	192.063
0.0655	5.99924	19.5975	460.894	192.063	5.99924	19.5975	460.894	192.063
0.0665	5.99924	19.5975	460.894	192.063	5.99924	19.5975	460.894	192.063
0.0675	5.99924	19.5975	460.894	192.063	5.99924	19.5975	460.894	192.063
0.0685	5.99924	19.5975	460.894	192.063	5.99924	19.5975	460.894	192.063
0.0695	5.99924	19.5975	460.894	192.063	5.99924	19.5975	460.894	192.063
0.0705	5.99924	19.5975	460.894	192.063	5.99924	19.5975	460.894	192.063
0.0715	5.99924	19.5975	460.894	192.063	5.99924	19.5975	460.894	192.063
0.0725	5.99924	19.5975	460.894	192.063	5.99924	19.5975	460.894	192.063
0.0735	5.99924	19.5975	460.894	192.063	5.99924	19.5975	460.894	192.063
0.0745	5.99924	19.5975	460.894	192.063	5.99924	19.5975	460.894	192.063
0.0755	5.99924	19.5975	460.894	192.063	5.99924	19.5975	460.894	192.063
0.0765	5.99924	19.5975	460.894	192.063	5.99924	19.5975	460.894	192.063
0.0775	5.99924	19.5975	460.894	192.063	5.99924	19.5975	460.894	192.063
0.0785	5.99924	19.5975	460.894	192.063	5.99924	19.5975	460.894	192.063
0.0795	5.99924	19.5975	460.894	192.063	5.99924	19.5975	460.894	192.063
0.0805	5.99924	19.5975	460.894	192.063	5.99924	19.5975	460.894	192.063
0.0815	5.99924	19.5975	460.894	192.063	5.99924	19.5975	460.894	192.063
0.0825	5.99924	19.5975	460.894	192.063	5.99924	19.5975	460.894	192.063
0.0835	5.99924	19.5975	460.894	192.063	5.99924	19.5975	460.894	192.063
0.0845	5.99924	19.5975	460.894	192.063	5.99924	19.5975	460.894	192.063
0.0855	5.99924	19.5975	460.894	192.063	5.99924	19.5975	460.894	192.063
0.0865	5.99924	19.5975	460.894	192.063	5.99924	19.5975	460.894	192.063
0.0875	5.99924	19.5975	460.894	192.063	5.99924	19.5975	460.894	192.063
0.0885	5.99924	19.5975	460.894	192.063	5.99924	19.5975	460.894	192.063
0.0895	5.99924	19.5975	460.894	192.063	5.99924	19.5975	460.894	192.063
0.0905	5.99924	19.5975	460.894	192.063	5.99924	19.5975	460.894	192.063
0.0915	5.99924	19.5975	460.894	192.063	5.99924	19.5975	460.894	192.063
0.0925	5.99924	19.5975	460.894	192.063	5.99924	19.5975	460.894	192.063
0.0935	5.99924	19.5975	460.894	192.063	5.99924	19.5975	460.894	192.063
0.0945	5.99924	19.5975	460.894	192.063	5.99924	19.5975	460.894	192.063
0.0955	5.99924	19.5975	460.894	192.063	5.99924	19.5975	460.894	192.063
0.0965	5.99924	19.5975	460.894	192.063	5.99924	19.5975	460.894	192.063
0.0975	5.99924	19.5975	460.894	192.063	5.99924	19.5975	460.894	192.063
0.0985	5.99924	19.5975	460.894	192.063	5.99924	19.5975	460.894	192.063
0.0995	5.99924	19.5975	460.894	192.063	5.99924	19.5975	460.894	192.063
0.1005	5.99924	19.5975	460.894	192.063	5.99924	19.5975	460.894	192.063
0.1015	5.99924	19.5975	460.894	192.063	5.99924	19.5975	460.894	192.063
0.1025	5.99924	19.5975	460.894	192.063	5.99924	19.5975	460.894	192.063
0.1035	5.99924	19.5975	460.894	192.063	5.99924	19.5975	460.894	192.063
0.1045	5.99924	19.5975	460.894	192.063	5.99924	19.5975	460.894	192.063
0.1055	5.99924	19.5975	460.894	192.063	5.99924	19.5975	460.894	192.063
0.1065	5.99924	19.5975	460.894	192.063	5.99924	19.5975	460.894	192.063
0.1075	5.99924	19.5975	460.894	192.063	5.99924	19.5975	460.894	192.063
0.1085	5.99924	19.5975	460.894	192.063	5.99924	19.5975	460.894	192.063
0.1095	5.99924	19.5975	460.894	192.063	5.99924	19.5975	460.894	192.063
0.1105	5.99924	19.5975	460.894	192.063	5.99924	19.5975	460.894	192.063
0.1115	5.99924	19.5975	460.894	192.063	5.99924	19.5975	460.894	192.063
0.1125	5.99924	19.5975	460.894	192.063	5.99924	19.5975	460.894	192.063
0.1135	5.99924	19.5975	460.894	192.063	5.99924	19.5975	460.894	192.063
0.1145	5.99924	19.5975	460.894	192.063	5.99924	19.5975	460.894	192.063
0.1155	5.99924	19.5975	460.894	192.063	5.99924	19.5975	460.894	192.063
0.1165	5.99924	19.5975	460.894	192.063	5.99924	19.5975	460.894	192.063
0.1175	5.99924	19.5975	460.894	192.063	5.99924	19.5975	460.894	192.063
0.1185	5.99924	19.5975	460.894	192.063	5.99924	19.5975	460.894	192.063
0.1195	5.99924	19.5975	460.894	192.063	5.99924	19.5975	460.894	192.063
0.1205	5.99924	19.5975	460.894	192.063	5.99924	19.5975	460.894	192.063
0.1215	5.99924	19.5975	460.894	192.063	5.99924	19.5975	460.894	192.063
0.1225	5.99924	19.5975	460.894	192.063	5.99924	19.5975	460.894	192.063
0.1235	5.99924	19.5975	460.894	192.063	5.99924	19.5975	460.894	192.063
0.1245	5.99924	19.5975	460.894	192.063	5.99924	19.5975	460.894	192.063
0.1255	5.99924	19.5975	460.894	192.063	5.99924	19.5975	460.894	192.063
0.1265	5.99924	19.5975	460.894	192.063	5.99924	19.5975	460.894	192.063
0.1275	5.99924	19.5975	460.894	192.063	5.99924	19.5975	460.894	192.063
0.1285	5.99924	19.5975	460.894	192.063	5.99924	19.5975	460.894	192.063
0.1295	5.99924	19.5975	460.894	192.063	5.99924	19.5975	460.894	192.063
0.1305	5.99924	19.5975	460.894	192.063	5.99924	19.5975	460.894	192.063
0.1315	5.99924	19.5975	460.894	192.063	5.99924	19.5975	460.894	192.063
0.1325	5.99924	19.5975	460.894	192.063	5.99924	19.5975	460.894	192.063
0.1335	5.99924	19.5975	460.894	192.063	5.99924	19.5975	460.894	192.063
0.1345	5.99924	19.5975	460.894	192.063	5.99924	19.5975	460.894	192.063
0.1355	5.99924	19.5975	460.894	192.063	5.99924	19.5975	460.894	192.063
0.1365	5.99924	19.5975	460.894	192.063	5.99924	19.5975	460.894	192.063
0.1375	5.99924	19.5975	460.894	192.063	5.99924	19.5975	460.894	192.063
0.1385	5.99924	19.5975	460.894	192.063	5.99924	19.5975	460.894	192.063
0.1395	5.99924	19.5975	460.894	192.063	5.99924	19.5975	460.894	192.063
0.1405	5.99924	19.5975	460.894	192.063	5.99924	19.5975	460.894	192.063
0.1415	5.99924	19.5975	460.894	192.063	5.99924	19.5975	460.894	192.063
0.1425	5.99924	19.5975	460.894	192.063	5.99924	19.5975	460.894	192.063
0.1435	5.99924	19.5975	460.894	192.063	5.99924	19.5975	460.894	192.063
0.1445	5.99924	19.5975	460.894	192.063	5.99924	19.5975	460.894	192.063
0.1455	5.99924	19.5975	460.894	192.063	5.99924	19.5975	460.894	192.063
0.1465	5.99924	19.5975	460.894	192.063	5.99924	19.5975	460.894	192.063
0.1475	5.99924	19.5975	460.894	192.063	5.99924	19.5975	460.894	192.063
0.1485	5.99924	19.5975	460.894	192.063	5.99924	19.5975	460.894	192.063
0.1495	5.99924	19.5975	460.894	192.063	5.99924	19.5975	460.894	192.063
0.1505	5.99924	19.5975	460.894	192.063	5.99924	19.5975	460.894	192.063
0.1515	5.99924	19.5975	460.894	192.063	5.99924	19.5975	460.894	192.063
0.1525	5.99924	19.5975	460.894	192.063	5.99924	19.5975	460.894	192.063
0.1535	5.99924	19.5975	460.894	192.063	5.99924	19.5975	460.894	192.063
0.1545	5.99924	19.5975	460.894	192.063	5.99924	19.5975	460.894	192.063
0.1555	5.99924	19.5975	460.894	192.063	5.99924	19.5975	460.894	192.063
0.1565	5.99924	19.5975	460.894	192.063	5.99924	19.5975	460.894	192.063
0.1575	5.99924	19.5975	460.894	192.063	5.99924	19.5975	460.894	192.063
0.1585	5.99924	19.5975	460.894	192.063	5.99924	19.5975	460.894	192.063
0.1595	5.99924	19.5975	460.894	192.063	5.99924	19.5975	460.894	192.063
0.1605	5.99924	19.5975	460.894	192.063	5.99924	19.5975	460.894	192.063
0.1615	5.99924	19.5975	460.894	192.063	5.99924	19.5975	460.894	192.063
0.1625	5.99924	19.5975	460.894	192.063	5.99924	19.5975	460.894	192.063
0.1635	5.99924	19.5975	460.894	192.063	5.99924	19.5975	460.894	192.063
0.1645	5.99924	19.5975	460.894	192.063	5.99924	19.5975	460.894	192.063
0.1655	5.99924	19.5975	460.894	192.063	5.99924	19.5975	460.894	192.063
0.1665	5.99924	19.5975	460.894	192.063	5.99924	19.5975	460.894	192.063
0.1675	5.99924	19.5975	460.894	192.063	5.99924	19.5975	460.894	192.063
0.1685	5.99924	19.5975	460.894	192.063	5.99924	19.5975	460.894	192.063
0.1695	5.99924	19.5975	460.894	192.063	5.99924	19.5975	460.894	192.063
0.1705	5.99924	19.5975	460.894	192.063	5.99924	19.5975	460.894	192.063
0.1715	5.99924	19.5975	460.894	192.063	5.99924	19.5975	460.894	192.063
0.1725	5.99924	19.5975	460.894	192.063	5.99924	19.5975	460.894	192.063
0.1735	5.99924	19.5975	460.894	192.063	5.99924	19.5975	460.894	192.063
0.1745	5.99924	19.5975	460.894	192.063	5.99924	19.5975	460.894	192.063
0.1755	5.99924	19.5975	460.894	192.063	5.99924	19.5975	460.894	192.063
0.1765	5.99924	19.5975	460.894	192.063	5.99924	19.5975	460.894	192.063
0.1775	5.99924	19.5975	460.894	192.063	5.99924	19.5975	460.894	192.063
0.1785	5.99924	19.5975	460.894	192.063	5.99924	19.5975	460.894	192.063
0.1795	5.99924	19.5975	460.894	192.063	5.99924	19.5975	460.894	192.063
0.1805	5.99924	19.5975	460.894	192.063	5.99924	19.5975	460.894	192.063
0.1815	5.99924	19.5975	460.894	192.063	5.99924	19.5975	460.894	192.063
0.1825	5.99924	19.5975	460.894	192.063	5.99924	19.5975	460.894	192.063
0.1835	5.99924	19.5975	460.894	192.063	5.99924	19.5975	460.894	192.063
0.1845	5.99924	19.5975	460.894	192.063	5.99924	19.5975	460.894	192.063
0.1855	5.99924	19.5975	460.894	192.063	5.99924	19.5975	460.894	192.063
0.1865	5.99924	19.5975	460.894	192.063	5.99924	19.5975	460.894	192.063
0.1875	5.99924	19.5975	460.894	192.063	5.99924	19.5975	460.894	192.063
0.1885	5.99924	19.5975	460.894	192.063	5.99924	19.5975	460.894	192.063
0.1895	5.99924	19.5975	460.894	192.063	5.99924	19.5975	460.894	192.063
0.1905	5.99924	19.5975	460.894	192.063	5.99924	19.5975	460.894	192.063
0.1915	5.99924	19.5975	460.894	192.063	5.99924	19.5975	460.894	192.063
0.1925	5.99924	19.5975	460.894	192.063	5.99924	19.5975	460.894	192.063
0.1935	5.99924	19.5975	460.894	192.063	5.99924	19.5975	460.894	192.063
0.1945	5.99924	19.5975	460.894	192.063	5.99924	19.5975	460.894	192.063
0.1955	5.99924	19.5975	460.894	192.063	5.99924	19.5975	460.894	192.063
0.1965	5.99924	19.5975	460.894	192.063	5.99924	19.5975	460.894	192.063
0.1975	5.99924	19.5975	460.894	192.063	5.99924	19.5975	460.894	192.063
0.1985	5.99924	19.5975	460.894	192.063	5.99924	19.5975	460.894	192.063
0.1995	5.99924	19.5975	460.894	192.063	5.99924	19.5975	460.894	192.063
0.2005	5.99924	19.5975	460.894	192.063	5.99924	19.5975	460.894	192.063
0.2015	5.99924	19.5975	460.894	192.063	5.99924	19.5975	460.894	192.063
0.2025	5.99924	19.5975	460.894	192.063	5.99924	19.5975	460.894	192.063
0.2035	5.99924	19.5975	460.894	192.063	5.99924	19.5975	460.894	192.063
0.2045	5.99924	19.5975	460.894	192.063	5.99924	19.5975	460.894	192.063
0.2055	5.99924	19.5975	460.894	192.063	5.99924	19.5975	460.894	192.063
0.2065	5.99924	19.5975	460.894	192.063	5.99924	19.5975	460.894	192.063
0.2075	5.99924	19.5975	460.894	192.063	5.99924	19.5975	460.894	192.063
0.2085	5.99924	19.5975	460.894	192.063	5.99924	19.5975	460.894	192.063
0.2095	5.99924	19.5975	460.894	192.063	5.99924	19.5975	460.894	192.063
0.2105	5.99924	19.5975	460.894	192.063	5.99924	19.5975	460.894	192.063
0.2115	5.99924	19.5975	460.894	192.063	5.99924	19.5975	460.894	192.063
0.2125	5.99924	19.5975	460.894	192.063	5.99924	19.5975	460.894	192.063
0.2135	5.99924	19.5975	460.894	192.063	5.99924	19.5975	460.894	192.063
0.2145	5.99924	19.5975	460.894	192.063	5.99924	19.5975	460.894	192.063
0.2155	5.99924	19.5975	460.894	192.063	5.99924	19.5975	460.894	192.063
0.2165	5.99924	19.5975	460.894	192.063	5.99924	19.5975	460.894	192.063
0.2175	5.99924	19.5975	460.894	192.063	5.99924	19.5975	460.894	192.063
0.2185	5.99924	19.5975	460.894	192.063	5.99924	19.5975	460.894	192.063
0.2195	5.99924	19.5975	460.894	192.063	5.99924	19.5975	460.894	192.063
0.2205	5.99924	19.5975	460.894	192.063	5.99924	19.5975	460.894	192.063
0.2215	5.99924	19.5975	460.894	192.063	5.99924	19.5975	460.894	192.063
0.2225	5.99924	19.5975	460.894	192.063	5.99924	19.5975	460.894	192.063
0.2235	5.99924	19.5975	460.894	192.063	5.99924	19.5975	460.894	192.063
0.2245	5.99924	19.5975	460.894	192.063	5.99924	19.5975	460.894	192.063
0.2255	5.99924	19.5975	460.894	192.063	5.99924	19.5975	460.894	192.063
0.2265	5.99924	19.5975	460.894	192.063	5.99924	19.5975	460.894	192.063
0.2275	5.99924	19.5975	460.894	192.063	5.99924	19.5975	460.894	192.063
0.2285	5.99924	19.5975	460.894	192.063	5.99924	19.5975	460.894	192.063
0.2295	5.99924	19.5975	460.894	192.063	5.99924	19.5975	460.894	192.063
0.2305	5.99924	19.5975	460.894	192.063	5.99924	19.5975	460.894	192.063
0.2315	5.99924	19.5975	460.894	192.063	5.99924	19.5975	460.894	192.063
0.2325	5.99924	19.5975	460.894	192.063	5.99924	19.5975	460.894	192.063
0.2335	5.99924	19.5975	460.894	192.063	5.99924	19.5975	460.894	192.063
0.2345	5.99924	19.5975	460.894	192.063	5.99924	19.5975	460.894	192.063
0.2355	5.99924	19.5975	460.894	192.063	5.99924	19.5975	460.894	192.063
0.2365	5.99924	19.5975	460.894	192.063	5.99924	19.5975	460.894	192.063
0.2375	5.99924	19.5975	460.894	192.063	5.99924	19.5975	460.894	192.063
0.2385	5.99924	19.5975	460.894	192.063	5.99924	19.5975	460.894	192.063
0.2395	5.99924	19.5975	460.894	192.063	5.99924	19.5975	460.894	192.063
0.2405	5.99924	19.5975	460.894	192.063	5.99924	19.5975	460.894	192.063
0.2415	5.99924	19.5975	460.894	192.063	5.99924	19.5975	460.894	192.063
0.2425	5.99924	19.5975	460.894	192.063	5.99924	19.5975	460.894	192.063
0.2435	5.99924	19.5975	460.894	192.063	5.99924	19.5975	460.894	192.063
0.2445	5.99924	19.5975	460.894	192.063	5.99924	19.5975	460.894	192.063
0.2455	5.99924	19.5975	460.894	192.063	5.99924	19.5975	460.894	192.063
0.2465	5.99924	19.5975	460.894	192.063	5.99924	19.5975	460.894	192.063
0.2475	5.99924	19.5975	460.894	192.063	5.99924	19.5975	460.894	192.063
0.2485	5.99924	19.5975	460.894	192.063	5.99924	19.5975	460.894	192.063
0.2495	5.99924	19.5975	460.894	192.063	5.99924	19.5975	460.894	192.063
0.2505	5.99924	19.5975	460.894	192.063	5.99924	19.5975	460.894	192.063
0.2515	5.99924	19.5975	460.894	192.063	5.99924	19.5975	460.894	192.063
0.2525	5.99924	19.5975	460.894	192.063	5.99924	19.5975	460.894	192.063
0.2535	5.99924	19.5975	460.894	192.063	5.99924	19.5975	460.894	192.063
0.2545	5.99924	19.5975	460.894	192.063	5.99924	19.5975	460.894	192.063
0.2555	5.99924	19.5975	460.894	192.063	5.99924	19.5975	460.894	192.063
0.2565	5.99924	19.5975	460.894	192.063	5.99924	19.5975	460.894	192.063
0.2575	5.99924	19.5975	460.894	192.063	5.99924	19.5975	460.894	192.063
0.2585	5.99924	19.5975	460.894	192.063	5.99924	19.5975	460.894	192.063
0.2595	5.99924	19.5975	460.894	192.063	5.99924	19.5975	460.894	192.063
0.2605	5.99924	19.5975	460.894	192.063	5.99924	19.5975	460.894	192.063
0.2615	5.99924	19.5975	460.894	192.063	5.99924	19.5975	460.894	192.063
0.2625	5.99924	19.5975	460.894	192.063	5.99924	19.5975	460.894	192.063
0.2635	5.99924	19.5975	460.894	192.063	5.99924	19.5975	460.894	192.063
0.2645	5.99924	19.5975	460.894	192.063	5.99924	19.5975	460.894	192.063
0.2655	5.99924	19.5975	460.894	192.063	5.99924	19.5975	460.894	192.063
0.2665	5.99924	19.5975	460.894	192.063	5.99924	19.5975	460.894	192.063
0.2675	5.99924	19.5975	460.894	192.063	5.99924	19.5975	460.894	192.063
0.2685	5.99924	19.5975	460.894	192.063	5.99924	19.5975	460.894	192.063
0.2695	5.99924	19.5975	460.894	192.063	5.99924	19.5975	460.894	192.063
0.2705	5.99924	19.5975	460.894	192.063	5.99924	19.5975	460.894	192.063
0.2715	5.99924	19.5975	460.894	192.063	5.99924	19.5975	460.894	192.063
0.2725	5.99924	19.5975	460.894	192.063	5.99924	19.5975	460.894	192.063
0.2735	5.99924	19.5975	460.894	192.063	5.99924	19.5975	460.894	192.063
0.2745	5.99924	19.5975	460.894	192.063	5.99924	19.5975	460.894	192.063
0.2755	5.99924	19.5975	460.894	192.063	5.99924	19.5975	460.894	192.063
0.2765	5.99924	19.5975	460.894	192.063	5.99924	19.5975	460.894	192.063
0.2775	5.99924	19.5975	460.894	192.063	5.99924	19.5975	460.894	192.063
0.2785	5.99924	19.5975	460.894	192.063	5.99924	19.5975	460.894	192.063
0.2795	5.99924	19.5975	460.894	192.063	5.99924	19.5975	460.894	192.063
0.2805	5.99924	19.5975	460.894	192.063	5.99924	19.5975	460.894	192.063
0.2815	5.99924	19.5975	460.894	192.063	5.99924	19.5975	460.894	192.063
0.2825	5.99924	19.5975	460.894	192.063	5.99924	19.5975	460.894	192.063
0.2835	5.99924	19.5975	460.894	192.063	5.99924	19.5975	460.894	192.063
0.2845	5.99924	19.5975	460.894	192.063	5.99924	19.5975	460.894	192.063
0.2855	5.99924	19.5975	460.894	192.063	5.99924	19.5975	460.894	192.063
0.2865	5.99924	19.5975	460.894	192.063	5.99924	19.5975	460.894	192.063
0.2875	5.99924	19.5975	460.894	192.063	5.99924	19.5975	460.894	192.063
0.2885	5.99924	19.5975	460.894	192.063	5.99924	19.5975	460.894	192.063
0.2895	5.99924	19.5975	460.894	192.063	5.99924	19.5975	460.894	192.063
0.2905	5.99924	19.5975	460.894	192.063	5.99924	19.5975	460.894	192.063
0.2915	5.99924	19.5975	460.894	192.063	5.99924	19.5975	460.894	192.063
0.2925	5.99924	19.5975	460.894	192.063	5.99924	19.5975	460.894	192.063
0.2935	5.99924	19.5975	460.894	192.063	5.99924	19.5975	460.894	192.063
0.2945	5.99924	19.5975	460.894	192.063	5.99924	19.5975	460.894	192.063
0.2955	5.99924	19.5975	460.894	192.063	5.99924	19.5975	460.894	192.063
0.2965	5.99924	19.5975	460.894	192.063	5.99924	19.5975	460.894	192.063
0.2975	5.99924	19.5975	460.894	192.063	5.99924	19.5975	460.894	192.063
0.2985	5.99924	19.5975	460.894	192.063	5.99924	19.5975	460.894	192.063
0.2995	5.99924	19.5975	460.894	192.063	5.99924	19.5975	460.894	192.063
0.3005	5.99924	19.5975	460.894	192.063	5.99924	19.5975	460.894	192.063
0.3015	5.99924	19.5975	460.894	192.063	5.99924	19.5975	460.894	192.063
0.3025	5.99924	19.5975	460.894	192.063	5.99924	19.5975	460.894	192.063
0.3035	5.99924	19.5975	460.894	192.063	5.99924	19.5975	460.894	192.063
0.3045	5.99924	19.5975	460.894	192.063	5.99924	19.5975	460.894	192.063
0.3055	5.99924	19.5975	460.894	192.063	5.99924	19.5975	460.894	192.063
0.3065	5.99924	19.5975	460.894	192.063	5.99924	19.5975	460.894	192.063
0.3075	5.99924	19.5975	460.894	192.063	5.99924	19.5975	460.894	192.063
0.3085	5.99924	19.5975	460.894	192.063	5.99924	19.5975	460.894	192.063
0.3095	5.99924	19.5975	460.894	192.063	5.99924	19.5975	460.894	192.063
0.3105	5.99924	19.5975	460.894	192.063	5.99924	19.5975	460.894	192.063
0.3115	5.99924	19.5975	460.894	192.063	5.99924	19.5975	460.894	192.063
0.3125	5.99924	19.5975	460.894	192.063	5.99924	19.5975	460.894	192.063
0.3135	5.99924	19.5975	460.894	192.063	5.99924	19.5975	460.894	192.063
0.3145	5.99924	19.5975	460.894	192.063	5.99924	19.5975	460.894	192.063
0.3155	5.99924	19.5975	460.894	192.063	5.99924	19.5975	460.894	192.063
0.3165	5.99924	19.5975	460.894	192.063	5.99924	19.5975	460.894	192.063
0.3175	5.99924	19.5975	460.894	192.063	5.99924	19.5975	460.894	192.063
0.3185	5.99924	19.5975	460.894	192.063	5.99924	19.5975	460.894	192.063
0.3195	5.99924	19.5975	460.894	192.063	5.99924	19.5975	460.894	192.063
0.3205	5.99924	19.5975	460.894	192.063	5.99924	19.5975	460.894	192.063
0.3215	5.99924	19.5975	460.894	192.063	5.99924	19.5975	460.894	192.063
0.3225	5.99924	19.5975	460.894	192.063	5.99924	19.5975	460.894	192.063
0.3235	5.99924	19.5975	460.894	192.063	5.99924	19.5975	460.894	192.063
0.3245	5.99924	19.5975	460.894	192.063	5.99924	19.5975	460.894	192.063
0.3255	5.99924	19.5975	460.894	192.063	5.99924	19.5975	460.894	192.063
0.3265	5.99924	19.5975	460.894	192.063	5.99924	19.5975	460.894	192.063
0.3275	5.99924	19.5975	460.894	192.063	5.99924	19.5975	460.894	192.063
0.3285	5.99924	19.5975	460.894	192.063	5.99924	19.5975	460.894	192.063
0.3295	5.99924	19.5975	460.894	192.063	5.99924	19.5975	460.894	192.063
0.3305	5.99924	19.5975	460.894	192.063	5.99924	19.5975	460.894	192.063
0.3315	5.99924	19.5975	460.894	192.063	5.99924	19.5975	460.894	192.063
0.3325	5.99924	19.5975	460.894	192.063	5.99924	19.5975	460.894	192.063
0.3335	5.99924	19.5975	460.894	192.063	5.99924	19.5975	460.894	192.063
0.3345	5.99924	19.5975	460.894	192.063	5.99924	19.5975	460.894	192.063
0.3355	5.99924	19.5975	460.894	192.063	5.99924	19.5975	460.894	192.063
0.3365	5.99924	19.5975	460.894	192.063	5.99924	19.5975	460.894	192.063
0.3375	5.99924	19.5975	460.894	192.063	5.99924	19.5975	460.894	192.063
0.3385	5.99924	19.5975	460.894	192.063	5.99924	19.5975	460.894	192.063
0.3395	5.99924	19.5975	460.894	192.063	5.99924	19.5975	460.894	192.063
0.3405	5.99924	19.5975	460.894	192.063	5.99924	19.5975	460.894	192.063
0.3415	5.99924	19.5975	460.894	192.063	5.99924	19.5975	460.894	192.063
0.3425	5.99924	19.5975	460.894	192.063	5.99924	19.5975	460.894	192.063
0.3435	5.99924	19.5975	460.894	192.063	5.99924	19.5975	460.894	192.063
0.3445	5.99924	19.5975	460.894	192.063	5.99924	19.5975	460.894	192.063
0.3455	5.99924	19.5975	460.894	192.063	5.99924	19.5975	460.894	192.063
0.3465	5.99924	19.5975	460.894	192.063	5.99924	19.5975	460.894	192.063
0.3475	5.99924	19.5975	460.894	192.063	5.99924	19.5975	460.894	192.063
0.3485	5.99924	19.5975	460.894	192.063	5.99924	19.5975	460.894	192.063
0.3495	5.99924	19.5975	460.894	192.063	5.99924	19.5975	460.894	192.063
0.3505	5.99924	19.5975	460.894	192.063	5.99924	19.5975	460.894	192.063
0.3515	5.99924	19.5975	460.894	192.063	5.99924	19.5975	460.894	192.063
0.3525	5.99924	19.5975	460.894	192.063	5.99924	19.5975	460.894	192.063
0.3535	5.99924	19.5975	460.894	192.063	5.99924	19.5975	460.894	192.063
0.3545	5.99924	19.5975	460.894	192.063	5.99924	19.5975	460.894	192.063
0.3555	5.99924	19.5975	460.894	192.063	5.99924	19.5975	460.894	192.063
0.3565	5.99924	19.5975	460.894	192.063	5.99924	19.5975	460.894	192.063
0.3575	5.99924	19.5975	460.894	192.063	5.99924	19.5975	460.894	192.063
0.3585	5.99924	19.5975	460.894	192.063	5.99924	19.5975	460.894	192.063
0.3595	5.99924	19.5975	460.894	192.063	5.99924	19.5975	460.894	192.063
0.3605	5.99924	19.5975	460.894	192.063	5.99924	19.5975	460.894	192.063
0.3615	5.99924	19.5975	460.894	192.063	5.99924	19.5975	460.894	192.063
0.3625	5.99924	19.5975	460.894	192.063	5.99924	19.5975	460.894	192.063
0.3635	5.99924	19.5975	460.894	192.063	5.99924	19.5975	460.894	192.063
0.3645	5.99924	19.5975	460.894	192.063	5.99924	19.5975	460.894	192.063
0.3655	5.99924	19.5975	460.894	192.063	5.99924	19.5975	460.894	192.063
0.3665	5.99924	19.5975	460.894	192.063	5.99924	19.5975	460.894	192.063
0.3675	5.99924	19.5975	460.894	192.063	5.99924	19.5975	460.894	192.063
0.3685	5.99924	19.5975	460.894	192.063	5.99924	19.5975	460.894	192.063
0.3695	5.99924	19.5975	460.894	192.063	5.99924	19.5975	460.894	192.063
0.3705	5.99924	19.5975	460.894	192.063	5.99924	19.5975	460.894	192.063
0.3715	5.99924	19.5975	460.894	192.063	5.99924	19.5975	460.894	192.063
0.3725	5.99924	19.5975	460.894	192.063	5.99924	19.5975	460.894	192.063
0.3735	5.99924	19.5975	460.894	192.063	5.99924	19.5975	460.894	192.063
0.3745	5.99924	19.5975	460.894	192.063	5.99924	19.5975	460.894	192.063
0.3755	5.99924	19.5975	460.894	192.063	5.99924	19.5975	460.894	192.063
0.3765	5.99924	19.5975	460.894	192.063	5.99924	19.5975	460.894	192.063
0.3775	5.99924	19.5975	460.894	192.063	5.99924	19.5975	460.894	192.063
0.3785	5.99924	19.5975	460.894	192.063	5.99924	19.5975	460.894	192.063
0.3795	5.99924	19.5975	460.894	192.063	5.99924	19.5975	460.894	192.063
0.3805	5.99924	19.5975	460.894	192.063	5.99924	19.5975	460.894	192.063
0.3815	5.99924	19.5975	460.894	192.063	5.99924	19.5975	460.894	192.063
0.3825	5.99924	19.5975	460.894	192.063	5.99924	19.5975	460.894	192.063
0.3835	5.99924	19.5975	460.894	192.063	5.99924	19.5975	460.894	192.063
0.3845	5.99924	19.5975	460.894	192.063	5.99924	19.5975	460.894	192.063
0.3855	5.99924	19.5975	460.894	192.063	5.99924	19.5975	460.894	192.063
0.3865	5.99924	19.5975	460.894	192.063	5.99924	19.5975	460.894	192.063
0.3875	5.99924	19.5975	460.894	192.063	5.99924	19.5975	460.894	192.063
0.3885	5.99924	19.5975	460.894	192.063	5.99924	19.5975	460.894	192.063
0.3895	5.99924	19.5975	460.894	192.063	5.99924	19.5975	460.894	192.063
0.3905	5.99924	19.5975	460.894	192.063	5.99924	19.5975	460.894	192.063
0.3915	5.99924	19.5975	460.894	192.063	5.99924	19.5975	460.894	192.063
0.3925	5.99924	19.5975	460.894	192.063	5.99924	19.5975	460.894	192.063
0.3935	5.99924	19.5975	460.894	192.063	5.99924	19.5975	460.894	192.063
0.3945	5.99924	19.5975	460.894	192.063	5.99924	19.5975	460.894	192.063
0.3955	5.99924	19.5975	460.894	192.063	5.99924	19.5975	460.894	192.063
0.3965	5.99924	19.5975	460.894	192.063	5.99924	19.5975	460.894	192.063
0.3975	5.99924	19.5975	460.894	192.063	5.99924	19.5975	460.894	192.063
0.3985	5.99924	19.5975	460.894	192.063	5.99924	19.5975	460.894	192.063
0.3995	5.99924	19.5975	460.894	192.063	5.99924	19.5975	460.894	192.063
0.4005	5.99924	19.5975	460.894	192.063	5.99924	19.5975	460.894	192.063
0.4015	5.99924	19.5975	460.894	192.063	5.99924	19.5975	460.894	192.063
0.4025	5.99924	19.5975	460.894	192.063	5.99924	19.5975	460.894	192.063
0.4035	5.99924	19.5975	460.894	192.063	5.99924	19.5975	460.894	192.063
0.4045	5.99924	19.5975	460.894	192.063	5.99924	19.5975	460.894	192.063
0.4055	5.99924	19.5975	460.894	192.063	5.99924	19.5975	460.894	192.063
0.4065	5.99924	19.5975	460.894	192.063	5.99924	19.5975	460.894	192.063
0.4075	5.99924	19.5975	460.894	192.063	5.99924	19.5975	460.894	192.063
0.4085	5.99924	19.5975	460.894	192.063	5.99924	19.5975	460.894	192.063
0.4095	5.99924	19.5975	460.894	192.063	5.99924	19.5975	460.894	192.063
0.4105	5.99924	19.5975	460.894	192.063	5.99924	19.5975	460.894	192.063
0.4115	5.99924	19.5975	460.894	192.063	5.99924	19.5975	460.894	192.063
0.4125	5.99924	19.5975	460.894	192.063	5.99924	19.5975	460.894	192.063
0.4135	5.99924	19.5975	460.894	192.063	5.99924	19.5975	460.894	192.063
0.4145	5.99924	19.5975	460.894	192.063	5.99924	19.5975	460.894	192.063
0.4155	5.99924	19.5975	460.894	192.063	5.99924	19.5975	460.894	192.063
0.4165	5.99924	19.5975	460.894	192.063	5.99924	19.5975	460.894	192.063
0.4175	5.99924	19.5975	460.894	192.063	5.99924	19.5975	460.894	192.063
0.4185	5.99924	19.5975	460.894	192.063	5.99924	19.5975	460.894	192.063
0.4195	5.99924	19.5975	460.894	192.063	5.99924	19.5975	460.894	192.063
0.4205	5.99924	19.5975	460.894	192.063	5.99924	19.5975	460.894	192.063
0.4215	5.99924	19.5975	460.894	192.063	5.99924	19.5975	460.894	192.063
0.4225	5.99924	19.5975	460.894	192.063	5.99924	19.5975	460.894	192.063
0.4235	5.99924	19.5975	460.894	192.063	5.99924	19.5975	460.894	192.063
0.4245	5.99924	19.5975	460.894	192.063	5.99924	19.5975	460.894	192.063
0.4255	5.99924	19.5975	460.894	192.063	5.99924	19.5975	460.894	192.063
0.4265	5.99924	19.5975	460.894	192.063	5.99924	19.5975	460.894	192.063
0.4275	5.99924	19.5975	460.894	192.063	5.99924	19.5975	460.894	192.063
0.4285	5.99924	19.5975	460.894	192.063	5.99924	19.5975	460.894	192.063
0.4295	5.99924	19.5975	460.894	192.063	5.99924	19.5975	460.894	192.063
0.4305	5.99924	19.5975	460.894	192.063	5.99924	19.5975	460.894	192.063
0.4315	5.99924	19.5975	460.894	192.063	5.99924	19.5975	460.894	192.063
0.4325	5.99924	19.5975	460.894	192.063	5.99924	19.5975	460.894	192.063
0.4335	5.99924	19.5975	460.894	192.063	5.99924	19.5975	460.894	192.063
0.4345	5.99924	19.5975	460.894	192.063	5.99924	19.5975	460.894	192.063
0.4355	5.99924	19.5975	460.894	192.063	5.99924	19.5975	460.894	192.063
0.4365	5.99924	19.5975	460.894	192.063	5.99924	19.5975	460.894	192.063
0.4375	5.99924	19.5975	460.894	192.063	5.99924	19.5975	460.894	192.063
0.4385	5.99924	19.5975	460.894	192.063	5.99924	19.5975	460.894	192.063
0.4395	5.99924	19.5975	460.894	192.063	5.99924	19.5975	460.894	192.063
0.4405	5.99924	19.5975	460.894	192.063	5.99924	19.5975	460.894	192.063
0.4415	5.99924	19.5975	460.894	192.063	5.99924	19.5975	460.894	192.063
0.4425	5.99924	19.5975	460.894	192.063	5.99924	19.5975	460.894	192.063
0.4435	5.99924	19.5975	460.894	192.063	5.99924	19.5975	460.894	192.063
0.4445	5.99924	19.5975	460.894	192.063	5.99924	19.5975	460.894	192.063
0.4455	5.99924	19.5975	460.894	192.063	5.99924	19.5975	460.894	192.063
0.4465	5.99924	19.5975	460.894	192.063	5.99924	19.5975	460.894	192.063
0.4475	5.99924	19.5975	460.894	192.063	5.99924	19.5975	460.894	192.063
0.4485	5.99924	19.5975	460.894	192.063	5.99924	19.5975	460.894	192.063
0.4495	5.99924	19.5975	460.894	192.063	5.99924	19.5975	460.894	192.063
0.4505	5.99924	19.5975	460.894	192.063	5.99924	19.5975	460.894	192.063
0.4515	5.99924	19.5975	460.894	192.063	5.99924	19.5975	460.894	192.063
0.4525	5.99924	19.5975	460.894	192.063	5.99924	19.5975	460.894	192.063
0.4535	5.99924	19.5975	460.894	192.063	5.99924	19.5975	460.894	192.063
0.4545	5.99924	19.5975	460.894	192.063	5.99924	19.5975	460.894	192.063
0.4555	5.99924	19.5975	460.894	192.063	5.99924	19.5975	460.894	192.063
0.4565	5.99924	19.5975	460.894	192.063	5.99924	19.5975	460.894	192.063
0.4575	5.99924	19.5975	460.894	192.063	5.99924	19.5975	460.894	192.063
0.4585	5.99924	19.5975	460.894	192.063	5.99924	19.5975	460.894	192.063
0.4595	5.99924	19.5975	460.894	192.063	5.99924	19.5975	460.894	192.063
0.4605	5.99924	19.5975	460.894	192.063	5.99924	19.5975	460.894	192.063
0.4615	5.99924	19.5975	460.894	192.063	5.99924	19.5975	460.894	192.063
0.4625	5.99924	19.5975	460.894	192.063	5.99924	19.5975	460.894	192.063
0.4635	5.99924	19.5975	460.894	192.063	5.99924	19.5975	460.894	192.063
0.4645	5.99924	19.5975	460.894	192.063	5.99924	19.5975	460.894	192.063
0.4655	5.99924	19.5975	460.894	192.063	5.99924	19.5975	460.894	192.063
0.4665	5.99924	19.5975	460.894	192.063	5.99924	19.5975	460.894	192.063
0.4675	5.99924	19.5975	460.894	192.063	5.99924	19.5975	460.894	192.063
0.4685	5.99924	19.5975	460.894	192.063	5.99924	19.5975	460.894	192.063
0.4695	5.99924	19.5975	460.894	192.063	5.99924	19.5975	460.894	192.063
0.4705	5.99924	19.5975	460.894	192.063	5.99924	19.5975	460.894	192.063
0.4715	5.99924	19.5975	460.894	192.063	5.99924	19.5975	460.894	192.063
0.4725	5.99924	19.5975	460.894	192.063	5.99924	19.5975	460.894	192.063
0.4735	5.99924	19.5975	460.894	192.063	5.99924	19.5975	460.894	192.063
0.4745	5.99924	19.5975	460.894	192.063	5.99924	19.5975	460.894	192.063
0.4755	5.99924	19.5975	460.894	192.063	5.99924	19.5975	460.894	192.063
0.4765	5.99924	19.5975	460.894	192.063	5.99924	19.5975	460.894	192.063
0.4775	5.99924	19.5975	460.894	192.063	5.99924	19.5975	460.894	192.063
0.4785	5.99924	19.5975	460.894	192.063	5.99924	19.5975	460.894	192.063
0.4795	5.99924	19.5975	460.894	192.063	5.99924	19.5975	460.894	192.063
0.4805	5.99924	19.5975	460.894	192.063	5.99924	19.5975	460.894	192.063
0.4815	5.99924	19.5975	460.894	192.063	5.99924	19.5975	460.894	192.063
0.4825	5.99924	19.5975	460.894	192.063	5.99924	19.5975	460.894	192.063
0.4835	5.99924	19.5975	460.894	192.063	5.99924	19.5975	460.894	192.063
0.4845	5.99924	19.5975	460.894	192.063	5.99924	19.5975	460.894	192.063
0.4855	5.99924	19.5975	460.894	192.063	5.99924	19.5975	460.894	192.063
0.4865	5.99924	19.5975	460.894	192.063	5.99924	19.5975	460.894	192.063
0.4875	5.99924	19.5975	460.894	192.063	5.99924	19.5975	460.894	192.063
0.4885	5.99924	19.5975	460.894	192.063	5.99924	19.5975	460.894	192.063
0.4895	5.99924	19.5975	460.894	192.063	5.99924	19.5975	460.894	192.063
0.4905	5.99924	19.5975	460.894	192.063	5.99924	19.5975	460.894	192.063
0.4915	5.99924	19.5975	460.894	192.063	5.99924	19.5975	460.894	192.063
0.4925	5.99924	19.5975	460.894	192.063	5.99924	19.5975	460.894	192.063
0.4935	5.99924	19.5975	460.894	192.063	5.99924	19.5975	460.894	192.063
0.4945	5.99924	19.5975	460.894	192.063	5.99924	19.5975	460.894	192.063
0.4955	5.99924	19.5975	460.894	192.063	5.99924	19.5975	460.894	192.063
0.4965	5.99924	19.5975	460.894	192.063	5.99924	19.5975	460.894	192.063
0.4975	5.99924	19.5975	460.894	192.063	5.99924	19.5975	460.894	192.063
0.4985	5.99924	19.5975	460.894	192.063	5.99924	19.5975	460.894	192.063
0.4995	5.99924	19.5975	460.894	192.063	5.99924	19.5975	460.894	192.063
0.5005	5.99924	19.5975	460.894	192.063	5.99924	19.5975	460.894	192.063
0.5015	5.99924	19.5975	460.894	192.063	5.99924	19.5975	460.894	192.063
0.5025	5.99924	19.5975	460.894	192.063	5.99924	19.5975	460.894	192.063
0.5035	5.99924	19.5975	460.894	192.063	5.99924	19.5975	460.894	192.063
0.5045	5.99924	19.5975	460.894	192.063	5.99924	19.5975	460.894	192.063
0.5055	5.99924	19.5975	460.894	192.063	5.99924	19.5975	460.894	192.063
0.5065	5.99924	19.5975	460.894	192.063	5.99924	19.5975	460.894	192.063
0.5075	5.99924	19.5975	460.894	192.063	5.99924	19.5975	460.894	192.063
0.5085	5.99924	19.5975	460.894	192.063	5.99924	19.5975	460.894	192.063
0.5095	5.99924	19.5975	460.894	192.063	5.99924	19.5975	460.894	192.063
0.5105	5.99924	19.5975	460.894	192.063	5.99924	19.5975	460.894	192.063
0.5115	5.99924	19.5975	460.894	192.063	5.99924	19.5975	460.894	192.063
0.5125	5.99924	19.5975	460.894	192.063	5.99924	19.5975	460.894	192.063
0.5135	5.99924	19.5975	460.894	192.063	5.99924	19.5975	460.894	192.063
0.5145	5.99924	19.5975	460.894	192.063	5.99924	19.5975	460.894	192.063
0.5155	5.99924	19.5975	460.894	192.063	5.99924	19.5975	460.894	192.063
0.5165	5.99924	19.5975	460.894	192.063	5.99924	19.5975	460.894	192.063
0.5175	5.99924	19.5975	460.894	192.063	5.99924	19.5975	460.894	192.063
0.5185	5.99924	19.5975	460.894	192.063	5.99924	19.5975	460.894	192.063
0.5195	5.99924	19.5975	460.894	192.063	5.99924	19.5975	460.894	192.063
0.5205	5.99925	19.5975	460.895	192.064	5.99924	19.5975	460.894	192.063
0.5215	5.99919	19.5975	460.895	192.066	5.99924	19.5975	460.894	192.063
0.5225	5.99663	19.6022	460.601	192.025	5.99924	19.5975	460.894	192.063
0.5235	5.99106	19.6177	459.64	191.803	5.99924	19.5975	460.894	192.063
0.5245	6.03041	19.6133	459.894	190.656	5.99924	19.5975	460.894	192.063
0.5255	7.14474	17.4767	605.916	212.014	5.99924	19.5975	460.894	192.063
0.5265	10.2551	12.6779	1073.24	261.635	5.99924	19.5975	460.894	192.063
0.5275	12.9581	9.87793	1482.33	285.986	5.99924	19.5975	460.894	192.063
0.5285	13.9211	9.00373	1633.55	293.358	14.2834	8.68855	1691.86	296.124
0.5295	14.1935	8.76258	1676.83	295.351	14.2834	8.68855	1691.86	296.124
0.5305	14.2634	8.70395	1687.68	295.806	14.2834	8.68855	1691.86	296.124
0.5315	14.2805	8.69134	1690.44	295.934	14.2834	8.68855	1691.86	296.124
0.5325	14.2847	8.68972	1691.43	296.02	14.2834	8.68855	1691.86	296.124
0.5335	14.2861	8.69069	1692.01	296.095	14.2834	8.68855	1691.86	296.124
0.5345	14.2865	8.69167	1692.34	296.143	14.2834	8.68855	1691.86	296.124
0.5355	14.2861	8.69203	1692.48	296.176	14.2834	8.68855	1691.86	296.124
0.5365	14.2851	8.6919	1692.47	296.195	14.2834	8.68855	1691.86	296.124
0.5375	14.2844	8.69133	1692.35	296.188	14.2834	8.68855	1691.86	296.124
0.5385	14.2842	8.69083	1692.25	296.175	14.2834	8.68855	1691.86	296.124
0.5395	14.2846	8.69037	1692.17	296.153	14.2834	8.68855	1691.86	296.124
0.5405	14.2849	8.6898	1692.06	296.128	14.2834	8.68855	1691.86	296.124
0.5415	14.2849	8.68945	1691.99	296.115	14.2834	8.68855	1691.86	296.124
0.5425	14.2848	8.68911	1691.93	296.107	14.2834	8.68855	1691.86	296.124
0.5435	14.2844	8.68881	1691.87	296.104	14.2834	8.68855	1691.86	296.124
0.5445	14.2838	8.68857	1691.82	296.11	14.2834	8.68855	1691.86	296.124
0.5455	14.2832	8.6885	1691.81	296.12	14.2834	8.68855	1691.86	296.124
0.5465	14.2829	8.68857	1691.82	296.128	14.2834	8.68855	1691.86	296.124
0.5475	14.2828	8.68867	1691.84	296.132	14.2834	8.68855	1691.86	296.124
0.5485	14.2829	8.68872	1691.85	296.132	14.2834	8.68855	1691.86	296.124
0.5495	14.2829	8.68866	1691.84	296.13	14.2834	8.68855	1691.86	296.124
0.5505	14.2828	8.68834	1691.78	296.123	14.2834	8.68855	1691.86	296.124
0.5515	14.2821	8.68756	1691.64	296.111	14.2834	8.68855	1691.86	296.124
0.5525	14.2814	8.68677	1691.49	296.101	14.2834	8.68855	1691.86	296.124
0.5535	14.2808	8.68622	1691.39	296.095	14.2834	8.68855	1691.86	296.124
0.5545	14.2804	8.68589	1691.33	296.093	14.2834	8.68855	1691.86	296.124
0.5555	14.2802	8.68578	1691.32	296.094	14.2834	8.68855	1691.86	296.124
0.5565	14.2802	8.68584	1691.33	296.096	14.2834	8.68855	1691.86	296.124
0.5575	14.2807	8.68633	1691.42	296.103	14.2834	8.68855	1691.86	296.124
0.5585	14.2821	8.68768	1691.68	296.117	14.2834	8.68855	1691.86	296.124
0.5595	14.2838	8.68916	1691.95	296.131	14.2834	8.68855	1691.86	296.124
0.5605	14.285	8.69018	1692.14	296.139	14.2834	8.68855	1691.86	296.124
0.5615	14.2858	8.69078	1692.26	296.144	14.2834	8.68855	1691.86	296.124
0.5625	14.2861	8.69105	1692.31	296.146	14.2834	8.68855	1691.86	296.124
0.5635	14.2862	8.6911	1692.32	296.146	14.2834	8.68855	1691.86	296.124
0.5645	14.2862	8.69101	1692.31	296.144	14.2834	8.68855	1691.86	296.124
0.5655	14.2858	8.69066	1692.24	296.141	14.2834	8.68855	1691.86	296.124
0.5665	14.2851	8.69003	1692.13	296.136	14.2834	8.68855	1691.86	296.124
0.5675	14.2845	8.68952	1692.04	296.132	14.2834	8.68855	1691.86	296.124
0.5685	14.284	8.68914	1691.97	296.129	14.2834	8.68855	1691.86	296.124
0.5695	14.2837	8.68887	1691.92	296.127	14.2834	8.68855	1691.86	296.124
0.5705	14.2835	8.6887	1691.88	296.125	14.2834	8.68855	1691.86	296.124
0.5715	14.2834	8.6886	1691.87	296.124	14.2834	8.68855	1691.86	296.124
0.5725	14.2834	8.68855	1691.86	296.123	14.2834	8.68855	1691.86	296.124
0.5735	14.2833	8.68851	1691.85	296.123	14.2834	8.68855	1691.86	296.124
0.5745	14.2833	8.68846	1691.84	296.122	14.2834	8.68855	1691.86	296.124
0.5755	14.2832	8.68838	1691.82	296.121	14.2834	8.68855	1691.86	296.124
0.5765	14.2829	8.68811	1691.77	296.119	14.2834	8.68855	1691.86	296.124
0.5775	14.2822	8.68753	1691.67	296.114	14.2834	8.68855	1691.86	296.124
0.5785	14.2815	8.68691	1691.55	296.108	14.2834	8.68855	1691.86	296.124
0.5795	14.2811	8.68647	1691.47	296.104	14.2834	8.68855	1691.86	296.124
0.5805	14.2808	8.68622	1691.43	296.102	14.2834	8.68855	1691.86	296.124
0.5815	14.2807	8.68613	1691.41	296.101	14.2834	8.68855	1691.86	296.124
0.5825	14.2807	8.68615	1691.42	296.101	14.2834	8.68855	1691.86	296.124
0.5835	14.2811	8.68646	1691.48	296.104	14.2834	8.68855	1691.86	296.124
0.5845	14.2822	8.68742	1691.65	296.113	14.2834	8.68855	1691.86	296.124
0.5855	14.2835	8.68863	1691.88	296.124	14.2834	8.68855	1691.86	296.124
0.5865	14.2846	8.68957	1692.05	296.133	14.2834	8.68855	1691.86	296.124
0.5875	14.2853	8.69019	1692.17	296.139	14.2834	8.68855	1691.86	296.124
0.5885	14.2856	8.69054	1692.23	296.142	14.2834	8.68855	1691.86	296.124
0.5895	14.2858	8.69068	1692.26	296.143	14.2834	8.68855	1691.86	296.124
0.5905	14.2858	8.69071	1692.26	296.144	14.2834	8.68855	1691.86	296.124
0.5915	14.2857	8.69062	1692.24	296.143	14.2834	8.68855	1691.86	296.124
0.5925	14.2853	8.69025	1692.17	296.139	14.2834	8.68855	1691.86	296.124
0.5935	14.2847	8.68974	1692.08	296.134	14.2834	8.68855	1691.86	296.124
0.5945	14.2843	8.68935	1692	296.13	14.2834	8.68855	1691.86	296.124
0.5955	14.2839	8.68907	1691.95	296.128	14.2834	8.68855	1691.86	296.124
0.5965	14.2837	8.68889	1691.91	296.126	14.2834	8.68855	1691.86	296.124
0.5975	14.2835	8.68878	1691.88	296.125	14.2834	8.68855	1691.86	296.124
0.5985	14.2834	8.68871	1691.87	296.124	14.2834	8.68855	1691.86	296.124
0.5995	14.2834	8.68866	1691.85	296.123	14.2834	8.68855	1691.86	296.124
0.6005	14.2832	8.68858	1691.83	296.122	14.2834	8.68855	1691.86	296.124
0.6015	14.283	8.68839	1691.79	296.12	14.2834	8.68855	1691.86	296.124
0.6025	14.2826	8.68804	1691.73	296.117	14.2834	8.68855	1691.86	296.124
0.6035	14.2821	8.68756	1691.64	296.112	14.2834	8.68855	1691.86	296.124
0.6045	14.2816	8.68711	1691.56	296.108	14.2834	8.68855	1691.86	296.124
0.6055	14.2812	8.68679	1691.5	296.105	14.2834	8.68855	1691.86	296.124
0.6065	14.281	8.6866	1691.46	296.104	14.2834	8.68855	1691.86	296.124
0.6075	14.2809	8.68653	1691.45	296.103	14.2834	8.68855	1691.86	296.124
0.6085	14.2809	8.68653	1691.45	296.103	14.2834	8.68855	1691.86	296.124
0.6095	14.2812	8.68671	1691.49	296.105	14.2834	8.68855	1691.86	296.124
0.6105	14.2819	8.68738	1691.62	296.112	14.2834	8.68855	1691.86	296.124
0.6115	14.2831	8.6884	1691.81	296.121	14.2834	8.68855	1691.86	296.124
0.6125	14.2841	8.68926	1691.97	296.129	14.2834	8.68855	1691.86	296.124
0.6135	14.2847	8.68986	1692.09	296.135	14.2834	8.68855	1691.86	296.124
0.6145	14.2852	8.69024	1692.16	296.139	14.2834	8.68855	1691.86	296.124
0.6155	14.2854	8.69042	1692.2	296.141	14.2834	8.68855	1691.86	296.124
0.6165	14.2855	8.69048	1692.21	296.141	14.2834	8.68855	1691.86	296.124
0.6175	14.2855	8.69047	1692.21	296.141	14.2834	8.68855	1691.86	296.124
0.6185	14.2853	8.69032	1692.18	296.14	14.2834	8.68855	1691.86	296.124
0.6195	14.2849	8.68993	1692.11	296.137	14.2834	8.68855	1691.86	296.124
0.6205	14.2844	8.68953	1692.04	296.133	14.2834	8.68855	1691.86	296.124
0.6215	14.2841	8.68923	1691.98	296.13	14.2834	8.68855	1691.86	296.124
0.6225	14.2839	8.68903	1691.94	296.128	14.2834	8.68855	1691.86	296.124
0.6235	14.2837	8.6889	1691.92	296.127	14.2834	8.68855	1691.86	296.124
0.6245	14.2836	8.6888	1691.9	296.126	14.2834	8.68855	1691.86	296.124
0.6255	14.2835	8.6887	1691.87	296.125	14.2834	8.68855	1691.86	296.124
0.6265	14.2833	8.68854	1691.84	296.124	14.2834	8.68855	1691.86	296.124
0.6275	14.283	8.68829	1691.8	296.121	14.2834	8.68855	1691.86	296.124
0.6285	14.2826	8.68792	1691.73	296.118	14.2834	8.68855	1691.86	296.124
0.6295	14.2821	8.68751	1691.65	296.114	14.2834	8.68855	1691.86	296.124
0.6305	14.2817	8.68716	1691.59	296.111	14.2834	8.68855	1691.86	296.124
0.6315	14.2814	8.6869	1691.54	296.109	14.2834	8.68855	1691.86	296.124
0.6325	14.2813	8.68675	1691.52	296.107	14.2834	8.68855	1691.86	296.124
0.6335	14.2812	8.68668	1691.51	296.107	14.2834	8.68855	1691.86	296.124
0.6345	14.2812	8.68667	1691.51	296.107	14.2834	8.68855	1691.86	296.124
0.6355	14.2814	8.68678	1691.53	296.108	14.2834	8.68855	1691.86	296.124
0.6365	14.2819	8.68724	1691.62	296.113	14.2834	8.68855	1691.86	296.124
0.6375	14.2829	8.68808	1691.78	296.121	14.2834	8.68855	1691.86	296.124
0.6385	14.2838	8.68886	1691.93	296.128	14.2834	8.68855	1691.86	296.124
0.6395	14.2844	8.68945	1692.04	296.134	14.2834	8.68855	1691.86	296.124
0.6405	14.2849	8.68984	1692.12	296.138	14.2834	8.68855	1691.86	296.124
0.6415	14.2852	8.69006	1692.16	296.14	14.2834	8.68855	1691.86	296.124
0.6425	14.2853	8.69016	1692.18	296.141	14.2834	8.68855	1691.86	296.124
0.6435	14.2853	8.69018	1692.19	296.141	14.2834	8.68855	1691.86	296.124
0.6445	14.2853	8.69014	1692.18	296.141	14.2834	8.68855	1691.86	296.124
0.6455	14.2851	8.68996	1692.15	296.139	14.2834	8.68855	1691.86	296.124
0.6465	14.2847	8.68963	1692.08	296.136	14.2834	8.68855	1691.86	296.124
0.6475	14.2843	8.68935	1692.03	296.133	14.2834	8.68855	1691.86	296.124
0.6485	14.2841	8.68915	1691.99	296.131	14.2834	8.68855	1691.86	296.124
0.6495	14.2839	8.689	1691.95	296.129	14.2834	8.68855	1691.86	296.124
0.6505	14.2837	8.68888	1691.92	296.128	14.2834	8.68855	1691.86	296.124
0.6515	14.2835	8.68874	1691.89	296.126	14.2834	8.68855	1691.86	296.124
0.6525	14.2833	8.68855	1691.85	296.124	14.2834	8.68855	1691.86	296.124
0.6535	14.2829	8.68827	1691.79	296.121	14.2834	8.68855	1691.86	296.124
0.6545	14.2825	8.68793	1691.72	296.118	14.2834	8.68855	1691.86	296.124
0.6555	14.2821	8.68758	1691.65	296.115	14.2834	8.68855	1691.86	296.124
0.6565	14.2817	8.6873	1691.6	296.112	14.2834	8.68855	1691.86	296.124
0.6575	14.2815	8.68709	1691.56	296.11	14.2834	8.68855	1691.86	296.124
0.6585	14.2814	8.68697	1691.54	296.109	14.2834	8.68855	1691.86	296.124
0.6595	14.2813	8.68692	1691.53	296.108	14.2834	8.68855	1691.86	296.124
0.6605	14.2813	8.68692	1691.53	296.108	14.2834	8.68855	1691.86	296.124
0.6615	14.2814	8.68698	1691.54	296.109	14.2834	8.68855	1691.86	296.124
0.6625	14.2818	8.68729	1691.6	296.112	14.2834	8.68855	1691.86	296.124
0.6635	14.2826	8.68798	1691.73	296.119	14.2834	8.68855	1691.86	296.124
0.6645	14.2834	8.6887	1691.87	296.126	14.2834	8.68855	1691.86	296.124
0.6655	14.284	8.68926	1691.98	296.131	14.2834	8.68855	1691.86	296.124
0.6665	14.2845	8.68966	1692.06	296.135	14.2834	8.68855	1691.86	296.124
0.6675	14.2848	8.68991	1692.11	296.138	14.2834	8.68855	1691.86	296.124
0.6685	14.285	8.69004	1692.14	296.139	14.2834	8.68855	1691.86	296.124
0.6695	14.285	8.69008	1692.15	296.14	14.2834	8.68855	1691.86	296.124
0.6705	14.285	8.69008	1692.15	296.14	14.2834	8.68855	1691.86	296.124
0.6715	14.285	8.69002	1692.14	296.139	14.2834	8.68855	1691.86	296.124
0.6725	14.2847	8.68983	1692.1	296.138	14.2834	8.68855	1691.86	296.124
0.6735	14.2844	8.68957	1692.05	296.135	14.2834	8.68855	1691.86	296.124
0.6745	14.2842	8.68937	1692.01	296.133	14.2834	8.68855	1691.86	296.124
0.6755	14.2839	8.68919	1691.97	296.131	14.2834	8.68855	1691.86	296.124
0.6765	14.2837	8.68902	1691.93	296.129	14.2834	8.68855	1691.86	296.124
0.6775	14.2835	8.68884	1691.89	296.127	14.2834	8.68855	1691.86	296.124
0.6785	14.2832	8.68861	1691.84	296.125	14.2834	8.68855	1691.86	296.124
0.6795	14.2828	8.68831	1691.78	296.122	14.2834	8.68855	1691.86	296.124
0.6805	14.2824	8.68797	1691.72	296.119	14.2834	8.68855	1691.86	296.124
0.6815	14.2821	8.68766	1691.66	296.116	14.2834	8.68855	1691.86	296.124
0.6825	14.2818	8.68741	1691.61	296.114	14.2834	8.68855	1691.86	296.124
0.6835	14.2815	8.68722	1691.57	296.112	14.2834	8.68855	1691.86	296.124
0.6845	14.2814	8.68711	1691.56	296.111	14.2834	8.68855	1691.86	296.124
0.6855	14.2814	8.68706	1691.55	296.111	14.2834	8.68855	1691.86	296.124
0.6865	14.2814	8.68704	1691.55	296.111	14.2834	8.68855	1691.86	296.124
0.6875	14.2814	8.68706	1691.56	296.111	14.2834	8.68855	1691.86	296.124
0.6885	14.2817	8.68727	1691.61	296.114	14.2834	8.68855	1691.86	296.124
0.6895	14.2824	8.6878	1691.71	296.119	14.2834	8.68855	1691.86	296.124
0.6905	14.2831	8.68846	1691.84	296.126	14.2834	8.68855	1691.86	296.124
0.6915	14.2838	8.68899	1691.95	296.131	14.2834	8.68855	1691.86	296.124
0.6925	14.2843	8.68938	1692.03	296.135	14.2834	8.68855	1691.86	296.124
0.6935	14.2846	8.68964	1692.09	296.138	14.2834	8.68855	1691.86	296.124
0.6945	14.2848	8.68979	1692.12	296.14	14.2834	8.68855	1691.86	296.124
0.6955	14.2849	8.68986	1692.14	296.141	14.2834	8.68855	1691.86	296.124
0.6965	14.2849	8.68988	1692.14	296.141	14.2834	8.68855	1691.86	296.124
0.6975	14.2849	8.68987	1692.14	296.142	14.2834	8.68855	1691.86	296.124
0.6985	14.2848	8.68981	1692.13	296.141	14.2834	8.68855	1691.86	296.124
0.6995	14.2846	8.68963	1692.1	296.14	14.2834	8.68855	1691.86	296.124
0.7005	14.2844	8.68941	1692.05	296.137	14.2834	8.68855	1691.86	296.124
0.7015	14.2841	8.68921	1692.01	296.135	14.2834	8.68855	1691.86	296.124
0.7025	14.2838	8.68902	1691.97	296.133	14.2834	8.68855	1691.86	296.124
0.7035	14.2835	8.6888	1691.92	296.131	14.2834	8.68855	1691.86	296.124
0.7045	14.2832	8.68855	1691.86	296.128	14.2834	8.68855	1691.86	296.124
0.7055	14.2828	8.68825	1691.8	296.125	14.2834	8.68855	1691.86	296.124
0.7065	14.2824	8.68794	1691.73	296.122	14.2834	8.68855	1691.86	296.124
0.7075	14.282	8.68766	1691.68	296.12	14.2834	8.68855	1691.86	296.124
0.7085	14.2818	8.68744	1691.63	296.117	14.2834	8.68855	1691.86	296.124
0.7095	14.2816	8.68728	1691.6	296.116	14.2834	8.68855	1691.86	296.124
0.7105	14.2814	8.68719	1691.58	296.115	14.2834	8.68855	1691.86	296.124
0.7115	14.2814	8.68715	1691.57	296.115	14.2834	8.68855	1691.86	296.124
0.7125	14.2814	8.68714	1691.57	296.115	14.2834	8.68855	1691.86	296.124
0.7135	14.2814	8.68715	1691.58	296.115	14.2834	8.68855	1691.86	296.124
0.7145	14.2816	8.68728	1691.61	296.117	14.2834	8.68855	1691.86	296.124
0.7155	14.2821	8.68769	1691.69	296.121	14.2834	8.68855	1691.86	296.124
0.7165	14.2828	8.68829	1691.81	296.127	14.2834	8.68855	1691.86	296.124
0.7175	14.2834	8.68882	1691.91	296.132	14.2834	8.68855	1691.86	296.124
0.7185	14.2839	8.68922	1691.99	296.136	14.2834	8.68855	1691.86	296.124
0.7195	14.2843	8.68949	1692.05	296.139	14.2834	8.68855	1691.86	296.124
0.7205	14.2845	8.68967	1692.09	296.141	14.2834	8.68855	1691.86	296.124
0.7215	14.2846	8.68977	1692.11	296.142	14.2834	8.68855	1691.86	296.124
0.7225	14.2847	8.68981	1692.12	296.143	14.2834	8.68855	1691.86	296.124
0.7235	14.2847	8.68982	1692.12	296.143	14.2834	8.68855	1691.86	296.124
0.7245	14.2847	8.68981	1692.12	296.142	14.2834	8.68855	1691.86	296.124
0.7255	14.2846	8.68976	1692.11	296.142	14.2834	8.68855	1691.86	296.124
0.7265	14.2844	8.6896	1692.07	296.14	14.2834	8.68855	1691.86	296.124
0.7275	14.2841	8.68937	1692.02	296.137	14.2834	8.68855	1691.86	296.124
0.7285	14.2838	8.68914	1691.97	296.134	14.2834	8.68855	1691.86	296.124
0.7295	14.2835	8.68891	1691.92	296.131	14.2834	8.68855	1691.86	296.124
0.7305	14.2832	8.68864	1691.86	296.128	14.2834	8.68855	1691.86	296.124
0.7315	14.2828	8.68834	1691.79	296.125	14.2834	8.68855	1691.86	296.124
0.7325	14.2824	8.68805	1691.73	296.121	14.2834	8.68855	1691.86	296.124
0.7335	14.2821	8.6878	1691.67	296.118	14.2834	8.68855	1691.86	296.124
0.7345	14.2818	8.68761	1691.63	296.116	14.2834	8.68855	1691.86	296.124
0.7355	14.2817	8.68746	1691.6	296.114	14.2834	8.68855	1691.86	296.124
0.7365	14.2816	8.68737	1691.58	296.113	14.2834	8.68855	1691.86	296.124
0.7375	14.2815	8.68733	1691.57	296.112	14.2834	8.68855	1691.86	296.124
0.7385	14.2815	8.68731	1691.57	296.112	14.2834	8.68855	1691.86	296.124
0.7395	14.2816	8.6873	1691.58	296.111	14.2834	8.68855	1691.86	296.124
0.7405	14.2818	8.68738	1691.6	296.112	14.2834	8.68855	1691.86	296.124
0.7415	14.2822	8.68769	1691.67	296.115	14.2834	8.68855	1691.86	296.124
0.7425	14.2829	8.68818	1691.78	296.119	14.2834	8.68855	1691.86	296.124
0.7435	14.2836	8.68866	1691.88	296.123	14.2834	8.68855	1691.86	296.124
0.7445	14.2841	8.68904	1691.96	296.126	14.2834	8.68855	1691.86	296.124
0.7455	14.2845	8.68932	1692.02	296.128	14.2834	8.68855	1691.86	296.124
0.7465	14.2848	8.68951	1692.07	296.13	14.2834	8.68855	1691.86	296.124
0.7475	14.2851	8.68963	1692.09	296.13	14.2834	8.68855	1691.86	296.124
0.7485	14.2852	8.68968	1692.11	296.13	14.2834	8.68855	1691.86	296.124
0.7495	14.2853	8.68969	1692.11	296.129	14.2834	8.68855	1691.86	296.124
0.7505	14.2853	8.68966	1692.11	296.128	14.2834	8.68855	1691.86	296.124
0.7515	14.2853	8.68963	1692.1	296.127	14.2834	8.68855	1691.86	296.124
0.7525	14.2853	8.68958	1692.1	296.125	14.2834	8.68855	1691.86	296.124
0.7535	14.2853	8.6895	1692.08	296.123	14.2834	8.68855	1691.86	296.124
0.7545	14.2851	8.68929	1692.03	296.118	14.2834	8.68855	1691.86	296.124
0.7555	14.2847	8.68892	1691.95	296.112	14.2834	8.68855	1691.86	296.124
0.7565	14.2843	8.68855	1691.87	296.105	14.2834	8.68855	1691.86	296.124
0.7575	14.284	8.68823	1691.8	296.1	14.2834	8.68855	1691.86	296.124
0.7585	14.2838	8.688	1691.74	296.095	14.2834	8.68855	1691.86	296.124
0.7595	14.2837	8.68784	1691.7	296.089	14.2834	8.68855	1691.86	296.124
0.7605	14.2836	8.68768	1691.66	296.084	14.2834	8.68855	1691.86	296.124
0.7615	14.2835	8.68752	1691.62	296.08	14.2834	8.68855	1691.86	296.124
0.7625	14.2834	8.68743	1691.6	296.078	14.2834	8.68855	1691.86	296.124
0.7635	14.2834	8.68738	1691.59	296.076	14.2834	8.68855	1691.86	296.124
0.7645	14.2835	8.68731	1691.58	296.072	14.2834	8.68855	1691.86	296.124
0.7655	14.2837	8.68729	1691.58	296.069	14.2834	8.68855	1691.86	296.124
0.7665	14.2841	8.68739	1691.62	296.067	14.2834	8.68855	1691.86	296.124
0.7675	14.2846	8.68767	1691.68	296.067	14.2834	8.68855	1691.86	296.124
0.7685	14.2853	8.68806	1691.77	296.067	14.2834	8.68855	1691.86	296.124
0.7695	14.2862	8.68847	1691.85	296.065	14.2834	8.68855	1691.86	296.124
0.7705	14.287	8.68884	1691.94	296.062	14.2834	8.68855	1691.86	296.124
0.7715	14.2878	8.68914	1692	296.056	14.2834	8.68855	1691.86	296.124
0.7725	14.2886	8.68936	1692.05	296.049	14.2834	8.68855	1691.86	296.124
0.7735	14.2892	8.6895	1692.09	296.042	14.2834	8.68855	1691.86	296.124
0.7745	14.2897	8.68957	1692.1	296.036	14.2834	8.68855	1691.86	296.124
0.7755	14.29	8.68957	1692.11	296.031	14.2834	8.68855	1691.86	296.124
0.7765	14.2901	8.68952	1692.1	296.027	14.2834	8.68855	1691.86	296.124
0.7775	14.2902	8.68942	1692.08	296.023	14.2834	8.68855	1691.86	296.124
0.7785	14.2902	8.68932	1692.06	296.019	14.2834	8.68855	1691.86	296.124
0.7795	14.2902	8.68922	1692.04	296.015	14.2834	8.68855	1691.86	296.124
0.7805	14.2901	8.68909	1692.01	296.009	14.2834	8.68855	1691.86	296.124
0.7815	14.2901	8.68898	1691.97	296.005	14.2834	8.68855	1691.86	296.124
0.7825	14.2899	8.68881	1691.92	296	14.2834	8.68855	1691.86	296.124
0.7835	14.2895	8.68863	1691.87	295.998	14.2834	8.68855	1691.86	296.124
0.7845	14.289	8.68839	1691.8	295.997	14.2834	8.68855	1691.86	296.124
0.7855	14.2885	8.68813	1691.74	295.997	14.2834	8.68855	1691.86	296.124
0.7865	14.2878	8.68789	1691.68	296.001	14.2834	8.68855	1691.86	296.124
0.7875	14.2866	8.68769	1691.63	296.017	14.2834	8.68855	1691.86	296.124
0.7885	14.2841	8.68754	1691.59	296.062	14.2834	8.68855	1691.86	296.124
0.7895	14.2796	8.68744	1691.57	296.152	14.2834	8.68855	1691.86	296.124
0.7905	14.2731	8.6874	1691.56	296.285	14.2834	8.68855	1691.86	296.124
0.7915	14.2658	8.68745	1691.58	296.44	14.2834	8.68855	1691.86	296.124
0.7925	14.2589	8.6876	1691.61	296.589	14.2834	8.68855	1691.86	296.124
0.7935	14.253	8.68783	1691.67	296.722	14.2834	8.68855	1691.86	296.124
0.7945	14.248	8.68812	1691.74	296.838	14.2834	8.68855	1691.86	296.124
0.7955	14.244	8.68843	1691.82	296.935	14.2834	8.68855	1691.86	296.124
0.7965	14.2409	8.68873	1691.89	297.014	14.2834	8.68855	1691.86	296.124
0.7975	14.2385	8.689	1691.96	297.074	14.2834	8.68855	1691.86	296.124
0.7985	14.2368	8.68921	1692.01	297.118	14.2834	8.68855	1691.86	296.124
0.7995	14.2357	8.68935	1692.05	297.149	14.2834	8.68855	1691.86	296.124
0.8005	14.235	8.68944	1692.07	297.168	14.2834	8.68855	1691.86	296.124
0.8015	14.2346	8.68948	1692.09	297.179	14.2834	8.68855	1691.86	296.124
0.8025	14.2344	8.68947	1692.09	297.183	14.2834	8.68855	1691.86	296.124
0.8035	14.2344	8.68945	1692.09	297.183	14.2834	8.68855	1691.86	296.124
0.8045	30.4037	8.68944	1692.09	139.135	31.0524	8.68855	1691.86	136.21
0.8055	30.4036	8.68941	1692.08	139.135	31.0524	8.68855	1691.86	136.21
0.8065	30.4041	8.68932	1692.06	139.131	31.0524	8.68855	1691.86	136.21
0.8075	30.4074	8.68919	1692.02	139.113	31.0524	8.68855	1691.86	136.21
0.8085	30.4236	8.68902	1691.98	139.035	31.0524	8.68855	1691.86	136.21
0.8095	30.4644	8.68878	1691.92	138.844	31.0524	8.68855	1691.86	136.21
0.8105	30.5247	8.68849	1691.84	138.563	31.0524	8.68855	1691.86	136.21
0.8115	30.5896	8.68819	1691.76	138.263	31.0524	8.68855	1691.86	136.21
0.8125	30.6504	8.68792	1691.69	137.983	31.0524	8.68855	1691.86	136.21
0.8135	30.7056	8.68773	1691.64	137.73	31.0524	8.68855	1691.86	136.21
0.8145	30.7556	8.68765	1691.62	137.505	31.0524	8.68855	1691.86	136.21
0.8155	30.8004	8.6877	1691.63	137.306	31.0524	8.68855	1691.86	136.21
0.8165	30.8403	8.68787	1691.68	137.132	31.0524	8.68855	1691.86	136.21
0.8175	30.8756	8.68814	1691.75	136.982	31.0524	8.68855	1691.86	136.21
0.8185	30.9063	8.68846	1691.84	136.852	31.0524	8.68855	1691.86	136.21
0.8195	30.9328	8.68877	1691.93	136.742	31.0524	8.68855	1691.86	136.21
0.8205	30.9553	8.68903	1692	136.648	31.0524	8.68855	1691.86	136.21
0.8215	30.9742	8.68921	1692.05	136.569	31.0524	8.68855	1691.86	136.21
0.8225	30.9898	8.68931	1692.08	136.503	31.0524	8.68855	1691.86	136.21
0.8235	31.0024	8.68931	1692.08	136.447	31.0524	8.68855	1691.86	136.21
0.8245	31.0126	8.68923	1692.05	136.401	31.0524	8.68855	1691.86	136.21
0.8255	31.0206	8.68908	1692.01	136.362	31.0524	8.68855	1691.86	136.21
0.8265	31.0268	8.68888	1691.96	136.33	31.0524	8.68855	1691.86	136.21
0.8275	31.0315	8.68864	1691.89	136.304	31.0524	8.68855	1691.86	136.21
0.8285	31.0351	8.68839	1691.82	136.283	31.0524	8.68855	1691.86	136.21
0.8295	31.0377	8.68815	1691.76	136.266	31.0524	8.68855	1691.86	136.21
0.8305	31.0397	8.68796	1691.7	136.253	31.0524	8.68855	1691.86	136.21
0.8315	31.0412	8.68783	1691.67	136.243	31.0524	8.68855	1691.86	136.21
0.8325	31.0426	8.68779	1691.65	136.237	31.0524	8.68855	1691.86	136.21
0.8335	31.0439	8.68787	1691.67	136.232	31.0524	8.68855	1691.86	136.21
0.8345	31.0453	8.68805	1691.72	136.23	31.0524	8.68855	1691.86	136.21
0.8355	31.0468	8.6883	1691.79	136.229	31.0524	8.68855	1691.86	136.21
0.8365	31.0483	8.68856	1691.86	136.228	31.0524	8.68855	1691.86	136.21
0.8375	31.0495	8.6888	1691.92	136.228	31.0524	8.68855	1691.86	136.21
0.8385	31.0505	8.68896	1691.97	136.227	31.0524	8.68855	1691.86	136.21
0.8395	31.0511	8.68905	1691.99	136.226	31.0524	8.68855	1691.86	136.21
0.8405	31.0514	8.68907	1691.99	136.225	31.0524	8.68855	1691.86	136.21
0.8415	31.0516	8.68904	1691.98	136.224	31.0524	8.68855	1691.86	136.21
0.8425	31.0516	8.68899	1691.97	136.222	31.0524	8.68855	1691.86	136.21
0.8435	31.0516	8.68893	1691.96	136.221	31.0524	8.68855	1691.86	136.21
0.8445	31.0516	8.68887	1691.94	136.22	31.0524	8.68855	1691.86	136.21
0.8455	31.0513	8.68872	1691.9	136.218	31.0524	8.68855	1691.86	136.21
0.8465	31.0506	8.68846	1691.83	136.215	31.0524	8.68855	1691.86	136.21
0.8475	31.05	8.68824	1691.77	136.213	31.0524	8.68855	1691.86	136.21
0.8485	31.0496	8.68813	1691.74	136.212	31.0524	8.68855	1691.86	136.21
0.8495	31.0495	8.68807	1691.72	136.212	31.0524	8.68855	1691.86	136.21
0.8505	31.0496	8.68805	1691.72	136.211	31.0524	8.68855	1691.86	136.21
0.8515	31.0499	8.68809	1691.73	136.211	31.0524	8.68855	1691.86	136.21
0.8525	31.0505	8.68823	1691.77	136.211	31.0524	8.68855	1691.86	136.21
0.8535	31.0513	8.68843	1691.83	136.212	31.0524	8.68855	1691.86	136.21
0.8545	31.052	8.68862	1691.88	136.213	31.0524	8.68855	1691.86	136.21
0.8555	31.0525	8.68875	1691.91	136.214	31.0524	8.68855	1691.86	136.21
0.8565	31.0529	8.68884	1691.94	136.214	31.0524	8.68855	1691.86	136.21
0.8575	31.0531	8.68889	1691.95	136.214	31.0524	8.68855	1691.86	136.21
0.8585	31.0532	8.68891	1691.96	136.214	31.0524	8.68855	1691.86	136.21
0.8595	31.0533	8.68891	1691.96	136.214	31.0524	8.68855	1691.86	136.21
0.8605	31.0533	8.6889	1691.96	136.214	31.0524	8.68855	1691.86	136.21
0.8615	31.0532	8.68887	1691.95	136.214	31.0524	8.68855	1691.86	136.21
0.8625	31.0529	8.68878	1691.93	136.213	31.0524	8.68855	1691.86	136.21
0.8635	31.0523	8.68859	1691.88	136.212	31.0524	8.68855	1691.86	136.21
0.8645	31.0517	8.68841	1691.83	136.211	31.0524	8.68855	1691.86	136.21
0.8655	31.0513	8.68828	1691.79	136.21	31.0524	8.68855	1691.86	136.21
0.8665	31.051	8.6882	1691.78	136.209	31.0524	8.68855	1691.86	136.21
0.8675	31.0509	8.68817	1691.77	136.209	31.0524	8.68855	1691.86	136.21
0.8685	31.0509	8.68816	1691.77	136.209	31.0524	8.68855	1691.86	136.21
0.8695	31.051	8.68818	1691.77	136.209	31.0524	8.68855	1691.86	136.21
0.8705	31.0514	8.68828	1691.8	136.209	31.0524	8.68855	1691.86	136.21
0.8715	31.052	8.68844	1691.84	136.21	31.0524	8.68855	1691.86	136.21
0.8725	31.0525	8.68858	1691.88	136.211	31.0524	8.68855	1691.86	136.21
0.8735	31.0529	8.68869	1691.91	136.212	31.0524	8.68855	1691.86	136.21
0.8745	31.0531	8.68877	1691.92	136.212	31.0524	8.68855	1691.86	136.21
0.8755	31.0532	8.68882	1691.93	136.212	31.0524	8.68855	1691.86	136.21
0.8765	31.0533	8.68885	1691.94	136.212	31.0524	8.68855	1691.86	136.21
0.8775	31.0533	8.68886	1691.94	136.212	31.0524	8.68855	1691.86	136.21
0.8785	31.0533	8.68886	1691.93	136.212	31.0524	8.68855	1691.86	136.21
0.8795	31.0531	8.68882	1691.92	136.212	31.0524	8.68855	1691.86	136.21
0.8805	31.0527	8.6887	1691.89	136.211	31.0524	8.68855	1691.86	136.21
0.8815	31.0522	8.68856	1691.85	136.21	31.0524	8.68855	1691.86	136.21
0.8825	31.0518	8.68844	1691.82	136.209	31.0524	8.68855	1691.86	136.21
0.8835	31.0515	8.68836	1691.8	136.209	31.0524	8.68855	1691.86	136.21
0.8845	31.0514	8.68831	1691.79	136.209	31.0524	8.68855	1691.86	136.21
0.8855	31.0514	8.68828	1691.79	136.209	31.0524	8.68855	1691.86	136.21
0.8865	31.0514	8.68827	1691.79	136.209	31.0524	8.68855	1691.86	136.21
0.8875	31.0515	8.68829	1691.79	136.209	31.0524	8.68855	1691.86	136.21
0.8885	31.0517	8.68836	1691.81	136.209	31.0524	8.68855	1691.86	136.21
0.8895	31.0522	8.68849	1691.85	136.21	31.0524	8.68855	1691.86	136.21
0.8905	31.0526	8.68861	1691.87	136.211	31.0524	8.68855	1691.86	136.21
0.8915	31.0528	8.6887	1691.9	136.211	31.0524	8.68855	1691.86	136.21
0.8925	31.053	8.68877	1691.91	136.211	31.0524	8.68855	1691.86	136.21
0.8935	31.0531	8.6888	1691.91	136.211	31.0524	8.68855	1691.86	136.21
0.8945	31.0531	8.68882	1691.92	136.211	31.0524	8.68855	1691.86	136.21
0.8955	31.0531	8.68883	1691.92	136.211	31.0524	8.68855	1691.86	136.21
0.8965	31.0531	8.68882	1691.91	136.211	31.0524	8.68855	1691.86	136.21
0.8975	31.0529	8.68876	1691.9	136.211	31.0524	8.68855	1691.86	136.21
0.8985	31.0526	8.68865	1691.88	136.211	31.0524	8.68855	1691.86	136.21
0.8995	31.0522	8.68853	1691.85	136.21	31.0524	8.68855	1691.86	136.21
0.9005	31.052	8.68844	1691.83	136.21	31.0524	8.68855	1691.86	136.21
0.9015	31.0518	8.68837	1691.82	136.209	31.0524	8.68855	1691.86	136.21
0.9025	31.0518	8.68834	1691.82	136.209	31.0524	8.68855	1691.86	136.21
0.9035	31.0518	8.68831	1691.82	136.209	31.0524	8.68855	1691.86	136.21
0.9045	31.0518	8.6883	1691.82	136.209	31.0524	8.68855	1691.86	136.21
0.9055	31.0519	8.68832	1691.82	136.209	31.0524	8.68855	1691.86	136.21
0.9065	31.0521	8.68839	1691.84	136.209	31.0524	8.68855	1691.86	136.21
0.9075	31.0524	8.68849	1691.86	136.21	31.0524	8.68855	1691.86	136.21
0.9085	31.0526	8.68859	1691.88	136.21	31.0524	8.68855	1691.86	136.21
0.9095	31.0528	8.68866	1691.89	136.211	31.0524	8.68855	1691.86	136.21
0.9105	31.0529	8.6887	1691.89	136.211	31.0524	8.68855	1691.86	136.21
0.9115	31.0529	8.68873	1691.9	136.211	31.0524	8.68855	1691.86	136.21
0.9125	31.0529	8.68874	1691.9	136.211	31.0524	8.68855	1691.86	136.21
0.9135	31.053	8.68873	1691.9	136.211	31.0524	8.68855	1691.86	136.21
0.9145	31.0529	8.68871	1691.9	136.211	31.0524	8.68855	1691.86	136.21
0.9155	31.0528	8.68865	1691.89	136.211	31.0524	8.68855	1691.86	136.21
0.9165	31.0525	8.68855	1691.87	136.211	31.0524	8.68855	1691.86	136.21
0.9175	31.0523	8.68848	1691.85	136.21	31.0524	8.68855	1691.86	136.21
0.9185	31.0521	8.68842	1691.84	136.21	31.0524	8.68855	1691.86	136.21
0.9195	31.052	8.68839	1691.83	136.209	31.0524	8.68855	1691.86	136.21
0.9205	31.052	8.68838	1691.82	136.209	31.0524	8.68855	1691.86	136.21
0.9215	31.052	8.68838	1691.82	136.209	31.0524	8.68855	1691.86	136.21
0.9225	31.052	8.6884	1691.82	136.209	31.0524	8.68855	1691.86	136.21
0.9235	31.0521	8.68846	1691.83	136.209	31.0524	8.68855	1691.86	136.21
0.9245	31.0521	8.68842	1691.83	136.209	31.0524	8.68855	1691.86	136.21
0.9255	31.0515	8.68828	1691.78	136.208	31.0524	8.68855	1691.86	136.21
0.9265	31.0454	8.68711	1691.36	136.201	31.0524	8.68855	1691.86	136.21
0.9275	31.007	8.67477	1688.44	136.134	31.0524	8.68855	1691.86	136.21
0.9285	30.7475	8.61535	1670.36	135.813	31.0524	8.68855	1691.86	136.21
0.9295	28.5252	8.0769	1521	133.303	5.9942	-6.19633	46.095	19.2248
0.9305	20.0817	5.43427	957.651	119.219	5.9942	-6.19633	46.095	19.2248
0.9315	9.49948	-2.081	211.16	55.5714	5.9942	-6.19633	46.095	19.2248
0.9325	6.20299	-6.30787	36.7177	14.7984	5.9942	-6.19633	46.095	19.2248
0.9335	5.97195	-6.25681	44.393	18.5839	5.9942	-6.19633	46.095	19.2248
0.9345	5.98898	-6.20113	45.9969	19.2006	5.9942	-6.19633	46.095	19.2248
0.9355	5.99448	-6.19546	46.1171	19.2331	5.9942	-6.19633	46.095	19.2248
0.9365	5.99428	-6.19627	46.0962	19.2251	5.9942	-6.19633	46.095	19.2248
0.9375	5.9942	-6.19634	46.0947	19.2247	5.9942	-6.19633	46.095	19.2248
0.9385	5.9942	-6.19633	46.095	19.2248	5.9942	-6.19633	46.095	19.2248
0.9395	5.9942	-6.19633	46.095	19.2248	5.9942	-6.19633	46.095	19.2248
0.9405	5.9942	-6.19633	46.095	19.2248	5.9942	-6.19633	46.095	19.2248
0.9415	5.9942	-6.19633	46.095	19.2248	5.9942	-6.19633	46.095	19.2248
0.9425	5.9942	-6.19633	46.095	19.2248	5.9942	-6.19633	46.095	19.2248
0.9435	5.9942	-6.19633	46.095	19.2248	5.9942	-6.19633	46.095	19.2248
0.9445	5.9942	-6.19633	46.095	19.2248	5.9942	-6.19633	46.095	19.2248
0.9455	5.9942	-6.19633	46.095	19.2248	5.9942	-6.19633	46.095	19.2248
0.9465	5.9942	-6.19633	46.095	19.2248	5.9942	-6.19633	46.095	19.2248
0.9475	5.9942	-6.19633	46.095	19.2248	5.9942	-6.19633	46.095	19.2248
0.9485	5.9942	-6.19633	46.095	19.2248	5.9942	-6.19633	46.095	19.2248
0.9495	5.9942	-6.19633	46.095	19.2248	5.9942	-6.19633	46.095	19.2248
0.9505	5.9942	-6.19633	46.095	19.2248	5.9942	-6.19633	46.095	19.2248
0.9515	5.9942	-6.19633	46.095	19.2248	5.9942	-6.19633	46.095	19.2248
0.9525	5.9942	-6.19633	46.095	19.2248	5.9942	-6.19633	46.095	19.2248
0.9535	5.9942	-6.19633	46.095	19.2248	5.9942	-6.19633	46.095	19.2248
0.9545	5.9942	-6.19633	46.095	19.2248	5.9942	-6.19633	46.095	19.2248
0.9555	5.9942	-6.19633	46.095	19.2248	5.9942	-6.19633	46.095	19.2248
0.9565	5.9942	-6.19633	46.095	19.2248	5.9942	-6.19633	46.095	19.2248
0.9575	5.9942	-6.19633	46.095	19.2248	5.9942	-6.19633	46.095	19.2248
0.9585	5.9942	-6.19633	46.095	19.2248	5.9942	-6.19633	46.095	19.2248
0.9595	5.9942	-6.19633	46.095	19.2248	5.9942	-6.19633	46.095	19.2248
0.9605	5.9942	-6.19633	46.095	19.2248	5.9942	-6.19633	46.095	19.2248
0.9615	5.9942	-6.19633	46.095	19.2248	5.9942	-6.19633	46.095	19.2248
0.9625	5.9942	-6.19633	46.095	19.2248	5.9942	-6.19633	46.095	19.2248
0.9635	5.9942	-6.19633	46.095	19.2248	5.9942	-6.19633	46.095	19.2248
0.9645	5.9942	-6.19633	46.095	19.2248	5.9942	-6.19633	46.095	19.2248
0.9655	5.9942	-6.19633	46.095	19.2248	5.9942	-6.19633	46.095	19.2248
0.9665	5.9942	-6.19633	46.095	19.2248	5.9942	-6.19633	46.095	19.2248
0.9675	5.9942	-6.19633	46.095	19.2248	5.9942	-6.19633	46.095	19.2248
0.9685	5.9942	-6.19633	46.095	19.2248	5.9942	-6.19633	46.095	19.2248
0.9695	5.9942	-6.19633	46.095	19.2248	5.9942	-6.19633	46.095	19.2248
0.9705	5.9942	-6.19633	46.095	19.2248	5.9942	-6.19633	46.095	19.2248
0.9715	5.9942	-6.19633	46.095	19.2248	5.9942	-6.19633	46.095	19.2248
0.9725	5.9942	-6.19633	46.095	19.2248	5.9942	-6.19633	46.095	19.2248
0.9735	5.9942	-6.19633	46.095	19.2248	5.9942	-6.19633	46.095	19.2248
0.9745	5.9942	-6.19633	46.095	19.2248	5.9942	-6.19633	46.095	19.2248
0.9755	5.9942	-6.19633	46.095	19.2248	5.9942	-6.19633	46.095	19.2248
0.9765	5.9942	-6.19633	46.095	19.2248	5.9942	-6.19633	46.095	19.2248
0.9775	5.9942	-6.19633	46.095	19.2248	5.9942	-6.19633	46.095	19.2248
0.9785	5.9942	-6.19633	46.095	19.2248	5.9942	-6.19633	46.095	19.2248
0.9795	5.9942	-6.19633	46.095	19.2248	5.9942	-6.19633	46.095	19.2248
0.9805	5.9942	-6.19633	46.095	19.2248	5.9942	-6.19633	46.095	19.2248
0.9815	5.9942	-6.19633	46.095	19.2248	5.9942	-6.19633	46.095	19.2248
0.9825	5.9942	-6.19633	46.095	19.2248	5.9942	-6.19633	46.095	19.2248
0.9835	5.9942	-6.19633	46.095	19.2248	5.9942	-6.19633	46.095	19.2248
0.9845	5.9942	-6.19633	46.095	19.2248	5.9942	-6.19633	46.095	19.2248
0.9855	5.9942	-6.19633	46.095	19.2248	5.9942	-6.19633	46.095	19.2248
0.9865	5.9942	-6.19633	46.095	19.2248	5.9942	-6.19633	46.095	19.2248
0.9875	5.9942	-6.19633	46.095	19.2248	5.9942	-6.19633	46.095	19.2248
0.9885	5.9942	-6.19633	46.095	19.2248	5.9942	-6.19633	46.095	19.2248
0.9895	5.9942	-6.19633	46.095	19.2248	5.9942	-6.19633	46.095	19.2248
0.9905	5.9942	-6.19633	46.095	19.2248	5.9942	-6.19633	46.095	19.2248
0.9915	5.9942	-6.19633	46.095	19.2248	5.9942	-6.19633	46.095	19.2248
0.9925	5.9942	-6.19633	46.095	19.2248	5.9942	-6.19633	46.095	19.2248
0.9935	5.9942	-6.19633	46.095	19.2248	5.9942	-6.19633	46.095	19.2248
0.9945	5.9942	-6.19633	46.095	19.2248	5.9942	-6.19633	46.095	19.2248
0.9955	5.9942	-6.19633	46.095	19.2248	5.9942	-6.19633	46.095	19.2248
0.9965	5.9942	-6.19633	46.095	19.2248	5.9942	-6.19633	46.095	19.2248
0.9975	5.9942	-6.19633	46.095	19.2248	5.9942	-6.19633	46.095	19.2248
0.9985	5.9942	-6.19633	46.095	19.2248	5.9942	-6.19633	46.095	19.2248
0.9995	5.9942	-6.19633	46.095	19.2248	5.9942	-6.19633	46.095	19.2248
