x	rho	u	p	e	rho_Ex	u_Ex	p_Ex	e_Ex
0.0005	1	-2	0.4	11	-2	0.4	1
0.0015	1	-2	0.4	11	-2	0.4	1
0.0025	1	-2	0.4	11	-2	0.4	1
0.0035	1	-2	0.4	11	-2	0.4	1
0.0045	1	-2	0.4	11	-2	0.4	1
0.0055	1	-2	0.4	11	-2	0.4	1
0.0065	1	-2	0.4	11	-2	0.4	1
0.0075	1	-2	0.4	11	-2	0.4	1
0.0085	1	-2	0.4	11	-2	0.4	1
0.0095	1	-2	0.4	11	-2	0.4	1
0.0105	1	-2	0.4	11	-2	0.4	1
0.0115	1	-2	0.4	11	-2	0.4	1
0.0125	1	-2	0.4	11	-2	0.4	1
0.0135	1	-2	0.4	11	-2	0.4	1
0.0145	1	-2	0.4	11	-2	0.4	1
0.0155	1	-2	0.4	11	-2	0.4	1
0.0165	1	-2	0.4	11	-2	0.4	1
0.0175	1	-2	0.4	11	-2	0.4	1
0.0185	1	-2	0.4	11	-2	0.4	1
0.0195	1	-2	0.4	11	-2	0.4	1
0.0205	1	-2	0.4	11	-2	0.4	1
0.0215	1	-2	0.4	11	-2	0.4	1
0.0225	1	-2	0.4	11	-2	0.4	1
0.0235	1	-2	0.4	11	-2	0.4	1
0.0245	1	-2	0.4	11	-2	0.4	1
0.0255	1	-2	0.4	11	-2	0.4	1
0.0265	1	-2	0.4	11	-2	0.4	1
0.0275	1	-2	0.4	11	-2	0.4	1
0.0285	1	-2	0.4	11	-2	0.4	1
0.0295	1	-2	0.4	11	-2	0.4	1
0.0305	1	-2	0.4	11	-2	0.4	1
0.0315	1	-2	0.4	11	-2	0.4	1
0.0325	1	-2	0.4	11	-2	0.4	1
0.0335	1	-2	0.4	11	-2	0.4	1
0.0345	1	-2	0.4	11	-2	0.4	1
0.0355	1	-2	0.4	11	-2	0.4	1
0.0365	1	-2	0.4	11	-2	0.4	1
0.0375	1	-2	0.4	11	-2	0.4	1
0.0385	1	-2	0.4	11	-2	0.4	1
0.0395	1	-2	0.4	11	-2	0.4	1
0.0405	1	-2	0.4	11	-2	0.4	1
0.0415	1	-2	0.4	11	-2	0.4	1
0.0425	1	-2	0.4	11	-2	0.4	1
0.0435	1	-2	0.4	11	-2	0.4	1
0.0445	1	-2	0.4	11	-2	0.4	1
0.0455	1	-2	0.4	11	-2	0.4	1
0.0465	1	-2	0.4	11	-2	0.4	1
0.0475	1	-2	0.4	11	-2	0.4	1
0.0485	1	-2	0.4	11	-2	0.4	1
0.0495	1	-2	0.4	11	-2	0.4	1
0.0505	1	-2	0.4	11	-2	0.4	1
0.0515	1	-2	0.4	11	-2	0.4	1
0.0525	1	-2	0.4	11	-2	0.4	1
0.0535	1	-2	0.4	11	-2	0.4	1
0.0545	1	-2	0.4	11	-2	0.4	1
0.0555	1	-2	0.4	11	-2	0.4	1
0.0565	1	-2	0.4	11	-2	0.4	1
0.0575	1	-2	0.4	11	-2	0.4	1
0.0585	1	-2	0.4	11	-2	0.4	1
0.0595	1	-2	0.4	11	-2	0.4	1
0.0605	1	-2	0.4	11	-2	0.4	1
0.0615	1	-2	0.4	11	-2	0.4	1
0.0625	1	-2	0.4	11	-2	0.4	1
0.0635	1	-2	0.4	11	-2	0.4	1
0.0645	1	-2	0.4	11	-2	0.4	1
0.0655	1	-2	0.4	11	-2	0.4	1
0.0665	1	-2	0.4	11	-2	0.4	1
0.0675	1	-2	0.4	11	-2	0.4	1
0.0685	1	-2	0.4	11	-2	0.4	1
0.0695	1	-2	0.4	11	-2	0.4	1
0.0705	1	-2	0.4	11	-2	0.4	1
0.0715	1	-2	0.4	11	-2	0.4	1
0.0725	1	-2	0.4	11	-2	0.4	1
0.0735	0.999999	-2	0.399999	11	-2	0.4	1
0.0745	0.999998	-2	0.399999	0.9999991	-2	0.4	1
0.0755	0.999995	-2	0.399997	0.9999981	-2	0.4	1
0.0765	0.999987	-1.99999	0.399993	0.9999951	-2	0.4	1
0.0775	0.99997	-1.99998	0.399983	0.9999881	-2	0.4	1
0.0785	0.999932	-1.99995	0.399962	0.9999731	-2	0.4	1
0.0795	0.99985	-1.99989	0.399916	0.999941	-2	0.4	1
0.0805	0.999672	-1.99975	0.399816	0.9998691	-2	0.4	1
0.0815	0.999293	-1.99947	0.399604	0.9997171	-2	0.4	1
0.0825	0.998485	-1.99887	0.399152	0.9993931	-2	0.4	1
0.0835	0.997017	-1.99776	0.39833	0.9988051	-2	0.4	1
0.0845	0.994742	-1.99606	0.397058	0.9978931	-2	0.4	1
0.0855	0.991604	-1.9937	0.395306	0.9966331	-2	0.4	1
0.0865	0.987641	-1.99071	0.393097	0.9950391	-2	0.4	1
0.0875	0.982961	-1.98716	0.390491	0.993151	-2	0.4	1
0.0885	0.9777	-1.98316	0.387569	0.9910220.994447	-1.99583	0.396893	0.997775
0.0895	0.971998	-1.97881	0.384408	0.9887070.987078	-1.99028	0.392782	0.994811
0.0905	0.965976	-1.97419	0.381079	0.9862530.979752	-1.98472	0.388707	0.991851
0.0915	0.959732	-1.96937	0.377635	0.9836980.972471	-1.97917	0.384669	0.988896
0.0925	0.953337	-1.96441	0.374117	0.9810720.965232	-1.97361	0.380666	0.985945
0.0935	0.946844	-1.95935	0.370555	0.9783940.958037	-1.96806	0.3767	0.982999
0.0945	0.94029	-1.95421	0.366969	0.975680.950885	-1.9625	0.372768	0.980057
0.0955	0.933698	-1.94902	0.363372	0.9729380.943776	-1.95695	0.368872	0.977119
0.0965	0.927084	-1.94377	0.359774	0.9701760.936709	-1.95139	0.365011	0.974186
0.0975	0.920455	-1.93849	0.356177	0.9673950.929684	-1.94583	0.361185	0.971257
0.0985	0.913821	-1.93317	0.352589	0.96460.922702	-1.94028	0.357393	0.968333
0.0995	0.907196	-1.92783	0.349016	0.9617970.915762	-1.93472	0.353635	0.965413
0.1005	0.900588	-1.92246	0.345461	0.9589890.908864	-1.92917	0.349911	0.962497
0.1015	0.893999	-1.91709	0.341929	0.9561770.902007	-1.92361	0.346221	0.959586
0.1025	0.887434	-1.9117	0.338418	0.9533620.895191	-1.91806	0.342564	0.956679
0.1035	0.880893	-1.9063	0.334932	0.9505450.888417	-1.9125	0.338941	0.953777
0.1045	0.87438	-1.90089	0.33147	0.9477280.881684	-1.90695	0.33535	0.950879
0.1055	0.867895	-1.89547	0.328033	0.944910.874992	-1.90139	0.331792	0.947986
0.1065	0.86144	-1.89004	0.324623	0.9420930.868341	-1.89583	0.328266	0.945096
0.1075	0.855015	-1.88461	0.321238	0.9392760.86173	-1.89028	0.324773	0.942212
0.1085	0.848622	-1.87917	0.317881	0.9364610.85516	-1.88472	0.321311	0.939331
0.1095	0.842262	-1.87372	0.31455	0.9336470.848629	-1.87917	0.317881	0.936456
0.1105	0.835934	-1.86828	0.311247	0.9308350.842139	-1.87361	0.314483	0.933584
0.1115	0.829639	-1.86282	0.30797	0.9280250.835688	-1.86806	0.311116	0.930717
0.1125	0.823377	-1.85737	0.304721	0.9252170.829277	-1.8625	0.307779	0.927854
0.1135	0.81715	-1.85191	0.3015	0.9224120.822905	-1.85695	0.304474	0.924996
0.1145	0.810956	-1.84644	0.298305	0.9196090.816573	-1.85139	0.301199	0.922142
0.1155	0.804797	-1.84097	0.295138	0.9168090.810279	-1.84583	0.297954	0.919293
0.1165	0.798672	-1.8355	0.291998	0.9140120.804025	-1.84028	0.294739	0.916448
0.1175	0.792581	-1.83003	0.288886	0.9112180.797809	-1.83472	0.291554	0.913607
0.1185	0.786526	-1.82456	0.2858	0.9084270.791632	-1.82917	0.288398	0.910771
0.1195	0.780504	-1.81908	0.282742	0.9056390.785493	-1.82361	0.285272	0.907939
0.1205	0.774518	-1.8136	0.279711	0.9028540.779392	-1.81806	0.282175	0.905112
0.1215	0.768566	-1.80812	0.276706	0.9000730.773329	-1.8125	0.279106	0.902289
0.1225	0.762649	-1.80264	0.273728	0.8972950.767304	-1.80695	0.276067	0.89947
0.1235	0.756766	-1.79715	0.270777	0.894520.761316	-1.80139	0.273056	0.896656
0.1245	0.750918	-1.79167	0.267852	0.8917490.755366	-1.79583	0.270072	0.893847
0.1255	0.745104	-1.78618	0.264953	0.8889810.749453	-1.79028	0.267117	0.891041
0.1265	0.739325	-1.78069	0.262081	0.8862170.743577	-1.78472	0.26419	0.88824
0.1275	0.733581	-1.7752	0.259235	0.8834560.737739	-1.77917	0.26129	0.885444
0.1285	0.727871	-1.76971	0.256414	0.8806990.731936	-1.77361	0.258418	0.882652
0.1295	0.722195	-1.76421	0.253619	0.8779460.726171	-1.76806	0.255573	0.879864
0.1305	0.716553	-1.75872	0.25085	0.8751970.720442	-1.7625	0.252754	0.877081
0.1315	0.710945	-1.75322	0.248106	0.8724510.714749	-1.75695	0.249962	0.874302
0.1325	0.705372	-1.74773	0.245387	0.8697090.709092	-1.75139	0.247197	0.871527
0.1335	0.699832	-1.74223	0.242693	0.866970.703471	-1.74583	0.244458	0.868757
0.1345	0.694326	-1.73673	0.240024	0.8642360.697886	-1.74028	0.241745	0.865992
0.1355	0.688854	-1.73123	0.23738	0.8615050.692336	-1.73472	0.239058	0.86323
0.1365	0.683415	-1.72573	0.234761	0.8587780.686821	-1.72917	0.236397	0.860474
0.1375	0.678009	-1.72023	0.232165	0.8560550.681342	-1.72361	0.233761	0.857721
0.1385	0.672637	-1.71472	0.229594	0.8533360.675898	-1.71806	0.23115	0.854973
0.1395	0.667299	-1.70922	0.227047	0.850620.670489	-1.7125	0.228564	0.85223
0.1405	0.661993	-1.70371	0.224524	0.8479090.665114	-1.70695	0.226003	0.84949
0.1415	0.65672	-1.69821	0.222024	0.8452010.659774	-1.70139	0.223467	0.846756
0.1425	0.65148	-1.6927	0.219548	0.8424970.654468	-1.69583	0.220955	0.844025
0.1435	0.646273	-1.68719	0.217095	0.8397980.649197	-1.69028	0.218467	0.841299
0.1445	0.641099	-1.68169	0.214666	0.8371020.643959	-1.68472	0.216004	0.838578
0.1455	0.635956	-1.67618	0.212259	0.834410.638755	-1.67917	0.213564	0.835861
0.1465	0.630847	-1.67067	0.209876	0.8317220.633585	-1.67361	0.211148	0.833148
0.1475	0.625769	-1.66516	0.207514	0.8290380.628449	-1.66806	0.208756	0.830439
0.1485	0.620723	-1.65965	0.205176	0.8263580.623346	-1.6625	0.206386	0.827736
0.1495	0.61571	-1.65413	0.20286	0.8236820.618276	-1.65695	0.20404	0.825036
0.1505	0.610728	-1.64862	0.200565	0.821010.613239	-1.65139	0.201717	0.822341
0.1515	0.605777	-1.64311	0.198293	0.8183420.608235	-1.64583	0.199416	0.81965
0.1525	0.600859	-1.63759	0.196043	0.8156780.603264	-1.64028	0.197138	0.816964
0.1535	0.595972	-1.63208	0.193814	0.8130180.598325	-1.63472	0.194882	0.814282
0.1545	0.591116	-1.62656	0.191607	0.8103620.593419	-1.62917	0.192649	0.811605
0.1555	0.586291	-1.62105	0.189421	0.807710.588545	-1.62361	0.190437	0.808932
0.1565	0.581497	-1.61553	0.187257	0.8050630.583703	-1.61806	0.188247	0.806263
0.1575	0.576734	-1.61001	0.185113	0.8024190.578893	-1.6125	0.186079	0.803599
0.1585	0.572002	-1.60449	0.18299	0.7997790.574114	-1.60695	0.183932	0.800939
0.1595	0.5673	-1.59897	0.180888	0.7971430.569368	-1.60139	0.181807	0.798283
0.1605	0.562629	-1.59345	0.178806	0.7945120.564652	-1.59583	0.179702	0.795632
0.1615	0.557988	-1.58794	0.176745	0.7918840.559969	-1.59028	0.177619	0.792986
0.1625	0.553378	-1.58241	0.174704	0.7892610.555316	-1.58472	0.175556	0.790344
0.1635	0.548798	-1.57689	0.172683	0.7866420.550694	-1.57917	0.173514	0.787706
0.1645	0.544247	-1.57137	0.170682	0.7840270.546103	-1.57361	0.171492	0.785073
0.1655	0.539726	-1.56585	0.1687	0.7814160.541543	-1.56806	0.169491	0.782444
0.1665	0.535236	-1.56033	0.166738	0.7788090.537013	-1.5625	0.167509	0.779819
0.1675	0.530774	-1.55481	0.164796	0.7762060.532513	-1.55695	0.165547	0.777199
0.1685	0.526342	-1.54928	0.162873	0.7736080.528044	-1.55139	0.163606	0.774583
0.1695	0.52194	-1.54376	0.160969	0.7710130.523605	-1.54583	0.161683	0.771972
0.1705	0.517566	-1.53823	0.159084	0.7684230.519196	-1.54028	0.15978	0.769365
0.1715	0.513222	-1.53271	0.157218	0.7658370.514816	-1.53472	0.157897	0.766762
0.1725	0.508906	-1.52718	0.15537	0.7632550.510466	-1.52917	0.156032	0.764164
0.1735	0.504619	-1.52166	0.153541	0.7606770.506146	-1.52361	0.154186	0.761571
0.1745	0.500361	-1.51613	0.15173	0.7581030.501854	-1.51806	0.152359	0.758981
0.1755	0.496131	-1.51061	0.149938	0.7555340.497592	-1.5125	0.150551	0.756396
0.1765	0.491929	-1.50508	0.148163	0.7529690.493359	-1.50695	0.148761	0.753816
0.1775	0.487756	-1.49955	0.146406	0.7504080.489155	-1.50139	0.146989	0.75124
0.1785	0.483611	-1.49403	0.144668	0.7478510.48498	-1.49583	0.145236	0.748668
0.1795	0.479494	-1.4885	0.142946	0.7452980.480833	-1.49028	0.1435	0.746101
0.1805	0.475404	-1.48297	0.141242	0.7427490.476714	-1.48472	0.141782	0.743538
0.1815	0.471342	-1.47744	0.139556	0.7402050.472624	-1.47917	0.140082	0.74098
0.1825	0.467308	-1.47191	0.137887	0.7376650.468562	-1.47361	0.138399	0.738426
0.1835	0.463301	-1.46638	0.136234	0.7351290.464528	-1.46806	0.136734	0.735876
0.1845	0.459321	-1.46085	0.134599	0.7325970.460522	-1.4625	0.135086	0.733331
0.1855	0.455368	-1.45532	0.13298	0.7300690.456543	-1.45695	0.133455	0.73079
0.1865	0.451442	-1.44979	0.131378	0.7275460.452592	-1.45139	0.131841	0.728254
0.1875	0.447543	-1.44426	0.129792	0.7250260.448669	-1.44583	0.130243	0.725722
0.1885	0.443671	-1.43873	0.128223	0.7225110.444772	-1.44028	0.128663	0.723194
0.1895	0.439825	-1.43319	0.12667	0.720.440903	-1.43472	0.127098	0.720671
0.1905	0.436006	-1.42766	0.125133	0.7174940.437061	-1.42917	0.12555	0.718152
0.1915	0.432213	-1.42213	0.123611	0.7149910.433245	-1.42361	0.124019	0.715638
0.1925	0.428446	-1.41659	0.122106	0.7124930.429456	-1.41806	0.122503	0.713128
0.1935	0.424705	-1.41106	0.120616	0.7099980.425694	-1.4125	0.121003	0.710623
0.1945	0.42099	-1.40553	0.119142	0.7075080.421958	-1.40695	0.119519	0.708122
0.1955	0.417301	-1.39999	0.117683	0.7050220.418249	-1.40139	0.118051	0.705625
0.1965	0.413637	-1.39445	0.116239	0.7025410.414566	-1.39583	0.116598	0.703133
0.1975	0.409999	-1.38892	0.11481	0.7000630.410908	-1.39028	0.11516	0.700645
0.1985	0.406386	-1.38338	0.113396	0.697590.407277	-1.38472	0.113738	0.698161
0.1995	0.402798	-1.37785	0.111997	0.6951210.403671	-1.37917	0.112331	0.695682
0.2005	0.399236	-1.37231	0.110613	0.6926560.400091	-1.37361	0.110938	0.693208
0.2015	0.395698	-1.36677	0.109244	0.6901950.396536	-1.36806	0.109561	0.690737
0.2025	0.392185	-1.36123	0.107888	0.6877380.393006	-1.3625	0.108198	0.688272
0.2035	0.388697	-1.35569	0.106547	0.6852860.389502	-1.35695	0.10685	0.68581
0.2045	0.385234	-1.35015	0.105221	0.6828380.386023	-1.35139	0.105516	0.683353
0.2055	0.381794	-1.34461	0.103908	0.6803940.382569	-1.34583	0.104196	0.680901
0.2065	0.37838	-1.33907	0.10261	0.6779540.379139	-1.34028	0.102891	0.678452
0.2075	0.374989	-1.33353	0.101325	0.6755180.375734	-1.33472	0.1016	0.676009
0.2085	0.371622	-1.32799	0.100054	0.6730860.372354	-1.32917	0.100322	0.673569
0.2095	0.368279	-1.32245	0.098796	0.6706590.368998	-1.32361	0.0990588	0.671134
0.2105	0.364961	-1.31691	0.0975519	0.6682360.365666	-1.31806	0.0978089	0.668704
0.2115	0.361665	-1.31137	0.0963212	0.6658170.362358	-1.3125	0.0965725	0.666278
0.2125	0.358394	-1.30582	0.0951037	0.6634020.359074	-1.30695	0.0953495	0.663856
0.2135	0.355145	-1.30028	0.0938993	0.6609920.355815	-1.30139	0.0941398	0.661439
0.2145	0.351921	-1.29473	0.0927079	0.6585850.352578	-1.29583	0.0929433	0.659026
0.2155	0.348719	-1.28919	0.0915294	0.6561830.349366	-1.29028	0.0917599	0.656617
0.2165	0.34554	-1.28365	0.0903636	0.6537850.346177	-1.28472	0.0905894	0.654213
0.2175	0.342384	-1.2781	0.0892105	0.6513910.343011	-1.27917	0.0894317	0.651813
0.2185	0.339252	-1.27255	0.08807	0.6490020.339869	-1.27361	0.0882867	0.649418
0.2195	0.336141	-1.26701	0.0869418	0.6466160.336749	-1.26806	0.0871543	0.647027
0.2205	0.333054	-1.26146	0.085826	0.6442350.333653	-1.2625	0.0860344	0.644641
0.2215	0.329989	-1.25591	0.0847224	0.6418580.330579	-1.25695	0.0849269	0.642259
0.2225	0.326946	-1.25037	0.0836309	0.6394860.327528	-1.25139	0.0838315	0.639881
0.2235	0.323925	-1.24482	0.0825514	0.6371170.324499	-1.24583	0.0827484	0.637508
0.2245	0.320927	-1.23927	0.0814837	0.6347530.321493	-1.24028	0.0816772	0.635139
0.2255	0.317951	-1.23372	0.0804278	0.6323930.31851	-1.23472	0.0806179	0.632775
0.2265	0.314996	-1.22817	0.0793836	0.6300370.315548	-1.22917	0.0795705	0.630415
0.2275	0.312063	-1.22262	0.078351	0.6276850.312609	-1.22361	0.0785347	0.628059
0.2285	0.309152	-1.21707	0.0773298	0.6253380.309691	-1.21806	0.0775105	0.625708
0.2295	0.306262	-1.21152	0.0763199	0.6229950.306796	-1.2125	0.0764978	0.623361
0.2305	0.303394	-1.20597	0.0753213	0.6206560.303922	-1.20695	0.0754964	0.621019
0.2315	0.300547	-1.20041	0.0743338	0.6183210.301069	-1.20139	0.0745063	0.618681
0.2325	0.297721	-1.19486	0.0733574	0.615990.298238	-1.19583	0.0735274	0.616347
0.2335	0.294917	-1.18931	0.0723919	0.6136640.295429	-1.19028	0.0725595	0.614018
0.2345	0.292133	-1.18376	0.0714372	0.6113420.29264	-1.18472	0.0716025	0.611693
0.2355	0.28937	-1.1782	0.0704933	0.6090240.289873	-1.17917	0.0706564	0.609373
0.2365	0.286628	-1.17265	0.06956	0.6067110.287127	-1.17361	0.069721	0.607057
0.2375	0.283906	-1.16709	0.0686372	0.6044010.284401	-1.16806	0.0687962	0.604746
0.2385	0.281205	-1.16154	0.0677249	0.6020960.281697	-1.1625	0.067882	0.602439
0.2395	0.278524	-1.15598	0.0668229	0.5997950.279013	-1.15695	0.0669782	0.600136
0.2405	0.275863	-1.15042	0.0659311	0.5974990.276349	-1.15139	0.0660847	0.597838
0.2415	0.273223	-1.14487	0.0650495	0.5952060.273706	-1.14583	0.0652015	0.595544
0.2425	0.270602	-1.13931	0.064178	0.5929180.271083	-1.14028	0.0643284	0.593254
0.2435	0.268002	-1.13375	0.0633164	0.5906340.26848	-1.13472	0.0634654	0.590969
0.2445	0.265421	-1.12819	0.0624646	0.5883540.265897	-1.12917	0.0626123	0.588689
0.2455	0.26286	-1.12264	0.0616227	0.5860790.263334	-1.12361	0.061769	0.586412
0.2465	0.260319	-1.11708	0.0607904	0.5838070.260791	-1.11806	0.0609355	0.58414
0.2475	0.257797	-1.11152	0.0599677	0.581540.258268	-1.1125	0.0601117	0.581873
0.2485	0.255294	-1.10596	0.0591544	0.5792780.255764	-1.10695	0.0592974	0.57961
0.2495	0.252811	-1.1004	0.0583506	0.5770190.25328	-1.10139	0.0584926	0.577351
0.2505	0.250346	-1.09484	0.0575561	0.5747650.250815	-1.09583	0.0576972	0.575097
0.2515	0.247901	-1.08927	0.0567709	0.5725150.248369	-1.09028	0.0569111	0.572848
0.2525	0.245475	-1.08371	0.0559947	0.5702690.245942	-1.08472	0.0561341	0.570602
0.2535	0.243067	-1.07815	0.0552276	0.5680280.243535	-1.07917	0.0553663	0.568361
0.2545	0.240679	-1.07259	0.0544695	0.5657910.241146	-1.07361	0.0546075	0.566125
0.2555	0.238309	-1.06702	0.0537202	0.5635580.238776	-1.06806	0.0538576	0.563893
0.2565	0.235957	-1.06146	0.0529798	0.5613290.236425	-1.0625	0.0531166	0.561665
0.2575	0.233624	-1.05589	0.052248	0.5591040.234092	-1.05695	0.0523843	0.559441
0.2585	0.231309	-1.05033	0.0515249	0.5568840.231778	-1.05139	0.0516607	0.557223
0.2595	0.229012	-1.04476	0.0508103	0.5546680.229482	-1.04583	0.0509457	0.555008
0.2605	0.226734	-1.0392	0.0501042	0.5524570.227204	-1.04028	0.0502392	0.552798
0.2615	0.224473	-1.03363	0.0494065	0.550250.224944	-1.03472	0.0495411	0.550592
0.2625	0.22223	-1.02807	0.048717	0.5480470.222703	-1.02917	0.0488513	0.548391
0.2635	0.220005	-1.0225	0.0480358	0.5458480.220479	-1.02361	0.0481698	0.546194
0.2645	0.217798	-1.01693	0.0473628	0.5436540.218273	-1.01806	0.0474964	0.544002
0.2655	0.215609	-1.01137	0.0466978	0.5414640.216085	-1.0125	0.0468312	0.541814
0.2665	0.213437	-1.0058	0.0460408	0.5392790.213915	-1.00695	0.0461739	0.53963
0.2675	0.211282	-1.00023	0.0453917	0.5370970.211761	-1.00139	0.0455245	0.537451
0.2685	0.209145	-0.994662	0.0447505	0.5349210.209626	-0.995835	0.044883	0.535276
0.2695	0.207026	-0.989094	0.044117	0.5327480.207507	-0.990279	0.0442493	0.533106
0.2705	0.204923	-0.983526	0.0434912	0.5305810.205406	-0.984724	0.0436232	0.53094
0.2715	0.202837	-0.977958	0.0428731	0.5284170.203322	-0.979168	0.0430048	0.528778
0.2725	0.200769	-0.97239	0.0422625	0.5262580.201254	-0.973613	0.0423939	0.526621
0.2735	0.198717	-0.966822	0.0416594	0.5241040.199204	-0.968057	0.0417904	0.524468
0.2745	0.196682	-0.961254	0.0410637	0.5219540.19717	-0.962502	0.0411943	0.52232
0.2755	0.194664	-0.955686	0.0404753	0.5198090.195153	-0.956946	0.0406055	0.520176
0.2765	0.192663	-0.950119	0.0398941	0.5176680.193152	-0.95139	0.040024	0.518036
0.2775	0.190678	-0.944551	0.0393202	0.5155320.191168	-0.945835	0.0394496	0.515901
0.2785	0.188709	-0.938984	0.0387534	0.51340.189201	-0.940279	0.0388823	0.51377
0.2795	0.186757	-0.933417	0.0381936	0.5112730.187249	-0.934724	0.038322	0.511644
0.2805	0.184821	-0.92785	0.0376407	0.509150.185314	-0.929168	0.0377686	0.509522
0.2815	0.182902	-0.922283	0.0370948	0.5070320.183394	-0.923613	0.0372221	0.507405
0.2825	0.180998	-0.916717	0.0365557	0.5049180.181491	-0.918057	0.0366823	0.505292
0.2835	0.179111	-0.911151	0.0360234	0.502810.179603	-0.912502	0.0361493	0.503183
0.2845	0.177239	-0.905585	0.0354978	0.5007050.177732	-0.906946	0.035623	0.501079
0.2855	0.175383	-0.900019	0.0349787	0.4986060.175875	-0.90139	0.0351032	0.498979
0.2865	0.173542	-0.894454	0.0344663	0.4965110.174035	-0.895835	0.03459	0.496883
0.2875	0.171718	-0.888889	0.0339603	0.494420.17221	-0.890279	0.0340832	0.494792
0.2885	0.169908	-0.883325	0.0334607	0.4923340.1704	-0.884724	0.0335827	0.492706
0.2895	0.168114	-0.87776	0.0329674	0.4902530.168605	-0.879168	0.0330886	0.490623
0.2905	0.166336	-0.872196	0.0324804	0.4881760.166826	-0.873613	0.0326008	0.488546
0.2915	0.164572	-0.866632	0.0319997	0.4861040.165061	-0.868057	0.0321191	0.486472
0.2925	0.162824	-0.861069	0.031525	0.4840360.163312	-0.862502	0.0316435	0.484403
0.2935	0.16109	-0.855505	0.0310565	0.4819730.161577	-0.856946	0.031174	0.482339
0.2945	0.159371	-0.849942	0.0305939	0.4799150.159857	-0.85139	0.0307104	0.480278
0.2955	0.157668	-0.84438	0.0301373	0.4778610.158152	-0.845835	0.0302528	0.478223
0.2965	0.155978	-0.838817	0.0296865	0.4758120.156462	-0.840279	0.029801	0.476171
0.2975	0.154304	-0.833255	0.0292416	0.4737670.154786	-0.834724	0.029355	0.474124
0.2985	0.152644	-0.827693	0.0288025	0.4717270.153124	-0.829168	0.0289148	0.472082
0.2995	0.150998	-0.822131	0.028369	0.4696920.151477	-0.823613	0.0284802	0.470044
0.3005	0.149366	-0.81657	0.0279411	0.4676610.149843	-0.818057	0.0280513	0.46801
0.3015	0.147749	-0.811009	0.0275189	0.4656350.148224	-0.812502	0.0276279	0.465981
0.3025	0.146146	-0.805448	0.0271021	0.4636140.146619	-0.806946	0.0272099	0.463956
0.3035	0.144557	-0.799888	0.0266908	0.4615970.145028	-0.80139	0.0267975	0.461935
0.3045	0.142982	-0.794328	0.0262849	0.4595850.143451	-0.795835	0.0263903	0.459919
0.3055	0.14142	-0.788768	0.0258843	0.4575770.141888	-0.790279	0.0259885	0.457907
0.3065	0.139873	-0.783209	0.025489	0.4555740.140338	-0.784724	0.025592	0.4559
0.3075	0.138339	-0.77765	0.0250989	0.4535760.138801	-0.779168	0.0252006	0.453897
0.3085	0.136818	-0.772092	0.0247139	0.4515830.137279	-0.773613	0.0248144	0.451899
0.3095	0.135311	-0.766534	0.0243341	0.4495940.135769	-0.768057	0.0244333	0.449905
0.3105	0.133818	-0.760976	0.0239593	0.447610.134273	-0.762502	0.0240572	0.447915
0.3115	0.132338	-0.755418	0.0235894	0.445630.13279	-0.756946	0.0236861	0.44593
0.3125	0.130871	-0.749861	0.0232245	0.4436550.131321	-0.75139	0.0233199	0.443949
0.3135	0.129417	-0.744303	0.0228645	0.4416840.129864	-0.745835	0.0229585	0.441973
0.3145	0.127976	-0.738747	0.0225093	0.4397180.12842	-0.740279	0.022602	0.440001
0.3155	0.126547	-0.73319	0.0221588	0.4377570.126989	-0.734724	0.0222502	0.438033
0.3165	0.125132	-0.727633	0.0218131	0.43580.125571	-0.729168	0.0219031	0.43607
0.3175	0.12373	-0.722077	0.0214719	0.4338480.124166	-0.723613	0.0215607	0.434111
0.3185	0.12234	-0.716521	0.0211354	0.4319010.122773	-0.718057	0.0212229	0.432157
0.3195	0.120962	-0.710965	0.0208035	0.4299580.121393	-0.712502	0.0208896	0.430207
0.3205	0.119597	-0.705409	0.020476	0.4280190.120025	-0.706946	0.0205608	0.428261
0.3215	0.118245	-0.699853	0.020153	0.4260850.11867	-0.70139	0.0202365	0.42632
0.3225	0.116905	-0.694297	0.0198343	0.4241560.117327	-0.695835	0.0199166	0.424383
0.3235	0.115577	-0.688742	0.01952	0.422230.115996	-0.690279	0.019601	0.422451
0.3245	0.114261	-0.683186	0.0192099	0.420310.114677	-0.684724	0.0192897	0.420523
0.3255	0.112957	-0.677629	0.0189041	0.4183930.11337	-0.679168	0.0189826	0.4186
0.3265	0.111664	-0.672073	0.0186024	0.4164810.112075	-0.673613	0.0186798	0.416681
0.3275	0.110384	-0.666516	0.0183049	0.4145730.110792	-0.668057	0.0183811	0.414766
0.3285	0.109115	-0.660959	0.0180114	0.412670.109521	-0.662502	0.0180865	0.412856
0.3295	0.107858	-0.655401	0.017722	0.410770.108261	-0.656946	0.0177959	0.41095
0.3305	0.106613	-0.649842	0.0174365	0.4088750.107013	-0.65139	0.0175094	0.409048
0.3315	0.105378	-0.644283	0.0171549	0.4069840.105777	-0.645835	0.0172268	0.407151
0.3325	0.104155	-0.638723	0.0168772	0.4050970.104552	-0.640279	0.0169482	0.405259
0.3335	0.102944	-0.633162	0.0166034	0.4032140.103338	-0.634724	0.0166734	0.403371
0.3345	0.101743	-0.6276	0.0163333	0.4013350.102136	-0.629168	0.0164025	0.401487
0.3355	0.100554	-0.622039	0.016067	0.399460.100945	-0.623613	0.0161353	0.399607
0.3365	0.099376	-0.616476	0.0158043	0.397590.0997648	-0.618057	0.0158719	0.397732
0.3375	0.0982088	-0.610913	0.0155454	0.3957230.0985959	-0.612502	0.0156121	0.395862
0.3385	0.0970525	-0.60535	0.0152901	0.3938610.097438	-0.606946	0.0153561	0.393996
0.3395	0.095907	-0.599786	0.0150383	0.3920030.096291	-0.60139	0.0151036	0.392134
0.3405	0.0947724	-0.594221	0.0147902	0.3901490.0951548	-0.595835	0.0148547	0.390276
0.3415	0.0936484	-0.588656	0.0145455	0.38830.0940294	-0.590279	0.0146093	0.388423
0.3425	0.0925351	-0.583091	0.0143043	0.3864550.0929147	-0.584724	0.0143674	0.386575
0.3435	0.0914323	-0.577525	0.0140664	0.3846140.0918105	-0.579168	0.0141289	0.384731
0.3445	0.0903399	-0.571959	0.013832	0.3827770.0907169	-0.573613	0.0138939	0.382891
0.3455	0.0892578	-0.566392	0.0136009	0.3809450.0896337	-0.568057	0.0136622	0.381056
0.3465	0.088186	-0.560824	0.0133731	0.3791160.0885609	-0.562502	0.0134338	0.379225
0.3475	0.0871244	-0.555256	0.0131486	0.3772930.0874984	-0.556946	0.0132087	0.377398
0.3485	0.0860728	-0.549686	0.0129272	0.3754730.0864461	-0.55139	0.0129868	0.375576
0.3495	0.0850313	-0.544117	0.0127091	0.3736580.085404	-0.545835	0.0127682	0.373759
0.3505	0.0839996	-0.538546	0.012494	0.3718480.0843719	-0.540279	0.0125527	0.371945
0.3515	0.0829778	-0.532975	0.0122821	0.3700420.0833498	-0.534724	0.0123403	0.370137
0.3525	0.0819658	-0.527403	0.0120733	0.3682410.0823377	-0.529168	0.012131	0.368332
0.3535	0.0809636	-0.521831	0.0118675	0.3664450.0813354	-0.523613	0.0119248	0.366532
0.3545	0.079971	-0.516258	0.0116647	0.3646530.0803429	-0.518057	0.0117216	0.364736
0.3555	0.0789879	-0.510686	0.0114648	0.3628670.0793602	-0.512502	0.0115214	0.362945
0.3565	0.0780143	-0.505112	0.011268	0.3610860.078387	-0.506946	0.0113241	0.361158
0.3575	0.0770502	-0.499539	0.011074	0.359310.0774235	-0.50139	0.0111297	0.359376
0.3585	0.0760953	-0.493965	0.0108828	0.357540.0764694	-0.495835	0.0109381	0.357598
0.3595	0.0751496	-0.488391	0.0106945	0.3557750.0755247	-0.490279	0.0107494	0.355824
0.3605	0.074213	-0.482816	0.010509	0.3540150.0745895	-0.484724	0.0105635	0.354055
0.3615	0.0732853	-0.477239	0.0103262	0.3522610.0736635	-0.479168	0.0103804	0.35229
0.3625	0.0723665	-0.471662	0.0101461	0.3505120.0727467	-0.473613	0.0102	0.35053
0.3635	0.0714564	-0.466083	0.00996871	0.3487690.0718391	-0.468057	0.0100222	0.348774
0.3645	0.0705549	-0.460503	0.00979392	0.3470320.0709405	-0.462502	0.00984719	0.347023
0.3655	0.0696619	-0.454921	0.00962173	0.3453010.070051	-0.456946	0.00967476	0.345275
0.3665	0.0687774	-0.449338	0.0094521	0.3435760.0691704	-0.45139	0.00950492	0.343533
0.3675	0.0679013	-0.443753	0.009285	0.3418570.0682987	-0.445835	0.00933765	0.341794
0.3685	0.0670335	-0.438167	0.00912043	0.3401440.0674358	-0.440279	0.00917291	0.340061
0.3695	0.0661741	-0.43258	0.00895835	0.3384390.0665817	-0.434724	0.00901066	0.338331
0.3705	0.0653231	-0.426993	0.00879875	0.336740.0657362	-0.429168	0.00885088	0.336606
0.3715	0.0644804	-0.421405	0.00864162	0.3350480.0648993	-0.423613	0.00869353	0.334885
0.3725	0.0636459	-0.415819	0.00848692	0.3333650.064071	-0.418057	0.00853859	0.333169
0.3735	0.0628199	-0.410233	0.00833466	0.3316890.0632512	-0.412502	0.00838602	0.331457
0.3745	0.0620021	-0.404649	0.0081848	0.3300210.0624398	-0.406946	0.0082358	0.32975
0.3755	0.0611927	-0.399067	0.00803734	0.3283620.0616367	-0.40139	0.00808788	0.328047
0.3765	0.0603915	-0.393487	0.00789225	0.3267120.0608419	-0.395835	0.00794225	0.326348
0.3775	0.0595986	-0.387911	0.0077495	0.3250710.0600553	-0.390279	0.00779888	0.324654
0.3785	0.0588139	-0.382337	0.00760907	0.3234390.0592769	-0.384724	0.00765772	0.322964
0.3795	0.0580373	-0.376766	0.00747094	0.3218160.0585066	-0.379168	0.00751877	0.321279
0.3805	0.0572689	-0.371199	0.00733506	0.3202030.0577443	-0.373613	0.00738198	0.319598
0.3815	0.0565083	-0.365634	0.00720141	0.3185990.05699	-0.368057	0.00724732	0.317921
0.3825	0.0557556	-0.360072	0.00706993	0.3170050.0562435	-0.362502	0.00711478	0.316249
0.3835	0.0550106	-0.354512	0.0069406	0.3154210.055505	-0.356946	0.00698432	0.314581
0.3845	0.0542731	-0.348952	0.00681334	0.3138450.0547742	-0.35139	0.00685592	0.312918
0.3855	0.0535429	-0.343392	0.00668813	0.3122790.0540511	-0.345835	0.00672955	0.311259
0.3865	0.0528199	-0.337831	0.00656491	0.3107220.0533356	-0.340279	0.00660518	0.309604
0.3875	0.0521038	-0.332268	0.00644364	0.3091730.0526278	-0.334724	0.00648278	0.307954
0.3885	0.0513946	-0.326702	0.00632426	0.3076320.0519275	-0.329168	0.00636234	0.306308
0.3895	0.0506922	-0.321133	0.00620677	0.3061010.0512347	-0.323613	0.00624381	0.304667
0.3905	0.0499965	-0.31556	0.00609112	0.3045770.0505493	-0.318057	0.00612719	0.30303
0.3915	0.0493076	-0.309985	0.00597731	0.3030620.0498712	-0.312502	0.00601243	0.301398
0.3925	0.0486256	-0.304408	0.00586535	0.3015560.0492005	-0.306946	0.00589953	0.29977
0.3935	0.0479507	-0.298831	0.00575523	0.300060.048537	-0.30139	0.00578844	0.298146
0.3945	0.047283	-0.293257	0.00564699	0.2985740.0478806	-0.295835	0.00567915	0.296527
0.3955	0.0466229	-0.287687	0.00554064	0.2970990.0472314	-0.290279	0.00557164	0.294912
0.3965	0.0459705	-0.282125	0.0054362	0.2956350.0465892	-0.284724	0.00546588	0.293301
0.3975	0.0453262	-0.276572	0.00533369	0.2941840.0459541	-0.279168	0.00536184	0.291695
0.3985	0.0446899	-0.271031	0.0052331	0.2927450.0453259	-0.273613	0.0052595	0.290094
0.3995	0.0440619	-0.265503	0.00513443	0.2913190.0447046	-0.268057	0.00515884	0.288497
0.4005	0.043442	-0.259988	0.00503764	0.2899060.0440901	-0.262502	0.00505984	0.286904
0.4015	0.04283	-0.254485	0.00494268	0.2885060.0434823	-0.256946	0.00496247	0.285315
0.4025	0.0422258	-0.248992	0.0048495	0.2871170.0428814	-0.25139	0.00486671	0.283731
0.4035	0.041629	-0.243507	0.00475802	0.2857390.042287	-0.245835	0.00477254	0.282152
0.4045	0.0410392	-0.238027	0.00466815	0.2843720.0416993	-0.240279	0.00467994	0.280577
0.4055	0.040456	-0.232548	0.00457983	0.2830130.0411181	-0.234724	0.00458888	0.279006
0.4065	0.0398791	-0.227067	0.00449297	0.2816620.0405435	-0.229168	0.00449934	0.27744
0.4075	0.0393082	-0.221582	0.00440752	0.2803180.0399752	-0.223613	0.00441131	0.275878
0.4085	0.0387432	-0.216091	0.00432344	0.2789810.0394134	-0.218057	0.00432475	0.27432
0.4095	0.0381841	-0.210594	0.00424072	0.277650.0388579	-0.212502	0.00423966	0.272767
0.4105	0.0376309	-0.205092	0.00415934	0.2763250.0383087	-0.206946	0.004156	0.271218
0.4115	0.0370839	-0.199587	0.00407932	0.2750070.0377657	-0.20139	0.00407377	0.269674
0.4125	0.0365434	-0.194083	0.00400072	0.2736960.0372289	-0.195835	0.00399293	0.268134
0.4135	0.0360099	-0.188586	0.00392357	0.2723950.0366982	-0.190279	0.00391347	0.266599
0.4145	0.0354838	-0.1831	0.00384792	0.2711040.0361735	-0.184724	0.00383537	0.265067
0.4155	0.0349655	-0.177631	0.00377381	0.2698240.0356549	-0.179168	0.00375861	0.263541
0.4165	0.0344554	-0.172184	0.00370129	0.2685560.0351423	-0.173613	0.00368317	0.262019
0.4175	0.0339538	-0.166762	0.00363036	0.2673020.0346356	-0.168057	0.00360903	0.260501
0.4185	0.0334607	-0.161368	0.00356102	0.266060.0341347	-0.162502	0.00353618	0.258987
0.4195	0.0329759	-0.156001	0.00349322	0.2648320.0336396	-0.156946	0.00346459	0.257478
0.4205	0.032499	-0.150657	0.00342689	0.2636150.0331503	-0.15139	0.00339424	0.255974
0.4215	0.0320295	-0.14533	0.00336191	0.2624080.0326667	-0.145835	0.00332513	0.254473
0.4225	0.0315664	-0.140011	0.00329815	0.2612070.0321888	-0.140279	0.00325722	0.252978
0.4235	0.0311087	-0.134686	0.00323541	0.2600090.0317165	-0.134724	0.0031905	0.251486
0.4245	0.030655	-0.12934	0.00317352	0.2588090.0312497	-0.129168	0.00312496	0.249999
0.4255	0.0302041	-0.123956	0.00311227	0.2576030.0307885	-0.123613	0.00306058	0.248517
0.4265	0.0297547	-0.118518	0.00305148	0.2563860.0303327	-0.118057	0.00299734	0.247038
0.4275	0.0293059	-0.11301	0.002991	0.2551540.0298823	-0.112502	0.00293522	0.245565
0.4285	0.0288567	-0.10742	0.00293072	0.2539030.0294373	-0.106946	0.00287421	0.244095
0.4295	0.0284068	-0.10174	0.00287057	0.2526310.0289977	-0.10139	0.00281429	0.24263
0.4305	0.0279566	-0.0959737	0.00281064	0.2513390.0285632	-0.0958349	0.00275544	0.24117
0.4315	0.0275079	-0.0901403	0.00275115	0.2500330.028134	-0.0902793	0.00269765	0.239714
0.4325	0.0270624	-0.0842618	0.00269234	0.2487170.02771	-0.0847238	0.0026409	0.238262
0.4335	0.0266217	-0.0783604	0.00263445	0.2473960.0272911	-0.0791682	0.00258518	0.236815
0.4345	0.0261875	-0.0724587	0.00257767	0.2460780.0268773	-0.0736127	0.00253047	0.235372
0.4355	0.0257612	-0.0665775	0.00252219	0.2447670.0264686	-0.0680571	0.00247675	0.233933
0.4365	0.0253438	-0.0607341	0.00246815	0.2434670.0260648	-0.0625015	0.00242402	0.232499
0.4375	0.024936	-0.0549417	0.00241562	0.2421810.0256659	-0.056946	0.00237225	0.23107
0.4385	0.0245384	-0.0492113	0.00236466	0.2409130.025272	-0.0513904	0.00232143	0.229644
0.4395	0.0241514	-0.0435532	0.0023153	0.2396650.0248829	-0.0458349	0.00227154	0.228223
0.4405	0.0237757	-0.0379817	0.00226763	0.238440.0244986	-0.0402793	0.00222258	0.226807
0.4415	0.0234123	-0.0325191	0.00222178	0.2372450.0241191	-0.0347238	0.00217453	0.225395
0.4425	0.0230632	-0.0272004	0.00217798	0.2360880.0237443	-0.0291682	0.00212737	0.223987
0.4435	0.0227311	-0.0220761	0.00213656	0.2349820.0233741	-0.0236127	0.00208109	0.222584
0.4445	0.0224197	-0.0172123	0.00209797	0.2339430.0230086	-0.0180571	0.00203567	0.221185
0.4455	0.0221331	-0.0126877	0.00206274	0.2329920.0226477	-0.0125015	0.00199111	0.219791
0.4465	0.0218758	-0.00858582	0.00203139	0.232150.0222914	-0.00694599	0.00194738	0.218401
0.4475	0.0216518	-0.00498502	0.00200438	0.2314340.0219395	-0.00139044	0.00190448	0.217015
0.4485	0.0214637	-0.00194606	0.00198206	0.2308620.0218521	0	0.00189387	0.216669
0.4495	0.0213128	0.000497361	0.00196454	0.2304420.0218521	0	0.00189387	0.216669
0.4505	0.0211978	0.00234392	0.00195174	0.2301810.0218521	0	0.00189387	0.216669
0.4515	0.0211162	0.00362901	0.00194336	0.2300790.0218521	0	0.00189387	0.216669
0.4525	0.021064	0.00442882	0.00193886	0.2301160.0218521	0	0.00189387	0.216669
0.4535	0.0210365	0.00485062	0.00193739	0.2302410.0218521	0	0.00189387	0.216669
0.4545	0.0210273	0.00500875	0.00193761	0.2303680.0218521	0	0.00189387	0.216669
0.4555	0.0210284	0.00501113	0.00193857	0.2304710.0218521	0	0.00189387	0.216669
0.4565	0.0210464	0.00472106	0.00194167	0.2306420.0218521	0	0.00189387	0.216669
0.4575	0.0211064	0.00369629	0.00195061	0.2310450.0218521	0	0.00189387	0.216669
0.4585	0.0211974	0.00213818	0.00196398	0.2316290.0218521	0	0.00189387	0.216669
0.4595	0.0212798	0.000740222	0.00197625	0.2321740.0218521	0	0.00189387	0.216669
0.4605	0.0213391	-0.000251242	0.00198544	0.2326060.0218521	0	0.00189387	0.216669
0.4615	0.0213779	-0.00087961	0.00199192	0.2329410.0218521	0	0.00189387	0.216669
0.4625	0.0214004	-0.00121294	0.00199621	0.2331980.0218521	0	0.00189387	0.216669
0.4635	0.0214115	-0.00132612	0.00199897	0.2333990.0218521	0	0.00189387	0.216669
0.4645	0.0214161	-0.00129227	0.0020007	0.2335510.0218521	0	0.00189387	0.216669
0.4655	0.0214173	-0.00120252	0.0020016	0.2336430.0218521	0	0.00189387	0.216669
0.4665	0.0214152	-0.00107553	0.00200181	0.233690.0218521	0	0.00189387	0.216669
0.4675	0.0214042	-0.000795775	0.00200086	0.2336990.0218521	0	0.00189387	0.216669
0.4685	0.0213713	-0.0001338	0.00199716	0.2336260.0218521	0	0.00189387	0.216669
0.4695	0.021318	0.000900925	0.0019909	0.2334760.0218521	0	0.00189387	0.216669
0.4705	0.0212584	0.00206078	0.00198377	0.2332930.0218521	0	0.00189387	0.216669
0.4715	0.0212007	0.00320547	0.00197681	0.2331070.0218521	0	0.00189387	0.216669
0.4725	0.0211476	0.00429048	0.00197034	0.2329270.0218521	0	0.00189387	0.216669
0.4735	0.0210996	0.00530678	0.0019644	0.2327530.0218521	0	0.00189387	0.216669
0.4745	0.0210573	0.00624071	0.00195908	0.232590.0218521	0	0.00189387	0.216669
0.4755	0.0210218	0.00710207	0.00195454	0.2324420.0218521	0	0.00189387	0.216669
0.4765	0.0209941	0.00794549	0.00195094	0.232320.0218521	0	0.00189387	0.216669
0.4775	0.0088188	0.00881673	0.00194829	0.5523110.0218521	0	0.00189387	0.216669
0.4785	0.00881212	0.00966008	0.00194622	0.5521440.0218521	0	0.00189387	0.216669
0.4795	0.00880597	0.0105006	0.00194438	0.5520060.0218521	0	0.00189387	0.216669
0.4805	0.0087997	0.0113573	0.0019426	0.5518940.0218521	0	0.00189387	0.216669
0.4815	0.00879281	0.0122421	0.00194078	0.5518090.0218521	0	0.00189387	0.216669
0.4825	0.00878502	0.0131626	0.00193885	0.5517480.0218521	0	0.00189387	0.216669
0.4835	0.00877644	0.0141086	0.00193683	0.5517140.0218521	0	0.00189387	0.216669
0.4845	0.00876732	0.0150628	0.0019348	0.5517090.0218521	0	0.00189387	0.216669
0.4855	0.00875788	0.016011	0.00193281	0.5517340.0218521	0	0.00189387	0.216669
0.4865	0.0087482	0.0169423	0.0019309	0.55180.0218521	0	0.00189387	0.216669
0.4875	0.00873823	0.0178445	0.00192914	0.5519250.0218521	0	0.00189387	0.216669
0.4885	0.00872773	0.0187015	0.00192758	0.5521410.0218521	0	0.00189387	0.216669
0.4895	0.00871637	0.0194988	0.00192627	0.5524860.0218521	0	0.00189387	0.216669
0.4905	0.00870369	0.0202317	0.00192521	0.5529860.0218521	0	0.00189387	0.216669
0.4915	0.00868928	0.02091	0.00192431	0.5536460.0218521	0	0.00189387	0.216669
0.4925	0.00867292	0.0215539	0.00192346	0.5544460.0218521	0	0.00189387	0.216669
0.4935	0.0086547	0.0221835	0.00192253	0.5553430.0218521	0	0.00189387	0.216669
0.4945	0.00863495	0.0228102	0.00192144	0.5562960.0218521	0	0.00189387	0.216669
0.4955	0.00861406	0.023436	0.00192015	0.5572720.0218521	0	0.00189387	0.216669
0.4965	0.00859222	0.0240584	0.00191865	0.5582530.0218521	0	0.00189387	0.216669
0.4975	0.00856948	0.0246737	0.00191693	0.5592310.0218521	0	0.00189387	0.216669
0.4985	0.00854595	0.0252753	0.00191495	0.5601920.0218521	0	0.00189387	0.216669
0.4995	0.00852206	0.0258504	0.0019127	0.5611030.0218521	0	0.00189387	0.216669
0.5005	0.00849845	0.0263862	0.00191017	0.5619170.0218521	0	0.00189387	0.216669
0.5015	0.00847529	0.0268738	0.00190734	0.5626180.0218521	0	0.00189387	0.216669
0.5025	0.00845237	0.0272928	0.00190431	0.5632470.0218521	0	0.00189387	0.216669
0.5035	0.0084296	0.0276058	0.00190132	0.5638810.0218521	0	0.00189387	0.216669
0.5045	0.00840724	0.027791	0.00189864	0.5645840.0218521	0	0.00189387	0.216669
0.5055	0.00838553	0.0278869	0.00189637	0.565370.0218521	0	0.00189387	0.216669
0.5065	0.00836434	0.0279953	0.00189438	0.5662070.0218521	0	0.00189387	0.216669
0.5075	0.00834379	0.0282317	0.00189253	0.5670460.0218521	0	0.00189387	0.216669
0.5085	0.00832508	0.0286479	0.00189092	0.5678380.0218521	0	0.00189387	0.216669
0.5095	0.00830963	0.029221	0.00188981	0.5685610.0218521	0	0.00189387	0.216669
0.5105	0.00829743	0.029926	0.00188931	0.5692440.0218521	0	0.00189387	0.216669
0.5115	0.008287	0.0308024	0.00188941	0.5699920.0218521	0	0.00189387	0.216669
0.5125	0.00827785	0.031834	0.00189026	0.5708790.0218521	0	0.00189387	0.216669
0.5135	0.00826992	0.0330228	0.00189206	0.5719690.0218521	0	0.00189387	0.216669
0.5145	0.0082636	0.0344057	0.00189497	0.5732870.0218521	0	0.00189387	0.216669
0.5155	0.00826046	0.0357754	0.00189851	0.5745770.0218521	0	0.00189387	0.216669
0.5165	0.00825995	0.0369366	0.00190184	0.575620.0218521	0	0.00189387	0.216669
0.5175	0.0082601	0.0378886	0.00190456	0.5764340.0218521	0	0.00189387	0.216669
0.5185	0.0082592	0.0391736	0.0019078	0.5774760.0218521	0	0.00189387	0.216669
0.5195	0.00825897	0.0406106	0.00191147	0.5786050.0218521	0	0.00189387	0.216669
0.5205	0.00825899	0.041693	0.00191418	0.5794240.0218521	0	0.00189387	0.216669
0.5215	0.00825874	0.0429375	0.00191714	0.5803360.0218521	0	0.00189387	0.216669
0.5225	0.00825872	0.0441679	0.00192003	0.5812110.0218521	0	0.00189387	0.216669
0.5235	0.00825871	0.0452559	0.00192245	0.5819460.0218521	0	0.00189387	0.216669
0.5245	0.00825978	0.0464585	0.00192513	0.5826830.0218521	0	0.00189387	0.216669
0.5255	0.00826637	0.0478509	0.00192845	0.5832230.0218521	0	0.00189387	0.216669
0.5265	0.00828996	0.049407	0.00193254	0.5827960.0218521	0	0.00189387	0.216669
0.5275	0.0083526	0.0508518	0.0019365	0.579610.0218521	0	0.00189387	0.216669
0.5285	0.00852111	0.0521844	0.00194002	0.5691810.0218521	0	0.00189387	0.216669
0.5295	0.00888945	0.0535573	0.00194383	0.5466670.0218521	0	0.00189387	0.216669
0.5305	0.00948978	0.0549598	0.00194837	0.513280.0218521	0	0.00189387	0.216669
0.5315	0.0103018	0.056401	0.0019538	0.4741410.0218521	0	0.00189387	0.216669
0.5325	0.0113037	0.058015	0.00196081	0.4336650.0218521	0	0.00189387	0.216669
0.5335	0.0124689	0.0599901	0.00197071	0.3951250.0218521	0	0.00189387	0.216669
0.5345	0.0137565	0.0624358	0.00198465	0.3606750.0218521	0	0.00189387	0.216669
0.5355	0.0151058	0.0652809	0.00200268	0.3314440.0218521	0	0.00189387	0.216669
0.5365	0.0164435	0.0682586	0.00202329	0.3076130.0218521	0	0.00189387	0.216669
0.5375	0.0177243	0.071073	0.00204432	0.2883510.0218521	0	0.00189387	0.216669
0.5385	0.0189345	0.0735519	0.00206428	0.2725550.0218521	0	0.00189387	0.216669
0.5395	0.0200663	0.0756883	0.00208283	0.2594930.0218521	0	0.00189387	0.216669
0.5405	0.0211188	0.0776199	0.0021008	0.2486880.0218521	0	0.00189387	0.216669
0.5415	0.022096	0.079528	0.00211946	0.2398010.0218521	0	0.00189387	0.216669
0.5425	0.0230039	0.0815393	0.0021398	0.2325480.0218521	0	0.00189387	0.216669
0.5435	0.0238472	0.0836881	0.00216209	0.2266610.0218521	0	0.00189387	0.216669
0.5445	0.0246294	0.0859465	0.00218606	0.2218960.0218521	0	0.00189387	0.216669
0.5455	0.0253542	0.0882823	0.00221143	0.2180540.0218521	0	0.00189387	0.216669
0.5465	0.026027	0.0906994	0.00223821	0.214990.0218521	0	0.00189387	0.216669
0.5475	0.0266547	0.0932385	0.00226675	0.2126030.0218521	0	0.00189387	0.216669
0.5485	0.0272451	0.0959462	0.00229749	0.2108170.0218521	0	0.00189387	0.216669
0.5495	0.0278041	0.0988407	0.0023306	0.2095550.0218521	0	0.00189387	0.216669
0.5505	0.0283357	0.101898	0.00236589	0.2087380.0218521	0	0.00189387	0.216669
0.5515	0.0288413	0.105064	0.00240286	0.2082830.0218521	0	0.00189387	0.216669
0.5525	0.0293214	0.108278	0.00244093	0.2081180.0219395	0.00139044	0.00190448	0.217015
0.5535	0.0297768	0.111499	0.00247966	0.2081870.0222914	0.00694599	0.00194738	0.218401
0.5545	0.0302092	0.114705	0.00251882	0.2084480.0226477	0.0125015	0.00199111	0.219791
0.5555	0.0306214	0.117894	0.00255834	0.2088680.0230086	0.0180571	0.00203567	0.221185
0.5565	0.0310173	0.121074	0.00259829	0.2094230.0233741	0.0236127	0.00208109	0.222584
0.5575	0.0314009	0.124259	0.00263879	0.2100880.0237443	0.0291682	0.00212737	0.223987
0.5585	0.0317767	0.127464	0.00267999	0.2108450.0241191	0.0347238	0.00217453	0.225395
0.5595	0.0321485	0.130703	0.00272202	0.2116750.0244986	0.0402793	0.00222258	0.226807
0.5605	0.0325192	0.133979	0.00276493	0.2125610.0248829	0.0458349	0.00227154	0.228223
0.5615	0.0328907	0.137287	0.00280868	0.2134860.025272	0.0513904	0.00232143	0.229644
0.5625	0.0332647	0.140625	0.00285328	0.2144370.0256659	0.056946	0.00237225	0.23107
0.5635	0.0336429	0.143996	0.00289877	0.2154070.0260648	0.0625015	0.00242402	0.232499
0.5645	0.0340266	0.147403	0.00294522	0.2163910.0264686	0.0680571	0.00247675	0.233933
0.5655	0.0344168	0.150853	0.00299274	0.217390.0268773	0.0736127	0.00253047	0.235372
0.5665	0.0348141	0.154352	0.00304141	0.2184040.0272911	0.0791682	0.00258518	0.236815
0.5675	0.0352189	0.157903	0.00309132	0.2194360.02771	0.0847238	0.0026409	0.238262
0.5685	0.0356314	0.161511	0.00314255	0.220490.028134	0.0902793	0.00269765	0.239714
0.5695	0.0360516	0.165178	0.00319516	0.2215680.0285632	0.0958349	0.00275544	0.24117
0.5705	0.0364793	0.168904	0.00324919	0.2226730.0289977	0.10139	0.00281429	0.24263
0.5715	0.0369138	0.172685	0.00330462	0.2238070.0294373	0.106946	0.00287421	0.244095
0.5725	0.0373538	0.17651	0.00336135	0.2249670.0298823	0.112502	0.00293522	0.245565
0.5735	0.0377963	0.180352	0.00341903	0.2261490.0303327	0.118057	0.00299734	0.247038
0.5745	0.0382374	0.184178	0.00347723	0.2273450.0307885	0.123613	0.00306058	0.248517
0.5755	0.0386749	0.187969	0.00353569	0.2285520.0312497	0.129168	0.00312496	0.249999
0.5765	0.0391079	0.19172	0.00359432	0.2297690.0317165	0.134724	0.0031905	0.251486
0.5775	0.0395357	0.195429	0.00365305	0.2309970.0321888	0.140279	0.00325722	0.252978
0.5785	0.0399581	0.199095	0.00371187	0.2322360.0326667	0.145835	0.00332513	0.254473
0.5795	0.0403752	0.202722	0.00377081	0.2334860.0331503	0.15139	0.00339424	0.255974
0.5805	0.0407875	0.206317	0.00382993	0.2347490.0336396	0.156946	0.00346459	0.257478
0.5815	0.0411956	0.209885	0.00388931	0.2360270.0341347	0.162502	0.00353618	0.258987
0.5825	0.0416003	0.213436	0.00394908	0.2373230.0346356	0.168057	0.00360903	0.260501
0.5835	0.0420026	0.216979	0.00400936	0.2386380.0351423	0.173613	0.00368317	0.262019
0.5845	0.0424034	0.220523	0.00407027	0.2399730.0356549	0.179168	0.00375861	0.263541
0.5855	0.0428036	0.224074	0.00413194	0.2413310.0361735	0.184724	0.00383537	0.265067
0.5865	0.043204	0.22764	0.00419448	0.2427140.0366982	0.190279	0.00391347	0.266599
0.5875	0.0436061	0.231233	0.00425809	0.2441230.0372289	0.195835	0.00399293	0.268134
0.5885	0.0440119	0.23487	0.00432308	0.2455630.0377657	0.20139	0.00407377	0.269674
0.5895	0.044424	0.238572	0.0043898	0.247040.0383087	0.206946	0.004156	0.271218
0.5905	0.0448447	0.242356	0.00445861	0.2485580.0388579	0.212502	0.00423966	0.272767
0.5915	0.045276	0.246239	0.00452981	0.2501220.0394134	0.218057	0.00432475	0.27432
0.5925	0.0457196	0.25023	0.00460366	0.2517340.0399752	0.223613	0.00441131	0.275878
0.5935	0.0461763	0.254337	0.00468035	0.2533950.0405435	0.229168	0.00449934	0.27744
0.5945	0.0466469	0.258562	0.00475999	0.2551070.0411181	0.234724	0.00458888	0.279006
0.5955	0.0471314	0.262902	0.00484266	0.256870.0416993	0.240279	0.00467994	0.280577
0.5965	0.0476296	0.267355	0.00492835	0.2586810.042287	0.245835	0.00477254	0.282152
0.5975	0.048141	0.271913	0.00501705	0.2605390.0428814	0.25139	0.00486671	0.283731
0.5985	0.0486647	0.276568	0.00510868	0.2624430.0434823	0.256946	0.00496247	0.285315
0.5995	0.0492001	0.281311	0.00520317	0.2643880.0440901	0.262502	0.00505984	0.286904
0.6005	0.0497462	0.286134	0.00530042	0.2663730.0447046	0.268057	0.00515884	0.288497
0.6015	0.050302	0.291026	0.00540031	0.2683940.0453259	0.273613	0.0052595	0.290094
0.6025	0.0508668	0.29598	0.00550276	0.270450.0459541	0.279168	0.00536184	0.291695
0.6035	0.0514397	0.300986	0.00560765	0.2725350.0465892	0.284724	0.00546588	0.293301
0.6045	0.0520199	0.306038	0.00571489	0.2746490.0472314	0.290279	0.00557164	0.294912
0.6055	0.0526068	0.311129	0.00582439	0.2767890.0478806	0.295835	0.00567915	0.296527
0.6065	0.0532	0.316252	0.00593607	0.2789510.048537	0.30139	0.00578844	0.298146
0.6075	0.0537988	0.321402	0.00604986	0.2811340.0492005	0.306946	0.00589953	0.29977
0.6085	0.0544029	0.326575	0.00616569	0.2833350.0498712	0.312502	0.00601243	0.301398
0.6095	0.055012	0.331766	0.0062835	0.2855520.0505493	0.318057	0.00612719	0.30303
0.6105	0.0556258	0.336973	0.00640325	0.2877820.0512347	0.323613	0.00624381	0.304667
0.6115	0.0562443	0.34219	0.00652489	0.2900240.0519275	0.329168	0.00636234	0.306308
0.6125	0.0568674	0.347417	0.00664838	0.2922760.0526278	0.334724	0.00648278	0.307954
0.6135	0.0574949	0.352651	0.00677371	0.2945350.0533356	0.340279	0.00660518	0.309604
0.6145	0.0581269	0.357889	0.00690084	0.2968010.0540511	0.345835	0.00672955	0.311259
0.6155	0.0587635	0.363131	0.00702976	0.299070.0547742	0.35139	0.00685592	0.312918
0.6165	0.0594047	0.368374	0.00716044	0.3013420.055505	0.356946	0.00698432	0.314581
0.6175	0.0600507	0.373618	0.00729289	0.3036140.0562435	0.362502	0.00711478	0.316249
0.6185	0.0607017	0.378862	0.0074271	0.3058850.05699	0.368057	0.00724732	0.317921
0.6195	0.0613579	0.384105	0.00756307	0.3081540.0577443	0.373613	0.00738198	0.319598
0.6205	0.0620195	0.389346	0.00770079	0.3104180.0585066	0.379168	0.00751877	0.321279
0.6215	0.0626867	0.394585	0.00784028	0.3126770.0592769	0.384724	0.00765772	0.322964
0.6225	0.0633598	0.399822	0.00798156	0.314930.0600553	0.390279	0.00779888	0.324654
0.6235	0.0640391	0.405056	0.00812462	0.3171740.0608419	0.395835	0.00794225	0.326348
0.6245	0.0647249	0.410288	0.0082695	0.319410.0616367	0.40139	0.00808788	0.328047
0.6255	0.0654175	0.415518	0.00841622	0.3216350.0624398	0.406946	0.0082358	0.32975
0.6265	0.0661173	0.420745	0.0085648	0.3238490.0632512	0.412502	0.00838602	0.331457
0.6275	0.0668245	0.42597	0.00871528	0.3260510.064071	0.418057	0.00853859	0.333169
0.6285	0.0675394	0.431194	0.00886768	0.3282410.0648993	0.423613	0.00869353	0.334885
0.6295	0.0682625	0.436417	0.00902204	0.3304170.0657362	0.429168	0.00885088	0.336606
0.6305	0.0689941	0.441639	0.00917841	0.332580.0665817	0.434724	0.00901066	0.338331
0.6315	0.0697344	0.44686	0.00933683	0.3347280.0674358	0.440279	0.00917291	0.340061
0.6325	0.0704839	0.452083	0.00949734	0.3368620.0682987	0.445835	0.00933765	0.341794
0.6335	0.0712429	0.457306	0.00966	0.3389810.0691704	0.45139	0.00950492	0.343533
0.6345	0.0720116	0.462532	0.00982486	0.3410860.070051	0.456946	0.00967476	0.345275
0.6355	0.0727905	0.467759	0.00999197	0.3431750.0709405	0.462502	0.00984719	0.347023
0.6365	0.0735798	0.47299	0.0101614	0.345250.0718391	0.468057	0.0100222	0.348774
0.6375	0.0743799	0.478225	0.0103332	0.3473110.0727467	0.473613	0.0102	0.35053
0.6385	0.075191	0.483465	0.0105074	0.3493570.0736635	0.479168	0.0103804	0.35229
0.6395	0.0760135	0.48871	0.0106841	0.3513890.0745895	0.484724	0.0105635	0.354055
0.6405	0.0768475	0.493961	0.0108634	0.3534070.0755247	0.490279	0.0107494	0.355824
0.6415	0.0776934	0.499218	0.0110453	0.3554120.0764694	0.495835	0.0109381	0.357598
0.6425	0.0785514	0.504483	0.0112298	0.3574040.0774235	0.50139	0.0111297	0.359376
0.6435	0.0794217	0.509755	0.0114172	0.3593840.078387	0.506946	0.0113241	0.361158
0.6445	0.0803045	0.515036	0.0116073	0.3613530.0793602	0.512502	0.0115214	0.362945
0.6455	0.0812001	0.520325	0.0118003	0.3633110.0803429	0.518057	0.0117216	0.364736
0.6465	0.0821085	0.525623	0.0119963	0.3652580.0813354	0.523613	0.0119248	0.366532
0.6475	0.08303	0.530931	0.0121953	0.3671960.0823377	0.529168	0.012131	0.368332
0.6485	0.0839647	0.536249	0.0123974	0.3691250.0833498	0.534724	0.0123403	0.370137
0.6495	0.0849126	0.541577	0.0126026	0.3710460.0843719	0.540279	0.0125527	0.371945
0.6505	0.085874	0.546914	0.012811	0.3729590.085404	0.545835	0.0127682	0.373759
0.6515	0.0868488	0.552262	0.0130227	0.3748660.0864461	0.55139	0.0129868	0.375576
0.6525	0.0878372	0.557621	0.0132376	0.3767660.0874984	0.556946	0.0132087	0.377398
0.6535	0.0888392	0.562989	0.013456	0.3786620.0885609	0.562502	0.0134338	0.379225
0.6545	0.0898548	0.568368	0.0136778	0.3805520.0896337	0.568057	0.0136622	0.381056
0.6555	0.0908841	0.573757	0.0139031	0.3824390.0907169	0.573613	0.0138939	0.382891
0.6565	0.0919271	0.579156	0.0141319	0.3843230.0918105	0.579168	0.0141289	0.384731
0.6575	0.0929838	0.584565	0.0143643	0.3862040.0929147	0.584724	0.0143674	0.386575
0.6585	0.0940542	0.589984	0.0146003	0.3880830.0940294	0.590279	0.0146093	0.388423
0.6595	0.0951383	0.595412	0.0148401	0.3899610.0951548	0.595835	0.0148547	0.390276
0.6605	0.096236	0.60085	0.0150836	0.3918380.096291	0.60139	0.0151036	0.392134
0.6615	0.0973474	0.606296	0.0153309	0.3937150.097438	0.606946	0.0153561	0.393996
0.6625	0.0984725	0.611751	0.015582	0.3955920.0985959	0.612502	0.0156121	0.395862
0.6635	0.0996111	0.617215	0.015837	0.3974710.0997648	0.618057	0.0158719	0.397732
0.6645	0.100763	0.622687	0.0160959	0.399350.100945	0.623613	0.0161353	0.399607
0.6655	0.101929	0.628167	0.0163589	0.4012320.102136	0.629168	0.0164025	0.401487
0.6665	0.103108	0.633655	0.0166258	0.4031160.103338	0.634724	0.0166734	0.403371
0.6675	0.104301	0.639149	0.0168969	0.4050030.104552	0.640279	0.0169482	0.405259
0.6685	0.105507	0.644651	0.017172	0.4068930.105777	0.645835	0.0172268	0.407151
0.6695	0.106727	0.65016	0.0174513	0.4087860.107013	0.65139	0.0175094	0.409048
0.6705	0.10796	0.655675	0.0177349	0.4106830.108261	0.656946	0.0177959	0.41095
0.6715	0.109206	0.661196	0.0180227	0.4125840.109521	0.662502	0.0180865	0.412856
0.6725	0.110466	0.666723	0.0183148	0.4144890.110792	0.668057	0.0183811	0.414766
0.6735	0.111739	0.672256	0.0186112	0.4163990.112075	0.673613	0.0186798	0.416681
0.6745	0.113025	0.677794	0.018912	0.4183130.11337	0.679168	0.0189826	0.4186
0.6755	0.114325	0.683337	0.0192173	0.4202330.114677	0.684724	0.0192897	0.420523
0.6765	0.115639	0.688885	0.019527	0.4221570.115996	0.690279	0.019601	0.422451
0.6775	0.116965	0.694437	0.0198413	0.4240860.117327	0.695835	0.0199166	0.424383
0.6785	0.118305	0.699994	0.0201602	0.4260210.11867	0.70139	0.0202365	0.42632
0.6795	0.119659	0.705555	0.0204837	0.4279610.120025	0.706946	0.0205608	0.428261
0.6805	0.121026	0.71112	0.0208119	0.4299060.121393	0.712502	0.0208896	0.430207
0.6815	0.122406	0.716689	0.0211448	0.4318570.122773	0.718057	0.0212229	0.432157
0.6825	0.1238	0.722261	0.0214824	0.4338130.124166	0.723613	0.0215607	0.434111
0.6835	0.125208	0.727837	0.0218249	0.4357750.125571	0.729168	0.0219031	0.43607
0.6845	0.126629	0.733416	0.0221723	0.4377420.126989	0.734724	0.0222502	0.438033
0.6855	0.128064	0.738998	0.0225246	0.4397150.12842	0.740279	0.022602	0.440001
0.6865	0.129512	0.744583	0.0228818	0.4416930.129864	0.745835	0.0229585	0.441973
0.6875	0.130975	0.75017	0.0232441	0.4436760.131321	0.75139	0.0233199	0.443949
0.6885	0.132451	0.75576	0.0236115	0.4456650.13279	0.756946	0.0236861	0.44593
0.6895	0.133941	0.761353	0.023984	0.447660.134273	0.762502	0.0240572	0.447915
0.6905	0.135445	0.766948	0.0243617	0.449660.135769	0.768057	0.0244333	0.449905
0.6915	0.136963	0.772545	0.0247446	0.4516650.137279	0.773613	0.0248144	0.451899
0.6925	0.138496	0.778144	0.0251329	0.4536760.138801	0.779168	0.0252006	0.453897
0.6935	0.140042	0.783745	0.0255264	0.4556920.140338	0.784724	0.025592	0.4559
0.6945	0.141603	0.789349	0.0259254	0.4577130.141888	0.790279	0.0259885	0.457907
0.6955	0.143178	0.794954	0.0263299	0.4597390.143451	0.795835	0.0263903	0.459919
0.6965	0.144768	0.80056	0.0267399	0.4617710.145028	0.80139	0.0267975	0.461935
0.6975	0.146372	0.806168	0.0271555	0.4638080.146619	0.806946	0.0272099	0.463956
0.6985	0.147991	0.811778	0.0275767	0.4658490.148224	0.812502	0.0276279	0.465981
0.6995	0.149625	0.81739	0.0280036	0.4678960.149843	0.818057	0.0280513	0.46801
0.7005	0.151273	0.823002	0.0284363	0.4699480.151477	0.823613	0.0284802	0.470044
0.7015	0.152937	0.828616	0.0288748	0.4720050.153124	0.829168	0.0289148	0.472082
0.7025	0.154615	0.834232	0.0293192	0.4740670.154786	0.834724	0.029355	0.474124
0.7035	0.156308	0.839848	0.0297695	0.4761340.156462	0.840279	0.029801	0.476171
0.7045	0.158017	0.845466	0.0302258	0.4782060.158152	0.845835	0.0302528	0.478223
0.7055	0.15974	0.851085	0.0306883	0.4802830.159857	0.85139	0.0307104	0.480278
0.7065	0.16148	0.856705	0.0311568	0.4823650.161577	0.856946	0.031174	0.482339
0.7075	0.163234	0.862325	0.0316316	0.4844520.163312	0.862502	0.0316435	0.484403
0.7085	0.165004	0.867947	0.0321127	0.4865440.165061	0.868057	0.0321191	0.486472
0.7095	0.16679	0.87357	0.0326	0.488640.166826	0.873613	0.0326008	0.488546
0.7105	0.168591	0.879193	0.0330938	0.4907420.168605	0.879168	0.0330886	0.490623
0.7115	0.170408	0.884817	0.0335941	0.4928480.1704	0.884724	0.0335827	0.492706
0.7125	0.172241	0.890442	0.0341008	0.4949590.17221	0.890279	0.0340832	0.494792
0.7135	0.17409	0.896068	0.0346142	0.4970750.174035	0.895835	0.03459	0.496883
0.7145	0.175955	0.901694	0.0351343	0.4991950.175875	0.90139	0.0351032	0.498979
0.7155	0.177836	0.907321	0.0356611	0.5013210.177732	0.906946	0.035623	0.501079
0.7165	0.179733	0.912949	0.0361947	0.5034510.179603	0.912502	0.0361493	0.503183
0.7175	0.181647	0.918577	0.0367352	0.5055860.181491	0.918057	0.0366823	0.505292
0.7185	0.183577	0.924205	0.0372827	0.5077250.183394	0.923613	0.0372221	0.507405
0.7195	0.185524	0.929834	0.0378372	0.509870.185314	0.929168	0.0377686	0.509522
0.7205	0.187487	0.935464	0.0383987	0.5120190.187249	0.934724	0.038322	0.511644
0.7215	0.189467	0.941093	0.0389675	0.5141720.189201	0.940279	0.0388823	0.51377
0.7225	0.191464	0.946723	0.0395434	0.5163310.191168	0.945835	0.0394496	0.515901
0.7235	0.193477	0.952354	0.0401267	0.5184940.193152	0.95139	0.040024	0.518036
0.7245	0.195508	0.957984	0.0407174	0.5206620.195153	0.956946	0.0406055	0.520176
0.7255	0.197556	0.963615	0.0413155	0.5228340.19717	0.962502	0.0411943	0.52232
0.7265	0.19962	0.969245	0.0419212	0.5250110.199204	0.968057	0.0417904	0.524468
0.7275	0.201702	0.974876	0.0425344	0.5271930.201254	0.973613	0.0423939	0.526621
0.7285	0.203802	0.980507	0.0431554	0.5293790.203322	0.979168	0.0430048	0.528778
0.7295	0.205919	0.986138	0.043784	0.5315690.205406	0.984724	0.0436232	0.53094
0.7305	0.208053	0.991768	0.0444205	0.5337640.207507	0.990279	0.0442493	0.533106
0.7315	0.210205	0.997399	0.045065	0.5359640.209626	0.995835	0.044883	0.535276
0.7325	0.212375	1.00303	0.0457174	0.5381680.211761	1.00139	0.0455245	0.537451
0.7335	0.214562	1.00866	0.0463778	0.5403770.213915	1.00695	0.0461739	0.53963
0.7345	0.216768	1.01429	0.0470464	0.542590.216085	1.0125	0.0468312	0.541814
0.7355	0.218991	1.01992	0.0477232	0.5448070.218273	1.01806	0.0474964	0.544002
0.7365	0.221232	1.02555	0.0484082	0.5470290.220479	1.02361	0.0481698	0.546194
0.7375	0.223492	1.03118	0.0491016	0.5492550.222703	1.02917	0.0488513	0.548391
0.7385	0.22577	1.03681	0.0498035	0.5514860.224944	1.03472	0.0495411	0.550592
0.7395	0.228066	1.04243	0.0505139	0.5537210.227204	1.04028	0.0502392	0.552798
0.7405	0.23038	1.04806	0.0512329	0.555960.229482	1.04583	0.0509457	0.555008
0.7415	0.232713	1.05369	0.0519605	0.5582040.231778	1.05139	0.0516607	0.557223
0.7425	0.235064	1.05931	0.0526969	0.5604520.234092	1.05695	0.0523843	0.559441
0.7435	0.237435	1.06494	0.0534421	0.5627040.236425	1.0625	0.0531166	0.561665
0.7445	0.239823	1.07056	0.0541963	0.564960.238776	1.06806	0.0538576	0.563893
0.7455	0.242231	1.07619	0.0549594	0.567220.241146	1.07361	0.0546075	0.566125
0.7465	0.244658	1.08181	0.0557316	0.5694850.243535	1.07917	0.0553663	0.568361
0.7475	0.247103	1.08743	0.056513	0.5717540.245942	1.08472	0.0561341	0.570602
0.7485	0.249568	1.09305	0.0573036	0.5740270.248369	1.09028	0.0569111	0.572848
0.7495	0.252052	1.09867	0.0581035	0.5763040.250815	1.09583	0.0576972	0.575097
0.7505	0.254555	1.10429	0.0589128	0.5785850.25328	1.10139	0.0584926	0.577351
0.7515	0.257078	1.10991	0.0597316	0.5808710.255764	1.10695	0.0592974	0.57961
0.7525	0.25962	1.11552	0.06056	0.583160.258268	1.1125	0.0601117	0.581873
0.7535	0.262182	1.12114	0.061398	0.5854530.260791	1.11806	0.0609355	0.58414
0.7545	0.264763	1.12675	0.0622458	0.5877510.263334	1.12361	0.061769	0.586412
0.7555	0.267364	1.13237	0.0631034	0.5900520.265897	1.12917	0.0626123	0.588689
0.7565	0.269984	1.13798	0.063971	0.5923580.26848	1.13472	0.0634654	0.590969
0.7575	0.272625	1.14359	0.0648485	0.5946670.271083	1.14028	0.0643284	0.593254
0.7585	0.275286	1.1492	0.0657361	0.5969810.273706	1.14583	0.0652015	0.595544
0.7595	0.277966	1.15481	0.0666339	0.5992980.276349	1.15139	0.0660847	0.597838
0.7605	0.280667	1.16041	0.067542	0.601620.279013	1.15695	0.0669782	0.600136
0.7615	0.283389	1.16602	0.0684605	0.6039450.281697	1.1625	0.067882	0.602439
0.7625	0.28613	1.17162	0.0693894	0.6062740.284401	1.16806	0.0687962	0.604746
0.7635	0.288892	1.17722	0.0703288	0.6086070.287127	1.17361	0.069721	0.607057
0.7645	0.291675	1.18283	0.0712789	0.6109450.289873	1.17917	0.0706564	0.609373
0.7655	0.294478	1.18842	0.0722398	0.6132860.29264	1.18472	0.0716025	0.611693
0.7665	0.297303	1.19402	0.0732114	0.6156310.295429	1.19028	0.0725595	0.614018
0.7675	0.300148	1.19962	0.074194	0.6179790.298238	1.19583	0.0735274	0.616347
0.7685	0.303014	1.20522	0.0751877	0.6203320.301069	1.20139	0.0745063	0.618681
0.7695	0.305901	1.21081	0.0761924	0.6226890.303922	1.20695	0.0754964	0.621019
0.7705	0.308809	1.2164	0.0772084	0.6250490.306796	1.2125	0.0764978	0.623361
0.7715	0.311739	1.22199	0.0782357	0.6274130.309691	1.21806	0.0775105	0.625708
0.7725	0.31469	1.22758	0.0792745	0.6297820.312609	1.22361	0.0785347	0.628059
0.7735	0.317663	1.23317	0.0803248	0.6321540.315548	1.22917	0.0795705	0.630415
0.7745	0.320658	1.23876	0.0813867	0.6345290.31851	1.23472	0.0806179	0.632775
0.7755	0.323674	1.24434	0.0824603	0.6369090.321493	1.24028	0.0816772	0.635139
0.7765	0.326712	1.24993	0.0835458	0.6392930.324499	1.24583	0.0827484	0.637508
0.7775	0.329772	1.25551	0.0846432	0.641680.327528	1.25139	0.0838315	0.639881
0.7785	0.332854	1.26109	0.0857527	0.6440720.330579	1.25695	0.0849269	0.642259
0.7795	0.335958	1.26667	0.0868743	0.6464670.333653	1.2625	0.0860344	0.644641
0.7805	0.339085	1.27225	0.0880082	0.6488660.336749	1.26806	0.0871543	0.647027
0.7815	0.342234	1.27783	0.0891545	0.6512690.339869	1.27361	0.0882867	0.649418
0.7825	0.345405	1.2834	0.0903132	0.6536760.343011	1.27917	0.0894317	0.651813
0.7835	0.3486	1.28898	0.0914846	0.6560860.346177	1.28472	0.0905894	0.654213
0.7845	0.351817	1.29455	0.0926686	0.6585010.349366	1.29028	0.0917599	0.656617
0.7855	0.355057	1.30012	0.0938655	0.6609190.352578	1.29583	0.0929433	0.659026
0.7865	0.35832	1.30569	0.0950753	0.6633410.355815	1.30139	0.0941398	0.661439
0.7875	0.361606	1.31126	0.0962982	0.6657670.359074	1.30695	0.0953495	0.663856
0.7885	0.364915	1.31683	0.0975342	0.6681970.362358	1.3125	0.0965725	0.666278
0.7895	0.368248	1.32239	0.0987835	0.6706310.365666	1.31806	0.0978089	0.668704
0.7905	0.371605	1.32796	0.100046	0.6730680.368998	1.32361	0.0990588	0.671134
0.7915	0.374985	1.33352	0.101322	0.675510.372354	1.32917	0.100322	0.673569
0.7925	0.378388	1.33908	0.102612	0.6779550.375734	1.33472	0.1016	0.676009
0.7935	0.381816	1.34464	0.103916	0.6804040.379139	1.34028	0.102891	0.678452
0.7945	0.385267	1.3502	0.105233	0.6828570.382569	1.34583	0.104196	0.680901
0.7955	0.388743	1.35576	0.106564	0.6853140.386023	1.35139	0.105516	0.683353
0.7965	0.392243	1.36132	0.10791	0.6877750.389502	1.35695	0.10685	0.68581
0.7975	0.395767	1.36687	0.10927	0.6902390.393006	1.3625	0.108198	0.688272
0.7985	0.399316	1.37243	0.110644	0.6927070.396536	1.36806	0.109561	0.690737
0.7995	0.402889	1.37798	0.112032	0.695180.400091	1.37361	0.110938	0.693208
0.8005	0.406487	1.38353	0.113435	0.6976560.403671	1.37917	0.112331	0.695682
0.8015	0.410109	1.38908	0.114853	0.7001360.407277	1.38472	0.113738	0.698161
0.8025	0.413757	1.39463	0.116285	0.7026190.410908	1.39028	0.11516	0.700645
0.8035	0.41743	1.40018	0.117733	0.7051070.414566	1.39583	0.116598	0.703133
0.8045	0.421128	1.40573	0.119196	0.7075980.418249	1.40139	0.118051	0.705625
0.8055	0.424851	1.41127	0.120673	0.7100930.421958	1.40695	0.119519	0.708122
0.8065	0.428599	1.41682	0.122167	0.7125920.425694	1.4125	0.121003	0.710623
0.8075	0.432374	1.42236	0.123675	0.7150950.429456	1.41806	0.122503	0.713128
0.8085	0.436173	1.4279	0.1252	0.7176020.433245	1.42361	0.124019	0.715638
0.8095	0.439999	1.43344	0.126739	0.7201120.437061	1.42917	0.12555	0.718152
0.8105	0.44385	1.43898	0.128295	0.7226270.440903	1.43472	0.127098	0.720671
0.8115	0.447728	1.44452	0.129867	0.7251450.444772	1.44028	0.128663	0.723194
0.8125	0.451632	1.45005	0.131455	0.7276670.448669	1.44583	0.130243	0.725722
0.8135	0.455562	1.45559	0.133059	0.7301920.452592	1.45139	0.131841	0.728254
0.8145	0.459518	1.46112	0.13468	0.7327220.456543	1.45695	0.133455	0.73079
0.8155	0.463501	1.46666	0.136317	0.7352550.460522	1.4625	0.135086	0.733331
0.8165	0.467511	1.47219	0.13797	0.7377920.464528	1.46806	0.136734	0.735876
0.8175	0.471547	1.47772	0.139641	0.7403330.468562	1.47361	0.138399	0.738426
0.8185	0.47561	1.48325	0.141328	0.7428780.472624	1.47917	0.140082	0.74098
0.8195	0.4797	1.48877	0.143033	0.7454260.476714	1.48472	0.141782	0.743538
0.8205	0.483818	1.4943	0.144754	0.7479790.480833	1.49028	0.1435	0.746101
0.8215	0.487963	1.49983	0.146493	0.7505350.48498	1.49583	0.145236	0.748668
0.8225	0.492135	1.50535	0.14825	0.7530950.489155	1.50139	0.146989	0.75124
0.8235	0.496334	1.51087	0.150024	0.7556580.493359	1.50695	0.148761	0.753816
0.8245	0.500562	1.51639	0.151816	0.7582260.497592	1.5125	0.150551	0.756396
0.8255	0.504817	1.52191	0.153625	0.7607970.501854	1.51806	0.152359	0.758981
0.8265	0.5091	1.52743	0.155453	0.7633720.506146	1.52361	0.154186	0.761571
0.8275	0.513411	1.53295	0.157299	0.7659510.510466	1.52917	0.156032	0.764164
0.8285	0.517751	1.53847	0.159163	0.7685330.514816	1.53472	0.157897	0.766762
0.8295	0.522119	1.54398	0.161046	0.771120.519196	1.54028	0.15978	0.769365
0.8305	0.526515	1.5495	0.162948	0.773710.523605	1.54583	0.161683	0.771972
0.8315	0.53094	1.55501	0.164868	0.7763040.528044	1.55139	0.163606	0.774583
0.8325	0.535393	1.56052	0.166808	0.7789020.532513	1.55695	0.165547	0.777199
0.8335	0.539876	1.56603	0.168766	0.7815030.537013	1.5625	0.167509	0.779819
0.8345	0.544387	1.57154	0.170744	0.7841090.541543	1.56806	0.169491	0.782444
0.8355	0.548928	1.57705	0.172741	0.7867180.546103	1.57361	0.171492	0.785073
0.8365	0.553498	1.58256	0.174757	0.7893310.550694	1.57917	0.173514	0.787706
0.8375	0.558098	1.58807	0.176794	0.7919480.555316	1.58472	0.175556	0.790344
0.8385	0.562727	1.59357	0.17885	0.7945690.559969	1.59028	0.177619	0.792986
0.8395	0.567387	1.59908	0.180927	0.7971940.564652	1.59583	0.179702	0.795632
0.8405	0.572076	1.60458	0.183023	0.7998220.569368	1.60139	0.181807	0.798283
0.8415	0.576795	1.61008	0.185141	0.8024540.574114	1.60695	0.183932	0.800939
0.8425	0.581544	1.61558	0.187278	0.805090.578893	1.6125	0.186079	0.803599
0.8435	0.586324	1.62108	0.189437	0.8077310.583703	1.61806	0.188247	0.806263
0.8445	0.591134	1.62658	0.191616	0.8103740.588545	1.62361	0.190437	0.808932
0.8455	0.595976	1.63208	0.193817	0.8130220.593419	1.62917	0.192649	0.811605
0.8465	0.600848	1.63758	0.196038	0.8156740.598325	1.63472	0.194882	0.814282
0.8475	0.605751	1.64308	0.198281	0.818330.603264	1.64028	0.197138	0.816964
0.8485	0.610685	1.64857	0.200546	0.8209890.608235	1.64583	0.199416	0.81965
0.8495	0.615651	1.65407	0.202833	0.8236530.613239	1.65139	0.201717	0.822341
0.8505	0.620648	1.65956	0.205141	0.826320.618276	1.65695	0.20404	0.825036
0.8515	0.625676	1.66506	0.207472	0.8289910.623346	1.6625	0.206386	0.827736
0.8525	0.630737	1.67055	0.209825	0.8316670.628449	1.66806	0.208756	0.830439
0.8535	0.63583	1.67604	0.212201	0.8343460.633585	1.67361	0.211148	0.833148
0.8545	0.640954	1.68153	0.214599	0.8370290.638755	1.67917	0.213564	0.835861
0.8555	0.646111	1.68702	0.21702	0.8397160.643959	1.68472	0.216004	0.838578
0.8565	0.651301	1.69251	0.219464	0.8424070.649197	1.69028	0.218467	0.841299
0.8575	0.656523	1.698	0.221931	0.8451020.654468	1.69583	0.220955	0.844025
0.8585	0.661777	1.70349	0.224422	0.8478010.659774	1.70139	0.223467	0.846756
0.8595	0.667065	1.70898	0.226936	0.8505030.665114	1.70695	0.226003	0.84949
0.8605	0.672385	1.71447	0.229474	0.853210.670489	1.7125	0.228564	0.85223
0.8615	0.677738	1.71995	0.232036	0.8559210.675898	1.71806	0.23115	0.854973
0.8625	0.683125	1.72544	0.234622	0.8586350.681342	1.72361	0.233761	0.857721
0.8635	0.688545	1.73092	0.237232	0.8613530.686821	1.72917	0.236397	0.860474
0.8645	0.693998	1.7364	0.239866	0.8640750.692336	1.73472	0.239058	0.86323
0.8655	0.699484	1.74188	0.242525	0.8668010.697886	1.74028	0.241745	0.865992
0.8665	0.705004	1.74737	0.245209	0.869530.703471	1.74583	0.244458	0.868757
0.8675	0.710558	1.75284	0.247917	0.8722630.709092	1.75139	0.247197	0.871527
0.8685	0.716145	1.75832	0.250651	0.8750.714749	1.75695	0.249962	0.874302
0.8695	0.721766	1.7638	0.253409	0.8777410.720442	1.7625	0.252754	0.877081
0.8705	0.727421	1.76928	0.256193	0.8804850.726171	1.76806	0.255573	0.879864
0.8715	0.73311	1.77475	0.259002	0.8832320.731936	1.77361	0.258418	0.882652
0.8725	0.738832	1.78022	0.261837	0.8859830.737739	1.77917	0.26129	0.885444
0.8735	0.744588	1.78569	0.264697	0.8887380.743577	1.78472	0.26419	0.88824
0.8745	0.750378	1.79116	0.267583	0.8914950.749453	1.79028	0.267117	0.891041
0.8755	0.756202	1.79663	0.270495	0.8942560.755366	1.79583	0.270072	0.893847
0.8765	0.762059	1.80209	0.273433	0.897020.761316	1.80139	0.273056	0.896656
0.8775	0.76795	1.80755	0.276397	0.8997870.767304	1.80695	0.276067	0.89947
0.8785	0.773875	1.81301	0.279387	0.9025580.773329	1.8125	0.279106	0.902289
0.8795	0.779834	1.81847	0.282403	0.9053310.779392	1.81806	0.282175	0.905112
0.8805	0.785825	1.82392	0.285445	0.9081060.785493	1.82361	0.285272	0.907939
0.8815	0.79185	1.82938	0.288514	0.9108850.791632	1.82917	0.288398	0.910771
0.8825	0.797908	1.83482	0.291609	0.9136660.797809	1.83472	0.291554	0.913607
0.8835	0.803999	1.84027	0.29473	0.9164490.804025	1.84028	0.294739	0.916448
0.8845	0.810123	1.84571	0.297877	0.9192350.810279	1.84583	0.297954	0.919293
0.8855	0.816279	1.85114	0.301051	0.9220220.816573	1.85139	0.301199	0.922142
0.8865	0.822468	1.85657	0.304251	0.9248120.822905	1.85695	0.304474	0.924996
0.8875	0.828688	1.862	0.307477	0.9276030.829277	1.8625	0.307779	0.927854
0.8885	0.834939	1.86742	0.310729	0.9303950.835688	1.86806	0.311116	0.930717
0.8895	0.841221	1.87283	0.314007	0.9331890.842139	1.87361	0.314483	0.933584
0.8905	0.847534	1.87824	0.317311	0.9359830.848629	1.87917	0.317881	0.936456
0.8915	0.853876	1.88364	0.32064	0.9387780.85516	1.88472	0.321311	0.939331
0.8925	0.860246	1.88904	0.323994	0.9415730.86173	1.89028	0.324773	0.942212
0.8935	0.866644	1.89442	0.327372	0.9443680.868341	1.89583	0.328266	0.945096
0.8945	0.873068	1.89979	0.330775	0.9471620.874992	1.90139	0.331792	0.947986
0.8955	0.879517	1.90516	0.3342	0.9499540.881684	1.90695	0.33535	0.950879
0.8965	0.885989	1.91051	0.337648	0.9527440.888417	1.9125	0.338941	0.953777
0.8975	0.89248	1.91585	0.341116	0.9555290.895191	1.91806	0.342564	0.956679
0.8985	0.898988	1.92116	0.344604	0.958310.902007	1.92361	0.346221	0.959586
0.8995	0.905506	1.92646	0.348107	0.9610830.908864	1.92917	0.349911	0.962497
0.9005	0.912027	1.93173	0.351621	0.9638450.915762	1.93472	0.353635	0.965413
0.9015	0.918541	1.93696	0.355142	0.9665930.922702	1.94028	0.357393	0.968333
0.9025	0.925039	1.94215	0.358664	0.9693220.929684	1.94583	0.361185	0.971257
0.9035	0.931508	1.94729	0.36218	0.9720270.936709	1.95139	0.365011	0.974186
0.9045	0.93793	1.95236	0.365681	0.9747020.943776	1.95695	0.368872	0.977119
0.9055	0.94428	1.95735	0.369151	0.9773350.950885	1.9625	0.372768	0.980057
0.9065	0.950526	1.96223	0.372574	0.9799150.958037	1.96806	0.3767	0.982999
0.9075	0.956627	1.96697	0.375926	0.9824260.965232	1.97361	0.380666	0.985945
0.9085	0.962531	1.97153	0.379178	0.9848460.972471	1.97917	0.384669	0.988896
0.9095	0.968177	1.97588	0.382295	0.9871520.979752	1.98472	0.388707	0.991851
0.9105	0.973497	1.97996	0.385239	0.9893170.987078	1.99028	0.392782	0.994811
0.9115	0.978415	1.98371	0.387966	0.9913120.994447	1.99583	0.396893	0.997775
0.9125	0.982861	1.98709	0.390436	0.9931111	2	0.4	1
0.9135	0.986772	1.99005	0.392612	0.9946891	2	0.4	1
0.9145	0.990106	1.99257	0.394471	0.9960311	2	0.4	1
0.9155	0.992849	1.99463	0.396001	0.9971341	2	0.4	1
0.9165	0.995019	1.99626	0.397213	0.9980051	2	0.4	1
0.9175	0.996663	1.9975	0.398132	0.9986641	2	0.4	1
0.9185	0.997854	1.99839	0.398799	0.9991411	2	0.4	1
0.9195	0.998676	1.99901	0.399259	0.999471	2	0.4	1
0.9205	0.999218	1.99941	0.399562	0.9996871	2	0.4	1
0.9215	0.999558	1.99967	0.399752	0.9998231	2	0.4	1
0.9225	0.99976	1.99982	0.399866	0.9999041	2	0.4	1
0.9235	0.999876	1.99991	0.39993	0.999951	2	0.4	1
0.9245	0.999938	1.99995	0.399966	0.9999751	2	0.4	1
0.9255	0.999971	1.99998	0.399984	0.9999881	2	0.4	1
0.9265	0.999987	1.99999	0.399993	0.9999951	2	0.4	1
0.9275	0.999994	2	0.399997	0.9999981	2	0.4	1
0.9285	0.999998	2	0.399999	0.9999991	2	0.4	1
0.9295	0.999999	2	0.399999	11	2	0.4	1
0.9305	1	2	0.4	11	2	0.4	1
0.9315	1	2	0.4	11	2	0.4	1
0.9325	1	2	0.4	11	2	0.4	1
0.9335	1	2	0.4	11	2	0.4	1
0.9345	1	2	0.4	11	2	0.4	1
0.9355	1	2	0.4	11	2	0.4	1
0.9365	1	2	0.4	11	2	0.4	1
0.9375	1	2	0.4	11	2	0.4	1
0.9385	1	2	0.4	11	2	0.4	1
0.9395	1	2	0.4	11	2	0.4	1
0.9405	1	2	0.4	11	2	0.4	1
0.9415	1	2	0.4	11	2	0.4	1
0.9425	1	2	0.4	11	2	0.4	1
0.9435	1	2	0.4	11	2	0.4	1
0.9445	1	2	0.4	11	2	0.4	1
0.9455	1	2	0.4	11	2	0.4	1
0.9465	1	2	0.4	11	2	0.4	1
0.9475	1	2	0.4	11	2	0.4	1
0.9485	1	2	0.4	11	2	0.4	1
0.9495	1	2	0.4	11	2	0.4	1
0.9505	1	2	0.4	11	2	0.4	1
0.9515	1	2	0.4	11	2	0.4	1
0.9525	1	2	0.4	11	2	0.4	1
0.9535	1	2	0.4	11	2	0.4	1
0.9545	1	2	0.4	11	2	0.4	1
0.9555	1	2	0.4	11	2	0.4	1
0.9565	1	2	0.4	11	2	0.4	1
0.9575	1	2	0.4	11	2	0.4	1
0.9585	1	2	0.4	11	2	0.4	1
0.9595	1	2	0.4	11	2	0.4	1
0.9605	1	2	0.4	11	2	0.4	1
0.9615	1	2	0.4	11	2	0.4	1
0.9625	1	2	0.4	11	2	0.4	1
0.9635	1	2	0.4	11	2	0.4	1
0.9645	1	2	0.4	11	2	0.4	1
0.9655	1	2	0.4	11	2	0.4	1
0.9665	1	2	0.4	11	2	0.4	1
0.9675	1	2	0.4	11	2	0.4	1
0.9685	1	2	0.4	11	2	0.4	1
0.9695	1	2	0.4	11	2	0.4	1
0.9705	1	2	0.4	11	2	0.4	1
0.9715	1	2	0.4	11	2	0.4	1
0.9725	1	2	0.4	11	2	0.4	1
0.9735	1	2	0.4	11	2	0.4	1
0.9745	1	2	0.4	11	2	0.4	1
0.9755	1	2	0.4	11	2	0.4	1
0.9765	1	2	0.4	11	2	0.4	1
0.9775	1	2	0.4	11	2	0.4	1
0.9785	1	2	0.4	11	2	0.4	1
0.9795	1	2	0.4	11	2	0.4	1
0.9805	1	2	0.4	11	2	0.4	1
0.9815	1	2	0.4	11	2	0.4	1
0.9825	1	2	0.4	11	2	0.4	1
0.9835	1	2	0.4	11	2	0.4	1
0.9845	1	2	0.4	11	2	0.4	1
0.9855	1	2	0.4	11	2	0.4	1
0.9865	1	2	0.4	11	2	0.4	1
0.9875	1	2	0.4	11	2	0.4	1
0.9885	1	2	0.4	11	2	0.4	1
0.9895	1	2	0.4	11	2	0.4	1
0.9905	1	2	0.4	11	2	0.4	1
0.9915	1	2	0.4	11	2	0.4	1
0.9925	1	2	0.4	11	2	0.4	1
0.9935	1	2	0.4	11	2	0.4	1
0.9945	1	2	0.4	11	2	0.4	1
0.9955	1	2	0.4	11	2	0.4	1
0.9965	1	2	0.4	11	2	0.4	1
0.9975	1	2	0.4	11	2	0.4	1
0.9985	1	2	0.4	11	2	0.4	1
0.9995	1	2	0.4	11	2	0.4	1
