x	rho	u	p	e	rho_Ex	u_Ex	p_Ex	e_Ex
0.0025	0.999961	0.00144726	999.946	2499.96	1	0	1000	2500
0.0075	0.999906	0.00352043	999.868	2499.91	1	0	1000	2500
0.0125	0.999786	0.00800415	999.701	2499.79	1	0	1000	2500
0.0175	0.999525	0.0177869	999.335	2499.52	1	0	1000	2500
0.0225	0.998954	0.0391705	998.535	2498.95	1	0	1000	2500
0.0275	0.997705	0.0859354	996.789	2497.7	1	0	1000	2500
0.0325	0.995479	0.169451	993.677	2495.47	1	0	1000	2500
0.0375	0.992155	0.294397	989.035	2492.14	1	0	1000	2500
0.0425	0.987742	0.46079	982.884	2487.7	1	0	1000	2500
0.0475	0.982347	0.665038	975.377	2482.26	1	0	1000	2500
0.0525	0.976134	0.901359	966.754	2475.98	0.997221	0.104089	996.112	2497.22
0.0575	0.969284	1.16333	957.271	2469.02	0.987996	0.451312	983.235	2487.95
0.0625	0.961962	1.44497	947.165	2461.54	0.97884	0.798534	970.501	2478.7
0.0675	0.954307	1.74131	936.631	2453.69	0.969751	1.14576	957.909	2469.47
0.0725	0.946424	2.04849	925.818	2445.57	0.96073	1.49298	945.458	2460.26
0.0775	0.938388	2.36373	914.833	2437.24	0.951777	1.8402	933.145	2451.06
0.0825	0.930254	2.68507	903.75	2428.77	0.94289	2.18742	920.97	2441.88
0.0875	0.922054	3.01129	892.617	2420.19	0.93407	2.53464	908.931	2432.72
0.0925	0.913808	3.34166	881.463	2411.51	0.925315	2.88187	897.028	2423.57
0.0975	0.905533	3.67564	870.308	2402.75	0.916627	3.22909	885.258	2414.44
0.1025	0.897252	4.01229	859.187	2393.94	0.908004	3.57631	873.621	2405.33
0.1075	0.888993	4.35057	848.135	2385.1	0.899446	3.92353	862.115	2396.24
0.1125	0.880766	4.69001	837.168	2376.25	0.890953	4.27076	850.74	2387.16
0.1175	0.872579	5.03036	826.294	2367.39	0.882524	4.61798	839.493	2378.1
0.1225	0.864435	5.37145	815.517	2358.53	0.874159	4.9652	828.374	2369.06
0.1275	0.856338	5.71314	804.843	2349.67	0.865857	5.31242	817.381	2360.04
0.1325	0.848291	6.05529	794.275	2340.81	0.857619	5.65964	806.514	2351.03
0.1375	0.840295	6.39782	783.814	2331.96	0.849443	6.00687	795.771	2342.04
0.1425	0.832353	6.74065	773.463	2323.12	0.84133	6.35409	785.151	2333.06
0.1475	0.824466	7.08373	763.221	2314.29	0.833279	6.70131	774.652	2324.11
0.1525	0.816634	7.42699	753.091	2305.47	0.82529	7.04853	764.274	2315.17
0.1575	0.808859	7.7704	743.072	2296.67	0.817362	7.39576	754.016	2306.25
0.1625	0.801141	8.11391	733.165	2287.88	0.809495	7.74298	743.875	2297.34
0.1675	0.79348	8.45749	723.369	2279.1	0.801689	8.0902	733.852	2288.46
0.1725	0.785877	8.80111	713.684	2270.34	0.793944	8.43742	723.945	2279.59
0.1775	0.778332	9.14474	704.11	2261.6	0.786258	8.78464	714.153	2270.73
0.1825	0.770846	9.48835	694.647	2252.87	0.778632	9.13187	704.474	2261.9
0.1875	0.763418	9.83193	685.295	2244.17	0.771065	9.47909	694.908	2253.08
0.1925	0.756049	10.1754	676.052	2235.48	0.763557	9.82631	685.454	2244.28
0.1975	0.748739	10.5189	666.919	2226.81	0.756108	10.1735	676.11	2235.49
0.2025	0.741488	10.8622	657.894	2218.16	0.748717	10.5208	666.875	2226.73
0.2075	0.734296	11.2053	648.979	2209.53	0.741384	10.868	657.749	2217.98
0.2125	0.727164	11.5483	640.171	2200.92	0.734108	11.2152	648.73	2209.25
0.2175	0.720091	11.8911	631.471	2192.33	0.72689	11.5624	639.817	2200.53
0.2225	0.713078	12.2337	622.878	2183.76	0.719728	11.9096	631.01	2191.83
0.2275	0.706125	12.576	614.391	2175.22	0.712623	12.2569	622.306	2183.15
0.2325	0.699232	12.918	606.011	2166.7	0.705575	12.6041	613.706	2174.49
0.2375	0.692399	13.2598	597.737	2158.21	0.698582	12.9513	605.207	2165.84
0.2425	0.685626	13.6011	589.568	2149.74	0.691645	13.2985	596.81	2157.21
0.2475	0.678915	13.9421	581.504	2141.3	0.684763	13.6458	588.513	2148.6
0.2525	0.672264	14.2826	573.545	2132.89	0.677936	13.993	580.315	2140.01
0.2575	0.665675	14.6227	565.691	2124.5	0.671163	14.3402	572.215	2131.43
0.2625	0.659148	14.9622	557.942	2116.15	0.664445	14.6874	564.212	2122.87
0.2675	0.652685	15.3011	550.298	2107.82	0.65778	15.0346	556.305	2114.33
0.2725	0.646287	15.6392	542.76	2099.53	0.651169	15.3819	548.494	2105.8
0.2775	0.639955	15.9764	535.331	2091.28	0.644612	15.7291	540.776	2097.29
0.2825	0.633694	16.3125	528.013	2083.08	0.638107	16.0763	533.152	2088.8
0.2875	0.627509	16.6472	520.812	2074.92	0.631655	16.4235	525.62	2080.33
0.2925	0.621407	16.9799	513.736	2066.83	0.625256	16.7708	518.18	2071.87
0.2975	0.615402	17.31	506.799	2058.81	0.618908	17.118	510.83	2063.43
0.3025	0.60951	17.6363	500.02	2050.91	0.612612	17.4652	503.57	2055.01
0.3075	0.603759	17.9573	493.428	2043.15	0.606367	17.8124	496.398	2046.61
0.3125	0.598185	18.2707	487.062	2035.58	0.600173	18.1596	489.314	2038.22
0.3175	0.592838	18.5736	480.978	2028.29	0.59403	18.5069	482.316	2029.85
0.3225	0.587781	18.862	475.245	2021.35	0.587938	18.8541	475.405	2021.49
0.3275	0.58309	19.1314	469.943	2014.88	0.581895	19.2013	468.579	2013.16
0.3325	0.578848	19.3765	465.163	2009.01	0.575903	19.5485	461.837	2004.84
0.3375	0.575134	19.5923	460.99	2003.84	0.575062	19.5975	460.894	2003.67
0.3425	0.572014	19.7744	457.493	1999.48	0.575062	19.5975	460.894	2003.67
0.3475	0.569526	19.9202	454.71	1996	0.575062	19.5975	460.894	2003.67
0.3525	0.567669	20.0294	452.636	1993.4	0.575062	19.5975	460.894	2003.67
0.3575	0.566397	20.1043	451.217	1991.61	0.575062	19.5975	460.894	2003.67
0.3625	0.565626	20.1498	450.358	1990.53	0.575062	19.5975	460.894	2003.67
0.3675	0.565241	20.1725	449.929	1989.99	0.575062	19.5975	460.894	2003.67
0.3725	0.565112	20.1801	449.785	1989.81	0.575062	19.5975	460.894	2003.67
0.3775	0.565112	20.1801	449.785	1989.81	0.575062	19.5975	460.894	2003.67
0.3825	0.56527	20.1707	449.962	1990.03	0.575062	19.5975	460.894	2003.67
0.3875	0.565874	20.135	450.636	1990.88	0.575062	19.5975	460.894	2003.67
0.3925	0.566879	20.0757	451.758	1992.3	0.575062	19.5975	460.894	2003.67
0.3975	0.567914	20.0147	452.914	1993.76	0.575062	19.5975	460.894	2003.67
0.4025	0.56878	19.9638	453.881	1994.98	0.575062	19.5975	460.894	2003.67
0.4075	0.569477	19.9228	454.661	1995.96	0.575062	19.5975	460.894	2003.67
0.4125	0.570049	19.8892	455.301	1996.76	0.575062	19.5975	460.894	2003.67
0.4175	0.570526	19.8612	455.835	1997.43	0.575062	19.5975	460.894	2003.67
0.4225	0.57093	19.8375	456.287	1998	0.575062	19.5975	460.894	2003.67
0.4275	0.571276	19.8172	456.675	1998.49	0.575062	19.5975	460.894	2003.67
0.4325	0.571576	19.7995	457.012	1998.91	0.575062	19.5975	460.894	2003.67
0.4375	0.571839	19.7841	457.308	1999.28	0.575062	19.5975	460.894	2003.67
0.4425	0.572072	19.7705	457.569	1999.61	0.575062	19.5975	460.894	2003.67
0.4475	0.572278	19.7583	457.801	1999.9	0.575062	19.5975	460.894	2003.67
0.4525	0.572462	19.7475	458.008	2000.17	0.575062	19.5975	460.894	2003.67
0.4575	0.572626	19.7379	458.192	2000.4	0.575062	19.5975	460.894	2003.67
0.4625	0.572772	19.7293	458.357	2000.61	0.575062	19.5975	460.894	2003.67
0.4675	0.572903	19.7216	458.505	2000.8	0.575062	19.5975	460.894	2003.67
0.4725	0.573021	19.7146	458.639	2000.97	0.575062	19.5975	460.894	2003.67
0.4775	0.573129	19.7082	458.761	2001.12	0.575062	19.5975	460.894	2003.67
0.4825	0.573228	19.7024	458.873	2001.27	0.575062	19.5975	460.894	2003.67
0.4875	0.573319	19.697	458.976	2001.4	0.575062	19.5975	460.894	2003.67
0.4925	0.573402	19.6921	459.071	2001.52	0.575062	19.5975	460.894	2003.67
0.4975	0.573479	19.6875	459.158	2001.64	0.575062	19.5975	460.894	2003.67
0.5025	0.57355	19.6833	459.24	2001.74	0.575062	19.5975	460.894	2003.67
0.5075	0.573616	19.6793	459.316	2001.84	0.575062	19.5975	460.894	2003.67
0.5125	0.573679	19.6756	459.388	2001.94	0.575062	19.5975	460.894	2003.67
0.5175	0.573736	19.6721	459.455	2002.03	0.575062	19.5975	460.894	2003.67
0.5225	0.573789	19.6689	459.515	2002.11	0.575062	19.5975	460.894	2003.67
0.5275	0.573836	19.666	459.571	2002.19	0.575062	19.5975	460.894	2003.67
0.5325	0.573881	19.6633	459.624	2002.26	0.575062	19.5975	460.894	2003.67
0.5375	0.573923	19.6606	459.674	2002.33	0.575062	19.5975	460.894	2003.67
0.5425	0.573963	19.6582	459.722	2002.4	0.575062	19.5975	460.894	2003.67
0.5475	0.574001	19.6558	459.767	2002.47	0.575062	19.5975	460.894	2003.67
0.5525	0.574036	19.6536	459.81	2002.53	0.575062	19.5975	460.894	2003.67
0.5575	0.574068	19.6515	459.85	2002.59	0.575062	19.5975	460.894	2003.67
0.5625	0.574099	19.6495	459.889	2002.65	0.575062	19.5975	460.894	2003.67
0.5675	0.57413	19.6475	459.927	2002.72	0.575062	19.5975	460.894	2003.67
0.5725	0.574157	19.6456	459.963	2002.77	0.575062	19.5975	460.894	2003.67
0.5775	0.574182	19.6439	459.996	2002.83	0.575062	19.5975	460.894	2003.67
0.5825	0.574203	19.6423	460.026	2002.89	0.575062	19.5975	460.894	2003.67
0.5875	0.574221	19.641	460.052	2002.94	0.575062	19.5975	460.894	2003.67
0.5925	0.574238	19.6395	460.08	2003	0.575062	19.5975	460.894	2003.67
0.5975	0.574256	19.6378	460.112	2003.08	0.575062	19.5975	460.894	2003.67
0.6025	0.574265	19.6365	460.137	2003.16	0.575062	19.5975	460.894	2003.67
0.6075	0.57427	19.6353	460.161	2003.24	0.575062	19.5975	460.894	2003.67
0.6125	0.574274	19.6338	460.189	2003.35	0.575062	19.5975	460.894	2003.67
0.6175	0.574275	19.6326	460.212	2003.45	0.575062	19.5975	460.894	2003.67
0.6225	0.574276	19.6315	460.234	2003.54	0.575062	19.5975	460.894	2003.67
0.6275	0.574277	19.6303	460.257	2003.64	0.575062	19.5975	460.894	2003.67
0.6325	0.574277	19.6291	460.279	2003.73	0.575062	19.5975	460.894	2003.67
0.6375	0.574278	19.6277	460.306	2003.85	0.575062	19.5975	460.894	2003.67
0.6425	0.574273	19.6263	460.333	2003.98	0.575062	19.5975	460.894	2003.67
0.6475	0.57427	19.6253	460.353	2004.08	0.575062	19.5975	460.894	2003.67
0.6525	0.574265	19.624	460.376	2004.2	0.575062	19.5975	460.894	2003.67
0.6575	0.574244	19.6228	460.4	2004.37	0.575062	19.5975	460.894	2003.67
0.6625	0.574213	19.6218	460.42	2004.57	0.575062	19.5975	460.894	2003.67
0.6675	0.574174	19.6208	460.439	2004.79	0.575062	19.5975	460.894	2003.67
0.6725	0.574122	19.6198	460.457	2005.05	0.575062	19.5975	460.894	2003.67
0.6775	0.574025	19.6189	460.475	2005.46	0.575062	19.5975	460.894	2003.67
0.6825	0.573805	19.6179	460.493	2006.32	0.575062	19.5975	460.894	2003.67
0.6875	0.573352	19.617	460.512	2007.98	0.575062	19.5975	460.894	2003.67
0.6925	0.572656	19.6161	460.529	2010.49	0.575062	19.5975	460.894	2003.67
0.6975	0.571814	19.6152	460.544	2013.52	0.575062	19.5975	460.894	2003.67
0.7025	0.570997	19.6145	460.559	2016.47	0.575062	19.5975	460.894	2003.67
0.7075	0.570324	19.6137	460.573	2018.91	0.575062	19.5975	460.894	2003.67
0.7125	0.569826	19.6129	460.588	2020.74	0.575062	19.5975	460.894	2003.67
0.7175	0.569505	19.6122	460.601	2021.94	0.575062	19.5975	460.894	2003.67
0.7225	0.569335	19.6115	460.616	2022.6	0.575062	19.5975	460.894	2003.67
0.7275	0.569273	19.6107	460.629	2022.88	0.575062	19.5975	460.894	2003.67
0.7325	0.569266	19.6103	460.638	2022.95	0.575062	19.5975	460.894	2003.67
0.7375	5.56519	19.6102	460.642	206.93	5.99924	19.5975	460.894	192.063
0.7425	5.5655	19.6103	460.66	206.927	5.99924	19.5975	460.894	192.063
0.7475	5.57058	19.6106	460.74	206.774	5.99924	19.5975	460.894	192.063
0.7525	5.59739	19.611	460.929	205.868	5.99924	19.5975	460.894	192.063
0.7575	5.65177	19.6103	461.08	203.954	5.99924	19.5975	460.894	192.063
0.7625	5.70314	19.6033	460.774	201.983	5.99924	19.5975	460.894	192.063
0.7675	5.73583	19.5832	459.632	200.334	5.99924	19.5975	460.894	192.063
0.7725	5.75023	19.5497	457.663	198.976	5.99924	19.5975	460.894	192.063
0.7775	5.75276	19.5071	455.15	197.796	5.99924	19.5975	460.894	192.063
0.7825	5.73463	19.4223	449.937	196.149	1	0	0.01	0.025
0.7875	5.55082	19.0638	427.683	192.622	1	0	0.01	0.025
0.7925	4.59019	17.3326	331.393	180.49	1	0	0.01	0.025
0.7975	2.64601	11.2166	133.257	125.904	1	0	0.01	0.025
0.8025	1.33147	2.11176	7.06686	13.2689	1	0	0.01	0.025
0.8075	1.01439	-0.390893	-3.57215	-8.80368	1	0	0.01	0.025
0.8125	0.99312	-0.137749	-0.681868	-1.71648	1	0	0.01	0.025
0.8175	0.997491	-0.019393	-0.0464956	-0.116531	1	0	0.01	0.025
0.8225	1.00003	0.00510243	0.0374481	0.0936169	1	0	0.01	0.025
0.8275	1.00008	0.00118325	0.0144694	0.0361705	1	0	0.01	0.025
0.8325	1.00002	-3.51059e-05	0.00955374	0.023884	1	0	0.01	0.025
0.8375	0.999999	-3.80801e-05	0.00983897	0.0245974	1	0	0.01	0.025
0.8425	0.999999	-8.72637e-06	0.0099725	0.0249313	1	0	0.01	0.025
0.8475	1	6.33167e-07	0.0100036	0.025009	1	0	0.01	0.025
0.8525	1	2.99505e-07	0.010001	0.0250026	1	0	0.01	0.025
0.8575	1	5.74375e-08	0.0100002	0.0250004	1	0	0.01	0.025
0.8625	1	-3.99518e-09	0.00999998	0.025	1	0	0.01	0.025
0.8675	1	-1.88968e-09	0.00999999	0.025	1	0	0.01	0.025
0.8725	1	-3.19998e-10	0.01	0.025	1	0	0.01	0.025
0.8775	1	3.34993e-11	0.01	0.025	1	0	0.01	0.025
0.8825	1	1.26095e-11	0.01	0.025	1	0	0.01	0.025
0.8875	1	-1.10381e-12	0.01	0.025	1	0	0.01	0.025
0.8925	1	-8.72163e-13	0.01	0.025	1	0	0.01	0.025
0.8975	1	-3.00494e-14	0.01	0.025	1	0	0.01	0.025
0.9025	1	4.51668e-14	0.01	0.025	1	0	0.01	0.025
0.9075	1	2.36041e-15	0.01	0.025	1	0	0.01	0.025
0.9125	1	-2.15448e-15	0.01	0.025	1	0	0.01	0.025
0.9175	1	3.05771e-16	0.01	0.025	1	0	0.01	0.025
0.9225	1	2.45412e-16	0.01	0.025	1	0	0.01	0.025
0.9275	1	-2.51315e-17	0.01	0.025	1	0	0.01	0.025
0.9325	1	-2.01258e-17	0.01	0.025	1	0	0.01	0.025
0.9375	1	3.01862e-18	0.01	0.025	1	0	0.01	0.025
0.9425	1	1.6739e-18	0.01	0.025	1	0	0.01	0.025
0.9475	1	-3.79475e-19	0.01	0.025	1	0	0.01	0.025
0.9525	1	-1.30238e-19	0.01	0.025	1	0	0.01	0.025
0.9575	1	5.42097e-20	0.01	0.025	1	0	0.01	0.025
0.9625	1	5.28878e-20	0.01	0.025	1	0	0.01	0.025
0.9675	1	0	0.01	0.025	1	0	0.01	0.025
0.9725	1	0	0.01	0.025	1	0	0.01	0.025
0.9775	1	0	0.01	0.025	1	0	0.01	0.025
0.9825	1	0	0.01	0.025	1	0	0.01	0.025
0.9875	1	0	0.01	0.025	1	0	0.01	0.025
0.9925	1	0	0.01	0.025	1	0	0.01	0.025
0.9975	1	0	0.01	0.025	1	0	0.01	0.025
