x	rho	u	p	e	rho_Ex	u_Ex	p_Ex	e_Ex
0.0025	1	0	1	2.51	0	1	2.5
0.0075	1	0	1	2.51	0	1	2.5
0.0125	1	0	1	2.51	0	1	2.5
0.0175	1	0	1	2.51	0	1	2.5
0.0225	1	0	1	2.51	0	1	2.5
0.0275	1	0	1	2.51	0	1	2.5
0.0325	1	0	1	2.51	0	1	2.5
0.0375	1	-4.77748e-17	1	2.51	0	1	2.5
0.0425	1	-1.41418e-16	1	2.51	0	1	2.5
0.0475	1	-9.45946e-17	1	2.51	0	1	2.5
0.0525	1	1.70941e-15	1	2.51	0	1	2.5
0.0575	1	5.34803e-15	1	2.51	0	1	2.5
0.0625	1	-7.39423e-17	1	2.51	0	1	2.5
0.0675	1	-7.74913e-14	1	2.51	0	1	2.5
0.0725	1	-2.16221e-13	1	2.51	0	1	2.5
0.0775	1	3.09911e-13	1	2.51	0	1	2.5
0.0825	1	2.54512e-12	1	2.51	0	1	2.5
0.0875	1	9.8759e-12	1	2.51	0	1	2.5
0.0925	1	3.44061e-11	1	2.51	0	1	2.5
0.0975	1	1.1496e-10	1	2.51	0	1	2.5
0.1025	1	3.71968e-10	1	2.51	0	1	2.5
0.1075	1	1.16798e-09	1	2.51	0	1	2.5
0.1125	1	3.56247e-09	1	2.51	0	1	2.5
0.1175	1	1.05624e-08	1	2.51	0	1	2.5
0.1225	1	3.04643e-08	1	2.51	0	1	2.5
0.1275	1	8.55385e-08	1	2.51	0	1	2.5
0.1325	1	2.34003e-07	1	2.51	0	1	2.5
0.1375	0.999999	6.2423e-07	0.999999	2.51	0	1	2.5
0.1425	0.999999	1.62528e-06	0.999998	2.51	0	1	2.5
0.1475	0.999997	4.1344e-06	0.999995	2.51	0	1	2.5
0.1525	0.999991	1.02867e-05	0.999988	2.499991	0	1	2.5
0.1575	0.999979	2.50647e-05	0.99997	2.499981	0	1	2.5
0.1625	0.999949	5.98929e-05	0.999929	2.499951	0	1	2.5
0.1675	0.999881	0.000140564	0.999834	2.499881	0	1	2.5
0.1725	0.999726	0.000324564	0.999616	2.499731	0	1	2.5
0.1775	0.999375	0.000739755	0.999125	2.499371	0	1	2.5
0.1825	0.998601	0.00165747	0.998041	2.49861	0	1	2.5
0.1875	0.996814	0.00377562	0.995541	2.496811	0	1	2.5
0.1925	0.993462	0.0077563	0.990858	2.493451	0	1	2.5
0.1975	0.988344	0.0138537	0.983721	2.488311	0	1	2.5
0.2025	0.981497	0.0220485	0.974197	2.481411	0	1	2.5
0.2075	0.973129	0.0321261	0.962595	2.472940.990727	0.0110133	0.987041	2.4907
0.2125	0.963534	0.0437687	0.949338	2.463170.976824	0.02768	0.967705	2.47666
0.2175	0.953017	0.056638	0.934868	2.452390.963078	0.0443466	0.948694	2.46266
0.2225	0.941847	0.0704327	0.919568	2.440860.949487	0.0610133	0.930004	2.4487
0.2275	0.930236	0.0849127	0.90374	2.428790.93605	0.07768	0.91163	2.43478
0.2325	0.918336	0.0999048	0.887599	2.416320.922766	0.0943466	0.893569	2.4209
0.2375	0.906248	0.115295	0.871287	2.403560.909632	0.111013	0.875815	2.40706
0.2425	0.894037	0.131009	0.854898	2.390550.896649	0.12768	0.858364	2.39326
0.2475	0.881765	0.146977	0.838515	2.377380.883814	0.144347	0.841212	2.37949
0.2525	0.86951	0.163102	0.822247	2.364110.871127	0.161013	0.824355	2.36577
0.2575	0.857325	0.179316	0.806161	2.35080.858586	0.17768	0.807788	2.35209
0.2625	0.845227	0.195597	0.790281	2.337480.84619	0.194347	0.791508	2.33845
0.2675	0.833227	0.211931	0.774619	2.324150.833937	0.211013	0.775509	2.32484
0.2725	0.821334	0.228308	0.759185	2.310830.821827	0.22768	0.759788	2.31128
0.2775	0.809553	0.244718	0.743985	2.297520.809858	0.244347	0.744342	2.29775
0.2825	0.797888	0.261156	0.729021	2.284220.798029	0.261013	0.729165	2.28427
0.2875	0.786343	0.277615	0.714296	2.270940.786338	0.27768	0.714254	2.27083
0.2925	0.77492	0.294093	0.699812	2.257690.774785	0.294347	0.699606	2.25742
0.2975	0.763619	0.310584	0.685567	2.244470.763368	0.311013	0.685216	2.24406
0.3025	0.752444	0.327088	0.671563	2.231270.752086	0.32768	0.67108	2.23073
0.3075	0.741394	0.3436	0.657797	2.218110.740937	0.344347	0.657195	2.21744
0.3125	0.730469	0.360119	0.644268	2.204980.729922	0.361013	0.643556	2.2042
0.3175	0.71967	0.376643	0.630974	2.191890.719037	0.37768	0.630162	2.19099
0.3225	0.708997	0.39317	0.617913	2.178830.708283	0.394347	0.617007	2.17782
0.3275	0.69845	0.409699	0.605084	2.165810.697658	0.411013	0.604087	2.1647
0.3325	0.688029	0.426229	0.592483	2.152830.687161	0.42768	0.591401	2.15161
0.3375	0.677733	0.442758	0.580108	2.139880.676791	0.444347	0.578944	2.13856
0.3425	0.667561	0.459285	0.567957	2.126980.666546	0.461013	0.566712	2.12555
0.3475	0.657514	0.475809	0.556026	2.114120.656426	0.47768	0.554702	2.11259
0.3525	0.647591	0.492328	0.544315	2.101310.646429	0.494347	0.542911	2.09966
0.3575	0.637791	0.508843	0.532819	2.088530.636554	0.511013	0.531336	2.08677
0.3625	0.628114	0.52535	0.521536	2.07580.6268	0.52768	0.519973	2.07392
0.3675	0.61856	0.541849	0.510465	2.063120.617166	0.544347	0.508818	2.06111
0.3725	0.609128	0.558339	0.499601	2.050480.607651	0.561013	0.49787	2.04834
0.3775	0.599817	0.574817	0.488944	2.037890.598254	0.57768	0.487124	2.03561
0.3825	0.590628	0.591282	0.478491	2.025350.588973	0.594347	0.476577	2.02292
0.3875	0.58156	0.607732	0.468239	2.012860.579808	0.611013	0.466227	2.01027
0.3925	0.572614	0.624164	0.458186	2.000420.570757	0.62768	0.45607	1.99766
0.3975	0.563789	0.640574	0.448333	1.988030.56182	0.644347	0.446104	1.98508
0.4025	0.555088	0.656958	0.438676	1.975710.552995	0.661013	0.436324	1.97255
0.4075	0.546511	0.67331	0.429217	1.963440.544281	0.67768	0.426729	1.96006
0.4125	0.538061	0.689621	0.419957	1.951250.535677	0.694347	0.417316	1.94761
0.4175	0.529742	0.705882	0.410896	1.939130.527183	0.711013	0.40808	1.93519
0.4225	0.521558	0.722079	0.402037	1.92710.518797	0.72768	0.399021	1.92282
0.4275	0.513515	0.738197	0.393385	1.915160.510517	0.744347	0.390135	1.91049
0.4325	0.50562	0.754215	0.384945	1.903330.502344	0.761013	0.381418	1.89819
0.4375	0.497883	0.770106	0.376726	1.891640.494276	0.77768	0.37287	1.88594
0.4425	0.49032	0.785835	0.368739	1.88010.486312	0.794347	0.364486	1.87373
0.4475	0.482948	0.801352	0.361003	1.868750.47845	0.811013	0.356264	1.86155
0.4525	0.475798	0.816584	0.353544	1.857640.470691	0.82768	0.348201	1.84942
0.4575	0.468909	0.831435	0.3464	1.846840.463033	0.844347	0.340296	1.83732
0.4625	0.462333	0.845773	0.33962	1.836450.455475	0.861013	0.332545	1.82526
0.4675	0.456137	0.859433	0.333267	1.826570.448015	0.87768	0.324945	1.81325
0.4725	0.450398	0.872219	0.327414	1.817360.440654	0.894347	0.317495	1.80127
0.4775	0.445196	0.88392	0.322134	1.808940.43339	0.911013	0.310192	1.78934
0.4825	0.440607	0.894334	0.317497	1.801470.426319	0.927453	0.30313	1.7776
0.4875	0.436689	0.903294	0.313553	1.795060.426319	0.927453	0.30313	1.7776
0.4925	0.433469	0.910706	0.310322	1.789760.426319	0.927453	0.30313	1.7776
0.4975	0.430937	0.916563	0.30779	1.785580.426319	0.927453	0.30313	1.7776
0.5025	0.429044	0.92096	0.3059	1.782450.426319	0.927453	0.30313	1.7776
0.5075	0.427706	0.924075	0.304567	1.780240.426319	0.927453	0.30313	1.7776
0.5125	0.42682	0.92614	0.303687	1.778770.426319	0.927453	0.30313	1.7776
0.5175	0.426276	0.927406	0.303148	1.777880.426319	0.927453	0.30313	1.7776
0.5225	0.425974	0.928107	0.30285	1.77740.426319	0.927453	0.30313	1.7776
0.5275	0.425828	0.928441	0.302708	1.777170.426319	0.927453	0.30313	1.7776
0.5325	0.425773	0.928559	0.302657	1.77710.426319	0.927453	0.30313	1.7776
0.5375	0.425764	0.928574	0.302651	1.77710.426319	0.927453	0.30313	1.7776
0.5425	0.425806	0.92847	0.302695	1.777190.426319	0.927453	0.30313	1.7776
0.5475	0.425896	0.928249	0.302789	1.777370.426319	0.927453	0.30313	1.7776
0.5525	0.425983	0.928034	0.30288	1.777540.426319	0.927453	0.30313	1.7776
0.5575	0.426046	0.927875	0.302948	1.777670.426319	0.927453	0.30313	1.7776
0.5625	0.42609	0.927758	0.302997	1.777780.426319	0.927453	0.30313	1.7776
0.5675	0.426122	0.927671	0.303035	1.777860.426319	0.927453	0.30313	1.7776
0.5725	0.426142	0.927605	0.303062	1.777940.426319	0.927453	0.30313	1.7776
0.5775	0.426153	0.927558	0.303082	1.778010.426319	0.927453	0.30313	1.7776
0.5825	0.426157	0.927529	0.303094	1.778070.426319	0.927453	0.30313	1.7776
0.5875	0.426158	0.927504	0.303105	1.778120.426319	0.927453	0.30313	1.7776
0.5925	0.426159	0.927477	0.303117	1.778190.426319	0.927453	0.30313	1.7776
0.5975	0.426159	0.927453	0.303127	1.778250.426319	0.927453	0.30313	1.7776
0.6025	0.426159	0.927432	0.303135	1.77830.426319	0.927453	0.30313	1.7776
0.6075	0.426156	0.927412	0.303144	1.778360.426319	0.927453	0.30313	1.7776
0.6125	0.426148	0.927398	0.30315	1.778430.426319	0.927453	0.30313	1.7776
0.6175	0.426135	0.927395	0.303151	1.778490.426319	0.927453	0.30313	1.7776
0.6225	0.426116	0.9274	0.303149	1.778560.426319	0.927453	0.30313	1.7776
0.6275	0.426092	0.927408	0.303145	1.778640.426319	0.927453	0.30313	1.7776
0.6325	0.426067	0.927417	0.303141	1.778720.426319	0.927453	0.30313	1.7776
0.6375	0.426039	0.927426	0.303137	1.778810.426319	0.927453	0.30313	1.7776
0.6425	0.426007	0.927436	0.303133	1.778920.426319	0.927453	0.30313	1.7776
0.6475	0.425971	0.927445	0.303129	1.779050.426319	0.927453	0.30313	1.7776
0.6525	0.425932	0.927452	0.303126	1.779190.426319	0.927453	0.30313	1.7776
0.6575	0.425893	0.927458	0.303123	1.779340.426319	0.927453	0.30313	1.7776
0.6625	0.425856	0.927462	0.303121	1.779480.426319	0.927453	0.30313	1.7776
0.6675	0.425812	0.927464	0.30312	1.779660.426319	0.927453	0.30313	1.7776
0.6725	0.425738	0.927465	0.303119	1.779970.426319	0.927453	0.30313	1.7776
0.6775	0.425589	0.927465	0.303119	1.780580.426319	0.927453	0.30313	1.7776
0.6825	0.425215	0.927465	0.303119	1.782150.426319	0.927453	0.30313	1.7776
0.6875	0.424338	0.927465	0.303119	1.785830.426319	0.927453	0.30313	1.7776
0.6925	0.422912	0.927464	0.303119	1.791860.426319	0.927453	0.30313	1.7776
0.6975	0.42126	0.927463	0.303119	1.798890.426319	0.927453	0.30313	1.7776
0.7025	0.419744	0.927462	0.303119	1.805380.426319	0.927453	0.30313	1.7776
0.7075	0.418547	0.927461	0.303119	1.810550.426319	0.927453	0.30313	1.7776
0.7125	0.4177	0.92746	0.30312	1.814220.426319	0.927453	0.30313	1.7776
0.7175	0.417183	0.927459	0.30312	1.816470.426319	0.927453	0.30313	1.7776
0.7225	0.416938	0.927458	0.30312	1.817540.426319	0.927453	0.30313	1.7776
0.7275	0.416867	0.927457	0.30312	1.817850.426319	0.927453	0.30313	1.7776
0.7325	0.260553	0.927455	0.303121	2.908430.265574	0.927453	0.30313	2.85354
0.7375	0.260596	0.927453	0.303121	2.907960.265574	0.927453	0.30313	2.85354
0.7425	0.260827	0.927451	0.303121	2.905390.265574	0.927453	0.30313	2.85354
0.7475	0.261416	0.927449	0.303122	2.898850.265574	0.927453	0.30313	2.85354
0.7525	0.262252	0.927447	0.303122	2.88960.265574	0.927453	0.30313	2.85354
0.7575	0.26306	0.927445	0.303123	2.880740.265574	0.927453	0.30313	2.85354
0.7625	0.263733	0.927443	0.303123	2.873380.265574	0.927453	0.30313	2.85354
0.7675	0.264273	0.92744	0.303123	2.867520.265574	0.927453	0.30313	2.85354
0.7725	0.264688	0.927438	0.303124	2.863020.265574	0.927453	0.30313	2.85354
0.7775	0.264994	0.927436	0.303124	2.859720.265574	0.927453	0.30313	2.85354
0.7825	0.26521	0.927434	0.303124	2.85740.265574	0.927453	0.30313	2.85354
0.7875	0.265356	0.927432	0.303124	2.855830.265574	0.927453	0.30313	2.85354
0.7925	0.265449	0.92743	0.303125	2.854830.265574	0.927453	0.30313	2.85354
0.7975	0.265504	0.927428	0.303125	2.854230.265574	0.927453	0.30313	2.85354
0.8025	0.265535	0.927426	0.303125	2.85390.265574	0.927453	0.30313	2.85354
0.8075	0.265551	0.927424	0.303125	2.853740.265574	0.927453	0.30313	2.85354
0.8125	0.265557	0.927422	0.303125	2.853670.265574	0.927453	0.30313	2.85354
0.8175	0.265559	0.92742	0.303125	2.853650.265574	0.927453	0.30313	2.85354
0.8225	0.265558	0.927417	0.303125	2.853660.265574	0.927453	0.30313	2.85354
0.8275	0.265556	0.927414	0.303126	2.853690.265574	0.927453	0.30313	2.85354
0.8325	0.265552	0.927412	0.303126	2.853730.265574	0.927453	0.30313	2.85354
0.8375	0.265551	0.927408	0.303126	2.853750.265574	0.927453	0.30313	2.85354
0.8425	0.26555	0.927405	0.303126	2.853750.265574	0.927453	0.30313	2.85354
0.8475	0.26555	0.927401	0.303126	2.853750.265574	0.927453	0.30313	2.85354
0.8525	0.265551	0.927398	0.303125	2.853730.265574	0.927453	0.30313	2.85354
0.8575	0.265554	0.927392	0.303125	2.853710.265574	0.927453	0.30313	2.85354
0.8625	0.265558	0.927383	0.303126	2.853670.265574	0.927453	0.30313	2.85354
0.8675	0.265561	0.927379	0.303124	2.853630.265574	0.927453	0.30313	2.85354
0.8725	0.265562	0.927379	0.303121	2.853580.265574	0.927453	0.30313	2.85354
0.8775	0.265564	0.927373	0.303119	2.853540.265574	0.927453	0.30313	2.85354
0.8825	0.265568	0.927357	0.303119	2.85350.265574	0.927453	0.30313	2.85354
0.8875	0.265571	0.927354	0.303116	2.853440.265574	0.927453	0.30313	2.85354
0.8925	0.265567	0.927378	0.303104	2.853360.265574	0.927453	0.30313	2.85354
0.8975	0.265568	0.927384	0.303098	2.85330.265574	0.927453	0.30313	2.85354
0.9025	0.265578	0.92734	0.303109	2.85330.265574	0.927453	0.30313	2.85354
0.9075	0.265584	0.927311	0.303115	2.853290.265574	0.927453	0.30313	2.85354
0.9125	0.265556	0.927431	0.303072	2.853190.265574	0.927453	0.30313	2.85354
0.9175	0.265546	0.92744	0.303068	2.853250.265574	0.927453	0.30313	2.85354
0.9225	0.265565	0.927327	0.303106	2.853410.265574	0.927453	0.30313	2.85354
0.9275	0.265591	0.926958	0.303137	2.853420.265574	0.927453	0.30313	2.85354
0.9325	0.264908	0.924822	0.302166	2.851620.265574	0.927453	0.30313	2.85354
0.9375	0.247655	0.855978	0.277675	2.803040.265574	0.927453	0.30313	2.85354
0.9425	0.188873	0.541318	0.192324	2.545680.125	0	0.1	2
0.9475	0.133026	0.0640637	0.108671	2.042290.125	0	0.1	2
0.9525	0.125187	0.000557445	0.100082	1.998650.125	0	0.1	2
0.9575	0.125002	2.03608e-05	0.100003	2.000020.125	0	0.1	2
0.9625	0.125	8.49391e-07	0.1	20.125	0	0.1	2
0.9675	0.125	1.66571e-08	0.1	20.125	0	0.1	2
0.9725	0.125	4.1954e-10	0.1	20.125	0	0.1	2
0.9775	0.125	1.26629e-11	0.1	20.125	0	0.1	2
0.9825	0.125	-9.20953e-13	0.1	20.125	0	0.1	2
0.9875	0.125	-2.92924e-14	0.1	20.125	0	0.1	2
0.9925	0.125	2.13456e-15	0.1	20.125	0	0.1	2
0.9975	0.125	-7.5582e-16	0.1	20.125	0	0.1	2
