x	rho	u	p	e	rhoEx	uEx	pEx	eEx
0.0025	1	0	0.01	0.025	1	0	0.01	0.025
0.0075	1	0	0.01	0.025	1	0	0.01	0.025
0.0125	1	0	0.01	0.025	1	0	0.01	0.025
0.0175	1	0	0.01	0.025	1	0	0.01	0.025
0.0225	1	0	0.01	0.025	1	0	0.01	0.025
0.0275	1	0	0.01	0.025	1	0	0.01	0.025
0.0325	1	0	0.01	0.025	1	0	0.01	0.025
0.0375	1	0	0.01	0.025	1	0	0.01	0.025
0.0425	1	0	0.01	0.025	1	0	0.01	0.025
0.0475	1	0	0.01	0.025	1	0	0.01	0.025
0.0525	1	0	0.01	0.025	1	0	0.01	0.025
0.0575	1	0	0.01	0.025	1	0	0.01	0.025
0.0625	1	0	0.01	0.025	1	0	0.01	0.025
0.0675	1	0	0.01	0.025	1	0	0.01	0.025
0.0725	1	0	0.01	0.025	1	0	0.01	0.025
0.0775	1	0	0.01	0.025	1	0	0.01	0.025
0.0825	1	0	0.01	0.025	1	0	0.01	0.025
0.0875	1	0	0.01	0.025	1	0	0.01	0.025
0.0925	1	0	0.01	0.025	1	0	0.01	0.025
0.0975	1	0	0.01	0.025	1	0	0.01	0.025
0.1025	1	0	0.01	0.025	1	0	0.01	0.025
0.1075	1	0	0.01	0.025	1	0	0.01	0.025
0.1125	1	0	0.01	0.025	1	0	0.01	0.025
0.1175	1	0	0.01	0.025	1	0	0.01	0.025
0.1225	1	0	0.01	0.025	1	0	0.01	0.025
0.1275	1	0	0.01	0.025	1	0	0.01	0.025
0.1325	1	0	0.01	0.025	1	0	0.01	0.025
0.1375	1	0	0.01	0.025	1	0	0.01	0.025
0.1425	1	0	0.01	0.025	1	0	0.01	0.025
0.1475	1	0	0.01	0.025	1	0	0.01	0.025
0.1525	1	0	0.01	0.025	1	0	0.01	0.025
0.1575	1	0	0.01	0.025	1	0	0.01	0.025
0.1625	1	0	0.01	0.025	1	0	0.01	0.025
0.1675	1	0	0.01	0.025	1	0	0.01	0.025
0.1725	1	0	0.01	0.025	1	0	0.01	0.025
0.1775	1	0	0.01	0.025	1	0	0.01	0.025
0.1825	1	0	0.01	0.025	1	0	0.01	0.025
0.1875	1	0	0.01	0.025	1	0	0.01	0.025
0.1925	1	0	0.01	0.025	1	0	0.01	0.025
0.1975	1	0	0.01	0.025	1	0	0.01	0.025
0.2025	1	0	0.01	0.025	1	0	0.01	0.025
0.2075	1	0	0.01	0.025	1	0	0.01	0.025
0.2125	1	0	0.01	0.025	1	0	0.01	0.025
0.2175	1	0	0.01	0.025	1	0	0.01	0.025
0.2225	1	-1.84303e-19	0.01	0.025	1	0	0.01	0.025
0.2275	1	-2.79788e-15	0.01	0.025	1	0	0.01	0.025
0.2325	1	-3.86262e-11	0.01	0.025	1	0	0.01	0.025
0.2375	1	-4.6491e-07	0.0100001	0.025	1	0	0.01	0.025
0.2425	1.00662	-0.00403812	0.0109918	0.027299	5.99242	-6.19633	46.095	19.2306
0.2475	1.2384	-0.629572	1.00935	2.03762	5.99242	-6.19633	46.095	19.2306
0.2525	3.00043	-3.96515	16.6054	13.8358	5.99242	-6.19633	46.095	19.2306
0.2575	5.15227	-5.78035	38.7075	18.7818	5.99242	-6.19633	46.095	19.2306
0.2625	5.80775	-6.11643	44.6038	19.2001	5.99242	-6.19633	46.095	19.2306
0.2675	6.16315	-6.16982	45.6863	18.532	5.99242	-6.19633	46.095	19.2306
0.2725	6.506	-6.18013	45.9027	17.6386	5.99242	-6.19633	46.095	19.2306
0.2775	6.81031	-6.18269	45.983	16.8799	5.99242	-6.19633	46.095	19.2306
0.2825	7.02376	-6.1839	46.0318	16.3843	5.99242	-6.19633	46.095	19.2306
0.2875	7.13288	-6.18424	46.0791	16.1503	0.575113	-6.19633	46.095	200.374
0.2925	7.16489	-6.18388	46.1306	16.0961	0.575113	-6.19633	46.095	200.374
0.2975	7.16888	-6.18363	46.1667	16.0997	0.575113	-6.19633	46.095	200.374
0.3025	0.573934	-6.18391	46.1708	201.115	0.575113	-6.19633	46.095	200.374
0.3075	0.573977	-6.1832	46.1752	201.12	0.575113	-6.19633	46.095	200.374
0.3125	0.574047	-6.18257	46.1789	201.111	0.575113	-6.19633	46.095	200.374
0.3175	0.574211	-6.18193	46.1829	201.071	0.575113	-6.19633	46.095	200.374
0.3225	0.574517	-6.18121	46.1873	200.983	0.575113	-6.19633	46.095	200.374
0.3275	0.574896	-6.18048	46.1917	200.87	0.575113	-6.19633	46.095	200.374
0.3325	0.575189	-6.1797	46.1964	200.788	0.575113	-6.19633	46.095	200.374
0.3375	0.5754	-6.17888	46.2013	200.736	0.575113	-6.19633	46.095	200.374
0.3425	0.575563	-6.17802	46.2066	200.702	0.575113	-6.19633	46.095	200.374
0.3475	0.575701	-6.1771	46.2121	200.678	0.575113	-6.19633	46.095	200.374
0.3525	0.575827	-6.17613	46.218	200.659	0.575113	-6.19633	46.095	200.374
0.3575	0.575943	-6.17509	46.2243	200.646	0.575113	-6.19633	46.095	200.374
0.3625	0.57605	-6.17401	46.2311	200.638	0.575113	-6.19633	46.095	200.374
0.3675	0.576145	-6.17285	46.2383	200.636	0.575113	-6.19633	46.095	200.374
0.3725	0.576232	-6.17163	46.2458	200.639	0.575113	-6.19633	46.095	200.374
0.3775	0.576314	-6.17033	46.2537	200.644	0.575113	-6.19633	46.095	200.374
0.3825	0.576397	-6.16896	46.262	200.652	0.575113	-6.19633	46.095	200.374
0.3875	0.576484	-6.16751	46.2708	200.66	0.575113	-6.19633	46.095	200.374
0.3925	0.576586	-6.16598	46.2801	200.665	0.575113	-6.19633	46.095	200.374
0.3975	0.5767	-6.16438	46.2898	200.666	0.575113	-6.19633	46.095	200.374
0.4025	0.576811	-6.1627	46.3002	200.673	0.575113	-6.19633	46.095	200.374
0.4075	0.576913	-6.16094	46.3108	200.684	0.575113	-6.19633	46.095	200.374
0.4125	0.577014	-6.15911	46.3221	200.697	0.575113	-6.19633	46.095	200.374
0.4175	0.577116	-6.1572	46.3338	200.713	0.575113	-6.19633	46.095	200.374
0.4225	0.577227	-6.15522	46.3461	200.727	0.575113	-6.19633	46.095	200.374
0.4275	0.577352	-6.15316	46.3587	200.738	0.575113	-6.19633	46.095	200.374
0.4325	0.577487	-6.15104	46.3716	200.747	0.575113	-6.19633	46.095	200.374
0.4375	0.577619	-6.14884	46.3851	200.76	0.575113	-6.19633	46.095	200.374
0.4425	0.577745	-6.14655	46.399	200.776	0.575113	-6.19633	46.095	200.374
0.4475	0.577871	-6.14416	46.4136	200.796	0.575113	-6.19633	46.095	200.374
0.4525	0.578004	-6.14168	46.4288	200.815	0.575113	-6.19633	46.095	200.374
0.4575	0.578136	-6.13929	46.4434	200.832	0.575113	-6.19633	46.095	200.374
0.4625	0.578266	-6.13703	46.4573	200.848	0.575113	-6.19633	46.095	200.374
0.4675	0.578396	-6.13484	46.4708	200.861	0.575113	-6.19633	46.095	200.374
0.4725	0.578527	-6.1326	46.4846	200.875	0.575113	-6.19633	46.095	200.374
0.4775	0.578661	-6.1302	46.4994	200.892	0.575113	-6.19633	46.095	200.374
0.4825	0.578808	-6.12748	46.5161	200.913	0.575113	-6.19633	46.095	200.374
0.4875	0.578979	-6.12429	46.5356	200.938	0.575113	-6.19633	46.095	200.374
0.4925	0.579181	-6.12057	46.5584	200.966	0.575113	-6.19633	46.095	200.374
0.4975	0.579414	-6.11635	46.5843	200.997	0.575113	-6.19633	46.095	200.374
0.5025	0.579673	-6.11173	46.6127	201.03	0.575113	-6.19633	46.095	200.374
0.5075	0.579948	-6.10681	46.643	201.065	0.575113	-6.19633	46.095	200.374
0.5125	0.580237	-6.10158	46.6752	201.104	0.575113	-6.19633	46.095	200.374
0.5175	0.580544	-6.09596	46.7098	201.147	0.575113	-6.19633	46.095	200.374
0.5225	0.58088	-6.08977	46.748	201.195	0.575113	-6.19633	46.095	200.374
0.5275	0.58126	-6.08282	46.7909	201.248	0.575113	-6.19633	46.095	200.374
0.5325	0.581695	-6.07492	46.8397	201.307	0.575113	-6.19633	46.095	200.374
0.5375	0.582192	-6.06592	46.8953	201.374	0.575113	-6.19633	46.095	200.374
0.5425	0.582759	-6.05566	46.9587	201.45	0.575113	-6.19633	46.095	200.374
0.5475	0.583402	-6.04397	47.0311	201.538	0.575113	-6.19633	46.095	200.374
0.5525	0.584132	-6.03066	47.1136	201.639	0.575113	-6.19633	46.095	200.374
0.5575	0.584963	-6.01554	47.2076	201.755	0.575113	-6.19633	46.095	200.374
0.5625	0.585908	-5.99838	47.3144	201.885	0.575113	-6.19633	46.095	200.374
0.5675	0.586978	-5.97901	47.4352	202.032	0.575113	-6.19633	46.095	200.374
0.5725	0.588175	-5.95739	47.5704	202.195	0.575113	-6.19633	46.095	200.374
0.5775	0.589491	-5.93365	47.7192	202.374	0.575113	-6.19633	46.095	200.374
0.5825	0.590905	-5.90815	47.8794	202.568	0.575113	-6.19633	46.095	200.374
0.5875	0.592391	-5.88138	48.0481	202.772	0.575113	-6.19633	46.095	200.374
0.5925	0.59393	-5.85371	48.223	202.983	0.575113	-6.19633	46.095	200.374
0.5975	0.595519	-5.8252	48.4038	203.2	0.575113	-6.19633	46.095	200.374
0.6025	0.597187	-5.7954	48.5935	203.427	0.575113	-6.19633	46.095	200.374
0.6075	0.598981	-5.76341	48.7978	203.67	0.575113	-6.19633	46.095	200.374
0.6125	0.600961	-5.72819	49.0235	203.938	0.575113	-6.19633	46.095	200.374
0.6175	0.60317	-5.68898	49.276	204.237	0.575113	-6.19633	46.095	200.374
0.6225	0.605622	-5.64555	49.5568	204.57	0.575113	-6.19633	46.095	200.374
0.6275	0.6083	-5.5983	49.8638	204.931	0.575113	-6.19633	46.095	200.374
0.6325	0.611162	-5.548	50.1925	205.316	0.575113	-6.19633	46.095	200.374
0.6375	0.614165	-5.49544	50.5379	205.718	0.575113	-6.19633	46.095	200.374
0.6425	0.617281	-5.44112	50.8971	206.134	0.575113	-6.19633	46.095	200.374
0.6475	0.620508	-5.38509	51.2699	206.564	0.575113	-6.19633	46.095	200.374
0.6525	0.623865	-5.32701	51.6587	207.011	0.575113	-6.19633	46.095	200.374
0.6575	0.627385	-5.26639	52.0673	207.477	0.579808	-6.11013	46.6227	201.027
0.6625	0.631094	-5.20284	52.4987	207.967	0.586343	-5.99109	47.36	201.93
0.6675	0.634997	-5.13628	52.9536	208.48	0.592936	-5.87204	48.1073	202.835
0.6725	0.639079	-5.06702	53.4307	209.014	0.599589	-5.75299	48.8647	203.742
0.6775	0.64331	-4.99559	53.9265	209.566	0.606301	-5.63394	49.6322	204.652
0.6825	0.647659	-4.92254	54.4376	210.132	0.613074	-5.51489	50.4101	205.563
0.6875	0.652108	-4.84821	54.9619	210.709	0.619906	-5.39585	51.1984	206.476
0.6925	0.656662	-4.77257	55.4999	211.296	0.6268	-5.2768	51.9973	207.392
0.6975	0.661344	-4.69527	56.0545	211.896	0.633755	-5.15775	52.8068	208.309
0.7025	0.666191	-4.61569	56.6304	212.516	0.640771	-5.0387	53.6271	209.229
0.7075	0.671241	-4.53323	57.2324	213.159	0.647849	-4.91966	54.4582	210.15
0.7125	0.676526	-4.44746	57.8643	213.829	0.65499	-4.80061	55.3004	211.074
0.7175	0.68206	-4.35825	58.5279	214.527	0.662194	-4.68156	56.1538	211.999
0.7225	0.687832	-4.26582	59.2224	215.25	0.66946	-4.56251	57.0184	212.927
0.7275	0.693817	-4.17064	59.9449	215.997	0.676791	-4.44347	57.8944	213.856
0.7325	0.699977	-4.07333	60.6914	216.762	0.684185	-4.32442	58.7818	214.788
0.7375	0.706278	-3.9745	61.4577	217.541	0.691644	-4.20537	59.681	215.721
0.7425	0.712687	-3.87472	62.2398	218.328	0.699168	-4.08632	60.5919	216.657
0.7475	0.71918	-3.77437	63.035	219.121	0.706758	-3.96728	61.5147	217.595
0.7525	0.725739	-3.67372	63.8412	219.918	0.714413	-3.84823	62.4495	218.534
0.7575	0.732358	-3.57287	64.6579	220.718	0.722134	-3.72918	63.3964	219.476
0.7625	0.739037	-3.47182	65.4851	221.522	0.729922	-3.61013	64.3556	220.42
0.7675	0.745786	-3.37049	66.3237	222.328	0.737776	-3.49109	65.3273	221.365
0.7725	0.752612	-3.26876	67.1749	223.139	0.745699	-3.37204	66.3115	222.313
0.7775	0.759524	-3.16647	68.0402	223.957	0.753689	-3.25299	67.3084	223.263
0.7825	0.766535	-3.06348	68.9212	224.782	0.761748	-3.13394	68.3181	224.215
0.7875	0.773656	-2.95964	69.8192	225.615	0.769875	-3.01489	69.3407	225.169
0.7925	0.780897	-2.85484	70.7357	226.456	0.778072	-2.89585	70.3765	226.125
0.7975	0.788266	-2.74898	71.6718	227.308	0.786338	-2.7768	71.4254	227.083
0.8025	0.795767	-2.64201	72.6285	228.171	0.794674	-2.65775	72.4878	228.042
0.8075	0.803406	-2.53391	73.6065	229.045	0.803081	-2.5387	73.5637	229.004
0.8125	0.811188	-2.42466	74.6064	229.93	0.811559	-2.41966	74.6532	229.968
0.8175	0.819109	-2.31429	75.6283	230.825	0.820109	-2.30061	75.7565	230.934
0.8225	0.82717	-2.20284	76.6723	231.731	0.82873	-2.18156	76.8738	231.902
0.8275	0.835368	-2.09037	77.7384	232.647	0.837424	-2.06251	78.0051	232.872
0.8325	0.843703	-1.97695	78.8263	233.572	0.84619	-1.94347	79.1508	233.845
0.8375	0.852169	-1.86266	79.9358	234.507	0.85503	-1.82442	80.3108	234.819
0.8425	0.860762	-1.74757	81.0665	235.45	0.863943	-1.70537	81.4853	235.795
0.8475	0.869477	-1.63177	82.218	236.401	0.872931	-1.58632	82.6745	236.773
0.8525	0.878311	-1.51536	83.3896	237.358	0.881993	-1.46728	83.8786	237.753
0.8575	0.887254	-1.39847	84.5807	238.322	0.89113	-1.34823	85.0977	238.735
0.8625	0.896295	-1.2812	85.7899	239.29	0.900343	-1.22918	86.3319	239.719
0.8675	0.905426	-1.16379	87.016	240.263	0.909632	-1.11013	87.5815	240.706
0.8725	0.914614	-1.04646	88.255	241.236	0.918998	-0.991085	88.8465	241.694
0.8775	0.92376	-0.930709	89.4929	242.197	0.92844	-0.872038	90.1271	242.684
0.8825	0.932708	-0.818359	90.7086	243.133	0.93796	-0.75299	91.4236	243.677
0.8875	0.941436	-0.70959	91.8992	244.04	0.947558	-0.633942	92.736	244.671
0.8925	0.949893	-0.604977	93.0568	244.914	0.957234	-0.514895	94.0645	245.667
0.8975	0.957992	-0.505485	94.1694	245.747	0.96699	-0.395847	95.4092	246.666
0.9025	0.96562	-0.412389	95.2208	246.527	0.976824	-0.2768	96.7705	247.666
0.9075	0.972647	-0.327162	96.1921	247.243	0.986738	-0.157752	98.1483	248.669
0.9125	0.978936	-0.251296	97.0639	247.881	0.996733	-0.0387044	99.5429	249.673
0.9175	0.984371	-0.186055	97.819	248.43	1	0	100	250
0.9225	0.988874	-0.132207	98.446	248.884	1	0	100	250
0.9275	0.992432	-0.0898098	98.9421	249.242	1	0	100	250
0.9325	0.995096	-0.0581316	99.3142	249.509	1	0	100	250
0.9375	0.996981	-0.0357626	99.5776	249.698	1	0	100	250
0.9425	0.998237	-0.0208761	99.7532	249.824	1	0	100	250
0.9475	0.999024	-0.011553	99.8634	249.902	1	0	100	250
0.9525	0.999488	-0.00605995	99.9283	249.949	1	0	100	250
0.9575	0.999745	-0.00301348	99.9643	249.975	1	0	100	250
0.9625	0.99988	-0.00142137	99.9832	249.988	1	0	100	250
0.9675	0.999946	-0.000636276	99.9925	249.995	1	0	100	250
0.9725	0.999977	-0.000270482	99.9968	249.998	1	0	100	250
0.9775	0.999991	-0.000109245	99.9987	249.999	1	0	100	250
0.9825	0.999996	-4.19353e-05	99.9995	250	1	0	100	250
0.9875	0.999999	-1.53341e-05	99.9998	250	1	0	100	250
0.9925	1	-4.91696e-06	99.9999	250	1	0	100	250
0.9975	1	-3.43262e-06	100	250	1	0	100	250
