x	rho	u	p	e	rhoEx	uEx	pEx	eEx
0.005	0.995858	0.155308	994.208	2495.86	1	0	1000	2500
0.015	0.99201	0.299811	988.834	2491.99	1	0	1000	2500
0.025	0.986745	0.49843	981.496	2486.7	1	0	1000	2500
0.035	0.979436	0.775527	971.335	2479.32	1	0	1000	2500
0.045	0.970092	1.1321	958.392	2469.85	1	0	1000	2500
0.055	0.958878	1.56371	942.922	2458.4	0.9926	0.2777	989.656	2492.58
0.065	0.946097	2.0606	925.379	2445.25	0.974287	0.972145	964.188	2474.09
0.075	0.932096	2.61112	906.271	2430.73	0.956245	1.66659	939.284	2455.66
0.085	0.91719	3.20463	886.051	2415.13	0.938471	2.36103	914.933	2437.3
0.095	0.901587	3.83421	865.028	2398.62	0.920963	3.05548	891.126	2419.01
0.105	0.885459	4.49456	843.449	2381.39	0.903717	3.74992	867.852	2400.78
0.115	0.869329	5.16518	822.002	2363.9	0.88673	4.44437	845.1	2382.63
0.125	0.853346	5.83888	800.926	2346.43	0.87	5.13881	822.862	2364.55
0.135	0.837562	6.51436	780.266	2328.98	0.853523	5.83326	801.127	2346.53
0.145	0.821995	7.1907	760.037	2311.56	0.837297	6.5277	779.886	2328.58
0.155	0.806648	7.86738	740.247	2294.21	0.821318	7.22214	759.13	2310.71
0.165	0.79153	8.54414	720.9	2276.92	0.805585	7.91659	738.849	2292.9
0.175	0.776641	9.22065	701.992	2259.71	0.790093	8.61103	719.034	2275.16
0.185	0.761988	9.89684	683.521	2242.56	0.774841	9.30548	699.677	2257.49
0.195	0.74757	10.5725	665.482	2225.48	0.759825	9.99992	680.768	2239.88
0.205	0.733382	11.2476	647.868	2208.5	0.745043	10.6944	662.298	2222.35
0.215	0.719424	11.9219	630.676	2191.6	0.730492	11.3888	644.26	2204.89
0.225	0.705697	12.5954	613.898	2174.79	0.716169	12.0833	626.645	2187.49
0.235	0.692205	13.2676	597.532	2158.07	0.702071	12.7777	609.444	2170.16
0.245	0.678951	13.9385	581.575	2141.45	0.688197	13.4721	592.649	2152.91
0.255	0.665937	14.6073	566.029	2124.94	0.674542	14.1666	576.253	2135.72
0.265	0.653177	15.2733	550.905	2108.56	0.661106	14.861	560.247	2118.6
0.275	0.640698	15.9347	536.229	2092.36	0.647884	15.5555	544.623	2101.55
0.285	0.62855	16.5884	522.055	2076.43	0.634875	16.2499	529.375	2084.56
0.295	0.616829	17.2289	508.482	2060.87	0.622075	16.9444	514.494	2067.65
0.305	0.60569	17.8467	495.676	2045.92	0.609483	17.6388	499.973	2050.81
0.315	0.595374	18.4272	483.898	2031.91	0.597096	18.3333	485.804	2034.03
0.325	0.586208	18.9499	473.502	2019.34	0.58491	19.0277	471.981	2017.32
0.335	0.578571	19.3903	464.89	2008.79	0.575062	19.5975	460.894	2003.67
0.345	0.572786	19.7269	458.4	2000.74	0.575062	19.5975	460.894	2003.67
0.355	0.568973	19.9501	454.138	1995.43	0.575062	19.5975	460.894	2003.67
0.365	0.56693	20.0699	451.863	1992.59	0.575062	19.5975	460.894	2003.67
0.375	0.566167	20.1146	451.017	1991.54	0.575062	19.5975	460.894	2003.67
0.385	0.566064	20.1203	450.908	1991.42	0.575062	19.5975	460.894	2003.67
0.395	0.566442	20.0978	451.332	1991.96	0.575062	19.5975	460.894	2003.67
0.405	0.567551	20.0323	452.572	1993.53	0.575062	19.5975	460.894	2003.67
0.415	0.568622	19.9692	453.771	1995.05	0.575062	19.5975	460.894	2003.67
0.425	0.569391	19.924	454.633	1996.14	0.575062	19.5975	460.894	2003.67
0.435	0.570002	19.8878	455.322	1997.02	0.575062	19.5975	460.894	2003.67
0.445	0.570515	19.8574	455.903	1997.77	0.575062	19.5975	460.894	2003.67
0.455	0.570954	19.8312	456.402	1998.42	0.575062	19.5975	460.894	2003.67
0.465	0.571328	19.8086	456.835	1999.01	0.575062	19.5975	460.894	2003.67
0.475	0.571649	19.7889	457.21	1999.53	0.575062	19.5975	460.894	2003.67
0.485	0.571932	19.7719	457.535	1999.95	0.575062	19.5975	460.894	2003.67
0.495	0.572178	19.7571	457.817	2000.32	0.575062	19.5975	460.894	2003.67
0.505	0.572383	19.7441	458.065	2000.69	0.575062	19.5975	460.894	2003.67
0.515	0.572563	19.7325	458.286	2001.03	0.575062	19.5975	460.894	2003.67
0.525	0.572735	19.7222	458.483	2001.29	0.575062	19.5975	460.894	2003.67
0.535	0.572891	19.7131	458.658	2001.51	0.575062	19.5975	460.894	2003.67
0.545	0.573016	19.7046	458.82	2001.78	0.575062	19.5975	460.894	2003.67
0.555	0.573114	19.6967	458.975	2002.11	0.575062	19.5975	460.894	2003.67
0.565	0.573208	19.6888	459.126	2002.44	0.575062	19.5975	460.894	2003.67
0.575	0.573312	19.6808	459.279	2002.75	0.575062	19.5975	460.894	2003.67
0.585	0.573435	19.673	459.43	2002.97	0.575062	19.5975	460.894	2003.67
0.595	0.573548	19.6661	459.56	2003.15	0.575062	19.5975	460.894	2003.67
0.605	0.573584	19.6606	459.669	2003.49	0.575062	19.5975	460.894	2003.67
0.615	0.573545	19.6576	459.725	2003.88	0.575062	19.5975	460.894	2003.67
0.625	0.573456	19.6561	459.751	2004.3	0.575062	19.5975	460.894	2003.67
0.635	0.573336	19.6547	459.774	2004.82	0.575062	19.5975	460.894	2003.67
0.645	0.573184	19.6524	459.817	2005.54	0.575062	19.5975	460.894	2003.67
0.655	0.572938	19.6497	459.869	2006.63	0.575062	19.5975	460.894	2003.67
0.665	0.572489	19.6475	459.91	2008.38	0.575062	19.5975	460.894	2003.67
0.675	0.571678	19.6447	459.964	2011.47	0.575062	19.5975	460.894	2003.67
0.685	0.570267	19.6423	460.011	2016.65	0.575062	19.5975	460.894	2003.67
0.695	0.568017	19.641	460.038	2024.75	0.575062	19.5975	460.894	2003.67
0.705	0.565937	19.6395	460.068	2032.33	0.575062	19.5975	460.894	2003.67
0.715	0.565064	19.6377	460.102	2035.62	0.575062	19.5975	460.894	2003.67
0.725	0.564968	19.6361	460.13	2036.09	0.575062	19.5975	460.894	2003.67
0.735	0.564969	19.6361	460.13	2036.09	0.575062	19.5975	460.894	2003.67
0.745	5.46774	19.6363	460.138	210.388	5.99924	19.5975	460.894	192.063
0.755	5.47764	19.6369	460.293	210.078	5.99924	19.5975	460.894	192.063
0.765	5.53542	19.6315	460.644	208.044	5.99924	19.5975	460.894	192.063
0.775	5.59982	19.5702	458.109	204.519	5.99924	19.5975	460.894	192.063
0.785	5.61889	19.4053	447.001	198.883	1	0	0.01	0.025
0.795	5.23986	18.3135	384.942	183.661	1	0	0.01	0.025
0.805	3.03441	12.3631	160.15	131.945	1	0	0.01	0.025
0.815	1.21631	1.67631	7.47942	15.3732	1	0	0.01	0.025
0.825	1.00531	0.00613866	0.0125602	0.0312346	1	0	0.01	0.025
0.835	1	1.49949e-07	0.01	0.025	1	0	0.01	0.025
0.845	1	1.56219e-12	0.01	0.025	1	0	0.01	0.025
0.855	1	1.95379e-17	0.01	0.025	1	0	0.01	0.025
0.865	1	0	0.01	0.025	1	0	0.01	0.025
0.875	1	0	0.01	0.025	1	0	0.01	0.025
0.885	1	0	0.01	0.025	1	0	0.01	0.025
0.895	1	0	0.01	0.025	1	0	0.01	0.025
0.905	1	0	0.01	0.025	1	0	0.01	0.025
0.915	1	0	0.01	0.025	1	0	0.01	0.025
0.925	1	0	0.01	0.025	1	0	0.01	0.025
0.935	1	0	0.01	0.025	1	0	0.01	0.025
0.945	1	0	0.01	0.025	1	0	0.01	0.025
0.955	1	0	0.01	0.025	1	0	0.01	0.025
0.965	1	0	0.01	0.025	1	0	0.01	0.025
0.975	1	0	0.01	0.025	1	0	0.01	0.025
0.985	1	0	0.01	0.025	1	0	0.01	0.025
0.995	1	0	0.01	0.025	1	0	0.01	0.025
