x	rho	u	p	e	rho_Ex	u_Ex	p_Ex	e_Ex
0.00125	1	0	0.01	0.0251	0	0.01	0.025
0.00375	1	0	0.01	0.0251	0	0.01	0.025
0.00625	1	0	0.01	0.0251	0	0.01	0.025
0.00875	1	0	0.01	0.0251	0	0.01	0.025
0.01125	1	0	0.01	0.0251	0	0.01	0.025
0.01375	1	0	0.01	0.0251	0	0.01	0.025
0.01625	1	0	0.01	0.0251	0	0.01	0.025
0.01875	1	0	0.01	0.0251	0	0.01	0.025
0.02125	1	0	0.01	0.0251	0	0.01	0.025
0.02375	1	0	0.01	0.0251	0	0.01	0.025
0.02625	1	0	0.01	0.0251	0	0.01	0.025
0.02875	1	0	0.01	0.0251	0	0.01	0.025
0.03125	1	0	0.01	0.0251	0	0.01	0.025
0.03375	1	0	0.01	0.0251	0	0.01	0.025
0.03625	1	0	0.01	0.0251	0	0.01	0.025
0.03875	1	0	0.01	0.0251	0	0.01	0.025
0.04125	1	0	0.01	0.0251	0	0.01	0.025
0.04375	1	0	0.01	0.0251	0	0.01	0.025
0.04625	1	0	0.01	0.0251	0	0.01	0.025
0.04875	1	0	0.01	0.0251	0	0.01	0.025
0.05125	1	0	0.01	0.0251	0	0.01	0.025
0.05375	1	0	0.01	0.0251	0	0.01	0.025
0.05625	1	0	0.01	0.0251	0	0.01	0.025
0.05875	1	0	0.01	0.0251	0	0.01	0.025
0.06125	1	0	0.01	0.0251	0	0.01	0.025
0.06375	1	0	0.01	0.0251	0	0.01	0.025
0.06625	1	0	0.01	0.0251	0	0.01	0.025
0.06875	1	0	0.01	0.0251	0	0.01	0.025
0.07125	1	0	0.01	0.0251	0	0.01	0.025
0.07375	1	0	0.01	0.0251	0	0.01	0.025
0.07625	1	0	0.01	0.0251	0	0.01	0.025
0.07875	1	0	0.01	0.0251	0	0.01	0.025
0.08125	1	0	0.01	0.0251	0	0.01	0.025
0.08375	1	0	0.01	0.0251	0	0.01	0.025
0.08625	1	0	0.01	0.0251	0	0.01	0.025
0.08875	1	0	0.01	0.0251	0	0.01	0.025
0.09125	1	0	0.01	0.0251	0	0.01	0.025
0.09375	1	0	0.01	0.0251	0	0.01	0.025
0.09625	1	0	0.01	0.0251	0	0.01	0.025
0.09875	1	0	0.01	0.0251	0	0.01	0.025
0.10125	1	0	0.01	0.0251	0	0.01	0.025
0.10375	1	0	0.01	0.0251	0	0.01	0.025
0.10625	1	0	0.01	0.0251	0	0.01	0.025
0.10875	1	0	0.01	0.0251	0	0.01	0.025
0.11125	1	0	0.01	0.0251	0	0.01	0.025
0.11375	1	0	0.01	0.0251	0	0.01	0.025
0.11625	1	0	0.01	0.0251	0	0.01	0.025
0.11875	1	0	0.01	0.0251	0	0.01	0.025
0.12125	1	0	0.01	0.0251	0	0.01	0.025
0.12375	1	0	0.01	0.0251	0	0.01	0.025
0.12625	1	0	0.01	0.0251	0	0.01	0.025
0.12875	1	0	0.01	0.0251	0	0.01	0.025
0.13125	1	0	0.01	0.0251	0	0.01	0.025
0.13375	1	0	0.01	0.0251	0	0.01	0.025
0.13625	1	0	0.01	0.0251	0	0.01	0.025
0.13875	1	0	0.01	0.0251	0	0.01	0.025
0.14125	1	0	0.01	0.0251	0	0.01	0.025
0.14375	1	0	0.01	0.0251	0	0.01	0.025
0.14625	1	0	0.01	0.0251	0	0.01	0.025
0.14875	1	2.39016e-20	0.01	0.0251	0	0.01	0.025
0.15125	1	-4.78031e-20	0.01	0.0251	0	0.01	0.025
0.15375	1	-2.1896e-19	0.01	0.0251	0	0.01	0.025
0.15625	1	1.15666e-19	0.01	0.0251	0	0.01	0.025
0.15875	1	2.18191e-18	0.01	0.0251	0	0.01	0.025
0.16125	1	-1.60075e-18	0.01	0.0251	0	0.01	0.025
0.16375	1	-2.35947e-17	0.01	0.0251	0	0.01	0.025
0.16625	1	3.4717e-17	0.01	0.0251	0	0.01	0.025
0.16875	1	2.35522e-16	0.01	0.0251	0	0.01	0.025
0.17125	1	-5.88905e-16	0.01	0.0251	0	0.01	0.025
0.17375	1	-3.01605e-15	0.01	0.0251	0	0.01	0.025
0.17625	1	1.15183e-14	0.01	0.0251	0	0.01	0.025
0.17875	1	5.24563e-14	0.01	0.0251	0	0.01	0.025
0.18125	1	-1.9636e-13	0.01	0.0251	0	0.01	0.025
0.18375	1	-7.43022e-13	0.01	0.0251	0	0.01	0.025
0.18625	1	2.05332e-12	0.01	0.0251	0	0.01	0.025
0.18875	1	1.28858e-11	0.01	0.0251	0	0.01	0.025
0.19125	1	-3.77081e-11	0.01	0.0251	0	0.01	0.025
0.19375	1	-3.22298e-10	0.01	0.0251	0	0.01	0.025
0.19625	1	-1.07653e-09	0.01	0.0251	0	0.01	0.025
0.19875	1	7.68444e-09	0.00999999	0.0251	0	0.01	0.025
0.20125	1	3.81058e-08	0.00999995	0.02499991	0	0.01	0.025
0.20375	1	-1.29666e-07	0.0100001	0.02500031	0	0.01	0.025
0.20625	1	-9.49962e-07	0.0100012	0.02500291	0	0.01	0.025
0.20875	0.999999	-2.07697e-06	0.010004	0.025011	0	0.01	0.025
0.21125	0.999996	2.22933e-05	0.00997276	0.0249321	0	0.01	0.025
0.21375	0.999999	9.72527e-05	0.00984098	0.02460251	0	0.01	0.025
0.21625	1.00012	-0.000376248	0.0104134	0.02603041	0	0.01	0.025
0.21875	1.00024	-0.00236417	0.0138431	0.03459941	0	0.01	0.025
0.22125	0.998639	-0.00381557	0.0222176	0.05561961	0	0.01	0.025
0.22375	0.990723	0.051359	-0.0737096	-0.1859991	0	0.01	0.025
0.22625	0.998046	0.196239	-0.503734	-1.26181	0	0.01	0.025
0.22875	1.19732	-0.277067	-0.135471	-0.2828631	0	0.01	0.025
0.23125	2.48377	-3.47843	12.7166	12.79971	0	0.01	0.025
0.23375	4.31804	-5.24862	29.8833	17.30141	0	0.01	0.025
0.23625	5.39539	-5.88706	40.1988	18.62651	0	0.01	0.025
0.23875	5.78066	-6.09463	44.1332	19.08661	0	0.01	0.025
0.24125	5.89493	-6.16173	45.4289	19.26615.99242	-6.19633	46.095	19.2306
0.24375	5.92302	-6.18202	45.8298	19.34395.99242	-6.19633	46.095	19.2306
0.24625	5.9277	-6.18862	45.9601	19.38365.99242	-6.19633	46.095	19.2306
0.24875	5.92769	-6.19172	46.0207	19.40925.99242	-6.19633	46.095	19.2306
0.25125	5.92563	-6.19415	46.0684	19.43615.99242	-6.19633	46.095	19.2306
0.25375	5.91909	-6.19573	46.0996	19.47075.99242	-6.19633	46.095	19.2306
0.25625	5.9023	-6.19626	46.11	19.53055.99242	-6.19633	46.095	19.2306
0.25875	5.87067	-6.19618	46.1083	19.6355.99242	-6.19633	46.095	19.2306
0.26125	5.82435	-6.19598	46.1041	19.78935.99242	-6.19633	46.095	19.2306
0.26375	5.7697	-6.19587	46.1017	19.97585.99242	-6.19633	46.095	19.2306
0.26625	5.71857	-6.19585	46.101	20.15415.99242	-6.19633	46.095	19.2306
0.26875	5.67841	-6.19584	46.1007	20.29655.99242	-6.19633	46.095	19.2306
0.27125	5.65063	-6.19584	46.1002	20.3965.99242	-6.19633	46.095	19.2306
0.27375	5.63427	-6.19584	46.0994	20.45495.99242	-6.19633	46.095	19.2306
0.27625	5.6268	-6.19585	46.0986	20.48175.99242	-6.19633	46.095	19.2306
0.27875	5.6247	-6.19585	46.0982	20.48925.99242	-6.19633	46.095	19.2306
0.28125	5.62448	-6.19585	46.098	20.48995.99242	-6.19633	46.095	19.2306
0.28375	0.570368	-6.19585	46.098	202.0530.575113	-6.19633	46.095	200.374
0.28625	0.570371	-6.19586	46.0979	202.0520.575113	-6.19633	46.095	200.374
0.28875	0.570396	-6.19587	46.0978	202.0430.575113	-6.19633	46.095	200.374
0.29125	0.570495	-6.19589	46.0977	202.0080.575113	-6.19633	46.095	200.374
0.29375	0.57079	-6.1959	46.0976	201.9030.575113	-6.19633	46.095	200.374
0.29625	0.57131	-6.19592	46.0975	201.7180.575113	-6.19633	46.095	200.374
0.29875	0.571933	-6.19594	46.0974	201.4980.575113	-6.19633	46.095	200.374
0.30125	0.572521	-6.19596	46.0973	201.2910.575113	-6.19633	46.095	200.374
0.30375	0.573017	-6.19598	46.0971	201.1160.575113	-6.19633	46.095	200.374
0.30625	0.573426	-6.19601	46.097	200.9720.575113	-6.19633	46.095	200.374
0.30875	0.573759	-6.19603	46.0969	200.8550.575113	-6.19633	46.095	200.374
0.31125	0.574026	-6.19605	46.0967	200.7610.575113	-6.19633	46.095	200.374
0.31375	0.574239	-6.19608	46.0966	200.6860.575113	-6.19633	46.095	200.374
0.31625	0.574407	-6.1961	46.0964	200.6260.575113	-6.19633	46.095	200.374
0.31875	0.574539	-6.19613	46.0962	200.5790.575113	-6.19633	46.095	200.374
0.32125	0.574641	-6.19616	46.0961	200.5430.575113	-6.19633	46.095	200.374
0.32375	0.57472	-6.19619	46.0959	200.5150.575113	-6.19633	46.095	200.374
0.32625	0.57478	-6.19622	46.0957	200.4930.575113	-6.19633	46.095	200.374
0.32875	0.574826	-6.19625	46.0955	200.4760.575113	-6.19633	46.095	200.374
0.33125	0.574862	-6.19629	46.0953	200.4620.575113	-6.19633	46.095	200.374
0.33375	0.574891	-6.19632	46.0951	200.4510.575113	-6.19633	46.095	200.374
0.33625	0.574913	-6.19636	46.0948	200.4420.575113	-6.19633	46.095	200.374
0.33875	0.574932	-6.19641	46.0946	200.4350.575113	-6.19633	46.095	200.374
0.34125	0.574946	-6.19645	46.0943	200.4290.575113	-6.19633	46.095	200.374
0.34375	0.574957	-6.19649	46.094	200.4240.575113	-6.19633	46.095	200.374
0.34625	0.574966	-6.19654	46.0937	200.4190.575113	-6.19633	46.095	200.374
0.34875	0.574975	-6.1966	46.0934	200.4150.575113	-6.19633	46.095	200.374
0.35125	0.574982	-6.19665	46.0931	200.4110.575113	-6.19633	46.095	200.374
0.35375	0.574988	-6.19671	46.0927	200.4070.575113	-6.19633	46.095	200.374
0.35625	0.574993	-6.19677	46.0923	200.4040.575113	-6.19633	46.095	200.374
0.35875	0.574996	-6.19684	46.0919	200.4010.575113	-6.19633	46.095	200.374
0.36125	0.574998	-6.19691	46.0915	200.3980.575113	-6.19633	46.095	200.374
0.36375	0.574999	-6.19698	46.0911	200.3960.575113	-6.19633	46.095	200.374
0.36625	0.574999	-6.19706	46.0906	200.3940.575113	-6.19633	46.095	200.374
0.36875	0.574999	-6.19715	46.09	200.3920.575113	-6.19633	46.095	200.374
0.37125	0.574999	-6.19721	46.0896	200.390.575113	-6.19633	46.095	200.374
0.37375	0.574999	-6.19728	46.0892	200.3880.575113	-6.19633	46.095	200.374
0.37625	0.574999	-6.19736	46.0888	200.3860.575113	-6.19633	46.095	200.374
0.37875	0.575	-6.19745	46.0882	200.3840.575113	-6.19633	46.095	200.374
0.38125	0.574999	-6.19752	46.0878	200.3820.575113	-6.19633	46.095	200.374
0.38375	0.574999	-6.1976	46.0873	200.380.575113	-6.19633	46.095	200.374
0.38625	0.574997	-6.1977	46.0867	200.3780.575113	-6.19633	46.095	200.374
0.38875	0.574994	-6.19779	46.0862	200.3770.575113	-6.19633	46.095	200.374
0.39125	0.57499	-6.1979	46.0855	200.3750.575113	-6.19633	46.095	200.374
0.39375	0.574986	-6.19801	46.0848	200.3740.575113	-6.19633	46.095	200.374
0.39625	0.574981	-6.19812	46.0842	200.3720.575113	-6.19633	46.095	200.374
0.39875	0.574977	-6.19823	46.0835	200.3710.575113	-6.19633	46.095	200.374
0.40125	0.574972	-6.19834	46.0828	200.370.575113	-6.19633	46.095	200.374
0.40375	0.574967	-6.19846	46.0821	200.3680.575113	-6.19633	46.095	200.374
0.40625	0.574961	-6.19858	46.0814	200.3670.575113	-6.19633	46.095	200.374
0.40875	0.574956	-6.1987	46.0806	200.3660.575113	-6.19633	46.095	200.374
0.41125	0.574949	-6.19884	46.0798	200.3640.575113	-6.19633	46.095	200.374
0.41375	0.574942	-6.19898	46.0789	200.3630.575113	-6.19633	46.095	200.374
0.41625	0.574934	-6.19915	46.0779	200.3610.575113	-6.19633	46.095	200.374
0.41875	0.574926	-6.19931	46.0769	200.360.575113	-6.19633	46.095	200.374
0.42125	0.574918	-6.19947	46.0759	200.3580.575113	-6.19633	46.095	200.374
0.42375	0.57491	-6.19964	46.0749	200.3570.575113	-6.19633	46.095	200.374
0.42625	0.574902	-6.19979	46.0739	200.3550.575113	-6.19633	46.095	200.374
0.42875	0.574894	-6.19996	46.0729	200.3540.575113	-6.19633	46.095	200.374
0.43125	0.574886	-6.20012	46.0719	200.3520.575113	-6.19633	46.095	200.374
0.43375	0.574877	-6.2003	46.0708	200.3510.575113	-6.19633	46.095	200.374
0.43625	0.574867	-6.20049	46.0697	200.3490.575113	-6.19633	46.095	200.374
0.43875	0.574857	-6.20069	46.0685	200.3480.575113	-6.19633	46.095	200.374
0.44125	0.574847	-6.20089	46.0673	200.3460.575113	-6.19633	46.095	200.374
0.44375	0.574836	-6.2011	46.066	200.3440.575113	-6.19633	46.095	200.374
0.44625	0.574825	-6.20131	46.0647	200.3420.575113	-6.19633	46.095	200.374
0.44875	0.574814	-6.20153	46.0634	200.340.575113	-6.19633	46.095	200.374
0.45125	0.574802	-6.20176	46.062	200.3390.575113	-6.19633	46.095	200.374
0.45375	0.574789	-6.20199	46.0605	200.3370.575113	-6.19633	46.095	200.374
0.45625	0.574777	-6.20223	46.0591	200.3350.575113	-6.19633	46.095	200.374
0.45875	0.574764	-6.20248	46.0576	200.3330.575113	-6.19633	46.095	200.374
0.46125	0.57475	-6.20274	46.056	200.3310.575113	-6.19633	46.095	200.374
0.46375	0.574736	-6.203	46.0544	200.3280.575113	-6.19633	46.095	200.374
0.46625	0.574722	-6.20327	46.0528	200.3260.575113	-6.19633	46.095	200.374
0.46875	0.574707	-6.20355	46.0511	200.3240.575113	-6.19633	46.095	200.374
0.47125	0.574692	-6.20384	46.0493	200.3220.575113	-6.19633	46.095	200.374
0.47375	0.574676	-6.20414	46.0475	200.3190.575113	-6.19633	46.095	200.374
0.47625	0.57466	-6.20444	46.0457	200.3170.575113	-6.19633	46.095	200.374
0.47875	0.574644	-6.20475	46.0438	200.3150.575113	-6.19633	46.095	200.374
0.48125	0.574627	-6.20506	46.0419	200.3120.575113	-6.19633	46.095	200.374
0.48375	0.57461	-6.20537	46.04	200.310.575113	-6.19633	46.095	200.374
0.48625	0.574593	-6.20569	46.038	200.3070.575113	-6.19633	46.095	200.374
0.48875	0.574576	-6.20602	46.036	200.3050.575113	-6.19633	46.095	200.374
0.49125	0.574558	-6.20635	46.034	200.3020.575113	-6.19633	46.095	200.374
0.49375	0.574539	-6.2067	46.0319	200.2990.575113	-6.19633	46.095	200.374
0.49625	0.574521	-6.20705	46.0298	200.2960.575113	-6.19633	46.095	200.374
0.49875	0.574501	-6.20741	46.0276	200.2940.575113	-6.19633	46.095	200.374
0.50125	0.574481	-6.20778	46.0253	200.2910.575113	-6.19633	46.095	200.374
0.50375	0.574461	-6.20817	46.023	200.2880.575113	-6.19633	46.095	200.374
0.50625	0.574439	-6.20856	46.0206	200.2850.575113	-6.19633	46.095	200.374
0.50875	0.574417	-6.20897	46.0181	200.2820.575113	-6.19633	46.095	200.374
0.51125	0.574395	-6.20939	46.0155	200.2780.575113	-6.19633	46.095	200.374
0.51375	0.574371	-6.20983	46.0129	200.2750.575113	-6.19633	46.095	200.374
0.51625	0.574347	-6.21028	46.0101	200.2710.575113	-6.19633	46.095	200.374
0.51875	0.574322	-6.21075	46.0073	200.2680.575113	-6.19633	46.095	200.374
0.52125	0.574295	-6.21124	46.0043	200.2640.575113	-6.19633	46.095	200.374
0.52375	0.574267	-6.21176	46.0011	200.260.575113	-6.19633	46.095	200.374
0.52625	0.574237	-6.21231	45.9978	200.2560.575113	-6.19633	46.095	200.374
0.52875	0.574206	-6.21289	45.9943	200.2510.575113	-6.19633	46.095	200.374
0.53125	0.574174	-6.21349	45.9906	200.2470.575113	-6.19633	46.095	200.374
0.53375	0.57414	-6.21411	45.9868	200.2420.575113	-6.19633	46.095	200.374
0.53625	0.574105	-6.21476	45.9829	200.2370.575113	-6.19633	46.095	200.374
0.53875	0.574069	-6.21543	45.9788	200.2320.575113	-6.19633	46.095	200.374
0.54125	0.574032	-6.21612	45.9746	200.2270.575113	-6.19633	46.095	200.374
0.54375	0.573992	-6.21685	45.9702	200.2210.575113	-6.19633	46.095	200.374
0.54625	0.573951	-6.21762	45.9655	200.2150.575113	-6.19633	46.095	200.374
0.54875	0.573906	-6.21844	45.9605	200.2090.575113	-6.19633	46.095	200.374
0.55125	0.573858	-6.21933	45.9551	200.2020.575113	-6.19633	46.095	200.374
0.55375	0.573806	-6.2203	45.9492	200.1950.575113	-6.19633	46.095	200.374
0.55625	0.57375	-6.22134	45.9429	200.1870.575113	-6.19633	46.095	200.374
0.55875	0.573689	-6.22246	45.9361	200.1790.575113	-6.19633	46.095	200.374
0.56125	0.573624	-6.22366	45.9288	200.1690.575113	-6.19633	46.095	200.374
0.56375	0.573554	-6.22495	45.9209	200.160.575113	-6.19633	46.095	200.374
0.56625	0.573479	-6.22633	45.9126	200.1490.575113	-6.19633	46.095	200.374
0.56875	0.5734	-6.22781	45.9036	200.1380.575113	-6.19633	46.095	200.374
0.57125	0.573315	-6.22937	45.8941	200.1260.575113	-6.19633	46.095	200.374
0.57375	0.573226	-6.23102	45.8841	200.1140.575113	-6.19633	46.095	200.374
0.57625	0.57313	-6.23279	45.8734	200.10.575113	-6.19633	46.095	200.374
0.57875	0.573028	-6.23468	45.8619	200.0860.575113	-6.19633	46.095	200.374
0.58125	0.572915	-6.23678	45.8492	200.070.575113	-6.19633	46.095	200.374
0.58375	0.572787	-6.23913	45.8349	200.0520.575113	-6.19633	46.095	200.374
0.58625	0.572642	-6.24182	45.8186	200.0320.575113	-6.19633	46.095	200.374
0.58875	0.57248	-6.2448	45.8005	200.0090.575113	-6.19633	46.095	200.374
0.59125	0.572313	-6.24789	45.7818	199.9860.575113	-6.19633	46.095	200.374
0.59375	0.572154	-6.25084	45.764	199.9640.575113	-6.19633	46.095	200.374
0.59625	0.572008	-6.25355	45.7476	199.9430.575113	-6.19633	46.095	200.374
0.59875	0.57187	-6.2561	45.7321	199.9240.575113	-6.19633	46.095	200.374
0.60125	0.571729	-6.2587	45.7164	199.9040.575113	-6.19633	46.095	200.374
0.60375	0.571553	-6.26196	45.6967	199.8790.575113	-6.19633	46.095	200.374
0.60625	0.571277	-6.26707	45.6658	199.8410.575113	-6.19633	46.095	200.374
0.60875	0.570815	-6.27563	45.6141	199.7760.575113	-6.19633	46.095	200.374
0.61125	0.570092	-6.28903	45.5332	199.6750.575113	-6.19633	46.095	200.374
0.61375	0.569094	-6.30756	45.4216	199.5350.575113	-6.19633	46.095	200.374
0.61625	0.567912	-6.32954	45.2896	199.3690.575113	-6.19633	46.095	200.374
0.61875	0.566742	-6.35133	45.159	199.2040.575113	-6.19633	46.095	200.374
0.62125	0.565734	-6.37014	45.0466	199.0630.575113	-6.19633	46.095	200.374
0.62375	0.564926	-6.38521	44.9566	198.9490.575113	-6.19633	46.095	200.374
0.62625	0.564329	-6.39639	44.89	198.8640.575113	-6.19633	46.095	200.374
0.62875	0.563925	-6.40394	44.8451	198.8080.575113	-6.19633	46.095	200.374
0.63125	0.563687	-6.40839	44.8185	198.7740.575113	-6.19633	46.095	200.374
0.63375	0.563574	-6.41051	44.806	198.7580.575113	-6.19633	46.095	200.374
0.63625	0.56354	-6.41114	44.8022	198.7530.575113	-6.19633	46.095	200.374
0.63875	0.563557	-6.41083	44.804	198.7560.575113	-6.19633	46.095	200.374
0.64125	0.563673	-6.40867	44.8169	198.7720.575113	-6.19633	46.095	200.374
0.64375	0.564138	-6.39996	44.8687	198.8380.575113	-6.19633	46.095	200.374
0.64625	0.565405	-6.37625	45.01	199.0170.575113	-6.19633	46.095	200.374
0.64875	0.567562	-6.33603	45.2506	199.320.575113	-6.19633	46.095	200.374
0.65125	0.570263	-6.28584	45.5524	199.6990.575113	-6.19633	46.095	200.374
0.65375	0.573267	-6.23025	45.8887	200.1190.575113	-6.19633	46.095	200.374
0.65625	0.576427	-6.17202	46.2432	200.560.578183	-6.13989	46.4399	200.801
0.65875	0.579661	-6.11271	46.6068	201.0090.581436	-6.08037	46.8061	201.252
0.66125	0.582927	-6.05305	46.9749	201.4610.584703	-6.02085	47.1748	201.704
0.66375	0.586211	-5.99336	47.3457	201.9140.587985	-5.96132	47.5459	202.156
0.66625	0.589505	-5.93374	47.7186	202.3670.591282	-5.9018	47.9196	202.609
0.66875	0.59281	-5.8742	48.0935	202.820.594594	-5.84228	48.2957	203.062
0.67125	0.596125	-5.81472	48.4706	203.2730.59792	-5.78275	48.6744	203.515
0.67375	0.599454	-5.75529	48.8498	203.7270.601261	-5.72323	49.0556	203.97
0.67625	0.602795	-5.69588	49.2315	204.180.604618	-5.6637	49.4394	204.424
0.67875	0.606151	-5.63649	49.6156	204.6340.607989	-5.60418	49.8257	204.879
0.68125	0.609521	-5.57711	50.0022	205.0880.611375	-5.54466	50.2147	205.335
0.68375	0.612906	-5.51772	50.3914	205.5430.614776	-5.48513	50.6062	205.791
0.68625	0.616306	-5.45833	50.7832	205.9980.618193	-5.42561	51.0004	206.248
0.68875	0.619721	-5.39894	51.1776	206.4540.621624	-5.36609	51.3971	206.705
0.69125	0.623152	-5.33955	51.5747	206.9110.625071	-5.30656	51.7966	207.163
0.69375	0.626599	-5.28015	51.9745	207.3680.628533	-5.24704	52.1986	207.621
0.69625	0.630061	-5.22075	52.3769	207.8250.63201	-5.18751	52.6034	208.08
0.69875	0.633538	-5.16134	52.7821	208.2830.635503	-5.12799	53.0108	208.539
0.70125	0.637031	-5.10192	53.19	208.7420.639011	-5.06847	53.421	208.999
0.70375	0.64054	-5.0425	53.6006	209.2010.642535	-5.00894	53.8338	209.459
0.70625	0.644064	-4.98308	54.0139	209.660.646074	-4.94942	54.2494	209.92
0.70875	0.647604	-4.92366	54.43	210.1210.649629	-4.88989	54.6677	210.381
0.71125	0.651159	-4.86423	54.8488	210.5810.653199	-4.83037	55.0888	210.843
0.71375	0.654731	-4.8048	55.2704	211.0430.656785	-4.77085	55.5127	211.305
0.71625	0.658318	-4.74537	55.6948	211.5040.660387	-4.71132	55.9394	211.768
0.71875	0.661921	-4.68594	56.122	211.9660.664004	-4.6518	56.3689	212.231
0.72125	0.66554	-4.62651	56.552	212.4290.667638	-4.59228	56.8012	212.695
0.72375	0.669174	-4.56708	56.9849	212.8920.671287	-4.53275	57.2363	213.159
0.72625	0.672824	-4.50765	57.4205	213.3560.674952	-4.47323	57.6743	213.624
0.72875	0.67649	-4.44822	57.859	213.820.678633	-4.4137	58.1151	214.089
0.73125	0.680172	-4.38879	58.3004	214.2850.682331	-4.35418	58.5589	214.555
0.73375	0.68387	-4.32936	58.7446	214.750.686044	-4.29466	59.0055	215.021
0.73625	0.687584	-4.26994	59.1917	215.2160.689773	-4.23513	59.4551	215.488
0.73875	0.691314	-4.21052	59.6417	215.6820.693519	-4.17561	59.9076	215.955
0.74125	0.695059	-4.15111	60.0945	216.1490.697281	-4.11609	60.363	216.423
0.74375	0.698821	-4.0917	60.5503	216.6160.701059	-4.05656	60.8214	216.891
0.74625	0.702598	-4.03229	61.009	217.0840.704854	-3.99704	61.2828	217.36
0.74875	0.706391	-3.97289	61.4707	217.5520.708665	-3.93751	61.7472	217.829
0.75125	0.710201	-3.9135	61.9352	218.020.712493	-3.87799	62.2146	218.299
0.75375	0.714026	-3.85411	62.4028	218.4890.716337	-3.81847	62.6851	218.77
0.75625	0.717867	-3.79474	62.8732	218.9590.720197	-3.75894	63.1585	219.24
0.75875	0.721724	-3.73537	63.3467	219.4280.724074	-3.69942	63.6351	219.712
0.76125	0.725597	-3.676	63.8232	219.8990.727968	-3.63989	64.1147	220.184
0.76375	0.729487	-3.61665	64.3026	220.3690.731879	-3.58037	64.5974	220.656
0.76625	0.733392	-3.55731	64.785	220.840.735806	-3.52085	65.0832	221.129
0.76875	0.737313	-3.49798	65.2705	221.3120.739751	-3.46132	65.5722	221.602
0.77125	0.74125	-3.43866	65.759	221.7840.743712	-3.4018	66.0643	222.076
0.77375	0.745204	-3.37935	66.2505	222.2560.74769	-3.34228	66.5595	222.551
0.77625	0.749173	-3.32005	66.7451	222.7290.751685	-3.28275	67.058	223.025
0.77875	0.753159	-3.26076	67.2427	223.2020.755697	-3.22323	67.5596	223.501
0.78125	0.75716	-3.20149	67.7433	223.6760.759727	-3.1637	68.0644	223.977
0.78375	0.761177	-3.14224	68.2471	224.150.763773	-3.10418	68.5725	224.453
0.78625	0.765211	-3.08299	68.7539	224.6240.767837	-3.04466	69.0838	224.93
0.78875	0.76926	-3.02377	69.2639	225.0990.771918	-2.98513	69.5984	225.408
0.79125	0.773326	-2.96455	69.7769	225.5740.776016	-2.92561	70.1163	225.885
0.79375	0.777407	-2.90536	70.293	226.0490.780132	-2.86609	70.6375	226.364
0.79625	0.781505	-2.84618	70.8122	226.5250.784265	-2.80656	71.1619	226.843
0.79875	0.785619	-2.78702	71.3346	227.0010.788415	-2.74704	71.6898	227.322
0.80125	0.789748	-2.72788	71.8601	227.4780.792584	-2.68751	72.2209	227.802
0.80375	0.793894	-2.66876	72.3887	227.9550.796769	-2.62799	72.7555	228.283
0.80625	0.798055	-2.60966	72.9205	228.4320.800973	-2.56847	73.2934	228.764
0.80875	0.802232	-2.55059	73.4554	228.9090.805194	-2.50894	73.8347	229.245
0.81125	0.806425	-2.49153	73.9935	229.3870.809433	-2.44942	74.3795	229.727
0.81375	0.810634	-2.4325	74.5347	229.8650.81369	-2.38989	74.9277	230.21
0.81625	0.814859	-2.3735	75.0791	230.3440.817965	-2.33037	75.4794	230.693
0.81875	0.819099	-2.31452	75.6266	230.8230.822257	-2.27085	76.0345	231.176
0.82125	0.823355	-2.25557	76.1773	231.3020.826568	-2.21132	76.5931	231.66
0.82375	0.827627	-2.19664	76.7312	231.7810.830897	-2.1518	77.1553	232.145
0.82625	0.831914	-2.13775	77.2882	232.260.835243	-2.09228	77.721	232.63
0.82875	0.836216	-2.07889	77.8484	232.740.839608	-2.03275	78.2902	233.115
0.83125	0.840534	-2.02007	78.4117	233.220.843992	-1.97323	78.863	233.601
0.83375	0.844866	-1.96129	78.9781	233.70.848393	-1.9137	79.4394	234.088
0.83625	0.849214	-1.90254	79.5477	234.180.852813	-1.85418	80.0194	234.575
0.83875	0.853576	-1.84384	80.1203	234.6610.857251	-1.79466	80.603	235.062
0.84125	0.857953	-1.78518	80.696	235.1410.861708	-1.73513	81.1903	235.55
0.84375	0.862344	-1.72657	81.2748	235.6220.866183	-1.67561	81.7812	236.039
0.84625	0.866749	-1.66802	81.8566	236.1030.870677	-1.61609	82.3758	236.528
0.84875	0.871167	-1.60952	82.4414	236.5830.875189	-1.55656	82.9741	237.018
0.85125	0.875599	-1.55108	83.0291	237.0640.87972	-1.49704	83.5762	237.508
0.85375	0.880043	-1.49272	83.6197	237.5440.88427	-1.43751	84.182	237.998
0.85625	0.8845	-1.43443	84.2132	238.0250.888839	-1.37799	84.7915	238.489
0.85875	0.888968	-1.37623	84.8094	238.5050.893427	-1.31847	85.4048	238.981
0.86125	0.893447	-1.31811	85.4082	238.9850.898033	-1.25894	86.0219	239.473
0.86375	0.897936	-1.2601	86.0096	239.4650.902658	-1.19942	86.6429	239.966
0.86625	0.902435	-1.20221	86.6134	239.9440.907303	-1.13989	87.2676	240.459
0.86875	0.90694	-1.14445	87.2194	240.4220.911966	-1.08037	87.8963	240.953
0.87125	0.911452	-1.08684	87.8275	240.90.916649	-1.02085	88.5288	241.447
0.87375	0.915966	-1.02943	88.4371	241.3760.921351	-0.961323	89.1652	241.941
0.87625	0.920481	-0.972245	89.0478	241.8520.926072	-0.9018	89.8055	242.436
0.87875	0.924991	-0.915331	89.6593	242.3250.930813	-0.842276	90.4498	242.932
0.88125	0.929495	-0.858722	90.2711	242.7960.935573	-0.782752	91.098	243.428
0.88375	0.933988	-0.802471	90.8825	243.2650.940352	-0.723228	91.7502	243.925
0.88625	0.938464	-0.746647	91.4928	243.730.945151	-0.663704	92.4064	244.422
0.88875	0.942915	-0.691339	92.101	244.1920.94997	-0.604181	93.0666	244.92
0.89125	0.947332	-0.636659	92.7056	244.6490.954808	-0.544657	93.7308	245.418
0.89375	0.951704	-0.582745	93.3051	245.10.959666	-0.485133	94.3991	245.917
0.89625	0.956016	-0.52977	93.8973	245.5430.964543	-0.425609	95.0715	246.416
0.89875	0.960249	-0.47794	94.4799	245.9780.969441	-0.366085	95.748	246.916
0.90125	0.964383	-0.427501	95.0499	246.4010.974358	-0.306562	96.4286	247.416
0.90375	0.968394	-0.378738	95.6037	246.810.979295	-0.247038	97.1134	247.917
0.90625	0.972253	-0.331971	96.1374	247.2030.984252	-0.187514	97.8023	248.418
0.90875	0.97593	-0.287546	96.6468	247.5760.98923	-0.12799	98.4954	248.919
0.91125	0.979393	-0.245821	97.1273	247.9270.994227	-0.0684663	99.1927	249.422
0.91375	0.982613	-0.207145	97.5745	248.2530.999244	-0.0089425	99.8942	249.924
0.91625	0.98556	-0.171835	97.9844	248.551	0	100	250
0.91875	0.98821	-0.140143	98.3535	248.8171	0	100	250
0.92125	0.990549	-0.112233	98.6795	249.0521	0	100	250
0.92375	0.992571	-0.0881591	98.9615	249.2561	0	100	250
0.92625	0.994278	-0.0678537	99.1999	249.4271	0	100	250
0.92875	0.995686	-0.051129	99.3966	249.5681	0	100	250
0.93125	0.996818	-0.0376923	99.5549	249.6821	0	100	250
0.93375	0.997706	-0.0271711	99.6789	249.771	0	100	250
0.93625	0.998383	-0.0191465	99.7737	249.8381	0	100	250
0.93875	0.998886	-0.0131864	99.8441	249.8891	0	100	250
0.94125	0.99925	-0.00887568	99.895	249.9251	0	100	250
0.94375	0.999507	-0.00583922	99.9309	249.9511	0	100	250
0.94625	0.999683	-0.00375543	99.9556	249.9681	0	100	250
0.94875	0.9998	-0.00236165	99.9721	249.981	0	100	250
0.95125	0.999877	-0.00145258	99.9828	249.9881	0	100	250
0.95375	0.999926	-0.000874092	99.9897	249.9931	0	100	250
0.95625	0.999956	-0.000514743	99.9939	249.9961	0	100	250
0.95875	0.999975	-0.000296731	99.9965	249.9971	0	100	250
0.96125	0.999986	-0.000167489	99.998	249.9991	0	100	250
0.96375	0.999992	-9.25915e-05	99.9989	249.9991	0	100	250
0.96625	0.999996	-5.01432e-05	99.9994	2501	0	100	250
0.96875	0.999998	-2.6607e-05	99.9997	2501	0	100	250
0.97125	0.999999	-1.38358e-05	99.9998	2501	0	100	250
0.97375	0.999999	-7.05185e-06	99.9999	2501	0	100	250
0.97625	1	-3.52334e-06	100	2501	0	100	250
0.97875	1	-1.72589e-06	100	2501	0	100	250
0.98125	1	-8.28937e-07	100	2501	0	100	250
0.98375	1	-3.90411e-07	100	2501	0	100	250
0.98625	1	-1.8032e-07	100	2501	0	100	250
0.98875	1	-8.16928e-08	100	2501	0	100	250
0.99125	1	-3.62962e-08	100	2501	0	100	250
0.99375	1	-1.54008e-08	100	2501	0	100	250
0.99625	1	-6.87634e-09	100	2501	0	100	250
0.99875	1	-5.24067e-09	100	2501	0	100	250
