x	rho	u	p	e	rho_Ex	u_Ex	p_Ex	e_Ex
0.0025	5.99924	19.5975	460.894	192.0635.99924	19.5975	460.894	192.063
0.0075	5.99924	19.5975	460.894	192.0635.99924	19.5975	460.894	192.063
0.0125	5.99924	19.5975	460.894	192.0635.99924	19.5975	460.894	192.063
0.0175	5.99924	19.5975	460.894	192.0635.99924	19.5975	460.894	192.063
0.0225	5.99924	19.5975	460.894	192.0635.99924	19.5975	460.894	192.063
0.0275	5.99924	19.5975	460.894	192.0635.99924	19.5975	460.894	192.063
0.0325	5.99924	19.5975	460.894	192.0635.99924	19.5975	460.894	192.063
0.0375	5.99924	19.5975	460.894	192.0635.99924	19.5975	460.894	192.063
0.0425	5.99924	19.5975	460.894	192.0635.99924	19.5975	460.894	192.063
0.0475	5.99924	19.5975	460.894	192.0635.99924	19.5975	460.894	192.063
0.0525	5.99924	19.5975	460.894	192.0635.99924	19.5975	460.894	192.063
0.0575	5.99924	19.5975	460.894	192.0635.99924	19.5975	460.894	192.063
0.0625	5.99924	19.5975	460.894	192.0635.99924	19.5975	460.894	192.063
0.0675	5.99924	19.5975	460.894	192.0635.99924	19.5975	460.894	192.063
0.0725	5.99924	19.5975	460.894	192.0635.99924	19.5975	460.894	192.063
0.0775	5.99924	19.5975	460.894	192.0635.99924	19.5975	460.894	192.063
0.0825	5.99924	19.5975	460.894	192.0635.99924	19.5975	460.894	192.063
0.0875	5.99924	19.5975	460.894	192.0635.99924	19.5975	460.894	192.063
0.0925	5.99924	19.5975	460.894	192.0635.99924	19.5975	460.894	192.063
0.0975	5.99924	19.5975	460.894	192.0635.99924	19.5975	460.894	192.063
0.1025	5.99924	19.5975	460.894	192.0635.99924	19.5975	460.894	192.063
0.1075	5.99924	19.5975	460.894	192.0635.99924	19.5975	460.894	192.063
0.1125	5.99924	19.5975	460.894	192.0635.99924	19.5975	460.894	192.063
0.1175	5.99924	19.5975	460.894	192.0635.99924	19.5975	460.894	192.063
0.1225	5.99924	19.5975	460.894	192.0635.99924	19.5975	460.894	192.063
0.1275	5.99924	19.5975	460.894	192.0635.99924	19.5975	460.894	192.063
0.1325	5.99924	19.5975	460.894	192.0635.99924	19.5975	460.894	192.063
0.1375	5.99924	19.5975	460.894	192.0635.99924	19.5975	460.894	192.063
0.1425	5.99924	19.5975	460.894	192.0635.99924	19.5975	460.894	192.063
0.1475	5.99924	19.5975	460.894	192.0635.99924	19.5975	460.894	192.063
0.1525	5.99924	19.5975	460.894	192.0635.99924	19.5975	460.894	192.063
0.1575	5.99924	19.5975	460.894	192.0635.99924	19.5975	460.894	192.063
0.1625	5.99924	19.5975	460.894	192.0635.99924	19.5975	460.894	192.063
0.1675	5.99924	19.5975	460.894	192.0635.99924	19.5975	460.894	192.063
0.1725	5.99924	19.5975	460.894	192.0635.99924	19.5975	460.894	192.063
0.1775	5.99924	19.5975	460.894	192.0635.99924	19.5975	460.894	192.063
0.1825	5.99924	19.5975	460.894	192.0635.99924	19.5975	460.894	192.063
0.1875	5.99924	19.5975	460.894	192.0635.99924	19.5975	460.894	192.063
0.1925	5.99924	19.5975	460.894	192.0635.99924	19.5975	460.894	192.063
0.1975	5.99924	19.5975	460.894	192.0635.99924	19.5975	460.894	192.063
0.2025	5.99924	19.5975	460.894	192.0635.99924	19.5975	460.894	192.063
0.2075	5.99924	19.5975	460.894	192.0635.99924	19.5975	460.894	192.063
0.2125	5.99924	19.5975	460.894	192.0635.99924	19.5975	460.894	192.063
0.2175	5.99924	19.5975	460.894	192.0635.99924	19.5975	460.894	192.063
0.2225	5.99924	19.5975	460.894	192.0635.99924	19.5975	460.894	192.063
0.2275	5.99924	19.5975	460.894	192.0635.99924	19.5975	460.894	192.063
0.2325	5.99924	19.5975	460.894	192.0635.99924	19.5975	460.894	192.063
0.2375	5.99924	19.5975	460.894	192.0635.99924	19.5975	460.894	192.063
0.2425	5.99924	19.5975	460.894	192.0635.99924	19.5975	460.894	192.063
0.2475	5.99924	19.5975	460.894	192.0635.99924	19.5975	460.894	192.063
0.2525	5.99924	19.5975	460.894	192.0635.99924	19.5975	460.894	192.063
0.2575	5.99924	19.5975	460.894	192.0635.99924	19.5975	460.894	192.063
0.2625	5.99924	19.5975	460.894	192.0635.99924	19.5975	460.894	192.063
0.2675	5.99924	19.5975	460.894	192.0635.99924	19.5975	460.894	192.063
0.2725	5.99924	19.5975	460.894	192.0635.99924	19.5975	460.894	192.063
0.2775	5.99924	19.5975	460.894	192.0635.99924	19.5975	460.894	192.063
0.2825	5.99924	19.5975	460.894	192.0635.99924	19.5975	460.894	192.063
0.2875	5.99924	19.5975	460.894	192.0635.99924	19.5975	460.894	192.063
0.2925	5.99924	19.5975	460.894	192.0635.99924	19.5975	460.894	192.063
0.2975	5.99924	19.5975	460.894	192.0635.99924	19.5975	460.894	192.063
0.3025	5.99924	19.5975	460.894	192.0635.99924	19.5975	460.894	192.063
0.3075	5.99924	19.5975	460.894	192.0635.99924	19.5975	460.894	192.063
0.3125	5.99924	19.5975	460.894	192.0635.99924	19.5975	460.894	192.063
0.3175	5.99924	19.5975	460.894	192.0635.99924	19.5975	460.894	192.063
0.3225	5.99924	19.5975	460.894	192.0635.99924	19.5975	460.894	192.063
0.3275	5.99924	19.5975	460.894	192.0635.99924	19.5975	460.894	192.063
0.3325	5.99924	19.5975	460.894	192.0635.99924	19.5975	460.894	192.063
0.3375	5.99924	19.5975	460.894	192.0635.99924	19.5975	460.894	192.063
0.3425	5.99924	19.5975	460.894	192.0635.99924	19.5975	460.894	192.063
0.3475	5.99924	19.5975	460.894	192.0635.99924	19.5975	460.894	192.063
0.3525	5.99924	19.5975	460.894	192.0635.99924	19.5975	460.894	192.063
0.3575	5.99924	19.5975	460.894	192.0635.99924	19.5975	460.894	192.063
0.3625	5.99924	19.5975	460.894	192.0635.99924	19.5975	460.894	192.063
0.3675	5.99924	19.5975	460.894	192.0635.99924	19.5975	460.894	192.063
0.3725	5.99924	19.5975	460.894	192.0635.99924	19.5975	460.894	192.063
0.3775	5.99924	19.5975	460.894	192.0635.99924	19.5975	460.894	192.063
0.3825	5.99924	19.5975	460.894	192.0635.99924	19.5975	460.894	192.063
0.3875	5.99924	19.5975	460.894	192.0635.99924	19.5975	460.894	192.063
0.3925	5.99924	19.5975	460.894	192.0635.99924	19.5975	460.894	192.063
0.3975	5.99924	19.5975	460.894	192.0635.99924	19.5975	460.894	192.063
0.4025	5.99924	19.5975	460.894	192.0635.99924	19.5975	460.894	192.063
0.4075	5.99924	19.5975	460.894	192.0635.99924	19.5975	460.894	192.063
0.4125	5.99924	19.5975	460.894	192.0635.99924	19.5975	460.894	192.063
0.4175	5.99924	19.5975	460.894	192.0635.99924	19.5975	460.894	192.063
0.4225	5.99924	19.5975	460.894	192.0635.99924	19.5975	460.894	192.063
0.4275	5.99924	19.5975	460.894	192.0635.99924	19.5975	460.894	192.063
0.4325	5.99924	19.5975	460.894	192.0635.99924	19.5975	460.894	192.063
0.4375	5.99924	19.5975	460.894	192.0635.99924	19.5975	460.894	192.063
0.4425	5.99924	19.5975	460.894	192.0635.99924	19.5975	460.894	192.063
0.4475	5.99924	19.5975	460.894	192.0635.99924	19.5975	460.894	192.063
0.4525	5.99924	19.5975	460.894	192.0635.99924	19.5975	460.894	192.063
0.4575	5.99924	19.5975	460.894	192.0635.99924	19.5975	460.894	192.063
0.4625	5.99924	19.5975	460.894	192.0635.99924	19.5975	460.894	192.063
0.4675	5.99924	19.5975	460.894	192.0635.99924	19.5975	460.894	192.063
0.4725	5.99924	19.5975	460.894	192.0635.99924	19.5975	460.894	192.063
0.4775	5.99924	19.5975	460.894	192.0635.99924	19.5975	460.894	192.063
0.4825	5.99924	19.5975	460.894	192.0635.99924	19.5975	460.894	192.063
0.4875	5.99924	19.5975	460.894	192.0635.99924	19.5975	460.894	192.063
0.4925	5.99924	19.5975	460.894	192.0635.99924	19.5975	460.894	192.063
0.4975	5.99924	19.5975	460.894	192.0645.99924	19.5975	460.894	192.063
0.5025	5.99924	19.5975	460.894	192.0645.99924	19.5975	460.894	192.063
0.5075	5.99921	19.5975	460.893	192.0645.99924	19.5975	460.894	192.063
0.5125	5.9987	19.5981	460.859	192.0665.99924	19.5975	460.894	192.063
0.5175	5.99648	19.6035	460.523	191.9975.99924	19.5975	460.894	192.063
0.5225	6.00039	19.6151	459.834	191.5855.99924	19.5975	460.894	192.063
0.5275	6.14827	19.4371	470.647	191.3745.99924	19.5975	460.894	192.063
0.5325	8.08973	15.6981	751.078	232.10914.2834	8.68855	1691.86	296.124
0.5375	11.4354	11.3788	1248.44	272.93314.2834	8.68855	1691.86	296.124
0.5425	13.4125	9.49413	1550.27	288.9614.2834	8.68855	1691.86	296.124
0.5475	14.0569	8.90152	1654.15	294.18814.2834	8.68855	1691.86	296.124
0.5525	14.2289	8.74199	1682.8	295.66614.2834	8.68855	1691.86	296.124
0.5575	14.2702	8.70231	1689.87	296.0514.2834	8.68855	1691.86	296.124
0.5625	14.2794	8.69242	1691.51	296.14614.2834	8.68855	1691.86	296.124
0.5675	14.2812	8.68969	1691.87	296.1714.2834	8.68855	1691.86	296.124
0.5725	14.2817	8.68869	1691.92	296.1714.2834	8.68855	1691.86	296.124
0.5775	14.2823	8.68825	1691.89	296.15114.2834	8.68855	1691.86	296.124
0.5825	14.2836	8.68813	1691.86	296.11914.2834	8.68855	1691.86	296.124
0.5875	14.2851	8.68816	1691.87	296.09114.2834	8.68855	1691.86	296.124
0.5925	14.2861	8.68828	1691.92	296.07714.2834	8.68855	1691.86	296.124
0.5975	14.2865	8.68838	1691.95	296.07414.2834	8.68855	1691.86	296.124
0.6025	14.2865	8.68839	1691.96	296.07714.2834	8.68855	1691.86	296.124
0.6075	14.286	8.68821	1691.95	296.08514.2834	8.68855	1691.86	296.124
0.6125	14.2848	8.68762	1691.86	296.09414.2834	8.68855	1691.86	296.124
0.6175	14.2836	8.68672	1691.72	296.09414.2834	8.68855	1691.86	296.124
0.6225	14.2828	8.68583	1691.57	296.08614.2834	8.68855	1691.86	296.124
0.6275	14.2824	8.68526	1691.49	296.07814.2834	8.68855	1691.86	296.124
0.6325	14.2825	8.68492	1691.44	296.06914.2834	8.68855	1691.86	296.124
0.6375	14.2831	8.68469	1691.43	296.05414.2834	8.68855	1691.86	296.124
0.6425	14.2841	8.68496	1691.49	296.04414.2834	8.68855	1691.86	296.124
0.6475	14.2857	8.68598	1691.7	296.04814.2834	8.68855	1691.86	296.124
0.6525	14.2876	8.68755	1692	296.05914.2834	8.68855	1691.86	296.124
0.6575	14.2895	8.68901	1692.28	296.07114.2834	8.68855	1691.86	296.124
0.6625	14.2907	8.68993	1692.46	296.07714.2834	8.68855	1691.86	296.124
0.6675	14.2915	8.69034	1692.55	296.07714.2834	8.68855	1691.86	296.124
0.6725	14.2918	8.69038	1692.57	296.07314.2834	8.68855	1691.86	296.124
0.6775	14.292	8.6902	1692.55	296.06514.2834	8.68855	1691.86	296.124
0.6825	14.2923	8.68986	1692.5	296.05114.2834	8.68855	1691.86	296.124
0.6875	14.2927	8.68942	1692.42	296.02914.2834	8.68855	1691.86	296.124
0.6925	14.293	8.68895	1692.32	296.00414.2834	8.68855	1691.86	296.124
0.6975	14.2932	8.6886	1692.23	295.98514.2834	8.68855	1691.86	296.124
0.7025	14.2933	8.68834	1692.15	295.96914.2834	8.68855	1691.86	296.124
0.7075	14.2934	8.68818	1692.07	295.95414.2834	8.68855	1691.86	296.124
0.7125	14.2935	8.68814	1692.01	295.94114.2834	8.68855	1691.86	296.124
0.7175	14.2938	8.6882	1691.98	295.92914.2834	8.68855	1691.86	296.124
0.7225	14.2943	8.68826	1691.95	295.91314.2834	8.68855	1691.86	296.124
0.7275	14.2954	8.68826	1691.92	295.88614.2834	8.68855	1691.86	296.124
0.7325	14.2974	8.68814	1691.88	295.83814.2834	8.68855	1691.86	296.124
0.7375	14.3008	8.68793	1691.84	295.75914.2834	8.68855	1691.86	296.124
0.7425	14.3059	8.68763	1691.78	295.64414.2834	8.68855	1691.86	296.124
0.7475	14.313	8.68724	1691.71	295.48514.2834	8.68855	1691.86	296.124
0.7525	14.3224	8.68675	1691.62	295.27414.2834	8.68855	1691.86	296.124
0.7575	14.3341	8.6862	1691.51	295.01514.2834	8.68855	1691.86	296.124
0.7625	14.3473	8.68577	1691.43	294.7314.2834	8.68855	1691.86	296.124
0.7675	14.3604	8.68569	1691.41	294.45914.2834	8.68855	1691.86	296.124
0.7725	14.3723	8.68614	1691.5	294.22814.2834	8.68855	1691.86	296.124
0.7775	14.3827	8.68712	1691.68	294.04714.2834	8.68855	1691.86	296.124
0.7825	14.3912	8.68839	1691.92	293.91414.2834	8.68855	1691.86	296.124
0.7875	14.3975	8.68963	1692.15	293.82714.2834	8.68855	1691.86	296.124
0.7925	14.4015	8.69053	1692.33	293.77614.2834	8.68855	1691.86	296.124
0.7975	14.4036	8.69098	1692.42	293.7514.2834	8.68855	1691.86	296.124
0.8025	14.4043	8.69104	1692.45	293.74114.2834	8.68855	1691.86	296.124
0.8075	29.4659	8.69076	1692.42	143.59131.0524	8.68855	1691.86	136.21
0.8125	29.4719	8.69042	1692.36	143.55731.0524	8.68855	1691.86	136.21
0.8175	29.5133	8.69005	1692.27	143.34831.0524	8.68855	1691.86	136.21
0.8225	29.651	8.68966	1692.16	142.67331.0524	8.68855	1691.86	136.21
0.8275	29.8832	8.68927	1692.06	141.55631.0524	8.68855	1691.86	136.21
0.8325	30.1236	8.689	1691.99	140.42131.0524	8.68855	1691.86	136.21
0.8375	30.3271	8.6888	1691.94	139.47431.0524	8.68855	1691.86	136.21
0.8425	30.4941	8.6886	1691.88	138.70531.0524	8.68855	1691.86	136.21
0.8475	30.6279	8.68832	1691.8	138.09331.0524	8.68855	1691.86	136.21
0.8525	30.7327	8.68796	1691.69	137.61331.0524	8.68855	1691.86	136.21
0.8575	30.8135	8.68761	1691.59	137.24431.0524	8.68855	1691.86	136.21
0.8625	30.8751	8.68741	1691.53	136.96531.0524	8.68855	1691.86	136.21
0.8675	30.9221	8.68748	1691.55	136.75931.0524	8.68855	1691.86	136.21
0.8725	30.9579	8.68786	1691.67	136.6131.0524	8.68855	1691.86	136.21
0.8775	30.9855	8.68849	1691.87	136.50531.0524	8.68855	1691.86	136.21
0.8825	31.0064	8.6892	1692.09	136.43131.0524	8.68855	1691.86	136.21
0.8875	31.022	8.68981	1692.29	136.37831.0524	8.68855	1691.86	136.21
0.8925	31.0328	8.6902	1692.41	136.3431.0524	8.68855	1691.86	136.21
0.8975	31.0396	8.69028	1692.42	136.31131.0524	8.68855	1691.86	136.21
0.9025	31.0431	8.69009	1692.35	136.2931.0524	8.68855	1691.86	136.21
0.9075	31.0446	8.68957	1692.22	136.27331.0524	8.68855	1691.86	136.21
0.9125	31.0446	8.68885	1692.01	136.25631.0524	8.68855	1691.86	136.21
0.9175	31.0388	8.68677	1691.41	136.23331.0524	8.68855	1691.86	136.21
0.9225	30.9946	8.67199	1687.8	136.13631.0524	8.68855	1691.86	136.21
0.9275	30.6849	8.59991	1666.18	135.74931.0524	8.68855	1691.86	136.21
0.9325	28.1971	7.98378	1497.77	132.7955.9942	-6.19633	46.095	19.2248
0.9375	19.4364	5.2208	919.863	118.3175.9942	-6.19633	46.095	19.2248
0.9425	9.34098	-2.12682	209.649	56.115.9942	-6.19633	46.095	19.2248
0.9475	6.23923	-6.27543	36.4343	14.59895.9942	-6.19633	46.095	19.2248
0.9525	5.97506	-6.26239	44.1307	18.46455.9942	-6.19633	46.095	19.2248
0.9575	5.9886	-6.20206	45.9738	19.19225.9942	-6.19633	46.095	19.2248
0.9625	5.99438	-6.19541	46.1198	19.23465.9942	-6.19633	46.095	19.2248
0.9675	5.99428	-6.19623	46.0971	19.22555.9942	-6.19633	46.095	19.2248
0.9725	5.9942	-6.19633	46.0949	19.22485.9942	-6.19633	46.095	19.2248
0.9775	5.9942	-6.19633	46.095	19.22485.9942	-6.19633	46.095	19.2248
0.9825	5.9942	-6.19633	46.095	19.22485.9942	-6.19633	46.095	19.2248
0.9875	5.9942	-6.19633	46.095	19.22485.9942	-6.19633	46.095	19.2248
0.9925	5.9942	-6.19633	46.095	19.22485.9942	-6.19633	46.095	19.2248
0.9975	5.9942	-6.19633	46.095	19.22485.9942	-6.19633	46.095	19.2248
