x	rho	u	p	e	rho_Ex	u_Ex	p_Ex	e_Ex
0.0025	5.99924	19.5975	460.894	192.0635.99924	19.5975	460.894	192.063
0.0075	5.99924	19.5975	460.894	192.0635.99924	19.5975	460.894	192.063
0.0125	5.99924	19.5975	460.894	192.0635.99924	19.5975	460.894	192.063
0.0175	5.99924	19.5975	460.894	192.0635.99924	19.5975	460.894	192.063
0.0225	5.99924	19.5975	460.894	192.0635.99924	19.5975	460.894	192.063
0.0275	5.99924	19.5975	460.894	192.0635.99924	19.5975	460.894	192.063
0.0325	5.99924	19.5975	460.894	192.0635.99924	19.5975	460.894	192.063
0.0375	5.99924	19.5975	460.894	192.0635.99924	19.5975	460.894	192.063
0.0425	5.99924	19.5975	460.894	192.0635.99924	19.5975	460.894	192.063
0.0475	5.99924	19.5975	460.894	192.0635.99924	19.5975	460.894	192.063
0.0525	5.99924	19.5975	460.894	192.0635.99924	19.5975	460.894	192.063
0.0575	5.99924	19.5975	460.894	192.0635.99924	19.5975	460.894	192.063
0.0625	5.99924	19.5975	460.894	192.0635.99924	19.5975	460.894	192.063
0.0675	5.99924	19.5975	460.894	192.0635.99924	19.5975	460.894	192.063
0.0725	5.99924	19.5975	460.894	192.0635.99924	19.5975	460.894	192.063
0.0775	5.99924	19.5975	460.894	192.0635.99924	19.5975	460.894	192.063
0.0825	5.99924	19.5975	460.894	192.0635.99924	19.5975	460.894	192.063
0.0875	5.99924	19.5975	460.894	192.0635.99924	19.5975	460.894	192.063
0.0925	5.99924	19.5975	460.894	192.0635.99924	19.5975	460.894	192.063
0.0975	5.99924	19.5975	460.894	192.0635.99924	19.5975	460.894	192.063
0.1025	5.99924	19.5975	460.894	192.0635.99924	19.5975	460.894	192.063
0.1075	5.99924	19.5975	460.894	192.0635.99924	19.5975	460.894	192.063
0.1125	5.99924	19.5975	460.894	192.0635.99924	19.5975	460.894	192.063
0.1175	5.99924	19.5975	460.894	192.0635.99924	19.5975	460.894	192.063
0.1225	5.99924	19.5975	460.894	192.0635.99924	19.5975	460.894	192.063
0.1275	5.99924	19.5975	460.894	192.0635.99924	19.5975	460.894	192.063
0.1325	5.99924	19.5975	460.894	192.0635.99924	19.5975	460.894	192.063
0.1375	5.99924	19.5975	460.894	192.0635.99924	19.5975	460.894	192.063
0.1425	5.99924	19.5975	460.894	192.0635.99924	19.5975	460.894	192.063
0.1475	5.99924	19.5975	460.894	192.0635.99924	19.5975	460.894	192.063
0.1525	5.99924	19.5975	460.894	192.0635.99924	19.5975	460.894	192.063
0.1575	5.99924	19.5975	460.894	192.0635.99924	19.5975	460.894	192.063
0.1625	5.99924	19.5975	460.894	192.0635.99924	19.5975	460.894	192.063
0.1675	5.99924	19.5975	460.894	192.0635.99924	19.5975	460.894	192.063
0.1725	5.99924	19.5975	460.894	192.0635.99924	19.5975	460.894	192.063
0.1775	5.99924	19.5975	460.894	192.0635.99924	19.5975	460.894	192.063
0.1825	5.99924	19.5975	460.894	192.0635.99924	19.5975	460.894	192.063
0.1875	5.99924	19.5975	460.894	192.0635.99924	19.5975	460.894	192.063
0.1925	5.99924	19.5975	460.894	192.0635.99924	19.5975	460.894	192.063
0.1975	5.99924	19.5975	460.894	192.0635.99924	19.5975	460.894	192.063
0.2025	5.99924	19.5975	460.894	192.0635.99924	19.5975	460.894	192.063
0.2075	5.99924	19.5975	460.894	192.0635.99924	19.5975	460.894	192.063
0.2125	5.99924	19.5975	460.894	192.0635.99924	19.5975	460.894	192.063
0.2175	5.99924	19.5975	460.894	192.0635.99924	19.5975	460.894	192.063
0.2225	5.99924	19.5975	460.894	192.0635.99924	19.5975	460.894	192.063
0.2275	5.99924	19.5975	460.894	192.0635.99924	19.5975	460.894	192.063
0.2325	5.99924	19.5975	460.894	192.0635.99924	19.5975	460.894	192.063
0.2375	5.99924	19.5975	460.894	192.0635.99924	19.5975	460.894	192.063
0.2425	5.99924	19.5975	460.894	192.0635.99924	19.5975	460.894	192.063
0.2475	5.99924	19.5975	460.894	192.0635.99924	19.5975	460.894	192.063
0.2525	5.99924	19.5975	460.894	192.0635.99924	19.5975	460.894	192.063
0.2575	5.99924	19.5975	460.894	192.0635.99924	19.5975	460.894	192.063
0.2625	5.99924	19.5975	460.894	192.0635.99924	19.5975	460.894	192.063
0.2675	5.99924	19.5975	460.894	192.0635.99924	19.5975	460.894	192.063
0.2725	5.99924	19.5975	460.894	192.0635.99924	19.5975	460.894	192.063
0.2775	5.99924	19.5975	460.894	192.0635.99924	19.5975	460.894	192.063
0.2825	5.99924	19.5975	460.894	192.0635.99924	19.5975	460.894	192.063
0.2875	5.99924	19.5975	460.894	192.0635.99924	19.5975	460.894	192.063
0.2925	5.99924	19.5975	460.894	192.0635.99924	19.5975	460.894	192.063
0.2975	5.99924	19.5975	460.894	192.0635.99924	19.5975	460.894	192.063
0.3025	5.99924	19.5975	460.894	192.0635.99924	19.5975	460.894	192.063
0.3075	5.99924	19.5975	460.894	192.0635.99924	19.5975	460.894	192.063
0.3125	5.99924	19.5975	460.894	192.0635.99924	19.5975	460.894	192.063
0.3175	5.99924	19.5975	460.894	192.0635.99924	19.5975	460.894	192.063
0.3225	5.99924	19.5975	460.894	192.0635.99924	19.5975	460.894	192.063
0.3275	5.99924	19.5975	460.894	192.0635.99924	19.5975	460.894	192.063
0.3325	5.99924	19.5975	460.894	192.0635.99924	19.5975	460.894	192.063
0.3375	5.99924	19.5975	460.894	192.0635.99924	19.5975	460.894	192.063
0.3425	5.99924	19.5975	460.894	192.0635.99924	19.5975	460.894	192.063
0.3475	5.99924	19.5975	460.894	192.0635.99924	19.5975	460.894	192.063
0.3525	5.99924	19.5975	460.894	192.0635.99924	19.5975	460.894	192.063
0.3575	5.99924	19.5975	460.894	192.0635.99924	19.5975	460.894	192.063
0.3625	5.99924	19.5975	460.894	192.0635.99924	19.5975	460.894	192.063
0.3675	5.99924	19.5975	460.894	192.0635.99924	19.5975	460.894	192.063
0.3725	5.99924	19.5975	460.894	192.0635.99924	19.5975	460.894	192.063
0.3775	5.99924	19.5975	460.894	192.0635.99924	19.5975	460.894	192.063
0.3825	5.99924	19.5975	460.894	192.0635.99924	19.5975	460.894	192.063
0.3875	5.99924	19.5975	460.894	192.0635.99924	19.5975	460.894	192.063
0.3925	5.99924	19.5975	460.894	192.0635.99924	19.5975	460.894	192.063
0.3975	5.99924	19.5975	460.894	192.0635.99924	19.5975	460.894	192.063
0.4025	5.99924	19.5975	460.894	192.0635.99924	19.5975	460.894	192.063
0.4075	5.99924	19.5975	460.894	192.0635.99924	19.5975	460.894	192.063
0.4125	5.99924	19.5975	460.894	192.0635.99924	19.5975	460.894	192.063
0.4175	5.99924	19.5975	460.894	192.0635.99924	19.5975	460.894	192.063
0.4225	5.99924	19.5975	460.894	192.0635.99924	19.5975	460.894	192.063
0.4275	5.99924	19.5975	460.894	192.0635.99924	19.5975	460.894	192.063
0.4325	5.99924	19.5975	460.894	192.0635.99924	19.5975	460.894	192.063
0.4375	5.99924	19.5975	460.894	192.0635.99924	19.5975	460.894	192.063
0.4425	5.99924	19.5975	460.894	192.0635.99924	19.5975	460.894	192.063
0.4475	5.99924	19.5975	460.894	192.0635.99924	19.5975	460.894	192.063
0.4525	5.99924	19.5975	460.894	192.0635.99924	19.5975	460.894	192.063
0.4575	5.99924	19.5975	460.894	192.0635.99924	19.5975	460.894	192.063
0.4625	5.99924	19.5975	460.894	192.0635.99924	19.5975	460.894	192.063
0.4675	5.99924	19.5975	460.894	192.0635.99924	19.5975	460.894	192.063
0.4725	5.99924	19.5975	460.894	192.0635.99924	19.5975	460.894	192.063
0.4775	5.99924	19.5975	460.894	192.0635.99924	19.5975	460.894	192.063
0.4825	5.99924	19.5975	460.894	192.0635.99924	19.5975	460.894	192.063
0.4875	5.99924	19.5975	460.894	192.0635.99924	19.5975	460.894	192.063
0.4925	5.99926	19.5975	460.896	192.0645.99924	19.5975	460.894	192.063
0.4975	5.99915	19.5975	460.893	192.0665.99924	19.5975	460.894	192.063
0.5025	5.99613	19.6033	460.53	192.0115.99924	19.5975	460.894	192.063
0.5075	5.99146	19.6208	459.451	191.7115.99924	19.5975	460.894	192.063
0.5125	6.06293	19.5811	461.788	190.4145.99924	19.5975	460.894	192.063
0.5175	7.36141	16.9926	642.458	218.1845.99924	19.5975	460.894	192.063
0.5225	10.4674	12.3866	1108.31	264.7065.99924	19.5975	460.894	192.063
0.5275	13.0214	9.82236	1491.55	286.3655.99924	19.5975	460.894	192.063
0.5325	13.9404	8.99295	1635.52	293.30414.2834	8.68855	1691.86	296.124
0.5375	14.2028	8.76144	1677.49	295.27514.2834	8.68855	1691.86	296.124
0.5425	14.2693	8.70575	1688.36	295.80314.2834	8.68855	1691.86	296.124
0.5475	14.2847	8.69429	1691.27	295.99414.2834	8.68855	1691.86	296.124
0.5525	14.2878	8.69245	1692.2	296.09314.2834	8.68855	1691.86	296.124
0.5575	14.2882	8.69194	1692.55	296.14514.2834	8.68855	1691.86	296.124
0.5625	14.2875	8.69114	1692.67	296.17914.2834	8.68855	1691.86	296.124
0.5675	14.2863	8.69019	1692.61	296.19614.2834	8.68855	1691.86	296.124
0.5725	14.2856	8.68955	1692.5	296.19114.2834	8.68855	1691.86	296.124
0.5775	14.2856	8.6891	1692.44	296.17914.2834	8.68855	1691.86	296.124
0.5825	14.2864	8.68855	1692.37	296.15214.2834	8.68855	1691.86	296.124
0.5875	14.2872	8.68796	1692.29	296.12114.2834	8.68855	1691.86	296.124
0.5925	14.2874	8.68754	1692.22	296.10514.2834	8.68855	1691.86	296.124
0.5975	14.2874	8.68722	1692.18	296.09614.2834	8.68855	1691.86	296.124
0.6025	14.2873	8.68693	1692.14	296.09314.2834	8.68855	1691.86	296.124
0.6075	14.287	8.68679	1692.13	296.09714.2834	8.68855	1691.86	296.124
0.6125	14.2868	8.68682	1692.15	296.10514.2834	8.68855	1691.86	296.124
0.6175	14.2867	8.68691	1692.18	296.11114.2834	8.68855	1691.86	296.124
0.6225	14.2867	8.68695	1692.18	296.11214.2834	8.68855	1691.86	296.124
0.6275	14.2868	8.68688	1692.17	296.10714.2834	8.68855	1691.86	296.124
0.6325	14.2867	8.68658	1692.11	296.09714.2834	8.68855	1691.86	296.124
0.6375	14.2864	8.68592	1691.97	296.08114.2834	8.68855	1691.86	296.124
0.6425	14.286	8.68526	1691.83	296.06414.2834	8.68855	1691.86	296.124
0.6475	14.2859	8.68489	1691.74	296.0514.2834	8.68855	1691.86	296.124
0.6525	14.2857	8.68454	1691.63	296.03614.2834	8.68855	1691.86	296.124
0.6575	14.2855	8.68436	1691.56	296.02814.2834	8.68855	1691.86	296.124
0.6625	14.2855	8.68447	1691.54	296.02414.2834	8.68855	1691.86	296.124
0.6675	14.2861	8.68516	1691.6	296.02214.2834	8.68855	1691.86	296.124
0.6725	14.2879	8.68667	1691.82	296.02414.2834	8.68855	1691.86	296.124
0.6775	14.29	8.6883	1692.08	296.02514.2834	8.68855	1691.86	296.124
0.6825	14.292	8.68956	1692.29	296.0214.2834	8.68855	1691.86	296.124
0.6875	14.2936	8.69035	1692.41	296.00814.2834	8.68855	1691.86	296.124
0.6925	14.2948	8.6907	1692.46	295.99214.2834	8.68855	1691.86	296.124
0.6975	14.2955	8.69068	1692.45	295.97514.2834	8.68855	1691.86	296.124
0.7025	14.2958	8.69045	1692.4	295.96114.2834	8.68855	1691.86	296.124
0.7075	14.2959	8.69015	1692.34	295.94914.2834	8.68855	1691.86	296.124
0.7125	14.2959	8.68985	1692.28	295.93814.2834	8.68855	1691.86	296.124
0.7175	14.2958	8.68952	1692.21	295.92714.2834	8.68855	1691.86	296.124
0.7225	14.2957	8.68908	1692.12	295.91514.2834	8.68855	1691.86	296.124
0.7275	14.2954	8.68869	1692.04	295.90714.2834	8.68855	1691.86	296.124
0.7325	14.2952	8.68843	1691.99	295.90314.2834	8.68855	1691.86	296.124
0.7375	14.295	8.68824	1691.97	295.90314.2834	8.68855	1691.86	296.124
0.7425	14.2945	8.6881	1691.95	295.9114.2834	8.68855	1691.86	296.124
0.7475	14.2933	8.68798	1691.95	295.93414.2834	8.68855	1691.86	296.124
0.7525	14.2894	8.68785	1691.95	296.01514.2834	8.68855	1691.86	296.124
0.7575	14.2787	8.68769	1691.95	296.23614.2834	8.68855	1691.86	296.124
0.7625	14.2606	8.68746	1691.92	296.60814.2834	8.68855	1691.86	296.124
0.7675	14.2398	8.68712	1691.87	297.03114.2834	8.68855	1691.86	296.124
0.7725	14.2208	8.68663	1691.77	297.4114.2834	8.68855	1691.86	296.124
0.7775	14.2059	8.68612	1691.66	297.70314.2834	8.68855	1691.86	296.124
0.7825	14.1956	8.68581	1691.57	297.90414.2834	8.68855	1691.86	296.124
0.7875	14.1896	8.68592	1691.54	298.02514.2834	8.68855	1691.86	296.124
0.7925	14.1872	8.6864	1691.58	298.08314.2834	8.68855	1691.86	296.124
0.7975	14.1866	8.68695	1691.64	298.10614.2834	8.68855	1691.86	296.124
0.8025	14.1865	8.68723	1691.66	298.11114.2834	8.68855	1691.86	296.124
0.8075	30.0265	8.68733	1691.68	140.84931.0524	8.68855	1691.86	136.21
0.8125	30.029	8.68781	1691.81	140.84831.0524	8.68855	1691.86	136.21
0.8175	30.0434	8.68863	1692.02	140.79831.0524	8.68855	1691.86	136.21
0.8225	30.1053	8.68942	1692.23	140.52631.0524	8.68855	1691.86	136.21
0.8275	30.2357	8.69002	1692.38	139.93231.0524	8.68855	1691.86	136.21
0.8325	30.3945	8.69028	1692.43	139.20631.0524	8.68855	1691.86	136.21
0.8375	30.5394	8.69019	1692.4	138.54331.0524	8.68855	1691.86	136.21
0.8425	30.6584	8.6899	1692.31	137.99731.0524	8.68855	1691.86	136.21
0.8475	30.7541	8.68953	1692.21	137.5631.0524	8.68855	1691.86	136.21
0.8525	30.8293	8.68918	1692.11	137.21631.0524	8.68855	1691.86	136.21
0.8575	30.8873	8.68888	1692.02	136.95131.0524	8.68855	1691.86	136.21
0.8625	30.9313	8.68861	1691.95	136.75131.0524	8.68855	1691.86	136.21
0.8675	30.964	8.68835	1691.89	136.60131.0524	8.68855	1691.86	136.21
0.8725	30.988	8.68807	1691.82	136.4931.0524	8.68855	1691.86	136.21
0.8775	31.0054	8.68778	1691.76	136.40931.0524	8.68855	1691.86	136.21
0.8825	31.018	8.68756	1691.71	136.34931.0524	8.68855	1691.86	136.21
0.8875	31.0274	8.68752	1691.7	136.30731.0524	8.68855	1691.86	136.21
0.8925	31.0349	8.68775	1691.74	136.27731.0524	8.68855	1691.86	136.21
0.8975	31.041	8.68823	1691.84	136.25931.0524	8.68855	1691.86	136.21
0.9025	31.0459	8.68878	1691.97	136.24731.0524	8.68855	1691.86	136.21
0.9075	31.049	8.68908	1692.04	136.23931.0524	8.68855	1691.86	136.21
0.9125	31.0497	8.68914	1691.99	136.23231.0524	8.68855	1691.86	136.21
0.9175	31.0447	8.6875	1691.54	136.21831.0524	8.68855	1691.86	136.21
0.9225	31.0047	8.67486	1688.38	136.1431.0524	8.68855	1691.86	136.21
0.9275	30.7131	8.60778	1668.26	135.79431.0524	8.68855	1691.86	136.21
0.9325	28.5037	8.05453	1517.46	133.0945.9942	-6.19633	46.095	19.2248
0.9375	20.1133	5.5236	967.905	120.3075.9942	-6.19633	46.095	19.2248
0.9425	9.88788	-1.41419	253.003	63.96795.9942	-6.19633	46.095	19.2248
0.9475	6.33731	-6.182	37.5088	14.79685.9942	-6.19633	46.095	19.2248
0.9525	5.97645	-6.27708	43.5605	18.22175.9942	-6.19633	46.095	19.2248
0.9575	5.98762	-6.20282	45.9628	19.19085.9942	-6.19633	46.095	19.2248
0.9625	5.99442	-6.19485	46.1365	19.24145.9942	-6.19633	46.095	19.2248
0.9675	5.99428	-6.19621	46.0977	19.22575.9942	-6.19633	46.095	19.2248
0.9725	5.9942	-6.19634	46.0948	19.22485.9942	-6.19633	46.095	19.2248
0.9775	5.9942	-6.19633	46.095	19.22485.9942	-6.19633	46.095	19.2248
0.9825	5.9942	-6.19633	46.095	19.22485.9942	-6.19633	46.095	19.2248
0.9875	5.9942	-6.19633	46.095	19.22485.9942	-6.19633	46.095	19.2248
0.9925	5.9942	-6.19633	46.095	19.22485.9942	-6.19633	46.095	19.2248
0.9975	5.9942	-6.19633	46.095	19.22485.9942	-6.19633	46.095	19.2248
