x	rho	u	p	e	rho_Ex	u_Ex	p_Ex	e_Ex
0.00125	5.99924	19.5975	460.894	192.0635.99924	19.5975	460.894	192.063
0.00375	5.99924	19.5975	460.894	192.0635.99924	19.5975	460.894	192.063
0.00625	5.99924	19.5975	460.894	192.0635.99924	19.5975	460.894	192.063
0.00875	5.99924	19.5975	460.894	192.0635.99924	19.5975	460.894	192.063
0.01125	5.99924	19.5975	460.894	192.0635.99924	19.5975	460.894	192.063
0.01375	5.99924	19.5975	460.894	192.0635.99924	19.5975	460.894	192.063
0.01625	5.99924	19.5975	460.894	192.0635.99924	19.5975	460.894	192.063
0.01875	5.99924	19.5975	460.894	192.0635.99924	19.5975	460.894	192.063
0.02125	5.99924	19.5975	460.894	192.0635.99924	19.5975	460.894	192.063
0.02375	5.99924	19.5975	460.894	192.0635.99924	19.5975	460.894	192.063
0.02625	5.99924	19.5975	460.894	192.0635.99924	19.5975	460.894	192.063
0.02875	5.99924	19.5975	460.894	192.0635.99924	19.5975	460.894	192.063
0.03125	5.99924	19.5975	460.894	192.0635.99924	19.5975	460.894	192.063
0.03375	5.99924	19.5975	460.894	192.0635.99924	19.5975	460.894	192.063
0.03625	5.99924	19.5975	460.894	192.0635.99924	19.5975	460.894	192.063
0.03875	5.99924	19.5975	460.894	192.0635.99924	19.5975	460.894	192.063
0.04125	5.99924	19.5975	460.894	192.0635.99924	19.5975	460.894	192.063
0.04375	5.99924	19.5975	460.894	192.0635.99924	19.5975	460.894	192.063
0.04625	5.99924	19.5975	460.894	192.0635.99924	19.5975	460.894	192.063
0.04875	5.99924	19.5975	460.894	192.0635.99924	19.5975	460.894	192.063
0.05125	5.99924	19.5975	460.894	192.0635.99924	19.5975	460.894	192.063
0.05375	5.99924	19.5975	460.894	192.0635.99924	19.5975	460.894	192.063
0.05625	5.99924	19.5975	460.894	192.0635.99924	19.5975	460.894	192.063
0.05875	5.99924	19.5975	460.894	192.0635.99924	19.5975	460.894	192.063
0.06125	5.99924	19.5975	460.894	192.0635.99924	19.5975	460.894	192.063
0.06375	5.99924	19.5975	460.894	192.0635.99924	19.5975	460.894	192.063
0.06625	5.99924	19.5975	460.894	192.0635.99924	19.5975	460.894	192.063
0.06875	5.99924	19.5975	460.894	192.0635.99924	19.5975	460.894	192.063
0.07125	5.99924	19.5975	460.894	192.0635.99924	19.5975	460.894	192.063
0.07375	5.99924	19.5975	460.894	192.0635.99924	19.5975	460.894	192.063
0.07625	5.99924	19.5975	460.894	192.0635.99924	19.5975	460.894	192.063
0.07875	5.99924	19.5975	460.894	192.0635.99924	19.5975	460.894	192.063
0.08125	5.99924	19.5975	460.894	192.0635.99924	19.5975	460.894	192.063
0.08375	5.99924	19.5975	460.894	192.0635.99924	19.5975	460.894	192.063
0.08625	5.99924	19.5975	460.894	192.0635.99924	19.5975	460.894	192.063
0.08875	5.99924	19.5975	460.894	192.0635.99924	19.5975	460.894	192.063
0.09125	5.99924	19.5975	460.894	192.0635.99924	19.5975	460.894	192.063
0.09375	5.99924	19.5975	460.894	192.0635.99924	19.5975	460.894	192.063
0.09625	5.99924	19.5975	460.894	192.0635.99924	19.5975	460.894	192.063
0.09875	5.99924	19.5975	460.894	192.0635.99924	19.5975	460.894	192.063
0.10125	5.99924	19.5975	460.894	192.0635.99924	19.5975	460.894	192.063
0.10375	5.99924	19.5975	460.894	192.0635.99924	19.5975	460.894	192.063
0.10625	5.99924	19.5975	460.894	192.0635.99924	19.5975	460.894	192.063
0.10875	5.99924	19.5975	460.894	192.0635.99924	19.5975	460.894	192.063
0.11125	5.99924	19.5975	460.894	192.0635.99924	19.5975	460.894	192.063
0.11375	5.99924	19.5975	460.894	192.0635.99924	19.5975	460.894	192.063
0.11625	5.99924	19.5975	460.894	192.0635.99924	19.5975	460.894	192.063
0.11875	5.99924	19.5975	460.894	192.0635.99924	19.5975	460.894	192.063
0.12125	5.99924	19.5975	460.894	192.0635.99924	19.5975	460.894	192.063
0.12375	5.99924	19.5975	460.894	192.0635.99924	19.5975	460.894	192.063
0.12625	5.99924	19.5975	460.894	192.0635.99924	19.5975	460.894	192.063
0.12875	5.99924	19.5975	460.894	192.0635.99924	19.5975	460.894	192.063
0.13125	5.99924	19.5975	460.894	192.0635.99924	19.5975	460.894	192.063
0.13375	5.99924	19.5975	460.894	192.0635.99924	19.5975	460.894	192.063
0.13625	5.99924	19.5975	460.894	192.0635.99924	19.5975	460.894	192.063
0.13875	5.99924	19.5975	460.894	192.0635.99924	19.5975	460.894	192.063
0.14125	5.99924	19.5975	460.894	192.0635.99924	19.5975	460.894	192.063
0.14375	5.99924	19.5975	460.894	192.0635.99924	19.5975	460.894	192.063
0.14625	5.99924	19.5975	460.894	192.0635.99924	19.5975	460.894	192.063
0.14875	5.99924	19.5975	460.894	192.0635.99924	19.5975	460.894	192.063
0.15125	5.99924	19.5975	460.894	192.0635.99924	19.5975	460.894	192.063
0.15375	5.99924	19.5975	460.894	192.0635.99924	19.5975	460.894	192.063
0.15625	5.99924	19.5975	460.894	192.0635.99924	19.5975	460.894	192.063
0.15875	5.99924	19.5975	460.894	192.0635.99924	19.5975	460.894	192.063
0.16125	5.99924	19.5975	460.894	192.0635.99924	19.5975	460.894	192.063
0.16375	5.99924	19.5975	460.894	192.0635.99924	19.5975	460.894	192.063
0.16625	5.99924	19.5975	460.894	192.0635.99924	19.5975	460.894	192.063
0.16875	5.99924	19.5975	460.894	192.0635.99924	19.5975	460.894	192.063
0.17125	5.99924	19.5975	460.894	192.0635.99924	19.5975	460.894	192.063
0.17375	5.99924	19.5975	460.894	192.0635.99924	19.5975	460.894	192.063
0.17625	5.99924	19.5975	460.894	192.0635.99924	19.5975	460.894	192.063
0.17875	5.99924	19.5975	460.894	192.0635.99924	19.5975	460.894	192.063
0.18125	5.99924	19.5975	460.894	192.0635.99924	19.5975	460.894	192.063
0.18375	5.99924	19.5975	460.894	192.0635.99924	19.5975	460.894	192.063
0.18625	5.99924	19.5975	460.894	192.0635.99924	19.5975	460.894	192.063
0.18875	5.99924	19.5975	460.894	192.0635.99924	19.5975	460.894	192.063
0.19125	5.99924	19.5975	460.894	192.0635.99924	19.5975	460.894	192.063
0.19375	5.99924	19.5975	460.894	192.0635.99924	19.5975	460.894	192.063
0.19625	5.99924	19.5975	460.894	192.0635.99924	19.5975	460.894	192.063
0.19875	5.99924	19.5975	460.894	192.0635.99924	19.5975	460.894	192.063
0.20125	5.99924	19.5975	460.894	192.0635.99924	19.5975	460.894	192.063
0.20375	5.99924	19.5975	460.894	192.0635.99924	19.5975	460.894	192.063
0.20625	5.99924	19.5975	460.894	192.0635.99924	19.5975	460.894	192.063
0.20875	5.99924	19.5975	460.894	192.0635.99924	19.5975	460.894	192.063
0.21125	5.99924	19.5975	460.894	192.0635.99924	19.5975	460.894	192.063
0.21375	5.99924	19.5975	460.894	192.0635.99924	19.5975	460.894	192.063
0.21625	5.99924	19.5975	460.894	192.0635.99924	19.5975	460.894	192.063
0.21875	5.99924	19.5975	460.894	192.0635.99924	19.5975	460.894	192.063
0.22125	5.99924	19.5975	460.894	192.0635.99924	19.5975	460.894	192.063
0.22375	5.99924	19.5975	460.894	192.0635.99924	19.5975	460.894	192.063
0.22625	5.99924	19.5975	460.894	192.0635.99924	19.5975	460.894	192.063
0.22875	5.99924	19.5975	460.894	192.0635.99924	19.5975	460.894	192.063
0.23125	5.99924	19.5975	460.894	192.0635.99924	19.5975	460.894	192.063
0.23375	5.99924	19.5975	460.894	192.0635.99924	19.5975	460.894	192.063
0.23625	5.99924	19.5975	460.894	192.0635.99924	19.5975	460.894	192.063
0.23875	5.99924	19.5975	460.894	192.0635.99924	19.5975	460.894	192.063
0.24125	5.99924	19.5975	460.894	192.0635.99924	19.5975	460.894	192.063
0.24375	5.99924	19.5975	460.894	192.0635.99924	19.5975	460.894	192.063
0.24625	5.99924	19.5975	460.894	192.0635.99924	19.5975	460.894	192.063
0.24875	5.99924	19.5975	460.894	192.0635.99924	19.5975	460.894	192.063
0.25125	5.99924	19.5975	460.894	192.0635.99924	19.5975	460.894	192.063
0.25375	5.99924	19.5975	460.894	192.0635.99924	19.5975	460.894	192.063
0.25625	5.99924	19.5975	460.894	192.0635.99924	19.5975	460.894	192.063
0.25875	5.99924	19.5975	460.894	192.0635.99924	19.5975	460.894	192.063
0.26125	5.99924	19.5975	460.894	192.0635.99924	19.5975	460.894	192.063
0.26375	5.99924	19.5975	460.894	192.0635.99924	19.5975	460.894	192.063
0.26625	5.99924	19.5975	460.894	192.0635.99924	19.5975	460.894	192.063
0.26875	5.99924	19.5975	460.894	192.0635.99924	19.5975	460.894	192.063
0.27125	5.99924	19.5975	460.894	192.0635.99924	19.5975	460.894	192.063
0.27375	5.99924	19.5975	460.894	192.0635.99924	19.5975	460.894	192.063
0.27625	5.99924	19.5975	460.894	192.0635.99924	19.5975	460.894	192.063
0.27875	5.99924	19.5975	460.894	192.0635.99924	19.5975	460.894	192.063
0.28125	5.99924	19.5975	460.894	192.0635.99924	19.5975	460.894	192.063
0.28375	5.99924	19.5975	460.894	192.0635.99924	19.5975	460.894	192.063
0.28625	5.99924	19.5975	460.894	192.0635.99924	19.5975	460.894	192.063
0.28875	5.99924	19.5975	460.894	192.0635.99924	19.5975	460.894	192.063
0.29125	5.99924	19.5975	460.894	192.0635.99924	19.5975	460.894	192.063
0.29375	5.99924	19.5975	460.894	192.0635.99924	19.5975	460.894	192.063
0.29625	5.99924	19.5975	460.894	192.0635.99924	19.5975	460.894	192.063
0.29875	5.99924	19.5975	460.894	192.0635.99924	19.5975	460.894	192.063
0.30125	5.99924	19.5975	460.894	192.0635.99924	19.5975	460.894	192.063
0.30375	5.99924	19.5975	460.894	192.0635.99924	19.5975	460.894	192.063
0.30625	5.99924	19.5975	460.894	192.0635.99924	19.5975	460.894	192.063
0.30875	5.99924	19.5975	460.894	192.0635.99924	19.5975	460.894	192.063
0.31125	5.99924	19.5975	460.894	192.0635.99924	19.5975	460.894	192.063
0.31375	5.99924	19.5975	460.894	192.0635.99924	19.5975	460.894	192.063
0.31625	5.99924	19.5975	460.894	192.0635.99924	19.5975	460.894	192.063
0.31875	5.99924	19.5975	460.894	192.0635.99924	19.5975	460.894	192.063
0.32125	5.99924	19.5975	460.894	192.0635.99924	19.5975	460.894	192.063
0.32375	5.99924	19.5975	460.894	192.0635.99924	19.5975	460.894	192.063
0.32625	5.99924	19.5975	460.894	192.0635.99924	19.5975	460.894	192.063
0.32875	5.99924	19.5975	460.894	192.0635.99924	19.5975	460.894	192.063
0.33125	5.99924	19.5975	460.894	192.0635.99924	19.5975	460.894	192.063
0.33375	5.99924	19.5975	460.894	192.0635.99924	19.5975	460.894	192.063
0.33625	5.99924	19.5975	460.894	192.0635.99924	19.5975	460.894	192.063
0.33875	5.99924	19.5975	460.894	192.0635.99924	19.5975	460.894	192.063
0.34125	5.99924	19.5975	460.894	192.0635.99924	19.5975	460.894	192.063
0.34375	5.99924	19.5975	460.894	192.0635.99924	19.5975	460.894	192.063
0.34625	5.99924	19.5975	460.894	192.0635.99924	19.5975	460.894	192.063
0.34875	5.99924	19.5975	460.894	192.0635.99924	19.5975	460.894	192.063
0.35125	5.99924	19.5975	460.894	192.0635.99924	19.5975	460.894	192.063
0.35375	5.99924	19.5975	460.894	192.0635.99924	19.5975	460.894	192.063
0.35625	5.99924	19.5975	460.894	192.0635.99924	19.5975	460.894	192.063
0.35875	5.99924	19.5975	460.894	192.0635.99924	19.5975	460.894	192.063
0.36125	5.99924	19.5975	460.894	192.0635.99924	19.5975	460.894	192.063
0.36375	5.99924	19.5975	460.894	192.0635.99924	19.5975	460.894	192.063
0.36625	5.99924	19.5975	460.894	192.0635.99924	19.5975	460.894	192.063
0.36875	5.99924	19.5975	460.894	192.0635.99924	19.5975	460.894	192.063
0.37125	5.99924	19.5975	460.894	192.0635.99924	19.5975	460.894	192.063
0.37375	5.99924	19.5975	460.894	192.0635.99924	19.5975	460.894	192.063
0.37625	5.99924	19.5975	460.894	192.0635.99924	19.5975	460.894	192.063
0.37875	5.99924	19.5975	460.894	192.0635.99924	19.5975	460.894	192.063
0.38125	5.99924	19.5975	460.894	192.0635.99924	19.5975	460.894	192.063
0.38375	5.99924	19.5975	460.894	192.0635.99924	19.5975	460.894	192.063
0.38625	5.99924	19.5975	460.894	192.0635.99924	19.5975	460.894	192.063
0.38875	5.99924	19.5975	460.894	192.0635.99924	19.5975	460.894	192.063
0.39125	5.99924	19.5975	460.894	192.0635.99924	19.5975	460.894	192.063
0.39375	5.99924	19.5975	460.894	192.0635.99924	19.5975	460.894	192.063
0.39625	5.99924	19.5975	460.894	192.0635.99924	19.5975	460.894	192.063
0.39875	5.99924	19.5975	460.894	192.0635.99924	19.5975	460.894	192.063
0.40125	5.99924	19.5975	460.894	192.0635.99924	19.5975	460.894	192.063
0.40375	5.99924	19.5975	460.894	192.0635.99924	19.5975	460.894	192.063
0.40625	5.99924	19.5975	460.894	192.0635.99924	19.5975	460.894	192.063
0.40875	5.99924	19.5975	460.894	192.0635.99924	19.5975	460.894	192.063
0.41125	5.99924	19.5975	460.894	192.0635.99924	19.5975	460.894	192.063
0.41375	5.99924	19.5975	460.894	192.0635.99924	19.5975	460.894	192.063
0.41625	5.99924	19.5975	460.894	192.0635.99924	19.5975	460.894	192.063
0.41875	5.99924	19.5975	460.894	192.0635.99924	19.5975	460.894	192.063
0.42125	5.99924	19.5975	460.894	192.0635.99924	19.5975	460.894	192.063
0.42375	5.99924	19.5975	460.894	192.0635.99924	19.5975	460.894	192.063
0.42625	5.99924	19.5975	460.894	192.0635.99924	19.5975	460.894	192.063
0.42875	5.99924	19.5975	460.894	192.0635.99924	19.5975	460.894	192.063
0.43125	5.99924	19.5975	460.894	192.0635.99924	19.5975	460.894	192.063
0.43375	5.99924	19.5975	460.894	192.0635.99924	19.5975	460.894	192.063
0.43625	5.99924	19.5975	460.894	192.0635.99924	19.5975	460.894	192.063
0.43875	5.99924	19.5975	460.894	192.0635.99924	19.5975	460.894	192.063
0.44125	5.99924	19.5975	460.894	192.0635.99924	19.5975	460.894	192.063
0.44375	5.99924	19.5975	460.894	192.0635.99924	19.5975	460.894	192.063
0.44625	5.99924	19.5975	460.894	192.0635.99924	19.5975	460.894	192.063
0.44875	5.99924	19.5975	460.894	192.0635.99924	19.5975	460.894	192.063
0.45125	5.99924	19.5975	460.894	192.0635.99924	19.5975	460.894	192.063
0.45375	5.99924	19.5975	460.894	192.0635.99924	19.5975	460.894	192.063
0.45625	5.99924	19.5975	460.894	192.0635.99924	19.5975	460.894	192.063
0.45875	5.99924	19.5975	460.894	192.0635.99924	19.5975	460.894	192.063
0.46125	5.99924	19.5975	460.894	192.0635.99924	19.5975	460.894	192.063
0.46375	5.99924	19.5975	460.894	192.0635.99924	19.5975	460.894	192.063
0.46625	5.99924	19.5975	460.894	192.0635.99924	19.5975	460.894	192.063
0.46875	5.99924	19.5975	460.894	192.0635.99924	19.5975	460.894	192.063
0.47125	5.99924	19.5975	460.894	192.0635.99924	19.5975	460.894	192.063
0.47375	5.99924	19.5975	460.894	192.0635.99924	19.5975	460.894	192.063
0.47625	5.99924	19.5975	460.894	192.0635.99924	19.5975	460.894	192.063
0.47875	5.99924	19.5975	460.894	192.0635.99924	19.5975	460.894	192.063
0.48125	5.99924	19.5975	460.894	192.0635.99924	19.5975	460.894	192.063
0.48375	5.99924	19.5975	460.894	192.0635.99924	19.5975	460.894	192.063
0.48625	5.99924	19.5975	460.894	192.0635.99924	19.5975	460.894	192.063
0.48875	5.99924	19.5975	460.894	192.0635.99924	19.5975	460.894	192.063
0.49125	5.99924	19.5975	460.894	192.0635.99924	19.5975	460.894	192.063
0.49375	5.99924	19.5975	460.894	192.0635.99924	19.5975	460.894	192.063
0.49625	5.99924	19.5975	460.894	192.0635.99924	19.5975	460.894	192.063
0.49875	5.99924	19.5975	460.894	192.0635.99924	19.5975	460.894	192.063
0.50125	5.99924	19.5975	460.894	192.0635.99924	19.5975	460.894	192.063
0.50375	5.99924	19.5975	460.894	192.0635.99924	19.5975	460.894	192.063
0.50625	5.99924	19.5975	460.894	192.0635.99924	19.5975	460.894	192.063
0.50875	5.99924	19.5975	460.894	192.0635.99924	19.5975	460.894	192.063
0.51125	5.99924	19.5975	460.894	192.0635.99924	19.5975	460.894	192.063
0.51375	5.99924	19.5975	460.894	192.0635.99924	19.5975	460.894	192.063
0.51625	5.99924	19.5975	460.894	192.0635.99924	19.5975	460.894	192.063
0.51875	5.99925	19.5975	460.895	192.0645.99924	19.5975	460.894	192.063
0.52125	5.99922	19.5975	460.897	192.0655.99924	19.5975	460.894	192.063
0.52375	5.99682	19.6018	460.628	192.035.99924	19.5975	460.894	192.063
0.52625	5.99077	19.6168	459.696	191.8355.99924	19.5975	460.894	192.063
0.52875	6.01662	19.6249	459.193	190.80214.2834	8.68855	1691.86	296.124
0.53125	7.10179	17.5829	598.108	210.54814.2834	8.68855	1691.86	296.124
0.53375	10.2602	12.7016	1071.67	261.12514.2834	8.68855	1691.86	296.124
0.53625	12.9767	9.8612	1485.14	286.11614.2834	8.68855	1691.86	296.124
0.53875	13.9281	8.99656	1634.73	293.42214.2834	8.68855	1691.86	296.124
0.54125	14.1946	8.76175	1676.97	295.35314.2834	8.68855	1691.86	296.124
0.54375	14.2628	8.70486	1687.51	295.78914.2834	8.68855	1691.86	296.124
0.54625	14.2795	8.69261	1690.19	295.91214.2834	8.68855	1691.86	296.124
0.54875	14.2836	8.69105	1691.17	295.99814.2834	8.68855	1691.86	296.124
0.55125	14.285	8.69204	1691.76	296.07414.2834	8.68855	1691.86	296.124
0.55375	14.2855	8.69305	1692.11	296.12314.2834	8.68855	1691.86	296.124
0.55625	14.2852	8.69337	1692.26	296.15514.2834	8.68855	1691.86	296.124
0.55875	14.2843	8.69318	1692.26	296.17514.2834	8.68855	1691.86	296.124
0.56125	14.2836	8.69256	1692.15	296.16914.2834	8.68855	1691.86	296.124
0.56375	14.2836	8.69204	1692.07	296.15514.2834	8.68855	1691.86	296.124
0.56625	14.2841	8.69148	1691.98	296.13114.2834	8.68855	1691.86	296.124
0.56875	14.2845	8.69089	1691.89	296.10614.2834	8.68855	1691.86	296.124
0.57125	14.2845	8.69046	1691.83	296.09414.2834	8.68855	1691.86	296.124
0.57375	14.2845	8.69008	1691.78	296.08714.2834	8.68855	1691.86	296.124
0.57625	14.2842	8.68968	1691.74	296.08514.2834	8.68855	1691.86	296.124
0.57875	14.2837	8.68935	1691.71	296.09114.2834	8.68855	1691.86	296.124
0.58125	14.2831	8.68922	1691.7	296.10114.2834	8.68855	1691.86	296.124
0.58375	14.2829	8.68925	1691.72	296.10914.2834	8.68855	1691.86	296.124
0.58625	14.283	8.68928	1691.74	296.11214.2834	8.68855	1691.86	296.124
0.58875	14.2831	8.68928	1691.76	296.11314.2834	8.68855	1691.86	296.124
0.59125	14.2831	8.68917	1691.75	296.1114.2834	8.68855	1691.86	296.124
0.59375	14.2831	8.68885	1691.71	296.10414.2834	8.68855	1691.86	296.124
0.59625	14.2825	8.68804	1691.57	296.09114.2834	8.68855	1691.86	296.124
0.59875	14.2818	8.68727	1691.43	296.08114.2834	8.68855	1691.86	296.124
0.60125	14.2813	8.68673	1691.33	296.07514.2834	8.68855	1691.86	296.124
0.60375	14.2808	8.68639	1691.26	296.07214.2834	8.68855	1691.86	296.124
0.60625	14.2806	8.68628	1691.24	296.07314.2834	8.68855	1691.86	296.124
0.60875	14.2806	8.68637	1691.25	296.07514.2834	8.68855	1691.86	296.124
0.61125	14.2811	8.68692	1691.35	296.08114.2834	8.68855	1691.86	296.124
0.61375	14.2826	8.68838	1691.61	296.09514.2834	8.68855	1691.86	296.124
0.61625	14.2843	8.68986	1691.87	296.10814.2834	8.68855	1691.86	296.124
0.61875	14.2854	8.69088	1692.06	296.11614.2834	8.68855	1691.86	296.124
0.62125	14.2862	8.69148	1692.17	296.1214.2834	8.68855	1691.86	296.124
0.62375	14.2865	8.69174	1692.22	296.12114.2834	8.68855	1691.86	296.124
0.62625	14.2866	8.69177	1692.23	296.12114.2834	8.68855	1691.86	296.124
0.62875	14.2866	8.69165	1692.22	296.1214.2834	8.68855	1691.86	296.124
0.63125	14.2863	8.69125	1692.16	296.11614.2834	8.68855	1691.86	296.124
0.63375	14.2856	8.69057	1692.05	296.11114.2834	8.68855	1691.86	296.124
0.63625	14.2851	8.69004	1691.97	296.10714.2834	8.68855	1691.86	296.124
0.63875	14.2847	8.68961	1691.91	296.10414.2834	8.68855	1691.86	296.124
0.64125	14.2845	8.68929	1691.86	296.10214.2834	8.68855	1691.86	296.124
0.64375	14.2844	8.68909	1691.85	296.114.2834	8.68855	1691.86	296.124
0.64625	14.2844	8.68894	1691.84	296.09914.2834	8.68855	1691.86	296.124
0.64875	14.2844	8.68879	1691.84	296.09814.2834	8.68855	1691.86	296.124
0.65125	14.2844	8.68867	1691.83	296.09714.2834	8.68855	1691.86	296.124
0.65375	14.2844	8.68857	1691.83	296.09714.2834	8.68855	1691.86	296.124
0.65625	14.2844	8.68844	1691.82	296.09614.2834	8.68855	1691.86	296.124
0.65875	14.2842	8.68819	1691.78	296.09314.2834	8.68855	1691.86	296.124
0.66125	14.2836	8.6876	1691.68	296.08714.2834	8.68855	1691.86	296.124
0.66375	14.2829	8.68694	1691.56	296.08114.2834	8.68855	1691.86	296.124
0.66625	14.2825	8.68652	1691.48	296.07614.2834	8.68855	1691.86	296.124
0.66875	14.2822	8.68632	1691.43	296.07314.2834	8.68855	1691.86	296.124
0.67125	14.2821	8.68628	1691.41	296.07214.2834	8.68855	1691.86	296.124
0.67375	14.2822	8.68637	1691.42	296.07114.2834	8.68855	1691.86	296.124
0.67625	14.2826	8.68685	1691.48	296.07414.2834	8.68855	1691.86	296.124
0.67875	14.2838	8.68799	1691.68	296.08214.2834	8.68855	1691.86	296.124
0.68125	14.2851	8.68919	1691.88	296.09214.2834	8.68855	1691.86	296.124
0.68375	14.2861	8.69009	1692.04	296.09914.2834	8.68855	1691.86	296.124
0.68625	14.2867	8.69067	1692.14	296.10314.2834	8.68855	1691.86	296.124
0.68875	14.2871	8.69098	1692.2	296.10514.2834	8.68855	1691.86	296.124
0.69125	14.2873	8.6911	1692.22	296.10514.2834	8.68855	1691.86	296.124
0.69375	14.2874	8.69108	1692.22	296.10514.2834	8.68855	1691.86	296.124
0.69625	14.2873	8.69095	1692.21	296.10214.2834	8.68855	1691.86	296.124
0.69875	14.2871	8.69056	1692.15	296.09814.2834	8.68855	1691.86	296.124
0.70125	14.2866	8.68998	1692.06	296.09214.2834	8.68855	1691.86	296.124
0.70375	14.2863	8.68953	1691.99	296.08714.2834	8.68855	1691.86	296.124
0.70625	14.286	8.68918	1691.94	296.08314.2834	8.68855	1691.86	296.124
0.70875	14.286	8.68898	1691.92	296.08114.2834	8.68855	1691.86	296.124
0.71125	14.286	8.68881	1691.91	296.07914.2834	8.68855	1691.86	296.124
0.71375	14.286	8.68861	1691.9	296.07614.2834	8.68855	1691.86	296.124
0.71625	14.286	8.68844	1691.88	296.07314.2834	8.68855	1691.86	296.124
0.71875	14.286	8.68831	1691.87	296.0714.2834	8.68855	1691.86	296.124
0.72125	14.286	8.68813	1691.85	296.06714.2834	8.68855	1691.86	296.124
0.72375	14.2859	8.68782	1691.8	296.06114.2834	8.68855	1691.86	296.124
0.72625	14.2854	8.68726	1691.69	296.05214.2834	8.68855	1691.86	296.124
0.72875	14.2852	8.68692	1691.62	296.04514.2834	8.68855	1691.86	296.124
0.73125	14.285	8.68669	1691.56	296.03714.2834	8.68855	1691.86	296.124
0.73375	14.2848	8.68653	1691.51	296.03214.2834	8.68855	1691.86	296.124
0.73625	14.2848	8.6865	1691.48	296.02814.2834	8.68855	1691.86	296.124
0.73875	14.285	8.68661	1691.47	296.02314.2834	8.68855	1691.86	296.124
0.74125	14.2858	8.68711	1691.53	296.01714.2834	8.68855	1691.86	296.124
0.74375	14.2872	8.68807	1691.68	296.01414.2834	8.68855	1691.86	296.124
0.74625	14.2886	8.68907	1691.84	296.01214.2834	8.68855	1691.86	296.124
0.74875	14.2898	8.6899	1691.97	296.0114.2834	8.68855	1691.86	296.124
0.75125	14.2908	8.69048	1692.06	296.00614.2834	8.68855	1691.86	296.124
0.75375	14.2915	8.69082	1692.12	296.00214.2834	8.68855	1691.86	296.124
0.75625	14.292	8.69096	1692.14	295.99614.2834	8.68855	1691.86	296.124
0.75875	14.2923	8.69093	1692.15	295.98814.2834	8.68855	1691.86	296.124
0.76125	14.2927	8.69076	1692.13	295.97914.2834	8.68855	1691.86	296.124
0.76375	14.293	8.69049	1692.09	295.96614.2834	8.68855	1691.86	296.124
0.76625	14.2936	8.69021	1692.06	295.94714.2834	8.68855	1691.86	296.124
0.76875	14.2955	8.68995	1692.03	295.90314.2834	8.68855	1691.86	296.124
0.77125	14.3015	8.68969	1692	295.77414.2834	8.68855	1691.86	296.124
0.77375	14.3154	8.68939	1691.97	295.4814.2834	8.68855	1691.86	296.124
0.77625	14.3373	8.68907	1691.93	295.02414.2834	8.68855	1691.86	296.124
0.77875	14.3635	8.68877	1691.9	294.47814.2834	8.68855	1691.86	296.124
0.78125	14.3899	8.68849	1691.86	293.93314.2834	8.68855	1691.86	296.124
0.78375	14.4134	8.68823	1691.83	293.44814.2834	8.68855	1691.86	296.124
0.78625	14.4335	8.68797	1691.8	293.03414.2834	8.68855	1691.86	296.124
0.78875	14.4497	8.6877	1691.76	292.69814.2834	8.68855	1691.86	296.124
0.79125	14.4622	8.6874	1691.71	292.43814.2834	8.68855	1691.86	296.124
0.79375	14.471	8.68709	1691.66	292.2514.2834	8.68855	1691.86	296.124
0.79625	14.4768	8.68682	1691.61	292.12414.2834	8.68855	1691.86	296.124
0.79875	14.4802	8.68664	1691.57	292.04814.2834	8.68855	1691.86	296.124
0.80125	14.4818	8.68664	1691.55	292.01214.2834	8.68855	1691.86	296.124
0.80375	14.4824	8.68684	1691.55	292.00114.2834	8.68855	1691.86	296.124
0.80625	14.4829	8.68734	1691.61	292.00231.0524	8.68855	1691.86	136.21
0.80875	31.0939	8.6884	1691.78	136.02231.0524	8.68855	1691.86	136.21
0.81125	31.0968	8.68931	1692.01	136.02831.0524	8.68855	1691.86	136.21
0.81375	31.097	8.68965	1692.12	136.03631.0524	8.68855	1691.86	136.21
0.81625	31.0922	8.68988	1692.2	136.06331.0524	8.68855	1691.86	136.21
0.81875	31.08	8.69002	1692.25	136.1231.0524	8.68855	1691.86	136.21
0.82125	31.0653	8.68997	1692.24	136.18431.0524	8.68855	1691.86	136.21
0.82375	31.0524	8.68977	1692.19	136.23731.0524	8.68855	1691.86	136.21
0.82625	31.0418	8.68946	1692.11	136.27731.0524	8.68855	1691.86	136.21
0.82875	31.0335	8.68913	1692.02	136.30631.0524	8.68855	1691.86	136.21
0.83125	31.0274	8.68881	1691.93	136.32631.0524	8.68855	1691.86	136.21
0.83375	31.0231	8.6885	1691.85	136.33831.0524	8.68855	1691.86	136.21
0.83625	31.0201	8.68823	1691.77	136.34531.0524	8.68855	1691.86	136.21
0.83875	31.0184	8.68804	1691.71	136.34831.0524	8.68855	1691.86	136.21
0.84125	31.0175	8.68794	1691.68	136.34931.0524	8.68855	1691.86	136.21
0.84375	31.0173	8.68792	1691.67	136.34931.0524	8.68855	1691.86	136.21
0.84625	31.0176	8.68794	1691.67	136.34831.0524	8.68855	1691.86	136.21
0.84875	31.0193	8.688	1691.68	136.34131.0524	8.68855	1691.86	136.21
0.85125	31.0233	8.68816	1691.72	136.32731.0524	8.68855	1691.86	136.21
0.85375	31.0285	8.68844	1691.8	136.3131.0524	8.68855	1691.86	136.21
0.85625	31.0336	8.68882	1691.91	136.29631.0524	8.68855	1691.86	136.21
0.85875	31.0382	8.68921	1692.01	136.28531.0524	8.68855	1691.86	136.21
0.86125	31.0419	8.68952	1692.1	136.27531.0524	8.68855	1691.86	136.21
0.86375	31.0447	8.68966	1692.13	136.26631.0524	8.68855	1691.86	136.21
0.86625	31.0463	8.68964	1692.12	136.25831.0524	8.68855	1691.86	136.21
0.86875	31.0469	8.6895	1692.08	136.25231.0524	8.68855	1691.86	136.21
0.87125	31.047	8.68932	1692.03	136.24731.0524	8.68855	1691.86	136.21
0.87375	31.047	8.68916	1691.97	136.24331.0524	8.68855	1691.86	136.21
0.87625	31.047	8.68899	1691.92	136.23931.0524	8.68855	1691.86	136.21
0.87875	31.0469	8.6888	1691.86	136.23431.0524	8.68855	1691.86	136.21
0.88125	31.0466	8.68852	1691.77	136.22831.0524	8.68855	1691.86	136.21
0.88375	31.0463	8.68832	1691.71	136.22531.0524	8.68855	1691.86	136.21
0.88625	31.0462	8.68822	1691.69	136.22331.0524	8.68855	1691.86	136.21
0.88875	31.0464	8.68815	1691.67	136.22131.0524	8.68855	1691.86	136.21
0.89125	31.047	8.68815	1691.67	136.21831.0524	8.68855	1691.86	136.21
0.89375	31.048	8.68829	1691.71	136.21831.0524	8.68855	1691.86	136.21
0.89625	31.0493	8.68855	1691.79	136.21831.0524	8.68855	1691.86	136.21
0.89875	31.0507	8.68884	1691.89	136.21931.0524	8.68855	1691.86	136.21
0.90125	31.052	8.68905	1691.97	136.22131.0524	8.68855	1691.86	136.21
0.90375	31.0528	8.68919	1692.03	136.22231.0524	8.68855	1691.86	136.21
0.90625	31.0533	8.68925	1692.06	136.22231.0524	8.68855	1691.86	136.21
0.90875	31.0535	8.68927	1692.08	136.22331.0524	8.68855	1691.86	136.21
0.91125	31.0535	8.68928	1692.08	136.22331.0524	8.68855	1691.86	136.21
0.91375	31.0533	8.68931	1692.06	136.22331.0524	8.68855	1691.86	136.21
0.91625	31.0531	8.68932	1692.05	136.22231.0524	8.68855	1691.86	136.21
0.91875	31.0529	8.68929	1692.02	136.22131.0524	8.68855	1691.86	136.21
0.92125	31.0522	8.68919	1691.96	136.21931.0524	8.68855	1691.86	136.21
0.92375	31.0503	8.68822	1691.8	136.21531.0524	8.68855	1691.86	136.21
0.92625	31.0358	8.68495	1690.71	136.1931.0524	8.68855	1691.86	136.21
0.92875	30.9447	8.66297	1684.41	136.0825.9942	-6.19633	46.095	19.2248
0.93125	30.3738	8.50826	1643.47	135.275.9942	-6.19633	46.095	19.2248
0.93375	25.8292	7.4068	1344.98	130.185.9942	-6.19633	46.095	19.2248
0.93625	14.7342	2.47971	573.184	97.2545.9942	-6.19633	46.095	19.2248
0.93875	7.17077	-5.16197	67.6411	23.58225.9942	-6.19633	46.095	19.2248
0.94125	5.98078	-6.34891	40.9004	17.09665.9942	-6.19633	46.095	19.2248
0.94375	5.97937	-6.21658	45.6231	19.07525.9942	-6.19633	46.095	19.2248
0.94625	5.99403	-6.19453	46.1479	19.24745.9942	-6.19633	46.095	19.2248
0.94875	5.99444	-6.19596	46.1034	19.22765.9942	-6.19633	46.095	19.2248
0.95125	5.99421	-6.19634	46.0947	19.22475.9942	-6.19633	46.095	19.2248
0.95375	5.9942	-6.19633	46.0949	19.22485.9942	-6.19633	46.095	19.2248
0.95625	5.9942	-6.19633	46.095	19.22485.9942	-6.19633	46.095	19.2248
0.95875	5.9942	-6.19633	46.095	19.22485.9942	-6.19633	46.095	19.2248
0.96125	5.9942	-6.19633	46.095	19.22485.9942	-6.19633	46.095	19.2248
0.96375	5.9942	-6.19633	46.095	19.22485.9942	-6.19633	46.095	19.2248
0.96625	5.9942	-6.19633	46.095	19.22485.9942	-6.19633	46.095	19.2248
0.96875	5.9942	-6.19633	46.095	19.22485.9942	-6.19633	46.095	19.2248
0.97125	5.9942	-6.19633	46.095	19.22485.9942	-6.19633	46.095	19.2248
0.97375	5.9942	-6.19633	46.095	19.22485.9942	-6.19633	46.095	19.2248
0.97625	5.9942	-6.19633	46.095	19.22485.9942	-6.19633	46.095	19.2248
0.97875	5.9942	-6.19633	46.095	19.22485.9942	-6.19633	46.095	19.2248
0.98125	5.9942	-6.19633	46.095	19.22485.9942	-6.19633	46.095	19.2248
0.98375	5.9942	-6.19633	46.095	19.22485.9942	-6.19633	46.095	19.2248
0.98625	5.9942	-6.19633	46.095	19.22485.9942	-6.19633	46.095	19.2248
0.98875	5.9942	-6.19633	46.095	19.22485.9942	-6.19633	46.095	19.2248
0.99125	5.9942	-6.19633	46.095	19.22485.9942	-6.19633	46.095	19.2248
0.99375	5.9942	-6.19633	46.095	19.22485.9942	-6.19633	46.095	19.2248
0.99625	5.9942	-6.19633	46.095	19.22485.9942	-6.19633	46.095	19.2248
0.99875	5.9942	-6.19633	46.095	19.22485.9942	-6.19633	46.095	19.2248
