x	rho	u	p	e	rho_Ex	u_Ex	p_Ex	e_Ex
0.0005	1	3.56376e-15	1000	25001	0	1000	2500
0.0015	1	3.56375e-15	1000	25001	0	1000	2500
0.0025	1	3.56375e-15	1000	25001	0	1000	2500
0.0035	1	4.33278e-15	1000	25001	0	1000	2500
0.0045	1	1.73067e-14	1000	25001	0	1000	2500
0.0055	1	5.52779e-14	1000	25001	0	1000	2500
0.0065	1	1.18891e-13	1000	25001	0	1000	2500
0.0075	1	1.91488e-13	1000	25001	0	1000	2500
0.0085	1	2.50842e-13	1000	25001	0	1000	2500
0.0095	1	1.46647e-13	1000	25001	0	1000	2500
0.0105	1	-4.07974e-13	1000	25001	0	1000	2500
0.0115	1	-1.67973e-12	1000	25001	0	1000	2500
0.0125	1	-3.85527e-12	1000	25001	0	1000	2500
0.0135	1	-6.67966e-12	1000	25001	0	1000	2500
0.0145	1	-9.24139e-12	1000	25001	0	1000	2500
0.0155	1	-1.06329e-11	1000	25001	0	1000	2500
0.0165	1	-1.33518e-12	1000	25001	0	1000	2500
0.0175	1	3.25648e-11	1000	25001	0	1000	2500
0.0185	1	1.07321e-10	1000	25001	0	1000	2500
0.0195	1	2.66556e-10	1000	25001	0	1000	2500
0.0205	1	6.0997e-10	1000	25001	0	1000	2500
0.0215	1	1.35076e-09	1000	25001	0	1000	2500
0.0225	1	2.94975e-09	1000	25001	0	1000	2500
0.0235	1	6.40072e-09	1000	25001	0	1000	2500
0.0245	1	1.38467e-08	1000	25001	0	1000	2500
0.0255	1	2.99079e-08	1000	25001	0	1000	2500
0.0265	1	6.45414e-08	1000	25001	0	1000	2500
0.0275	1	1.39198e-07	1000	25001	0	1000	2500
0.0285	1	3.00075e-07	1000	25001	0	1000	2500
0.0295	1	6.46653e-07	1000	25001	0	1000	2500
0.0305	1	1.39308e-06	1000	25001	0	1000	2500
0.0315	1	3.00029e-06	1000	25001	0	1000	2500
0.0325	1	6.46013e-06	1000	25001	0	1000	2500
0.0335	1	1.39067e-05	999.999	25001	0	1000	2500
0.0345	0.999999	2.99307e-05	999.999	25001	0	1000	2500
0.0355	0.999998	6.44066e-05	999.998	25001	0	1000	2500
0.0365	0.999996	0.00013857	999.995	25001	0	1000	2500
0.0375	0.999992	0.000298092	999.989	2499.991	0	1000	2500
0.0385	0.999983	0.000641089	999.976	2499.981	0	1000	2500
0.0395	0.999963	0.00137919	999.948	2499.961	0	1000	2500
0.0405	0.99992	0.00297998	999.889	2499.921	0	1000	2500
0.0415	0.999828	0.00643884	999.759	2499.831	0	1000	2500
0.0425	0.999658	0.0128128	999.521	2499.661	0	1000	2500
0.0435	0.999388	0.022909	999.143	2499.391	0	1000	2500
0.0445	0.998999	0.0374573	998.599	24991	0	1000	2500
0.0455	0.998477	0.0570111	997.869	2498.481	0	1000	2500
0.0465	0.997813	0.0818934	996.94	2497.811	0	1000	2500
0.0475	0.997005	0.112175	995.81	24971	0	1000	2500
0.0485	0.996059	0.147694	994.487	2496.051	0	1000	2500
0.0495	0.994983	0.1881	992.983	2494.981	0	1000	2500
0.0505	0.99379	0.232915	991.317	2493.781	0	1000	2500
0.0515	0.992496	0.281594	989.511	2492.480.999074	0.0346449	998.704	2499.07
0.0525	0.991116	0.333578	987.585	2491.090.997221	0.104089	996.112	2497.22
0.0535	0.989664	0.388334	985.56	2489.630.995371	0.173534	993.525	2495.36
0.0545	0.988153	0.445381	983.454	2488.110.993523	0.242978	990.944	2493.51
0.0555	0.986594	0.5043	981.282	2486.540.991678	0.312423	988.369	2491.66
0.0565	0.984997	0.564739	979.06	2484.930.989836	0.381867	985.799	2489.8
0.0575	0.98337	0.62641	976.796	2483.290.987996	0.451312	983.235	2487.95
0.0585	0.981718	0.68908	974.5	2481.620.986159	0.520756	980.677	2486.1
0.0595	0.980047	0.752565	972.179	2479.930.984325	0.5902	978.125	2484.25
0.0605	0.978361	0.816717	969.838	2478.220.982494	0.659645	975.578	2482.4
0.0615	0.976663	0.881423	967.482	2476.50.980666	0.729089	973.037	2480.55
0.0625	0.974955	0.94659	965.115	2474.770.97884	0.798534	970.501	2478.7
0.0635	0.97324	1.01215	962.738	2473.020.977017	0.867978	967.972	2476.86
0.0645	0.971518	1.07804	960.354	2471.270.975196	0.937423	965.448	2475.01
0.0655	0.969791	1.14422	957.965	2469.510.973378	1.00687	962.929	2473.16
0.0665	0.96806	1.21064	955.572	2467.750.971563	1.07631	960.417	2471.32
0.0675	0.966325	1.27729	953.176	2465.980.969751	1.14576	957.909	2469.47
0.0685	0.964589	1.34412	950.778	2464.210.967942	1.2152	955.408	2467.63
0.0695	0.96285	1.41113	948.38	2462.430.966135	1.28464	952.912	2465.78
0.0705	0.96111	1.47829	945.981	2460.650.964331	1.35409	950.422	2463.94
0.0715	0.959369	1.54559	943.583	2458.860.962529	1.42353	947.937	2462.1
0.0725	0.957627	1.61302	941.185	2457.080.96073	1.49298	945.458	2460.26
0.0735	0.955884	1.68057	938.788	2455.290.958934	1.56242	942.984	2458.42
0.0745	0.954141	1.74824	936.392	2453.50.957141	1.63187	940.516	2456.58
0.0755	0.952398	1.81601	933.998	2451.70.95535	1.70131	938.053	2454.74
0.0765	0.950655	1.88387	931.606	2449.910.953562	1.77076	935.596	2452.9
0.0775	0.948912	1.95181	929.216	2448.110.951777	1.8402	933.145	2451.06
0.0785	0.94717	2.01982	926.829	2446.310.949994	1.90964	930.699	2449.22
0.0795	0.945429	2.08791	924.445	2444.510.948214	1.97909	928.258	2447.39
0.0805	0.943689	2.15606	922.064	2442.710.946437	2.04853	925.823	2445.55
0.0815	0.94195	2.22427	919.686	2440.910.944662	2.11798	923.394	2443.72
0.0825	0.940212	2.29254	917.311	2439.110.94289	2.18742	920.97	2441.88
0.0835	0.938475	2.36086	914.939	2437.30.941121	2.25687	918.551	2440.05
0.0845	0.93674	2.42923	912.571	2435.50.939354	2.32631	916.138	2438.21
0.0855	0.935005	2.49766	910.207	2433.690.93759	2.39576	913.73	2436.38
0.0865	0.933272	2.56613	907.846	2431.890.935828	2.4652	911.328	2434.55
0.0875	0.931541	2.63464	905.489	2430.080.93407	2.53464	908.931	2432.72
0.0885	0.929811	2.7032	903.135	2428.280.932314	2.60409	906.54	2430.89
0.0895	0.928083	2.77179	900.786	2426.470.93056	2.67353	904.153	2429.06
0.0905	0.926356	2.84042	898.441	2424.660.928809	2.74298	901.773	2427.23
0.0915	0.924631	2.90909	896.1	2422.860.927061	2.81242	899.397	2425.4
0.0925	0.922908	2.97779	893.762	2421.050.925315	2.88187	897.028	2423.57
0.0935	0.921187	3.04652	891.429	2419.240.923573	2.95131	894.663	2421.75
0.0945	0.919467	3.11528	889.101	2417.430.921832	3.02076	892.304	2419.92
0.0955	0.917749	3.18406	886.776	2415.630.920095	3.0902	889.95	2418.09
0.0965	0.916034	3.25287	884.456	2413.820.91836	3.15964	887.601	2416.27
0.0975	0.91432	3.32171	882.14	2412.010.916627	3.22909	885.258	2414.44
0.0985	0.912608	3.39057	879.829	2410.210.914897	3.29853	882.92	2412.62
0.0995	0.910898	3.45945	877.522	2408.40.91317	3.36798	880.587	2410.8
0.1005	0.90919	3.52836	875.22	2406.590.911446	3.43742	878.26	2408.98
0.1015	0.907485	3.59728	872.922	2404.780.909724	3.50687	875.938	2407.15
0.1025	0.905781	3.66622	870.629	2402.980.908004	3.57631	873.621	2405.33
0.1035	0.90408	3.73518	868.34	2401.170.906287	3.64576	871.309	2403.51
0.1045	0.90238	3.80416	866.056	2399.360.904573	3.7152	869.003	2401.69
0.1055	0.900683	3.87315	863.776	2397.560.902862	3.78464	866.702	2399.87
0.1065	0.898988	3.94216	861.501	2395.750.901153	3.85409	864.406	2398.06
0.1075	0.897295	4.01118	859.231	2393.950.899446	3.92353	862.115	2396.24
0.1085	0.895605	4.08022	856.965	2392.140.897742	3.99298	859.83	2394.42
0.1095	0.893917	4.14927	854.705	2390.340.896041	4.06242	857.549	2392.61
0.1105	0.89223	4.21833	852.448	2388.530.894342	4.13187	855.274	2390.79
0.1115	0.890547	4.2874	850.197	2386.730.892646	4.20131	853.004	2388.98
0.1125	0.888865	4.35649	847.95	2384.920.890953	4.27076	850.74	2387.16
0.1135	0.887186	4.42558	845.708	2383.120.889262	4.3402	848.48	2385.35
0.1145	0.885509	4.49469	843.471	2381.320.887574	4.40964	846.226	2383.54
0.1155	0.883834	4.56381	841.239	2379.520.885888	4.47909	843.976	2381.72
0.1165	0.882162	4.63293	839.011	2377.710.884205	4.54853	841.732	2379.91
0.1175	0.880492	4.70206	836.788	2375.910.882524	4.61798	839.493	2378.1
0.1185	0.878824	4.77121	834.57	2374.110.880846	4.68742	837.259	2376.29
0.1195	0.877158	4.84035	832.357	2372.310.87917	4.75687	835.03	2374.48
0.1205	0.875495	4.90951	830.148	2370.510.877497	4.82631	832.806	2372.68
0.1215	0.873835	4.97868	827.945	2368.710.875827	4.89576	830.588	2370.87
0.1225	0.872176	5.04785	825.746	2366.910.874159	4.9652	828.374	2369.06
0.1235	0.87052	5.11703	823.552	2365.110.872493	5.03464	826.165	2367.25
0.1245	0.868867	5.18621	821.362	2363.310.870831	5.10409	823.962	2365.45
0.1255	0.867215	5.2554	819.178	2361.520.86917	5.17353	821.763	2363.64
0.1265	0.865567	5.3246	816.998	2359.720.867512	5.24298	819.57	2361.84
0.1275	0.86392	5.3938	814.823	2357.920.865857	5.31242	817.381	2360.04
0.1285	0.862276	5.463	812.653	2356.130.864204	5.38187	815.198	2358.23
0.1295	0.860634	5.53221	810.488	2354.330.862554	5.45131	813.02	2356.43
0.1305	0.858995	5.60143	808.327	2352.540.860907	5.52076	810.846	2354.63
0.1315	0.857358	5.67065	806.171	2350.740.859261	5.5902	808.678	2352.83
0.1325	0.855723	5.73988	804.021	2348.950.857619	5.65964	806.514	2351.03
0.1335	0.854091	5.8091	801.874	2347.160.855979	5.72909	804.356	2349.23
0.1345	0.852462	5.87834	799.733	2345.360.854341	5.79853	802.202	2347.43
0.1355	0.850834	5.94757	797.597	2343.570.852706	5.86798	800.053	2345.63
0.1365	0.849209	6.01681	795.465	2341.780.851073	5.93742	797.91	2343.83
0.1375	0.847587	6.08606	793.338	2339.990.849443	6.00687	795.771	2342.04
0.1385	0.845967	6.15531	791.216	2338.20.847816	6.07631	793.637	2340.24
0.1395	0.844349	6.22456	789.098	2336.410.846191	6.14576	791.508	2338.45
0.1405	0.842733	6.29381	786.985	2334.620.844568	6.2152	789.384	2336.65
0.1415	0.841121	6.36306	784.878	2332.830.842948	6.28464	787.265	2334.86
0.1425	0.83951	6.43232	782.774	2331.050.84133	6.35409	785.151	2333.06
0.1435	0.837902	6.50158	780.676	2329.260.839715	6.42353	783.041	2331.27
0.1445	0.836296	6.57085	778.582	2327.470.838102	6.49298	780.937	2329.48
0.1455	0.834693	6.64011	776.493	2325.690.836492	6.56242	778.837	2327.69
0.1465	0.833092	6.70938	774.409	2323.90.834884	6.63187	776.742	2325.9
0.1475	0.831494	6.77865	772.33	2322.120.833279	6.70131	774.652	2324.11
0.1485	0.829898	6.84793	770.255	2320.330.831676	6.77076	772.567	2322.32
0.1495	0.828304	6.9172	768.185	2318.550.830076	6.8402	770.487	2320.53
0.1505	0.826713	6.98648	766.12	2316.770.828478	6.90964	768.411	2318.74
0.1515	0.825124	7.05576	764.059	2314.980.826883	6.97909	766.34	2316.96
0.1525	0.823537	7.12504	762.004	2313.20.82529	7.04853	764.274	2315.17
0.1535	0.821953	7.19432	759.952	2311.420.8237	7.11798	762.213	2313.38
0.1545	0.820372	7.2636	757.906	2309.640.822112	7.18742	760.157	2311.6
0.1555	0.818792	7.33288	755.864	2307.860.820526	7.25687	758.105	2309.81
0.1565	0.817216	7.40217	753.827	2306.080.818943	7.32631	756.058	2308.03
0.1575	0.815641	7.47146	751.795	2304.310.817362	7.39576	754.016	2306.25
0.1585	0.814069	7.54074	749.767	2302.530.815784	7.4652	751.978	2304.46
0.1595	0.8125	7.61003	747.744	2300.750.814208	7.53464	749.945	2302.68
0.1605	0.810932	7.67932	745.725	2298.970.812635	7.60409	747.917	2300.9
0.1615	0.809367	7.74862	743.711	2297.20.811064	7.67353	745.894	2299.12
0.1625	0.807805	7.81791	741.702	2295.420.809495	7.74298	743.875	2297.34
0.1635	0.806245	7.8872	739.698	2293.650.807929	7.81242	741.861	2295.56
0.1645	0.804687	7.9565	737.698	2291.880.806366	7.88187	739.852	2293.79
0.1655	0.803132	8.02579	735.702	2290.10.804805	7.95131	737.847	2292.01
0.1665	0.801579	8.09509	733.712	2288.330.803246	8.02076	735.847	2290.23
0.1675	0.800029	8.16438	731.726	2286.560.801689	8.0902	733.852	2288.46
0.1685	0.798481	8.23368	729.744	2284.790.800135	8.15964	731.861	2286.68
0.1695	0.796935	8.30298	727.767	2283.020.798584	8.22909	729.875	2284.91
0.1705	0.795392	8.37227	725.795	2281.250.797035	8.29853	727.894	2283.13
0.1715	0.793851	8.44157	723.827	2279.480.795488	8.36798	725.917	2281.36
0.1725	0.792312	8.51087	721.864	2277.710.793944	8.43742	723.945	2279.59
0.1735	0.790776	8.58017	719.905	2275.950.792402	8.50687	721.977	2277.81
0.1745	0.789242	8.64947	717.951	2274.180.790862	8.57631	720.014	2276.04
0.1755	0.787711	8.71877	716.001	2272.410.789325	8.64576	718.056	2274.27
0.1765	0.786182	8.78807	714.056	2270.650.78779	8.7152	716.102	2272.5
0.1775	0.784655	8.85737	712.116	2268.880.786258	8.78464	714.153	2270.73
0.1785	0.783131	8.92667	710.18	2267.120.784728	8.85409	712.208	2268.96
0.1795	0.781609	8.99596	708.248	2265.350.7832	8.92353	710.267	2267.2
0.1805	0.780089	9.06526	706.321	2263.590.781675	8.99298	708.332	2265.43
0.1815	0.778572	9.13456	704.399	2261.830.780152	9.06242	706.401	2263.66
0.1825	0.777057	9.20386	702.481	2260.070.778632	9.13187	704.474	2261.9
0.1835	0.775545	9.27316	700.567	2258.310.777114	9.20131	702.552	2260.13
0.1845	0.774035	9.34246	698.658	2256.550.775598	9.27076	700.634	2258.37
0.1855	0.772527	9.41176	696.754	2254.790.774085	9.3402	698.721	2256.6
0.1865	0.771021	9.48106	694.854	2253.030.772574	9.40964	696.812	2254.84
0.1875	0.769518	9.55036	692.958	2251.270.771065	9.47909	694.908	2253.08
0.1885	0.768018	9.61966	691.067	2249.510.769559	9.54853	693.008	2251.32
0.1895	0.766519	9.68895	689.18	2247.760.768055	9.61798	691.113	2249.56
0.1905	0.765023	9.75825	687.298	22460.766553	9.68742	689.222	2247.8
0.1915	0.76353	9.82755	685.42	2244.250.765054	9.75687	687.336	2246.04
0.1925	0.762038	9.89684	683.546	2242.490.763557	9.82631	685.454	2244.28
0.1935	0.760549	9.96614	681.677	2240.740.762062	9.89576	683.576	2242.52
0.1945	0.759063	10.0354	679.812	2238.990.76057	9.9652	681.703	2240.76
0.1955	0.757578	10.1047	677.952	2237.230.75908	10.0346	679.834	2239.01
0.1965	0.756096	10.174	676.096	2235.480.757593	10.1041	677.97	2237.25
0.1975	0.754617	10.2433	674.245	2233.730.756108	10.1735	676.11	2235.49
0.1985	0.75314	10.3126	672.397	2231.980.754625	10.243	674.254	2233.74
0.1995	0.751665	10.3819	670.555	2230.230.753144	10.3124	672.403	2231.99
0.2005	0.750192	10.4512	668.716	2228.480.751666	10.3819	670.556	2230.23
0.2015	0.748722	10.5205	666.882	2226.740.75019	10.4513	668.713	2228.48
0.2025	0.747254	10.5898	665.052	2224.990.748717	10.5208	666.875	2226.73
0.2035	0.745788	10.6591	663.227	2223.240.747245	10.5902	665.041	2224.98
0.2045	0.744325	10.7283	661.406	2221.50.745776	10.6596	663.212	2223.23
0.2055	0.742864	10.7976	659.589	2219.750.74431	10.7291	661.386	2221.48
0.2065	0.741405	10.8669	657.776	2218.010.742846	10.7985	659.565	2219.73
0.2075	0.739949	10.9362	655.968	2216.260.741384	10.868	657.749	2217.98
0.2085	0.738495	11.0055	654.164	2214.520.739924	10.9374	655.936	2216.23
0.2095	0.737043	11.0748	652.365	2212.780.738466	11.0069	654.128	2214.48
0.2105	0.735594	11.144	650.569	2211.030.737011	11.0763	652.325	2212.74
0.2115	0.734146	11.2133	648.778	2209.290.735558	11.1458	650.525	2210.99
0.2125	0.732702	11.2826	646.991	2207.550.734108	11.2152	648.73	2209.25
0.2135	0.731259	11.3519	645.209	2205.810.73266	11.2846	646.939	2207.5
0.2145	0.729819	11.4211	643.43	2204.080.731214	11.3541	645.152	2205.76
0.2155	0.728381	11.4904	641.656	2202.340.72977	11.4235	643.37	2204.01
0.2165	0.726945	11.5597	639.887	2200.60.728329	11.493	641.591	2202.27
0.2175	0.725512	11.629	638.121	2198.860.72689	11.5624	639.817	2200.53
0.2185	0.724081	11.6982	636.36	2197.130.725453	11.6319	638.047	2198.79
0.2195	0.722652	11.7675	634.602	2195.390.724018	11.7013	636.282	2197.05
0.2205	0.721226	11.8368	632.849	2193.660.722586	11.7708	634.52	2195.31
0.2215	0.719802	11.906	631.101	2191.920.721156	11.8402	632.763	2193.57
0.2225	0.71838	11.9753	629.356	2190.190.719728	11.9096	631.01	2191.83
0.2235	0.71696	12.0445	627.616	2188.460.718303	11.9791	629.261	2190.1
0.2245	0.715543	12.1138	625.879	2186.730.716879	12.0485	627.516	2188.36
0.2255	0.714128	12.1831	624.147	21850.715458	12.118	625.775	2186.62
0.2265	0.712716	12.2523	622.419	2183.270.71404	12.1874	624.038	2184.89
0.2275	0.711305	12.3216	620.696	2181.540.712623	12.2569	622.306	2183.15
0.2285	0.709897	12.3908	618.976	2179.810.711209	12.3263	620.578	2181.42
0.2295	0.708491	12.46	617.261	2178.080.709797	12.3958	618.854	2179.68
0.2305	0.707088	12.5293	615.549	2176.360.708387	12.4652	617.134	2177.95
0.2315	0.705686	12.5985	613.842	2174.630.70698	12.5346	615.418	2176.22
0.2325	0.704287	12.6678	612.139	2172.90.705575	12.6041	613.706	2174.49
0.2335	0.70289	12.737	610.44	2171.180.704172	12.6735	611.998	2172.76
0.2345	0.701496	12.8062	608.745	2169.450.702771	12.743	610.294	2171.03
0.2355	0.700104	12.8755	607.055	2167.730.701372	12.8124	608.595	2169.3
0.2365	0.698714	12.9447	605.368	2166.010.699976	12.8819	606.899	2167.57
0.2375	0.697326	13.0139	603.685	2164.290.698582	12.9513	605.207	2165.84
0.2385	0.69594	13.0832	602.007	2162.570.69719	13.0208	603.52	2164.12
0.2395	0.694557	13.1524	600.332	2160.850.6958	13.0902	601.836	2162.39
0.2405	0.693176	13.2216	598.662	2159.130.694413	13.1596	600.157	2160.66
0.2415	0.691798	13.2908	596.996	2157.410.693028	13.2291	598.482	2158.94
0.2425	0.690421	13.36	595.333	2155.690.691645	13.2985	596.81	2157.21
0.2435	0.689047	13.4292	593.675	2153.970.690264	13.368	595.143	2155.49
0.2445	0.687675	13.4984	592.021	2152.260.688885	13.4374	593.479	2153.77
0.2455	0.686305	13.5676	590.371	2150.540.687509	13.5069	591.82	2152.04
0.2465	0.684938	13.6368	588.724	2148.820.686135	13.5763	590.165	2150.32
0.2475	0.683573	13.706	587.082	2147.110.684763	13.6458	588.513	2148.6
0.2485	0.68221	13.7752	585.444	2145.40.683393	13.7152	586.866	2146.88
0.2495	0.680849	13.8444	583.81	2143.680.682025	13.7846	585.222	2145.16
0.2505	0.67949	13.9136	582.18	2141.970.68066	13.8541	583.582	2143.44
0.2515	0.678134	13.9828	580.554	2140.260.679297	13.9235	581.947	2141.73
0.2525	0.67678	14.052	578.931	2138.550.677936	13.993	580.315	2140.01
0.2535	0.675428	14.1212	577.313	2136.840.676577	14.0624	578.687	2138.29
0.2545	0.674079	14.1903	575.699	2135.130.67522	14.1319	577.063	2136.57
0.2555	0.672731	14.2595	574.088	2133.420.673866	14.2013	575.443	2134.86
0.2565	0.671386	14.3287	572.482	2131.720.672513	14.2708	573.827	2133.14
0.2575	0.670043	14.3978	570.88	2130.010.671163	14.3402	572.215	2131.43
0.2585	0.668703	14.467	569.281	2128.30.669815	14.4096	570.607	2129.72
0.2595	0.667364	14.5361	567.687	2126.60.668469	14.4791	569.002	2128
0.2605	0.666028	14.6053	566.096	2124.90.667126	14.5485	567.402	2126.29
0.2615	0.664694	14.6744	564.509	2123.190.665784	14.618	565.805	2124.58
0.2625	0.663362	14.7436	562.926	2121.490.664445	14.6874	564.212	2122.87
0.2635	0.662033	14.8127	561.348	2119.790.663108	14.7569	562.623	2121.16
0.2645	0.660705	14.8819	559.773	2118.090.661772	14.8263	561.038	2119.45
0.2655	0.65938	14.951	558.201	2116.390.66044	14.8958	559.457	2117.74
0.2665	0.658057	15.0201	556.634	2114.690.659109	14.9652	557.879	2116.04
0.2675	0.656737	15.0892	555.071	2112.990.65778	15.0346	556.305	2114.33
0.2685	0.655418	15.1583	553.511	2111.290.656454	15.1041	554.735	2112.62
0.2695	0.654102	15.2274	551.956	2109.590.65513	15.1735	553.169	2110.92
0.2705	0.652788	15.2965	550.404	2107.90.653807	15.243	551.607	2109.21
0.2715	0.651476	15.3656	548.856	2106.20.652487	15.3124	550.048	2107.51
0.2725	0.650167	15.4347	547.312	2104.510.651169	15.3819	548.494	2105.8
0.2735	0.64886	15.5038	545.772	2102.810.649854	15.4513	546.943	2104.1
0.2745	0.647554	15.5729	544.236	2101.120.64854	15.5208	545.396	2102.4
0.2755	0.646252	15.642	542.704	2099.430.647229	15.5902	543.852	2100.7
0.2765	0.644951	15.711	541.175	2097.740.645919	15.6596	542.312	2098.99
0.2775	0.643652	15.7801	539.65	2096.050.644612	15.7291	540.776	2097.29
0.2785	0.642356	15.8491	538.129	2094.360.643307	15.7985	539.244	2095.59
0.2795	0.641062	15.9182	536.612	2092.670.642004	15.868	537.716	2093.9
0.2805	0.63977	15.9872	535.099	2090.980.640703	15.9374	536.191	2092.2
0.2815	0.638481	16.0563	533.59	2089.290.639404	16.0069	534.67	2090.5
0.2825	0.637193	16.1253	532.084	2087.610.638107	16.0763	533.152	2088.8
0.2835	0.635908	16.1943	530.582	2085.920.636813	16.1458	531.638	2087.11
0.2845	0.634625	16.2633	529.084	2084.240.63552	16.2152	530.128	2085.41
0.2855	0.633345	16.3323	527.59	2082.560.63423	16.2846	528.622	2083.72
0.2865	0.632066	16.4013	526.1	2080.870.632942	16.3541	527.119	2082.02
0.2875	0.63079	16.4703	524.613	2079.190.631655	16.4235	525.62	2080.33
0.2885	0.629516	16.5392	523.131	2077.510.630371	16.493	524.125	2078.64
0.2895	0.628244	16.6082	521.652	2075.830.629089	16.5624	522.633	2076.94
0.2905	0.626975	16.6772	520.176	2074.150.627809	16.6319	521.145	2075.25
0.2915	0.625708	16.7461	518.705	2072.470.626531	16.7013	519.661	2073.56
0.2925	0.624442	16.815	517.237	2070.80.625256	16.7708	518.18	2071.87
0.2935	0.62318	16.884	515.774	2069.120.623982	16.8402	516.703	2070.18
0.2945	0.621919	16.9529	514.314	2067.450.62271	16.9096	515.229	2068.49
0.2955	0.620661	17.0218	512.857	2065.770.621441	16.9791	513.759	2066.81
0.2965	0.619405	17.0906	511.405	2064.10.620173	17.0485	512.293	2065.12
0.2975	0.618151	17.1595	509.956	2062.430.618908	17.118	510.83	2063.43
0.2985	0.6169	17.2284	508.512	2060.760.617645	17.1874	509.371	2061.75
0.2995	0.61565	17.2972	507.07	2059.080.616383	17.2569	507.915	2060.06
0.3005	0.614403	17.3661	505.633	2057.420.615124	17.3263	506.463	2058.38
0.3015	0.613159	17.4349	504.2	2055.750.613867	17.3958	505.015	2056.69
0.3025	0.611916	17.5037	502.77	2054.080.612612	17.4652	503.57	2055.01
0.3035	0.610676	17.5725	501.344	2052.410.611359	17.5346	502.128	2053.33
0.3045	0.609438	17.6413	499.922	2050.750.610108	17.6041	500.69	2051.65
0.3055	0.608202	17.71	498.503	2049.080.608859	17.6735	499.256	2049.97
0.3065	0.606969	17.7788	497.088	2047.420.607612	17.743	497.825	2048.29
0.3075	0.605737	17.8475	495.677	2045.760.606367	17.8124	496.398	2046.61
0.3085	0.604508	17.9163	494.27	2044.10.605124	17.8819	494.974	2044.93
0.3095	0.603282	17.985	492.866	2042.440.603883	17.9513	493.554	2043.25
0.3105	0.602057	18.0537	491.466	2040.780.602645	18.0208	492.137	2041.57
0.3115	0.600834	18.1224	490.069	2039.120.601408	18.0902	490.724	2039.89
0.3125	0.599614	18.1911	488.676	2037.460.600173	18.1596	489.314	2038.22
0.3135	0.598395	18.2598	487.286	2035.80.598941	18.2291	487.907	2036.54
0.3145	0.597178	18.3285	485.899	2034.150.59771	18.2985	486.504	2034.87
0.3155	0.595963	18.3973	484.516	2032.490.596481	18.368	485.105	2033.19
0.3165	0.59475	18.466	483.135	2030.830.595255	18.4374	483.709	2031.52
0.3175	0.593538	18.5348	481.758	2029.180.59403	18.5069	482.316	2029.85
0.3185	0.592328	18.6036	480.383	2027.520.592808	18.5763	480.927	2028.18
0.3195	0.591119	18.6724	479.011	2025.870.591587	18.6458	479.542	2026.5
0.3205	0.589911	18.7413	477.641	2024.210.590369	18.7152	478.159	2024.83
0.3215	0.588705	18.8102	476.274	2022.550.589152	18.7846	476.781	2023.16
0.3225	0.587499	18.8791	474.91	2020.890.587938	18.8541	475.405	2021.49
0.3235	0.586296	18.9481	473.548	2019.240.586725	18.9235	474.033	2019.83
0.3245	0.585095	19.0171	472.19	2017.580.585515	18.993	472.665	2018.16
0.3255	0.583896	19.086	470.837	2015.930.584306	19.0624	471.299	2016.49
0.3265	0.582703	19.1547	469.49	2014.280.5831	19.1319	469.937	2014.82
0.3275	0.581515	19.2232	468.152	2012.640.581895	19.2013	468.579	2013.16
0.3285	0.580338	19.2912	466.825	20110.580693	19.2708	467.224	2011.49
0.3295	0.579173	19.3586	465.514	2009.390.579492	19.3402	465.872	2009.83
0.3305	0.578027	19.4251	464.224	2007.80.578294	19.4096	464.524	2008.17
0.3315	0.576905	19.4902	462.963	2006.240.577097	19.4791	463.179	2006.5
0.3325	0.575815	19.5536	461.739	2004.720.575903	19.5485	461.837	2004.84
0.3335	0.574765	19.6147	460.561	2003.260.575062	19.5975	460.894	2003.67
0.3345	0.573766	19.673	459.44	2001.860.575062	19.5975	460.894	2003.67
0.3355	0.572827	19.7278	458.388	2000.550.575062	19.5975	460.894	2003.67
0.3365	0.571959	19.7785	457.417	1999.340.575062	19.5975	460.894	2003.67
0.3375	0.571172	19.8246	456.536	1998.240.575062	19.5975	460.894	2003.67
0.3385	0.570475	19.8655	455.755	1997.260.575062	19.5975	460.894	2003.67
0.3395	0.569872	19.9008	455.082	1996.420.575062	19.5975	460.894	2003.67
0.3405	0.569369	19.9304	454.519	1995.710.575062	19.5975	460.894	2003.67
0.3415	0.568964	19.9541	454.067	1995.150.575062	19.5975	460.894	2003.67
0.3425	0.568654	19.9724	453.72	1994.710.575062	19.5975	460.894	2003.67
0.3435	0.568431	19.9855	453.471	1994.40.575062	19.5975	460.894	2003.67
0.3445	0.568284	19.9941	453.306	1994.190.575062	19.5975	460.894	2003.67
0.3455	0.568198	19.9991	453.211	1994.070.575062	19.5975	460.894	2003.67
0.3465	0.56816	20.0014	453.168	1994.020.575062	19.5975	460.894	2003.67
0.3475	0.568149	20.0021	453.156	19940.575062	19.5975	460.894	2003.67
0.3485	0.568155	20.0017	453.163	1994.010.575062	19.5975	460.894	2003.67
0.3495	0.568193	19.9995	453.205	1994.060.575062	19.5975	460.894	2003.67
0.3505	0.568325	19.9917	453.352	1994.250.575062	19.5975	460.894	2003.67
0.3515	0.568656	19.9722	453.723	1994.710.575062	19.5975	460.894	2003.67
0.3525	0.569188	19.941	454.316	1995.460.575062	19.5975	460.894	2003.67
0.3535	0.569794	19.9054	454.994	1996.310.575062	19.5975	460.894	2003.67
0.3545	0.570368	19.8717	455.636	1997.110.575062	19.5975	460.894	2003.67
0.3555	0.57087	19.8423	456.197	1997.820.575062	19.5975	460.894	2003.67
0.3565	0.571304	19.8169	456.683	1998.420.575062	19.5975	460.894	2003.67
0.3575	0.571677	19.7951	457.101	1998.950.575062	19.5975	460.894	2003.67
0.3585	0.571997	19.7764	457.459	1999.390.575062	19.5975	460.894	2003.67
0.3595	0.572271	19.7603	457.765	1999.780.575062	19.5975	460.894	2003.67
0.3605	0.572506	19.7466	458.029	2000.10.575062	19.5975	460.894	2003.67
0.3615	0.572708	19.7348	458.255	2000.390.575062	19.5975	460.894	2003.67
0.3625	0.572883	19.7245	458.451	2000.630.575062	19.5975	460.894	2003.67
0.3635	0.573036	19.7156	458.622	2000.840.575062	19.5975	460.894	2003.67
0.3645	0.573169	19.7078	458.771	2001.030.575062	19.5975	460.894	2003.67
0.3655	0.573286	19.701	458.903	2001.20.575062	19.5975	460.894	2003.67
0.3665	0.573391	19.6949	459.02	2001.340.575062	19.5975	460.894	2003.67
0.3675	0.573484	19.6894	459.125	2001.470.575062	19.5975	460.894	2003.67
0.3685	0.573569	19.6845	459.219	2001.590.575062	19.5975	460.894	2003.67
0.3695	0.573645	19.68	459.305	2001.70.575062	19.5975	460.894	2003.67
0.3705	0.573715	19.676	459.383	2001.790.575062	19.5975	460.894	2003.67
0.3715	0.573779	19.6722	459.455	2001.880.575062	19.5975	460.894	2003.67
0.3725	0.573838	19.6688	459.522	2001.970.575062	19.5975	460.894	2003.67
0.3735	0.573893	19.6656	459.583	2002.040.575062	19.5975	460.894	2003.67
0.3745	0.573943	19.6626	459.639	2002.110.575062	19.5975	460.894	2003.67
0.3755	0.57399	19.6599	459.692	2002.180.575062	19.5975	460.894	2003.67
0.3765	0.574034	19.6573	459.741	2002.240.575062	19.5975	460.894	2003.67
0.3775	0.574075	19.6549	459.787	2002.30.575062	19.5975	460.894	2003.67
0.3785	0.574114	19.6527	459.831	2002.350.575062	19.5975	460.894	2003.67
0.3795	0.57415	19.6506	459.872	2002.40.575062	19.5975	460.894	2003.67
0.3805	0.574185	19.6485	459.91	2002.450.575062	19.5975	460.894	2003.67
0.3815	0.574218	19.6466	459.947	2002.50.575062	19.5975	460.894	2003.67
0.3825	0.574249	19.6448	459.982	2002.540.575062	19.5975	460.894	2003.67
0.3835	0.574279	19.643	460.016	2002.580.575062	19.5975	460.894	2003.67
0.3845	0.574308	19.6414	460.049	2002.620.575062	19.5975	460.894	2003.67
0.3855	0.574336	19.6397	460.08	2002.660.575062	19.5975	460.894	2003.67
0.3865	0.574363	19.6382	460.11	2002.70.575062	19.5975	460.894	2003.67
0.3875	0.574388	19.6367	460.139	2002.730.575062	19.5975	460.894	2003.67
0.3885	0.574413	19.6352	460.167	2002.770.575062	19.5975	460.894	2003.67
0.3895	0.574437	19.6338	460.194	2002.80.575062	19.5975	460.894	2003.67
0.3905	0.574461	19.6325	460.22	2002.830.575062	19.5975	460.894	2003.67
0.3915	0.574483	19.6311	460.245	2002.870.575062	19.5975	460.894	2003.67
0.3925	0.574505	19.6299	460.27	2002.90.575062	19.5975	460.894	2003.67
0.3935	0.574526	19.6286	460.294	2002.930.575062	19.5975	460.894	2003.67
0.3945	0.574547	19.6274	460.317	2002.950.575062	19.5975	460.894	2003.67
0.3955	0.574567	19.6262	460.339	2002.980.575062	19.5975	460.894	2003.67
0.3965	0.574587	19.6251	460.362	2003.010.575062	19.5975	460.894	2003.67
0.3975	0.574606	19.624	460.383	2003.040.575062	19.5975	460.894	2003.67
0.3985	0.574625	19.6229	460.404	2003.060.575062	19.5975	460.894	2003.67
0.3995	0.574643	19.6218	460.424	2003.090.575062	19.5975	460.894	2003.67
0.4005	0.574661	19.6208	460.444	2003.110.575062	19.5975	460.894	2003.67
0.4015	0.574678	19.6198	460.463	2003.140.575062	19.5975	460.894	2003.67
0.4025	0.574694	19.6188	460.482	2003.160.575062	19.5975	460.894	2003.67
0.4035	0.57471	19.6179	460.5	2003.180.575062	19.5975	460.894	2003.67
0.4045	0.574726	19.617	460.517	2003.20.575062	19.5975	460.894	2003.67
0.4055	0.574741	19.6161	460.534	2003.230.575062	19.5975	460.894	2003.67
0.4065	0.574755	19.6153	460.55	2003.250.575062	19.5975	460.894	2003.67
0.4075	0.574769	19.6145	460.566	2003.260.575062	19.5975	460.894	2003.67
0.4085	0.574783	19.6137	460.581	2003.280.575062	19.5975	460.894	2003.67
0.4095	0.574796	19.6129	460.596	2003.30.575062	19.5975	460.894	2003.67
0.4105	0.574809	19.6122	460.61	2003.320.575062	19.5975	460.894	2003.67
0.4115	0.574821	19.6114	460.624	2003.340.575062	19.5975	460.894	2003.67
0.4125	0.574833	19.6108	460.638	2003.350.575062	19.5975	460.894	2003.67
0.4135	0.574844	19.6101	460.65	2003.370.575062	19.5975	460.894	2003.67
0.4145	0.574856	19.6094	460.663	2003.390.575062	19.5975	460.894	2003.67
0.4155	0.574866	19.6088	460.675	2003.40.575062	19.5975	460.894	2003.67
0.4165	0.574877	19.6082	460.687	2003.420.575062	19.5975	460.894	2003.67
0.4175	0.574887	19.6076	460.698	2003.430.575062	19.5975	460.894	2003.67
0.4185	0.574897	19.607	460.709	2003.440.575062	19.5975	460.894	2003.67
0.4195	0.574906	19.6065	460.72	2003.460.575062	19.5975	460.894	2003.67
0.4205	0.574915	19.6059	460.73	2003.470.575062	19.5975	460.894	2003.67
0.4215	0.574924	19.6054	460.74	2003.480.575062	19.5975	460.894	2003.67
0.4225	0.574933	19.6049	460.75	2003.490.575062	19.5975	460.894	2003.67
0.4235	0.574941	19.6044	460.759	2003.50.575062	19.5975	460.894	2003.67
0.4245	0.574949	19.604	460.768	2003.520.575062	19.5975	460.894	2003.67
0.4255	0.574957	19.6035	460.776	2003.530.575062	19.5975	460.894	2003.67
0.4265	0.574964	19.6031	460.785	2003.540.575062	19.5975	460.894	2003.67
0.4275	0.574971	19.6027	460.793	2003.550.575062	19.5975	460.894	2003.67
0.4285	0.574978	19.6023	460.8	2003.560.575062	19.5975	460.894	2003.67
0.4295	0.574985	19.6019	460.808	2003.570.575062	19.5975	460.894	2003.67
0.4305	0.574991	19.6015	460.815	2003.570.575062	19.5975	460.894	2003.67
0.4315	0.574997	19.6012	460.822	2003.580.575062	19.5975	460.894	2003.67
0.4325	0.575003	19.6008	460.828	2003.590.575062	19.5975	460.894	2003.67
0.4335	0.575009	19.6005	460.835	2003.60.575062	19.5975	460.894	2003.67
0.4345	0.575014	19.6002	460.841	2003.610.575062	19.5975	460.894	2003.67
0.4355	0.575019	19.5999	460.846	2003.610.575062	19.5975	460.894	2003.67
0.4365	0.575024	19.5996	460.852	2003.620.575062	19.5975	460.894	2003.67
0.4375	0.575029	19.5993	460.857	2003.630.575062	19.5975	460.894	2003.67
0.4385	0.575033	19.5991	460.862	2003.630.575062	19.5975	460.894	2003.67
0.4395	0.575038	19.5988	460.867	2003.640.575062	19.5975	460.894	2003.67
0.4405	0.575042	19.5986	460.872	2003.650.575062	19.5975	460.894	2003.67
0.4415	0.575046	19.5983	460.876	2003.650.575062	19.5975	460.894	2003.67
0.4425	0.575049	19.5981	460.881	2003.660.575062	19.5975	460.894	2003.67
0.4435	0.575053	19.5979	460.885	2003.660.575062	19.5975	460.894	2003.67
0.4445	0.575057	19.5977	460.889	2003.670.575062	19.5975	460.894	2003.67
0.4455	0.57506	19.5975	460.892	2003.670.575062	19.5975	460.894	2003.67
0.4465	0.575063	19.5973	460.896	2003.680.575062	19.5975	460.894	2003.67
0.4475	0.575066	19.5972	460.899	2003.680.575062	19.5975	460.894	2003.67
0.4485	0.575068	19.597	460.902	2003.680.575062	19.5975	460.894	2003.67
0.4495	0.575071	19.5969	460.905	2003.690.575062	19.5975	460.894	2003.67
0.4505	0.575073	19.5967	460.908	2003.690.575062	19.5975	460.894	2003.67
0.4515	0.575076	19.5966	460.91	2003.690.575062	19.5975	460.894	2003.67
0.4525	0.575078	19.5965	460.913	2003.70.575062	19.5975	460.894	2003.67
0.4535	0.57508	19.5963	460.915	2003.70.575062	19.5975	460.894	2003.67
0.4545	0.575082	19.5962	460.918	2003.70.575062	19.5975	460.894	2003.67
0.4555	0.575084	19.5961	460.92	2003.710.575062	19.5975	460.894	2003.67
0.4565	0.575086	19.596	460.922	2003.710.575062	19.5975	460.894	2003.67
0.4575	0.575088	19.5959	460.924	2003.710.575062	19.5975	460.894	2003.67
0.4585	0.57509	19.5958	460.926	2003.710.575062	19.5975	460.894	2003.67
0.4595	0.575091	19.5957	460.928	2003.720.575062	19.5975	460.894	2003.67
0.4605	0.575093	19.5956	460.929	2003.720.575062	19.5975	460.894	2003.67
0.4615	0.575094	19.5955	460.931	2003.720.575062	19.5975	460.894	2003.67
0.4625	0.575095	19.5954	460.932	2003.720.575062	19.5975	460.894	2003.67
0.4635	0.575097	19.5954	460.934	2003.720.575062	19.5975	460.894	2003.67
0.4645	0.575098	19.5953	460.935	2003.720.575062	19.5975	460.894	2003.67
0.4655	0.575099	19.5952	460.936	2003.730.575062	19.5975	460.894	2003.67
0.4665	0.5751	19.5952	460.938	2003.730.575062	19.5975	460.894	2003.67
0.4675	0.575101	19.5951	460.939	2003.730.575062	19.5975	460.894	2003.67
0.4685	0.575102	19.5951	460.94	2003.730.575062	19.5975	460.894	2003.67
0.4695	0.575103	19.595	460.941	2003.730.575062	19.5975	460.894	2003.67
0.4705	0.575104	19.595	460.942	2003.730.575062	19.5975	460.894	2003.67
0.4715	0.575104	19.5949	460.942	2003.730.575062	19.5975	460.894	2003.67
0.4725	0.575105	19.5949	460.943	2003.740.575062	19.5975	460.894	2003.67
0.4735	0.575106	19.5948	460.944	2003.740.575062	19.5975	460.894	2003.67
0.4745	0.575106	19.5948	460.945	2003.740.575062	19.5975	460.894	2003.67
0.4755	0.575107	19.5948	460.945	2003.740.575062	19.5975	460.894	2003.67
0.4765	0.575107	19.5947	460.946	2003.740.575062	19.5975	460.894	2003.67
0.4775	0.575108	19.5947	460.946	2003.740.575062	19.5975	460.894	2003.67
0.4785	0.575108	19.5947	460.947	2003.740.575062	19.5975	460.894	2003.67
0.4795	0.575108	19.5947	460.947	2003.740.575062	19.5975	460.894	2003.67
0.4805	0.575109	19.5947	460.947	2003.740.575062	19.5975	460.894	2003.67
0.4815	0.575109	19.5946	460.948	2003.740.575062	19.5975	460.894	2003.67
0.4825	0.575109	19.5946	460.948	2003.740.575062	19.5975	460.894	2003.67
0.4835	0.575109	19.5946	460.948	2003.740.575062	19.5975	460.894	2003.67
0.4845	0.575109	19.5946	460.948	2003.740.575062	19.5975	460.894	2003.67
0.4855	0.57511	19.5946	460.949	2003.740.575062	19.5975	460.894	2003.67
0.4865	0.57511	19.5946	460.949	2003.740.575062	19.5975	460.894	2003.67
0.4875	0.57511	19.5946	460.949	2003.740.575062	19.5975	460.894	2003.67
0.4885	0.57511	19.5946	460.949	2003.740.575062	19.5975	460.894	2003.67
0.4895	0.57511	19.5946	460.949	2003.740.575062	19.5975	460.894	2003.67
0.4905	0.57511	19.5946	460.949	2003.740.575062	19.5975	460.894	2003.67
0.4915	0.57511	19.5946	460.949	2003.740.575062	19.5975	460.894	2003.67
0.4925	0.57511	19.5946	460.949	2003.740.575062	19.5975	460.894	2003.67
0.4935	0.57511	19.5946	460.949	2003.740.575062	19.5975	460.894	2003.67
0.4945	0.57511	19.5946	460.949	2003.740.575062	19.5975	460.894	2003.67
0.4955	0.57511	19.5946	460.949	2003.740.575062	19.5975	460.894	2003.67
0.4965	0.57511	19.5946	460.949	2003.740.575062	19.5975	460.894	2003.67
0.4975	0.57511	19.5946	460.949	2003.740.575062	19.5975	460.894	2003.67
0.4985	0.57511	19.5946	460.949	2003.740.575062	19.5975	460.894	2003.67
0.4995	0.57511	19.5946	460.949	2003.740.575062	19.5975	460.894	2003.67
0.5005	0.57511	19.5946	460.949	2003.740.575062	19.5975	460.894	2003.67
0.5015	0.57511	19.5946	460.949	2003.740.575062	19.5975	460.894	2003.67
0.5025	0.57511	19.5946	460.949	2003.740.575062	19.5975	460.894	2003.67
0.5035	0.575109	19.5946	460.949	2003.740.575062	19.5975	460.894	2003.67
0.5045	0.575109	19.5946	460.948	2003.740.575062	19.5975	460.894	2003.67
0.5055	0.575109	19.5946	460.948	2003.740.575062	19.5975	460.894	2003.67
0.5065	0.575109	19.5946	460.948	2003.740.575062	19.5975	460.894	2003.67
0.5075	0.575109	19.5946	460.948	2003.740.575062	19.5975	460.894	2003.67
0.5085	0.575108	19.5946	460.948	2003.740.575062	19.5975	460.894	2003.67
0.5095	0.575108	19.5947	460.947	2003.740.575062	19.5975	460.894	2003.67
0.5105	0.575108	19.5947	460.947	2003.740.575062	19.5975	460.894	2003.67
0.5115	0.575108	19.5947	460.947	2003.740.575062	19.5975	460.894	2003.67
0.5125	0.575108	19.5947	460.947	2003.740.575062	19.5975	460.894	2003.67
0.5135	0.575107	19.5947	460.946	2003.740.575062	19.5975	460.894	2003.67
0.5145	0.575107	19.5947	460.946	2003.740.575062	19.5975	460.894	2003.67
0.5155	0.575107	19.5947	460.946	2003.740.575062	19.5975	460.894	2003.67
0.5165	0.575107	19.5948	460.946	2003.740.575062	19.5975	460.894	2003.67
0.5175	0.575106	19.5948	460.945	2003.740.575062	19.5975	460.894	2003.67
0.5185	0.575106	19.5948	460.945	2003.740.575062	19.5975	460.894	2003.67
0.5195	0.575106	19.5948	460.945	2003.740.575062	19.5975	460.894	2003.67
0.5205	0.575105	19.5948	460.944	2003.740.575062	19.5975	460.894	2003.67
0.5215	0.575105	19.5948	460.944	2003.740.575062	19.5975	460.894	2003.67
0.5225	0.575105	19.5948	460.944	2003.740.575062	19.5975	460.894	2003.67
0.5235	0.575105	19.5949	460.943	2003.740.575062	19.5975	460.894	2003.67
0.5245	0.575104	19.5949	460.943	2003.740.575062	19.5975	460.894	2003.67
0.5255	0.575104	19.5949	460.943	2003.740.575062	19.5975	460.894	2003.67
0.5265	0.575104	19.5949	460.943	2003.740.575062	19.5975	460.894	2003.67
0.5275	0.575103	19.5949	460.942	2003.740.575062	19.5975	460.894	2003.67
0.5285	0.575103	19.5949	460.942	2003.740.575062	19.5975	460.894	2003.67
0.5295	0.575103	19.595	460.942	2003.740.575062	19.5975	460.894	2003.67
0.5305	0.575103	19.595	460.941	2003.740.575062	19.5975	460.894	2003.67
0.5315	0.575102	19.595	460.941	2003.740.575062	19.5975	460.894	2003.67
0.5325	0.575102	19.595	460.941	2003.740.575062	19.5975	460.894	2003.67
0.5335	0.575102	19.595	460.941	2003.740.575062	19.5975	460.894	2003.67
0.5345	0.575102	19.595	460.94	2003.730.575062	19.5975	460.894	2003.67
0.5355	0.575101	19.595	460.94	2003.730.575062	19.5975	460.894	2003.67
0.5365	0.575101	19.5951	460.94	2003.730.575062	19.5975	460.894	2003.67
0.5375	0.575101	19.5951	460.94	2003.730.575062	19.5975	460.894	2003.67
0.5385	0.5751	19.5951	460.939	2003.730.575062	19.5975	460.894	2003.67
0.5395	0.5751	19.5951	460.939	2003.730.575062	19.5975	460.894	2003.67
0.5405	0.5751	19.5951	460.939	2003.730.575062	19.5975	460.894	2003.67
0.5415	0.5751	19.5951	460.938	2003.730.575062	19.5975	460.894	2003.67
0.5425	0.575099	19.5951	460.938	2003.730.575062	19.5975	460.894	2003.67
0.5435	0.575099	19.5952	460.938	2003.730.575062	19.5975	460.894	2003.67
0.5445	0.575099	19.5952	460.937	2003.730.575062	19.5975	460.894	2003.67
0.5455	0.575098	19.5952	460.937	2003.730.575062	19.5975	460.894	2003.67
0.5465	0.575098	19.5952	460.937	2003.730.575062	19.5975	460.894	2003.67
0.5475	0.575098	19.5952	460.936	2003.730.575062	19.5975	460.894	2003.67
0.5485	0.575097	19.5952	460.936	2003.730.575062	19.5975	460.894	2003.67
0.5495	0.575097	19.5953	460.936	2003.730.575062	19.5975	460.894	2003.67
0.5505	0.575097	19.5953	460.935	2003.730.575062	19.5975	460.894	2003.67
0.5515	0.575096	19.5953	460.935	2003.730.575062	19.5975	460.894	2003.67
0.5525	0.575096	19.5953	460.935	2003.730.575062	19.5975	460.894	2003.67
0.5535	0.575096	19.5953	460.934	2003.730.575062	19.5975	460.894	2003.67
0.5545	0.575095	19.5954	460.934	2003.730.575062	19.5975	460.894	2003.67
0.5555	0.575095	19.5954	460.934	2003.730.575062	19.5975	460.894	2003.67
0.5565	0.575095	19.5954	460.933	2003.730.575062	19.5975	460.894	2003.67
0.5575	0.575094	19.5954	460.933	2003.730.575062	19.5975	460.894	2003.67
0.5585	0.575094	19.5954	460.933	2003.730.575062	19.5975	460.894	2003.67
0.5595	0.575094	19.5954	460.932	2003.730.575062	19.5975	460.894	2003.67
0.5605	0.575093	19.5955	460.932	2003.730.575062	19.5975	460.894	2003.67
0.5615	0.575093	19.5955	460.932	2003.730.575062	19.5975	460.894	2003.67
0.5625	0.575093	19.5955	460.931	2003.730.575062	19.5975	460.894	2003.67
0.5635	0.575092	19.5955	460.931	2003.730.575062	19.5975	460.894	2003.67
0.5645	0.575092	19.5955	460.931	2003.730.575062	19.5975	460.894	2003.67
0.5655	0.575092	19.5955	460.93	2003.730.575062	19.5975	460.894	2003.67
0.5665	0.575091	19.5956	460.93	2003.720.575062	19.5975	460.894	2003.67
0.5675	0.575091	19.5956	460.93	2003.720.575062	19.5975	460.894	2003.67
0.5685	0.575091	19.5956	460.929	2003.720.575062	19.5975	460.894	2003.67
0.5695	0.57509	19.5956	460.929	2003.720.575062	19.5975	460.894	2003.67
0.5705	0.57509	19.5956	460.929	2003.720.575062	19.5975	460.894	2003.67
0.5715	0.57509	19.5956	460.928	2003.720.575062	19.5975	460.894	2003.67
0.5725	0.57509	19.5957	460.928	2003.720.575062	19.5975	460.894	2003.67
0.5735	0.575089	19.5957	460.928	2003.720.575062	19.5975	460.894	2003.67
0.5745	0.575089	19.5957	460.928	2003.720.575062	19.5975	460.894	2003.67
0.5755	0.575089	19.5957	460.927	2003.720.575062	19.5975	460.894	2003.67
0.5765	0.575088	19.5957	460.927	2003.720.575062	19.5975	460.894	2003.67
0.5775	0.575088	19.5957	460.927	2003.720.575062	19.5975	460.894	2003.67
0.5785	0.575088	19.5957	460.926	2003.720.575062	19.5975	460.894	2003.67
0.5795	0.575087	19.5958	460.926	2003.720.575062	19.5975	460.894	2003.67
0.5805	0.575087	19.5958	460.926	2003.720.575062	19.5975	460.894	2003.67
0.5815	0.575087	19.5958	460.926	2003.720.575062	19.5975	460.894	2003.67
0.5825	0.575087	19.5958	460.925	2003.720.575062	19.5975	460.894	2003.67
0.5835	0.575086	19.5958	460.925	2003.720.575062	19.5975	460.894	2003.67
0.5845	0.575086	19.5958	460.925	2003.720.575062	19.5975	460.894	2003.67
0.5855	0.575086	19.5958	460.925	2003.720.575062	19.5975	460.894	2003.67
0.5865	0.575086	19.5959	460.924	2003.720.575062	19.5975	460.894	2003.67
0.5875	0.575085	19.5959	460.924	2003.720.575062	19.5975	460.894	2003.67
0.5885	0.575085	19.5959	460.924	2003.720.575062	19.5975	460.894	2003.67
0.5895	0.575085	19.5959	460.924	2003.720.575062	19.5975	460.894	2003.67
0.5905	0.575084	19.5959	460.923	2003.720.575062	19.5975	460.894	2003.67
0.5915	0.575084	19.5959	460.923	2003.720.575062	19.5975	460.894	2003.67
0.5925	0.575084	19.5959	460.923	2003.720.575062	19.5975	460.894	2003.67
0.5935	0.575084	19.5959	460.923	2003.720.575062	19.5975	460.894	2003.67
0.5945	0.575083	19.596	460.922	2003.720.575062	19.5975	460.894	2003.67
0.5955	0.575083	19.596	460.922	2003.720.575062	19.5975	460.894	2003.67
0.5965	0.575083	19.596	460.922	2003.720.575062	19.5975	460.894	2003.67
0.5975	0.575083	19.596	460.922	2003.720.575062	19.5975	460.894	2003.67
0.5985	0.575082	19.596	460.922	2003.720.575062	19.5975	460.894	2003.67
0.5995	0.575082	19.596	460.921	2003.720.575062	19.5975	460.894	2003.67
0.6005	0.575082	19.596	460.921	2003.720.575062	19.5975	460.894	2003.67
0.6015	0.575082	19.596	460.921	2003.720.575062	19.5975	460.894	2003.67
0.6025	0.575081	19.596	460.921	2003.720.575062	19.5975	460.894	2003.67
0.6035	0.575081	19.5961	460.92	2003.720.575062	19.5975	460.894	2003.67
0.6045	0.575081	19.5961	460.92	2003.720.575062	19.5975	460.894	2003.67
0.6055	0.57508	19.5961	460.92	2003.720.575062	19.5975	460.894	2003.67
0.6065	0.57508	19.5961	460.92	2003.720.575062	19.5975	460.894	2003.67
0.6075	0.57508	19.5961	460.92	2003.720.575062	19.5975	460.894	2003.67
0.6085	0.57508	19.5961	460.919	2003.720.575062	19.5975	460.894	2003.67
0.6095	0.575079	19.5961	460.919	2003.720.575062	19.5975	460.894	2003.67
0.6105	0.575079	19.5961	460.919	2003.720.575062	19.5975	460.894	2003.67
0.6115	0.575079	19.5961	460.919	2003.720.575062	19.5975	460.894	2003.67
0.6125	0.575079	19.5962	460.919	2003.720.575062	19.5975	460.894	2003.67
0.6135	0.575078	19.5962	460.918	2003.720.575062	19.5975	460.894	2003.67
0.6145	0.575078	19.5962	460.918	2003.720.575062	19.5975	460.894	2003.67
0.6155	0.575078	19.5962	460.918	2003.720.575062	19.5975	460.894	2003.67
0.6165	0.575077	19.5962	460.918	2003.720.575062	19.5975	460.894	2003.67
0.6175	0.575077	19.5962	460.917	2003.720.575062	19.5975	460.894	2003.67
0.6185	0.575077	19.5962	460.917	2003.720.575062	19.5975	460.894	2003.67
0.6195	0.575076	19.5962	460.917	2003.720.575062	19.5975	460.894	2003.67
0.6205	0.575076	19.5962	460.917	2003.720.575062	19.5975	460.894	2003.67
0.6215	0.575076	19.5963	460.917	2003.720.575062	19.5975	460.894	2003.67
0.6225	0.575076	19.5963	460.916	2003.720.575062	19.5975	460.894	2003.67
0.6235	0.575075	19.5963	460.916	2003.720.575062	19.5975	460.894	2003.67
0.6245	0.575075	19.5963	460.916	2003.720.575062	19.5975	460.894	2003.67
0.6255	0.575075	19.5963	460.916	2003.720.575062	19.5975	460.894	2003.67
0.6265	0.575074	19.5963	460.916	2003.720.575062	19.5975	460.894	2003.67
0.6275	0.575074	19.5963	460.915	2003.720.575062	19.5975	460.894	2003.67
0.6285	0.575074	19.5963	460.915	2003.720.575062	19.5975	460.894	2003.67
0.6295	0.575073	19.5963	460.915	2003.720.575062	19.5975	460.894	2003.67
0.6305	0.575073	19.5964	460.915	2003.720.575062	19.5975	460.894	2003.67
0.6315	0.575073	19.5964	460.914	2003.720.575062	19.5975	460.894	2003.67
0.6325	0.575072	19.5964	460.914	2003.720.575062	19.5975	460.894	2003.67
0.6335	0.575072	19.5964	460.914	2003.720.575062	19.5975	460.894	2003.67
0.6345	0.575072	19.5964	460.914	2003.720.575062	19.5975	460.894	2003.67
0.6355	0.575071	19.5964	460.914	2003.720.575062	19.5975	460.894	2003.67
0.6365	0.575071	19.5964	460.913	2003.720.575062	19.5975	460.894	2003.67
0.6375	0.575071	19.5964	460.913	2003.720.575062	19.5975	460.894	2003.67
0.6385	0.57507	19.5964	460.913	2003.720.575062	19.5975	460.894	2003.67
0.6395	0.57507	19.5965	460.913	2003.730.575062	19.5975	460.894	2003.67
0.6405	0.575069	19.5965	460.913	2003.730.575062	19.5975	460.894	2003.67
0.6415	0.575069	19.5965	460.912	2003.730.575062	19.5975	460.894	2003.67
0.6425	0.575069	19.5965	460.912	2003.730.575062	19.5975	460.894	2003.67
0.6435	0.575068	19.5965	460.912	2003.730.575062	19.5975	460.894	2003.67
0.6445	0.575068	19.5965	460.912	2003.730.575062	19.5975	460.894	2003.67
0.6455	0.575067	19.5965	460.912	2003.730.575062	19.5975	460.894	2003.67
0.6465	0.575067	19.5965	460.911	2003.730.575062	19.5975	460.894	2003.67
0.6475	0.575067	19.5965	460.911	2003.730.575062	19.5975	460.894	2003.67
0.6485	0.575066	19.5965	460.911	2003.730.575062	19.5975	460.894	2003.67
0.6495	0.575066	19.5966	460.911	2003.730.575062	19.5975	460.894	2003.67
0.6505	0.575065	19.5966	460.911	2003.730.575062	19.5975	460.894	2003.67
0.6515	0.575065	19.5966	460.91	2003.730.575062	19.5975	460.894	2003.67
0.6525	0.575064	19.5966	460.91	2003.730.575062	19.5975	460.894	2003.67
0.6535	0.575064	19.5966	460.91	2003.730.575062	19.5975	460.894	2003.67
0.6545	0.575064	19.5966	460.91	2003.730.575062	19.5975	460.894	2003.67
0.6555	0.575063	19.5966	460.91	2003.740.575062	19.5975	460.894	2003.67
0.6565	0.575063	19.5966	460.91	2003.740.575062	19.5975	460.894	2003.67
0.6575	0.575062	19.5966	460.909	2003.740.575062	19.5975	460.894	2003.67
0.6585	0.575062	19.5966	460.909	2003.740.575062	19.5975	460.894	2003.67
0.6595	0.575061	19.5966	460.909	2003.740.575062	19.5975	460.894	2003.67
0.6605	0.575061	19.5966	460.909	2003.740.575062	19.5975	460.894	2003.67
0.6615	0.57506	19.5967	460.909	2003.740.575062	19.5975	460.894	2003.67
0.6625	0.57506	19.5967	460.909	2003.740.575062	19.5975	460.894	2003.67
0.6635	0.575059	19.5967	460.909	2003.740.575062	19.5975	460.894	2003.67
0.6645	0.575058	19.5967	460.908	2003.750.575062	19.5975	460.894	2003.67
0.6655	0.575058	19.5967	460.908	2003.750.575062	19.5975	460.894	2003.67
0.6665	0.575057	19.5967	460.908	2003.750.575062	19.5975	460.894	2003.67
0.6675	0.575057	19.5967	460.908	2003.750.575062	19.5975	460.894	2003.67
0.6685	0.575056	19.5967	460.908	2003.750.575062	19.5975	460.894	2003.67
0.6695	0.575055	19.5967	460.908	2003.750.575062	19.5975	460.894	2003.67
0.6705	0.575054	19.5967	460.908	2003.760.575062	19.5975	460.894	2003.67
0.6715	0.575054	19.5967	460.908	2003.760.575062	19.5975	460.894	2003.67
0.6725	0.575053	19.5967	460.907	2003.760.575062	19.5975	460.894	2003.67
0.6735	0.575052	19.5967	460.907	2003.760.575062	19.5975	460.894	2003.67
0.6745	0.575051	19.5967	460.907	2003.770.575062	19.5975	460.894	2003.67
0.6755	0.575051	19.5967	460.907	2003.770.575062	19.5975	460.894	2003.67
0.6765	0.57505	19.5968	460.907	2003.770.575062	19.5975	460.894	2003.67
0.6775	0.575049	19.5968	460.907	2003.770.575062	19.5975	460.894	2003.67
0.6785	0.575048	19.5968	460.907	2003.780.575062	19.5975	460.894	2003.67
0.6795	0.575047	19.5968	460.907	2003.780.575062	19.5975	460.894	2003.67
0.6805	0.575046	19.5968	460.906	2003.780.575062	19.5975	460.894	2003.67
0.6815	0.575044	19.5968	460.906	2003.790.575062	19.5975	460.894	2003.67
0.6825	0.575043	19.5968	460.906	2003.790.575062	19.5975	460.894	2003.67
0.6835	0.575042	19.5968	460.906	2003.790.575062	19.5975	460.894	2003.67
0.6845	0.57504	19.5968	460.906	2003.80.575062	19.5975	460.894	2003.67
0.6855	0.575039	19.5968	460.906	2003.80.575062	19.5975	460.894	2003.67
0.6865	0.575037	19.5968	460.906	2003.810.575062	19.5975	460.894	2003.67
0.6875	0.575036	19.5968	460.906	2003.810.575062	19.5975	460.894	2003.67
0.6885	0.575034	19.5968	460.906	2003.820.575062	19.5975	460.894	2003.67
0.6895	0.575032	19.5968	460.905	2003.820.575062	19.5975	460.894	2003.67
0.6905	0.57503	19.5968	460.905	2003.830.575062	19.5975	460.894	2003.67
0.6915	0.575028	19.5968	460.905	2003.840.575062	19.5975	460.894	2003.67
0.6925	0.575025	19.5968	460.905	2003.850.575062	19.5975	460.894	2003.67
0.6935	0.575023	19.5968	460.905	2003.860.575062	19.5975	460.894	2003.67
0.6945	0.57502	19.5969	460.905	2003.860.575062	19.5975	460.894	2003.67
0.6955	0.575018	19.5969	460.905	2003.870.575062	19.5975	460.894	2003.67
0.6965	0.575015	19.5969	460.905	2003.880.575062	19.5975	460.894	2003.67
0.6975	0.575012	19.5969	460.905	2003.890.575062	19.5975	460.894	2003.67
0.6985	0.57501	19.5969	460.905	2003.90.575062	19.5975	460.894	2003.67
0.6995	0.575006	19.5969	460.905	2003.910.575062	19.5975	460.894	2003.67
0.7005	0.575002	19.5969	460.904	2003.930.575062	19.5975	460.894	2003.67
0.7015	0.574996	19.5969	460.904	2003.950.575062	19.5975	460.894	2003.67
0.7025	0.574988	19.5969	460.904	2003.970.575062	19.5975	460.894	2003.67
0.7035	0.574977	19.5969	460.904	2004.010.575062	19.5975	460.894	2003.67
0.7045	0.574964	19.5969	460.904	2004.060.575062	19.5975	460.894	2003.67
0.7055	0.57495	19.5969	460.904	2004.10.575062	19.5975	460.894	2003.67
0.7065	0.574937	19.5969	460.904	2004.150.575062	19.5975	460.894	2003.67
0.7075	0.574926	19.5969	460.904	2004.190.575062	19.5975	460.894	2003.67
0.7085	0.574916	19.5969	460.904	2004.220.575062	19.5975	460.894	2003.67
0.7095	0.574908	19.5969	460.904	2004.250.575062	19.5975	460.894	2003.67
0.7105	0.574902	19.5969	460.904	2004.270.575062	19.5975	460.894	2003.67
0.7115	0.574897	19.5969	460.904	2004.290.575062	19.5975	460.894	2003.67
0.7125	0.574894	19.5969	460.903	2004.30.575062	19.5975	460.894	2003.67
0.7135	0.574891	19.5969	460.903	2004.310.575062	19.5975	460.894	2003.67
0.7145	0.574889	19.5969	460.903	2004.320.575062	19.5975	460.894	2003.67
0.7155	0.574885	19.5969	460.903	2004.330.575062	19.5975	460.894	2003.67
0.7165	0.574878	19.5969	460.903	2004.350.575062	19.5975	460.894	2003.67
0.7175	0.574863	19.597	460.903	2004.40.575062	19.5975	460.894	2003.67
0.7185	0.574828	19.597	460.903	2004.530.575062	19.5975	460.894	2003.67
0.7195	0.574731	19.597	460.903	2004.860.575062	19.5975	460.894	2003.67
0.7205	0.574503	19.597	460.903	2005.660.575062	19.5975	460.894	2003.67
0.7215	0.574134	19.597	460.903	2006.950.575062	19.5975	460.894	2003.67
0.7225	0.573679	19.597	460.903	2008.540.575062	19.5975	460.894	2003.67
0.7235	0.573205	19.597	460.903	2010.20.575062	19.5975	460.894	2003.67
0.7245	0.572762	19.597	460.903	2011.750.575062	19.5975	460.894	2003.67
0.7255	0.572369	19.597	460.902	2013.130.575062	19.5975	460.894	2003.67
0.7265	0.572031	19.597	460.902	2014.320.575062	19.5975	460.894	2003.67
0.7275	0.571751	19.597	460.902	2015.310.575062	19.5975	460.894	2003.67
0.7285	0.571529	19.597	460.902	2016.090.575062	19.5975	460.894	2003.67
0.7295	0.571362	19.597	460.902	2016.680.575062	19.5975	460.894	2003.67
0.7305	0.571244	19.597	460.902	2017.10.575062	19.5975	460.894	2003.67
0.7315	0.571169	19.597	460.902	2017.360.575062	19.5975	460.894	2003.67
0.7325	0.571127	19.597	460.902	2017.510.575062	19.5975	460.894	2003.67
0.7335	0.57111	19.597	460.902	2017.570.575062	19.5975	460.894	2003.67
0.7345	0.571105	19.597	460.902	2017.590.575062	19.5975	460.894	2003.67
0.7355	0.571105	19.597	460.902	2017.595.99924	19.5975	460.894	192.063
0.7365	5.71596	19.597	460.902	201.5855.99924	19.5975	460.894	192.063
0.7375	5.71612	19.597	460.902	201.585.99924	19.5975	460.894	192.063
0.7385	5.71777	19.597	460.901	201.5225.99924	19.5975	460.894	192.063
0.7395	5.72553	19.597	460.9	201.2485.99924	19.5975	460.894	192.063
0.7405	5.74487	19.597	460.9	200.575.99924	19.5975	460.894	192.063
0.7415	5.77372	19.597	460.899	199.5685.99924	19.5975	460.894	192.063
0.7425	5.80452	19.597	460.898	198.5085.99924	19.5975	460.894	192.063
0.7435	5.83301	19.597	460.898	197.5385.99924	19.5975	460.894	192.063
0.7445	5.85848	19.597	460.897	196.685.99924	19.5975	460.894	192.063
0.7455	5.881	19.597	460.896	195.9265.99924	19.5975	460.894	192.063
0.7465	5.90068	19.597	460.896	195.2725.99924	19.5975	460.894	192.063
0.7475	5.91771	19.597	460.895	194.715.99924	19.5975	460.894	192.063
0.7485	5.93228	19.597	460.895	194.2325.99924	19.5975	460.894	192.063
0.7495	5.94465	19.597	460.894	193.8275.99924	19.5975	460.894	192.063
0.7505	5.95504	19.597	460.893	193.4895.99924	19.5975	460.894	192.063
0.7515	5.96371	19.597	460.893	193.2075.99924	19.5975	460.894	192.063
0.7525	5.97089	19.597	460.892	192.9755.99924	19.5975	460.894	192.063
0.7535	5.97678	19.597	460.891	192.7845.99924	19.5975	460.894	192.063
0.7545	5.98158	19.597	460.891	192.6295.99924	19.5975	460.894	192.063
0.7555	5.98547	19.597	460.89	192.5045.99924	19.5975	460.894	192.063
0.7565	5.9886	19.597	460.889	192.4035.99924	19.5975	460.894	192.063
0.7575	5.9911	19.597	460.889	192.3225.99924	19.5975	460.894	192.063
0.7585	5.99308	19.597	460.888	192.2585.99924	19.5975	460.894	192.063
0.7595	5.99465	19.597	460.887	192.2085.99924	19.5975	460.894	192.063
0.7605	5.99588	19.597	460.887	192.1685.99924	19.5975	460.894	192.063
0.7615	5.99683	19.597	460.886	192.1375.99924	19.5975	460.894	192.063
0.7625	5.99757	19.597	460.885	192.1135.99924	19.5975	460.894	192.063
0.7635	5.99813	19.597	460.884	192.0955.99924	19.5975	460.894	192.063
0.7645	5.99856	19.597	460.883	192.0815.99924	19.5975	460.894	192.063
0.7655	5.99888	19.597	460.882	192.075.99924	19.5975	460.894	192.063
0.7665	5.99911	19.597	460.882	192.0625.99924	19.5975	460.894	192.063
0.7675	5.99928	19.5969	460.881	192.0575.99924	19.5975	460.894	192.063
0.7685	5.9994	19.5969	460.88	192.0525.99924	19.5975	460.894	192.063
0.7695	5.99948	19.5969	460.879	192.0495.99924	19.5975	460.894	192.063
0.7705	5.99953	19.5969	460.878	192.0475.99924	19.5975	460.894	192.063
0.7715	5.99956	19.5969	460.877	192.0465.99924	19.5975	460.894	192.063
0.7725	5.99957	19.5969	460.876	192.0455.99924	19.5975	460.894	192.063
0.7735	5.99957	19.5969	460.875	192.0455.99924	19.5975	460.894	192.063
0.7745	5.99957	19.5969	460.874	192.0445.99924	19.5975	460.894	192.063
0.7755	5.99957	19.5968	460.873	192.0445.99924	19.5975	460.894	192.063
0.7765	5.99957	19.5968	460.872	192.0445.99924	19.5975	460.894	192.063
0.7775	5.99954	19.5968	460.869	192.0435.99924	19.5975	460.894	192.063
0.7785	5.99941	19.5966	460.855	192.0425.99924	19.5975	460.894	192.063
0.7795	5.99877	19.5955	460.789	192.0355.99924	19.5975	460.894	192.063
0.7805	5.99547	19.5901	460.448	191.9985.99924	19.5975	460.894	192.063
0.7815	5.97879	19.563	458.738	191.8195.99924	19.5975	460.894	192.063
0.7825	5.89786	19.4413	450.816	191.0931	0	0.01	0.025
0.7835	5.46788	18.7804	409.586	187.2691	0	0.01	0.025
0.7845	4.01335	16.0695	274.191	170.81	0	0.01	0.025
0.7855	2.16841	9.22372	94.3491	108.7771	0	0.01	0.025
0.7865	1.23283	1.45772	3.47064	7.037981	0	0.01	0.025
0.7875	1.01538	-0.350884	-3.64147	-8.965751	0	0.01	0.025
0.7885	0.995503	-0.124304	-0.697197	-1.750871	0	0.01	0.025
0.7895	0.998109	-0.017366	-0.0497482	-0.1246061	0	0.01	0.025
0.7905	0.999972	0.0045424	0.036899	0.092251	0	0.01	0.025
0.7915	1.00005	0.0010392	0.0143692	0.03592091	0	0.01	0.025
0.7925	1.00001	3.6242e-06	0.00976074	0.02440151	0	0.01	0.025
0.7935	1	-3.53769e-05	0.00984036	0.02460091	0	0.01	0.025
0.7945	0.999999	-7.82933e-06	0.00997292	0.02493231	0	0.01	0.025
0.7955	1	6.27055e-07	0.0100035	0.02500881	0	0.01	0.025
0.7965	1	2.72553e-07	0.010001	0.02500251	0	0.01	0.025
0.7975	1	5.12427e-08	0.0100002	0.02500041	0	0.01	0.025
0.7985	1	-3.9038e-09	0.00999998	0.0251	0	0.01	0.025
0.7995	1	-1.70072e-09	0.00999999	0.0251	0	0.01	0.025
0.8005	1	-2.83192e-10	0.01	0.0251	0	0.01	0.025
0.8015	1	3.1536e-11	0.01	0.0251	0	0.01	0.025
0.8025	1	1.10837e-11	0.01	0.0251	0	0.01	0.025
0.8035	1	-1.06433e-12	0.01	0.0251	0	0.01	0.025
0.8045	1	-7.66217e-13	0.01	0.0251	0	0.01	0.025
0.8055	1	-1.8965e-14	0.01	0.0251	0	0.01	0.025
0.8065	1	3.91922e-14	0.01	0.0251	0	0.01	0.025
0.8075	1	1.77222e-15	0.01	0.0251	0	0.01	0.025
0.8085	1	-1.8905e-15	0.01	0.0251	0	0.01	0.025
0.8095	1	3.10582e-16	0.01	0.0251	0	0.01	0.025
0.8105	1	2.25706e-16	0.01	0.0251	0	0.01	0.025
0.8115	1	-2.89533e-17	0.01	0.0251	0	0.01	0.025
0.8125	1	-2.02253e-17	0.01	0.0251	0	0.01	0.025
0.8135	1	3.50521e-18	0.01	0.0251	0	0.01	0.025
0.8145	1	1.96629e-18	0.01	0.0251	0	0.01	0.025
0.8155	1	-3.82243e-19	0.01	0.0251	0	0.01	0.025
0.8165	1	-1.77595e-19	0.01	0.0251	0	0.01	0.025
0.8175	1	5.43809e-20	0.01	0.0251	0	0.01	0.025
0.8185	1	3.50137e-20	0.01	0.0251	0	0.01	0.025
0.8195	1	3.91155e-21	0.01	0.0251	0	0.01	0.025
0.8205	1	-1.95577e-21	0.01	0.0251	0	0.01	0.025
0.8215	1	0	0.01	0.0251	0	0.01	0.025
0.8225	1	0	0.01	0.0251	0	0.01	0.025
0.8235	1	0	0.01	0.0251	0	0.01	0.025
0.8245	1	0	0.01	0.0251	0	0.01	0.025
0.8255	1	0	0.01	0.0251	0	0.01	0.025
0.8265	1	0	0.01	0.0251	0	0.01	0.025
0.8275	1	0	0.01	0.0251	0	0.01	0.025
0.8285	1	0	0.01	0.0251	0	0.01	0.025
0.8295	1	0	0.01	0.0251	0	0.01	0.025
0.8305	1	0	0.01	0.0251	0	0.01	0.025
0.8315	1	0	0.01	0.0251	0	0.01	0.025
0.8325	1	0	0.01	0.0251	0	0.01	0.025
0.8335	1	0	0.01	0.0251	0	0.01	0.025
0.8345	1	0	0.01	0.0251	0	0.01	0.025
0.8355	1	0	0.01	0.0251	0	0.01	0.025
0.8365	1	0	0.01	0.0251	0	0.01	0.025
0.8375	1	0	0.01	0.0251	0	0.01	0.025
0.8385	1	0	0.01	0.0251	0	0.01	0.025
0.8395	1	0	0.01	0.0251	0	0.01	0.025
0.8405	1	0	0.01	0.0251	0	0.01	0.025
0.8415	1	0	0.01	0.0251	0	0.01	0.025
0.8425	1	0	0.01	0.0251	0	0.01	0.025
0.8435	1	0	0.01	0.0251	0	0.01	0.025
0.8445	1	0	0.01	0.0251	0	0.01	0.025
0.8455	1	0	0.01	0.0251	0	0.01	0.025
0.8465	1	0	0.01	0.0251	0	0.01	0.025
0.8475	1	0	0.01	0.0251	0	0.01	0.025
0.8485	1	0	0.01	0.0251	0	0.01	0.025
0.8495	1	0	0.01	0.0251	0	0.01	0.025
0.8505	1	0	0.01	0.0251	0	0.01	0.025
0.8515	1	0	0.01	0.0251	0	0.01	0.025
0.8525	1	0	0.01	0.0251	0	0.01	0.025
0.8535	1	0	0.01	0.0251	0	0.01	0.025
0.8545	1	0	0.01	0.0251	0	0.01	0.025
0.8555	1	0	0.01	0.0251	0	0.01	0.025
0.8565	1	0	0.01	0.0251	0	0.01	0.025
0.8575	1	0	0.01	0.0251	0	0.01	0.025
0.8585	1	0	0.01	0.0251	0	0.01	0.025
0.8595	1	0	0.01	0.0251	0	0.01	0.025
0.8605	1	0	0.01	0.0251	0	0.01	0.025
0.8615	1	0	0.01	0.0251	0	0.01	0.025
0.8625	1	0	0.01	0.0251	0	0.01	0.025
0.8635	1	0	0.01	0.0251	0	0.01	0.025
0.8645	1	0	0.01	0.0251	0	0.01	0.025
0.8655	1	0	0.01	0.0251	0	0.01	0.025
0.8665	1	0	0.01	0.0251	0	0.01	0.025
0.8675	1	0	0.01	0.0251	0	0.01	0.025
0.8685	1	0	0.01	0.0251	0	0.01	0.025
0.8695	1	0	0.01	0.0251	0	0.01	0.025
0.8705	1	0	0.01	0.0251	0	0.01	0.025
0.8715	1	0	0.01	0.0251	0	0.01	0.025
0.8725	1	0	0.01	0.0251	0	0.01	0.025
0.8735	1	0	0.01	0.0251	0	0.01	0.025
0.8745	1	0	0.01	0.0251	0	0.01	0.025
0.8755	1	0	0.01	0.0251	0	0.01	0.025
0.8765	1	0	0.01	0.0251	0	0.01	0.025
0.8775	1	0	0.01	0.0251	0	0.01	0.025
0.8785	1	0	0.01	0.0251	0	0.01	0.025
0.8795	1	0	0.01	0.0251	0	0.01	0.025
0.8805	1	0	0.01	0.0251	0	0.01	0.025
0.8815	1	0	0.01	0.0251	0	0.01	0.025
0.8825	1	0	0.01	0.0251	0	0.01	0.025
0.8835	1	0	0.01	0.0251	0	0.01	0.025
0.8845	1	0	0.01	0.0251	0	0.01	0.025
0.8855	1	0	0.01	0.0251	0	0.01	0.025
0.8865	1	0	0.01	0.0251	0	0.01	0.025
0.8875	1	0	0.01	0.0251	0	0.01	0.025
0.8885	1	0	0.01	0.0251	0	0.01	0.025
0.8895	1	0	0.01	0.0251	0	0.01	0.025
0.8905	1	0	0.01	0.0251	0	0.01	0.025
0.8915	1	0	0.01	0.0251	0	0.01	0.025
0.8925	1	0	0.01	0.0251	0	0.01	0.025
0.8935	1	0	0.01	0.0251	0	0.01	0.025
0.8945	1	0	0.01	0.0251	0	0.01	0.025
0.8955	1	0	0.01	0.0251	0	0.01	0.025
0.8965	1	0	0.01	0.0251	0	0.01	0.025
0.8975	1	0	0.01	0.0251	0	0.01	0.025
0.8985	1	0	0.01	0.0251	0	0.01	0.025
0.8995	1	0	0.01	0.0251	0	0.01	0.025
0.9005	1	0	0.01	0.0251	0	0.01	0.025
0.9015	1	0	0.01	0.0251	0	0.01	0.025
0.9025	1	0	0.01	0.0251	0	0.01	0.025
0.9035	1	0	0.01	0.0251	0	0.01	0.025
0.9045	1	0	0.01	0.0251	0	0.01	0.025
0.9055	1	0	0.01	0.0251	0	0.01	0.025
0.9065	1	0	0.01	0.0251	0	0.01	0.025
0.9075	1	0	0.01	0.0251	0	0.01	0.025
0.9085	1	0	0.01	0.0251	0	0.01	0.025
0.9095	1	0	0.01	0.0251	0	0.01	0.025
0.9105	1	0	0.01	0.0251	0	0.01	0.025
0.9115	1	0	0.01	0.0251	0	0.01	0.025
0.9125	1	0	0.01	0.0251	0	0.01	0.025
0.9135	1	0	0.01	0.0251	0	0.01	0.025
0.9145	1	0	0.01	0.0251	0	0.01	0.025
0.9155	1	0	0.01	0.0251	0	0.01	0.025
0.9165	1	0	0.01	0.0251	0	0.01	0.025
0.9175	1	0	0.01	0.0251	0	0.01	0.025
0.9185	1	0	0.01	0.0251	0	0.01	0.025
0.9195	1	0	0.01	0.0251	0	0.01	0.025
0.9205	1	0	0.01	0.0251	0	0.01	0.025
0.9215	1	0	0.01	0.0251	0	0.01	0.025
0.9225	1	0	0.01	0.0251	0	0.01	0.025
0.9235	1	0	0.01	0.0251	0	0.01	0.025
0.9245	1	0	0.01	0.0251	0	0.01	0.025
0.9255	1	0	0.01	0.0251	0	0.01	0.025
0.9265	1	0	0.01	0.0251	0	0.01	0.025
0.9275	1	0	0.01	0.0251	0	0.01	0.025
0.9285	1	0	0.01	0.0251	0	0.01	0.025
0.9295	1	0	0.01	0.0251	0	0.01	0.025
0.9305	1	0	0.01	0.0251	0	0.01	0.025
0.9315	1	0	0.01	0.0251	0	0.01	0.025
0.9325	1	0	0.01	0.0251	0	0.01	0.025
0.9335	1	0	0.01	0.0251	0	0.01	0.025
0.9345	1	0	0.01	0.0251	0	0.01	0.025
0.9355	1	0	0.01	0.0251	0	0.01	0.025
0.9365	1	0	0.01	0.0251	0	0.01	0.025
0.9375	1	0	0.01	0.0251	0	0.01	0.025
0.9385	1	0	0.01	0.0251	0	0.01	0.025
0.9395	1	0	0.01	0.0251	0	0.01	0.025
0.9405	1	0	0.01	0.0251	0	0.01	0.025
0.9415	1	0	0.01	0.0251	0	0.01	0.025
0.9425	1	0	0.01	0.0251	0	0.01	0.025
0.9435	1	0	0.01	0.0251	0	0.01	0.025
0.9445	1	0	0.01	0.0251	0	0.01	0.025
0.9455	1	0	0.01	0.0251	0	0.01	0.025
0.9465	1	0	0.01	0.0251	0	0.01	0.025
0.9475	1	0	0.01	0.0251	0	0.01	0.025
0.9485	1	0	0.01	0.0251	0	0.01	0.025
0.9495	1	0	0.01	0.0251	0	0.01	0.025
0.9505	1	0	0.01	0.0251	0	0.01	0.025
0.9515	1	0	0.01	0.0251	0	0.01	0.025
0.9525	1	0	0.01	0.0251	0	0.01	0.025
0.9535	1	0	0.01	0.0251	0	0.01	0.025
0.9545	1	0	0.01	0.0251	0	0.01	0.025
0.9555	1	0	0.01	0.0251	0	0.01	0.025
0.9565	1	0	0.01	0.0251	0	0.01	0.025
0.9575	1	0	0.01	0.0251	0	0.01	0.025
0.9585	1	0	0.01	0.0251	0	0.01	0.025
0.9595	1	0	0.01	0.0251	0	0.01	0.025
0.9605	1	0	0.01	0.0251	0	0.01	0.025
0.9615	1	0	0.01	0.0251	0	0.01	0.025
0.9625	1	0	0.01	0.0251	0	0.01	0.025
0.9635	1	0	0.01	0.0251	0	0.01	0.025
0.9645	1	0	0.01	0.0251	0	0.01	0.025
0.9655	1	0	0.01	0.0251	0	0.01	0.025
0.9665	1	0	0.01	0.0251	0	0.01	0.025
0.9675	1	0	0.01	0.0251	0	0.01	0.025
0.9685	1	0	0.01	0.0251	0	0.01	0.025
0.9695	1	0	0.01	0.0251	0	0.01	0.025
0.9705	1	0	0.01	0.0251	0	0.01	0.025
0.9715	1	0	0.01	0.0251	0	0.01	0.025
0.9725	1	0	0.01	0.0251	0	0.01	0.025
0.9735	1	0	0.01	0.0251	0	0.01	0.025
0.9745	1	0	0.01	0.0251	0	0.01	0.025
0.9755	1	0	0.01	0.0251	0	0.01	0.025
0.9765	1	0	0.01	0.0251	0	0.01	0.025
0.9775	1	0	0.01	0.0251	0	0.01	0.025
0.9785	1	0	0.01	0.0251	0	0.01	0.025
0.9795	1	0	0.01	0.0251	0	0.01	0.025
0.9805	1	0	0.01	0.0251	0	0.01	0.025
0.9815	1	0	0.01	0.0251	0	0.01	0.025
0.9825	1	0	0.01	0.0251	0	0.01	0.025
0.9835	1	0	0.01	0.0251	0	0.01	0.025
0.9845	1	0	0.01	0.0251	0	0.01	0.025
0.9855	1	0	0.01	0.0251	0	0.01	0.025
0.9865	1	0	0.01	0.0251	0	0.01	0.025
0.9875	1	0	0.01	0.0251	0	0.01	0.025
0.9885	1	0	0.01	0.0251	0	0.01	0.025
0.9895	1	0	0.01	0.0251	0	0.01	0.025
0.9905	1	0	0.01	0.0251	0	0.01	0.025
0.9915	1	0	0.01	0.0251	0	0.01	0.025
0.9925	1	0	0.01	0.0251	0	0.01	0.025
0.9935	1	0	0.01	0.0251	0	0.01	0.025
0.9945	1	0	0.01	0.0251	0	0.01	0.025
0.9955	1	0	0.01	0.0251	0	0.01	0.025
0.9965	1	0	0.01	0.0251	0	0.01	0.025
0.9975	1	0	0.01	0.0251	0	0.01	0.025
0.9985	1	0	0.01	0.0251	0	0.01	0.025
0.9995	1	0	0.01	0.0251	0	0.01	0.025
