This is pdfTeX, Version 3.14159265-2.6-1.40.16 (TeX Live 2015) (preloaded format=pdflatex 2015.11.18)  8 MAR 2016 19:34
entering extended mode
 \write18 enabled.
 %&-line parsing enabled.
**MiniProj1_GhostFluid.tex
(./MiniProj1_GhostFluid.tex
LaTeX2e <2015/10/01> patch level 2
Babel <3.9m> and hyphenation patterns for 46 languages loaded.
(/opt/texlive/2015/texmf-dist/tex/latex/elsarticle/elsarticle.cls
Document Class: elsarticle 2009/09/17, 1.2.0: Elsevier Ltd
\@bls=\dimen102
(/opt/texlive/2015/texmf-dist/tex/latex/base/article.cls
Document Class: article 2014/09/29 v1.4h Standard LaTeX document class
(/opt/texlive/2015/texmf-dist/tex/latex/base/size10.clo
File: size10.clo 2014/09/29 v1.4h Standard LaTeX file (size option)
)
\c@part=\count79
\c@section=\count80
\c@subsection=\count81
\c@subsubsection=\count82
\c@paragraph=\count83
\c@subparagraph=\count84
\c@figure=\count85
\c@table=\count86
\abovecaptionskip=\skip41
\belowcaptionskip=\skip42
\bibindent=\dimen103
)
(/opt/texlive/2015/texmf-dist/tex/latex/graphics/graphicx.sty
Package: graphicx 2014/10/28 v1.0g Enhanced LaTeX Graphics (DPC,SPQR)

(/opt/texlive/2015/texmf-dist/tex/latex/graphics/keyval.sty
Package: keyval 2014/10/28 v1.15 key=value parser (DPC)
\KV@toks@=\toks14
)
(/opt/texlive/2015/texmf-dist/tex/latex/graphics/graphics.sty
Package: graphics 2014/10/28 v1.0p Standard LaTeX Graphics (DPC,SPQR)

(/opt/texlive/2015/texmf-dist/tex/latex/graphics/trig.sty
Package: trig 1999/03/16 v1.09 sin cos tan (DPC)
)
(/opt/texlive/2015/texmf-dist/tex/latex/latexconfig/graphics.cfg
File: graphics.cfg 2010/04/23 v1.9 graphics configuration of TeX Live
)
Package graphics Info: Driver file: pdftex.def on input line 94.

(/opt/texlive/2015/texmf-dist/tex/latex/pdftex-def/pdftex.def
File: pdftex.def 2011/05/27 v0.06d Graphics/color for pdfTeX

(/opt/texlive/2015/texmf-dist/tex/generic/oberdiek/infwarerr.sty
Package: infwarerr 2010/04/08 v1.3 Providing info/warning/error messages (HO)
)
(/opt/texlive/2015/texmf-dist/tex/generic/oberdiek/ltxcmds.sty
Package: ltxcmds 2011/11/09 v1.22 LaTeX kernel commands for general use (HO)
)
\Gread@gobject=\count87
))
\Gin@req@height=\dimen104
\Gin@req@width=\dimen105
)
(/opt/texlive/2015/texmf-dist/tex/latex/psnfss/pifont.sty
Package: pifont 2005/04/12 PSNFSS-v9.2a Pi font support (SPQR) 
LaTeX Font Info:    Try loading font information for U+pzd on input line 63.

(/opt/texlive/2015/texmf-dist/tex/latex/psnfss/upzd.fd
File: upzd.fd 2001/06/04 font definitions for U/pzd.
)
LaTeX Font Info:    Try loading font information for U+psy on input line 64.

(/opt/texlive/2015/texmf-dist/tex/latex/psnfss/upsy.fd
File: upsy.fd 2001/06/04 font definitions for U/psy.
))
\c@tnote=\count88
\c@fnote=\count89
\c@cnote=\count90
\c@ead=\count91
\c@author=\count92
\@eadauthor=\toks15
\c@affn=\count93
\absbox=\box26
\keybox=\box27
\Columnwidth=\dimen106
\space@left=\dimen107
\els@boxa=\box28
\els@boxb=\box29
\leftMargin=\dimen108
\@enLab=\toks16
\@sep=\skip43
\@@sep=\skip44

(./MiniProj1_GhostFluid.spl)
(/opt/texlive/2015/texmf-dist/tex/latex/natbib/natbib.sty
Package: natbib 2010/09/13 8.31b (PWD, AO)
\bibhang=\skip45
\bibsep=\skip46
LaTeX Info: Redefining \cite on input line 694.
\c@NAT@ctr=\count94
)
\splwrite=\write3
\openout3 = `MiniProj1_GhostFluid.spl'.


(/opt/texlive/2015/texmf-dist/tex/latex/geometry/geometry.sty
Package: geometry 2010/09/12 v5.6 Page Geometry

(/opt/texlive/2015/texmf-dist/tex/generic/oberdiek/ifpdf.sty
Package: ifpdf 2011/01/30 v2.3 Provides the ifpdf switch (HO)
Package ifpdf Info: pdfTeX in PDF mode is detected.
)
(/opt/texlive/2015/texmf-dist/tex/generic/oberdiek/ifvtex.sty
Package: ifvtex 2010/03/01 v1.5 Detect VTeX and its facilities (HO)
Package ifvtex Info: VTeX not detected.
)
(/opt/texlive/2015/texmf-dist/tex/generic/ifxetex/ifxetex.sty
Package: ifxetex 2010/09/12 v0.6 Provides ifxetex conditional
)
\Gm@cnth=\count95
\Gm@cntv=\count96
\c@Gm@tempcnt=\count97
\Gm@bindingoffset=\dimen109
\Gm@wd@mp=\dimen110
\Gm@odd@mp=\dimen111
\Gm@even@mp=\dimen112
\Gm@layoutwidth=\dimen113
\Gm@layoutheight=\dimen114
\Gm@layouthoffset=\dimen115
\Gm@layoutvoffset=\dimen116
\Gm@dimlist=\toks17
)
(/opt/texlive/2015/texmf-dist/tex/latex/base/fleqn.clo
File: fleqn.clo 2015/03/31 v1.1i Standard LaTeX option (flush left equations)
\mathindent=\dimen117
Applying: [2015/01/01] Make \[ robust on input line 50.
LaTeX Info: Redefining \[ on input line 51.
Already applied: [0000/00/00] Make \[ robust on input line 62.
Applying: [2015/01/01] Make \] robust on input line 74.
LaTeX Info: Redefining \] on input line 75.
Already applied: [0000/00/00] Make \] robust on input line 83.
))
(/opt/texlive/2015/texmf-dist/tex/latex/amsfonts/amssymb.sty
Package: amssymb 2013/01/14 v3.01 AMS font symbols

(/opt/texlive/2015/texmf-dist/tex/latex/amsfonts/amsfonts.sty
Package: amsfonts 2013/01/14 v3.01 Basic AMSFonts support
\@emptytoks=\toks18
\symAMSa=\mathgroup4
\symAMSb=\mathgroup5
LaTeX Font Info:    Overwriting math alphabet `\mathfrak' in version `bold'
(Font)                  U/euf/m/n --> U/euf/b/n on input line 106.
))
(/opt/texlive/2015/texmf-dist/tex/latex/mathtools/mathtools.sty
Package: mathtools 2015/11/12 v1.18 mathematical typesetting tools

(/opt/texlive/2015/texmf-dist/tex/latex/tools/calc.sty
Package: calc 2014/10/28 v4.3 Infix arithmetic (KKT,FJ)
\calc@Acount=\count98
\calc@Bcount=\count99
\calc@Adimen=\dimen118
\calc@Bdimen=\dimen119
\calc@Askip=\skip47
\calc@Bskip=\skip48
LaTeX Info: Redefining \setlength on input line 80.
LaTeX Info: Redefining \addtolength on input line 81.
\calc@Ccount=\count100
\calc@Cskip=\skip49
)
(/opt/texlive/2015/texmf-dist/tex/latex/mathtools/mhsetup.sty
Package: mhsetup 2010/01/21 v1.2a programming setup (MH)
)
(/opt/texlive/2015/texmf-dist/tex/latex/amsmath/amsmath.sty
Package: amsmath 2013/01/14 v2.14 AMS math features
\@mathmargin=\skip50

For additional information on amsmath, use the `?' option.
(/opt/texlive/2015/texmf-dist/tex/latex/amsmath/amstext.sty
Package: amstext 2000/06/29 v2.01

(/opt/texlive/2015/texmf-dist/tex/latex/amsmath/amsgen.sty
File: amsgen.sty 1999/11/30 v2.0
\@emptytoks=\toks19
\ex@=\dimen120
))
(/opt/texlive/2015/texmf-dist/tex/latex/amsmath/amsbsy.sty
Package: amsbsy 1999/11/29 v1.2d
\pmbraise@=\dimen121
)
(/opt/texlive/2015/texmf-dist/tex/latex/amsmath/amsopn.sty
Package: amsopn 1999/12/14 v2.01 operator names
)
\inf@bad=\count101
LaTeX Info: Redefining \frac on input line 210.
\uproot@=\count102
\leftroot@=\count103
LaTeX Info: Redefining \overline on input line 306.
\classnum@=\count104
\DOTSCASE@=\count105
LaTeX Info: Redefining \ldots on input line 378.
LaTeX Info: Redefining \dots on input line 381.
LaTeX Info: Redefining \cdots on input line 466.
\Mathstrutbox@=\box30
\strutbox@=\box31
\big@size=\dimen122
LaTeX Font Info:    Redeclaring font encoding OML on input line 566.
LaTeX Font Info:    Redeclaring font encoding OMS on input line 567.
\macc@depth=\count106
\c@MaxMatrixCols=\count107
\dotsspace@=\muskip10
\c@parentequation=\count108
\dspbrk@lvl=\count109
\tag@help=\toks20
\row@=\count110
\column@=\count111
\maxfields@=\count112
\andhelp@=\toks21
\eqnshift@=\dimen123
\alignsep@=\dimen124
\tagshift@=\dimen125
\tagwidth@=\dimen126
\totwidth@=\dimen127
\lineht@=\dimen128
\@envbody=\toks22
\multlinegap=\skip51
\multlinetaggap=\skip52
\mathdisplay@stack=\toks23
LaTeX Info: Redefining \[ on input line 2665.
LaTeX Info: Redefining \] on input line 2666.
)
LaTeX Info: Thecontrolsequence`\('isalreadyrobust on input line 129.
LaTeX Info: Thecontrolsequence`\)'isalreadyrobust on input line 129.
LaTeX Info: Thecontrolsequence`\['isalreadyrobust on input line 129.
LaTeX Info: Thecontrolsequence`\]'isalreadyrobust on input line 129.
\g_MT_multlinerow_int=\count113
\l_MT_multwidth_dim=\dimen129
\origjot=\skip53
\l_MT_shortvdotswithinadjustabove_dim=\dimen130
\l_MT_shortvdotswithinadjustbelow_dim=\dimen131
\l_MT_above_intertext_sep=\dimen132
\l_MT_below_intertext_sep=\dimen133
\l_MT_above_shortintertext_sep=\dimen134
\l_MT_below_shortintertext_sep=\dimen135
)
(/opt/texlive/2015/texmf-dist/tex/latex/pgf/frontendlayer/tikz.sty
(/opt/texlive/2015/texmf-dist/tex/latex/pgf/basiclayer/pgf.sty
(/opt/texlive/2015/texmf-dist/tex/latex/pgf/utilities/pgfrcs.sty
(/opt/texlive/2015/texmf-dist/tex/generic/pgf/utilities/pgfutil-common.tex
\pgfutil@everybye=\toks24
\pgfutil@tempdima=\dimen136
\pgfutil@tempdimb=\dimen137

(/opt/texlive/2015/texmf-dist/tex/generic/pgf/utilities/pgfutil-common-lists.te
x)) (/opt/texlive/2015/texmf-dist/tex/generic/pgf/utilities/pgfutil-latex.def
\pgfutil@abb=\box32

(/opt/texlive/2015/texmf-dist/tex/latex/ms/everyshi.sty
Package: everyshi 2001/05/15 v3.00 EveryShipout Package (MS)
))
(/opt/texlive/2015/texmf-dist/tex/generic/pgf/utilities/pgfrcs.code.tex
Package: pgfrcs 2015/08/07 v3.0.1a (rcs-revision 1.31)
))
Package: pgf 2015/08/07 v3.0.1a (rcs-revision 1.15)

(/opt/texlive/2015/texmf-dist/tex/latex/pgf/basiclayer/pgfcore.sty
(/opt/texlive/2015/texmf-dist/tex/latex/pgf/systemlayer/pgfsys.sty
(/opt/texlive/2015/texmf-dist/tex/generic/pgf/systemlayer/pgfsys.code.tex
Package: pgfsys 2014/07/09 v3.0.1a (rcs-revision 1.48)

(/opt/texlive/2015/texmf-dist/tex/generic/pgf/utilities/pgfkeys.code.tex
\pgfkeys@pathtoks=\toks25
\pgfkeys@temptoks=\toks26

(/opt/texlive/2015/texmf-dist/tex/generic/pgf/utilities/pgfkeysfiltered.code.te
x
\pgfkeys@tmptoks=\toks27
))
\pgf@x=\dimen138
\pgf@y=\dimen139
\pgf@xa=\dimen140
\pgf@ya=\dimen141
\pgf@xb=\dimen142
\pgf@yb=\dimen143
\pgf@xc=\dimen144
\pgf@yc=\dimen145
\w@pgf@writea=\write4
\r@pgf@reada=\read1
\c@pgf@counta=\count114
\c@pgf@countb=\count115
\c@pgf@countc=\count116
\c@pgf@countd=\count117
\t@pgf@toka=\toks28
\t@pgf@tokb=\toks29
\t@pgf@tokc=\toks30
 (/opt/texlive/2015/texmf-dist/tex/generic/pgf/systemlayer/pgf.cfg
File: pgf.cfg 2008/05/14  (rcs-revision 1.7)
)
Driver file for pgf: pgfsys-pdftex.def

(/opt/texlive/2015/texmf-dist/tex/generic/pgf/systemlayer/pgfsys-pdftex.def
File: pgfsys-pdftex.def 2014/10/11  (rcs-revision 1.35)

(/opt/texlive/2015/texmf-dist/tex/generic/pgf/systemlayer/pgfsys-common-pdf.def
File: pgfsys-common-pdf.def 2013/10/10  (rcs-revision 1.13)
)))
(/opt/texlive/2015/texmf-dist/tex/generic/pgf/systemlayer/pgfsyssoftpath.code.t
ex
File: pgfsyssoftpath.code.tex 2013/09/09  (rcs-revision 1.9)
\pgfsyssoftpath@smallbuffer@items=\count118
\pgfsyssoftpath@bigbuffer@items=\count119
)
(/opt/texlive/2015/texmf-dist/tex/generic/pgf/systemlayer/pgfsysprotocol.code.t
ex
File: pgfsysprotocol.code.tex 2006/10/16  (rcs-revision 1.4)
)) (/opt/texlive/2015/texmf-dist/tex/latex/xcolor/xcolor.sty
Package: xcolor 2007/01/21 v2.11 LaTeX color extensions (UK)

(/opt/texlive/2015/texmf-dist/tex/latex/latexconfig/color.cfg
File: color.cfg 2007/01/18 v1.5 color configuration of teTeX/TeXLive
)
Package xcolor Info: Driver file: pdftex.def on input line 225.
Package xcolor Info: Model `cmy' substituted by `cmy0' on input line 1337.
Package xcolor Info: Model `hsb' substituted by `rgb' on input line 1341.
Package xcolor Info: Model `RGB' extended on input line 1353.
Package xcolor Info: Model `HTML' substituted by `rgb' on input line 1355.
Package xcolor Info: Model `Hsb' substituted by `hsb' on input line 1356.
Package xcolor Info: Model `tHsb' substituted by `hsb' on input line 1357.
Package xcolor Info: Model `HSB' substituted by `hsb' on input line 1358.
Package xcolor Info: Model `Gray' substituted by `gray' on input line 1359.
Package xcolor Info: Model `wave' substituted by `hsb' on input line 1360.
)
(/opt/texlive/2015/texmf-dist/tex/generic/pgf/basiclayer/pgfcore.code.tex
Package: pgfcore 2010/04/11 v3.0.1a (rcs-revision 1.7)

(/opt/texlive/2015/texmf-dist/tex/generic/pgf/math/pgfmath.code.tex
(/opt/texlive/2015/texmf-dist/tex/generic/pgf/math/pgfmathcalc.code.tex
(/opt/texlive/2015/texmf-dist/tex/generic/pgf/math/pgfmathutil.code.tex)
(/opt/texlive/2015/texmf-dist/tex/generic/pgf/math/pgfmathparser.code.tex
\pgfmath@dimen=\dimen146
\pgfmath@count=\count120
\pgfmath@box=\box33
\pgfmath@toks=\toks31
\pgfmath@stack@operand=\toks32
\pgfmath@stack@operation=\toks33
)
(/opt/texlive/2015/texmf-dist/tex/generic/pgf/math/pgfmathfunctions.code.tex
(/opt/texlive/2015/texmf-dist/tex/generic/pgf/math/pgfmathfunctions.basic.code.
tex)
(/opt/texlive/2015/texmf-dist/tex/generic/pgf/math/pgfmathfunctions.trigonometr
ic.code.tex)
(/opt/texlive/2015/texmf-dist/tex/generic/pgf/math/pgfmathfunctions.random.code
.tex)
(/opt/texlive/2015/texmf-dist/tex/generic/pgf/math/pgfmathfunctions.comparison.
code.tex)
(/opt/texlive/2015/texmf-dist/tex/generic/pgf/math/pgfmathfunctions.base.code.t
ex)
(/opt/texlive/2015/texmf-dist/tex/generic/pgf/math/pgfmathfunctions.round.code.
tex)
(/opt/texlive/2015/texmf-dist/tex/generic/pgf/math/pgfmathfunctions.misc.code.t
ex)
(/opt/texlive/2015/texmf-dist/tex/generic/pgf/math/pgfmathfunctions.integerarit
hmetics.code.tex)))
(/opt/texlive/2015/texmf-dist/tex/generic/pgf/math/pgfmathfloat.code.tex
\c@pgfmathroundto@lastzeros=\count121
))
(/opt/texlive/2015/texmf-dist/tex/generic/pgf/basiclayer/pgfcorepoints.code.tex
File: pgfcorepoints.code.tex 2013/10/07  (rcs-revision 1.27)
\pgf@picminx=\dimen147
\pgf@picmaxx=\dimen148
\pgf@picminy=\dimen149
\pgf@picmaxy=\dimen150
\pgf@pathminx=\dimen151
\pgf@pathmaxx=\dimen152
\pgf@pathminy=\dimen153
\pgf@pathmaxy=\dimen154
\pgf@xx=\dimen155
\pgf@xy=\dimen156
\pgf@yx=\dimen157
\pgf@yy=\dimen158
\pgf@zx=\dimen159
\pgf@zy=\dimen160
)
(/opt/texlive/2015/texmf-dist/tex/generic/pgf/basiclayer/pgfcorepathconstruct.c
ode.tex
File: pgfcorepathconstruct.code.tex 2013/10/07  (rcs-revision 1.29)
\pgf@path@lastx=\dimen161
\pgf@path@lasty=\dimen162
)
(/opt/texlive/2015/texmf-dist/tex/generic/pgf/basiclayer/pgfcorepathusage.code.
tex
File: pgfcorepathusage.code.tex 2014/11/02  (rcs-revision 1.24)
\pgf@shorten@end@additional=\dimen163
\pgf@shorten@start@additional=\dimen164
)
(/opt/texlive/2015/texmf-dist/tex/generic/pgf/basiclayer/pgfcorescopes.code.tex
File: pgfcorescopes.code.tex 2015/05/08  (rcs-revision 1.46)
\pgfpic=\box34
\pgf@hbox=\box35
\pgf@layerbox@main=\box36
\pgf@picture@serial@count=\count122
)
(/opt/texlive/2015/texmf-dist/tex/generic/pgf/basiclayer/pgfcoregraphicstate.co
de.tex
File: pgfcoregraphicstate.code.tex 2014/11/02  (rcs-revision 1.12)
\pgflinewidth=\dimen165
)
(/opt/texlive/2015/texmf-dist/tex/generic/pgf/basiclayer/pgfcoretransformations
.code.tex
File: pgfcoretransformations.code.tex 2015/08/07  (rcs-revision 1.20)
\pgf@pt@x=\dimen166
\pgf@pt@y=\dimen167
\pgf@pt@temp=\dimen168
)
(/opt/texlive/2015/texmf-dist/tex/generic/pgf/basiclayer/pgfcorequick.code.tex
File: pgfcorequick.code.tex 2008/10/09  (rcs-revision 1.3)
)
(/opt/texlive/2015/texmf-dist/tex/generic/pgf/basiclayer/pgfcoreobjects.code.te
x
File: pgfcoreobjects.code.tex 2006/10/11  (rcs-revision 1.2)
)
(/opt/texlive/2015/texmf-dist/tex/generic/pgf/basiclayer/pgfcorepathprocessing.
code.tex
File: pgfcorepathprocessing.code.tex 2013/09/09  (rcs-revision 1.9)
)
(/opt/texlive/2015/texmf-dist/tex/generic/pgf/basiclayer/pgfcorearrows.code.tex
File: pgfcorearrows.code.tex 2015/05/14  (rcs-revision 1.43)
\pgfarrowsep=\dimen169
)
(/opt/texlive/2015/texmf-dist/tex/generic/pgf/basiclayer/pgfcoreshade.code.tex
File: pgfcoreshade.code.tex 2013/07/15  (rcs-revision 1.15)
\pgf@max=\dimen170
\pgf@sys@shading@range@num=\count123
) (/opt/texlive/2015/texmf-dist/tex/generic/pgf/basiclayer/pgfcoreimage.code.te
x
File: pgfcoreimage.code.tex 2013/07/15  (rcs-revision 1.18)

(/opt/texlive/2015/texmf-dist/tex/generic/pgf/basiclayer/pgfcoreexternal.code.t
ex
File: pgfcoreexternal.code.tex 2014/07/09  (rcs-revision 1.21)
\pgfexternal@startupbox=\box37
))
(/opt/texlive/2015/texmf-dist/tex/generic/pgf/basiclayer/pgfcorelayers.code.tex
File: pgfcorelayers.code.tex 2013/07/18  (rcs-revision 1.7)
)
(/opt/texlive/2015/texmf-dist/tex/generic/pgf/basiclayer/pgfcoretransparency.co
de.tex
File: pgfcoretransparency.code.tex 2013/09/30  (rcs-revision 1.5)
)
(/opt/texlive/2015/texmf-dist/tex/generic/pgf/basiclayer/pgfcorepatterns.code.t
ex
File: pgfcorepatterns.code.tex 2013/11/07  (rcs-revision 1.5)
)))
(/opt/texlive/2015/texmf-dist/tex/generic/pgf/modules/pgfmoduleshapes.code.tex
File: pgfmoduleshapes.code.tex 2014/03/21  (rcs-revision 1.35)
\pgfnodeparttextbox=\box38
) (/opt/texlive/2015/texmf-dist/tex/generic/pgf/modules/pgfmoduleplot.code.tex
File: pgfmoduleplot.code.tex 2015/08/03  (rcs-revision 1.13)
)
(/opt/texlive/2015/texmf-dist/tex/latex/pgf/compatibility/pgfcomp-version-0-65.
sty
Package: pgfcomp-version-0-65 2007/07/03 v3.0.1a (rcs-revision 1.7)
\pgf@nodesepstart=\dimen171
\pgf@nodesepend=\dimen172
)
(/opt/texlive/2015/texmf-dist/tex/latex/pgf/compatibility/pgfcomp-version-1-18.
sty
Package: pgfcomp-version-1-18 2007/07/23 v3.0.1a (rcs-revision 1.1)
)) (/opt/texlive/2015/texmf-dist/tex/latex/pgf/utilities/pgffor.sty
(/opt/texlive/2015/texmf-dist/tex/latex/pgf/utilities/pgfkeys.sty
(/opt/texlive/2015/texmf-dist/tex/generic/pgf/utilities/pgfkeys.code.tex))
(/opt/texlive/2015/texmf-dist/tex/latex/pgf/math/pgfmath.sty
(/opt/texlive/2015/texmf-dist/tex/generic/pgf/math/pgfmath.code.tex))
(/opt/texlive/2015/texmf-dist/tex/generic/pgf/utilities/pgffor.code.tex
Package: pgffor 2013/12/13 v3.0.1a (rcs-revision 1.25)

(/opt/texlive/2015/texmf-dist/tex/generic/pgf/math/pgfmath.code.tex)
\pgffor@iter=\dimen173
\pgffor@skip=\dimen174
\pgffor@stack=\toks34
\pgffor@toks=\toks35
))
(/opt/texlive/2015/texmf-dist/tex/generic/pgf/frontendlayer/tikz/tikz.code.tex
Package: tikz 2015/08/07 v3.0.1a (rcs-revision 1.151)

(/opt/texlive/2015/texmf-dist/tex/generic/pgf/libraries/pgflibraryplothandlers.
code.tex
File: pgflibraryplothandlers.code.tex 2013/08/31 v3.0.1a (rcs-revision 1.20)
\pgf@plot@mark@count=\count124
\pgfplotmarksize=\dimen175
)
\tikz@lastx=\dimen176
\tikz@lasty=\dimen177
\tikz@lastxsaved=\dimen178
\tikz@lastysaved=\dimen179
\tikzleveldistance=\dimen180
\tikzsiblingdistance=\dimen181
\tikz@figbox=\box39
\tikz@figbox@bg=\box40
\tikz@tempbox=\box41
\tikz@tempbox@bg=\box42
\tikztreelevel=\count125
\tikznumberofchildren=\count126
\tikznumberofcurrentchild=\count127
\tikz@fig@count=\count128

(/opt/texlive/2015/texmf-dist/tex/generic/pgf/modules/pgfmodulematrix.code.tex
File: pgfmodulematrix.code.tex 2013/09/17  (rcs-revision 1.8)
\pgfmatrixcurrentrow=\count129
\pgfmatrixcurrentcolumn=\count130
\pgf@matrix@numberofcolumns=\count131
)
\tikz@expandcount=\count132

(/opt/texlive/2015/texmf-dist/tex/generic/pgf/frontendlayer/tikz/libraries/tikz
librarytopaths.code.tex
File: tikzlibrarytopaths.code.tex 2008/06/17 v3.0.1a (rcs-revision 1.2)
)))
(/opt/texlive/2015/texmf-dist/tex/latex/pgfplots/pgfplots.sty
(/opt/texlive/2015/texmf-dist/tex/generic/pgfplots/pgfplots.revision.tex)
Package: pgfplots 2015/05/02 v1.12.1 Data Visualization (1.12.1)

(/opt/texlive/2015/texmf-dist/tex/generic/pgfplots/pgfplots.code.tex
(/opt/texlive/2015/texmf-dist/tex/generic/pgfplots/pgfplotscore.code.tex
\t@pgfplots@toka=\toks36
\t@pgfplots@tokb=\toks37
\t@pgfplots@tokc=\toks38
\pgfplots@tmpa=\dimen182
\c@pgfplots@coordindex=\count133
\c@pgfplots@scanlineindex=\count134

(/opt/texlive/2015/texmf-dist/tex/generic/pgfplots/sys/pgfplotssysgeneric.code.
tex))
(/opt/texlive/2015/texmf-dist/tex/generic/pgfplots/libs/pgfplotslibrary.code.te
x)
(/opt/texlive/2015/texmf-dist/tex/generic/pgfplots/oldpgfcompatib/pgfplotsoldpg
fsupp_loader.code.tex
(/opt/texlive/2015/texmf-dist/tex/generic/pgf/libraries/pgflibraryfpu.code.tex)
) (/opt/texlive/2015/texmf-dist/tex/generic/pgfplots/util/pgfplotsutil.code.tex

(/opt/texlive/2015/texmf-dist/tex/generic/pgfplots/liststructure/pgfplotslistst
ructure.code.tex)
(/opt/texlive/2015/texmf-dist/tex/generic/pgfplots/liststructure/pgfplotslistst
ructureext.code.tex)
(/opt/texlive/2015/texmf-dist/tex/generic/pgfplots/liststructure/pgfplotsarray.
code.tex
\c@pgfplotsarray@tmp=\count135
)
(/opt/texlive/2015/texmf-dist/tex/generic/pgfplots/liststructure/pgfplotsmatrix
.code.tex)
(/opt/texlive/2015/texmf-dist/tex/generic/pgfplots/numtable/pgfplotstableshared
.code.tex
\c@pgfplotstable@counta=\count136
\t@pgfplotstable@a=\toks39
)
(/opt/texlive/2015/texmf-dist/tex/generic/pgfplots/liststructure/pgfplotsdeque.
code.tex)
(/opt/texlive/2015/texmf-dist/tex/generic/pgfplots/util/pgfplotsbinary.code.tex

(/opt/texlive/2015/texmf-dist/tex/generic/pgfplots/util/pgfplotsbinary.data.cod
e.tex))
(/opt/texlive/2015/texmf-dist/tex/generic/pgfplots/util/pgfplotsutil.verb.code.
tex)
(/opt/texlive/2015/texmf-dist/tex/generic/pgfplots/libs/pgflibrarypgfplots.surf
shading.code.tex
\c@pgfplotslibrarysurf@no=\count137

(/opt/texlive/2015/texmf-dist/tex/generic/pgfplots/sys/pgflibrarypgfplots.surfs
hading.pgfsys-pdftex.def)))
(/opt/texlive/2015/texmf-dist/tex/generic/pgfplots/util/pgfplotscolormap.code.t
ex
(/opt/texlive/2015/texmf-dist/tex/generic/pgfplots/util/pgfplotscolor.code.tex)
)
(/opt/texlive/2015/texmf-dist/tex/generic/pgfplots/pgfplotsstackedplots.code.te
x)
(/opt/texlive/2015/texmf-dist/tex/generic/pgfplots/pgfplotsplothandlers.code.te
x
(/opt/texlive/2015/texmf-dist/tex/generic/pgfplots/pgfplotsmeshplothandler.code
.tex))
(/opt/texlive/2015/texmf-dist/tex/generic/pgfplots/pgfplots.scaling.code.tex)
(/opt/texlive/2015/texmf-dist/tex/generic/pgfplots/pgfplotscoordprocessing.code
.tex)
(/opt/texlive/2015/texmf-dist/tex/generic/pgfplots/pgfplots.errorbars.code.tex)
(/opt/texlive/2015/texmf-dist/tex/generic/pgfplots/pgfplots.markers.code.tex)
(/opt/texlive/2015/texmf-dist/tex/generic/pgfplots/pgfplotsticks.code.tex)
(/opt/texlive/2015/texmf-dist/tex/generic/pgfplots/pgfplots.paths.code.tex)
(/opt/texlive/2015/texmf-dist/tex/generic/pgf/frontendlayer/tikz/libraries/tikz
librarydecorations.code.tex
(/opt/texlive/2015/texmf-dist/tex/generic/pgf/modules/pgfmoduledecorations.code
.tex
\pgfdecoratedcompleteddistance=\dimen183
\pgfdecoratedremainingdistance=\dimen184
\pgfdecoratedinputsegmentcompleteddistance=\dimen185
\pgfdecoratedinputsegmentremainingdistance=\dimen186
\pgf@decorate@distancetomove=\dimen187
\pgf@decorate@repeatstate=\count138
\pgfdecorationsegmentamplitude=\dimen188
\pgfdecorationsegmentlength=\dimen189
)
\tikz@lib@dec@box=\box43
)
(/opt/texlive/2015/texmf-dist/tex/generic/pgf/frontendlayer/tikz/libraries/tikz
librarydecorations.pathmorphing.code.tex
(/opt/texlive/2015/texmf-dist/tex/generic/pgf/libraries/decorations/pgflibraryd
ecorations.pathmorphing.code.tex))
(/opt/texlive/2015/texmf-dist/tex/generic/pgf/frontendlayer/tikz/libraries/tikz
librarydecorations.pathreplacing.code.tex
(/opt/texlive/2015/texmf-dist/tex/generic/pgf/libraries/decorations/pgflibraryd
ecorations.pathreplacing.code.tex))
\pgfplots@numplots=\count139
\pgfplots@xmin@reg=\dimen190
\pgfplots@xmax@reg=\dimen191
\pgfplots@ymin@reg=\dimen192
\pgfplots@ymax@reg=\dimen193
\pgfplots@zmin@reg=\dimen194
\pgfplots@zmax@reg=\dimen195
)
(/opt/texlive/2015/texmf-dist/tex/generic/pgf/frontendlayer/tikz/libraries/tikz
libraryplotmarks.code.tex
File: tikzlibraryplotmarks.code.tex 2008/01/09 v3.0.1a (rcs-revision 1.1)

(/opt/texlive/2015/texmf-dist/tex/generic/pgf/libraries/pgflibraryplotmarks.cod
e.tex
File: pgflibraryplotmarks.code.tex 2015/08/03 v3.0.1a (rcs-revision 1.14)
))) (/opt/texlive/2015/texmf-dist/tex/latex/algorithm2e/algorithm2e.sty
Package: algorithm2e 2013/01/06 v5.00 algorithms environments
\c@AlgoLine=\count140

(/opt/texlive/2015/texmf-dist/tex/latex/base/ifthen.sty
Package: ifthen 2014/09/29 v1.1c Standard LaTeX ifthen package (DPC)
)
\algocf@hangindent=\skip54

(/opt/texlive/2015/texmf-dist/tex/latex/tools/xspace.sty
Package: xspace 2014/10/28 v1.13 Space after command names (DPC,MH)
)
(/opt/texlive/2015/texmf-dist/tex/latex/relsize/relsize.sty
Package: relsize 2013/03/29 ver 4.1
)
********************************************************
Package `algorithm2e' Release 5.1 -- october 19 2015 --
- algorithm2e-announce@lirmm.fr mailing list for announcement about releases
- algorithm2e-discussion@lirmm.fr mailing list for discussion about package
subscribe by emailing sympa@lirmm.fr with 'subscribe <list> <firstname name>'
- Author: Christophe Fiorio (christophe.fiorio@umontpellier.fr)
********************************************************
\skiptotal=\skip55
\skiplinenumber=\skip56
\skiprule=\skip57
\skiphlne=\skip58
\skiptext=\skip59
\skiplength=\skip60
\algomargin=\skip61
\skipalgocfslide=\skip62
\algowidth=\dimen196
\inoutsize=\dimen197
\inoutindent=\dimen198
\interspacetitleruled=\dimen199
\interspacealgoruled=\dimen256
\interspacetitleboxruled=\dimen257
\algocf@ruledwidth=\skip63
\algocf@inoutbox=\box44
\algocf@inputbox=\box45
\AlCapSkip=\skip64
\AlCapHSkip=\skip65
\algoskipindent=\skip66
\algocf@nlbox=\box46
\algocf@hangingbox=\box47
\algocf@untilbox=\box48
\algocf@skipuntil=\skip67
\algocf@capbox=\box49
\algoheightruledefault=\skip68
\algoheightrule=\skip69
\algotitleheightruledefault=\skip70
\algotitleheightrule=\skip71
\c@algocfline=\count141
\c@algocfproc=\count142
\c@algocf=\count143
\algocf@algoframe=\box50
\algocf@algobox=\box51
)
(/opt/texlive/2015/texmf-dist/tex/generic/pgfplots/libs/tikzlibrarypgfplots.gro
upplots.code.tex
\pgfplots@group@current@plot=\count144
\pgfplots@group@current@row=\count145
\pgfplots@group@current@column=\count146

(/opt/texlive/2015/texmf-dist/tex/generic/pgf/frontendlayer/tikz/libraries/tikz
librarycalc.code.tex
File: tikzlibrarycalc.code.tex 2013/07/15 v3.0.1a (rcs-revision 1.9)
))
(/opt/texlive/2015/texmf-dist/tex/generic/pgfplots/libs/tikzlibrarypgfplots.ext
ernal.code.tex
(/opt/texlive/2015/texmf-dist/tex/latex/pgf/frontendlayer/libraries/tikzlibrary
external.code.tex
(/opt/texlive/2015/texmf-dist/tex/generic/oberdiek/pdftexcmds.sty
Package: pdftexcmds 2011/11/29 v0.20 Utility functions of pdfTeX for LuaTeX (HO
)

(/opt/texlive/2015/texmf-dist/tex/generic/oberdiek/ifluatex.sty
Package: ifluatex 2010/03/01 v1.3 Provides the ifluatex switch (HO)
Package ifluatex Info: LuaTeX not detected.
)
Package pdftexcmds Info: LuaTeX not detected.
Package pdftexcmds Info: \pdf@primitive is available.
Package pdftexcmds Info: \pdf@ifprimitive is available.
Package pdftexcmds Info: \pdfdraftmode found.
)
(/opt/texlive/2015/texmf-dist/tex/generic/pgf/frontendlayer/tikz/libraries/tikz
externalshared.code.tex)))
\openout4 = `MiniProj1_GhostFluid.auxlock'.

 (./MiniProj1_GhostFluid.aux)
\openout1 = `MiniProj1_GhostFluid.aux'.

LaTeX Font Info:    Checking defaults for OML/cmm/m/it on input line 19.
LaTeX Font Info:    ... okay on input line 19.
LaTeX Font Info:    Checking defaults for T1/cmr/m/n on input line 19.
LaTeX Font Info:    ... okay on input line 19.
LaTeX Font Info:    Checking defaults for OT1/cmr/m/n on input line 19.
LaTeX Font Info:    ... okay on input line 19.
LaTeX Font Info:    Checking defaults for OMS/cmsy/m/n on input line 19.
LaTeX Font Info:    ... okay on input line 19.
LaTeX Font Info:    Checking defaults for OMX/cmex/m/n on input line 19.
LaTeX Font Info:    ... okay on input line 19.
LaTeX Font Info:    Checking defaults for U/cmr/m/n on input line 19.
LaTeX Font Info:    ... okay on input line 19.

(/opt/texlive/2015/texmf-dist/tex/context/base/supp-pdf.mkii
[Loading MPS to PDF converter (version 2006.09.02).]
\scratchcounter=\count147
\scratchdimen=\dimen258
\scratchbox=\box52
\nofMPsegments=\count148
\nofMParguments=\count149
\everyMPshowfont=\toks40
\MPscratchCnt=\count150
\MPscratchDim=\dimen259
\MPnumerator=\count151
\makeMPintoPDFobject=\count152
\everyMPtoPDFconversion=\toks41
) (/opt/texlive/2015/texmf-dist/tex/latex/oberdiek/epstopdf-base.sty
Package: epstopdf-base 2010/02/09 v2.5 Base part for package epstopdf

(/opt/texlive/2015/texmf-dist/tex/latex/oberdiek/grfext.sty
Package: grfext 2010/08/19 v1.1 Manage graphics extensions (HO)

(/opt/texlive/2015/texmf-dist/tex/generic/oberdiek/kvdefinekeys.sty
Package: kvdefinekeys 2011/04/07 v1.3 Define keys (HO)
))
(/opt/texlive/2015/texmf-dist/tex/latex/oberdiek/kvoptions.sty
Package: kvoptions 2011/06/30 v3.11 Key value format for package options (HO)

(/opt/texlive/2015/texmf-dist/tex/generic/oberdiek/kvsetkeys.sty
Package: kvsetkeys 2012/04/25 v1.16 Key value parser (HO)

(/opt/texlive/2015/texmf-dist/tex/generic/oberdiek/etexcmds.sty
Package: etexcmds 2011/02/16 v1.5 Avoid name clashes with e-TeX commands (HO)
Package etexcmds Info: Could not find \expanded.
(etexcmds)             That can mean that you are not using pdfTeX 1.50 or
(etexcmds)             that some package has redefined \expanded.
(etexcmds)             In the latter case, load this package earlier.
)))
Package grfext Info: Graphics extension search list:
(grfext)             [.png,.pdf,.jpg,.mps,.jpeg,.jbig2,.jb2,.PNG,.PDF,.JPG,.JPE
G,.JBIG2,.JB2,.eps]
(grfext)             \AppendGraphicsExtensions on input line 452.

(/opt/texlive/2015/texmf-dist/tex/latex/latexconfig/epstopdf-sys.cfg
File: epstopdf-sys.cfg 2010/07/13 v1.3 Configuration of (r)epstopdf for TeX Liv
e
))
*geometry* driver: auto-detecting
*geometry* detected driver: pdftex
*geometry* verbose mode - [ preamble ] result:
* driver: pdftex
* paper: custom
* layout: <same size as paper>
* layoutoffset:(h,v)=(0.0pt,0.0pt)
* hratio: 1:1
* vratio: 1:1
* modes: 
* h-part:(L,W,R)=(64.75394pt, 468.0pt, 64.75394pt)
* v-part:(T,H,B)=(111.52342pt, 622.0pt, 111.52342pt)
* \paperwidth=597.50787pt
* \paperheight=845.04684pt
* \textwidth=468.0pt
* \textheight=622.0pt
* \oddsidemargin=-7.51605pt
* \evensidemargin=-7.51605pt
* \topmargin=-22.74657pt
* \headheight=50.0pt
* \headsep=12.0pt
* \topskip=10.0pt
* \footskip=18.0pt
* \marginparwidth=4.0pt
* \marginparsep=10.0pt
* \columnsep=24.0pt
* \skip\footins=24.0pt plus 2.0pt minus 12.0pt
* \hoffset=0.0pt
* \voffset=0.0pt
* \mag=1000
* \@twocolumntrue
* \@twosidefalse
* \@mparswitchfalse
* \@reversemarginfalse
* (1in=72.27pt=25.4mm, 1cm=28.453pt)

ABD: EveryShipout initializing macros
Package pgfplots notification 'compat/show suggested version=true': document ha
s been generated with the most recent feature set (\pgfplotsset{compat=1.12}).

LaTeX Font Info:    Try loading font information for U+msa on input line 39.
(/opt/texlive/2015/texmf-dist/tex/latex/amsfonts/umsa.fd
File: umsa.fd 2013/01/14 v3.01 AMS symbols A
)
LaTeX Font Info:    Try loading font information for U+msb on input line 39.

(/opt/texlive/2015/texmf-dist/tex/latex/amsfonts/umsb.fd
File: umsb.fd 2013/01/14 v3.01 AMS symbols B
) [1{/opt/texlive/2015/texmf-var/fonts/map/pdftex/updmap/pdftex.map}


]
===== Image 'MiniProj1_GhostFluid-figure0' is up-to-date. ======
[2]
Missing character: There is no Â in font cmr10!
Missing character: There is no   in font cmr10!

Overfull \hbox (5.30852pt too wide) detected at line 279
\OML/cmm/m/it/10 f[]\OT1/cmr/m/n/10 (\OML/cmm/m/it/10 p\OT1/cmr/m/n/10 ) = []  
\OML/cmm/m/it/10 ;
 []


Overfull \hbox (6.78558pt too wide) detected at line 287
\OML/cmm/m/it/10 A[] \OT1/cmr/m/n/10 = [] \OML/cmm/m/it/10 ;  B[] \OT1/cmr/m/n/
10 = [] \OML/cmm/m/it/10 :
 []

Missing character: There is no Â in font cmr10!
Missing character: There is no   in font cmr10!
[3 <./MiniProj1_GhostFluid-figure0.pdf>]
Overfull \hbox (11.64706pt too wide) detected at line 381
\OML/cmm/m/it/10 S[] \OMS/cmsy/m/n/10 ^^Y [] \OML/cmm/m/it/10 :
 []

[4]
===== Image 'MiniProj1_GhostFluid-figure1' is up-to-date. ======
[5 <./MiniProj1_GhostFluid-figure1.pdf>]
===== Image 'MiniProj1_GhostFluid-figure2' is up-to-date. ======
Missing character: There is no Â in font cmr10!
Missing character: There is no   in font cmr10!
[6 <./MiniProj1_GhostFluid-figure2.pdf>]
PGFPlots: reading {../Results/MPA_OGFM_FORCE_N5000.out}
PGFPlots: reading {../Results/MPA_single_SLIC_minbee_N100.out}
PGFPlots: reading {../Results/MPA_single_MUSCL_minbee_N100.out}
PGFPlots: reading {../Results/MPA_OGFMIF_MUSCL_minbee_N100.out}
PGFPlots: reading {../Results/MPA_MGFM_MUSCL_minbee_N100.out}

===== Image 'MiniProj1_GhostFluid-figure3' is up-to-date. ======
PGFPlots: reading {../Results/MPB_OGFM_FORCE_N5000.out}
PGFPlots: reading {../Results/MPB_OGFMIF_MUSCL_minbee_N100.out}
PGFPlots: reading {../Results/MPB_MGFM_MUSCL_minbee_N100.out}
===== Image 'MiniProj1_GhostFluid-figure4' is up-to-date. ======
[7 <./MiniProj1_GhostFluid-figure3.pdf> <./MiniProj1_GhostFluid-figure4.pdf>]
PGFPlots: reading {../Results/Toro1_OGFM_FORCE_N5000.out}
PGFPlots: reading {../Results/Toro1_OGFMIF_MUSCL_minbee_N100.out}
PGFPlots: reading {../Results/Toro1_OGFM_MUSCL_minbee_N100.out}

===== Image 'MiniProj1_GhostFluid-figure5' is up-to-date. ======
PGFPlots: reading {../Results/Toro3_OGFM_FORCE_N5000.out}
PGFPlots: reading {../Results/Toro3_MGFM_MUSCL_minbee_N100.out}
PGFPlots: reading {../Results/Toro3_MGFM_MUSCL_superbee_N100.out}
===== Image 'MiniProj1_GhostFluid-figure6' is up-to-date. ======
[8 <./MiniProj1_GhostFluid-figure5.pdf> <./MiniProj1_GhostFluid-figure6.pdf>]
Missing character: There is no Ã in font cmr10!
Missing character: There is no º in font cmr10!

Overfull \hbox (10.30592pt too wide) in paragraph at lines 1108--1117
 [][] 
 []

PGFPlots: reading {../Results/MPC_OGFM_FORCE_N5000.out}
PGFPlots: reading {../Results/MPC_OGFMIF_MUSCL_minbee_N100.out}
PGFPlots: reading {../Results/MPC_OGFMIF_MUSCL_minbee_N200.out}
PGFPlots: reading {../Results/MPC_OGFMIF_MUSCL_minbee_N400.out}
PGFPlots: reading {../Results/MPC_OGFMIF_MUSCL_minbee_N2000.out}
PGFPlots: reading {../Results/MPC_MGFM_MUSCL_minbee_N100.out}
PGFPlots: reading {../Results/MPC_MGFM_MUSCL_minbee_N200.out}
PGFPlots: reading {../Results/MPC_MGFM_MUSCL_minbee_N400.out}
PGFPlots: reading {../Results/MPC_MGFM_MUSCL_minbee_N2000.out}
===== Image 'MiniProj1_GhostFluid-figure7' is up-to-date. ======

Overfull \hbox (10.30592pt too wide) in paragraph at lines 1260--1270
 [][] 
 []

Missing character: There is no Â in font cmr10!
Missing character: There is no   in font cmr10!
[9]
PGFPlots: reading {../Results/MPD_OGFMIF_MUSCL_minbee_N100.out}
PGFPlots: reading {../Results/MPD_OGFMIF_MUSCL_minbee_N200.out}
PGFPlots: reading {../Results/MPD_OGFMIF_MUSCL_minbee_N400.out}
PGFPlots: reading {../Results/MPD_OGFMIF_MUSCL_minbee_N2000.out}
PGFPlots: reading {../Results/MPD_MGFM_MUSCL_minbee_N100.out}
PGFPlots: reading {../Results/MPD_MGFM_MUSCL_minbee_N200.out}
PGFPlots: reading {../Results/MPD_MGFM_MUSCL_minbee_N400.out}
PGFPlots: reading {../Results/MPD_MGFM_MUSCL_minbee_N2000.out}

===== Image 'MiniProj1_GhostFluid-figure8' is up-to-date. ======
[10 <./MiniProj1_GhostFluid-figure7.pdf>]
PGFPlots: reading {../Results/MPE_OGFM_FORCE_N5000.out}
PGFPlots: reading {../Results/MPE_OGFMIF_MUSCL_minbee_N100.out}
PGFPlots: reading {../Results/MPE_OGFMIF_MUSCL_minbee_N200.out}
PGFPlots: reading {../Results/MPE_OGFMIF_MUSCL_minbee_N400.out}
PGFPlots: reading {../Results/MPE_MGFM_MUSCL_minbee_N100.out}
PGFPlots: reading {../Results/MPE_MGFM_MUSCL_minbee_N200.out}
PGFPlots: reading {../Results/MPE_MGFM_MUSCL_minbee_N400.out}

===== Image 'MiniProj1_GhostFluid-figure9' is up-to-date. ======
[11 <./MiniProj1_GhostFluid-figure8.pdf>] (./MiniProj1_GhostFluid.bbl
Underfull \vbox (badness 10000) has occurred while \output is active []

 [12 <./MiniProj1_GhostFluid-figure9.pdf>]
Underfull \hbox (badness 1845) in paragraph at lines 92--95
\OT1/cmr/m/n/8 Dif-feren-zen-gle-ichun-gen der math-e-ma-tis-chen Physik,
 []


Underfull \hbox (badness 3514) in paragraph at lines 124--127
\OT1/cmr/m/n/8 curvature-dependent speed: al-go-rithms based on
 []


Underfull \vbox (badness 10000) has occurred while \output is active []

)
PGFPlots: reading {../Results/Toro1_OGFM_FORCE_N5000.out}
PGFPlots: reading {../Results/Toro1_OGFMIF_MUSCL_minbee_N100.out}
PGFPlots: reading {../Results/Toro1_OGFMIF_MUSCL_minbee_N200.out}
PGFPlots: reading {../Results/Toro1_OGFMIF_MUSCL_minbee_N400.out}
PGFPlots: reading {../Results/Toro1_MGFM_MUSCL_minbee_N100.out}
PGFPlots: reading {../Results/Toro1_MGFM_MUSCL_minbee_N200.out}
PGFPlots: reading {../Results/Toro1_MGFM_MUSCL_minbee_N400.out}

===== Image 'MiniProj1_GhostFluid-figure10' is up-to-date. ======
PGFPlots: reading {../Results/Toro2_OGFM_FORCE_N5000.out}
PGFPlots: reading {../Results/Toro2_OGFMIF_MUSCL_minbee_N100.out}
PGFPlots: reading {../Results/Toro2_OGFMIF_MUSCL_minbee_N200.out}
PGFPlots: reading {../Results/Toro2_OGFMIF_MUSCL_minbee_N400.out}
PGFPlots: reading {../Results/Toro2_MGFM_MUSCL_minbee_N100.out}
PGFPlots: reading {../Results/Toro2_MGFM_MUSCL_minbee_N200.out}
PGFPlots: reading {../Results/Toro2_MGFM_MUSCL_minbee_N400.out}
===== Image 'MiniProj1_GhostFluid-figure11' is up-to-date. ======
PGFPlots: reading {../Results/Toro3_OGFM_FORCE_N5000.out}
PGFPlots: reading {../Results/Toro3_OGFMIF_MUSCL_minbee_N100.out}
PGFPlots: reading {../Results/Toro3_OGFMIF_MUSCL_minbee_N200.out}
PGFPlots: reading {../Results/Toro3_OGFMIF_MUSCL_minbee_N400.out}
PGFPlots: reading {../Results/Toro3_MGFM_MUSCL_minbee_N100.out}
PGFPlots: reading {../Results/Toro3_MGFM_MUSCL_minbee_N200.out}
PGFPlots: reading {../Results/Toro3_MGFM_MUSCL_minbee_N400.out}
===== Image 'MiniProj1_GhostFluid-figure12' is up-to-date. ======
PGFPlots: reading {../Results/Toro4_OGFM_FORCE_N5000.out}
PGFPlots: reading {../Results/Toro4_OGFMIF_MUSCL_minbee_N100.out}
PGFPlots: reading {../Results/Toro4_OGFMIF_MUSCL_minbee_N200.out}
PGFPlots: reading {../Results/Toro4_OGFMIF_MUSCL_minbee_N400.out}
PGFPlots: reading {../Results/Toro4_MGFM_MUSCL_minbee_N100.out}
PGFPlots: reading {../Results/Toro4_MGFM_MUSCL_minbee_N200.out}
PGFPlots: reading {../Results/Toro4_MGFM_MUSCL_minbee_N400.out}
===== Image 'MiniProj1_GhostFluid-figure13' is up-to-date. ======
PGFPlots: reading {../Results/Toro5_OGFM_FORCE_N5000.out}
PGFPlots: reading {../Results/Toro5_OGFMIF_MUSCL_minbee_N100.out}
PGFPlots: reading {../Results/Toro5_OGFMIF_MUSCL_minbee_N200.out}
PGFPlots: reading {../Results/Toro5_OGFMIF_MUSCL_minbee_N400.out}
PGFPlots: reading {../Results/Toro5_MGFM_MUSCL_minbee_N100.out}
PGFPlots: reading {../Results/Toro5_MGFM_MUSCL_minbee_N200.out}
PGFPlots: reading {../Results/Toro5_MGFM_MUSCL_minbee_N400.out}
===== Image 'MiniProj1_GhostFluid-figure14' is up-to-date. ======
[13] [14 <./MiniProj1_GhostFluid-figure10.pdf>] [15 <./MiniProj1_GhostFluid-fig
ure11.pdf>] [16 <./MiniProj1_GhostFluid-figure12.pdf>] [17 <./MiniProj1_GhostFl
uid-figure13.pdf>] [18 <./MiniProj1_GhostFluid-figure14.pdf>]
(./MiniProj1_GhostFluid.aux) )
(\end occurred inside a group at level 1)

### simple group (level 1) entered at line 1061 ({)
### bottom level 
Here is how much of TeX's memory you used:
 24781 strings out of 494105
 606553 string characters out of 6144722
 2075489 words of memory out of 5000000
 27538 multiletter control sequences out of 15000+600000
 11673 words of font info for 44 fonts, out of 8000000 for 9000
 465 hyphenation exceptions out of 8191
 55i,21n,83p,740b,2802s stack positions out of 5000i,500n,10000p,200000b,80000s
</opt/texlive/2015/texmf-dist/fonts/type1/public/amsfonts/cm/cm
bx10.pfb></opt/texlive/2015/texmf-dist/fonts/type1/public/amsfonts/cm/cmex10.pf
b></opt/texlive/2015/texmf-dist/fonts/type1/public/amsfonts/cm/cmmi10.pfb></opt
/texlive/2015/texmf-dist/fonts/type1/public/amsfonts/cm/cmmi5.pfb></opt/texlive
/2015/texmf-dist/fonts/type1/public/amsfonts/cm/cmmi7.pfb></opt/texlive/2015/te
xmf-dist/fonts/type1/public/amsfonts/cm/cmmi8.pfb></opt/texlive/2015/texmf-dist
/fonts/type1/public/amsfonts/cm/cmr10.pfb></opt/texlive/2015/texmf-dist/fonts/t
ype1/public/amsfonts/cm/cmr12.pfb></opt/texlive/2015/texmf-dist/fonts/type1/pub
lic/amsfonts/cm/cmr5.pfb></opt/texlive/2015/texmf-dist/fonts/type1/public/amsfo
nts/cm/cmr6.pfb></opt/texlive/2015/texmf-dist/fonts/type1/public/amsfonts/cm/cm
r7.pfb></opt/texlive/2015/texmf-dist/fonts/type1/public/amsfonts/cm/cmr8.pfb></
opt/texlive/2015/texmf-dist/fonts/type1/public/amsfonts/cm/cmsy10.pfb></opt/tex
live/2015/texmf-dist/fonts/type1/public/amsfonts/cm/cmsy5.pfb></opt/texlive/201
5/texmf-dist/fonts/type1/public/amsfonts/cm/cmsy7.pfb></opt/texlive/2015/texmf-
dist/fonts/type1/public/amsfonts/cm/cmsy8.pfb></opt/texlive/2015/texmf-dist/fon
ts/type1/public/amsfonts/cm/cmti10.pfb></opt/texlive/2015/texmf-dist/fonts/type
1/public/amsfonts/cm/cmti8.pfb>
Output written on MiniProj1_GhostFluid.pdf (18 pages, 2886369 bytes).
PDF statistics:
 318 PDF objects out of 1000 (max. 8388607)
 262 compressed objects within 3 object streams
 0 named destinations out of 1000 (max. 500000)
 88 words of extra memory for PDF output out of 10000 (max. 10000000)

